Warning[08:54:53]: QObject::connect: Cannot connect LocalServer::log(int,QString) to (null)::slot_addLog(int,QString)
Debug[08:54:53]: LocalServer:new "\\.\pipe\DSI3PAS" 
Debug[08:54:53]: Register specific 
Debug[08:54:54]: DynScaleCaclulate 
Debug[08:54:54]: "init 2 UartUartController" 
Debug[08:54:54]: Ok 
Debug[08:54:54]: "init 3 UartSpiController" 
Debug[08:54:54]: Ok 
Debug[08:54:54]: "init 4 UartSsiController" 
Debug[08:54:54]: Ok 
Debug[08:54:54]: "init 5 DSI3Master" 
Debug[08:54:54]: Ok 
Debug[08:54:54]: "init 6 ASICMaster" 
Debug[08:54:54]: Ok 
Debug[08:54:54]: "init 7 RDUMMaster" 
Debug[08:54:54]: Ok 
Debug[08:54:54]: "init 8 DSI3Slave" 
Debug[08:54:54]: Ok 
Debug[08:54:54]: "init 9 Measurement" 
Debug[08:54:55]: Ok 
Debug[08:54:55]: "init 10 CFARsim" 
Debug[08:54:55]: Ok 
Debug[08:54:55]: MainApp Starting... 
Debug[08:54:56]: Add applets to MainWindow...
 
Debug[08:54:56]: Initialize Connection... 
Warning[08:54:56]: QFileSystemWatcher: failed to add paths: C:/REPO/DSI3PAS2_workingdir/DSI3PAS2/Software/bin/ULSEverification_configfiles, C:/REPO/DSI3PAS2_workingdir/DSI3PAS2/Software/bin/ConfigFiles_29_1_2021_Jiri_MOBIS, C:/Users/fg6cnq/Desktop/DSI3PAS2_UART_QtSW_20210129_1511, C:/Users/zbdn9w/Desktop/Temp/CFAR QT uprava ToF, C:/Users/zbdn9w/Desktop/Temp/CFAR QT Komprimace do CSV, U:/Dokumenty/MOBIS/Crosstalk 11-2021
Debug[08:54:59]: signal in logmode 
Debug[08:54:59]: "INF(08:54:59.611):Connected to no_board" 
Debug[08:54:59]: log_breakpoint 
Debug[08:54:59]: 5 
Warning[08:54:59]: Could not parse stylesheet of widget 0x2fb6e00
Debug[08:54:59]: "Resume:Logs" 
Debug[08:54:59]: "Resume:Settings" 
Debug[08:54:59]: "Resume:UartUartController" 
Debug[08:54:59]: "Resume:UartSpiController" 
Debug[08:54:59]: "Resume:UartSsiController" 
Debug[08:54:59]: "Resume:DSI3Master" 
Debug[08:54:59]: "Resume:ASICMaster" 
Debug[08:54:59]: "Resume:RDUMMaster" 
Debug[08:54:59]: "Resume:DSI3Slave" 
Debug[08:54:59]: "Resume:Measurement" 
Debug[08:54:59]: "Resume:CFARsim" 
Debug[09:32:45]: "Suspend:Settings" 
Debug[09:32:45]: "Suspend:UartUartController" 
Debug[09:32:45]: "Suspend:UartSpiController" 
Debug[09:32:45]: "Suspend:UartSsiController" 
Debug[09:32:45]: "Suspend:DSI3Master" 
Debug[09:32:45]: "Suspend:ASICMaster" 
Debug[09:32:45]: "Suspend:RDUMMaster" 
Debug[09:32:45]: "Suspend:DSI3Slave" 
Debug[09:32:45]: "Suspend:Measurement" 
Debug[09:32:45]: "Suspend:CFARsim" 
Debug[09:32:45]: signal in logmode 
Debug[09:32:45]: "INF(09:32:45.036):Disconnect by user" 
Debug[09:32:45]: log_breakpoint 
Debug[09:32:45]: 5 
Debug[09:32:45]: signal in logmode 
Debug[09:32:45]: "INF(09:32:45.091):Disconnect by user" 
Debug[09:32:45]: log_breakpoint 
Debug[09:32:45]: 5 
Warning[09:32:46]: QObject::connect: Cannot connect LocalServer::log(int,QString) to (null)::slot_addLog(int,QString)
Debug[09:32:46]: LocalServer:new "\\.\pipe\DSI3PAS" 
Debug[09:32:46]: Register specific 
Debug[09:32:47]: DynScaleCaclulate 
Debug[09:32:47]: "init 2 UartUartController" 
Debug[09:32:47]: Ok 
Debug[09:32:47]: "init 3 UartSpiController" 
Debug[09:32:47]: Ok 
Debug[09:32:47]: "init 4 UartSsiController" 
Debug[09:32:47]: Ok 
Debug[09:32:47]: "init 5 DSI3Master" 
Debug[09:32:47]: Ok 
Debug[09:32:47]: "init 6 ASICMaster" 
Debug[09:32:47]: Ok 
Debug[09:32:47]: "init 7 RDUMMaster" 
Debug[09:32:47]: Ok 
Debug[09:32:47]: "init 8 DSI3Slave" 
Debug[09:32:48]: Ok 
Debug[09:32:48]: "init 9 Measurement" 
Debug[09:32:48]: Ok 
Debug[09:32:48]: "init 10 CFARsim" 
Debug[09:32:48]: Ok 
Debug[09:32:48]: MainApp Starting... 
Debug[09:32:49]: Add applets to MainWindow...
 
Debug[09:32:49]: Initialize Connection... 
Warning[09:32:49]: QFileSystemWatcher: failed to add paths: C:/REPO/DSI3PAS2_workingdir/DSI3PAS2/Software/bin/ULSEverification_configfiles, C:/REPO/DSI3PAS2_workingdir/DSI3PAS2/Software/bin/ConfigFiles_29_1_2021_Jiri_MOBIS, C:/Users/fg6cnq/Desktop/DSI3PAS2_UART_QtSW_20210129_1511, C:/Users/zbdn9w/Desktop/Temp/CFAR QT uprava ToF, C:/Users/zbdn9w/Desktop/Temp/CFAR QT Komprimace do CSV, U:/Dokumenty/MOBIS/Crosstalk 11-2021
Debug[09:33:00]: Initialize Connection... 
Debug[09:33:00]: Initialize Connection... 
Debug[09:33:01]: Initialize Connection... 
Debug[09:33:20]: Initialize Connection... 
Debug[09:33:21]: Initialize Connection... 
Debug[09:33:21]: Initialize Connection... 
Debug[09:33:22]: signal in logmode 
Debug[09:33:22]: "INF(09:33:22.976):Disconnect by user" 
Debug[09:33:22]: log_breakpoint 
Debug[09:33:22]: 5 
Debug[09:33:22]: signal in logmode 
Debug[09:33:22]: "INF(09:33:22.995):Disconnect by user" 
Debug[09:33:22]: log_breakpoint 
Debug[09:33:22]: 5 
Warning[09:34:47]: QObject::connect: Cannot connect LocalServer::log(int,QString) to (null)::slot_addLog(int,QString)
Debug[09:34:47]: LocalServer:new "\\.\pipe\DSI3PAS" 
Debug[09:34:47]: Register specific 
Debug[09:34:47]: DynScaleCaclulate 
Debug[09:34:47]: "init 2 UartUartController" 
Debug[09:34:47]: Ok 
Debug[09:34:47]: "init 3 UartSpiController" 
Debug[09:34:47]: Ok 
Debug[09:34:47]: "init 4 UartSsiController" 
Debug[09:34:47]: Ok 
Debug[09:34:47]: "init 5 DSI3Master" 
Debug[09:34:47]: Ok 
Debug[09:34:47]: "init 6 ASICMaster" 
Debug[09:34:47]: Ok 
Debug[09:34:47]: "init 7 RDUMMaster" 
Debug[09:34:47]: Ok 
Debug[09:34:47]: "init 8 DSI3Slave" 
Debug[09:34:48]: Ok 
Debug[09:34:48]: "init 9 Measurement" 
Debug[09:34:49]: Ok 
Debug[09:34:49]: "init 10 CFARsim" 
Debug[09:34:49]: Ok 
Debug[09:34:49]: MainApp Starting... 
Debug[09:34:49]: Add applets to MainWindow...
 
Debug[09:34:49]: Initialize Connection... 
Debug[09:34:50]: signal in logmode 
Debug[09:34:50]: "INF(09:34:50.084):Mode is OK" 
Debug[09:34:50]: log_breakpoint 
Debug[09:34:50]: 5 
Debug[09:34:50]: signal in logmode 
Debug[09:34:50]: "INF(09:34:50.086):Attempt" 
Debug[09:34:50]: log_breakpoint 
Debug[09:34:50]: 5 
Debug[09:34:50]: signal in logmode 
Debug[09:34:50]: "INF(09:34:50.403):Attempt" 
Debug[09:34:50]: log_breakpoint 
Debug[09:34:50]: 5 
Debug[09:34:50]: signal in logmode 
Debug[09:34:50]: "INF(09:34:50.711):Attempt" 
Debug[09:34:50]: log_breakpoint 
Debug[09:34:50]: 5 
Debug[09:34:51]: signal in logmode 
Debug[09:34:51]: "INF(09:34:51.023):Mode is OK" 
Debug[09:34:51]: log_breakpoint 
Debug[09:34:51]: 5 
Debug[09:34:51]: signal in logmode 
Debug[09:34:51]: "INF(09:34:51.027):Attempt" 
Debug[09:34:51]: log_breakpoint 
Debug[09:34:51]: 5 
Debug[09:34:51]: signal in logmode 
Debug[09:34:51]: "INF(09:34:51.335):Attempt" 
Debug[09:34:51]: log_breakpoint 
Debug[09:34:51]: 5 
Debug[09:34:51]: signal in logmode 
Debug[09:34:51]: "INF(09:34:51.645):Attempt" 
Debug[09:34:51]: log_breakpoint 
Debug[09:34:51]: 5 
Debug[09:34:51]: signal in logmode 
Debug[09:34:51]: "INF(09:34:51.957):Mode is OK" 
Debug[09:34:51]: log_breakpoint 
Debug[09:34:51]: 5 
Debug[09:34:51]: signal in logmode 
Debug[09:34:51]: "INF(09:34:51.959):Attempt" 
Debug[09:34:51]: log_breakpoint 
Debug[09:34:51]: 5 
Debug[09:34:52]: signal in logmode 
Debug[09:34:52]: "INF(09:34:52.104):Mode is OK" 
Debug[09:34:52]: log_breakpoint 
Debug[09:34:52]: 5 
Debug[09:34:52]: signal in logmode 
Debug[09:34:52]: "INF(09:34:52.106):Attempt" 
Debug[09:34:52]: log_breakpoint 
Debug[09:34:52]: 5 
Debug[09:34:52]: signal in logmode 
Debug[09:34:52]: "INF(09:34:52.425):Attempt" 
Debug[09:34:52]: log_breakpoint 
Debug[09:34:52]: 5 
Debug[09:34:52]: signal in logmode 
Debug[09:34:52]: "INF(09:34:52.737):Attempt" 
Debug[09:34:52]: log_breakpoint 
Debug[09:34:52]: 5 
Debug[09:34:53]: signal in logmode 
Debug[09:34:53]: "INF(09:34:53.049):Mode is OK" 
Debug[09:34:53]: log_breakpoint 
Debug[09:34:53]: 5 
Debug[09:34:53]: signal in logmode 
Debug[09:34:53]: "INF(09:34:53.054):Attempt" 
Debug[09:34:53]: log_breakpoint 
Debug[09:34:53]: 5 
Debug[09:34:53]: signal in logmode 
Debug[09:34:53]: "INF(09:34:53.361):Attempt" 
Debug[09:34:53]: log_breakpoint 
Debug[09:34:53]: 5 
Debug[09:34:53]: signal in logmode 
Debug[09:34:53]: "INF(09:34:53.674):Attempt" 
Debug[09:34:53]: log_breakpoint 
Debug[09:34:53]: 5 
Debug[09:34:53]: signal in logmode 
Debug[09:34:53]: "INF(09:34:53.989):Mode is OK" 
Debug[09:34:53]: log_breakpoint 
Debug[09:34:53]: 5 
Debug[09:34:53]: signal in logmode 
Debug[09:34:53]: "INF(09:34:53.993):Attempt" 
Debug[09:34:53]: log_breakpoint 
Debug[09:34:53]: 5 
Debug[09:34:54]: signal in logmode 
Debug[09:34:54]: "INF(09:34:54.302):Attempt" 
Debug[09:34:54]: log_breakpoint 
Debug[09:34:54]: 5 
Debug[09:34:54]: signal in logmode 
Debug[09:34:54]: "INF(09:34:54.613):Attempt" 
Debug[09:34:54]: log_breakpoint 
Debug[09:34:54]: 5 
Warning[09:34:55]: QFileSystemWatcher: failed to add paths: C:/REPO/DSI3PAS2_workingdir/DSI3PAS2/Software/bin/ULSEverification_configfiles, C:/REPO/DSI3PAS2_workingdir/DSI3PAS2/Software/bin/ConfigFiles_29_1_2021_Jiri_MOBIS, C:/Users/fg6cnq/Desktop/DSI3PAS2_UART_QtSW_20210129_1511, C:/Users/zbdn9w/Desktop/Temp/CFAR QT uprava ToF, C:/Users/zbdn9w/Desktop/Temp/CFAR QT Komprimace do CSV, U:/Dokumenty/MOBIS/Crosstalk 11-2021
Debug[09:34:58]: signal in logmode 
Debug[09:34:58]: "INF(09:34:58.677):Mode is OK" 
Debug[09:34:58]: log_breakpoint 
Debug[09:34:58]: 5 
Debug[09:34:58]: signal in logmode 
Debug[09:34:58]: "INF(09:34:58.680):Attempt" 
Debug[09:34:58]: log_breakpoint 
Debug[09:34:58]: 5 
Debug[09:34:58]: signal in logmode 
Debug[09:34:58]: "INF(09:34:58.990):Attempt" 
Debug[09:34:58]: log_breakpoint 
Debug[09:34:58]: 5 
Debug[09:34:59]: signal in logmode 
Debug[09:34:59]: "INF(09:34:59.301):Attempt" 
Debug[09:34:59]: log_breakpoint 
Debug[09:34:59]: 5 
Debug[09:34:59]: signal in logmode 
Debug[09:34:59]: "INF(09:34:59.613):Mode is OK" 
Debug[09:34:59]: log_breakpoint 
Debug[09:34:59]: 5 
Debug[09:34:59]: signal in logmode 
Debug[09:34:59]: "INF(09:34:59.616):Attempt" 
Debug[09:34:59]: log_breakpoint 
Debug[09:34:59]: 5 
Debug[09:34:59]: signal in logmode 
Debug[09:34:59]: "INF(09:34:59.924):Attempt" 
Debug[09:34:59]: log_breakpoint 
Debug[09:34:59]: 5 
Debug[09:35:00]: signal in logmode 
Debug[09:35:00]: "INF(09:35:00.236):Attempt" 
Debug[09:35:00]: log_breakpoint 
Debug[09:35:00]: 5 
Debug[09:35:00]: signal in logmode 
Debug[09:35:00]: "INF(09:35:00.551):Mode is OK" 
Debug[09:35:00]: log_breakpoint 
Debug[09:35:00]: 5 
Debug[09:35:00]: signal in logmode 
Debug[09:35:00]: "INF(09:35:00.555):Attempt" 
Debug[09:35:00]: log_breakpoint 
Debug[09:35:00]: 5 
Debug[09:35:00]: signal in logmode 
Debug[09:35:00]: "INF(09:35:00.563):RDUM master connected" 
Debug[09:35:00]: log_breakpoint 
Debug[09:35:00]: 5 
Debug[09:35:00]: signal in logmode 
Debug[09:35:00]: "INF(09:35:00.566):Connected to \\.\COM28" 
Debug[09:35:00]: log_breakpoint 
Debug[09:35:00]: 5 
Warning[09:35:00]: Could not parse stylesheet of widget 0x3396de8
Debug[09:35:00]: "Resume:Logs" 
Debug[09:35:00]: "Resume:Settings" 
Debug[09:35:00]: "Resume:UartUartController" 
Debug[09:35:00]: "Resume:UartSpiController" 
Debug[09:35:00]: "Resume:UartSsiController" 
Debug[09:35:00]: "Resume:DSI3Master" 
Debug[09:35:00]: "Resume:ASICMaster" 
Debug[09:35:00]: "Resume:RDUMMaster" 
Debug[09:35:00]: "Resume:DSI3Slave" 
Debug[09:35:00]: "Resume:Measurement" 
Debug[09:35:00]: "Resume:CFARsim" 
Debug[09:35:16]: "Suspend:Settings" 
Debug[09:35:16]: "Suspend:UartUartController" 
Debug[09:35:16]: "Suspend:UartSpiController" 
Debug[09:35:16]: "Suspend:UartSsiController" 
Debug[09:35:16]: "Suspend:DSI3Master" 
Debug[09:35:16]: "Suspend:ASICMaster" 
Debug[09:35:16]: "Suspend:RDUMMaster" 
Debug[09:35:16]: "Suspend:DSI3Slave" 
Debug[09:35:16]: "Suspend:Measurement" 
Debug[09:35:16]: "Suspend:CFARsim" 
Debug[09:35:16]: signal in logmode 
Debug[09:35:16]: "INF(09:35:16.082):Disconnect by user" 
Debug[09:35:16]: log_breakpoint 
Debug[09:35:16]: 5 
Debug[09:35:16]: signal in logmode 
Debug[09:35:16]: "INF(09:35:16.232):Disconnect by user" 
Debug[09:35:16]: log_breakpoint 
Debug[09:35:16]: 5 
Warning[09:35:39]: QObject::connect: Cannot connect LocalServer::log(int,QString) to (null)::slot_addLog(int,QString)
Debug[09:35:39]: LocalServer:new "\\.\pipe\DSI3PAS" 
Debug[09:35:39]: Register specific 
Debug[09:35:39]: DynScaleCaclulate 
Debug[09:35:39]: "init 2 UartUartController" 
Debug[09:35:39]: Ok 
Debug[09:35:39]: "init 3 UartSpiController" 
Debug[09:35:39]: Ok 
Debug[09:35:39]: "init 4 UartSsiController" 
Debug[09:35:39]: Ok 
Debug[09:35:39]: "init 5 DSI3Master" 
Debug[09:35:39]: Ok 
Debug[09:35:39]: "init 6 ASICMaster" 
Debug[09:35:39]: Ok 
Debug[09:35:39]: "init 7 RDUMMaster" 
Debug[09:35:40]: Ok 
Debug[09:35:40]: "init 8 DSI3Slave" 
Debug[09:35:40]: Ok 
Debug[09:35:40]: "init 9 Measurement" 
Debug[09:35:41]: Ok 
Debug[09:35:41]: "init 10 CFARsim" 
Debug[09:35:41]: Ok 
Debug[09:35:41]: MainApp Starting... 
Debug[09:35:41]: Add applets to MainWindow...
 
Debug[09:35:41]: Initialize Connection... 
Debug[09:35:42]: signal in logmode 
Debug[09:35:42]: "INF(09:35:42.129):Mode is OK" 
Debug[09:35:42]: log_breakpoint 
Debug[09:35:42]: 5 
Debug[09:35:42]: signal in logmode 
Debug[09:35:42]: "INF(09:35:42.131):Attempt" 
Debug[09:35:42]: log_breakpoint 
Debug[09:35:42]: 5 
Debug[09:35:42]: signal in logmode 
Debug[09:35:42]: "INF(09:35:42.441):Attempt" 
Debug[09:35:42]: log_breakpoint 
Debug[09:35:42]: 5 
Debug[09:35:42]: signal in logmode 
Debug[09:35:42]: "INF(09:35:42.753):Attempt" 
Debug[09:35:42]: log_breakpoint 
Debug[09:35:42]: 5 
Debug[09:35:43]: signal in logmode 
Debug[09:35:43]: "INF(09:35:43.065):Mode is OK" 
Debug[09:35:43]: log_breakpoint 
Debug[09:35:43]: 5 
Debug[09:35:43]: signal in logmode 
Debug[09:35:43]: "INF(09:35:43.067):Attempt" 
Debug[09:35:43]: log_breakpoint 
Debug[09:35:43]: 5 
Debug[09:35:43]: signal in logmode 
Debug[09:35:43]: "INF(09:35:43.380):Attempt" 
Debug[09:35:43]: log_breakpoint 
Debug[09:35:43]: 5 
Debug[09:35:43]: signal in logmode 
Debug[09:35:43]: "INF(09:35:43.691):Attempt" 
Debug[09:35:43]: log_breakpoint 
Debug[09:35:43]: 5 
Debug[09:35:44]: signal in logmode 
Debug[09:35:44]: "INF(09:35:44.002):Mode is OK" 
Debug[09:35:44]: log_breakpoint 
Debug[09:35:44]: 5 
Debug[09:35:44]: signal in logmode 
Debug[09:35:44]: "INF(09:35:44.004):Attempt" 
Debug[09:35:44]: log_breakpoint 
Debug[09:35:44]: 5 
Debug[09:35:44]: signal in logmode 
Debug[09:35:44]: "INF(09:35:44.163):Mode is OK" 
Debug[09:35:44]: log_breakpoint 
Debug[09:35:44]: 5 
Debug[09:35:44]: signal in logmode 
Debug[09:35:44]: "INF(09:35:44.166):Attempt" 
Debug[09:35:44]: log_breakpoint 
Debug[09:35:44]: 5 
Debug[09:35:44]: signal in logmode 
Debug[09:35:44]: "INF(09:35:44.471):Attempt" 
Debug[09:35:44]: log_breakpoint 
Debug[09:35:44]: 5 
Debug[09:35:44]: signal in logmode 
Debug[09:35:44]: "INF(09:35:44.782):Attempt" 
Debug[09:35:44]: log_breakpoint 
Debug[09:35:44]: 5 
Debug[09:35:45]: signal in logmode 
Debug[09:35:45]: "INF(09:35:45.095):Mode is OK" 
Debug[09:35:45]: log_breakpoint 
Debug[09:35:45]: 5 
Debug[09:35:45]: signal in logmode 
Debug[09:35:45]: "INF(09:35:45.099):Attempt" 
Debug[09:35:45]: log_breakpoint 
Debug[09:35:45]: 5 
Debug[09:35:45]: signal in logmode 
Debug[09:35:45]: "INF(09:35:45.406):Attempt" 
Debug[09:35:45]: log_breakpoint 
Debug[09:35:45]: 5 
Debug[09:35:45]: signal in logmode 
Debug[09:35:45]: "INF(09:35:45.718):Attempt" 
Debug[09:35:45]: log_breakpoint 
Debug[09:35:45]: 5 
Debug[09:35:46]: signal in logmode 
Debug[09:35:46]: "INF(09:35:46.031):Mode is OK" 
Debug[09:35:46]: log_breakpoint 
Debug[09:35:46]: 5 
Debug[09:35:46]: signal in logmode 
Debug[09:35:46]: "INF(09:35:46.035):Attempt" 
Debug[09:35:46]: log_breakpoint 
Debug[09:35:46]: 5 
Debug[09:35:46]: signal in logmode 
Debug[09:35:46]: "INF(09:35:46.344):Attempt" 
Debug[09:35:46]: log_breakpoint 
Debug[09:35:46]: 5 
Debug[09:35:46]: signal in logmode 
Debug[09:35:46]: "INF(09:35:46.655):Attempt" 
Debug[09:35:46]: log_breakpoint 
Debug[09:35:46]: 5 
Warning[09:35:47]: QFileSystemWatcher: failed to add paths: C:/REPO/DSI3PAS2_workingdir/DSI3PAS2/Software/bin/ULSEverification_configfiles, C:/REPO/DSI3PAS2_workingdir/DSI3PAS2/Software/bin/ConfigFiles_29_1_2021_Jiri_MOBIS, C:/Users/fg6cnq/Desktop/DSI3PAS2_UART_QtSW_20210129_1511, C:/Users/zbdn9w/Desktop/Temp/CFAR QT uprava ToF, C:/Users/zbdn9w/Desktop/Temp/CFAR QT Komprimace do CSV, U:/Dokumenty/MOBIS/Crosstalk 11-2021
Debug[09:35:50]: signal in logmode 
Debug[09:35:50]: "INF(09:35:50.134):Mode is OK" 
Debug[09:35:50]: log_breakpoint 
Debug[09:35:50]: 5 
Debug[09:35:50]: signal in logmode 
Debug[09:35:50]: "INF(09:35:50.137):Attempt" 
Debug[09:35:50]: log_breakpoint 
Debug[09:35:50]: 5 
Debug[09:35:50]: signal in logmode 
Debug[09:35:50]: "INF(09:35:50.444):Attempt" 
Debug[09:35:50]: log_breakpoint 
Debug[09:35:50]: 5 
Debug[09:35:50]: signal in logmode 
Debug[09:35:50]: "INF(09:35:50.756):Attempt" 
Debug[09:35:50]: log_breakpoint 
Debug[09:35:50]: 5 
Debug[09:35:51]: signal in logmode 
Debug[09:35:51]: "INF(09:35:51.070):Mode is OK" 
Debug[09:35:51]: log_breakpoint 
Debug[09:35:51]: 5 
Debug[09:35:51]: signal in logmode 
Debug[09:35:51]: "INF(09:35:51.074):Attempt" 
Debug[09:35:51]: log_breakpoint 
Debug[09:35:51]: 5 
Debug[09:35:51]: signal in logmode 
Debug[09:35:51]: "INF(09:35:51.381):Attempt" 
Debug[09:35:51]: log_breakpoint 
Debug[09:35:51]: 5 
Debug[09:35:51]: signal in logmode 
Debug[09:35:51]: "INF(09:35:51.693):Attempt" 
Debug[09:35:51]: log_breakpoint 
Debug[09:35:51]: 5 
Debug[09:35:52]: signal in logmode 
Debug[09:35:52]: "INF(09:35:52.007):Mode is OK" 
Debug[09:35:52]: log_breakpoint 
Debug[09:35:52]: 5 
Debug[09:35:52]: signal in logmode 
Debug[09:35:52]: "INF(09:35:52.011):Attempt" 
Debug[09:35:52]: log_breakpoint 
Debug[09:35:52]: 5 
Debug[09:35:52]: signal in logmode 
Debug[09:35:52]: "INF(09:35:52.018):RDUM master connected" 
Debug[09:35:52]: log_breakpoint 
Debug[09:35:52]: 5 
Debug[09:35:52]: signal in logmode 
Debug[09:35:52]: "INF(09:35:52.019):Connected to \\.\COM28" 
Debug[09:35:52]: log_breakpoint 
Debug[09:35:52]: 5 
Warning[09:35:52]: Could not parse stylesheet of widget 0x3397748
Debug[09:35:52]: "Resume:Logs" 
Debug[09:35:52]: "Resume:Settings" 
Debug[09:35:52]: "Resume:UartUartController" 
Debug[09:35:52]: "Resume:UartSpiController" 
Debug[09:35:52]: "Resume:UartSsiController" 
Debug[09:35:52]: "Resume:DSI3Master" 
Debug[09:35:52]: "Resume:ASICMaster" 
Debug[09:35:52]: "Resume:RDUMMaster" 
Debug[09:35:52]: "Resume:DSI3Slave" 
Debug[09:35:52]: "Resume:Measurement" 
Debug[09:35:52]: "Resume:CFARsim" 
Debug[09:36:23]: "Suspend:Settings" 
Debug[09:36:23]: "Suspend:UartUartController" 
Debug[09:36:23]: "Suspend:UartSpiController" 
Debug[09:36:23]: "Suspend:UartSsiController" 
Debug[09:36:23]: "Suspend:DSI3Master" 
Debug[09:36:23]: "Suspend:ASICMaster" 
Debug[09:36:23]: "Suspend:RDUMMaster" 
Debug[09:36:23]: "Suspend:DSI3Slave" 
Debug[09:36:23]: "Suspend:Measurement" 
Debug[09:36:23]: "Suspend:CFARsim" 
Debug[09:36:23]: signal in logmode 
Debug[09:36:23]: "INF(09:36:23.873):Disconnect by user" 
Debug[09:36:23]: log_breakpoint 
Debug[09:36:23]: 5 
Debug[09:36:24]: signal in logmode 
Debug[09:36:24]: "INF(09:36:24.013):Disconnect by user" 
Debug[09:36:24]: log_breakpoint 
Debug[09:36:24]: 5 
Warning[09:36:56]: QObject::connect: Cannot connect LocalServer::log(int,QString) to (null)::slot_addLog(int,QString)
Debug[09:36:56]: LocalServer:new "\\.\pipe\DSI3PAS" 
Debug[09:36:56]: Register specific 
Debug[09:36:57]: DynScaleCaclulate 
Debug[09:36:57]: "init 2 UartUartController" 
Debug[09:36:57]: Ok 
Debug[09:36:57]: "init 3 UartSpiController" 
Debug[09:36:57]: Ok 
Debug[09:36:57]: "init 4 UartSsiController" 
Debug[09:36:57]: Ok 
Debug[09:36:57]: "init 5 DSI3Master" 
Debug[09:36:57]: Ok 
Debug[09:36:57]: "init 6 ASICMaster" 
Debug[09:36:57]: Ok 
Debug[09:36:57]: "init 7 RDUMMaster" 
Debug[09:36:57]: Ok 
Debug[09:36:57]: "init 8 DSI3Slave" 
Debug[09:36:57]: Ok 
Debug[09:36:57]: "init 9 Measurement" 
Debug[09:36:58]: Ok 
Debug[09:36:58]: "init 10 CFARsim" 
Debug[09:36:58]: Ok 
Debug[09:36:58]: MainApp Starting... 
Debug[09:36:59]: Add applets to MainWindow...
 
Debug[09:36:59]: Initialize Connection... 
Debug[09:36:59]: signal in logmode 
Debug[09:36:59]: "INF(09:36:59.415):Mode is OK" 
Debug[09:36:59]: log_breakpoint 
Debug[09:36:59]: 5 
Debug[09:36:59]: signal in logmode 
Debug[09:36:59]: "INF(09:36:59.419):Attempt" 
Debug[09:36:59]: log_breakpoint 
Debug[09:36:59]: 5 
Debug[09:36:59]: signal in logmode 
Debug[09:36:59]: "INF(09:36:59.737):Attempt" 
Debug[09:36:59]: log_breakpoint 
Debug[09:36:59]: 5 
Debug[09:37:00]: signal in logmode 
Debug[09:37:00]: "INF(09:37:00.049):Attempt" 
Debug[09:37:00]: log_breakpoint 
Debug[09:37:00]: 5 
Debug[09:37:00]: signal in logmode 
Debug[09:37:00]: "INF(09:37:00.361):Mode is OK" 
Debug[09:37:00]: log_breakpoint 
Debug[09:37:00]: 5 
Debug[09:37:00]: signal in logmode 
Debug[09:37:00]: "INF(09:37:00.363):Attempt" 
Debug[09:37:00]: log_breakpoint 
Debug[09:37:00]: 5 
Debug[09:37:00]: signal in logmode 
Debug[09:37:00]: "INF(09:37:00.671):Attempt" 
Debug[09:37:00]: log_breakpoint 
Debug[09:37:00]: 5 
Debug[09:37:00]: signal in logmode 
Debug[09:37:00]: "INF(09:37:00.983):Attempt" 
Debug[09:37:00]: log_breakpoint 
Debug[09:37:00]: 5 
Debug[09:37:01]: signal in logmode 
Debug[09:37:01]: "INF(09:37:01.293):Mode is OK" 
Debug[09:37:01]: log_breakpoint 
Debug[09:37:01]: 5 
Debug[09:37:01]: signal in logmode 
Debug[09:37:01]: "INF(09:37:01.297):Attempt" 
Debug[09:37:01]: log_breakpoint 
Debug[09:37:01]: 5 
Debug[09:37:01]: signal in logmode 
Debug[09:37:01]: "INF(09:37:01.454):Mode is OK" 
Debug[09:37:01]: log_breakpoint 
Debug[09:37:01]: 5 
Debug[09:37:01]: signal in logmode 
Debug[09:37:01]: "INF(09:37:01.457):Attempt" 
Debug[09:37:01]: log_breakpoint 
Debug[09:37:01]: 5 
Debug[09:37:01]: signal in logmode 
Debug[09:37:01]: "INF(09:37:01.778):Attempt" 
Debug[09:37:01]: log_breakpoint 
Debug[09:37:01]: 5 
Debug[09:37:02]: signal in logmode 
Debug[09:37:02]: "INF(09:37:02.086):Attempt" 
Debug[09:37:02]: log_breakpoint 
Debug[09:37:02]: 5 
Debug[09:37:02]: signal in logmode 
Debug[09:37:02]: "INF(09:37:02.401):Mode is OK" 
Debug[09:37:02]: log_breakpoint 
Debug[09:37:02]: 5 
Debug[09:37:02]: signal in logmode 
Debug[09:37:02]: "INF(09:37:02.404):Attempt" 
Debug[09:37:02]: log_breakpoint 
Debug[09:37:02]: 5 
Debug[09:37:02]: signal in logmode 
Debug[09:37:02]: "INF(09:37:02.713):Attempt" 
Debug[09:37:02]: log_breakpoint 
Debug[09:37:02]: 5 
Debug[09:37:03]: signal in logmode 
Debug[09:37:03]: "INF(09:37:03.026):Attempt" 
Debug[09:37:03]: log_breakpoint 
Debug[09:37:03]: 5 
Debug[09:37:03]: signal in logmode 
Debug[09:37:03]: "INF(09:37:03.335):Mode is OK" 
Debug[09:37:03]: log_breakpoint 
Debug[09:37:03]: 5 
Debug[09:37:03]: signal in logmode 
Debug[09:37:03]: "INF(09:37:03.337):Attempt" 
Debug[09:37:03]: log_breakpoint 
Debug[09:37:03]: 5 
Debug[09:37:03]: signal in logmode 
Debug[09:37:03]: "INF(09:37:03.646):Attempt" 
Debug[09:37:03]: log_breakpoint 
Debug[09:37:03]: 5 
Debug[09:37:03]: signal in logmode 
Debug[09:37:03]: "INF(09:37:03.957):Attempt" 
Debug[09:37:03]: log_breakpoint 
Debug[09:37:03]: 5 
Warning[09:37:04]: QFileSystemWatcher: failed to add paths: C:/REPO/DSI3PAS2_workingdir/DSI3PAS2/Software/bin/ULSEverification_configfiles, C:/REPO/DSI3PAS2_workingdir/DSI3PAS2/Software/bin/ConfigFiles_29_1_2021_Jiri_MOBIS, C:/Users/fg6cnq/Desktop/DSI3PAS2_UART_QtSW_20210129_1511, C:/Users/zbdn9w/Desktop/Temp/CFAR QT uprava ToF, C:/Users/zbdn9w/Desktop/Temp/CFAR QT Komprimace do CSV, U:/Dokumenty/MOBIS/Crosstalk 11-2021
Debug[09:37:07]: signal in logmode 
Debug[09:37:07]: "INF(09:37:07.490):Mode is OK" 
Debug[09:37:07]: log_breakpoint 
Debug[09:37:07]: 5 
Debug[09:37:07]: signal in logmode 
Debug[09:37:07]: "INF(09:37:07.493):Attempt" 
Debug[09:37:07]: log_breakpoint 
Debug[09:37:07]: 5 
Debug[09:37:07]: signal in logmode 
Debug[09:37:07]: "INF(09:37:07.802):Attempt" 
Debug[09:37:07]: log_breakpoint 
Debug[09:37:07]: 5 
Debug[09:37:08]: signal in logmode 
Debug[09:37:08]: "INF(09:37:08.111):Attempt" 
Debug[09:37:08]: log_breakpoint 
Debug[09:37:08]: 5 
Debug[09:37:08]: signal in logmode 
Debug[09:37:08]: "INF(09:37:08.425):Mode is OK" 
Debug[09:37:08]: log_breakpoint 
Debug[09:37:08]: 5 
Debug[09:37:08]: signal in logmode 
Debug[09:37:08]: "INF(09:37:08.426):Attempt" 
Debug[09:37:08]: log_breakpoint 
Debug[09:37:08]: 5 
Debug[09:37:08]: signal in logmode 
Debug[09:37:08]: "INF(09:37:08.738):Attempt" 
Debug[09:37:08]: log_breakpoint 
Debug[09:37:08]: 5 
Debug[09:37:09]: signal in logmode 
Debug[09:37:09]: "INF(09:37:09.048):Attempt" 
Debug[09:37:09]: log_breakpoint 
Debug[09:37:09]: 5 
Debug[09:37:09]: signal in logmode 
Debug[09:37:09]: "INF(09:37:09.361):Mode is OK" 
Debug[09:37:09]: log_breakpoint 
Debug[09:37:09]: 5 
Debug[09:37:09]: signal in logmode 
Debug[09:37:09]: "INF(09:37:09.365):Attempt" 
Debug[09:37:09]: log_breakpoint 
Debug[09:37:09]: 5 
Debug[09:37:09]: signal in logmode 
Debug[09:37:09]: "INF(09:37:09.376):RDUM master connected" 
Debug[09:37:09]: log_breakpoint 
Debug[09:37:09]: 5 
Debug[09:37:09]: signal in logmode 
Debug[09:37:09]: "INF(09:37:09.378):Connected to \\.\COM28" 
Debug[09:37:09]: log_breakpoint 
Debug[09:37:09]: 5 
Warning[09:37:09]: Could not parse stylesheet of widget 0x3006ae8
Debug[09:37:09]: "Resume:Logs" 
Debug[09:37:09]: "Resume:Settings" 
Debug[09:37:09]: "Resume:UartUartController" 
Debug[09:37:09]: "Resume:UartSpiController" 
Debug[09:37:09]: "Resume:UartSsiController" 
Debug[09:37:09]: "Resume:DSI3Master" 
Debug[09:37:09]: "Resume:ASICMaster" 
Debug[09:37:09]: "Resume:RDUMMaster" 
Debug[09:37:09]: "Resume:DSI3Slave" 
Debug[09:37:09]: "Resume:Measurement" 
Debug[09:37:09]: "Resume:CFARsim" 
Debug[09:38:26]: "Suspend:Settings" 
Debug[09:38:26]: "Suspend:UartUartController" 
Debug[09:38:26]: "Suspend:UartSpiController" 
Debug[09:38:26]: "Suspend:UartSsiController" 
Debug[09:38:26]: "Suspend:DSI3Master" 
Debug[09:38:26]: "Suspend:ASICMaster" 
Debug[09:38:26]: "Suspend:RDUMMaster" 
Debug[09:38:26]: "Suspend:DSI3Slave" 
Debug[09:38:26]: "Suspend:Measurement" 
Debug[09:38:26]: "Suspend:CFARsim" 
Debug[09:38:26]: signal in logmode 
Debug[09:38:26]: "INF(09:38:26.754):Disconnect by user" 
Debug[09:38:26]: log_breakpoint 
Debug[09:38:26]: 5 
Debug[09:38:26]: signal in logmode 
Debug[09:38:26]: "INF(09:38:26.893):Disconnect by user" 
Debug[09:38:26]: log_breakpoint 
Debug[09:38:26]: 5 
Warning[14:19:46]: QObject::connect: Cannot connect LocalServer::log(int,QString) to (null)::slot_addLog(int,QString)
Debug[14:19:46]: LocalServer:new "\\.\pipe\DSI3PAS" 
Debug[14:19:46]: Register specific 
Debug[14:19:46]: DynScaleCaclulate 
Debug[14:19:46]: "init 2 UartUartController" 
Debug[14:19:46]: Ok 
Debug[14:19:46]: "init 3 UartSpiController" 
Debug[14:19:46]: Ok 
Debug[14:19:46]: "init 4 UartSsiController" 
Debug[14:19:46]: Ok 
Debug[14:19:46]: "init 5 DSI3Master" 
Debug[14:19:46]: Ok 
Debug[14:19:46]: "init 6 ASICMaster" 
Debug[14:19:46]: Ok 
Debug[14:19:46]: "init 7 RDUMMaster" 
Debug[14:19:46]: Ok 
Debug[14:19:46]: "init 8 DSI3Slave" 
Debug[14:19:47]: Ok 
Debug[14:19:47]: "init 9 Measurement" 
Debug[14:19:48]: Ok 
Debug[14:19:48]: "init 10 CFARsim" 
Debug[14:19:48]: Ok 
Debug[14:19:48]: MainApp Starting... 
Debug[14:19:48]: Add applets to MainWindow...
 
Debug[14:19:48]: Initialize Connection... 
Debug[14:19:49]: signal in logmode 
Debug[14:19:49]: "INF(14:19:49.044):Mode is OK" 
Debug[14:19:49]: log_breakpoint 
Debug[14:19:49]: 5 
Debug[14:19:49]: signal in logmode 
Debug[14:19:49]: "INF(14:19:49.046):Attempt" 
Debug[14:19:49]: log_breakpoint 
Debug[14:19:49]: 5 
Debug[14:19:49]: signal in logmode 
Debug[14:19:49]: "INF(14:19:49.355):Attempt" 
Debug[14:19:49]: log_breakpoint 
Debug[14:19:49]: 5 
Debug[14:19:49]: signal in logmode 
Debug[14:19:49]: "INF(14:19:49.666):Attempt" 
Debug[14:19:49]: log_breakpoint 
Debug[14:19:49]: 5 
Debug[14:19:49]: signal in logmode 
Debug[14:19:49]: "INF(14:19:49.979):Mode is OK" 
Debug[14:19:49]: log_breakpoint 
Debug[14:19:49]: 5 
Debug[14:19:49]: signal in logmode 
Debug[14:19:49]: "INF(14:19:49.983):Attempt" 
Debug[14:19:49]: log_breakpoint 
Debug[14:19:49]: 5 
Debug[14:19:50]: signal in logmode 
Debug[14:19:50]: "INF(14:19:50.290):Attempt" 
Debug[14:19:50]: log_breakpoint 
Debug[14:19:50]: 5 
Debug[14:19:50]: signal in logmode 
Debug[14:19:50]: "INF(14:19:50.601):Attempt" 
Debug[14:19:50]: log_breakpoint 
Debug[14:19:50]: 5 
Debug[14:19:50]: signal in logmode 
Debug[14:19:50]: "INF(14:19:50.912):Mode is OK" 
Debug[14:19:50]: log_breakpoint 
Debug[14:19:50]: 5 
Debug[14:19:50]: signal in logmode 
Debug[14:19:50]: "INF(14:19:50.914):Attempt" 
Debug[14:19:50]: log_breakpoint 
Debug[14:19:50]: 5 
Debug[14:19:51]: signal in logmode 
Debug[14:19:51]: "INF(14:19:51.074):Mode is OK" 
Debug[14:19:51]: log_breakpoint 
Debug[14:19:51]: 5 
Debug[14:19:51]: signal in logmode 
Debug[14:19:51]: "INF(14:19:51.077):Attempt" 
Debug[14:19:51]: log_breakpoint 
Debug[14:19:51]: 5 
Debug[14:19:51]: signal in logmode 
Debug[14:19:51]: "INF(14:19:51.382):Attempt" 
Debug[14:19:51]: log_breakpoint 
Debug[14:19:51]: 5 
Debug[14:19:51]: signal in logmode 
Debug[14:19:51]: "INF(14:19:51.693):Attempt" 
Debug[14:19:51]: log_breakpoint 
Debug[14:19:51]: 5 
Debug[14:19:52]: signal in logmode 
Debug[14:19:52]: "INF(14:19:52.005):Mode is OK" 
Debug[14:19:52]: log_breakpoint 
Debug[14:19:52]: 5 
Debug[14:19:52]: signal in logmode 
Debug[14:19:52]: "INF(14:19:52.009):Attempt" 
Debug[14:19:52]: log_breakpoint 
Debug[14:19:52]: 5 
Debug[14:19:52]: signal in logmode 
Debug[14:19:52]: "INF(14:19:52.318):Attempt" 
Debug[14:19:52]: log_breakpoint 
Debug[14:19:52]: 5 
Debug[14:19:52]: signal in logmode 
Debug[14:19:52]: "INF(14:19:52.632):Attempt" 
Debug[14:19:52]: log_breakpoint 
Debug[14:19:52]: 5 
Debug[14:19:52]: signal in logmode 
Debug[14:19:52]: "INF(14:19:52.943):Mode is OK" 
Debug[14:19:52]: log_breakpoint 
Debug[14:19:52]: 5 
Debug[14:19:52]: signal in logmode 
Debug[14:19:52]: "INF(14:19:52.946):Attempt" 
Debug[14:19:52]: log_breakpoint 
Debug[14:19:52]: 5 
Debug[14:19:53]: signal in logmode 
Debug[14:19:53]: "INF(14:19:53.252):Attempt" 
Debug[14:19:53]: log_breakpoint 
Debug[14:19:53]: 5 
Debug[14:19:53]: signal in logmode 
Debug[14:19:53]: "INF(14:19:53.563):Attempt" 
Debug[14:19:53]: log_breakpoint 
Debug[14:19:53]: 5 
Warning[14:19:54]: QFileSystemWatcher: failed to add paths: C:/REPO/DSI3PAS2_workingdir/DSI3PAS2/Software/bin/ULSEverification_configfiles, C:/REPO/DSI3PAS2_workingdir/DSI3PAS2/Software/bin/ConfigFiles_29_1_2021_Jiri_MOBIS, C:/Users/fg6cnq/Desktop/DSI3PAS2_UART_QtSW_20210129_1511, C:/Users/zbdn9w/Desktop/Temp/CFAR QT uprava ToF, C:/Users/zbdn9w/Desktop/Temp/CFAR QT Komprimace do CSV, U:/Dokumenty/MOBIS/Crosstalk 11-2021
Debug[14:19:57]: signal in logmode 
Debug[14:19:57]: "INF(14:19:57.307):Mode is OK" 
Debug[14:19:57]: log_breakpoint 
Debug[14:19:57]: 5 
Debug[14:19:57]: signal in logmode 
Debug[14:19:57]: "INF(14:19:57.309):Attempt" 
Debug[14:19:57]: log_breakpoint 
Debug[14:19:57]: 5 
Debug[14:19:57]: signal in logmode 
Debug[14:19:57]: "INF(14:19:57.625):Attempt" 
Debug[14:19:57]: log_breakpoint 
Debug[14:19:57]: 5 
Debug[14:19:57]: signal in logmode 
Debug[14:19:57]: "INF(14:19:57.932):Attempt" 
Debug[14:19:57]: log_breakpoint 
Debug[14:19:57]: 5 
Debug[14:19:58]: signal in logmode 
Debug[14:19:58]: "INF(14:19:58.237):Mode is OK" 
Debug[14:19:58]: log_breakpoint 
Debug[14:19:58]: 5 
Debug[14:19:58]: signal in logmode 
Debug[14:19:58]: "INF(14:19:58.240):Attempt" 
Debug[14:19:58]: log_breakpoint 
Debug[14:19:58]: 5 
Debug[14:19:58]: signal in logmode 
Debug[14:19:58]: "INF(14:19:58.546):Attempt" 
Debug[14:19:58]: log_breakpoint 
Debug[14:19:58]: 5 
Debug[14:19:58]: signal in logmode 
Debug[14:19:58]: "INF(14:19:58.858):Attempt" 
Debug[14:19:58]: log_breakpoint 
Debug[14:19:58]: 5 
Debug[14:19:59]: signal in logmode 
Debug[14:19:59]: "INF(14:19:59.167):Mode is OK" 
Debug[14:19:59]: log_breakpoint 
Debug[14:19:59]: 5 
Debug[14:19:59]: signal in logmode 
Debug[14:19:59]: "INF(14:19:59.169):Attempt" 
Debug[14:19:59]: log_breakpoint 
Debug[14:19:59]: 5 
Debug[14:19:59]: signal in logmode 
Debug[14:19:59]: "INF(14:19:59.178):RDUM master connected" 
Debug[14:19:59]: log_breakpoint 
Debug[14:19:59]: 5 
Debug[14:19:59]: signal in logmode 
Debug[14:19:59]: "INF(14:19:59.179):Connected to \\.\COM28" 
Debug[14:19:59]: log_breakpoint 
Debug[14:19:59]: 5 
Warning[14:19:59]: Could not parse stylesheet of widget 0x2db6bc8
Debug[14:19:59]: "Resume:Logs" 
Debug[14:19:59]: "Resume:Settings" 
Debug[14:19:59]: "Resume:UartUartController" 
Debug[14:19:59]: "Resume:UartSpiController" 
Debug[14:19:59]: "Resume:UartSsiController" 
Debug[14:19:59]: "Resume:DSI3Master" 
Debug[14:19:59]: "Resume:ASICMaster" 
Debug[14:19:59]: "Resume:RDUMMaster" 
Debug[14:19:59]: "Resume:DSI3Slave" 
Debug[14:19:59]: "Resume:Measurement" 
Debug[14:19:59]: "Resume:CFARsim" 
Warning[14:22:08]: QObject::connect: Cannot connect LocalServer::log(int,QString) to (null)::slot_addLog(int,QString)
Debug[14:22:09]: LocalServer:new "" 
Debug[14:22:11]: "Suspend:Settings" 
Debug[14:22:11]: "Suspend:UartUartController" 
Debug[14:22:11]: "Suspend:UartSpiController" 
Debug[14:22:11]: "Suspend:UartSsiController" 
Debug[14:22:11]: "Suspend:DSI3Master" 
Debug[14:22:11]: "Suspend:ASICMaster" 
Debug[14:22:11]: "Suspend:RDUMMaster" 
Debug[14:22:11]: "Suspend:DSI3Slave" 
Debug[14:22:11]: "Suspend:Measurement" 
Debug[14:22:11]: "Suspend:CFARsim" 
Debug[14:22:11]: signal in logmode 
Debug[14:22:11]: "INF(14:22:11.731):Disconnect by user" 
Debug[14:22:11]: log_breakpoint 
Debug[14:22:11]: 5 
Debug[14:22:11]: signal in logmode 
Debug[14:22:11]: "INF(14:22:11.879):Disconnect by user" 
Debug[14:22:11]: log_breakpoint 
Debug[14:22:11]: 5 
Warning[14:22:13]: QObject::connect: Cannot connect LocalServer::log(int,QString) to (null)::slot_addLog(int,QString)
Debug[14:22:13]: LocalServer:new "\\.\pipe\DSI3PAS" 
Debug[14:22:13]: Register specific 
Debug[14:22:14]: DynScaleCaclulate 
Debug[14:22:14]: "init 2 UartUartController" 
Debug[14:22:14]: Ok 
Debug[14:22:14]: "init 3 UartSpiController" 
Debug[14:22:14]: Ok 
Debug[14:22:14]: "init 4 UartSsiController" 
Debug[14:22:14]: Ok 
Debug[14:22:14]: "init 5 DSI3Master" 
Debug[14:22:14]: Ok 
Debug[14:22:14]: "init 6 ASICMaster" 
Debug[14:22:14]: Ok 
Debug[14:22:14]: "init 7 RDUMMaster" 
Debug[14:22:14]: Ok 
Debug[14:22:14]: "init 8 DSI3Slave" 
Debug[14:22:14]: Ok 
Debug[14:22:14]: "init 9 Measurement" 
Debug[14:22:15]: Ok 
Debug[14:22:15]: "init 10 CFARsim" 
Debug[14:22:15]: Ok 
Debug[14:22:15]: MainApp Starting... 
Debug[14:22:16]: Add applets to MainWindow...
 
Debug[14:22:16]: Initialize Connection... 
Debug[14:22:16]: signal in logmode 
Debug[14:22:16]: "INF(14:22:16.545):Mode is OK" 
Debug[14:22:16]: log_breakpoint 
Debug[14:22:16]: 5 
Debug[14:22:16]: signal in logmode 
Debug[14:22:16]: "INF(14:22:16.546):Attempt" 
Debug[14:22:16]: log_breakpoint 
Debug[14:22:16]: 5 
Debug[14:22:16]: signal in logmode 
Debug[14:22:16]: "INF(14:22:16.852):Attempt" 
Debug[14:22:16]: log_breakpoint 
Debug[14:22:16]: 5 
Debug[14:22:17]: signal in logmode 
Debug[14:22:17]: "INF(14:22:17.163):Attempt" 
Debug[14:22:17]: log_breakpoint 
Debug[14:22:17]: 5 
Debug[14:22:17]: signal in logmode 
Debug[14:22:17]: "INF(14:22:17.479):Mode is OK" 
Debug[14:22:17]: log_breakpoint 
Debug[14:22:17]: 5 
Debug[14:22:17]: signal in logmode 
Debug[14:22:17]: "INF(14:22:17.480):Attempt" 
Debug[14:22:17]: log_breakpoint 
Debug[14:22:17]: 5 
Debug[14:22:17]: signal in logmode 
Debug[14:22:17]: "INF(14:22:17.793):Attempt" 
Debug[14:22:17]: log_breakpoint 
Debug[14:22:17]: 5 
Debug[14:22:18]: signal in logmode 
Debug[14:22:18]: "INF(14:22:18.102):Attempt" 
Debug[14:22:18]: log_breakpoint 
Debug[14:22:18]: 5 
Debug[14:22:18]: signal in logmode 
Debug[14:22:18]: "INF(14:22:18.415):Mode is OK" 
Debug[14:22:18]: log_breakpoint 
Debug[14:22:18]: 5 
Debug[14:22:18]: signal in logmode 
Debug[14:22:18]: "INF(14:22:18.417):Attempt" 
Debug[14:22:18]: log_breakpoint 
Debug[14:22:18]: 5 
Debug[14:22:18]: signal in logmode 
Debug[14:22:18]: "INF(14:22:18.575):Mode is OK" 
Debug[14:22:18]: log_breakpoint 
Debug[14:22:18]: 5 
Debug[14:22:18]: signal in logmode 
Debug[14:22:18]: "INF(14:22:18.577):Attempt" 
Debug[14:22:18]: log_breakpoint 
Debug[14:22:18]: 5 
Debug[14:22:18]: signal in logmode 
Debug[14:22:18]: "INF(14:22:18.884):Attempt" 
Debug[14:22:18]: log_breakpoint 
Debug[14:22:18]: 5 
Debug[14:22:19]: signal in logmode 
Debug[14:22:19]: "INF(14:22:19.196):Attempt" 
Debug[14:22:19]: log_breakpoint 
Debug[14:22:19]: 5 
Debug[14:22:19]: signal in logmode 
Debug[14:22:19]: "INF(14:22:19.504):Mode is OK" 
Debug[14:22:19]: log_breakpoint 
Debug[14:22:19]: 5 
Debug[14:22:19]: signal in logmode 
Debug[14:22:19]: "INF(14:22:19.507):Attempt" 
Debug[14:22:19]: log_breakpoint 
Debug[14:22:19]: 5 
Debug[14:22:19]: signal in logmode 
Debug[14:22:19]: "INF(14:22:19.819):Attempt" 
Debug[14:22:19]: log_breakpoint 
Debug[14:22:19]: 5 
Debug[14:22:20]: signal in logmode 
Debug[14:22:20]: "INF(14:22:20.131):Attempt" 
Debug[14:22:20]: log_breakpoint 
Debug[14:22:20]: 5 
Debug[14:22:20]: signal in logmode 
Debug[14:22:20]: "INF(14:22:20.444):Mode is OK" 
Debug[14:22:20]: log_breakpoint 
Debug[14:22:20]: 5 
Debug[14:22:20]: signal in logmode 
Debug[14:22:20]: "INF(14:22:20.446):Attempt" 
Debug[14:22:20]: log_breakpoint 
Debug[14:22:20]: 5 
Debug[14:22:20]: signal in logmode 
Debug[14:22:20]: "INF(14:22:20.755):Attempt" 
Debug[14:22:20]: log_breakpoint 
Debug[14:22:20]: 5 
Debug[14:22:21]: signal in logmode 
Debug[14:22:21]: "INF(14:22:21.070):Attempt" 
Debug[14:22:21]: log_breakpoint 
Debug[14:22:21]: 5 
Warning[14:22:21]: QFileSystemWatcher: failed to add paths: C:/REPO/DSI3PAS2_workingdir/DSI3PAS2/Software/bin/ULSEverification_configfiles, C:/REPO/DSI3PAS2_workingdir/DSI3PAS2/Software/bin/ConfigFiles_29_1_2021_Jiri_MOBIS, C:/Users/fg6cnq/Desktop/DSI3PAS2_UART_QtSW_20210129_1511, C:/Users/zbdn9w/Desktop/Temp/CFAR QT uprava ToF, C:/Users/zbdn9w/Desktop/Temp/CFAR QT Komprimace do CSV, U:/Dokumenty/MOBIS/Crosstalk 11-2021
Debug[14:27:47]: Initialize Connection... 
Debug[14:32:24]: Initialize Connection... 
Debug[14:32:28]: Initialize Connection... 
Debug[14:32:31]: signal in logmode 
Debug[14:32:31]: "INF(14:32:31.865):Mode is OK" 
Debug[14:32:31]: log_breakpoint 
Debug[14:32:31]: 5 
Debug[14:32:31]: signal in logmode 
Debug[14:32:31]: "INF(14:32:31.867):Attempt" 
Debug[14:32:31]: log_breakpoint 
Debug[14:32:31]: 5 
Debug[14:32:32]: signal in logmode 
Debug[14:32:32]: "INF(14:32:32.174):Attempt" 
Debug[14:32:32]: log_breakpoint 
Debug[14:32:32]: 5 
Debug[14:32:32]: signal in logmode 
Debug[14:32:32]: "INF(14:32:32.487):Attempt" 
Debug[14:32:32]: log_breakpoint 
Debug[14:32:32]: 5 
Debug[14:32:32]: signal in logmode 
Debug[14:32:32]: "INF(14:32:32.798):Mode is OK" 
Debug[14:32:32]: log_breakpoint 
Debug[14:32:32]: 5 
Debug[14:32:32]: signal in logmode 
Debug[14:32:32]: "INF(14:32:32.801):Attempt" 
Debug[14:32:32]: log_breakpoint 
Debug[14:32:32]: 5 
Debug[14:32:33]: signal in logmode 
Debug[14:32:33]: "INF(14:32:33.110):Attempt" 
Debug[14:32:33]: log_breakpoint 
Debug[14:32:33]: 5 
Debug[14:32:33]: signal in logmode 
Debug[14:32:33]: "INF(14:32:33.421):Attempt" 
Debug[14:32:33]: log_breakpoint 
Debug[14:32:33]: 5 
Debug[14:32:33]: signal in logmode 
Debug[14:32:33]: "INF(14:32:33.736):Mode is OK" 
Debug[14:32:33]: log_breakpoint 
Debug[14:32:33]: 5 
Debug[14:32:33]: signal in logmode 
Debug[14:32:33]: "INF(14:32:33.739):Attempt" 
Debug[14:32:33]: log_breakpoint 
Debug[14:32:33]: 5 
Debug[14:32:33]: signal in logmode 
Debug[14:32:33]: "INF(14:32:33.898):Mode is OK" 
Debug[14:32:33]: log_breakpoint 
Debug[14:32:33]: 5 
Debug[14:32:33]: signal in logmode 
Debug[14:32:33]: "INF(14:32:33.900):Attempt" 
Debug[14:32:33]: log_breakpoint 
Debug[14:32:33]: 5 
Debug[14:32:34]: signal in logmode 
Debug[14:32:34]: "INF(14:32:34.203):Attempt" 
Debug[14:32:34]: log_breakpoint 
Debug[14:32:34]: 5 
Debug[14:32:34]: signal in logmode 
Debug[14:32:34]: "INF(14:32:34.515):Attempt" 
Debug[14:32:34]: log_breakpoint 
Debug[14:32:34]: 5 
Debug[14:32:34]: signal in logmode 
Debug[14:32:34]: "INF(14:32:34.827):Mode is OK" 
Debug[14:32:34]: log_breakpoint 
Debug[14:32:34]: 5 
Debug[14:32:34]: signal in logmode 
Debug[14:32:34]: "INF(14:32:34.830):Attempt" 
Debug[14:32:34]: log_breakpoint 
Debug[14:32:34]: 5 
Debug[14:32:35]: signal in logmode 
Debug[14:32:35]: "INF(14:32:35.138):Attempt" 
Debug[14:32:35]: log_breakpoint 
Debug[14:32:35]: 5 
Debug[14:32:35]: signal in logmode 
Debug[14:32:35]: "INF(14:32:35.448):Attempt" 
Debug[14:32:35]: log_breakpoint 
Debug[14:32:35]: 5 
Debug[14:32:35]: signal in logmode 
Debug[14:32:35]: "INF(14:32:35.761):Mode is OK" 
Debug[14:32:35]: log_breakpoint 
Debug[14:32:35]: 5 
Debug[14:32:35]: signal in logmode 
Debug[14:32:35]: "INF(14:32:35.764):Attempt" 
Debug[14:32:35]: log_breakpoint 
Debug[14:32:35]: 5 
Debug[14:32:36]: signal in logmode 
Debug[14:32:36]: "INF(14:32:36.075):Attempt" 
Debug[14:32:36]: log_breakpoint 
Debug[14:32:36]: 5 
Debug[14:32:36]: signal in logmode 
Debug[14:32:36]: "INF(14:32:36.385):Attempt" 
Debug[14:32:36]: log_breakpoint 
Debug[14:32:36]: 5 
Debug[14:32:38]: signal in logmode 
Debug[14:32:38]: "INF(14:32:38.078):Mode is OK" 
Debug[14:32:38]: log_breakpoint 
Debug[14:32:38]: 5 
Debug[14:32:38]: signal in logmode 
Debug[14:32:38]: "INF(14:32:38.080):Attempt" 
Debug[14:32:38]: log_breakpoint 
Debug[14:32:38]: 5 
Debug[14:32:38]: signal in logmode 
Debug[14:32:38]: "INF(14:32:38.382):Attempt" 
Debug[14:32:38]: log_breakpoint 
Debug[14:32:38]: 5 
Debug[14:32:38]: signal in logmode 
Debug[14:32:38]: "INF(14:32:38.692):Attempt" 
Debug[14:32:38]: log_breakpoint 
Debug[14:32:38]: 5 
Debug[14:32:38]: signal in logmode 
Debug[14:32:38]: "INF(14:32:38.999):Mode is OK" 
Debug[14:32:39]: log_breakpoint 
Debug[14:32:39]: 5 
Debug[14:32:39]: signal in logmode 
Debug[14:32:39]: "INF(14:32:39.003):Attempt" 
Debug[14:32:39]: log_breakpoint 
Debug[14:32:39]: 5 
Debug[14:32:39]: signal in logmode 
Debug[14:32:39]: "INF(14:32:39.310):Attempt" 
Debug[14:32:39]: log_breakpoint 
Debug[14:32:39]: 5 
Debug[14:32:39]: signal in logmode 
Debug[14:32:39]: "INF(14:32:39.622):Attempt" 
Debug[14:32:39]: log_breakpoint 
Debug[14:32:39]: 5 
Debug[14:32:39]: signal in logmode 
Debug[14:32:39]: "INF(14:32:39.933):Mode is OK" 
Debug[14:32:39]: log_breakpoint 
Debug[14:32:39]: 5 
Debug[14:32:39]: signal in logmode 
Debug[14:32:39]: "INF(14:32:39.936):Attempt" 
Debug[14:32:39]: log_breakpoint 
Debug[14:32:39]: 5 
Debug[14:32:39]: signal in logmode 
Debug[14:32:39]: "INF(14:32:39.963):RDUM master connected" 
Debug[14:32:39]: log_breakpoint 
Debug[14:32:39]: 5 
Debug[14:32:39]: signal in logmode 
Debug[14:32:39]: "INF(14:32:39.966):Connected to \\.\COM28" 
Debug[14:32:39]: log_breakpoint 
Debug[14:32:39]: 5 
Warning[14:32:39]: Could not parse stylesheet of widget 0x32e6b28
Debug[14:32:39]: "Resume:Logs" 
Debug[14:32:39]: "Resume:Settings" 
Debug[14:32:39]: "Resume:UartUartController" 
Debug[14:32:39]: "Resume:UartSpiController" 
Debug[14:32:39]: "Resume:UartSsiController" 
Debug[14:32:39]: "Resume:DSI3Master" 
Debug[14:32:39]: "Resume:ASICMaster" 
Debug[14:32:39]: "Resume:RDUMMaster" 
Debug[14:32:39]: "Resume:DSI3Slave" 
Debug[14:32:39]: "Resume:Measurement" 
Debug[14:32:39]: "Resume:CFARsim" 
Debug[14:38:15]: "Suspend:Settings" 
Debug[14:38:15]: "Suspend:UartUartController" 
Debug[14:38:15]: "Suspend:UartSpiController" 
Debug[14:38:15]: "Suspend:UartSsiController" 
Debug[14:38:15]: "Suspend:DSI3Master" 
Debug[14:38:15]: "Suspend:ASICMaster" 
Debug[14:38:15]: "Suspend:RDUMMaster" 
Debug[14:38:15]: "Suspend:DSI3Slave" 
Debug[14:38:15]: "Suspend:Measurement" 
Debug[14:38:15]: "Suspend:CFARsim" 
Debug[14:38:15]: signal in logmode 
Debug[14:38:15]: "INF(14:38:15.354):Disconnect by user" 
Debug[14:38:15]: log_breakpoint 
Debug[14:38:15]: 5 
Debug[14:38:15]: signal in logmode 
Debug[14:38:15]: "INF(14:38:15.494):Disconnect by user" 
Debug[14:38:15]: log_breakpoint 
Debug[14:38:15]: 5 
