Warning[08:40:36]: QObject::connect: Cannot connect LocalServer::log(int,QString) to (null)::slot_addLog(int,QString)
Debug[08:40:36]: LocalServer:new "\\.\pipe\DSI3PAS" 
Debug[08:40:36]: Register specific 
Debug[08:40:37]: DynScaleCaclulate 
Debug[08:40:37]: "init 2 UartUartController" 
Debug[08:40:37]: Ok 
Debug[08:40:37]: "init 3 UartSpiController" 
Debug[08:40:37]: Ok 
Debug[08:40:37]: "init 4 UartSsiController" 
Debug[08:40:37]: Ok 
Debug[08:40:37]: "init 5 DSI3Master" 
Debug[08:40:37]: Ok 
Debug[08:40:37]: "init 6 ASICMaster" 
Debug[08:40:37]: Ok 
Debug[08:40:37]: "init 7 RDUMMaster" 
Debug[08:40:37]: Ok 
Debug[08:40:37]: "init 8 DSI3Slave" 
Debug[08:40:38]: Ok 
Debug[08:40:38]: "init 9 Measurement" 
Debug[08:40:38]: Ok 
Debug[08:40:38]: "init 10 CFARsim" 
Debug[08:40:38]: Ok 
Debug[08:40:38]: MainApp Starting... 
Debug[08:40:39]: Add applets to MainWindow...
 
Debug[08:40:39]: Initialize Connection... 
Debug[08:40:39]: signal in logmode 
Debug[08:40:39]: "INF(08:40:39.665):Mode is OK" 
Debug[08:40:39]: log_breakpoint 
Debug[08:40:39]: 5 
Debug[08:40:39]: signal in logmode 
Debug[08:40:39]: "INF(08:40:39.669):Attempt" 
Debug[08:40:39]: log_breakpoint 
Debug[08:40:39]: 5 
Debug[08:40:39]: signal in logmode 
Debug[08:40:39]: "INF(08:40:39.817):Mode is OK" 
Debug[08:40:39]: log_breakpoint 
Debug[08:40:39]: 5 
Debug[08:40:39]: signal in logmode 
Debug[08:40:39]: "INF(08:40:39.821):Attempt" 
Debug[08:40:39]: log_breakpoint 
Debug[08:40:39]: 5 
Debug[08:40:40]: signal in logmode 
Debug[08:40:40]: "INF(08:40:40.142):Attempt" 
Debug[08:40:40]: log_breakpoint 
Debug[08:40:40]: 5 
Debug[08:40:40]: signal in logmode 
Debug[08:40:40]: "INF(08:40:40.456):Attempt" 
Debug[08:40:40]: log_breakpoint 
Debug[08:40:40]: 5 
Debug[08:40:40]: signal in logmode 
Debug[08:40:40]: "INF(08:40:40.769):Mode is OK" 
Debug[08:40:40]: log_breakpoint 
Debug[08:40:40]: 5 
Debug[08:40:40]: signal in logmode 
Debug[08:40:40]: "INF(08:40:40.773):Attempt" 
Debug[08:40:40]: log_breakpoint 
Debug[08:40:40]: 5 
Debug[08:40:41]: signal in logmode 
Debug[08:40:41]: "INF(08:40:41.083):Attempt" 
Debug[08:40:41]: log_breakpoint 
Debug[08:40:41]: 5 
Debug[08:40:41]: signal in logmode 
Debug[08:40:41]: "INF(08:40:41.394):Attempt" 
Debug[08:40:41]: log_breakpoint 
Debug[08:40:41]: 5 
Debug[08:40:41]: signal in logmode 
Debug[08:40:41]: "INF(08:40:41.705):Mode is OK" 
Debug[08:40:41]: log_breakpoint 
Debug[08:40:41]: 5 
Debug[08:40:41]: signal in logmode 
Debug[08:40:41]: "INF(08:40:41.709):Attempt" 
Debug[08:40:41]: log_breakpoint 
Debug[08:40:41]: 5 
Debug[08:40:42]: signal in logmode 
Debug[08:40:42]: "INF(08:40:42.018):Attempt" 
Debug[08:40:42]: log_breakpoint 
Debug[08:40:42]: 5 
Debug[08:40:42]: signal in logmode 
Debug[08:40:42]: "INF(08:40:42.330):Attempt" 
Debug[08:40:42]: log_breakpoint 
Debug[08:40:42]: 5 
Warning[08:40:42]: QFileSystemWatcher: failed to add paths: C:/REPO/DSI3PAS2_workingdir/DSI3PAS2/Software/bin/ULSEverification_configfiles, C:/REPO/DSI3PAS2_workingdir/DSI3PAS2/Software/bin/ConfigFiles_29_1_2021_Jiri_MOBIS, C:/Users/fg6cnq/Desktop/DSI3PAS2_UART_QtSW_20210129_1511, C:/Users/zbdn9w/Desktop/Temp/CFAR QT uprava ToF, C:/Users/zbdn9w/Desktop/Temp/CFAR QT Komprimace do CSV, U:/Dokumenty/MOBIS/Crosstalk 11-2021
Debug[08:40:50]: signal in logmode 
Debug[08:40:50]: "INF(08:40:50.523):Mode is OK" 
Debug[08:40:50]: log_breakpoint 
Debug[08:40:50]: 5 
Debug[08:40:50]: signal in logmode 
Debug[08:40:50]: "INF(08:40:50.526):Attempt" 
Debug[08:40:50]: log_breakpoint 
Debug[08:40:50]: 5 
Debug[08:40:50]: signal in logmode 
Debug[08:40:50]: "INF(08:40:50.550):ASIC master connected" 
Debug[08:40:50]: log_breakpoint 
Debug[08:40:50]: 5 
Debug[08:40:50]: signal in logmode 
Debug[08:40:50]: "INF(08:40:50.553):Connected to \\.\COM56" 
Debug[08:40:50]: log_breakpoint 
Debug[08:40:50]: 5 
Warning[08:40:50]: Could not parse stylesheet of widget 0x2a66928
Debug[08:40:50]: "Resume:Logs" 
Debug[08:40:50]: "Resume:Settings" 
Debug[08:40:50]: "Resume:UartUartController" 
Debug[08:40:50]: "Resume:UartSpiController" 
Debug[08:40:50]: "Resume:UartSsiController" 
Debug[08:40:50]: "Resume:DSI3Master" 
Debug[08:40:50]: "Resume:ASICMaster" 
Debug[08:40:50]: "Resume:RDUMMaster" 
Debug[08:40:50]: "Resume:DSI3Slave" 
Debug[08:40:50]: "Resume:Measurement" 
Debug[08:40:50]: "Resume:CFARsim" 
Warning[09:08:27]: QFSFileEngine::open: No file name specified
Debug[15:17:11]: "Suspend:Settings" 
Debug[15:17:11]: "Suspend:UartUartController" 
Debug[15:17:11]: "Suspend:UartSpiController" 
Debug[15:17:11]: "Suspend:UartSsiController" 
Debug[15:17:11]: "Suspend:DSI3Master" 
Debug[15:17:11]: "Suspend:ASICMaster" 
Debug[15:17:11]: "Suspend:RDUMMaster" 
Debug[15:17:11]: "Suspend:DSI3Slave" 
Debug[15:17:11]: "Suspend:Measurement" 
Debug[15:17:11]: "Suspend:CFARsim" 
Debug[15:17:11]: signal in logmode 
Debug[15:17:11]: "INF(15:17:11.074):Disconnect by user" 
Debug[15:17:11]: log_breakpoint 
Debug[15:17:11]: 5 
Debug[15:17:11]: signal in logmode 
Debug[15:17:11]: "INF(15:17:11.092):Disconnect by user" 
Debug[15:17:11]: log_breakpoint 
Debug[15:17:11]: 5 
