Warning[08:01:30]: QObject::connect: Cannot connect LocalServer::log(int,QString) to (null)::slot_addLog(int,QString)
Debug[08:01:30]: LocalServer:new "\\.\pipe\DSI3PAS" 
Debug[08:01:30]: Register specific 
Debug[08:01:30]: DynScaleCaclulate 
Debug[08:01:31]: "init 2 UartUartController" 
Debug[08:01:31]: Ok 
Debug[08:01:31]: "init 3 UartSpiController" 
Debug[08:01:31]: Ok 
Debug[08:01:31]: "init 4 UartSsiController" 
Debug[08:01:31]: Ok 
Debug[08:01:31]: "init 5 DSI3Master" 
Debug[08:01:31]: Ok 
Debug[08:01:31]: "init 6 ASICMaster" 
Debug[08:01:31]: Ok 
Debug[08:01:31]: "init 7 RDUMMaster" 
Debug[08:01:31]: Ok 
Debug[08:01:31]: "init 8 DSI3Slave" 
Debug[08:01:31]: Ok 
Debug[08:01:31]: "init 9 Measurement" 
Debug[08:01:32]: Ok 
Debug[08:01:32]: "init 10 CFARsim" 
Debug[08:01:32]: Ok 
Debug[08:01:32]: MainApp Starting... 
Debug[08:01:33]: Add applets to MainWindow...
 
Debug[08:01:33]: Initialize Connection... 
Debug[08:01:37]: signal in logmode 
Debug[08:01:37]: "INF(08:01:37.866):Connected to no_board" 
Debug[08:01:37]: log_breakpoint 
Debug[08:01:37]: 5 
Warning[08:01:37]: Could not parse stylesheet of widget 0x29de4a8
Debug[08:01:37]: "Resume:Logs" 
Debug[08:01:37]: "Resume:Settings" 
Debug[08:01:37]: "Resume:UartUartController" 
Debug[08:01:37]: "Resume:UartSpiController" 
Debug[08:01:37]: "Resume:UartSsiController" 
Debug[08:01:37]: "Resume:DSI3Master" 
Debug[08:01:37]: "Resume:ASICMaster" 
Debug[08:01:37]: "Resume:RDUMMaster" 
Debug[08:01:37]: "Resume:DSI3Slave" 
Debug[08:01:37]: "Resume:Measurement" 
Debug[08:01:37]: "Resume:CFARsim" 
Debug[08:09:30]: "Suspend:Settings" 
Debug[08:09:30]: "Suspend:UartUartController" 
Debug[08:09:30]: "Suspend:UartSpiController" 
Debug[08:09:30]: "Suspend:UartSsiController" 
Debug[08:09:30]: "Suspend:DSI3Master" 
Debug[08:09:30]: "Suspend:ASICMaster" 
Debug[08:09:30]: "Suspend:RDUMMaster" 
Debug[08:09:30]: "Suspend:DSI3Slave" 
Debug[08:09:30]: "Suspend:Measurement" 
Debug[08:09:30]: "Suspend:CFARsim" 
Debug[08:09:30]: signal in logmode 
Debug[08:09:30]: "INF(08:09:30.591):Disconnect by user" 
Debug[08:09:30]: log_breakpoint 
Debug[08:09:30]: 5 
Debug[08:09:30]: signal in logmode 
Debug[08:09:30]: "INF(08:09:30.613):Disconnect by user" 
Debug[08:09:30]: log_breakpoint 
Debug[08:09:30]: 5 
Warning[08:10:46]: QObject::connect: Cannot connect LocalServer::log(int,QString) to (null)::slot_addLog(int,QString)
Debug[08:10:47]: LocalServer:new "\\.\pipe\DSI3PAS" 
Debug[08:10:47]: Register specific 
Debug[08:10:47]: DynScaleCaclulate 
Debug[08:10:47]: "init 2 UartUartController" 
Debug[08:10:47]: Ok 
Debug[08:10:47]: "init 3 UartSpiController" 
Debug[08:10:47]: Ok 
Debug[08:10:47]: "init 4 UartSsiController" 
Debug[08:10:47]: Ok 
Debug[08:10:47]: "init 5 DSI3Master" 
Debug[08:10:47]: Ok 
Debug[08:10:47]: "init 6 ASICMaster" 
Debug[08:10:47]: Ok 
Debug[08:10:47]: "init 7 RDUMMaster" 
Debug[08:10:47]: Ok 
Debug[08:10:47]: "init 8 DSI3Slave" 
Debug[08:10:48]: Ok 
Debug[08:10:48]: "init 9 Measurement" 
Debug[08:10:48]: Ok 
Debug[08:10:48]: "init 10 CFARsim" 
Debug[08:10:49]: Ok 
Debug[08:10:49]: MainApp Starting... 
Debug[08:10:49]: Add applets to MainWindow...
 
Debug[08:10:49]: Initialize Connection... 
Debug[08:10:54]: signal in logmode 
Debug[08:10:54]: "INF(08:10:54.689):Connected to no_board" 
Debug[08:10:54]: log_breakpoint 
Debug[08:10:54]: 5 
Warning[08:10:54]: Could not parse stylesheet of widget 0x2a1ffe0
Debug[08:10:54]: "Resume:Logs" 
Debug[08:10:54]: "Resume:Settings" 
Debug[08:10:54]: "Resume:UartUartController" 
Debug[08:10:54]: "Resume:UartSpiController" 
Debug[08:10:54]: "Resume:UartSsiController" 
Debug[08:10:54]: "Resume:DSI3Master" 
Debug[08:10:54]: "Resume:ASICMaster" 
Debug[08:10:54]: "Resume:RDUMMaster" 
Debug[08:10:54]: "Resume:DSI3Slave" 
Debug[08:10:54]: "Resume:Measurement" 
Debug[08:10:54]: "Resume:CFARsim" 
Debug[09:29:36]: "Suspend:Settings" 
Debug[09:29:36]: "Suspend:UartUartController" 
Debug[09:29:36]: "Suspend:UartSpiController" 
Debug[09:29:36]: "Suspend:UartSsiController" 
Debug[09:29:36]: "Suspend:DSI3Master" 
Debug[09:29:36]: "Suspend:ASICMaster" 
Debug[09:29:36]: "Suspend:RDUMMaster" 
Debug[09:29:36]: "Suspend:DSI3Slave" 
Debug[09:29:36]: "Suspend:Measurement" 
Debug[09:29:36]: "Suspend:CFARsim" 
Debug[09:29:36]: signal in logmode 
Debug[09:29:36]: "INF(09:29:36.471):Disconnect by user" 
Debug[09:29:36]: log_breakpoint 
Debug[09:29:36]: 5 
Debug[09:29:36]: signal in logmode 
Debug[09:29:36]: "INF(09:29:36.485):Disconnect by user" 
Debug[09:29:36]: log_breakpoint 
Debug[09:29:36]: 5 
Warning[10:27:57]: QObject::connect: Cannot connect LocalServer::log(int,QString) to (null)::slot_addLog(int,QString)
Debug[10:27:57]: LocalServer:new "\\.\pipe\DSI3PAS" 
Debug[10:27:58]: Register specific 
Debug[10:27:58]: DynScaleCaclulate 
Debug[10:27:58]: "init 2 UartUartController" 
Debug[10:27:58]: Ok 
Debug[10:27:58]: "init 3 UartSpiController" 
Debug[10:27:58]: Ok 
Debug[10:27:58]: "init 4 UartSsiController" 
Debug[10:27:58]: Ok 
Debug[10:27:58]: "init 5 DSI3Master" 
Debug[10:27:58]: Ok 
Debug[10:27:58]: "init 6 ASICMaster" 
Debug[10:27:58]: Ok 
Debug[10:27:58]: "init 7 RDUMMaster" 
Debug[10:27:58]: Ok 
Debug[10:27:58]: "init 8 DSI3Slave" 
Debug[10:27:59]: Ok 
Debug[10:27:59]: "init 9 Measurement" 
Debug[10:27:59]: Ok 
Debug[10:27:59]: "init 10 CFARsim" 
Debug[10:27:59]: Ok 
Debug[10:27:59]: MainApp Starting... 
Debug[10:28:00]: Add applets to MainWindow...
 
Debug[10:28:00]: Initialize Connection... 
Debug[10:28:00]: signal in logmode 
Debug[10:28:00]: "INF(10:28:00.924):Mode is OK" 
Debug[10:28:00]: log_breakpoint 
Debug[10:28:00]: 5 
Debug[10:28:00]: signal in logmode 
Debug[10:28:00]: "INF(10:28:00.927):Attempt" 
Debug[10:28:00]: log_breakpoint 
Debug[10:28:00]: 5 
Debug[10:28:01]: signal in logmode 
Debug[10:28:01]: "INF(10:28:01.245):Attempt" 
Debug[10:28:01]: log_breakpoint 
Debug[10:28:01]: 5 
Debug[10:28:01]: signal in logmode 
Debug[10:28:01]: "INF(10:28:01.556):Attempt" 
Debug[10:28:01]: log_breakpoint 
Debug[10:28:01]: 5 
Debug[10:28:01]: signal in logmode 
Debug[10:28:01]: "INF(10:28:01.868):Mode is OK" 
Debug[10:28:01]: log_breakpoint 
Debug[10:28:01]: 5 
Debug[10:28:01]: signal in logmode 
Debug[10:28:01]: "INF(10:28:01.875):Attempt" 
Debug[10:28:01]: log_breakpoint 
Debug[10:28:01]: 5 
Debug[10:28:02]: signal in logmode 
Debug[10:28:02]: "INF(10:28:02.199):Attempt" 
Debug[10:28:02]: log_breakpoint 
Debug[10:28:02]: 5 
Debug[10:28:02]: signal in logmode 
Debug[10:28:02]: "INF(10:28:02.516):Attempt" 
Debug[10:28:02]: log_breakpoint 
Debug[10:28:02]: 5 
Debug[10:28:02]: signal in logmode 
Debug[10:28:02]: "INF(10:28:02.832):Mode is OK" 
Debug[10:28:02]: log_breakpoint 
Debug[10:28:02]: 5 
Debug[10:28:02]: signal in logmode 
Debug[10:28:02]: "INF(10:28:02.839):Attempt" 
Debug[10:28:02]: log_breakpoint 
Debug[10:28:02]: 5 
Debug[10:28:03]: signal in logmode 
Debug[10:28:03]: "INF(10:28:03.008):Mode is OK" 
Debug[10:28:03]: log_breakpoint 
Debug[10:28:03]: 5 
Debug[10:28:03]: signal in logmode 
Debug[10:28:03]: "INF(10:28:03.012):Attempt" 
Debug[10:28:03]: log_breakpoint 
Debug[10:28:03]: 5 
Debug[10:28:03]: signal in logmode 
Debug[10:28:03]: "INF(10:28:03.333):Attempt" 
Debug[10:28:03]: log_breakpoint 
Debug[10:28:03]: 5 
Debug[10:28:03]: signal in logmode 
Debug[10:28:03]: "INF(10:28:03.647):Attempt" 
Debug[10:28:03]: log_breakpoint 
Debug[10:28:03]: 5 
Debug[10:28:03]: signal in logmode 
Debug[10:28:03]: "INF(10:28:03.956):Mode is OK" 
Debug[10:28:03]: log_breakpoint 
Debug[10:28:03]: 5 
Debug[10:28:03]: signal in logmode 
Debug[10:28:03]: "INF(10:28:03.961):Attempt" 
Debug[10:28:03]: log_breakpoint 
Debug[10:28:03]: 5 
Debug[10:28:04]: signal in logmode 
Debug[10:28:04]: "INF(10:28:04.271):Attempt" 
Debug[10:28:04]: log_breakpoint 
Debug[10:28:04]: 5 
Debug[10:28:04]: signal in logmode 
Debug[10:28:04]: "INF(10:28:04.583):Attempt" 
Debug[10:28:04]: log_breakpoint 
Debug[10:28:04]: 5 
Debug[10:28:04]: signal in logmode 
Debug[10:28:04]: "INF(10:28:04.892):Mode is OK" 
Debug[10:28:04]: log_breakpoint 
Debug[10:28:04]: 5 
Debug[10:28:04]: signal in logmode 
Debug[10:28:04]: "INF(10:28:04.898):Attempt" 
Debug[10:28:04]: log_breakpoint 
Debug[10:28:04]: 5 
Debug[10:28:05]: signal in logmode 
Debug[10:28:05]: "INF(10:28:05.224):Attempt" 
Debug[10:28:05]: log_breakpoint 
Debug[10:28:05]: 5 
Debug[10:28:05]: signal in logmode 
Debug[10:28:05]: "INF(10:28:05.534):Attempt" 
Debug[10:28:05]: log_breakpoint 
Debug[10:28:05]: 5 
Debug[10:28:05]: signal in logmode 
Debug[10:28:05]: "INF(10:28:05.846):Mode is OK" 
Debug[10:28:05]: log_breakpoint 
Debug[10:28:05]: 5 
Debug[10:28:05]: signal in logmode 
Debug[10:28:05]: "INF(10:28:05.851):Attempt" 
Debug[10:28:05]: log_breakpoint 
Debug[10:28:05]: 5 
Debug[10:28:06]: signal in logmode 
Debug[10:28:06]: "INF(10:28:06.175):Attempt" 
Debug[10:28:06]: log_breakpoint 
Debug[10:28:06]: 5 
Debug[10:28:06]: signal in logmode 
Debug[10:28:06]: "INF(10:28:06.488):Attempt" 
Debug[10:28:06]: log_breakpoint 
Debug[10:28:06]: 5 
Debug[10:28:15]: signal in logmode 
Debug[10:28:15]: "INF(10:28:15.822):Mode is OK" 
Debug[10:28:15]: log_breakpoint 
Debug[10:28:15]: 5 
Debug[10:28:15]: signal in logmode 
Debug[10:28:15]: "INF(10:28:15.837):Attempt" 
Debug[10:28:15]: log_breakpoint 
Debug[10:28:15]: 5 
Debug[10:28:16]: signal in logmode 
Debug[10:28:16]: "INF(10:28:16.175):Attempt" 
Debug[10:28:16]: log_breakpoint 
Debug[10:28:16]: 5 
Debug[10:28:16]: signal in logmode 
Debug[10:28:16]: "INF(10:28:16.500):Attempt" 
Debug[10:28:16]: log_breakpoint 
Debug[10:28:16]: 5 
Debug[10:28:16]: signal in logmode 
Debug[10:28:16]: "INF(10:28:16.814):Mode is OK" 
Debug[10:28:16]: log_breakpoint 
Debug[10:28:16]: 5 
Debug[10:28:16]: signal in logmode 
Debug[10:28:16]: "INF(10:28:16.821):Attempt" 
Debug[10:28:16]: log_breakpoint 
Debug[10:28:16]: 5 
Debug[10:28:17]: signal in logmode 
Debug[10:28:17]: "INF(10:28:17.141):Attempt" 
Debug[10:28:17]: log_breakpoint 
Debug[10:28:17]: 5 
Debug[10:28:17]: signal in logmode 
Debug[10:28:17]: "INF(10:28:17.453):Attempt" 
Debug[10:28:17]: log_breakpoint 
Debug[10:28:17]: 5 
Debug[10:28:17]: signal in logmode 
Debug[10:28:17]: "INF(10:28:17.770):Mode is OK" 
Debug[10:28:17]: log_breakpoint 
Debug[10:28:17]: 5 
Debug[10:28:17]: signal in logmode 
Debug[10:28:17]: "INF(10:28:17.776):Attempt" 
Debug[10:28:17]: log_breakpoint 
Debug[10:28:17]: 5 
Debug[10:28:17]: signal in logmode 
Debug[10:28:17]: "INF(10:28:17.788):RDUM master connected" 
Debug[10:28:17]: log_breakpoint 
Debug[10:28:17]: 5 
Debug[10:28:17]: signal in logmode 
Debug[10:28:17]: "INF(10:28:17.792):Connected to \\.\COM36" 
Debug[10:28:17]: log_breakpoint 
Debug[10:28:17]: 5 
Warning[10:28:17]: Could not parse stylesheet of widget 0x2d8f8c0
Debug[10:28:17]: "Resume:Logs" 
Debug[10:28:17]: "Resume:Settings" 
Debug[10:28:17]: "Resume:UartUartController" 
Debug[10:28:17]: "Resume:UartSpiController" 
Debug[10:28:17]: "Resume:UartSsiController" 
Debug[10:28:17]: "Resume:DSI3Master" 
Debug[10:28:17]: "Resume:ASICMaster" 
Debug[10:28:17]: "Resume:RDUMMaster" 
Debug[10:28:17]: "Resume:DSI3Slave" 
Debug[10:28:17]: "Resume:Measurement" 
Debug[10:28:17]: "Resume:CFARsim" 
Warning[12:47:50]: QObject::connect: Cannot connect LocalServer::log(int,QString) to (null)::slot_addLog(int,QString)
Debug[12:47:53]: LocalServer:new "" 
Debug[12:47:57]: "Suspend:Settings" 
Debug[12:47:57]: "Suspend:UartUartController" 
Debug[12:47:57]: "Suspend:UartSpiController" 
Debug[12:47:57]: "Suspend:UartSsiController" 
Debug[12:47:57]: "Suspend:DSI3Master" 
Debug[12:47:57]: "Suspend:ASICMaster" 
Debug[12:47:57]: "Suspend:RDUMMaster" 
Debug[12:47:57]: "Suspend:DSI3Slave" 
Debug[12:47:57]: "Suspend:Measurement" 
Debug[12:47:57]: "Suspend:CFARsim" 
Debug[12:47:57]: signal in logmode 
Debug[12:47:57]: "INF(12:47:57.786):Disconnect by user" 
Debug[12:47:57]: log_breakpoint 
Debug[12:47:57]: 5 
Debug[12:47:57]: signal in logmode 
Debug[12:47:57]: "INF(12:47:57.811):Disconnect by user" 
Debug[12:47:57]: log_breakpoint 
Debug[12:47:57]: 5 
Warning[12:48:01]: QObject::connect: Cannot connect LocalServer::log(int,QString) to (null)::slot_addLog(int,QString)
Debug[12:48:01]: LocalServer:new "\\.\pipe\DSI3PAS" 
Debug[12:48:01]: Register specific 
Debug[12:48:02]: DynScaleCaclulate 
Debug[12:48:02]: "init 2 UartUartController" 
Debug[12:48:02]: Ok 
Debug[12:48:02]: "init 3 UartSpiController" 
Debug[12:48:02]: Ok 
Debug[12:48:02]: "init 4 UartSsiController" 
Debug[12:48:02]: Ok 
Debug[12:48:02]: "init 5 DSI3Master" 
Debug[12:48:02]: Ok 
Debug[12:48:02]: "init 6 ASICMaster" 
Debug[12:48:02]: Ok 
Debug[12:48:02]: "init 7 RDUMMaster" 
Debug[12:48:02]: Ok 
Debug[12:48:02]: "init 8 DSI3Slave" 
Debug[12:48:03]: Ok 
Debug[12:48:03]: "init 9 Measurement" 
Debug[12:48:04]: Ok 
Debug[12:48:04]: "init 10 CFARsim" 
Debug[12:48:04]: Ok 
Debug[12:48:04]: MainApp Starting... 
Debug[12:48:04]: Add applets to MainWindow...
 
Debug[12:48:04]: Initialize Connection... 
Debug[12:48:04]: signal in logmode 
Debug[12:48:04]: "INF(12:48:04.985):Mode is OK" 
Debug[12:48:04]: log_breakpoint 
Debug[12:48:04]: 5 
Debug[12:48:04]: signal in logmode 
Debug[12:48:04]: "INF(12:48:04.987):Attempt" 
Debug[12:48:04]: log_breakpoint 
Debug[12:48:04]: 5 
Debug[12:48:05]: signal in logmode 
Debug[12:48:05]: "INF(12:48:05.293):Attempt" 
Debug[12:48:05]: log_breakpoint 
Debug[12:48:05]: 5 
Debug[12:48:05]: signal in logmode 
Debug[12:48:05]: "INF(12:48:05.606):Attempt" 
Debug[12:48:05]: log_breakpoint 
Debug[12:48:05]: 5 
Debug[12:48:05]: signal in logmode 
Debug[12:48:05]: "INF(12:48:05.916):Mode is OK" 
Debug[12:48:05]: log_breakpoint 
Debug[12:48:05]: 5 
Debug[12:48:05]: signal in logmode 
Debug[12:48:05]: "INF(12:48:05.920):Attempt" 
Debug[12:48:05]: log_breakpoint 
Debug[12:48:05]: 5 
Debug[12:48:06]: signal in logmode 
Debug[12:48:06]: "INF(12:48:06.227):Attempt" 
Debug[12:48:06]: log_breakpoint 
Debug[12:48:06]: 5 
Debug[12:48:06]: signal in logmode 
Debug[12:48:06]: "INF(12:48:06.540):Attempt" 
Debug[12:48:06]: log_breakpoint 
Debug[12:48:06]: 5 
Debug[12:48:06]: signal in logmode 
Debug[12:48:06]: "INF(12:48:06.852):Mode is OK" 
Debug[12:48:06]: log_breakpoint 
Debug[12:48:06]: 5 
Debug[12:48:06]: signal in logmode 
Debug[12:48:06]: "INF(12:48:06.855):Attempt" 
Debug[12:48:06]: log_breakpoint 
Debug[12:48:06]: 5 
Debug[12:48:07]: signal in logmode 
Debug[12:48:07]: "INF(12:48:07.011):Mode is OK" 
Debug[12:48:07]: log_breakpoint 
Debug[12:48:07]: 5 
Debug[12:48:07]: signal in logmode 
Debug[12:48:07]: "INF(12:48:07.015):Attempt" 
Debug[12:48:07]: log_breakpoint 
Debug[12:48:07]: 5 
Debug[12:48:07]: signal in logmode 
Debug[12:48:07]: "INF(12:48:07.321):Attempt" 
Debug[12:48:07]: log_breakpoint 
Debug[12:48:07]: 5 
Debug[12:48:07]: signal in logmode 
Debug[12:48:07]: "INF(12:48:07.632):Attempt" 
Debug[12:48:07]: log_breakpoint 
Debug[12:48:07]: 5 
Debug[12:48:07]: signal in logmode 
Debug[12:48:07]: "INF(12:48:07.945):Mode is OK" 
Debug[12:48:07]: log_breakpoint 
Debug[12:48:07]: 5 
Debug[12:48:07]: signal in logmode 
Debug[12:48:07]: "INF(12:48:07.948):Attempt" 
Debug[12:48:07]: log_breakpoint 
Debug[12:48:07]: 5 
Debug[12:48:08]: signal in logmode 
Debug[12:48:08]: "INF(12:48:08.259):Attempt" 
Debug[12:48:08]: log_breakpoint 
Debug[12:48:08]: 5 
Debug[12:48:08]: signal in logmode 
Debug[12:48:08]: "INF(12:48:08.574):Attempt" 
Debug[12:48:08]: log_breakpoint 
Debug[12:48:08]: 5 
Debug[12:48:08]: signal in logmode 
Debug[12:48:08]: "INF(12:48:08.885):Mode is OK" 
Debug[12:48:08]: log_breakpoint 
Debug[12:48:08]: 5 
Debug[12:48:08]: signal in logmode 
Debug[12:48:08]: "INF(12:48:08.889):Attempt" 
Debug[12:48:08]: log_breakpoint 
Debug[12:48:08]: 5 
Debug[12:48:09]: signal in logmode 
Debug[12:48:09]: "INF(12:48:09.213):Attempt" 
Debug[12:48:09]: log_breakpoint 
Debug[12:48:09]: 5 
Debug[12:48:09]: signal in logmode 
Debug[12:48:09]: "INF(12:48:09.524):Attempt" 
Debug[12:48:09]: log_breakpoint 
Debug[12:48:09]: 5 
Debug[12:48:09]: signal in logmode 
Debug[12:48:09]: "INF(12:48:09.837):Mode is OK" 
Debug[12:48:09]: log_breakpoint 
Debug[12:48:09]: 5 
Debug[12:48:09]: signal in logmode 
Debug[12:48:09]: "INF(12:48:09.842):Attempt" 
Debug[12:48:09]: log_breakpoint 
Debug[12:48:09]: 5 
Debug[12:48:10]: signal in logmode 
Debug[12:48:10]: "INF(12:48:10.147):Attempt" 
Debug[12:48:10]: log_breakpoint 
Debug[12:48:10]: 5 
Debug[12:48:10]: signal in logmode 
Debug[12:48:10]: "INF(12:48:10.460):Attempt" 
Debug[12:48:10]: log_breakpoint 
Debug[12:48:10]: 5 
Debug[12:48:14]: signal in logmode 
Debug[12:48:14]: "INF(12:48:14.313):Mode is OK" 
Debug[12:48:14]: log_breakpoint 
Debug[12:48:14]: 5 
Debug[12:48:14]: signal in logmode 
Debug[12:48:14]: "INF(12:48:14.316):Attempt" 
Debug[12:48:14]: log_breakpoint 
Debug[12:48:14]: 5 
Debug[12:48:14]: signal in logmode 
Debug[12:48:14]: "INF(12:48:14.624):Attempt" 
Debug[12:48:14]: log_breakpoint 
Debug[12:48:14]: 5 
Debug[12:48:14]: signal in logmode 
Debug[12:48:14]: "INF(12:48:14.936):Attempt" 
Debug[12:48:14]: log_breakpoint 
Debug[12:48:14]: 5 
Debug[12:48:15]: signal in logmode 
Debug[12:48:15]: "INF(12:48:15.246):Mode is OK" 
Debug[12:48:15]: log_breakpoint 
Debug[12:48:15]: 5 
Debug[12:48:15]: signal in logmode 
Debug[12:48:15]: "INF(12:48:15.251):Attempt" 
Debug[12:48:15]: log_breakpoint 
Debug[12:48:15]: 5 
Debug[12:48:15]: signal in logmode 
Debug[12:48:15]: "INF(12:48:15.556):Attempt" 
Debug[12:48:15]: log_breakpoint 
Debug[12:48:15]: 5 
Debug[12:48:15]: signal in logmode 
Debug[12:48:15]: "INF(12:48:15.867):Attempt" 
Debug[12:48:15]: log_breakpoint 
Debug[12:48:15]: 5 
Debug[12:48:16]: signal in logmode 
Debug[12:48:16]: "INF(12:48:16.180):Mode is OK" 
Debug[12:48:16]: log_breakpoint 
Debug[12:48:16]: 5 
Debug[12:48:16]: signal in logmode 
Debug[12:48:16]: "INF(12:48:16.185):Attempt" 
Debug[12:48:16]: log_breakpoint 
Debug[12:48:16]: 5 
Debug[12:48:16]: signal in logmode 
Debug[12:48:16]: "INF(12:48:16.210):RDUM master connected" 
Debug[12:48:16]: log_breakpoint 
Debug[12:48:16]: 5 
Debug[12:48:16]: signal in logmode 
Debug[12:48:16]: "INF(12:48:16.216):Connected to \\.\COM98" 
Debug[12:48:16]: log_breakpoint 
Debug[12:48:16]: 5 
Warning[12:48:16]: Could not parse stylesheet of widget 0x3410420
Debug[12:48:16]: "Resume:Logs" 
Debug[12:48:16]: "Resume:Settings" 
Debug[12:48:16]: "Resume:UartUartController" 
Debug[12:48:16]: "Resume:UartSpiController" 
Debug[12:48:16]: "Resume:UartSsiController" 
Debug[12:48:16]: "Resume:DSI3Master" 
Debug[12:48:16]: "Resume:ASICMaster" 
Debug[12:48:16]: "Resume:RDUMMaster" 
Debug[12:48:16]: "Resume:DSI3Slave" 
Debug[12:48:16]: "Resume:Measurement" 
Debug[12:48:16]: "Resume:CFARsim" 
Debug[12:58:22]: "Suspend:Settings" 
Debug[12:58:22]: "Suspend:UartUartController" 
Debug[12:58:22]: "Suspend:UartSpiController" 
Debug[12:58:22]: "Suspend:UartSsiController" 
Debug[12:58:22]: "Suspend:DSI3Master" 
Debug[12:58:22]: "Suspend:ASICMaster" 
Debug[12:58:22]: "Suspend:RDUMMaster" 
Debug[12:58:22]: "Suspend:DSI3Slave" 
Debug[12:58:22]: "Suspend:Measurement" 
Debug[12:58:22]: "Suspend:CFARsim" 
Debug[12:58:22]: signal in logmode 
Debug[12:58:22]: "INF(12:58:22.408):Disconnect by user" 
Debug[12:58:22]: log_breakpoint 
Debug[12:58:22]: 5 
Debug[12:58:22]: signal in logmode 
Debug[12:58:22]: "INF(12:58:22.544):Disconnect by user" 
Debug[12:58:22]: log_breakpoint 
Debug[12:58:22]: 5 
Warning[13:56:15]: QObject::connect: Cannot connect LocalServer::log(int,QString) to (null)::slot_addLog(int,QString)
Debug[13:56:15]: LocalServer:new "\\.\pipe\DSI3PAS" 
Debug[13:56:15]: Register specific 
Debug[13:56:15]: DynScaleCaclulate 
Debug[13:56:15]: "init 2 UartUartController" 
Debug[13:56:15]: Ok 
Debug[13:56:15]: "init 3 UartSpiController" 
Debug[13:56:15]: Ok 
Debug[13:56:15]: "init 4 UartSsiController" 
Debug[13:56:15]: Ok 
Debug[13:56:15]: "init 5 DSI3Master" 
Debug[13:56:15]: Ok 
Debug[13:56:15]: "init 6 ASICMaster" 
Debug[13:56:15]: Ok 
Debug[13:56:15]: "init 7 RDUMMaster" 
Debug[13:56:16]: Ok 
Debug[13:56:16]: "init 8 DSI3Slave" 
Debug[13:56:16]: Ok 
Debug[13:56:16]: "init 9 Measurement" 
Debug[13:56:17]: Ok 
Debug[13:56:17]: "init 10 CFARsim" 
Debug[13:56:17]: Ok 
Debug[13:56:17]: MainApp Starting... 
Debug[13:56:18]: Add applets to MainWindow...
 
Debug[13:56:18]: Initialize Connection... 
Debug[13:56:20]: signal in logmode 
Debug[13:56:20]: "INF(13:56:20.463):Disconnect by user" 
Debug[13:56:20]: log_breakpoint 
Debug[13:56:20]: 5 
Debug[13:56:20]: signal in logmode 
Debug[13:56:20]: "INF(13:56:20.521):Disconnect by user" 
Debug[13:56:20]: log_breakpoint 
Debug[13:56:20]: 5 
Warning[14:40:23]: QObject::connect: Cannot connect LocalServer::log(int,QString) to (null)::slot_addLog(int,QString)
Debug[14:40:23]: LocalServer:new "\\.\pipe\DSI3PAS" 
Debug[14:40:23]: Register specific 
Debug[14:40:24]: DynScaleCaclulate 
Debug[14:40:24]: "init 2 UartUartController" 
Debug[14:40:24]: Ok 
Debug[14:40:24]: "init 3 UartSpiController" 
Debug[14:40:24]: Ok 
Debug[14:40:24]: "init 4 UartSsiController" 
Debug[14:40:24]: Ok 
Debug[14:40:24]: "init 5 DSI3Master" 
Debug[14:40:24]: Ok 
Debug[14:40:24]: "init 6 ASICMaster" 
Debug[14:40:24]: Ok 
Debug[14:40:24]: "init 7 RDUMMaster" 
Debug[14:40:24]: Ok 
Debug[14:40:24]: "init 8 DSI3Slave" 
Debug[14:40:25]: Ok 
Debug[14:40:25]: "init 9 Measurement" 
Debug[14:40:26]: Ok 
Debug[14:40:26]: "init 10 CFARsim" 
Debug[14:40:26]: Ok 
Debug[14:40:26]: MainApp Starting... 
Debug[14:40:26]: Add applets to MainWindow...
 
Debug[14:40:26]: Initialize Connection... 
Debug[14:40:27]: signal in logmode 
Debug[14:40:27]: "INF(14:40:27.245):Mode is OK" 
Debug[14:40:27]: log_breakpoint 
Debug[14:40:27]: 5 
Debug[14:40:27]: signal in logmode 
Debug[14:40:27]: "INF(14:40:27.246):Attempt" 
Debug[14:40:27]: log_breakpoint 
Debug[14:40:27]: 5 
Debug[14:40:27]: signal in logmode 
Debug[14:40:27]: "INF(14:40:27.560):Attempt" 
Debug[14:40:27]: log_breakpoint 
Debug[14:40:27]: 5 
Debug[14:40:27]: signal in logmode 
Debug[14:40:27]: "INF(14:40:27.869):Attempt" 
Debug[14:40:27]: log_breakpoint 
Debug[14:40:27]: 5 
Debug[14:40:28]: signal in logmode 
Debug[14:40:28]: "INF(14:40:28.181):Mode is OK" 
Debug[14:40:28]: log_breakpoint 
Debug[14:40:28]: 5 
Debug[14:40:28]: signal in logmode 
Debug[14:40:28]: "INF(14:40:28.184):Attempt" 
Debug[14:40:28]: log_breakpoint 
Debug[14:40:28]: 5 
Debug[14:40:28]: signal in logmode 
Debug[14:40:28]: "INF(14:40:28.493):Attempt" 
Debug[14:40:28]: log_breakpoint 
Debug[14:40:28]: 5 
Debug[14:40:28]: signal in logmode 
Debug[14:40:28]: "INF(14:40:28.807):Attempt" 
Debug[14:40:28]: log_breakpoint 
Debug[14:40:28]: 5 
Debug[14:40:29]: signal in logmode 
Debug[14:40:29]: "INF(14:40:29.115):Mode is OK" 
Debug[14:40:29]: log_breakpoint 
Debug[14:40:29]: 5 
Debug[14:40:29]: signal in logmode 
Debug[14:40:29]: "INF(14:40:29.118):Attempt" 
Debug[14:40:29]: log_breakpoint 
Debug[14:40:29]: 5 
Debug[14:40:29]: signal in logmode 
Debug[14:40:29]: "INF(14:40:29.276):Mode is OK" 
Debug[14:40:29]: log_breakpoint 
Debug[14:40:29]: 5 
Debug[14:40:29]: signal in logmode 
Debug[14:40:29]: "INF(14:40:29.279):Attempt" 
Debug[14:40:29]: log_breakpoint 
Debug[14:40:29]: 5 
Debug[14:40:29]: signal in logmode 
Debug[14:40:29]: "INF(14:40:29.599):Attempt" 
Debug[14:40:29]: log_breakpoint 
Debug[14:40:29]: 5 
Debug[14:40:29]: signal in logmode 
Debug[14:40:29]: "INF(14:40:29.911):Attempt" 
Debug[14:40:29]: log_breakpoint 
Debug[14:40:29]: 5 
Debug[14:40:30]: signal in logmode 
Debug[14:40:30]: "INF(14:40:30.219):Mode is OK" 
Debug[14:40:30]: log_breakpoint 
Debug[14:40:30]: 5 
Debug[14:40:30]: signal in logmode 
Debug[14:40:30]: "INF(14:40:30.222):Attempt" 
Debug[14:40:30]: log_breakpoint 
Debug[14:40:30]: 5 
Debug[14:40:30]: signal in logmode 
Debug[14:40:30]: "INF(14:40:30.531):Attempt" 
Debug[14:40:30]: log_breakpoint 
Debug[14:40:30]: 5 
Debug[14:40:30]: signal in logmode 
Debug[14:40:30]: "INF(14:40:30.845):Attempt" 
Debug[14:40:30]: log_breakpoint 
Debug[14:40:30]: 5 
Debug[14:40:31]: signal in logmode 
Debug[14:40:31]: "INF(14:40:31.157):Mode is OK" 
Debug[14:40:31]: log_breakpoint 
Debug[14:40:31]: 5 
Debug[14:40:31]: signal in logmode 
Debug[14:40:31]: "INF(14:40:31.162):Attempt" 
Debug[14:40:31]: log_breakpoint 
Debug[14:40:31]: 5 
Debug[14:40:31]: signal in logmode 
Debug[14:40:31]: "INF(14:40:31.468):Attempt" 
Debug[14:40:31]: log_breakpoint 
Debug[14:40:31]: 5 
Debug[14:40:31]: signal in logmode 
Debug[14:40:31]: "INF(14:40:31.778):Attempt" 
Debug[14:40:31]: log_breakpoint 
Debug[14:40:31]: 5 
Debug[14:40:32]: signal in logmode 
Debug[14:40:32]: "INF(14:40:32.093):Mode is OK" 
Debug[14:40:32]: log_breakpoint 
Debug[14:40:32]: 5 
Debug[14:40:32]: signal in logmode 
Debug[14:40:32]: "INF(14:40:32.096):Attempt" 
Debug[14:40:32]: log_breakpoint 
Debug[14:40:32]: 5 
Debug[14:40:32]: signal in logmode 
Debug[14:40:32]: "INF(14:40:32.402):Attempt" 
Debug[14:40:32]: log_breakpoint 
Debug[14:40:32]: 5 
Debug[14:40:32]: signal in logmode 
Debug[14:40:32]: "INF(14:40:32.716):Attempt" 
Debug[14:40:32]: log_breakpoint 
Debug[14:40:32]: 5 
Debug[14:40:35]: signal in logmode 
Debug[14:40:35]: "INF(14:40:35.914):Mode is OK" 
Debug[14:40:35]: log_breakpoint 
Debug[14:40:35]: 5 
Debug[14:40:35]: signal in logmode 
Debug[14:40:35]: "INF(14:40:35.916):Attempt" 
Debug[14:40:35]: log_breakpoint 
Debug[14:40:35]: 5 
Debug[14:40:36]: signal in logmode 
Debug[14:40:36]: "INF(14:40:36.220):Attempt" 
Debug[14:40:36]: log_breakpoint 
Debug[14:40:36]: 5 
Debug[14:40:36]: signal in logmode 
Debug[14:40:36]: "INF(14:40:36.531):Attempt" 
Debug[14:40:36]: log_breakpoint 
Debug[14:40:36]: 5 
Debug[14:40:36]: signal in logmode 
Debug[14:40:36]: "INF(14:40:36.842):Mode is OK" 
Debug[14:40:36]: log_breakpoint 
Debug[14:40:36]: 5 
Debug[14:40:36]: signal in logmode 
Debug[14:40:36]: "INF(14:40:36.845):Attempt" 
Debug[14:40:36]: log_breakpoint 
Debug[14:40:36]: 5 
Debug[14:40:37]: signal in logmode 
Debug[14:40:37]: "INF(14:40:37.151):Attempt" 
Debug[14:40:37]: log_breakpoint 
Debug[14:40:37]: 5 
Debug[14:40:37]: signal in logmode 
Debug[14:40:37]: "INF(14:40:37.462):Attempt" 
Debug[14:40:37]: log_breakpoint 
Debug[14:40:37]: 5 
Debug[14:40:37]: signal in logmode 
Debug[14:40:37]: "INF(14:40:37.775):Mode is OK" 
Debug[14:40:37]: log_breakpoint 
Debug[14:40:37]: 5 
Debug[14:40:37]: signal in logmode 
Debug[14:40:37]: "INF(14:40:37.778):Attempt" 
Debug[14:40:37]: log_breakpoint 
Debug[14:40:37]: 5 
Debug[14:40:37]: signal in logmode 
Debug[14:40:37]: "INF(14:40:37.781):RDUM master connected" 
Debug[14:40:37]: log_breakpoint 
Debug[14:40:37]: 5 
Debug[14:40:37]: signal in logmode 
Debug[14:40:37]: "INF(14:40:37.784):Connected to \\.\COM36" 
Debug[14:40:37]: log_breakpoint 
Debug[14:40:37]: 5 
Warning[14:40:37]: Could not parse stylesheet of widget 0x346ff00
Debug[14:40:37]: "Resume:Logs" 
Debug[14:40:37]: "Resume:Settings" 
Debug[14:40:37]: "Resume:UartUartController" 
Debug[14:40:37]: "Resume:UartSpiController" 
Debug[14:40:37]: "Resume:UartSsiController" 
Debug[14:40:37]: "Resume:DSI3Master" 
Debug[14:40:37]: "Resume:ASICMaster" 
Debug[14:40:37]: "Resume:RDUMMaster" 
Debug[14:40:37]: "Resume:DSI3Slave" 
Debug[14:40:37]: "Resume:Measurement" 
Debug[14:40:37]: "Resume:CFARsim" 
Debug[16:52:03]: "Suspend:Settings" 
Debug[16:52:03]: "Suspend:UartUartController" 
Debug[16:52:03]: "Suspend:UartSpiController" 
Debug[16:52:03]: "Suspend:UartSsiController" 
Debug[16:52:03]: "Suspend:DSI3Master" 
Debug[16:52:03]: "Suspend:ASICMaster" 
Debug[16:52:03]: "Suspend:RDUMMaster" 
Debug[16:52:03]: "Suspend:DSI3Slave" 
Debug[16:52:03]: "Suspend:Measurement" 
Debug[16:52:03]: "Suspend:CFARsim" 
Debug[16:52:03]: signal in logmode 
Debug[16:52:03]: "INF(16:52:03.286):Disconnect by user" 
Debug[16:52:03]: log_breakpoint 
Debug[16:52:03]: 5 
Debug[16:52:03]: signal in logmode 
Debug[16:52:03]: "INF(16:52:03.348):Disconnect by user" 
Debug[16:52:03]: log_breakpoint 
Debug[16:52:03]: 5 
Warning[16:52:12]: QObject::connect: Cannot connect LocalServer::log(int,QString) to (null)::slot_addLog(int,QString)
Debug[16:52:12]: LocalServer:new "\\.\pipe\DSI3PAS" 
Debug[16:52:13]: Register specific 
Debug[16:52:13]: DynScaleCaclulate 
Debug[16:52:13]: "init 2 UartUartController" 
Debug[16:52:13]: Ok 
Debug[16:52:13]: "init 3 UartSpiController" 
Debug[16:52:13]: Ok 
Debug[16:52:13]: "init 4 UartSsiController" 
Debug[16:52:13]: Ok 
Debug[16:52:13]: "init 5 DSI3Master" 
Debug[16:52:13]: Ok 
Debug[16:52:13]: "init 6 ASICMaster" 
Debug[16:52:13]: Ok 
Debug[16:52:13]: "init 7 RDUMMaster" 
Debug[16:52:13]: Ok 
Debug[16:52:13]: "init 8 DSI3Slave" 
Debug[16:52:14]: Ok 
Debug[16:52:14]: "init 9 Measurement" 
Debug[16:52:15]: Ok 
Debug[16:52:15]: "init 10 CFARsim" 
Debug[16:52:15]: Ok 
Debug[16:52:15]: MainApp Starting... 
Debug[16:52:15]: Add applets to MainWindow...
 
Debug[16:52:15]: Initialize Connection... 
Debug[16:52:16]: signal in logmode 
Debug[16:52:16]: "INF(16:52:16.093):Mode is OK" 
Debug[16:52:16]: log_breakpoint 
Debug[16:52:16]: 5 
Debug[16:52:16]: signal in logmode 
Debug[16:52:16]: "INF(16:52:16.095):Attempt" 
Debug[16:52:16]: log_breakpoint 
Debug[16:52:16]: 5 
Debug[16:52:16]: signal in logmode 
Debug[16:52:16]: "INF(16:52:16.400):Attempt" 
Debug[16:52:16]: log_breakpoint 
Debug[16:52:16]: 5 
Debug[16:52:16]: signal in logmode 
Debug[16:52:16]: "INF(16:52:16.712):Attempt" 
Debug[16:52:16]: log_breakpoint 
Debug[16:52:16]: 5 
Debug[16:52:17]: signal in logmode 
Debug[16:52:17]: "INF(16:52:17.026):Mode is OK" 
Debug[16:52:17]: log_breakpoint 
Debug[16:52:17]: 5 
Debug[16:52:17]: signal in logmode 
Debug[16:52:17]: "INF(16:52:17.028):Attempt" 
Debug[16:52:17]: log_breakpoint 
Debug[16:52:17]: 5 
Debug[16:52:17]: signal in logmode 
Debug[16:52:17]: "INF(16:52:17.337):Attempt" 
Debug[16:52:17]: log_breakpoint 
Debug[16:52:17]: 5 
Debug[16:52:17]: signal in logmode 
Debug[16:52:17]: "INF(16:52:17.648):Attempt" 
Debug[16:52:17]: log_breakpoint 
Debug[16:52:17]: 5 
Debug[16:52:17]: signal in logmode 
Debug[16:52:17]: "INF(16:52:17.961):Mode is OK" 
Debug[16:52:17]: log_breakpoint 
Debug[16:52:17]: 5 
Debug[16:52:17]: signal in logmode 
Debug[16:52:17]: "INF(16:52:17.965):Attempt" 
Debug[16:52:17]: log_breakpoint 
Debug[16:52:17]: 5 
Debug[16:52:18]: signal in logmode 
Debug[16:52:18]: "INF(16:52:18.123):Mode is OK" 
Debug[16:52:18]: log_breakpoint 
Debug[16:52:18]: 5 
Debug[16:52:18]: signal in logmode 
Debug[16:52:18]: "INF(16:52:18.127):Attempt" 
Debug[16:52:18]: log_breakpoint 
Debug[16:52:18]: 5 
Debug[16:52:18]: signal in logmode 
Debug[16:52:18]: "INF(16:52:18.442):Attempt" 
Debug[16:52:18]: log_breakpoint 
Debug[16:52:18]: 5 
Debug[16:52:18]: signal in logmode 
Debug[16:52:18]: "INF(16:52:18.756):Attempt" 
Debug[16:52:18]: log_breakpoint 
Debug[16:52:18]: 5 
Debug[16:52:19]: signal in logmode 
Debug[16:52:19]: "INF(16:52:19.065):Mode is OK" 
Debug[16:52:19]: log_breakpoint 
Debug[16:52:19]: 5 
Debug[16:52:19]: signal in logmode 
Debug[16:52:19]: "INF(16:52:19.068):Attempt" 
Debug[16:52:19]: log_breakpoint 
Debug[16:52:19]: 5 
Debug[16:52:19]: signal in logmode 
Debug[16:52:19]: "INF(16:52:19.379):Attempt" 
Debug[16:52:19]: log_breakpoint 
Debug[16:52:19]: 5 
Debug[16:52:19]: signal in logmode 
Debug[16:52:19]: "INF(16:52:19.703):Attempt" 
Debug[16:52:19]: log_breakpoint 
Debug[16:52:19]: 5 
Debug[16:52:20]: signal in logmode 
Debug[16:52:20]: "INF(16:52:20.021):Mode is OK" 
Debug[16:52:20]: log_breakpoint 
Debug[16:52:20]: 5 
Debug[16:52:20]: signal in logmode 
Debug[16:52:20]: "INF(16:52:20.026):Attempt" 
Debug[16:52:20]: log_breakpoint 
Debug[16:52:20]: 5 
Debug[16:52:20]: signal in logmode 
Debug[16:52:20]: "INF(16:52:20.334):Attempt" 
Debug[16:52:20]: log_breakpoint 
Debug[16:52:20]: 5 
Debug[16:52:20]: signal in logmode 
Debug[16:52:20]: "INF(16:52:20.646):Attempt" 
Debug[16:52:20]: log_breakpoint 
Debug[16:52:20]: 5 
Debug[16:52:20]: signal in logmode 
Debug[16:52:20]: "INF(16:52:20.958):Mode is OK" 
Debug[16:52:20]: log_breakpoint 
Debug[16:52:20]: 5 
Debug[16:52:20]: signal in logmode 
Debug[16:52:20]: "INF(16:52:20.962):Attempt" 
Debug[16:52:20]: log_breakpoint 
Debug[16:52:20]: 5 
Debug[16:52:21]: signal in logmode 
Debug[16:52:21]: "INF(16:52:21.271):Attempt" 
Debug[16:52:21]: log_breakpoint 
Debug[16:52:21]: 5 
Debug[16:52:21]: signal in logmode 
Debug[16:52:21]: "INF(16:52:21.579):Attempt" 
Debug[16:52:21]: log_breakpoint 
Debug[16:52:21]: 5 
Debug[16:52:24]: signal in logmode 
Debug[16:52:24]: "INF(16:52:24.630):Mode is OK" 
Debug[16:52:24]: log_breakpoint 
Debug[16:52:24]: 5 
Debug[16:52:24]: signal in logmode 
Debug[16:52:24]: "INF(16:52:24.634):Attempt" 
Debug[16:52:24]: log_breakpoint 
Debug[16:52:24]: 5 
Debug[16:52:24]: signal in logmode 
Debug[16:52:24]: "INF(16:52:24.947):Attempt" 
Debug[16:52:24]: log_breakpoint 
Debug[16:52:24]: 5 
Debug[16:52:25]: signal in logmode 
Debug[16:52:25]: "INF(16:52:25.263):Attempt" 
Debug[16:52:25]: log_breakpoint 
Debug[16:52:25]: 5 
Debug[16:52:25]: signal in logmode 
Debug[16:52:25]: "INF(16:52:25.574):Mode is OK" 
Debug[16:52:25]: log_breakpoint 
Debug[16:52:25]: 5 
Debug[16:52:25]: signal in logmode 
Debug[16:52:25]: "INF(16:52:25.576):Attempt" 
Debug[16:52:25]: log_breakpoint 
Debug[16:52:25]: 5 
Debug[16:52:25]: signal in logmode 
Debug[16:52:25]: "INF(16:52:25.885):Attempt" 
Debug[16:52:25]: log_breakpoint 
Debug[16:52:25]: 5 
Debug[16:52:26]: signal in logmode 
Debug[16:52:26]: "INF(16:52:26.195):Attempt" 
Debug[16:52:26]: log_breakpoint 
Debug[16:52:26]: 5 
Debug[16:52:26]: signal in logmode 
Debug[16:52:26]: "INF(16:52:26.508):Mode is OK" 
Debug[16:52:26]: log_breakpoint 
Debug[16:52:26]: 5 
Debug[16:52:26]: signal in logmode 
Debug[16:52:26]: "INF(16:52:26.512):Attempt" 
Debug[16:52:26]: log_breakpoint 
Debug[16:52:26]: 5 
Debug[16:52:26]: signal in logmode 
Debug[16:52:26]: "INF(16:52:26.823):Attempt" 
Debug[16:52:26]: log_breakpoint 
Debug[16:52:26]: 5 
Debug[16:52:26]: signal in logmode 
Debug[16:52:26]: "INF(16:52:26.837):RDUM master connected" 
Debug[16:52:26]: log_breakpoint 
Debug[16:52:26]: 5 
Debug[16:52:26]: signal in logmode 
Debug[16:52:26]: "INF(16:52:26.841):Connected to \\.\COM98" 
Debug[16:52:26]: log_breakpoint 
Debug[16:52:26]: 5 
Warning[16:52:26]: Could not parse stylesheet of widget 0x2d0fbc0
Debug[16:52:26]: "Resume:Logs" 
Debug[16:52:26]: "Resume:Settings" 
Debug[16:52:26]: "Resume:UartUartController" 
Debug[16:52:26]: "Resume:UartSpiController" 
Debug[16:52:26]: "Resume:UartSsiController" 
Debug[16:52:26]: "Resume:DSI3Master" 
Debug[16:52:26]: "Resume:ASICMaster" 
Debug[16:52:26]: "Resume:RDUMMaster" 
Debug[16:52:26]: "Resume:DSI3Slave" 
Debug[16:52:26]: "Resume:Measurement" 
Debug[16:52:26]: "Resume:CFARsim" 
Debug[16:54:04]: "Suspend:Settings" 
Debug[16:54:04]: "Suspend:UartUartController" 
Debug[16:54:04]: "Suspend:UartSpiController" 
Debug[16:54:04]: "Suspend:UartSsiController" 
Debug[16:54:04]: "Suspend:DSI3Master" 
Debug[16:54:04]: "Suspend:ASICMaster" 
Debug[16:54:04]: "Suspend:RDUMMaster" 
Debug[16:54:04]: "Suspend:DSI3Slave" 
Debug[16:54:04]: "Suspend:Measurement" 
Debug[16:54:04]: "Suspend:CFARsim" 
Debug[16:54:04]: signal in logmode 
Debug[16:54:04]: "INF(16:54:04.671):Disconnect by user" 
Debug[16:54:04]: log_breakpoint 
Debug[16:54:04]: 5 
Debug[16:54:04]: signal in logmode 
Debug[16:54:04]: "INF(16:54:04.697):Disconnect by user" 
Debug[16:54:04]: log_breakpoint 
Debug[16:54:04]: 5 
Warning[16:54:25]: QObject::connect: Cannot connect LocalServer::log(int,QString) to (null)::slot_addLog(int,QString)
Debug[16:54:25]: LocalServer:new "\\.\pipe\DSI3PAS" 
Debug[16:54:25]: Register specific 
Debug[16:54:26]: DynScaleCaclulate 
Debug[16:54:26]: "init 2 UartUartController" 
Debug[16:54:26]: Ok 
Debug[16:54:26]: "init 3 UartSpiController" 
Debug[16:54:26]: Ok 
Debug[16:54:26]: "init 4 UartSsiController" 
Debug[16:54:26]: Ok 
Debug[16:54:26]: "init 5 DSI3Master" 
Debug[16:54:26]: Ok 
Debug[16:54:26]: "init 6 ASICMaster" 
Debug[16:54:26]: Ok 
Debug[16:54:26]: "init 7 RDUMMaster" 
Debug[16:54:26]: Ok 
Debug[16:54:26]: "init 8 DSI3Slave" 
Debug[16:54:27]: Ok 
Debug[16:54:27]: "init 9 Measurement" 
Debug[16:54:28]: Ok 
Debug[16:54:28]: "init 10 CFARsim" 
Debug[16:54:28]: Ok 
Debug[16:54:28]: MainApp Starting... 
Debug[16:54:29]: Add applets to MainWindow...
 
Debug[16:54:29]: Initialize Connection... 
Debug[16:54:30]: signal in logmode 
Debug[16:54:30]: "INF(16:54:30.420):Mode is OK" 
Debug[16:54:30]: log_breakpoint 
Debug[16:54:30]: 5 
Debug[16:54:30]: signal in logmode 
Debug[16:54:30]: "INF(16:54:30.422):Attempt" 
Debug[16:54:30]: log_breakpoint 
Debug[16:54:30]: 5 
Debug[16:54:30]: signal in logmode 
Debug[16:54:30]: "INF(16:54:30.734):Attempt" 
Debug[16:54:30]: log_breakpoint 
Debug[16:54:30]: 5 
Debug[16:54:31]: signal in logmode 
Debug[16:54:31]: "INF(16:54:31.048):Attempt" 
Debug[16:54:31]: log_breakpoint 
Debug[16:54:31]: 5 
Debug[16:54:31]: signal in logmode 
Debug[16:54:31]: "INF(16:54:31.360):Mode is OK" 
Debug[16:54:31]: log_breakpoint 
Debug[16:54:31]: 5 
Debug[16:54:31]: signal in logmode 
Debug[16:54:31]: "INF(16:54:31.364):Attempt" 
Debug[16:54:31]: log_breakpoint 
Debug[16:54:31]: 5 
Debug[16:54:31]: signal in logmode 
Debug[16:54:31]: "INF(16:54:31.674):Attempt" 
Debug[16:54:31]: log_breakpoint 
Debug[16:54:31]: 5 
Debug[16:54:31]: signal in logmode 
Debug[16:54:31]: "INF(16:54:31.982):Attempt" 
Debug[16:54:31]: log_breakpoint 
Debug[16:54:31]: 5 
Debug[16:54:32]: signal in logmode 
Debug[16:54:32]: "INF(16:54:32.296):Mode is OK" 
Debug[16:54:32]: log_breakpoint 
Debug[16:54:32]: 5 
Debug[16:54:32]: signal in logmode 
Debug[16:54:32]: "INF(16:54:32.302):Attempt" 
Debug[16:54:32]: log_breakpoint 
Debug[16:54:32]: 5 
Debug[16:54:32]: signal in logmode 
Debug[16:54:32]: "INF(16:54:32.472):Mode is OK" 
Debug[16:54:32]: log_breakpoint 
Debug[16:54:32]: 5 
Debug[16:54:32]: signal in logmode 
Debug[16:54:32]: "INF(16:54:32.477):Attempt" 
Debug[16:54:32]: log_breakpoint 
Debug[16:54:32]: 5 
Debug[16:54:32]: signal in logmode 
Debug[16:54:32]: "INF(16:54:32.797):Attempt" 
Debug[16:54:32]: log_breakpoint 
Debug[16:54:32]: 5 
Debug[16:54:33]: signal in logmode 
Debug[16:54:33]: "INF(16:54:33.105):Attempt" 
Debug[16:54:33]: log_breakpoint 
Debug[16:54:33]: 5 
Debug[16:54:33]: signal in logmode 
Debug[16:54:33]: "INF(16:54:33.415):Mode is OK" 
Debug[16:54:33]: log_breakpoint 
Debug[16:54:33]: 5 
Debug[16:54:33]: signal in logmode 
Debug[16:54:33]: "INF(16:54:33.421):Attempt" 
Debug[16:54:33]: log_breakpoint 
Debug[16:54:33]: 5 
Debug[16:54:33]: signal in logmode 
Debug[16:54:33]: "INF(16:54:33.730):Attempt" 
Debug[16:54:33]: log_breakpoint 
Debug[16:54:33]: 5 
Debug[16:54:34]: signal in logmode 
Debug[16:54:34]: "INF(16:54:34.039):Attempt" 
Debug[16:54:34]: log_breakpoint 
Debug[16:54:34]: 5 
Debug[16:54:34]: signal in logmode 
Debug[16:54:34]: "INF(16:54:34.352):Mode is OK" 
Debug[16:54:34]: log_breakpoint 
Debug[16:54:34]: 5 
Debug[16:54:34]: signal in logmode 
Debug[16:54:34]: "INF(16:54:34.357):Attempt" 
Debug[16:54:34]: log_breakpoint 
Debug[16:54:34]: 5 
Debug[16:54:34]: signal in logmode 
Debug[16:54:34]: "INF(16:54:34.677):Attempt" 
Debug[16:54:34]: log_breakpoint 
Debug[16:54:34]: 5 
Debug[16:54:34]: signal in logmode 
Debug[16:54:34]: "INF(16:54:34.992):Attempt" 
Debug[16:54:34]: log_breakpoint 
Debug[16:54:34]: 5 
Debug[16:54:35]: signal in logmode 
Debug[16:54:35]: "INF(16:54:35.303):Mode is OK" 
Debug[16:54:35]: log_breakpoint 
Debug[16:54:35]: 5 
Debug[16:54:35]: signal in logmode 
Debug[16:54:35]: "INF(16:54:35.307):Attempt" 
Debug[16:54:35]: log_breakpoint 
Debug[16:54:35]: 5 
Debug[16:54:35]: signal in logmode 
Debug[16:54:35]: "INF(16:54:35.614):Attempt" 
Debug[16:54:35]: log_breakpoint 
Debug[16:54:35]: 5 
Debug[16:54:35]: signal in logmode 
Debug[16:54:35]: "INF(16:54:35.925):Attempt" 
Debug[16:54:35]: log_breakpoint 
Debug[16:54:35]: 5 
Debug[16:54:39]: signal in logmode 
Debug[16:54:39]: "INF(16:54:39.063):Mode is OK" 
Debug[16:54:39]: log_breakpoint 
Debug[16:54:39]: 5 
Debug[16:54:39]: signal in logmode 
Debug[16:54:39]: "INF(16:54:39.067):Attempt" 
Debug[16:54:39]: log_breakpoint 
Debug[16:54:39]: 5 
Debug[16:54:39]: signal in logmode 
Debug[16:54:39]: "INF(16:54:39.384):Attempt" 
Debug[16:54:39]: log_breakpoint 
Debug[16:54:39]: 5 
Debug[16:54:39]: signal in logmode 
Debug[16:54:39]: "INF(16:54:39.698):Attempt" 
Debug[16:54:39]: log_breakpoint 
Debug[16:54:39]: 5 
Debug[16:54:40]: signal in logmode 
Debug[16:54:40]: "INF(16:54:40.008):Mode is OK" 
Debug[16:54:40]: log_breakpoint 
Debug[16:54:40]: 5 
Debug[16:54:40]: signal in logmode 
Debug[16:54:40]: "INF(16:54:40.013):Attempt" 
Debug[16:54:40]: log_breakpoint 
Debug[16:54:40]: 5 
Debug[16:54:40]: signal in logmode 
Debug[16:54:40]: "INF(16:54:40.321):Attempt" 
Debug[16:54:40]: log_breakpoint 
Debug[16:54:40]: 5 
Debug[16:54:40]: signal in logmode 
Debug[16:54:40]: "INF(16:54:40.633):Attempt" 
Debug[16:54:40]: log_breakpoint 
Debug[16:54:40]: 5 
Debug[16:54:40]: signal in logmode 
Debug[16:54:40]: "INF(16:54:40.946):Mode is OK" 
Debug[16:54:40]: log_breakpoint 
Debug[16:54:40]: 5 
Debug[16:54:40]: signal in logmode 
Debug[16:54:40]: "INF(16:54:40.949):Attempt" 
Debug[16:54:40]: log_breakpoint 
Debug[16:54:40]: 5 
Debug[16:54:40]: signal in logmode 
Debug[16:54:40]: "INF(16:54:40.975):RDUM master connected" 
Debug[16:54:40]: log_breakpoint 
Debug[16:54:40]: 5 
Debug[16:54:40]: signal in logmode 
Debug[16:54:40]: "INF(16:54:40.977):Connected to \\.\COM98" 
Debug[16:54:40]: log_breakpoint 
Debug[16:54:40]: 5 
Warning[16:54:40]: Could not parse stylesheet of widget 0x34bfc40
Debug[16:54:40]: "Resume:Logs" 
Debug[16:54:40]: "Resume:Settings" 
Debug[16:54:40]: "Resume:UartUartController" 
Debug[16:54:40]: "Resume:UartSpiController" 
Debug[16:54:40]: "Resume:UartSsiController" 
Debug[16:54:40]: "Resume:DSI3Master" 
Debug[16:54:40]: "Resume:ASICMaster" 
Debug[16:54:40]: "Resume:RDUMMaster" 
Debug[16:54:40]: "Resume:DSI3Slave" 
Debug[16:54:40]: "Resume:Measurement" 
Debug[16:54:40]: "Resume:CFARsim" 
Debug[17:35:33]: "Suspend:Settings" 
Debug[17:35:33]: "Suspend:UartUartController" 
Debug[17:35:33]: "Suspend:UartSpiController" 
Debug[17:35:33]: "Suspend:UartSsiController" 
Debug[17:35:33]: "Suspend:DSI3Master" 
Debug[17:35:33]: "Suspend:ASICMaster" 
Debug[17:35:33]: "Suspend:RDUMMaster" 
Debug[17:35:33]: "Suspend:DSI3Slave" 
Debug[17:35:33]: "Suspend:Measurement" 
Debug[17:35:33]: "Suspend:CFARsim" 
Debug[17:35:33]: signal in logmode 
Debug[17:35:33]: "INF(17:35:33.750):Disconnect by user" 
Debug[17:35:33]: log_breakpoint 
Debug[17:35:33]: 5 
Debug[17:35:33]: signal in logmode 
Debug[17:35:33]: "INF(17:35:33.784):Disconnect by user" 
Debug[17:35:33]: log_breakpoint 
Debug[17:35:33]: 5 
