Warning[10:24:42]: QObject::connect: Cannot connect LocalServer::log(int,QString) to (null)::slot_addLog(int,QString)
Debug[10:24:42]: LocalServer:new "\\.\pipe\DSI3PAS" 
Debug[10:24:43]: Register specific 
Debug[10:24:43]: DynScaleCaclulate 
Debug[10:24:43]: "init 2 UartUartController" 
Debug[10:24:43]: Ok 
Debug[10:24:43]: "init 3 UartSpiController" 
Debug[10:24:43]: Ok 
Debug[10:24:43]: "init 4 UartSsiController" 
Debug[10:24:43]: Ok 
Debug[10:24:43]: "init 5 DSI3Master" 
Debug[10:24:43]: Ok 
Debug[10:24:43]: "init 6 ASICMaster" 
Debug[10:24:43]: Ok 
Debug[10:24:43]: "init 7 RDUMMaster" 
Debug[10:24:43]: Ok 
Debug[10:24:43]: "init 8 DSI3Slave" 
Debug[10:24:44]: Ok 
Debug[10:24:44]: "init 9 Measurement" 
Debug[10:24:45]: Ok 
Debug[10:24:45]: "init 10 CFARsim" 
Debug[10:24:45]: Ok 
Debug[10:24:45]: MainApp Starting... 
Debug[10:24:45]: Add applets to MainWindow...
 
Debug[10:24:45]: Initialize Connection... 
Debug[10:24:46]: signal in logmode 
Debug[10:24:46]: "INF(10:24:46.199):Mode is OK" 
Debug[10:24:46]: log_breakpoint 
Debug[10:24:46]: 5 
Debug[10:24:46]: signal in logmode 
Debug[10:24:46]: "INF(10:24:46.201):Attempt" 
Debug[10:24:46]: log_breakpoint 
Debug[10:24:46]: 5 
Debug[10:24:46]: signal in logmode 
Debug[10:24:46]: "INF(10:24:46.516):Attempt" 
Debug[10:24:46]: log_breakpoint 
Debug[10:24:46]: 5 
Debug[10:24:46]: signal in logmode 
Debug[10:24:46]: "INF(10:24:46.827):Attempt" 
Debug[10:24:46]: log_breakpoint 
Debug[10:24:46]: 5 
Debug[10:24:47]: signal in logmode 
Debug[10:24:47]: "INF(10:24:47.141):Mode is OK" 
Debug[10:24:47]: log_breakpoint 
Debug[10:24:47]: 5 
Debug[10:24:47]: signal in logmode 
Debug[10:24:47]: "INF(10:24:47.143):Attempt" 
Debug[10:24:47]: log_breakpoint 
Debug[10:24:47]: 5 
Debug[10:24:47]: signal in logmode 
Debug[10:24:47]: "INF(10:24:47.453):Attempt" 
Debug[10:24:47]: log_breakpoint 
Debug[10:24:47]: 5 
Debug[10:24:47]: signal in logmode 
Debug[10:24:47]: "INF(10:24:47.767):Attempt" 
Debug[10:24:47]: log_breakpoint 
Debug[10:24:47]: 5 
Debug[10:24:48]: signal in logmode 
Debug[10:24:48]: "INF(10:24:48.080):Mode is OK" 
Debug[10:24:48]: log_breakpoint 
Debug[10:24:48]: 5 
Debug[10:24:48]: signal in logmode 
Debug[10:24:48]: "INF(10:24:48.084):Attempt" 
Debug[10:24:48]: log_breakpoint 
Debug[10:24:48]: 5 
Debug[10:24:48]: signal in logmode 
Debug[10:24:48]: "INF(10:24:48.232):Mode is OK" 
Debug[10:24:48]: log_breakpoint 
Debug[10:24:48]: 5 
Debug[10:24:48]: signal in logmode 
Debug[10:24:48]: "INF(10:24:48.235):Attempt" 
Debug[10:24:48]: log_breakpoint 
Debug[10:24:48]: 5 
Debug[10:24:48]: signal in logmode 
Debug[10:24:48]: "INF(10:24:48.550):Attempt" 
Debug[10:24:48]: log_breakpoint 
Debug[10:24:48]: 5 
Debug[10:24:48]: signal in logmode 
Debug[10:24:48]: "INF(10:24:48.862):Attempt" 
Debug[10:24:48]: log_breakpoint 
Debug[10:24:48]: 5 
Debug[10:24:49]: signal in logmode 
Debug[10:24:49]: "INF(10:24:49.175):Mode is OK" 
Debug[10:24:49]: log_breakpoint 
Debug[10:24:49]: 5 
Debug[10:24:49]: signal in logmode 
Debug[10:24:49]: "INF(10:24:49.178):Attempt" 
Debug[10:24:49]: log_breakpoint 
Debug[10:24:49]: 5 
Debug[10:24:49]: signal in logmode 
Debug[10:24:49]: "INF(10:24:49.487):Attempt" 
Debug[10:24:49]: log_breakpoint 
Debug[10:24:49]: 5 
Debug[10:24:49]: signal in logmode 
Debug[10:24:49]: "INF(10:24:49.797):Attempt" 
Debug[10:24:49]: log_breakpoint 
Debug[10:24:49]: 5 
Debug[10:24:50]: signal in logmode 
Debug[10:24:50]: "INF(10:24:50.113):Mode is OK" 
Debug[10:24:50]: log_breakpoint 
Debug[10:24:50]: 5 
Debug[10:24:50]: signal in logmode 
Debug[10:24:50]: "INF(10:24:50.117):Attempt" 
Debug[10:24:50]: log_breakpoint 
Debug[10:24:50]: 5 
Debug[10:24:50]: signal in logmode 
Debug[10:24:50]: "INF(10:24:50.423):Attempt" 
Debug[10:24:50]: log_breakpoint 
Debug[10:24:50]: 5 
Debug[10:24:50]: signal in logmode 
Debug[10:24:50]: "INF(10:24:50.732):Attempt" 
Debug[10:24:50]: log_breakpoint 
Debug[10:24:50]: 5 
Warning[10:24:51]: QFileSystemWatcher: failed to add paths: C:/REPO/DSI3PAS2_workingdir/DSI3PAS2/Software/bin/ULSEverification_configfiles, C:/REPO/DSI3PAS2_workingdir/DSI3PAS2/Software/bin/ConfigFiles_29_1_2021_Jiri_MOBIS, C:/Users/fg6cnq/Desktop/DSI3PAS2_UART_QtSW_20210129_1511, C:/Users/zbdn9w/Desktop/Temp/CFAR QT uprava ToF, C:/Users/zbdn9w/Desktop/Temp/CFAR QT Komprimace do CSV, U:/Dokumenty/MOBIS/Crosstalk 11-2021
Debug[10:25:08]: signal in logmode 
Debug[10:25:08]: "INF(10:25:08.897):Mode is OK" 
Debug[10:25:08]: log_breakpoint 
Debug[10:25:08]: 5 
Debug[10:25:08]: signal in logmode 
Debug[10:25:08]: "INF(10:25:08.899):Attempt" 
Debug[10:25:08]: log_breakpoint 
Debug[10:25:08]: 5 
Debug[10:25:09]: signal in logmode 
Debug[10:25:09]: "INF(10:25:09.213):Attempt" 
Debug[10:25:09]: log_breakpoint 
Debug[10:25:09]: 5 
Debug[10:25:09]: signal in logmode 
Debug[10:25:09]: "INF(10:25:09.525):Attempt" 
Debug[10:25:09]: log_breakpoint 
Debug[10:25:09]: 5 
Debug[10:25:09]: signal in logmode 
Debug[10:25:09]: "INF(10:25:09.838):Mode is OK" 
Debug[10:25:09]: log_breakpoint 
Debug[10:25:09]: 5 
Debug[10:25:09]: signal in logmode 
Debug[10:25:09]: "INF(10:25:09.841):Attempt" 
Debug[10:25:09]: log_breakpoint 
Debug[10:25:09]: 5 
Debug[10:25:10]: signal in logmode 
Debug[10:25:10]: "INF(10:25:10.147):Attempt" 
Debug[10:25:10]: log_breakpoint 
Debug[10:25:10]: 5 
Debug[10:25:10]: signal in logmode 
Debug[10:25:10]: "INF(10:25:10.457):Attempt" 
Debug[10:25:10]: log_breakpoint 
Debug[10:25:10]: 5 
Debug[10:25:10]: signal in logmode 
Debug[10:25:10]: "INF(10:25:10.770):Mode is OK" 
Debug[10:25:10]: log_breakpoint 
Debug[10:25:10]: 5 
Debug[10:25:10]: signal in logmode 
Debug[10:25:10]: "INF(10:25:10.773):Attempt" 
Debug[10:25:10]: log_breakpoint 
Debug[10:25:10]: 5 
Debug[10:25:10]: signal in logmode 
Debug[10:25:10]: "INF(10:25:10.787):RDUM master connected" 
Debug[10:25:10]: log_breakpoint 
Debug[10:25:10]: 5 
Debug[10:25:10]: signal in logmode 
Debug[10:25:10]: "INF(10:25:10.795):Connected to \\.\COM32" 
Debug[10:25:10]: log_breakpoint 
Debug[10:25:10]: 5 
Warning[10:25:10]: Could not parse stylesheet of widget 0x2c5cc88
Debug[10:25:10]: "Resume:Logs" 
Debug[10:25:10]: "Resume:Settings" 
Debug[10:25:10]: "Resume:UartUartController" 
Debug[10:25:10]: "Resume:UartSpiController" 
Debug[10:25:10]: "Resume:UartSsiController" 
Debug[10:25:10]: "Resume:DSI3Master" 
Debug[10:25:10]: "Resume:ASICMaster" 
Debug[10:25:10]: "Resume:RDUMMaster" 
Debug[10:25:10]: "Resume:DSI3Slave" 
Debug[10:25:10]: "Resume:Measurement" 
Debug[10:25:10]: "Resume:CFARsim" 
Debug[10:58:29]: "Suspend:Settings" 
Debug[10:58:29]: "Suspend:UartUartController" 
Debug[10:58:29]: "Suspend:UartSpiController" 
Debug[10:58:29]: "Suspend:UartSsiController" 
Debug[10:58:29]: "Suspend:DSI3Master" 
Debug[10:58:29]: "Suspend:ASICMaster" 
Debug[10:58:29]: "Suspend:RDUMMaster" 
Debug[10:58:29]: "Suspend:DSI3Slave" 
Debug[10:58:29]: "Suspend:Measurement" 
Debug[10:58:29]: "Suspend:CFARsim" 
Debug[10:58:29]: signal in logmode 
Debug[10:58:29]: "INF(10:58:29.606):Disconnect by user" 
Debug[10:58:29]: log_breakpoint 
Debug[10:58:29]: 5 
Debug[10:58:29]: signal in logmode 
Debug[10:58:29]: "INF(10:58:29.756):Disconnect by user" 
Debug[10:58:29]: log_breakpoint 
Debug[10:58:29]: 5 
