Warning[08:52:22]: QObject::connect: Cannot connect LocalServer::log(int,QString) to (null)::slot_addLog(int,QString)
Debug[08:52:22]: LocalServer:new "\\.\pipe\DSI3PAS" 
Debug[08:52:22]: Register specific 
Debug[08:52:22]: DynScaleCaclulate 
Debug[08:52:22]: "init 2 UartUartController" 
Debug[08:52:22]: Ok 
Debug[08:52:22]: "init 3 UartSpiController" 
Debug[08:52:22]: Ok 
Debug[08:52:22]: "init 4 UartSsiController" 
Debug[08:52:22]: Ok 
Debug[08:52:22]: "init 5 DSI3Master" 
Debug[08:52:22]: Ok 
Debug[08:52:22]: "init 6 ASICMaster" 
Debug[08:52:22]: Ok 
Debug[08:52:22]: "init 7 RDUMMaster" 
Debug[08:52:22]: Ok 
Debug[08:52:22]: "init 8 DSI3Slave" 
Debug[08:52:23]: Ok 
Debug[08:52:23]: "init 9 Measurement" 
Debug[08:52:24]: Ok 
Debug[08:52:24]: "init 10 CFARsim" 
Debug[08:52:24]: Ok 
Debug[08:52:24]: MainApp Starting... 
Debug[08:52:25]: Add applets to MainWindow...
 
Debug[08:52:25]: Initialize Connection... 
Debug[08:52:25]: signal in logmode 
Debug[08:52:25]: "INF(08:52:25.410):Mode is OK" 
Debug[08:52:25]: log_breakpoint 
Debug[08:52:25]: 5 
Debug[08:52:25]: signal in logmode 
Debug[08:52:25]: "INF(08:52:25.413):Attempt" 
Debug[08:52:25]: log_breakpoint 
Debug[08:52:25]: 5 
Debug[08:52:25]: signal in logmode 
Debug[08:52:25]: "INF(08:52:25.733):Attempt" 
Debug[08:52:25]: log_breakpoint 
Debug[08:52:25]: 5 
Debug[08:52:26]: signal in logmode 
Debug[08:52:26]: "INF(08:52:26.044):Attempt" 
Debug[08:52:26]: log_breakpoint 
Debug[08:52:26]: 5 
Debug[08:52:26]: signal in logmode 
Debug[08:52:26]: "INF(08:52:26.357):Mode is OK" 
Debug[08:52:26]: log_breakpoint 
Debug[08:52:26]: 5 
Debug[08:52:26]: signal in logmode 
Debug[08:52:26]: "INF(08:52:26.359):Attempt" 
Debug[08:52:26]: log_breakpoint 
Debug[08:52:26]: 5 
Debug[08:52:26]: signal in logmode 
Debug[08:52:26]: "INF(08:52:26.667):Attempt" 
Debug[08:52:26]: log_breakpoint 
Debug[08:52:26]: 5 
Debug[08:52:26]: signal in logmode 
Debug[08:52:26]: "INF(08:52:26.980):Attempt" 
Debug[08:52:26]: log_breakpoint 
Debug[08:52:26]: 5 
Debug[08:52:27]: signal in logmode 
Debug[08:52:27]: "INF(08:52:27.292):Mode is OK" 
Debug[08:52:27]: log_breakpoint 
Debug[08:52:27]: 5 
Debug[08:52:27]: signal in logmode 
Debug[08:52:27]: "INF(08:52:27.297):Attempt" 
Debug[08:52:27]: log_breakpoint 
Debug[08:52:27]: 5 
Debug[08:52:27]: signal in logmode 
Debug[08:52:27]: "INF(08:52:27.452):Mode is OK" 
Debug[08:52:27]: log_breakpoint 
Debug[08:52:27]: 5 
Debug[08:52:27]: signal in logmode 
Debug[08:52:27]: "INF(08:52:27.456):Attempt" 
Debug[08:52:27]: log_breakpoint 
Debug[08:52:27]: 5 
Debug[08:52:27]: signal in logmode 
Debug[08:52:27]: "INF(08:52:27.776):Attempt" 
Debug[08:52:27]: log_breakpoint 
Debug[08:52:27]: 5 
Debug[08:52:28]: signal in logmode 
Debug[08:52:28]: "INF(08:52:28.088):Attempt" 
Debug[08:52:28]: log_breakpoint 
Debug[08:52:28]: 5 
Debug[08:52:28]: signal in logmode 
Debug[08:52:28]: "INF(08:52:28.400):Mode is OK" 
Debug[08:52:28]: log_breakpoint 
Debug[08:52:28]: 5 
Debug[08:52:28]: signal in logmode 
Debug[08:52:28]: "INF(08:52:28.406):Attempt" 
Debug[08:52:28]: log_breakpoint 
Debug[08:52:28]: 5 
Debug[08:52:28]: signal in logmode 
Debug[08:52:28]: "INF(08:52:28.711):Attempt" 
Debug[08:52:28]: log_breakpoint 
Debug[08:52:28]: 5 
Debug[08:52:29]: signal in logmode 
Debug[08:52:29]: "INF(08:52:29.021):Attempt" 
Debug[08:52:29]: log_breakpoint 
Debug[08:52:29]: 5 
Debug[08:52:29]: signal in logmode 
Debug[08:52:29]: "INF(08:52:29.336):Mode is OK" 
Debug[08:52:29]: log_breakpoint 
Debug[08:52:29]: 5 
Debug[08:52:29]: signal in logmode 
Debug[08:52:29]: "INF(08:52:29.341):Attempt" 
Debug[08:52:29]: log_breakpoint 
Debug[08:52:29]: 5 
Debug[08:52:29]: signal in logmode 
Debug[08:52:29]: "INF(08:52:29.650):Attempt" 
Debug[08:52:29]: log_breakpoint 
Debug[08:52:29]: 5 
Debug[08:52:29]: signal in logmode 
Debug[08:52:29]: "INF(08:52:29.961):Attempt" 
Debug[08:52:29]: log_breakpoint 
Debug[08:52:29]: 5 
Debug[08:52:30]: signal in logmode 
Debug[08:52:30]: "INF(08:52:30.274):Mode is OK" 
Debug[08:52:30]: log_breakpoint 
Debug[08:52:30]: 5 
Debug[08:52:30]: signal in logmode 
Debug[08:52:30]: "INF(08:52:30.278):Attempt" 
Debug[08:52:30]: log_breakpoint 
Debug[08:52:30]: 5 
Debug[08:52:30]: signal in logmode 
Debug[08:52:30]: "INF(08:52:30.586):Attempt" 
Debug[08:52:30]: log_breakpoint 
Debug[08:52:30]: 5 
Debug[08:52:30]: signal in logmode 
Debug[08:52:30]: "INF(08:52:30.896):Attempt" 
Debug[08:52:30]: log_breakpoint 
Debug[08:52:30]: 5 
Debug[08:52:35]: signal in logmode 
Debug[08:52:35]: "INF(08:52:35.232):Mode is OK" 
Debug[08:52:35]: log_breakpoint 
Debug[08:52:35]: 5 
Debug[08:52:35]: signal in logmode 
Debug[08:52:35]: "INF(08:52:35.235):Attempt" 
Debug[08:52:35]: log_breakpoint 
Debug[08:52:35]: 5 
Debug[08:52:35]: signal in logmode 
Debug[08:52:35]: "INF(08:52:35.536):Attempt" 
Debug[08:52:35]: log_breakpoint 
Debug[08:52:35]: 5 
Debug[08:52:35]: signal in logmode 
Debug[08:52:35]: "INF(08:52:35.848):Attempt" 
Debug[08:52:35]: log_breakpoint 
Debug[08:52:35]: 5 
Debug[08:52:36]: signal in logmode 
Debug[08:52:36]: "INF(08:52:36.159):Mode is OK" 
Debug[08:52:36]: log_breakpoint 
Debug[08:52:36]: 5 
Debug[08:52:36]: signal in logmode 
Debug[08:52:36]: "INF(08:52:36.162):Attempt" 
Debug[08:52:36]: log_breakpoint 
Debug[08:52:36]: 5 
Debug[08:52:36]: signal in logmode 
Debug[08:52:36]: "INF(08:52:36.472):Attempt" 
Debug[08:52:36]: log_breakpoint 
Debug[08:52:36]: 5 
Debug[08:52:36]: signal in logmode 
Debug[08:52:36]: "INF(08:52:36.784):Attempt" 
Debug[08:52:36]: log_breakpoint 
Debug[08:52:36]: 5 
Debug[08:52:37]: signal in logmode 
Debug[08:52:37]: "INF(08:52:37.097):Mode is OK" 
Debug[08:52:37]: log_breakpoint 
Debug[08:52:37]: 5 
Debug[08:52:37]: signal in logmode 
Debug[08:52:37]: "INF(08:52:37.100):Attempt" 
Debug[08:52:37]: log_breakpoint 
Debug[08:52:37]: 5 
Debug[08:52:37]: signal in logmode 
Debug[08:52:37]: "INF(08:52:37.127):RDUM master connected" 
Debug[08:52:37]: log_breakpoint 
Debug[08:52:37]: 5 
Debug[08:52:37]: signal in logmode 
Debug[08:52:37]: "INF(08:52:37.131):Connected to \\.\COM82" 
Debug[08:52:37]: log_breakpoint 
Debug[08:52:37]: 5 
Warning[08:52:37]: Could not parse stylesheet of widget 0x3385fc0
Debug[08:52:37]: "Resume:Logs" 
Debug[08:52:37]: "Resume:Settings" 
Debug[08:52:37]: "Resume:UartUartController" 
Debug[08:52:37]: "Resume:UartSpiController" 
Debug[08:52:37]: "Resume:UartSsiController" 
Debug[08:52:37]: "Resume:DSI3Master" 
Debug[08:52:37]: "Resume:ASICMaster" 
Debug[08:52:37]: "Resume:RDUMMaster" 
Debug[08:52:37]: "Resume:DSI3Slave" 
Debug[08:52:37]: "Resume:Measurement" 
Debug[08:52:37]: "Resume:CFARsim" 
Debug[09:29:42]: "Suspend:Settings" 
Debug[09:29:42]: "Suspend:UartUartController" 
Debug[09:29:42]: "Suspend:UartSpiController" 
Debug[09:29:42]: "Suspend:UartSsiController" 
Debug[09:29:42]: "Suspend:DSI3Master" 
Debug[09:29:42]: "Suspend:ASICMaster" 
Debug[09:29:42]: "Suspend:RDUMMaster" 
Debug[09:29:42]: "Suspend:DSI3Slave" 
Debug[09:29:42]: "Suspend:Measurement" 
Debug[09:29:42]: "Suspend:CFARsim" 
Debug[09:29:42]: signal in logmode 
Debug[09:29:42]: "INF(09:29:42.510):Disconnect by user" 
Debug[09:29:42]: log_breakpoint 
Debug[09:29:42]: 5 
Debug[09:29:42]: signal in logmode 
Debug[09:29:42]: "INF(09:29:42.673):Disconnect by user" 
Debug[09:29:42]: log_breakpoint 
Debug[09:29:42]: 5 
Warning[09:45:41]: QObject::connect: Cannot connect LocalServer::log(int,QString) to (null)::slot_addLog(int,QString)
Debug[09:45:41]: LocalServer:new "\\.\pipe\DSI3PAS" 
Debug[09:45:41]: Register specific 
Debug[09:45:41]: DynScaleCaclulate 
Debug[09:45:42]: "init 2 UartUartController" 
Debug[09:45:42]: Ok 
Debug[09:45:42]: "init 3 UartSpiController" 
Debug[09:45:42]: Ok 
Debug[09:45:42]: "init 4 UartSsiController" 
Debug[09:45:42]: Ok 
Debug[09:45:42]: "init 5 DSI3Master" 
Debug[09:45:42]: Ok 
Debug[09:45:42]: "init 6 ASICMaster" 
Debug[09:45:42]: Ok 
Debug[09:45:42]: "init 7 RDUMMaster" 
Debug[09:45:42]: Ok 
Debug[09:45:42]: "init 8 DSI3Slave" 
Debug[09:45:42]: Ok 
Debug[09:45:42]: "init 9 Measurement" 
Debug[09:45:43]: Ok 
Debug[09:45:43]: "init 10 CFARsim" 
Debug[09:45:43]: Ok 
Debug[09:45:43]: MainApp Starting... 
Debug[09:45:44]: Add applets to MainWindow...
 
Debug[09:45:44]: Initialize Connection... 
Debug[09:45:44]: signal in logmode 
Debug[09:45:44]: "INF(09:45:44.606):Mode is OK" 
Debug[09:45:44]: log_breakpoint 
Debug[09:45:44]: 5 
Debug[09:45:44]: signal in logmode 
Debug[09:45:44]: "INF(09:45:44.610):Attempt" 
Debug[09:45:44]: log_breakpoint 
Debug[09:45:44]: 5 
Debug[09:45:44]: signal in logmode 
Debug[09:45:44]: "INF(09:45:44.930):Attempt" 
Debug[09:45:44]: log_breakpoint 
Debug[09:45:44]: 5 
Debug[09:45:45]: signal in logmode 
Debug[09:45:45]: "INF(09:45:45.245):Attempt" 
Debug[09:45:45]: log_breakpoint 
Debug[09:45:45]: 5 
Debug[09:45:45]: signal in logmode 
Debug[09:45:45]: "INF(09:45:45.556):Mode is OK" 
Debug[09:45:45]: log_breakpoint 
Debug[09:45:45]: 5 
Debug[09:45:45]: signal in logmode 
Debug[09:45:45]: "INF(09:45:45.559):Attempt" 
Debug[09:45:45]: log_breakpoint 
Debug[09:45:45]: 5 
Debug[09:45:45]: signal in logmode 
Debug[09:45:45]: "INF(09:45:45.867):Attempt" 
Debug[09:45:45]: log_breakpoint 
Debug[09:45:45]: 5 
Debug[09:45:46]: signal in logmode 
Debug[09:45:46]: "INF(09:45:46.180):Attempt" 
Debug[09:45:46]: log_breakpoint 
Debug[09:45:46]: 5 
Debug[09:45:46]: signal in logmode 
Debug[09:45:46]: "INF(09:45:46.489):Mode is OK" 
Debug[09:45:46]: log_breakpoint 
Debug[09:45:46]: 5 
Debug[09:45:46]: signal in logmode 
Debug[09:45:46]: "INF(09:45:46.490):Attempt" 
Debug[09:45:46]: log_breakpoint 
Debug[09:45:46]: 5 
Debug[09:45:46]: signal in logmode 
Debug[09:45:46]: "INF(09:45:46.648):Mode is OK" 
Debug[09:45:46]: log_breakpoint 
Debug[09:45:46]: 5 
Debug[09:45:46]: signal in logmode 
Debug[09:45:46]: "INF(09:45:46.650):Attempt" 
Debug[09:45:46]: log_breakpoint 
Debug[09:45:46]: 5 
Debug[09:45:46]: signal in logmode 
Debug[09:45:46]: "INF(09:45:46.962):Attempt" 
Debug[09:45:46]: log_breakpoint 
Debug[09:45:46]: 5 
Debug[09:45:47]: signal in logmode 
Debug[09:45:47]: "INF(09:45:47.274):Attempt" 
Debug[09:45:47]: log_breakpoint 
Debug[09:45:47]: 5 
Debug[09:45:47]: signal in logmode 
Debug[09:45:47]: "INF(09:45:47.585):Mode is OK" 
Debug[09:45:47]: log_breakpoint 
Debug[09:45:47]: 5 
Debug[09:45:47]: signal in logmode 
Debug[09:45:47]: "INF(09:45:47.588):Attempt" 
Debug[09:45:47]: log_breakpoint 
Debug[09:45:47]: 5 
Debug[09:45:47]: signal in logmode 
Debug[09:45:47]: "INF(09:45:47.899):Attempt" 
Debug[09:45:47]: log_breakpoint 
Debug[09:45:47]: 5 
Debug[09:45:48]: signal in logmode 
Debug[09:45:48]: "INF(09:45:48.207):Attempt" 
Debug[09:45:48]: log_breakpoint 
Debug[09:45:48]: 5 
Debug[09:45:48]: signal in logmode 
Debug[09:45:48]: "INF(09:45:48.518):Mode is OK" 
Debug[09:45:48]: log_breakpoint 
Debug[09:45:48]: 5 
Debug[09:45:48]: signal in logmode 
Debug[09:45:48]: "INF(09:45:48.522):Attempt" 
Debug[09:45:48]: log_breakpoint 
Debug[09:45:48]: 5 
Debug[09:45:48]: signal in logmode 
Debug[09:45:48]: "INF(09:45:48.829):Attempt" 
Debug[09:45:48]: log_breakpoint 
Debug[09:45:48]: 5 
Debug[09:45:49]: signal in logmode 
Debug[09:45:49]: "INF(09:45:49.140):Attempt" 
Debug[09:45:49]: log_breakpoint 
Debug[09:45:49]: 5 
Debug[09:45:49]: signal in logmode 
Debug[09:45:49]: "INF(09:45:49.454):Mode is OK" 
Debug[09:45:49]: log_breakpoint 
Debug[09:45:49]: 5 
Debug[09:45:49]: signal in logmode 
Debug[09:45:49]: "INF(09:45:49.457):Attempt" 
Debug[09:45:49]: log_breakpoint 
Debug[09:45:49]: 5 
Debug[09:45:49]: signal in logmode 
Debug[09:45:49]: "INF(09:45:49.766):Attempt" 
Debug[09:45:49]: log_breakpoint 
Debug[09:45:49]: 5 
Debug[09:45:50]: signal in logmode 
Debug[09:45:50]: "INF(09:45:50.078):Attempt" 
Debug[09:45:50]: log_breakpoint 
Debug[09:45:50]: 5 
Debug[09:45:53]: signal in logmode 
Debug[09:45:53]: "INF(09:45:53.648):Mode is OK" 
Debug[09:45:53]: log_breakpoint 
Debug[09:45:53]: 5 
Debug[09:45:53]: signal in logmode 
Debug[09:45:53]: "INF(09:45:53.650):Attempt" 
Debug[09:45:53]: log_breakpoint 
Debug[09:45:53]: 5 
Debug[09:45:53]: signal in logmode 
Debug[09:45:53]: "INF(09:45:53.961):Attempt" 
Debug[09:45:53]: log_breakpoint 
Debug[09:45:53]: 5 
Debug[09:45:54]: signal in logmode 
Debug[09:45:54]: "INF(09:45:54.272):Attempt" 
Debug[09:45:54]: log_breakpoint 
Debug[09:45:54]: 5 
Debug[09:45:54]: signal in logmode 
Debug[09:45:54]: "INF(09:45:54.583):Mode is OK" 
Debug[09:45:54]: log_breakpoint 
Debug[09:45:54]: 5 
Debug[09:45:54]: signal in logmode 
Debug[09:45:54]: "INF(09:45:54.585):Attempt" 
Debug[09:45:54]: log_breakpoint 
Debug[09:45:54]: 5 
Debug[09:45:54]: signal in logmode 
Debug[09:45:54]: "INF(09:45:54.897):Attempt" 
Debug[09:45:54]: log_breakpoint 
Debug[09:45:54]: 5 
Debug[09:45:55]: signal in logmode 
Debug[09:45:55]: "INF(09:45:55.209):Attempt" 
Debug[09:45:55]: log_breakpoint 
Debug[09:45:55]: 5 
Debug[09:45:55]: signal in logmode 
Debug[09:45:55]: "INF(09:45:55.523):Mode is OK" 
Debug[09:45:55]: log_breakpoint 
Debug[09:45:55]: 5 
Debug[09:45:55]: signal in logmode 
Debug[09:45:55]: "INF(09:45:55.525):Attempt" 
Debug[09:45:55]: log_breakpoint 
Debug[09:45:55]: 5 
Debug[09:45:55]: signal in logmode 
Debug[09:45:55]: "INF(09:45:55.534):RDUM master connected" 
Debug[09:45:55]: log_breakpoint 
Debug[09:45:55]: 5 
Debug[09:45:55]: signal in logmode 
Debug[09:45:55]: "INF(09:45:55.535):Connected to \\.\COM82" 
Debug[09:45:55]: log_breakpoint 
Debug[09:45:55]: 5 
Warning[09:45:55]: Could not parse stylesheet of widget 0x3346240
Debug[09:45:55]: "Resume:Logs" 
Debug[09:45:55]: "Resume:Settings" 
Debug[09:45:55]: "Resume:UartUartController" 
Debug[09:45:55]: "Resume:UartSpiController" 
Debug[09:45:55]: "Resume:UartSsiController" 
Debug[09:45:55]: "Resume:DSI3Master" 
Debug[09:45:55]: "Resume:ASICMaster" 
Debug[09:45:55]: "Resume:RDUMMaster" 
Debug[09:45:55]: "Resume:DSI3Slave" 
Debug[09:45:55]: "Resume:Measurement" 
Debug[09:45:55]: "Resume:CFARsim" 
Debug[09:46:35]: "Suspend:Settings" 
Debug[09:46:35]: "Suspend:UartUartController" 
Debug[09:46:35]: "Suspend:UartSpiController" 
Debug[09:46:35]: "Suspend:UartSsiController" 
Debug[09:46:35]: "Suspend:DSI3Master" 
Debug[09:46:35]: "Suspend:ASICMaster" 
Debug[09:46:35]: "Suspend:RDUMMaster" 
Debug[09:46:35]: "Suspend:DSI3Slave" 
Debug[09:46:35]: "Suspend:Measurement" 
Debug[09:46:35]: "Suspend:CFARsim" 
Debug[09:46:35]: signal in logmode 
Debug[09:46:35]: "INF(09:46:35.179):Disconnect by user" 
Debug[09:46:35]: log_breakpoint 
Debug[09:46:35]: 5 
Debug[09:46:35]: signal in logmode 
Debug[09:46:35]: "INF(09:46:35.353):Disconnect by user" 
Debug[09:46:35]: log_breakpoint 
Debug[09:46:35]: 5 
Warning[09:54:06]: QObject::connect: Cannot connect LocalServer::log(int,QString) to (null)::slot_addLog(int,QString)
Debug[09:54:06]: LocalServer:new "\\.\pipe\DSI3PAS" 
Debug[09:54:06]: Register specific 
Debug[09:54:07]: DynScaleCaclulate 
Debug[09:54:07]: "init 2 UartUartController" 
Debug[09:54:07]: Ok 
Debug[09:54:07]: "init 3 UartSpiController" 
Debug[09:54:07]: Ok 
Debug[09:54:07]: "init 4 UartSsiController" 
Debug[09:54:07]: Ok 
Debug[09:54:07]: "init 5 DSI3Master" 
Debug[09:54:07]: Ok 
Debug[09:54:07]: "init 6 ASICMaster" 
Debug[09:54:07]: Ok 
Debug[09:54:07]: "init 7 RDUMMaster" 
Debug[09:54:07]: Ok 
Debug[09:54:07]: "init 8 DSI3Slave" 
Debug[09:54:08]: Ok 
Debug[09:54:08]: "init 9 Measurement" 
Debug[09:54:09]: Ok 
Debug[09:54:09]: "init 10 CFARsim" 
Debug[09:54:09]: Ok 
Debug[09:54:09]: MainApp Starting... 
Debug[09:54:09]: Add applets to MainWindow...
 
Debug[09:54:09]: Initialize Connection... 
Debug[09:54:10]: signal in logmode 
Debug[09:54:10]: "INF(09:54:10.211):Mode is OK" 
Debug[09:54:10]: log_breakpoint 
Debug[09:54:10]: 5 
Debug[09:54:10]: signal in logmode 
Debug[09:54:10]: "INF(09:54:10.213):Attempt" 
Debug[09:54:10]: log_breakpoint 
Debug[09:54:10]: 5 
Debug[09:54:10]: signal in logmode 
Debug[09:54:10]: "INF(09:54:10.518):Attempt" 
Debug[09:54:10]: log_breakpoint 
Debug[09:54:10]: 5 
Debug[09:54:10]: signal in logmode 
Debug[09:54:10]: "INF(09:54:10.828):Attempt" 
Debug[09:54:10]: log_breakpoint 
Debug[09:54:10]: 5 
Debug[09:54:11]: signal in logmode 
Debug[09:54:11]: "INF(09:54:11.143):Mode is OK" 
Debug[09:54:11]: log_breakpoint 
Debug[09:54:11]: 5 
Debug[09:54:11]: signal in logmode 
Debug[09:54:11]: "INF(09:54:11.147):Attempt" 
Debug[09:54:11]: log_breakpoint 
Debug[09:54:11]: 5 
Debug[09:54:11]: signal in logmode 
Debug[09:54:11]: "INF(09:54:11.457):Attempt" 
Debug[09:54:11]: log_breakpoint 
Debug[09:54:11]: 5 
Debug[09:54:11]: signal in logmode 
Debug[09:54:11]: "INF(09:54:11.765):Attempt" 
Debug[09:54:11]: log_breakpoint 
Debug[09:54:11]: 5 
Debug[09:54:12]: signal in logmode 
Debug[09:54:12]: "INF(09:54:12.078):Mode is OK" 
Debug[09:54:12]: log_breakpoint 
Debug[09:54:12]: 5 
Debug[09:54:12]: signal in logmode 
Debug[09:54:12]: "INF(09:54:12.081):Attempt" 
Debug[09:54:12]: log_breakpoint 
Debug[09:54:12]: 5 
Debug[09:54:12]: signal in logmode 
Debug[09:54:12]: "INF(09:54:12.225):Mode is OK" 
Debug[09:54:12]: log_breakpoint 
Debug[09:54:12]: 5 
Debug[09:54:12]: signal in logmode 
Debug[09:54:12]: "INF(09:54:12.228):Attempt" 
Debug[09:54:12]: log_breakpoint 
Debug[09:54:12]: 5 
Debug[09:54:12]: signal in logmode 
Debug[09:54:12]: "INF(09:54:12.547):Attempt" 
Debug[09:54:12]: log_breakpoint 
Debug[09:54:12]: 5 
Debug[09:54:12]: signal in logmode 
Debug[09:54:12]: "INF(09:54:12.856):Attempt" 
Debug[09:54:12]: log_breakpoint 
Debug[09:54:12]: 5 
Debug[09:54:13]: signal in logmode 
Debug[09:54:13]: "INF(09:54:13.167):Mode is OK" 
Debug[09:54:13]: log_breakpoint 
Debug[09:54:13]: 5 
Debug[09:54:13]: signal in logmode 
Debug[09:54:13]: "INF(09:54:13.169):Attempt" 
Debug[09:54:13]: log_breakpoint 
Debug[09:54:13]: 5 
Debug[09:54:13]: signal in logmode 
Debug[09:54:13]: "INF(09:54:13.482):Attempt" 
Debug[09:54:13]: log_breakpoint 
Debug[09:54:13]: 5 
Debug[09:54:13]: signal in logmode 
Debug[09:54:13]: "INF(09:54:13.791):Attempt" 
Debug[09:54:13]: log_breakpoint 
Debug[09:54:13]: 5 
Debug[09:54:14]: signal in logmode 
Debug[09:54:14]: "INF(09:54:14.104):Mode is OK" 
Debug[09:54:14]: log_breakpoint 
Debug[09:54:14]: 5 
Debug[09:54:14]: signal in logmode 
Debug[09:54:14]: "INF(09:54:14.106):Attempt" 
Debug[09:54:14]: log_breakpoint 
Debug[09:54:14]: 5 
Debug[09:54:14]: signal in logmode 
Debug[09:54:14]: "INF(09:54:14.417):Attempt" 
Debug[09:54:14]: log_breakpoint 
Debug[09:54:14]: 5 
Debug[09:54:14]: signal in logmode 
Debug[09:54:14]: "INF(09:54:14.731):Attempt" 
Debug[09:54:14]: log_breakpoint 
Debug[09:54:14]: 5 
Debug[09:54:15]: signal in logmode 
Debug[09:54:15]: "INF(09:54:15.040):Mode is OK" 
Debug[09:54:15]: log_breakpoint 
Debug[09:54:15]: 5 
Debug[09:54:15]: signal in logmode 
Debug[09:54:15]: "INF(09:54:15.043):Attempt" 
Debug[09:54:15]: log_breakpoint 
Debug[09:54:15]: 5 
Debug[09:54:15]: signal in logmode 
Debug[09:54:15]: "INF(09:54:15.352):Attempt" 
Debug[09:54:15]: log_breakpoint 
Debug[09:54:15]: 5 
Debug[09:54:15]: signal in logmode 
Debug[09:54:15]: "INF(09:54:15.664):Attempt" 
Debug[09:54:15]: log_breakpoint 
Debug[09:54:15]: 5 
Debug[09:54:18]: signal in logmode 
Debug[09:54:18]: "INF(09:54:18.837):Mode is OK" 
Debug[09:54:18]: log_breakpoint 
Debug[09:54:18]: 5 
Debug[09:54:18]: signal in logmode 
Debug[09:54:18]: "INF(09:54:18.841):Attempt" 
Debug[09:54:18]: log_breakpoint 
Debug[09:54:18]: 5 
Debug[09:54:19]: signal in logmode 
Debug[09:54:19]: "INF(09:54:19.152):Attempt" 
Debug[09:54:19]: log_breakpoint 
Debug[09:54:19]: 5 
Debug[09:54:19]: signal in logmode 
Debug[09:54:19]: "INF(09:54:19.465):Attempt" 
Debug[09:54:19]: log_breakpoint 
Debug[09:54:19]: 5 
Debug[09:54:19]: signal in logmode 
Debug[09:54:19]: "INF(09:54:19.776):Mode is OK" 
Debug[09:54:19]: log_breakpoint 
Debug[09:54:19]: 5 
Debug[09:54:19]: signal in logmode 
Debug[09:54:19]: "INF(09:54:19.778):Attempt" 
Debug[09:54:19]: log_breakpoint 
Debug[09:54:19]: 5 
Debug[09:54:20]: signal in logmode 
Debug[09:54:20]: "INF(09:54:20.092):Attempt" 
Debug[09:54:20]: log_breakpoint 
Debug[09:54:20]: 5 
Debug[09:54:20]: signal in logmode 
Debug[09:54:20]: "INF(09:54:20.403):Attempt" 
Debug[09:54:20]: log_breakpoint 
Debug[09:54:20]: 5 
Debug[09:54:20]: signal in logmode 
Debug[09:54:20]: "INF(09:54:20.711):Mode is OK" 
Debug[09:54:20]: log_breakpoint 
Debug[09:54:20]: 5 
Debug[09:54:20]: signal in logmode 
Debug[09:54:20]: "INF(09:54:20.713):Attempt" 
Debug[09:54:20]: log_breakpoint 
Debug[09:54:20]: 5 
Debug[09:54:20]: signal in logmode 
Debug[09:54:20]: "INF(09:54:20.723):RDUM master connected" 
Debug[09:54:20]: log_breakpoint 
Debug[09:54:20]: 5 
Debug[09:54:20]: signal in logmode 
Debug[09:54:20]: "INF(09:54:20.725):Connected to \\.\COM98" 
Debug[09:54:20]: log_breakpoint 
Debug[09:54:20]: 5 
Warning[09:54:20]: Could not parse stylesheet of widget 0x2d861c0
Debug[09:54:20]: "Resume:Logs" 
Debug[09:54:20]: "Resume:Settings" 
Debug[09:54:20]: "Resume:UartUartController" 
Debug[09:54:20]: "Resume:UartSpiController" 
Debug[09:54:20]: "Resume:UartSsiController" 
Debug[09:54:20]: "Resume:DSI3Master" 
Debug[09:54:20]: "Resume:ASICMaster" 
Debug[09:54:20]: "Resume:RDUMMaster" 
Debug[09:54:20]: "Resume:DSI3Slave" 
Debug[09:54:20]: "Resume:Measurement" 
Debug[09:54:20]: "Resume:CFARsim" 
Debug[09:54:43]: "Suspend:Settings" 
Debug[09:54:43]: "Suspend:UartUartController" 
Debug[09:54:43]: "Suspend:UartSpiController" 
Debug[09:54:43]: "Suspend:UartSsiController" 
Debug[09:54:43]: "Suspend:DSI3Master" 
Debug[09:54:43]: "Suspend:ASICMaster" 
Debug[09:54:43]: "Suspend:RDUMMaster" 
Debug[09:54:43]: "Suspend:DSI3Slave" 
Debug[09:54:43]: "Suspend:Measurement" 
Debug[09:54:43]: "Suspend:CFARsim" 
Debug[09:54:43]: signal in logmode 
Debug[09:54:43]: "INF(09:54:43.497):Disconnect by user" 
Debug[09:54:43]: log_breakpoint 
Debug[09:54:43]: 5 
Debug[09:54:43]: signal in logmode 
Debug[09:54:43]: "INF(09:54:43.653):Disconnect by user" 
Debug[09:54:43]: log_breakpoint 
Debug[09:54:43]: 5 
Warning[10:00:41]: QObject::connect: Cannot connect LocalServer::log(int,QString) to (null)::slot_addLog(int,QString)
Debug[10:00:41]: LocalServer:new "\\.\pipe\DSI3PAS" 
Debug[10:00:41]: Register specific 
Debug[10:00:42]: DynScaleCaclulate 
Debug[10:00:42]: "init 2 UartUartController" 
Debug[10:00:42]: Ok 
Debug[10:00:42]: "init 3 UartSpiController" 
Debug[10:00:42]: Ok 
Debug[10:00:42]: "init 4 UartSsiController" 
Debug[10:00:42]: Ok 
Debug[10:00:42]: "init 5 DSI3Master" 
Debug[10:00:42]: Ok 
Debug[10:00:42]: "init 6 ASICMaster" 
Debug[10:00:42]: Ok 
Debug[10:00:42]: "init 7 RDUMMaster" 
Debug[10:00:42]: Ok 
Debug[10:00:42]: "init 8 DSI3Slave" 
Debug[10:00:43]: Ok 
Debug[10:00:43]: "init 9 Measurement" 
Debug[10:00:43]: Ok 
Debug[10:00:43]: "init 10 CFARsim" 
Debug[10:00:43]: Ok 
Debug[10:00:43]: MainApp Starting... 
Debug[10:00:44]: Add applets to MainWindow...
 
Debug[10:00:44]: Initialize Connection... 
Debug[10:00:45]: signal in logmode 
Debug[10:00:45]: "INF(10:00:45.111):Mode is OK" 
Debug[10:00:45]: log_breakpoint 
Debug[10:00:45]: 5 
Debug[10:00:45]: signal in logmode 
Debug[10:00:45]: "INF(10:00:45.113):Attempt" 
Debug[10:00:45]: log_breakpoint 
Debug[10:00:45]: 5 
Debug[10:00:45]: signal in logmode 
Debug[10:00:45]: "INF(10:00:45.426):Attempt" 
Debug[10:00:45]: log_breakpoint 
Debug[10:00:45]: 5 
Debug[10:00:45]: signal in logmode 
Debug[10:00:45]: "INF(10:00:45.742):Attempt" 
Debug[10:00:45]: log_breakpoint 
Debug[10:00:45]: 5 
Debug[10:00:46]: signal in logmode 
Debug[10:00:46]: "INF(10:00:46.058):Mode is OK" 
Debug[10:00:46]: log_breakpoint 
Debug[10:00:46]: 5 
Debug[10:00:46]: signal in logmode 
Debug[10:00:46]: "INF(10:00:46.062):Attempt" 
Debug[10:00:46]: log_breakpoint 
Debug[10:00:46]: 5 
Debug[10:00:46]: signal in logmode 
Debug[10:00:46]: "INF(10:00:46.372):Attempt" 
Debug[10:00:46]: log_breakpoint 
Debug[10:00:46]: 5 
Debug[10:00:46]: signal in logmode 
Debug[10:00:46]: "INF(10:00:46.684):Attempt" 
Debug[10:00:46]: log_breakpoint 
Debug[10:00:46]: 5 
Debug[10:00:46]: signal in logmode 
Debug[10:00:46]: "INF(10:00:46.999):Mode is OK" 
Debug[10:00:47]: log_breakpoint 
Debug[10:00:47]: 5 
Debug[10:00:47]: signal in logmode 
Debug[10:00:47]: "INF(10:00:47.002):Attempt" 
Debug[10:00:47]: log_breakpoint 
Debug[10:00:47]: 5 
Debug[10:00:47]: signal in logmode 
Debug[10:00:47]: "INF(10:00:47.155):Mode is OK" 
Debug[10:00:47]: log_breakpoint 
Debug[10:00:47]: 5 
Debug[10:00:47]: signal in logmode 
Debug[10:00:47]: "INF(10:00:47.156):Attempt" 
Debug[10:00:47]: log_breakpoint 
Debug[10:00:47]: 5 
Debug[10:00:47]: signal in logmode 
Debug[10:00:47]: "INF(10:00:47.466):Attempt" 
Debug[10:00:47]: log_breakpoint 
Debug[10:00:47]: 5 
Debug[10:00:47]: signal in logmode 
Debug[10:00:47]: "INF(10:00:47.776):Attempt" 
Debug[10:00:47]: log_breakpoint 
Debug[10:00:47]: 5 
Debug[10:00:48]: signal in logmode 
Debug[10:00:48]: "INF(10:00:48.090):Mode is OK" 
Debug[10:00:48]: log_breakpoint 
Debug[10:00:48]: 5 
Debug[10:00:48]: signal in logmode 
Debug[10:00:48]: "INF(10:00:48.094):Attempt" 
Debug[10:00:48]: log_breakpoint 
Debug[10:00:48]: 5 
Debug[10:00:48]: signal in logmode 
Debug[10:00:48]: "INF(10:00:48.403):Attempt" 
Debug[10:00:48]: log_breakpoint 
Debug[10:00:48]: 5 
Debug[10:00:48]: signal in logmode 
Debug[10:00:48]: "INF(10:00:48.711):Attempt" 
Debug[10:00:48]: log_breakpoint 
Debug[10:00:48]: 5 
Debug[10:00:49]: signal in logmode 
Debug[10:00:49]: "INF(10:00:49.023):Mode is OK" 
Debug[10:00:49]: log_breakpoint 
Debug[10:00:49]: 5 
Debug[10:00:49]: signal in logmode 
Debug[10:00:49]: "INF(10:00:49.025):Attempt" 
Debug[10:00:49]: log_breakpoint 
Debug[10:00:49]: 5 
Debug[10:00:49]: signal in logmode 
Debug[10:00:49]: "INF(10:00:49.339):Attempt" 
Debug[10:00:49]: log_breakpoint 
Debug[10:00:49]: 5 
Debug[10:00:49]: signal in logmode 
Debug[10:00:49]: "INF(10:00:49.653):Attempt" 
Debug[10:00:49]: log_breakpoint 
Debug[10:00:49]: 5 
Debug[10:00:49]: signal in logmode 
Debug[10:00:49]: "INF(10:00:49.964):Mode is OK" 
Debug[10:00:49]: log_breakpoint 
Debug[10:00:49]: 5 
Debug[10:00:49]: signal in logmode 
Debug[10:00:49]: "INF(10:00:49.967):Attempt" 
Debug[10:00:49]: log_breakpoint 
Debug[10:00:49]: 5 
Debug[10:00:50]: signal in logmode 
Debug[10:00:50]: "INF(10:00:50.276):Attempt" 
Debug[10:00:50]: log_breakpoint 
Debug[10:00:50]: 5 
Debug[10:00:50]: signal in logmode 
Debug[10:00:50]: "INF(10:00:50.587):Attempt" 
Debug[10:00:50]: log_breakpoint 
Debug[10:00:50]: 5 
Debug[10:00:53]: signal in logmode 
Debug[10:00:53]: "INF(10:00:53.723):Mode is OK" 
Debug[10:00:53]: log_breakpoint 
Debug[10:00:53]: 5 
Debug[10:00:53]: signal in logmode 
Debug[10:00:53]: "INF(10:00:53.725):Attempt" 
Debug[10:00:53]: log_breakpoint 
Debug[10:00:53]: 5 
Debug[10:00:54]: signal in logmode 
Debug[10:00:54]: "INF(10:00:54.045):Attempt" 
Debug[10:00:54]: log_breakpoint 
Debug[10:00:54]: 5 
Debug[10:00:54]: signal in logmode 
Debug[10:00:54]: "INF(10:00:54.361):Attempt" 
Debug[10:00:54]: log_breakpoint 
Debug[10:00:54]: 5 
Debug[10:00:54]: signal in logmode 
Debug[10:00:54]: "INF(10:00:54.676):Mode is OK" 
Debug[10:00:54]: log_breakpoint 
Debug[10:00:54]: 5 
Debug[10:00:54]: signal in logmode 
Debug[10:00:54]: "INF(10:00:54.679):Attempt" 
Debug[10:00:54]: log_breakpoint 
Debug[10:00:54]: 5 
Debug[10:00:54]: signal in logmode 
Debug[10:00:54]: "INF(10:00:54.992):Attempt" 
Debug[10:00:54]: log_breakpoint 
Debug[10:00:54]: 5 
Debug[10:00:55]: signal in logmode 
Debug[10:00:55]: "INF(10:00:55.309):Attempt" 
Debug[10:00:55]: log_breakpoint 
Debug[10:00:55]: 5 
Debug[10:00:55]: signal in logmode 
Debug[10:00:55]: "INF(10:00:55.627):Mode is OK" 
Debug[10:00:55]: log_breakpoint 
Debug[10:00:55]: 5 
Debug[10:00:55]: signal in logmode 
Debug[10:00:55]: "INF(10:00:55.632):Attempt" 
Debug[10:00:55]: log_breakpoint 
Debug[10:00:55]: 5 
Debug[10:00:55]: signal in logmode 
Debug[10:00:55]: "INF(10:00:55.641):RDUM master connected" 
Debug[10:00:55]: log_breakpoint 
Debug[10:00:55]: 5 
Debug[10:00:55]: signal in logmode 
Debug[10:00:55]: "INF(10:00:55.644):Connected to \\.\COM98" 
Debug[10:00:55]: log_breakpoint 
Debug[10:00:55]: 5 
Warning[10:00:55]: Could not parse stylesheet of widget 0x30c5e80
Debug[10:00:55]: "Resume:Logs" 
Debug[10:00:55]: "Resume:Settings" 
Debug[10:00:55]: "Resume:UartUartController" 
Debug[10:00:55]: "Resume:UartSpiController" 
Debug[10:00:55]: "Resume:UartSsiController" 
Debug[10:00:55]: "Resume:DSI3Master" 
Debug[10:00:55]: "Resume:ASICMaster" 
Debug[10:00:55]: "Resume:RDUMMaster" 
Debug[10:00:55]: "Resume:DSI3Slave" 
Debug[10:00:55]: "Resume:Measurement" 
Debug[10:00:55]: "Resume:CFARsim" 
Debug[10:03:03]: "Suspend:Settings" 
Debug[10:03:03]: "Suspend:UartUartController" 
Debug[10:03:03]: "Suspend:UartSpiController" 
Debug[10:03:03]: "Suspend:UartSsiController" 
Debug[10:03:03]: "Suspend:DSI3Master" 
Debug[10:03:03]: "Suspend:ASICMaster" 
Debug[10:03:03]: "Suspend:RDUMMaster" 
Debug[10:03:03]: "Suspend:DSI3Slave" 
Debug[10:03:03]: "Suspend:Measurement" 
Debug[10:03:03]: "Suspend:CFARsim" 
Debug[10:03:03]: signal in logmode 
Debug[10:03:03]: "INF(10:03:03.240):Disconnect by user" 
Debug[10:03:03]: log_breakpoint 
Debug[10:03:03]: 5 
Debug[10:03:03]: signal in logmode 
Debug[10:03:03]: "INF(10:03:03.406):Disconnect by user" 
Debug[10:03:03]: log_breakpoint 
Debug[10:03:03]: 5 
Warning[10:03:56]: QObject::connect: Cannot connect LocalServer::log(int,QString) to (null)::slot_addLog(int,QString)
Debug[10:03:56]: LocalServer:new "\\.\pipe\DSI3PAS" 
Debug[10:03:56]: Register specific 
Debug[10:03:56]: DynScaleCaclulate 
Debug[10:03:57]: "init 2 UartUartController" 
Debug[10:03:57]: Ok 
Debug[10:03:57]: "init 3 UartSpiController" 
Debug[10:03:57]: Ok 
Debug[10:03:57]: "init 4 UartSsiController" 
Debug[10:03:57]: Ok 
Debug[10:03:57]: "init 5 DSI3Master" 
Debug[10:03:57]: Ok 
Debug[10:03:57]: "init 6 ASICMaster" 
Debug[10:03:57]: Ok 
Debug[10:03:57]: "init 7 RDUMMaster" 
Debug[10:03:57]: Ok 
Debug[10:03:57]: "init 8 DSI3Slave" 
Debug[10:03:57]: Ok 
Debug[10:03:57]: "init 9 Measurement" 
Debug[10:03:58]: Ok 
Debug[10:03:58]: "init 10 CFARsim" 
Debug[10:03:58]: Ok 
Debug[10:03:58]: MainApp Starting... 
Debug[10:03:59]: Add applets to MainWindow...
 
Debug[10:03:59]: Initialize Connection... 
Debug[10:03:59]: signal in logmode 
Debug[10:03:59]: "INF(10:03:59.506):Mode is OK" 
Debug[10:03:59]: log_breakpoint 
Debug[10:03:59]: 5 
Debug[10:03:59]: signal in logmode 
Debug[10:03:59]: "INF(10:03:59.510):Attempt" 
Debug[10:03:59]: log_breakpoint 
Debug[10:03:59]: 5 
Debug[10:03:59]: signal in logmode 
Debug[10:03:59]: "INF(10:03:59.832):Attempt" 
Debug[10:03:59]: log_breakpoint 
Debug[10:03:59]: 5 
Debug[10:04:00]: signal in logmode 
Debug[10:04:00]: "INF(10:04:00.146):Attempt" 
Debug[10:04:00]: log_breakpoint 
Debug[10:04:00]: 5 
Debug[10:04:00]: signal in logmode 
Debug[10:04:00]: "INF(10:04:00.463):Mode is OK" 
Debug[10:04:00]: log_breakpoint 
Debug[10:04:00]: 5 
Debug[10:04:00]: signal in logmode 
Debug[10:04:00]: "INF(10:04:00.467):Attempt" 
Debug[10:04:00]: log_breakpoint 
Debug[10:04:00]: 5 
Debug[10:04:00]: signal in logmode 
Debug[10:04:00]: "INF(10:04:00.775):Attempt" 
Debug[10:04:00]: log_breakpoint 
Debug[10:04:00]: 5 
Debug[10:04:01]: signal in logmode 
Debug[10:04:01]: "INF(10:04:01.089):Attempt" 
Debug[10:04:01]: log_breakpoint 
Debug[10:04:01]: 5 
Debug[10:04:01]: signal in logmode 
Debug[10:04:01]: "INF(10:04:01.404):Mode is OK" 
Debug[10:04:01]: log_breakpoint 
Debug[10:04:01]: 5 
Debug[10:04:01]: signal in logmode 
Debug[10:04:01]: "INF(10:04:01.408):Attempt" 
Debug[10:04:01]: log_breakpoint 
Debug[10:04:01]: 5 
Debug[10:04:01]: signal in logmode 
Debug[10:04:01]: "INF(10:04:01.565):Mode is OK" 
Debug[10:04:01]: log_breakpoint 
Debug[10:04:01]: 5 
Debug[10:04:01]: signal in logmode 
Debug[10:04:01]: "INF(10:04:01.569):Attempt" 
Debug[10:04:01]: log_breakpoint 
Debug[10:04:01]: 5 
Debug[10:04:01]: signal in logmode 
Debug[10:04:01]: "INF(10:04:01.892):Attempt" 
Debug[10:04:01]: log_breakpoint 
Debug[10:04:01]: 5 
Debug[10:04:02]: signal in logmode 
Debug[10:04:02]: "INF(10:04:02.202):Attempt" 
Debug[10:04:02]: log_breakpoint 
Debug[10:04:02]: 5 
Debug[10:04:02]: signal in logmode 
Debug[10:04:02]: "INF(10:04:02.517):Mode is OK" 
Debug[10:04:02]: log_breakpoint 
Debug[10:04:02]: 5 
Debug[10:04:02]: signal in logmode 
Debug[10:04:02]: "INF(10:04:02.520):Attempt" 
Debug[10:04:02]: log_breakpoint 
Debug[10:04:02]: 5 
Debug[10:04:02]: signal in logmode 
Debug[10:04:02]: "INF(10:04:02.832):Attempt" 
Debug[10:04:02]: log_breakpoint 
Debug[10:04:02]: 5 
Debug[10:04:03]: signal in logmode 
Debug[10:04:03]: "INF(10:04:03.145):Attempt" 
Debug[10:04:03]: log_breakpoint 
Debug[10:04:03]: 5 
Debug[10:04:03]: signal in logmode 
Debug[10:04:03]: "INF(10:04:03.460):Mode is OK" 
Debug[10:04:03]: log_breakpoint 
Debug[10:04:03]: 5 
Debug[10:04:03]: signal in logmode 
Debug[10:04:03]: "INF(10:04:03.463):Attempt" 
Debug[10:04:03]: log_breakpoint 
Debug[10:04:03]: 5 
Debug[10:04:03]: signal in logmode 
Debug[10:04:03]: "INF(10:04:03.774):Attempt" 
Debug[10:04:03]: log_breakpoint 
Debug[10:04:03]: 5 
Debug[10:04:04]: signal in logmode 
Debug[10:04:04]: "INF(10:04:04.088):Attempt" 
Debug[10:04:04]: log_breakpoint 
Debug[10:04:04]: 5 
Debug[10:04:04]: signal in logmode 
Debug[10:04:04]: "INF(10:04:04.397):Mode is OK" 
Debug[10:04:04]: log_breakpoint 
Debug[10:04:04]: 5 
Debug[10:04:04]: signal in logmode 
Debug[10:04:04]: "INF(10:04:04.401):Attempt" 
Debug[10:04:04]: log_breakpoint 
Debug[10:04:04]: 5 
Debug[10:04:04]: signal in logmode 
Debug[10:04:04]: "INF(10:04:04.707):Attempt" 
Debug[10:04:04]: log_breakpoint 
Debug[10:04:04]: 5 
Debug[10:04:05]: signal in logmode 
Debug[10:04:05]: "INF(10:04:05.018):Attempt" 
Debug[10:04:05]: log_breakpoint 
Debug[10:04:05]: 5 
Debug[10:04:09]: signal in logmode 
Debug[10:04:09]: "INF(10:04:09.054):Mode is OK" 
Debug[10:04:09]: log_breakpoint 
Debug[10:04:09]: 5 
Debug[10:04:09]: signal in logmode 
Debug[10:04:09]: "INF(10:04:09.057):Attempt" 
Debug[10:04:09]: log_breakpoint 
Debug[10:04:09]: 5 
Debug[10:04:09]: signal in logmode 
Debug[10:04:09]: "INF(10:04:09.362):Attempt" 
Debug[10:04:09]: log_breakpoint 
Debug[10:04:09]: 5 
Debug[10:04:09]: signal in logmode 
Debug[10:04:09]: "INF(10:04:09.676):Attempt" 
Debug[10:04:09]: log_breakpoint 
Debug[10:04:09]: 5 
Debug[10:04:09]: signal in logmode 
Debug[10:04:09]: "INF(10:04:09.987):Mode is OK" 
Debug[10:04:09]: log_breakpoint 
Debug[10:04:09]: 5 
Debug[10:04:09]: signal in logmode 
Debug[10:04:09]: "INF(10:04:09.992):Attempt" 
Debug[10:04:09]: log_breakpoint 
Debug[10:04:09]: 5 
Debug[10:04:10]: signal in logmode 
Debug[10:04:10]: "INF(10:04:10.301):Attempt" 
Debug[10:04:10]: log_breakpoint 
Debug[10:04:10]: 5 
Debug[10:04:10]: signal in logmode 
Debug[10:04:10]: "INF(10:04:10.614):Attempt" 
Debug[10:04:10]: log_breakpoint 
Debug[10:04:10]: 5 
Debug[10:04:10]: signal in logmode 
Debug[10:04:10]: "INF(10:04:10.923):Mode is OK" 
Debug[10:04:10]: log_breakpoint 
Debug[10:04:10]: 5 
Debug[10:04:10]: signal in logmode 
Debug[10:04:10]: "INF(10:04:10.925):Attempt" 
Debug[10:04:10]: log_breakpoint 
Debug[10:04:10]: 5 
Debug[10:04:10]: signal in logmode 
Debug[10:04:10]: "INF(10:04:10.938):RDUM master connected" 
Debug[10:04:10]: log_breakpoint 
Debug[10:04:10]: 5 
Debug[10:04:10]: signal in logmode 
Debug[10:04:10]: "INF(10:04:10.941):Connected to \\.\COM98" 
Debug[10:04:10]: log_breakpoint 
Debug[10:04:10]: 5 
Warning[10:04:10]: Could not parse stylesheet of widget 0x3036c80
Debug[10:04:10]: "Resume:Logs" 
Debug[10:04:10]: "Resume:Settings" 
Debug[10:04:10]: "Resume:UartUartController" 
Debug[10:04:10]: "Resume:UartSpiController" 
Debug[10:04:10]: "Resume:UartSsiController" 
Debug[10:04:10]: "Resume:DSI3Master" 
Debug[10:04:10]: "Resume:ASICMaster" 
Debug[10:04:10]: "Resume:RDUMMaster" 
Debug[10:04:10]: "Resume:DSI3Slave" 
Debug[10:04:10]: "Resume:Measurement" 
Debug[10:04:10]: "Resume:CFARsim" 
Debug[10:07:18]: "Suspend:Settings" 
Debug[10:07:18]: "Suspend:UartUartController" 
Debug[10:07:18]: "Suspend:UartSpiController" 
Debug[10:07:18]: "Suspend:UartSsiController" 
Debug[10:07:18]: "Suspend:DSI3Master" 
Debug[10:07:18]: "Suspend:ASICMaster" 
Debug[10:07:18]: "Suspend:RDUMMaster" 
Debug[10:07:18]: "Suspend:DSI3Slave" 
Debug[10:07:18]: "Suspend:Measurement" 
Debug[10:07:18]: "Suspend:CFARsim" 
Debug[10:07:18]: signal in logmode 
Debug[10:07:18]: "INF(10:07:18.700):Disconnect by user" 
Debug[10:07:18]: log_breakpoint 
Debug[10:07:18]: 5 
Debug[10:07:18]: signal in logmode 
Debug[10:07:18]: "INF(10:07:18.892):Disconnect by user" 
Debug[10:07:18]: log_breakpoint 
Debug[10:07:18]: 5 
Warning[10:08:24]: QObject::connect: Cannot connect LocalServer::log(int,QString) to (null)::slot_addLog(int,QString)
Debug[10:08:24]: LocalServer:new "\\.\pipe\DSI3PAS" 
Debug[10:08:24]: Register specific 
Debug[10:08:24]: DynScaleCaclulate 
Debug[10:08:24]: "init 2 UartUartController" 
Debug[10:08:24]: Ok 
Debug[10:08:24]: "init 3 UartSpiController" 
Debug[10:08:24]: Ok 
Debug[10:08:24]: "init 4 UartSsiController" 
Debug[10:08:24]: Ok 
Debug[10:08:24]: "init 5 DSI3Master" 
Debug[10:08:24]: Ok 
Debug[10:08:24]: "init 6 ASICMaster" 
Debug[10:08:24]: Ok 
Debug[10:08:24]: "init 7 RDUMMaster" 
Debug[10:08:24]: Ok 
Debug[10:08:24]: "init 8 DSI3Slave" 
Debug[10:08:25]: Ok 
Debug[10:08:25]: "init 9 Measurement" 
Debug[10:08:26]: Ok 
Debug[10:08:26]: "init 10 CFARsim" 
Debug[10:08:26]: Ok 
Debug[10:08:26]: MainApp Starting... 
Debug[10:08:27]: Add applets to MainWindow...
 
Debug[10:08:27]: Initialize Connection... 
Debug[10:08:27]: signal in logmode 
Debug[10:08:27]: "INF(10:08:27.667):Mode is OK" 
Debug[10:08:27]: log_breakpoint 
Debug[10:08:27]: 5 
Debug[10:08:27]: signal in logmode 
Debug[10:08:27]: "INF(10:08:27.669):Attempt" 
Debug[10:08:27]: log_breakpoint 
Debug[10:08:27]: 5 
Debug[10:08:27]: signal in logmode 
Debug[10:08:27]: "INF(10:08:27.987):Attempt" 
Debug[10:08:27]: log_breakpoint 
Debug[10:08:27]: 5 
Debug[10:08:28]: signal in logmode 
Debug[10:08:28]: "INF(10:08:28.294):Attempt" 
Debug[10:08:28]: log_breakpoint 
Debug[10:08:28]: 5 
Debug[10:08:28]: signal in logmode 
Debug[10:08:28]: "INF(10:08:28.608):Mode is OK" 
Debug[10:08:28]: log_breakpoint 
Debug[10:08:28]: 5 
Debug[10:08:28]: signal in logmode 
Debug[10:08:28]: "INF(10:08:28.611):Attempt" 
Debug[10:08:28]: log_breakpoint 
Debug[10:08:28]: 5 
Debug[10:08:28]: signal in logmode 
Debug[10:08:28]: "INF(10:08:28.920):Attempt" 
Debug[10:08:28]: log_breakpoint 
Debug[10:08:28]: 5 
Debug[10:08:29]: signal in logmode 
Debug[10:08:29]: "INF(10:08:29.234):Attempt" 
Debug[10:08:29]: log_breakpoint 
Debug[10:08:29]: 5 
Debug[10:08:29]: signal in logmode 
Debug[10:08:29]: "INF(10:08:29.547):Mode is OK" 
Debug[10:08:29]: log_breakpoint 
Debug[10:08:29]: 5 
Debug[10:08:29]: signal in logmode 
Debug[10:08:29]: "INF(10:08:29.550):Attempt" 
Debug[10:08:29]: log_breakpoint 
Debug[10:08:29]: 5 
Debug[10:08:29]: signal in logmode 
Debug[10:08:29]: "INF(10:08:29.710):Mode is OK" 
Debug[10:08:29]: log_breakpoint 
Debug[10:08:29]: 5 
Debug[10:08:29]: signal in logmode 
Debug[10:08:29]: "INF(10:08:29.716):Attempt" 
Debug[10:08:29]: log_breakpoint 
Debug[10:08:29]: 5 
Debug[10:08:30]: signal in logmode 
Debug[10:08:30]: "INF(10:08:30.038):Attempt" 
Debug[10:08:30]: log_breakpoint 
Debug[10:08:30]: 5 
Debug[10:08:30]: signal in logmode 
Debug[10:08:30]: "INF(10:08:30.350):Attempt" 
Debug[10:08:30]: log_breakpoint 
Debug[10:08:30]: 5 
Debug[10:08:30]: signal in logmode 
Debug[10:08:30]: "INF(10:08:30.662):Mode is OK" 
Debug[10:08:30]: log_breakpoint 
Debug[10:08:30]: 5 
Debug[10:08:30]: signal in logmode 
Debug[10:08:30]: "INF(10:08:30.664):Attempt" 
Debug[10:08:30]: log_breakpoint 
Debug[10:08:30]: 5 
Debug[10:08:30]: signal in logmode 
Debug[10:08:30]: "INF(10:08:30.973):Attempt" 
Debug[10:08:30]: log_breakpoint 
Debug[10:08:30]: 5 
Debug[10:08:31]: signal in logmode 
Debug[10:08:31]: "INF(10:08:31.285):Attempt" 
Debug[10:08:31]: log_breakpoint 
Debug[10:08:31]: 5 
Debug[10:08:31]: signal in logmode 
Debug[10:08:31]: "INF(10:08:31.595):Mode is OK" 
Debug[10:08:31]: log_breakpoint 
Debug[10:08:31]: 5 
Debug[10:08:31]: signal in logmode 
Debug[10:08:31]: "INF(10:08:31.599):Attempt" 
Debug[10:08:31]: log_breakpoint 
Debug[10:08:31]: 5 
Debug[10:08:31]: signal in logmode 
Debug[10:08:31]: "INF(10:08:31.908):Attempt" 
Debug[10:08:31]: log_breakpoint 
Debug[10:08:31]: 5 
Debug[10:08:32]: signal in logmode 
Debug[10:08:32]: "INF(10:08:32.223):Attempt" 
Debug[10:08:32]: log_breakpoint 
Debug[10:08:32]: 5 
Debug[10:08:32]: signal in logmode 
Debug[10:08:32]: "INF(10:08:32.535):Mode is OK" 
Debug[10:08:32]: log_breakpoint 
Debug[10:08:32]: 5 
Debug[10:08:32]: signal in logmode 
Debug[10:08:32]: "INF(10:08:32.537):Attempt" 
Debug[10:08:32]: log_breakpoint 
Debug[10:08:32]: 5 
Debug[10:08:32]: signal in logmode 
Debug[10:08:32]: "INF(10:08:32.847):Attempt" 
Debug[10:08:32]: log_breakpoint 
Debug[10:08:32]: 5 
Debug[10:08:33]: signal in logmode 
Debug[10:08:33]: "INF(10:08:33.156):Attempt" 
Debug[10:08:33]: log_breakpoint 
Debug[10:08:33]: 5 
Debug[10:08:36]: signal in logmode 
Debug[10:08:36]: "INF(10:08:36.258):Mode is OK" 
Debug[10:08:36]: log_breakpoint 
Debug[10:08:36]: 5 
Debug[10:08:36]: signal in logmode 
Debug[10:08:36]: "INF(10:08:36.260):Attempt" 
Debug[10:08:36]: log_breakpoint 
Debug[10:08:36]: 5 
Debug[10:08:36]: signal in logmode 
Debug[10:08:36]: "INF(10:08:36.572):Attempt" 
Debug[10:08:36]: log_breakpoint 
Debug[10:08:36]: 5 
Debug[10:08:36]: signal in logmode 
Debug[10:08:36]: "INF(10:08:36.882):Attempt" 
Debug[10:08:36]: log_breakpoint 
Debug[10:08:36]: 5 
Debug[10:08:37]: signal in logmode 
Debug[10:08:37]: "INF(10:08:37.195):Mode is OK" 
Debug[10:08:37]: log_breakpoint 
Debug[10:08:37]: 5 
Debug[10:08:37]: signal in logmode 
Debug[10:08:37]: "INF(10:08:37.198):Attempt" 
Debug[10:08:37]: log_breakpoint 
Debug[10:08:37]: 5 
Debug[10:08:37]: signal in logmode 
Debug[10:08:37]: "INF(10:08:37.508):Attempt" 
Debug[10:08:37]: log_breakpoint 
Debug[10:08:37]: 5 
Debug[10:08:37]: signal in logmode 
Debug[10:08:37]: "INF(10:08:37.820):Attempt" 
Debug[10:08:37]: log_breakpoint 
Debug[10:08:37]: 5 
Debug[10:08:38]: signal in logmode 
Debug[10:08:38]: "INF(10:08:38.132):Mode is OK" 
Debug[10:08:38]: log_breakpoint 
Debug[10:08:38]: 5 
Debug[10:08:38]: signal in logmode 
Debug[10:08:38]: "INF(10:08:38.136):Attempt" 
Debug[10:08:38]: log_breakpoint 
Debug[10:08:38]: 5 
Debug[10:08:38]: signal in logmode 
Debug[10:08:38]: "INF(10:08:38.143):RDUM master connected" 
Debug[10:08:38]: log_breakpoint 
Debug[10:08:38]: 5 
Debug[10:08:38]: signal in logmode 
Debug[10:08:38]: "INF(10:08:38.145):Connected to \\.\COM98" 
Debug[10:08:38]: log_breakpoint 
Debug[10:08:38]: 5 
Warning[10:08:38]: Could not parse stylesheet of widget 0x31f6780
Debug[10:08:38]: "Resume:Logs" 
Debug[10:08:38]: "Resume:Settings" 
Debug[10:08:38]: "Resume:UartUartController" 
Debug[10:08:38]: "Resume:UartSpiController" 
Debug[10:08:38]: "Resume:UartSsiController" 
Debug[10:08:38]: "Resume:DSI3Master" 
Debug[10:08:38]: "Resume:ASICMaster" 
Debug[10:08:38]: "Resume:RDUMMaster" 
Debug[10:08:38]: "Resume:DSI3Slave" 
Debug[10:08:38]: "Resume:Measurement" 
Debug[10:08:38]: "Resume:CFARsim" 
Debug[10:12:28]: "Suspend:Settings" 
Debug[10:12:28]: "Suspend:UartUartController" 
Debug[10:12:28]: "Suspend:UartSpiController" 
Debug[10:12:28]: "Suspend:UartSsiController" 
Debug[10:12:28]: "Suspend:DSI3Master" 
Debug[10:12:28]: "Suspend:ASICMaster" 
Debug[10:12:28]: "Suspend:RDUMMaster" 
Debug[10:12:28]: "Suspend:DSI3Slave" 
Debug[10:12:28]: "Suspend:Measurement" 
Debug[10:12:28]: "Suspend:CFARsim" 
Debug[10:12:28]: signal in logmode 
Debug[10:12:28]: "INF(10:12:28.713):Disconnect by user" 
Debug[10:12:28]: log_breakpoint 
Debug[10:12:28]: 5 
Debug[10:12:28]: signal in logmode 
Debug[10:12:28]: "INF(10:12:28.741):Disconnect by user" 
Debug[10:12:28]: log_breakpoint 
Debug[10:12:28]: 5 
Warning[10:21:05]: QObject::connect: Cannot connect LocalServer::log(int,QString) to (null)::slot_addLog(int,QString)
Debug[10:21:05]: LocalServer:new "\\.\pipe\DSI3PAS" 
Debug[10:21:05]: Register specific 
Debug[10:21:06]: DynScaleCaclulate 
Debug[10:21:06]: "init 2 UartUartController" 
Debug[10:21:06]: Ok 
Debug[10:21:06]: "init 3 UartSpiController" 
Debug[10:21:06]: Ok 
Debug[10:21:06]: "init 4 UartSsiController" 
Debug[10:21:06]: Ok 
Debug[10:21:06]: "init 5 DSI3Master" 
Debug[10:21:06]: Ok 
Debug[10:21:06]: "init 6 ASICMaster" 
Debug[10:21:06]: Ok 
Debug[10:21:06]: "init 7 RDUMMaster" 
Debug[10:21:06]: Ok 
Debug[10:21:06]: "init 8 DSI3Slave" 
Debug[10:21:07]: Ok 
Debug[10:21:07]: "init 9 Measurement" 
Debug[10:21:07]: Ok 
Debug[10:21:07]: "init 10 CFARsim" 
Debug[10:21:07]: Ok 
Debug[10:21:07]: MainApp Starting... 
Debug[10:21:08]: Add applets to MainWindow...
 
Debug[10:21:08]: Initialize Connection... 
Debug[10:21:09]: signal in logmode 
Debug[10:21:09]: "INF(10:21:09.037):Mode is OK" 
Debug[10:21:09]: log_breakpoint 
Debug[10:21:09]: 5 
Debug[10:21:09]: signal in logmode 
Debug[10:21:09]: "INF(10:21:09.040):Attempt" 
Debug[10:21:09]: log_breakpoint 
Debug[10:21:09]: 5 
Debug[10:21:09]: signal in logmode 
Debug[10:21:09]: "INF(10:21:09.345):Attempt" 
Debug[10:21:09]: log_breakpoint 
Debug[10:21:09]: 5 
Debug[10:21:09]: signal in logmode 
Debug[10:21:09]: "INF(10:21:09.654):Attempt" 
Debug[10:21:09]: log_breakpoint 
Debug[10:21:09]: 5 
Debug[10:21:09]: signal in logmode 
Debug[10:21:09]: "INF(10:21:09.967):Mode is OK" 
Debug[10:21:09]: log_breakpoint 
Debug[10:21:09]: 5 
Debug[10:21:09]: signal in logmode 
Debug[10:21:09]: "INF(10:21:09.971):Attempt" 
Debug[10:21:09]: log_breakpoint 
Debug[10:21:09]: 5 
Debug[10:21:10]: signal in logmode 
Debug[10:21:10]: "INF(10:21:10.279):Attempt" 
Debug[10:21:10]: log_breakpoint 
Debug[10:21:10]: 5 
Debug[10:21:10]: signal in logmode 
Debug[10:21:10]: "INF(10:21:10.593):Attempt" 
Debug[10:21:10]: log_breakpoint 
Debug[10:21:10]: 5 
Debug[10:21:10]: signal in logmode 
Debug[10:21:10]: "INF(10:21:10.902):Mode is OK" 
Debug[10:21:10]: log_breakpoint 
Debug[10:21:10]: 5 
Debug[10:21:10]: signal in logmode 
Debug[10:21:10]: "INF(10:21:10.905):Attempt" 
Debug[10:21:10]: log_breakpoint 
Debug[10:21:10]: 5 
Debug[10:21:11]: signal in logmode 
Debug[10:21:11]: "INF(10:21:11.061):Mode is OK" 
Debug[10:21:11]: log_breakpoint 
Debug[10:21:11]: 5 
Debug[10:21:11]: signal in logmode 
Debug[10:21:11]: "INF(10:21:11.065):Attempt" 
Debug[10:21:11]: log_breakpoint 
Debug[10:21:11]: 5 
Debug[10:21:11]: signal in logmode 
Debug[10:21:11]: "INF(10:21:11.369):Attempt" 
Debug[10:21:11]: log_breakpoint 
Debug[10:21:11]: 5 
Debug[10:21:11]: signal in logmode 
Debug[10:21:11]: "INF(10:21:11.683):Attempt" 
Debug[10:21:11]: log_breakpoint 
Debug[10:21:11]: 5 
Debug[10:21:11]: signal in logmode 
Debug[10:21:11]: "INF(10:21:11.995):Mode is OK" 
Debug[10:21:11]: log_breakpoint 
Debug[10:21:11]: 5 
Debug[10:21:11]: signal in logmode 
Debug[10:21:11]: "INF(10:21:11.999):Attempt" 
Debug[10:21:11]: log_breakpoint 
Debug[10:21:12]: 5 
Debug[10:21:12]: signal in logmode 
Debug[10:21:12]: "INF(10:21:12.305):Attempt" 
Debug[10:21:12]: log_breakpoint 
Debug[10:21:12]: 5 
Debug[10:21:12]: signal in logmode 
Debug[10:21:12]: "INF(10:21:12.619):Attempt" 
Debug[10:21:12]: log_breakpoint 
Debug[10:21:12]: 5 
Debug[10:21:12]: signal in logmode 
Debug[10:21:12]: "INF(10:21:12.931):Mode is OK" 
Debug[10:21:12]: log_breakpoint 
Debug[10:21:12]: 5 
Debug[10:21:12]: signal in logmode 
Debug[10:21:12]: "INF(10:21:12.934):Attempt" 
Debug[10:21:12]: log_breakpoint 
Debug[10:21:12]: 5 
Debug[10:21:13]: signal in logmode 
Debug[10:21:13]: "INF(10:21:13.246):Attempt" 
Debug[10:21:13]: log_breakpoint 
Debug[10:21:13]: 5 
Debug[10:21:13]: signal in logmode 
Debug[10:21:13]: "INF(10:21:13.560):Attempt" 
Debug[10:21:13]: log_breakpoint 
Debug[10:21:13]: 5 
Debug[10:21:13]: signal in logmode 
Debug[10:21:13]: "INF(10:21:13.871):Mode is OK" 
Debug[10:21:13]: log_breakpoint 
Debug[10:21:13]: 5 
Debug[10:21:13]: signal in logmode 
Debug[10:21:13]: "INF(10:21:13.874):Attempt" 
Debug[10:21:13]: log_breakpoint 
Debug[10:21:13]: 5 
Debug[10:21:14]: signal in logmode 
Debug[10:21:14]: "INF(10:21:14.185):Attempt" 
Debug[10:21:14]: log_breakpoint 
Debug[10:21:14]: 5 
Debug[10:21:14]: signal in logmode 
Debug[10:21:14]: "INF(10:21:14.494):Attempt" 
Debug[10:21:14]: log_breakpoint 
Debug[10:21:14]: 5 
Debug[10:21:18]: signal in logmode 
Debug[10:21:18]: "INF(10:21:18.120):Mode is OK" 
Debug[10:21:18]: log_breakpoint 
Debug[10:21:18]: 5 
Debug[10:21:18]: signal in logmode 
Debug[10:21:18]: "INF(10:21:18.122):Attempt" 
Debug[10:21:18]: log_breakpoint 
Debug[10:21:18]: 5 
Debug[10:21:18]: signal in logmode 
Debug[10:21:18]: "INF(10:21:18.425):Attempt" 
Debug[10:21:18]: log_breakpoint 
Debug[10:21:18]: 5 
Debug[10:21:18]: signal in logmode 
Debug[10:21:18]: "INF(10:21:18.737):Attempt" 
Debug[10:21:18]: log_breakpoint 
Debug[10:21:18]: 5 
Debug[10:21:19]: signal in logmode 
Debug[10:21:19]: "INF(10:21:19.049):Mode is OK" 
Debug[10:21:19]: log_breakpoint 
Debug[10:21:19]: 5 
Debug[10:21:19]: signal in logmode 
Debug[10:21:19]: "INF(10:21:19.051):Attempt" 
Debug[10:21:19]: log_breakpoint 
Debug[10:21:19]: 5 
Debug[10:21:19]: signal in logmode 
Debug[10:21:19]: "INF(10:21:19.364):Attempt" 
Debug[10:21:19]: log_breakpoint 
Debug[10:21:19]: 5 
Debug[10:21:19]: signal in logmode 
Debug[10:21:19]: "INF(10:21:19.672):Attempt" 
Debug[10:21:19]: log_breakpoint 
Debug[10:21:19]: 5 
Debug[10:21:19]: signal in logmode 
Debug[10:21:19]: "INF(10:21:19.985):Mode is OK" 
Debug[10:21:19]: log_breakpoint 
Debug[10:21:19]: 5 
Debug[10:21:19]: signal in logmode 
Debug[10:21:19]: "INF(10:21:19.989):Attempt" 
Debug[10:21:19]: log_breakpoint 
Debug[10:21:19]: 5 
Debug[10:21:20]: signal in logmode 
Debug[10:21:20]: "INF(10:21:20.017):RDUM master connected" 
Debug[10:21:20]: log_breakpoint 
Debug[10:21:20]: 5 
Debug[10:21:20]: signal in logmode 
Debug[10:21:20]: "INF(10:21:20.019):Connected to \\.\COM112" 
Debug[10:21:20]: log_breakpoint 
Debug[10:21:20]: 5 
Warning[10:21:20]: Could not parse stylesheet of widget 0x2df66a0
Debug[10:21:20]: "Resume:Logs" 
Debug[10:21:20]: "Resume:Settings" 
Debug[10:21:20]: "Resume:UartUartController" 
Debug[10:21:20]: "Resume:UartSpiController" 
Debug[10:21:20]: "Resume:UartSsiController" 
Debug[10:21:20]: "Resume:DSI3Master" 
Debug[10:21:20]: "Resume:ASICMaster" 
Debug[10:21:20]: "Resume:RDUMMaster" 
Debug[10:21:20]: "Resume:DSI3Slave" 
Debug[10:21:20]: "Resume:Measurement" 
Debug[10:21:20]: "Resume:CFARsim" 
Debug[10:30:07]: "Suspend:Settings" 
Debug[10:30:07]: "Suspend:UartUartController" 
Debug[10:30:07]: "Suspend:UartSpiController" 
Debug[10:30:07]: "Suspend:UartSsiController" 
Debug[10:30:07]: "Suspend:DSI3Master" 
Debug[10:30:07]: "Suspend:ASICMaster" 
Debug[10:30:07]: "Suspend:RDUMMaster" 
Debug[10:30:07]: "Suspend:DSI3Slave" 
Debug[10:30:07]: "Suspend:Measurement" 
Debug[10:30:07]: "Suspend:CFARsim" 
Debug[10:30:07]: signal in logmode 
Debug[10:30:07]: "INF(10:30:07.265):Disconnect by user" 
Debug[10:30:07]: log_breakpoint 
Debug[10:30:07]: 5 
Debug[10:30:07]: signal in logmode 
Debug[10:30:07]: "INF(10:30:07.421):Disconnect by user" 
Debug[10:30:07]: log_breakpoint 
Debug[10:30:07]: 5 
Warning[10:30:15]: QObject::connect: Cannot connect LocalServer::log(int,QString) to (null)::slot_addLog(int,QString)
Debug[10:30:15]: LocalServer:new "\\.\pipe\DSI3PAS" 
Debug[10:30:15]: Register specific 
Debug[10:30:15]: DynScaleCaclulate 
Debug[10:30:15]: "init 2 UartUartController" 
Debug[10:30:15]: Ok 
Debug[10:30:15]: "init 3 UartSpiController" 
Debug[10:30:15]: Ok 
Debug[10:30:15]: "init 4 UartSsiController" 
Debug[10:30:15]: Ok 
Debug[10:30:15]: "init 5 DSI3Master" 
Debug[10:30:15]: Ok 
Debug[10:30:15]: "init 6 ASICMaster" 
Debug[10:30:15]: Ok 
Debug[10:30:15]: "init 7 RDUMMaster" 
Debug[10:30:15]: Ok 
Debug[10:30:15]: "init 8 DSI3Slave" 
Debug[10:30:16]: Ok 
Debug[10:30:16]: "init 9 Measurement" 
Debug[10:30:17]: Ok 
Debug[10:30:17]: "init 10 CFARsim" 
Debug[10:30:17]: Ok 
Debug[10:30:17]: MainApp Starting... 
Debug[10:30:18]: Add applets to MainWindow...
 
Debug[10:30:18]: Initialize Connection... 
Debug[10:30:18]: signal in logmode 
Debug[10:30:18]: "INF(10:30:18.500):Mode is OK" 
Debug[10:30:18]: log_breakpoint 
Debug[10:30:18]: 5 
Debug[10:30:18]: signal in logmode 
Debug[10:30:18]: "INF(10:30:18.503):Attempt" 
Debug[10:30:18]: log_breakpoint 
Debug[10:30:18]: 5 
Debug[10:30:18]: signal in logmode 
Debug[10:30:18]: "INF(10:30:18.807):Attempt" 
Debug[10:30:18]: log_breakpoint 
Debug[10:30:18]: 5 
Debug[10:30:19]: signal in logmode 
Debug[10:30:19]: "INF(10:30:19.118):Attempt" 
Debug[10:30:19]: log_breakpoint 
Debug[10:30:19]: 5 
Debug[10:30:19]: signal in logmode 
Debug[10:30:19]: "INF(10:30:19.430):Mode is OK" 
Debug[10:30:19]: log_breakpoint 
Debug[10:30:19]: 5 
Debug[10:30:19]: signal in logmode 
Debug[10:30:19]: "INF(10:30:19.434):Attempt" 
Debug[10:30:19]: log_breakpoint 
Debug[10:30:19]: 5 
Debug[10:30:19]: signal in logmode 
Debug[10:30:19]: "INF(10:30:19.741):Attempt" 
Debug[10:30:19]: log_breakpoint 
Debug[10:30:19]: 5 
Debug[10:30:20]: signal in logmode 
Debug[10:30:20]: "INF(10:30:20.053):Attempt" 
Debug[10:30:20]: log_breakpoint 
Debug[10:30:20]: 5 
Debug[10:30:20]: signal in logmode 
Debug[10:30:20]: "INF(10:30:20.366):Mode is OK" 
Debug[10:30:20]: log_breakpoint 
Debug[10:30:20]: 5 
Debug[10:30:20]: signal in logmode 
Debug[10:30:20]: "INF(10:30:20.368):Attempt" 
Debug[10:30:20]: log_breakpoint 
Debug[10:30:20]: 5 
Debug[10:30:20]: signal in logmode 
Debug[10:30:20]: "INF(10:30:20.511):Mode is OK" 
Debug[10:30:20]: log_breakpoint 
Debug[10:30:20]: 5 
Debug[10:30:20]: signal in logmode 
Debug[10:30:20]: "INF(10:30:20.512):Attempt" 
Debug[10:30:20]: log_breakpoint 
Debug[10:30:20]: 5 
Debug[10:30:20]: signal in logmode 
Debug[10:30:20]: "INF(10:30:20.818):Attempt" 
Debug[10:30:20]: log_breakpoint 
Debug[10:30:20]: 5 
Debug[10:30:21]: signal in logmode 
Debug[10:30:21]: "INF(10:30:21.128):Attempt" 
Debug[10:30:21]: log_breakpoint 
Debug[10:30:21]: 5 
Debug[10:30:21]: signal in logmode 
Debug[10:30:21]: "INF(10:30:21.443):Mode is OK" 
Debug[10:30:21]: log_breakpoint 
Debug[10:30:21]: 5 
Debug[10:30:21]: signal in logmode 
Debug[10:30:21]: "INF(10:30:21.446):Attempt" 
Debug[10:30:21]: log_breakpoint 
Debug[10:30:21]: 5 
Debug[10:30:21]: signal in logmode 
Debug[10:30:21]: "INF(10:30:21.758):Attempt" 
Debug[10:30:21]: log_breakpoint 
Debug[10:30:21]: 5 
Debug[10:30:22]: signal in logmode 
Debug[10:30:22]: "INF(10:30:22.069):Attempt" 
Debug[10:30:22]: log_breakpoint 
Debug[10:30:22]: 5 
Debug[10:30:22]: signal in logmode 
Debug[10:30:22]: "INF(10:30:22.381):Mode is OK" 
Debug[10:30:22]: log_breakpoint 
Debug[10:30:22]: 5 
Debug[10:30:22]: signal in logmode 
Debug[10:30:22]: "INF(10:30:22.384):Attempt" 
Debug[10:30:22]: log_breakpoint 
Debug[10:30:22]: 5 
Debug[10:30:22]: signal in logmode 
Debug[10:30:22]: "INF(10:30:22.693):Attempt" 
Debug[10:30:22]: log_breakpoint 
Debug[10:30:22]: 5 
Debug[10:30:23]: signal in logmode 
Debug[10:30:23]: "INF(10:30:23.003):Attempt" 
Debug[10:30:23]: log_breakpoint 
Debug[10:30:23]: 5 
Debug[10:30:23]: signal in logmode 
Debug[10:30:23]: "INF(10:30:23.316):Mode is OK" 
Debug[10:30:23]: log_breakpoint 
Debug[10:30:23]: 5 
Debug[10:30:23]: signal in logmode 
Debug[10:30:23]: "INF(10:30:23.319):Attempt" 
Debug[10:30:23]: log_breakpoint 
Debug[10:30:23]: 5 
Debug[10:30:23]: signal in logmode 
Debug[10:30:23]: "INF(10:30:23.626):Attempt" 
Debug[10:30:23]: log_breakpoint 
Debug[10:30:23]: 5 
Debug[10:30:23]: signal in logmode 
Debug[10:30:23]: "INF(10:30:23.940):Attempt" 
Debug[10:30:23]: log_breakpoint 
Debug[10:30:23]: 5 
Debug[10:30:27]: signal in logmode 
Debug[10:30:27]: "INF(10:30:27.523):Mode is OK" 
Debug[10:30:27]: log_breakpoint 
Debug[10:30:27]: 5 
Debug[10:30:27]: signal in logmode 
Debug[10:30:27]: "INF(10:30:27.525):Attempt" 
Debug[10:30:27]: log_breakpoint 
Debug[10:30:27]: 5 
Debug[10:30:27]: signal in logmode 
Debug[10:30:27]: "INF(10:30:27.841):Attempt" 
Debug[10:30:27]: log_breakpoint 
Debug[10:30:27]: 5 
Debug[10:30:28]: signal in logmode 
Debug[10:30:28]: "INF(10:30:28.154):Attempt" 
Debug[10:30:28]: log_breakpoint 
Debug[10:30:28]: 5 
Debug[10:30:28]: signal in logmode 
Debug[10:30:28]: "INF(10:30:28.464):Mode is OK" 
Debug[10:30:28]: log_breakpoint 
Debug[10:30:28]: 5 
Debug[10:30:28]: signal in logmode 
Debug[10:30:28]: "INF(10:30:28.465):Attempt" 
Debug[10:30:28]: log_breakpoint 
Debug[10:30:28]: 5 
Debug[10:30:28]: signal in logmode 
Debug[10:30:28]: "INF(10:30:28.778):Attempt" 
Debug[10:30:28]: log_breakpoint 
Debug[10:30:28]: 5 
Debug[10:30:29]: signal in logmode 
Debug[10:30:29]: "INF(10:30:29.089):Attempt" 
Debug[10:30:29]: log_breakpoint 
Debug[10:30:29]: 5 
Debug[10:30:29]: signal in logmode 
Debug[10:30:29]: "INF(10:30:29.405):Mode is OK" 
Debug[10:30:29]: log_breakpoint 
Debug[10:30:29]: 5 
Debug[10:30:29]: signal in logmode 
Debug[10:30:29]: "INF(10:30:29.409):Attempt" 
Debug[10:30:29]: log_breakpoint 
Debug[10:30:29]: 5 
Debug[10:30:29]: signal in logmode 
Debug[10:30:29]: "INF(10:30:29.436):RDUM master connected" 
Debug[10:30:29]: log_breakpoint 
Debug[10:30:29]: 5 
Debug[10:30:29]: signal in logmode 
Debug[10:30:29]: "INF(10:30:29.439):Connected to \\.\COM112" 
Debug[10:30:29]: log_breakpoint 
Debug[10:30:29]: 5 
Warning[10:30:29]: Could not parse stylesheet of widget 0x2f667e0
Debug[10:30:29]: "Resume:Logs" 
Debug[10:30:29]: "Resume:Settings" 
Debug[10:30:29]: "Resume:UartUartController" 
Debug[10:30:29]: "Resume:UartSpiController" 
Debug[10:30:29]: "Resume:UartSsiController" 
Debug[10:30:29]: "Resume:DSI3Master" 
Debug[10:30:29]: "Resume:ASICMaster" 
Debug[10:30:29]: "Resume:RDUMMaster" 
Debug[10:30:29]: "Resume:DSI3Slave" 
Debug[10:30:29]: "Resume:Measurement" 
Debug[10:30:29]: "Resume:CFARsim" 
Debug[10:36:42]: "Suspend:Settings" 
Debug[10:36:42]: "Suspend:UartUartController" 
Debug[10:36:42]: "Suspend:UartSpiController" 
Debug[10:36:42]: "Suspend:UartSsiController" 
Debug[10:36:42]: "Suspend:DSI3Master" 
Debug[10:36:42]: "Suspend:ASICMaster" 
Debug[10:36:42]: "Suspend:RDUMMaster" 
Debug[10:36:42]: "Suspend:DSI3Slave" 
Debug[10:36:42]: "Suspend:Measurement" 
Debug[10:36:42]: "Suspend:CFARsim" 
Debug[10:36:42]: signal in logmode 
Debug[10:36:42]: "INF(10:36:42.873):Disconnect by user" 
Debug[10:36:42]: log_breakpoint 
Debug[10:36:42]: 5 
Debug[10:36:43]: signal in logmode 
Debug[10:36:43]: "INF(10:36:43.032):Disconnect by user" 
Debug[10:36:43]: log_breakpoint 
Debug[10:36:43]: 5 
Warning[10:39:14]: QObject::connect: Cannot connect LocalServer::log(int,QString) to (null)::slot_addLog(int,QString)
Debug[10:39:14]: LocalServer:new "\\.\pipe\DSI3PAS" 
Debug[10:39:14]: Register specific 
Debug[10:39:15]: DynScaleCaclulate 
Debug[10:39:15]: "init 2 UartUartController" 
Debug[10:39:15]: Ok 
Debug[10:39:15]: "init 3 UartSpiController" 
Debug[10:39:15]: Ok 
Debug[10:39:15]: "init 4 UartSsiController" 
Debug[10:39:15]: Ok 
Debug[10:39:15]: "init 5 DSI3Master" 
Debug[10:39:15]: Ok 
Debug[10:39:15]: "init 6 ASICMaster" 
Debug[10:39:15]: Ok 
Debug[10:39:15]: "init 7 RDUMMaster" 
Debug[10:39:15]: Ok 
Debug[10:39:15]: "init 8 DSI3Slave" 
Debug[10:39:16]: Ok 
Debug[10:39:16]: "init 9 Measurement" 
Debug[10:39:16]: Ok 
Debug[10:39:16]: "init 10 CFARsim" 
Debug[10:39:16]: Ok 
Debug[10:39:16]: MainApp Starting... 
Debug[10:39:17]: Add applets to MainWindow...
 
Debug[10:39:17]: Initialize Connection... 
Debug[10:39:17]: signal in logmode 
Debug[10:39:17]: "INF(10:39:17.841):Mode is OK" 
Debug[10:39:17]: log_breakpoint 
Debug[10:39:17]: 5 
Debug[10:39:17]: signal in logmode 
Debug[10:39:17]: "INF(10:39:17.844):Attempt" 
Debug[10:39:17]: log_breakpoint 
Debug[10:39:17]: 5 
Debug[10:39:18]: signal in logmode 
Debug[10:39:18]: "INF(10:39:18.157):Attempt" 
Debug[10:39:18]: log_breakpoint 
Debug[10:39:18]: 5 
Debug[10:39:18]: signal in logmode 
Debug[10:39:18]: "INF(10:39:18.469):Attempt" 
Debug[10:39:18]: log_breakpoint 
Debug[10:39:18]: 5 
Debug[10:39:18]: signal in logmode 
Debug[10:39:18]: "INF(10:39:18.782):Mode is OK" 
Debug[10:39:18]: log_breakpoint 
Debug[10:39:18]: 5 
Debug[10:39:18]: signal in logmode 
Debug[10:39:18]: "INF(10:39:18.785):Attempt" 
Debug[10:39:18]: log_breakpoint 
Debug[10:39:18]: 5 
Debug[10:39:19]: signal in logmode 
Debug[10:39:19]: "INF(10:39:19.092):Attempt" 
Debug[10:39:19]: log_breakpoint 
Debug[10:39:19]: 5 
Debug[10:39:19]: signal in logmode 
Debug[10:39:19]: "INF(10:39:19.406):Attempt" 
Debug[10:39:19]: log_breakpoint 
Debug[10:39:19]: 5 
Debug[10:39:19]: signal in logmode 
Debug[10:39:19]: "INF(10:39:19.720):Mode is OK" 
Debug[10:39:19]: log_breakpoint 
Debug[10:39:19]: 5 
Debug[10:39:19]: signal in logmode 
Debug[10:39:19]: "INF(10:39:19.726):Attempt" 
Debug[10:39:19]: log_breakpoint 
Debug[10:39:19]: 5 
Debug[10:39:19]: signal in logmode 
Debug[10:39:19]: "INF(10:39:19.888):Mode is OK" 
Debug[10:39:19]: log_breakpoint 
Debug[10:39:19]: 5 
Debug[10:39:19]: signal in logmode 
Debug[10:39:19]: "INF(10:39:19.891):Attempt" 
Debug[10:39:19]: log_breakpoint 
Debug[10:39:19]: 5 
Debug[10:39:20]: signal in logmode 
Debug[10:39:20]: "INF(10:39:20.200):Attempt" 
Debug[10:39:20]: log_breakpoint 
Debug[10:39:20]: 5 
Debug[10:39:20]: signal in logmode 
Debug[10:39:20]: "INF(10:39:20.513):Attempt" 
Debug[10:39:20]: log_breakpoint 
Debug[10:39:20]: 5 
Debug[10:39:20]: signal in logmode 
Debug[10:39:20]: "INF(10:39:20.826):Mode is OK" 
Debug[10:39:20]: log_breakpoint 
Debug[10:39:20]: 5 
Debug[10:39:20]: signal in logmode 
Debug[10:39:20]: "INF(10:39:20.828):Attempt" 
Debug[10:39:20]: log_breakpoint 
Debug[10:39:20]: 5 
Debug[10:39:21]: signal in logmode 
Debug[10:39:21]: "INF(10:39:21.138):Attempt" 
Debug[10:39:21]: log_breakpoint 
Debug[10:39:21]: 5 
Debug[10:39:21]: signal in logmode 
Debug[10:39:21]: "INF(10:39:21.447):Attempt" 
Debug[10:39:21]: log_breakpoint 
Debug[10:39:21]: 5 
Debug[10:39:21]: signal in logmode 
Debug[10:39:21]: "INF(10:39:21.759):Mode is OK" 
Debug[10:39:21]: log_breakpoint 
Debug[10:39:21]: 5 
Debug[10:39:21]: signal in logmode 
Debug[10:39:21]: "INF(10:39:21.762):Attempt" 
Debug[10:39:21]: log_breakpoint 
Debug[10:39:21]: 5 
Debug[10:39:22]: signal in logmode 
Debug[10:39:22]: "INF(10:39:22.073):Attempt" 
Debug[10:39:22]: log_breakpoint 
Debug[10:39:22]: 5 
Debug[10:39:22]: signal in logmode 
Debug[10:39:22]: "INF(10:39:22.384):Attempt" 
Debug[10:39:22]: log_breakpoint 
Debug[10:39:22]: 5 
Debug[10:39:22]: signal in logmode 
Debug[10:39:22]: "INF(10:39:22.696):Mode is OK" 
Debug[10:39:22]: log_breakpoint 
Debug[10:39:22]: 5 
Debug[10:39:22]: signal in logmode 
Debug[10:39:22]: "INF(10:39:22.699):Attempt" 
Debug[10:39:22]: log_breakpoint 
Debug[10:39:22]: 5 
Debug[10:39:23]: signal in logmode 
Debug[10:39:23]: "INF(10:39:23.009):Attempt" 
Debug[10:39:23]: log_breakpoint 
Debug[10:39:23]: 5 
Debug[10:39:23]: signal in logmode 
Debug[10:39:23]: "INF(10:39:23.322):Attempt" 
Debug[10:39:23]: log_breakpoint 
Debug[10:39:23]: 5 
Debug[10:39:26]: signal in logmode 
Debug[10:39:26]: "INF(10:39:26.451):Mode is OK" 
Debug[10:39:26]: log_breakpoint 
Debug[10:39:26]: 5 
Debug[10:39:26]: signal in logmode 
Debug[10:39:26]: "INF(10:39:26.454):Attempt" 
Debug[10:39:26]: log_breakpoint 
Debug[10:39:26]: 5 
Debug[10:39:26]: signal in logmode 
Debug[10:39:26]: "INF(10:39:26.764):Attempt" 
Debug[10:39:26]: log_breakpoint 
Debug[10:39:26]: 5 
Debug[10:39:27]: signal in logmode 
Debug[10:39:27]: "INF(10:39:27.074):Attempt" 
Debug[10:39:27]: log_breakpoint 
Debug[10:39:27]: 5 
Debug[10:39:27]: signal in logmode 
Debug[10:39:27]: "INF(10:39:27.388):Mode is OK" 
Debug[10:39:27]: log_breakpoint 
Debug[10:39:27]: 5 
Debug[10:39:27]: signal in logmode 
Debug[10:39:27]: "INF(10:39:27.391):Attempt" 
Debug[10:39:27]: log_breakpoint 
Debug[10:39:27]: 5 
Debug[10:39:27]: signal in logmode 
Debug[10:39:27]: "INF(10:39:27.703):Attempt" 
Debug[10:39:27]: log_breakpoint 
Debug[10:39:27]: 5 
Debug[10:39:28]: signal in logmode 
Debug[10:39:28]: "INF(10:39:28.012):Attempt" 
Debug[10:39:28]: log_breakpoint 
Debug[10:39:28]: 5 
Debug[10:39:28]: signal in logmode 
Debug[10:39:28]: "INF(10:39:28.325):Mode is OK" 
Debug[10:39:28]: log_breakpoint 
Debug[10:39:28]: 5 
Debug[10:39:28]: signal in logmode 
Debug[10:39:28]: "INF(10:39:28.329):Attempt" 
Debug[10:39:28]: log_breakpoint 
Debug[10:39:28]: 5 
Debug[10:39:28]: signal in logmode 
Debug[10:39:28]: "INF(10:39:28.335):RDUM master connected" 
Debug[10:39:28]: log_breakpoint 
Debug[10:39:28]: 5 
Debug[10:39:28]: signal in logmode 
Debug[10:39:28]: "INF(10:39:28.337):Connected to \\.\COM98" 
Debug[10:39:28]: log_breakpoint 
Debug[10:39:28]: 5 
Warning[10:39:28]: Could not parse stylesheet of widget 0x2a85f10
Debug[10:39:28]: "Resume:Logs" 
Debug[10:39:28]: "Resume:Settings" 
Debug[10:39:28]: "Resume:UartUartController" 
Debug[10:39:28]: "Resume:UartSpiController" 
Debug[10:39:28]: "Resume:UartSsiController" 
Debug[10:39:28]: "Resume:DSI3Master" 
Debug[10:39:28]: "Resume:ASICMaster" 
Debug[10:39:28]: "Resume:RDUMMaster" 
Debug[10:39:28]: "Resume:DSI3Slave" 
Debug[10:39:28]: "Resume:Measurement" 
Debug[10:39:28]: "Resume:CFARsim" 
Debug[10:40:12]: "Suspend:Settings" 
Debug[10:40:12]: "Suspend:UartUartController" 
Debug[10:40:12]: "Suspend:UartSpiController" 
Debug[10:40:12]: "Suspend:UartSsiController" 
Debug[10:40:12]: "Suspend:DSI3Master" 
Debug[10:40:12]: "Suspend:ASICMaster" 
Debug[10:40:12]: "Suspend:RDUMMaster" 
Debug[10:40:12]: "Suspend:DSI3Slave" 
Debug[10:40:12]: "Suspend:Measurement" 
Debug[10:40:12]: "Suspend:CFARsim" 
Debug[10:40:12]: signal in logmode 
Debug[10:40:12]: "INF(10:40:12.467):Disconnect by user" 
Debug[10:40:12]: log_breakpoint 
Debug[10:40:12]: 5 
Debug[10:40:12]: signal in logmode 
Debug[10:40:12]: "INF(10:40:12.609):Disconnect by user" 
Debug[10:40:12]: log_breakpoint 
Debug[10:40:12]: 5 
Warning[10:43:04]: QObject::connect: Cannot connect LocalServer::log(int,QString) to (null)::slot_addLog(int,QString)
Debug[10:43:04]: LocalServer:new "\\.\pipe\DSI3PAS" 
Debug[10:43:04]: Register specific 
Debug[10:43:04]: DynScaleCaclulate 
Debug[10:43:04]: "init 2 UartUartController" 
Debug[10:43:04]: Ok 
Debug[10:43:04]: "init 3 UartSpiController" 
Debug[10:43:04]: Ok 
Debug[10:43:04]: "init 4 UartSsiController" 
Debug[10:43:04]: Ok 
Debug[10:43:04]: "init 5 DSI3Master" 
Debug[10:43:04]: Ok 
Debug[10:43:04]: "init 6 ASICMaster" 
Debug[10:43:04]: Ok 
Debug[10:43:04]: "init 7 RDUMMaster" 
Debug[10:43:04]: Ok 
Debug[10:43:04]: "init 8 DSI3Slave" 
Debug[10:43:05]: Ok 
Debug[10:43:05]: "init 9 Measurement" 
Debug[10:43:06]: Ok 
Debug[10:43:06]: "init 10 CFARsim" 
Debug[10:43:06]: Ok 
Debug[10:43:06]: MainApp Starting... 
Debug[10:43:07]: Add applets to MainWindow...
 
Debug[10:43:07]: Initialize Connection... 
Debug[10:43:07]: signal in logmode 
Debug[10:43:07]: "INF(10:43:07.736):Mode is OK" 
Debug[10:43:07]: log_breakpoint 
Debug[10:43:07]: 5 
Debug[10:43:07]: signal in logmode 
Debug[10:43:07]: "INF(10:43:07.740):Attempt" 
Debug[10:43:07]: log_breakpoint 
Debug[10:43:07]: 5 
Debug[10:43:08]: signal in logmode 
Debug[10:43:08]: "INF(10:43:08.058):Attempt" 
Debug[10:43:08]: log_breakpoint 
Debug[10:43:08]: 5 
Debug[10:43:08]: signal in logmode 
Debug[10:43:08]: "INF(10:43:08.374):Attempt" 
Debug[10:43:08]: log_breakpoint 
Debug[10:43:08]: 5 
Debug[10:43:08]: signal in logmode 
Debug[10:43:08]: "INF(10:43:08.686):Mode is OK" 
Debug[10:43:08]: log_breakpoint 
Debug[10:43:08]: 5 
Debug[10:43:08]: signal in logmode 
Debug[10:43:08]: "INF(10:43:08.696):Attempt" 
Debug[10:43:08]: log_breakpoint 
Debug[10:43:08]: 5 
Debug[10:43:09]: signal in logmode 
Debug[10:43:09]: "INF(10:43:09.012):Attempt" 
Debug[10:43:09]: log_breakpoint 
Debug[10:43:09]: 5 
Debug[10:43:09]: signal in logmode 
Debug[10:43:09]: "INF(10:43:09.325):Attempt" 
Debug[10:43:09]: log_breakpoint 
Debug[10:43:09]: 5 
Debug[10:43:09]: signal in logmode 
Debug[10:43:09]: "INF(10:43:09.635):Mode is OK" 
Debug[10:43:09]: log_breakpoint 
Debug[10:43:09]: 5 
Debug[10:43:09]: signal in logmode 
Debug[10:43:09]: "INF(10:43:09.639):Attempt" 
Debug[10:43:09]: log_breakpoint 
Debug[10:43:09]: 5 
Debug[10:43:09]: signal in logmode 
Debug[10:43:09]: "INF(10:43:09.794):Mode is OK" 
Debug[10:43:09]: log_breakpoint 
Debug[10:43:09]: 5 
Debug[10:43:09]: signal in logmode 
Debug[10:43:09]: "INF(10:43:09.795):Attempt" 
Debug[10:43:09]: log_breakpoint 
Debug[10:43:09]: 5 
Debug[10:43:10]: signal in logmode 
Debug[10:43:10]: "INF(10:43:10.101):Attempt" 
Debug[10:43:10]: log_breakpoint 
Debug[10:43:10]: 5 
Debug[10:43:10]: signal in logmode 
Debug[10:43:10]: "INF(10:43:10.415):Attempt" 
Debug[10:43:10]: log_breakpoint 
Debug[10:43:10]: 5 
Debug[10:43:10]: signal in logmode 
Debug[10:43:10]: "INF(10:43:10.726):Mode is OK" 
Debug[10:43:10]: log_breakpoint 
Debug[10:43:10]: 5 
Debug[10:43:10]: signal in logmode 
Debug[10:43:10]: "INF(10:43:10.728):Attempt" 
Debug[10:43:10]: log_breakpoint 
Debug[10:43:10]: 5 
Debug[10:43:11]: signal in logmode 
Debug[10:43:11]: "INF(10:43:11.036):Attempt" 
Debug[10:43:11]: log_breakpoint 
Debug[10:43:11]: 5 
Debug[10:43:11]: signal in logmode 
Debug[10:43:11]: "INF(10:43:11.349):Attempt" 
Debug[10:43:11]: log_breakpoint 
Debug[10:43:11]: 5 
Debug[10:43:11]: signal in logmode 
Debug[10:43:11]: "INF(10:43:11.661):Mode is OK" 
Debug[10:43:11]: log_breakpoint 
Debug[10:43:11]: 5 
Debug[10:43:11]: signal in logmode 
Debug[10:43:11]: "INF(10:43:11.664):Attempt" 
Debug[10:43:11]: log_breakpoint 
Debug[10:43:11]: 5 
Debug[10:43:11]: signal in logmode 
Debug[10:43:11]: "INF(10:43:11.974):Attempt" 
Debug[10:43:11]: log_breakpoint 
Debug[10:43:11]: 5 
Debug[10:43:12]: signal in logmode 
Debug[10:43:12]: "INF(10:43:12.283):Attempt" 
Debug[10:43:12]: log_breakpoint 
Debug[10:43:12]: 5 
Debug[10:43:12]: signal in logmode 
Debug[10:43:12]: "INF(10:43:12.596):Mode is OK" 
Debug[10:43:12]: log_breakpoint 
Debug[10:43:12]: 5 
Debug[10:43:12]: signal in logmode 
Debug[10:43:12]: "INF(10:43:12.598):Attempt" 
Debug[10:43:12]: log_breakpoint 
Debug[10:43:12]: 5 
Debug[10:43:12]: signal in logmode 
Debug[10:43:12]: "INF(10:43:12.908):Attempt" 
Debug[10:43:12]: log_breakpoint 
Debug[10:43:12]: 5 
Debug[10:43:13]: signal in logmode 
Debug[10:43:13]: "INF(10:43:13.221):Attempt" 
Debug[10:43:13]: log_breakpoint 
Debug[10:43:13]: 5 
Debug[10:43:16]: signal in logmode 
Debug[10:43:16]: "INF(10:43:16.736):Mode is OK" 
Debug[10:43:16]: log_breakpoint 
Debug[10:43:16]: 5 
Debug[10:43:16]: signal in logmode 
Debug[10:43:16]: "INF(10:43:16.738):Attempt" 
Debug[10:43:16]: log_breakpoint 
Debug[10:43:16]: 5 
Debug[10:43:17]: signal in logmode 
Debug[10:43:17]: "INF(10:43:17.052):Attempt" 
Debug[10:43:17]: log_breakpoint 
Debug[10:43:17]: 5 
Debug[10:43:17]: signal in logmode 
Debug[10:43:17]: "INF(10:43:17.362):Attempt" 
Debug[10:43:17]: log_breakpoint 
Debug[10:43:17]: 5 
Debug[10:43:17]: signal in logmode 
Debug[10:43:17]: "INF(10:43:17.673):Mode is OK" 
Debug[10:43:17]: log_breakpoint 
Debug[10:43:17]: 5 
Debug[10:43:17]: signal in logmode 
Debug[10:43:17]: "INF(10:43:17.676):Attempt" 
Debug[10:43:17]: log_breakpoint 
Debug[10:43:17]: 5 
Debug[10:43:17]: signal in logmode 
Debug[10:43:17]: "INF(10:43:17.983):Attempt" 
Debug[10:43:17]: log_breakpoint 
Debug[10:43:17]: 5 
Debug[10:43:18]: signal in logmode 
Debug[10:43:18]: "INF(10:43:18.293):Attempt" 
Debug[10:43:18]: log_breakpoint 
Debug[10:43:18]: 5 
Debug[10:43:18]: signal in logmode 
Debug[10:43:18]: "INF(10:43:18.605):Mode is OK" 
Debug[10:43:18]: log_breakpoint 
Debug[10:43:18]: 5 
Debug[10:43:18]: signal in logmode 
Debug[10:43:18]: "INF(10:43:18.608):Attempt" 
Debug[10:43:18]: log_breakpoint 
Debug[10:43:18]: 5 
Debug[10:43:18]: signal in logmode 
Debug[10:43:18]: "INF(10:43:18.636):RDUM master connected" 
Debug[10:43:18]: log_breakpoint 
Debug[10:43:18]: 5 
Debug[10:43:18]: signal in logmode 
Debug[10:43:18]: "INF(10:43:18.638):Connected to \\.\COM82" 
Debug[10:43:18]: log_breakpoint 
Debug[10:43:18]: 5 
Warning[10:43:18]: Could not parse stylesheet of widget 0x2e86bb0
Debug[10:43:18]: "Resume:Logs" 
Debug[10:43:18]: "Resume:Settings" 
Debug[10:43:18]: "Resume:UartUartController" 
Debug[10:43:18]: "Resume:UartSpiController" 
Debug[10:43:18]: "Resume:UartSsiController" 
Debug[10:43:18]: "Resume:DSI3Master" 
Debug[10:43:18]: "Resume:ASICMaster" 
Debug[10:43:18]: "Resume:RDUMMaster" 
Debug[10:43:18]: "Resume:DSI3Slave" 
Debug[10:43:18]: "Resume:Measurement" 
Debug[10:43:18]: "Resume:CFARsim" 
Debug[10:44:09]: "Suspend:Settings" 
Debug[10:44:09]: "Suspend:UartUartController" 
Debug[10:44:09]: "Suspend:UartSpiController" 
Debug[10:44:09]: "Suspend:UartSsiController" 
Debug[10:44:09]: "Suspend:DSI3Master" 
Debug[10:44:09]: "Suspend:ASICMaster" 
Debug[10:44:09]: "Suspend:RDUMMaster" 
Debug[10:44:09]: "Suspend:DSI3Slave" 
Debug[10:44:09]: "Suspend:Measurement" 
Debug[10:44:09]: "Suspend:CFARsim" 
Debug[10:44:09]: signal in logmode 
Debug[10:44:09]: "INF(10:44:09.510):Disconnect by user" 
Debug[10:44:09]: log_breakpoint 
Debug[10:44:09]: 5 
Debug[10:44:09]: signal in logmode 
Debug[10:44:09]: "INF(10:44:09.661):Disconnect by user" 
Debug[10:44:09]: log_breakpoint 
Debug[10:44:09]: 5 
Warning[12:19:44]: QObject::connect: Cannot connect LocalServer::log(int,QString) to (null)::slot_addLog(int,QString)
Debug[12:19:44]: LocalServer:new "\\.\pipe\DSI3PASd" 
Debug[12:19:45]: Register specific 
Debug[12:19:46]: DynScaleCaclulate 
Debug[12:19:46]: "init 2 UartUartController" 
Debug[12:19:46]: Ok 
Debug[12:19:46]: "init 3 UartSpiController" 
Debug[12:19:46]: Ok 
Debug[12:19:46]: "init 4 UartSsiController" 
Debug[12:19:46]: Ok 
Debug[12:19:46]: "init 5 DSI3Master" 
Debug[12:19:46]: Ok 
Debug[12:19:46]: "init 6 ASICMaster" 
Debug[12:19:46]: Ok 
Debug[12:19:46]: "init 7 RDUMMaster" 
Debug[12:19:46]: Ok 
Debug[12:19:46]: "init 8 DSI3Slave" 
Debug[12:19:48]: Ok 
Debug[12:19:48]: "init 9 Measurement" 
Debug[12:19:50]: Ok 
Debug[12:19:50]: "init 10 CFARsim" 
Debug[12:19:50]: Ok 
Debug[12:19:50]: Using SERPORT
Debug[12:19:50]: MainApp Starting... 
Debug[12:19:52]: Add applets to MainWindow...
 
Debug[12:19:52]: Initialize Connection... 
Debug[12:20:06]: signal in logmode 
Debug[12:20:06]: "INF(12:20:06.790):Connected to no_board" 
Debug[12:20:06]: log_breakpoint 
Debug[12:20:06]: 5 
Warning[12:20:06]: Could not parse stylesheet of widget 0x4b6a5e8
Debug[12:20:06]: "Resume:Logs" 
Debug[12:20:06]: "Resume:Settings" 
Debug[12:20:06]: "Resume:UartUartController" 
Debug[12:20:06]: "Resume:UartSpiController" 
Debug[12:20:06]: "Resume:UartSsiController" 
Debug[12:20:06]: "Resume:DSI3Master" 
Debug[12:20:06]: "Resume:ASICMaster" 
Debug[12:20:06]: "Resume:RDUMMaster" 
Debug[12:20:06]: "Resume:DSI3Slave" 
Debug[12:20:06]: "Resume:Measurement" 
Debug[12:20:06]: "Resume:CFARsim" 
Debug[12:20:16]: "Suspend:Settings" 
Debug[12:20:16]: "Suspend:UartUartController" 
Debug[12:20:16]: "Suspend:UartSpiController" 
Debug[12:20:16]: "Suspend:UartSsiController" 
Debug[12:20:16]: "Suspend:DSI3Master" 
Debug[12:20:16]: "Suspend:ASICMaster" 
Debug[12:20:16]: "Suspend:RDUMMaster" 
Debug[12:20:16]: "Suspend:DSI3Slave" 
Debug[12:20:16]: "Suspend:Measurement" 
Debug[12:20:16]: "Suspend:CFARsim" 
Debug[12:20:16]: signal in logmode 
Debug[12:20:16]: "INF(12:20:16.491):Disconnect by user" 
Debug[12:20:16]: log_breakpoint 
Debug[12:20:16]: 5 
Debug[12:20:16]: signal in logmode 
Debug[12:20:16]: "INF(12:20:16.539):Disconnect by user" 
Debug[12:20:16]: log_breakpoint 
Debug[12:20:16]: 5 
Warning[12:20:40]: QObject::connect: Cannot connect LocalServer::log(int,QString) to (null)::slot_addLog(int,QString)
Debug[12:20:40]: LocalServer:new "\\.\pipe\DSI3PASd" 
Debug[12:20:40]: Register specific 
Debug[12:20:42]: DynScaleCaclulate 
Debug[12:20:42]: "init 2 UartUartController" 
Debug[12:20:42]: Ok 
Debug[12:20:42]: "init 3 UartSpiController" 
Debug[12:20:42]: Ok 
Debug[12:20:42]: "init 4 UartSsiController" 
Debug[12:20:42]: Ok 
Debug[12:20:42]: "init 5 DSI3Master" 
Debug[12:20:42]: Ok 
Debug[12:20:42]: "init 6 ASICMaster" 
Debug[12:20:42]: Ok 
Debug[12:20:42]: "init 7 RDUMMaster" 
Debug[12:20:42]: Ok 
Debug[12:20:42]: "init 8 DSI3Slave" 
Debug[12:20:44]: Ok 
Debug[12:20:44]: "init 9 Measurement" 
Debug[12:20:46]: Ok 
Debug[12:20:46]: "init 10 CFARsim" 
Debug[12:20:46]: Ok 
Debug[12:20:46]: Using SERPORT
Debug[12:20:46]: MainApp Starting... 
Debug[12:20:48]: Add applets to MainWindow...
 
Debug[12:20:48]: Initialize Connection... 
Debug[12:20:52]: signal in logmode 
Debug[12:20:52]: "INF(12:20:52.235):Connected to no_board" 
Debug[12:20:52]: log_breakpoint 
Debug[12:20:52]: 5 
Warning[12:20:52]: Could not parse stylesheet of widget 0x499bf28
Debug[12:20:52]: "Resume:Logs" 
Debug[12:20:52]: "Resume:Settings" 
Debug[12:20:52]: "Resume:UartUartController" 
Debug[12:20:52]: "Resume:UartSpiController" 
Debug[12:20:52]: "Resume:UartSsiController" 
Debug[12:20:52]: "Resume:DSI3Master" 
Debug[12:20:52]: "Resume:ASICMaster" 
Debug[12:20:52]: "Resume:RDUMMaster" 
Debug[12:20:52]: "Resume:DSI3Slave" 
Debug[12:20:52]: "Resume:Measurement" 
Debug[12:20:52]: "Resume:CFARsim" 
Debug[12:21:54]: "Suspend:Settings" 
Debug[12:21:54]: "Suspend:UartUartController" 
Debug[12:21:54]: "Suspend:UartSpiController" 
Debug[12:21:54]: "Suspend:UartSsiController" 
Debug[12:21:54]: "Suspend:DSI3Master" 
Debug[12:21:54]: "Suspend:ASICMaster" 
Debug[12:21:54]: "Suspend:RDUMMaster" 
Debug[12:21:54]: "Suspend:DSI3Slave" 
Debug[12:21:54]: "Suspend:Measurement" 
Debug[12:21:54]: "Suspend:CFARsim" 
Debug[12:21:54]: signal in logmode 
Debug[12:21:54]: "INF(12:21:54.075):Disconnect by user" 
Debug[12:21:54]: log_breakpoint 
Debug[12:21:54]: 5 
Debug[12:21:54]: signal in logmode 
Debug[12:21:54]: "INF(12:21:54.121):Disconnect by user" 
Debug[12:21:54]: log_breakpoint 
Debug[12:21:54]: 5 
Warning[12:21:57]: QObject::connect: Cannot connect LocalServer::log(int,QString) to (null)::slot_addLog(int,QString)
Debug[12:21:57]: LocalServer:new "\\.\pipe\DSI3PASd" 
Debug[12:21:57]: Register specific 
Debug[12:21:58]: DynScaleCaclulate 
Debug[12:21:58]: "init 2 UartUartController" 
Debug[12:21:58]: Ok 
Debug[12:21:58]: "init 3 UartSpiController" 
Debug[12:21:58]: Ok 
Debug[12:21:58]: "init 4 UartSsiController" 
Debug[12:21:58]: Ok 
Debug[12:21:58]: "init 5 DSI3Master" 
Debug[12:21:58]: Ok 
Debug[12:21:58]: "init 6 ASICMaster" 
Debug[12:21:58]: Ok 
Debug[12:21:58]: "init 7 RDUMMaster" 
Debug[12:21:59]: Ok 
Debug[12:21:59]: "init 8 DSI3Slave" 
Debug[12:22:00]: Ok 
Debug[12:22:00]: "init 9 Measurement" 
Debug[12:22:02]: Ok 
Debug[12:22:02]: "init 10 CFARsim" 
Debug[12:22:02]: Ok 
Debug[12:22:02]: Using SERPORT
Debug[12:22:02]: MainApp Starting... 
Debug[12:22:04]: Add applets to MainWindow...
 
Debug[12:22:04]: Initialize Connection... 
Debug[12:22:08]: signal in logmode 
Debug[12:22:08]: "INF(12:22:08.456):Disconnect by user" 
Debug[12:22:08]: log_breakpoint 
Debug[12:22:08]: 5 
Debug[12:22:08]: signal in logmode 
Debug[12:22:08]: "INF(12:22:08.493):Disconnect by user" 
Debug[12:22:08]: log_breakpoint 
Debug[12:22:08]: 5 
Warning[13:53:20]: QObject::connect: Cannot connect LocalServer::log(int,QString) to (null)::slot_addLog(int,QString)
Debug[13:53:20]: LocalServer:new "\\.\pipe\DSI3PAS" 
Debug[13:53:20]: Register specific 
Debug[13:53:21]: DynScaleCaclulate 
Debug[13:53:21]: "init 2 UartUartController" 
Debug[13:53:21]: Ok 
Debug[13:53:21]: "init 3 UartSpiController" 
Debug[13:53:21]: Ok 
Debug[13:53:21]: "init 4 UartSsiController" 
Debug[13:53:21]: Ok 
Debug[13:53:21]: "init 5 DSI3Master" 
Debug[13:53:21]: Ok 
Debug[13:53:21]: "init 6 ASICMaster" 
Debug[13:53:21]: Ok 
Debug[13:53:21]: "init 7 RDUMMaster" 
Debug[13:53:21]: Ok 
Debug[13:53:21]: "init 8 DSI3Slave" 
Debug[13:53:22]: Ok 
Debug[13:53:22]: "init 9 Measurement" 
Debug[13:53:23]: Ok 
Debug[13:53:23]: "init 10 CFARsim" 
Debug[13:53:23]: Ok 
Debug[13:53:23]: MainApp Starting... 
Debug[13:53:24]: Add applets to MainWindow...
 
Debug[13:53:24]: Initialize Connection... 
Debug[14:14:23]: signal in logmode 
Debug[14:14:23]: "INF(14:14:23.841):Disconnect by user" 
Debug[14:14:23]: log_breakpoint 
Debug[14:14:23]: 5 
Debug[14:14:23]: signal in logmode 
Debug[14:14:23]: "INF(14:14:23.881):Disconnect by user" 
Debug[14:14:23]: log_breakpoint 
Debug[14:14:23]: 5 
