Warning[07:13:49]: QObject::connect: Cannot connect LocalServer::log(int,QString) to (null)::slot_addLog(int,QString)
Debug[07:13:49]: LocalServer:new "\\.\pipe\DSI3PAS" 
Debug[07:13:50]: Register specific 
Debug[07:13:50]: DynScaleCaclulate 
Debug[07:13:50]: "init 2 UartUartController" 
Debug[07:13:50]: Ok 
Debug[07:13:50]: "init 3 UartSpiController" 
Debug[07:13:50]: Ok 
Debug[07:13:50]: "init 4 UartSsiController" 
Debug[07:13:50]: Ok 
Debug[07:13:50]: "init 5 DSI3Master" 
Debug[07:13:50]: Ok 
Debug[07:13:50]: "init 6 ASICMaster" 
Debug[07:13:50]: Ok 
Debug[07:13:50]: "init 7 RDUMMaster" 
Debug[07:13:50]: Ok 
Debug[07:13:50]: "init 8 DSI3Slave" 
Debug[07:13:51]: Ok 
Debug[07:13:51]: "init 9 Measurement" 
Debug[07:13:52]: Ok 
Debug[07:13:52]: "init 10 CFARsim" 
Debug[07:13:52]: Ok 
Debug[07:13:52]: MainApp Starting... 
Debug[07:13:53]: Add applets to MainWindow...
 
Debug[07:13:53]: Initialize Connection... 
Warning[07:13:53]: QFileSystemWatcher: failed to add paths: C:/REPO/DSI3PAS2_workingdir/DSI3PAS2/Software/bin/ULSEverification_configfiles, C:/REPO/DSI3PAS2_workingdir/DSI3PAS2/Software/bin/ConfigFiles_29_1_2021_Jiri_MOBIS, C:/Users/fg6cnq/Desktop/DSI3PAS2_UART_QtSW_20210129_1511, C:/Users/zbdn9w/Desktop/Temp/CFAR QT uprava ToF, C:/Users/zbdn9w/Desktop/Temp/CFAR QT Komprimace do CSV, U:/Dokumenty/MOBIS/Crosstalk 11-2021
Debug[07:13:56]: signal in logmode 
Debug[07:13:56]: "INF(07:13:56.166):Connected to no_board" 
Debug[07:13:56]: log_breakpoint 
Debug[07:13:56]: 5 
Warning[07:13:56]: Could not parse stylesheet of widget 0x3423210
Debug[07:13:56]: "Resume:Logs" 
Debug[07:13:56]: "Resume:Settings" 
Debug[07:13:56]: "Resume:UartUartController" 
Debug[07:13:56]: "Resume:UartSpiController" 
Debug[07:13:56]: "Resume:UartSsiController" 
Debug[07:13:56]: "Resume:DSI3Master" 
Debug[07:13:56]: "Resume:ASICMaster" 
Debug[07:13:56]: "Resume:RDUMMaster" 
Debug[07:13:56]: "Resume:DSI3Slave" 
Debug[07:13:56]: "Resume:Measurement" 
Debug[07:13:56]: "Resume:CFARsim" 
Debug[07:31:13]: "Suspend:Settings" 
Debug[07:31:13]: "Suspend:UartUartController" 
Debug[07:31:13]: "Suspend:UartSpiController" 
Debug[07:31:13]: "Suspend:UartSsiController" 
Debug[07:31:13]: "Suspend:DSI3Master" 
Debug[07:31:13]: "Suspend:ASICMaster" 
Debug[07:31:13]: "Suspend:RDUMMaster" 
Debug[07:31:13]: "Suspend:DSI3Slave" 
Debug[07:31:13]: "Suspend:Measurement" 
Debug[07:31:13]: "Suspend:CFARsim" 
Debug[07:31:13]: signal in logmode 
Debug[07:31:13]: "INF(07:31:13.881):Disconnect by user" 
Debug[07:31:13]: log_breakpoint 
Debug[07:31:13]: 5 
Debug[07:31:13]: signal in logmode 
Debug[07:31:13]: "INF(07:31:13.903):Disconnect by user" 
Debug[07:31:13]: log_breakpoint 
Debug[07:31:13]: 5 
Warning[13:14:16]: QObject::connect: Cannot connect LocalServer::log(int,QString) to (null)::slot_addLog(int,QString)
Debug[13:14:16]: LocalServer:new "\\.\pipe\DSI3PAS" 
Debug[13:14:16]: Register specific 
Debug[13:14:16]: DynScaleCaclulate 
Debug[13:14:16]: "init 2 UartUartController" 
Debug[13:14:16]: Ok 
Debug[13:14:16]: "init 3 UartSpiController" 
Debug[13:14:16]: Ok 
Debug[13:14:16]: "init 4 UartSsiController" 
Debug[13:14:16]: Ok 
Debug[13:14:16]: "init 5 DSI3Master" 
Debug[13:14:16]: Ok 
Debug[13:14:16]: "init 6 ASICMaster" 
Debug[13:14:16]: Ok 
Debug[13:14:16]: "init 7 RDUMMaster" 
Debug[13:14:16]: Ok 
Debug[13:14:16]: "init 8 DSI3Slave" 
Debug[13:14:17]: Ok 
Debug[13:14:17]: "init 9 Measurement" 
Debug[13:14:18]: Ok 
Debug[13:14:18]: "init 10 CFARsim" 
Debug[13:14:18]: Ok 
Debug[13:14:18]: MainApp Starting... 
Debug[13:14:19]: Add applets to MainWindow...
 
Debug[13:14:19]: Initialize Connection... 
Warning[13:14:19]: QFileSystemWatcher: failed to add paths: C:/REPO/DSI3PAS2_workingdir/DSI3PAS2/Software/bin/ULSEverification_configfiles, C:/REPO/DSI3PAS2_workingdir/DSI3PAS2/Software/bin/ConfigFiles_29_1_2021_Jiri_MOBIS, C:/Users/fg6cnq/Desktop/DSI3PAS2_UART_QtSW_20210129_1511, C:/Users/zbdn9w/Desktop/Temp/CFAR QT uprava ToF, C:/Users/zbdn9w/Desktop/Temp/CFAR QT Komprimace do CSV, U:/Dokumenty/MOBIS/Crosstalk 11-2021
Debug[13:14:28]: Initialize Connection... 
Debug[13:14:30]: signal in logmode 
Debug[13:14:30]: "INF(13:14:30.703):Mode is OK" 
Debug[13:14:30]: log_breakpoint 
Debug[13:14:30]: 5 
Debug[13:14:30]: signal in logmode 
Debug[13:14:30]: "INF(13:14:30.708):Attempt" 
Debug[13:14:30]: log_breakpoint 
Debug[13:14:30]: 5 
Debug[13:14:31]: signal in logmode 
Debug[13:14:31]: "INF(13:14:31.021):Attempt" 
Debug[13:14:31]: log_breakpoint 
Debug[13:14:31]: 5 
Debug[13:14:31]: signal in logmode 
Debug[13:14:31]: "INF(13:14:31.332):Attempt" 
Debug[13:14:31]: log_breakpoint 
Debug[13:14:31]: 5 
Debug[13:14:31]: signal in logmode 
Debug[13:14:31]: "INF(13:14:31.642):Mode is OK" 
Debug[13:14:31]: log_breakpoint 
Debug[13:14:31]: 5 
Debug[13:14:31]: signal in logmode 
Debug[13:14:31]: "INF(13:14:31.646):Attempt" 
Debug[13:14:31]: log_breakpoint 
Debug[13:14:31]: 5 
Debug[13:14:31]: signal in logmode 
Debug[13:14:31]: "INF(13:14:31.956):Attempt" 
Debug[13:14:31]: log_breakpoint 
Debug[13:14:31]: 5 
Debug[13:14:32]: signal in logmode 
Debug[13:14:32]: "INF(13:14:32.267):Attempt" 
Debug[13:14:32]: log_breakpoint 
Debug[13:14:32]: 5 
Debug[13:14:32]: signal in logmode 
Debug[13:14:32]: "INF(13:14:32.574):Mode is OK" 
Debug[13:14:32]: log_breakpoint 
Debug[13:14:32]: 5 
Debug[13:14:32]: signal in logmode 
Debug[13:14:32]: "INF(13:14:32.580):Attempt" 
Debug[13:14:32]: log_breakpoint 
Debug[13:14:32]: 5 
Debug[13:14:32]: signal in logmode 
Debug[13:14:32]: "INF(13:14:32.751):Mode is OK" 
Debug[13:14:32]: log_breakpoint 
Debug[13:14:32]: 5 
Debug[13:14:32]: signal in logmode 
Debug[13:14:32]: "INF(13:14:32.755):Attempt" 
Debug[13:14:32]: log_breakpoint 
Debug[13:14:32]: 5 
Debug[13:14:33]: signal in logmode 
Debug[13:14:33]: "INF(13:14:33.072):Attempt" 
Debug[13:14:33]: log_breakpoint 
Debug[13:14:33]: 5 
Debug[13:14:33]: signal in logmode 
Debug[13:14:33]: "INF(13:14:33.398):Attempt" 
Debug[13:14:33]: log_breakpoint 
Debug[13:14:33]: 5 
Debug[13:14:33]: signal in logmode 
Debug[13:14:33]: "INF(13:14:33.712):Mode is OK" 
Debug[13:14:33]: log_breakpoint 
Debug[13:14:33]: 5 
Debug[13:14:33]: signal in logmode 
Debug[13:14:33]: "INF(13:14:33.716):Attempt" 
Debug[13:14:33]: log_breakpoint 
Debug[13:14:33]: 5 
Debug[13:14:34]: signal in logmode 
Debug[13:14:34]: "INF(13:14:34.023):Attempt" 
Debug[13:14:34]: log_breakpoint 
Debug[13:14:34]: 5 
Debug[13:14:34]: signal in logmode 
Debug[13:14:34]: "INF(13:14:34.332):Attempt" 
Debug[13:14:34]: log_breakpoint 
Debug[13:14:34]: 5 
Debug[13:14:34]: signal in logmode 
Debug[13:14:34]: "INF(13:14:34.643):Mode is OK" 
Debug[13:14:34]: log_breakpoint 
Debug[13:14:34]: 5 
Debug[13:14:34]: signal in logmode 
Debug[13:14:34]: "INF(13:14:34.650):Attempt" 
Debug[13:14:34]: log_breakpoint 
Debug[13:14:34]: 5 
Debug[13:14:34]: signal in logmode 
Debug[13:14:34]: "INF(13:14:34.967):Attempt" 
Debug[13:14:34]: log_breakpoint 
Debug[13:14:34]: 5 
Debug[13:14:35]: signal in logmode 
Debug[13:14:35]: "INF(13:14:35.282):Attempt" 
Debug[13:14:35]: log_breakpoint 
Debug[13:14:35]: 5 
Debug[13:14:36]: signal in logmode 
Debug[13:14:36]: "INF(13:14:36.105):Mode is OK" 
Debug[13:14:36]: log_breakpoint 
Debug[13:14:36]: 5 
Debug[13:14:36]: signal in logmode 
Debug[13:14:36]: "INF(13:14:36.112):Attempt" 
Debug[13:14:36]: log_breakpoint 
Debug[13:14:36]: 5 
Debug[13:14:36]: signal in logmode 
Debug[13:14:36]: "INF(13:14:36.434):Attempt" 
Debug[13:14:36]: log_breakpoint 
Debug[13:14:36]: 5 
Debug[13:14:36]: signal in logmode 
Debug[13:14:36]: "INF(13:14:36.748):Attempt" 
Debug[13:14:36]: log_breakpoint 
Debug[13:14:36]: 5 
Debug[13:14:37]: signal in logmode 
Debug[13:14:37]: "INF(13:14:37.060):Mode is OK" 
Debug[13:14:37]: log_breakpoint 
Debug[13:14:37]: 5 
Debug[13:14:37]: signal in logmode 
Debug[13:14:37]: "INF(13:14:37.065):Attempt" 
Debug[13:14:37]: log_breakpoint 
Debug[13:14:37]: 5 
Debug[13:14:37]: signal in logmode 
Debug[13:14:37]: "INF(13:14:37.371):Attempt" 
Debug[13:14:37]: log_breakpoint 
Debug[13:14:37]: 5 
Debug[13:14:37]: signal in logmode 
Debug[13:14:37]: "INF(13:14:37.683):Attempt" 
Debug[13:14:37]: log_breakpoint 
Debug[13:14:37]: 5 
Debug[13:14:37]: signal in logmode 
Debug[13:14:37]: "INF(13:14:37.997):Mode is OK" 
Debug[13:14:37]: log_breakpoint 
Debug[13:14:38]: 5 
Debug[13:14:38]: signal in logmode 
Debug[13:14:38]: "INF(13:14:38.004):Attempt" 
Debug[13:14:38]: log_breakpoint 
Debug[13:14:38]: 5 
Debug[13:14:38]: signal in logmode 
Debug[13:14:38]: "INF(13:14:38.025):RDUM master connected" 
Debug[13:14:38]: log_breakpoint 
Debug[13:14:38]: 5 
Debug[13:14:38]: signal in logmode 
Debug[13:14:38]: "INF(13:14:38.031):Connected to \\.\COM16" 
Debug[13:14:38]: log_breakpoint 
Debug[13:14:38]: 5 
Warning[13:14:38]: Could not parse stylesheet of widget 0x3772cb0
Debug[13:14:38]: "Resume:Logs" 
Debug[13:14:38]: "Resume:Settings" 
Debug[13:14:38]: "Resume:UartUartController" 
Debug[13:14:38]: "Resume:UartSpiController" 
Debug[13:14:38]: "Resume:UartSsiController" 
Debug[13:14:38]: "Resume:DSI3Master" 
Debug[13:14:38]: "Resume:ASICMaster" 
Debug[13:14:38]: "Resume:RDUMMaster" 
Debug[13:14:38]: "Resume:DSI3Slave" 
Debug[13:14:38]: "Resume:Measurement" 
Debug[13:14:38]: "Resume:CFARsim" 
Debug[13:15:22]: "Suspend:Settings" 
Debug[13:15:22]: "Suspend:UartUartController" 
Debug[13:15:22]: "Suspend:UartSpiController" 
Debug[13:15:22]: "Suspend:UartSsiController" 
Debug[13:15:22]: "Suspend:DSI3Master" 
Debug[13:15:22]: "Suspend:ASICMaster" 
Debug[13:15:22]: "Suspend:RDUMMaster" 
Debug[13:15:23]: "Suspend:DSI3Slave" 
Debug[13:15:23]: "Suspend:Measurement" 
Debug[13:15:23]: "Suspend:CFARsim" 
Debug[13:15:23]: signal in logmode 
Debug[13:15:23]: "INF(13:15:23.005):Disconnect by user" 
Debug[13:15:23]: log_breakpoint 
Debug[13:15:23]: 5 
Debug[13:15:23]: signal in logmode 
Debug[13:15:23]: "INF(13:15:23.158):Disconnect by user" 
Debug[13:15:23]: log_breakpoint 
Debug[13:15:23]: 5 
Warning[13:15:27]: QObject::connect: Cannot connect LocalServer::log(int,QString) to (null)::slot_addLog(int,QString)
Debug[13:15:27]: LocalServer:new "\\.\pipe\DSI3PAS" 
Debug[13:15:27]: Register specific 
Debug[13:15:27]: DynScaleCaclulate 
Debug[13:15:27]: "init 2 UartUartController" 
Debug[13:15:27]: Ok 
Debug[13:15:28]: "init 3 UartSpiController" 
Debug[13:15:28]: Ok 
Debug[13:15:28]: "init 4 UartSsiController" 
Debug[13:15:28]: Ok 
Debug[13:15:28]: "init 5 DSI3Master" 
Debug[13:15:28]: Ok 
Debug[13:15:28]: "init 6 ASICMaster" 
Debug[13:15:28]: Ok 
Debug[13:15:28]: "init 7 RDUMMaster" 
Debug[13:15:28]: Ok 
Debug[13:15:28]: "init 8 DSI3Slave" 
Debug[13:15:28]: Ok 
Debug[13:15:28]: "init 9 Measurement" 
Debug[13:15:29]: Ok 
Debug[13:15:29]: "init 10 CFARsim" 
Debug[13:15:29]: Ok 
Debug[13:15:29]: MainApp Starting... 
Debug[13:15:30]: Add applets to MainWindow...
 
Debug[13:15:30]: Initialize Connection... 
Debug[13:15:31]: signal in logmode 
Debug[13:15:31]: "INF(13:15:31.127):Mode is OK" 
Debug[13:15:31]: log_breakpoint 
Debug[13:15:31]: 5 
Debug[13:15:31]: signal in logmode 
Debug[13:15:31]: "INF(13:15:31.130):Attempt" 
Debug[13:15:31]: log_breakpoint 
Debug[13:15:31]: 5 
Debug[13:15:31]: signal in logmode 
Debug[13:15:31]: "INF(13:15:31.449):Attempt" 
Debug[13:15:31]: log_breakpoint 
Debug[13:15:31]: 5 
Debug[13:15:31]: signal in logmode 
Debug[13:15:31]: "INF(13:15:31.761):Attempt" 
Debug[13:15:31]: log_breakpoint 
Debug[13:15:31]: 5 
Debug[13:15:32]: signal in logmode 
Debug[13:15:32]: "INF(13:15:32.074):Mode is OK" 
Debug[13:15:32]: log_breakpoint 
Debug[13:15:32]: 5 
Debug[13:15:32]: signal in logmode 
Debug[13:15:32]: "INF(13:15:32.078):Attempt" 
Debug[13:15:32]: log_breakpoint 
Debug[13:15:32]: 5 
Debug[13:15:32]: signal in logmode 
Debug[13:15:32]: "INF(13:15:32.389):Attempt" 
Debug[13:15:32]: log_breakpoint 
Debug[13:15:32]: 5 
Debug[13:15:32]: signal in logmode 
Debug[13:15:32]: "INF(13:15:32.702):Attempt" 
Debug[13:15:32]: log_breakpoint 
Debug[13:15:32]: 5 
Debug[13:15:33]: signal in logmode 
Debug[13:15:33]: "INF(13:15:33.013):Mode is OK" 
Debug[13:15:33]: log_breakpoint 
Debug[13:15:33]: 5 
Debug[13:15:33]: signal in logmode 
Debug[13:15:33]: "INF(13:15:33.016):Attempt" 
Debug[13:15:33]: log_breakpoint 
Debug[13:15:33]: 5 
Debug[13:15:33]: signal in logmode 
Debug[13:15:33]: "INF(13:15:33.159):Mode is OK" 
Debug[13:15:33]: log_breakpoint 
Debug[13:15:33]: 5 
Debug[13:15:33]: signal in logmode 
Debug[13:15:33]: "INF(13:15:33.163):Attempt" 
Debug[13:15:33]: log_breakpoint 
Debug[13:15:33]: 5 
Debug[13:15:33]: signal in logmode 
Debug[13:15:33]: "INF(13:15:33.478):Attempt" 
Debug[13:15:33]: log_breakpoint 
Debug[13:15:33]: 5 
Debug[13:15:33]: signal in logmode 
Debug[13:15:33]: "INF(13:15:33.791):Attempt" 
Debug[13:15:33]: log_breakpoint 
Debug[13:15:33]: 5 
Debug[13:15:34]: signal in logmode 
Debug[13:15:34]: "INF(13:15:34.103):Mode is OK" 
Debug[13:15:34]: log_breakpoint 
Debug[13:15:34]: 5 
Debug[13:15:34]: signal in logmode 
Debug[13:15:34]: "INF(13:15:34.107):Attempt" 
Debug[13:15:34]: log_breakpoint 
Debug[13:15:34]: 5 
Debug[13:15:34]: signal in logmode 
Debug[13:15:34]: "INF(13:15:34.417):Attempt" 
Debug[13:15:34]: log_breakpoint 
Debug[13:15:34]: 5 
Debug[13:15:34]: signal in logmode 
Debug[13:15:34]: "INF(13:15:34.729):Attempt" 
Debug[13:15:34]: log_breakpoint 
Debug[13:15:34]: 5 
Debug[13:15:35]: signal in logmode 
Debug[13:15:35]: "INF(13:15:35.042):Mode is OK" 
Debug[13:15:35]: log_breakpoint 
Debug[13:15:35]: 5 
Debug[13:15:35]: signal in logmode 
Debug[13:15:35]: "INF(13:15:35.045):Attempt" 
Debug[13:15:35]: log_breakpoint 
Debug[13:15:35]: 5 
Debug[13:15:35]: signal in logmode 
Debug[13:15:35]: "INF(13:15:35.353):Attempt" 
Debug[13:15:35]: log_breakpoint 
Debug[13:15:35]: 5 
Debug[13:15:35]: signal in logmode 
Debug[13:15:35]: "INF(13:15:35.665):Attempt" 
Debug[13:15:35]: log_breakpoint 
Debug[13:15:35]: 5 
Warning[13:15:36]: QFileSystemWatcher: failed to add paths: C:/REPO/DSI3PAS2_workingdir/DSI3PAS2/Software/bin/ULSEverification_configfiles, C:/REPO/DSI3PAS2_workingdir/DSI3PAS2/Software/bin/ConfigFiles_29_1_2021_Jiri_MOBIS, C:/Users/fg6cnq/Desktop/DSI3PAS2_UART_QtSW_20210129_1511, C:/Users/zbdn9w/Desktop/Temp/CFAR QT uprava ToF, C:/Users/zbdn9w/Desktop/Temp/CFAR QT Komprimace do CSV, U:/Dokumenty/MOBIS/Crosstalk 11-2021
Debug[13:15:39]: signal in logmode 
Debug[13:15:39]: "INF(13:15:39.025):Mode is OK" 
Debug[13:15:39]: log_breakpoint 
Debug[13:15:39]: 5 
Debug[13:15:39]: signal in logmode 
Debug[13:15:39]: "INF(13:15:39.029):Attempt" 
Debug[13:15:39]: log_breakpoint 
Debug[13:15:39]: 5 
Debug[13:15:39]: signal in logmode 
Debug[13:15:39]: "INF(13:15:39.338):Attempt" 
Debug[13:15:39]: log_breakpoint 
Debug[13:15:39]: 5 
Debug[13:15:39]: signal in logmode 
Debug[13:15:39]: "INF(13:15:39.656):Attempt" 
Debug[13:15:39]: log_breakpoint 
Debug[13:15:39]: 5 
Debug[13:15:39]: signal in logmode 
Debug[13:15:39]: "INF(13:15:39.975):Mode is OK" 
Debug[13:15:39]: log_breakpoint 
Debug[13:15:39]: 5 
Debug[13:15:39]: signal in logmode 
Debug[13:15:39]: "INF(13:15:39.979):Attempt" 
Debug[13:15:39]: log_breakpoint 
Debug[13:15:39]: 5 
Debug[13:15:40]: signal in logmode 
Debug[13:15:40]: "INF(13:15:40.292):Attempt" 
Debug[13:15:40]: log_breakpoint 
Debug[13:15:40]: 5 
Debug[13:15:40]: signal in logmode 
Debug[13:15:40]: "INF(13:15:40.600):Attempt" 
Debug[13:15:40]: log_breakpoint 
Debug[13:15:40]: 5 
Debug[13:15:40]: signal in logmode 
Debug[13:15:40]: "INF(13:15:40.914):Mode is OK" 
Debug[13:15:40]: log_breakpoint 
Debug[13:15:40]: 5 
Debug[13:15:40]: signal in logmode 
Debug[13:15:40]: "INF(13:15:40.918):Attempt" 
Debug[13:15:40]: log_breakpoint 
Debug[13:15:40]: 5 
Debug[13:15:40]: signal in logmode 
Debug[13:15:40]: "INF(13:15:40.927):RDUM master connected" 
Debug[13:15:40]: log_breakpoint 
Debug[13:15:40]: 5 
Debug[13:15:40]: signal in logmode 
Debug[13:15:40]: "INF(13:15:40.930):Connected to \\.\COM16" 
Debug[13:15:40]: log_breakpoint 
Debug[13:15:40]: 5 
Warning[13:15:40]: Could not parse stylesheet of widget 0x30e3930
Debug[13:15:40]: "Resume:Logs" 
Debug[13:15:40]: "Resume:Settings" 
Debug[13:15:40]: "Resume:UartUartController" 
Debug[13:15:40]: "Resume:UartSpiController" 
Debug[13:15:40]: "Resume:UartSsiController" 
Debug[13:15:40]: "Resume:DSI3Master" 
Debug[13:15:40]: "Resume:ASICMaster" 
Debug[13:15:40]: "Resume:RDUMMaster" 
Debug[13:15:40]: "Resume:DSI3Slave" 
Debug[13:15:40]: "Resume:Measurement" 
Debug[13:15:40]: "Resume:CFARsim" 
Debug[14:08:10]: "Suspend:Settings" 
Debug[14:08:10]: "Suspend:UartUartController" 
Debug[14:08:10]: "Suspend:UartSpiController" 
Debug[14:08:10]: "Suspend:UartSsiController" 
Debug[14:08:10]: "Suspend:DSI3Master" 
Debug[14:08:10]: "Suspend:ASICMaster" 
Debug[14:08:10]: "Suspend:RDUMMaster" 
Debug[14:08:10]: "Suspend:DSI3Slave" 
Debug[14:08:10]: "Suspend:Measurement" 
Debug[14:08:10]: "Suspend:CFARsim" 
Debug[14:08:10]: signal in logmode 
Debug[14:08:10]: "INF(14:08:10.173):Disconnect by user" 
Debug[14:08:10]: log_breakpoint 
Debug[14:08:10]: 5 
Debug[14:08:10]: signal in logmode 
Debug[14:08:10]: "INF(14:08:10.320):Disconnect by user" 
Debug[14:08:10]: log_breakpoint 
Debug[14:08:10]: 5 
Warning[14:18:43]: QObject::connect: Cannot connect LocalServer::log(int,QString) to (null)::slot_addLog(int,QString)
Debug[14:18:43]: LocalServer:new "\\.\pipe\DSI3PAS" 
Debug[14:18:43]: Register specific 
Debug[14:18:44]: DynScaleCaclulate 
Debug[14:18:44]: "init 2 UartUartController" 
Debug[14:18:44]: Ok 
Debug[14:18:44]: "init 3 UartSpiController" 
Debug[14:18:44]: Ok 
Debug[14:18:44]: "init 4 UartSsiController" 
Debug[14:18:44]: Ok 
Debug[14:18:44]: "init 5 DSI3Master" 
Debug[14:18:44]: Ok 
Debug[14:18:44]: "init 6 ASICMaster" 
Debug[14:18:44]: Ok 
Debug[14:18:44]: "init 7 RDUMMaster" 
Debug[14:18:44]: Ok 
Debug[14:18:44]: "init 8 DSI3Slave" 
Debug[14:18:44]: Ok 
Debug[14:18:44]: "init 9 Measurement" 
Debug[14:18:45]: Ok 
Debug[14:18:45]: "init 10 CFARsim" 
Debug[14:18:45]: Ok 
Debug[14:18:45]: MainApp Starting... 
Debug[14:18:46]: Add applets to MainWindow...
 
Debug[14:18:46]: Initialize Connection... 
Warning[14:18:46]: QFileSystemWatcher: failed to add paths: C:/REPO/DSI3PAS2_workingdir/DSI3PAS2/Software/bin/ULSEverification_configfiles, C:/REPO/DSI3PAS2_workingdir/DSI3PAS2/Software/bin/ConfigFiles_29_1_2021_Jiri_MOBIS, C:/Users/fg6cnq/Desktop/DSI3PAS2_UART_QtSW_20210129_1511, C:/Users/zbdn9w/Desktop/Temp/CFAR QT uprava ToF, C:/Users/zbdn9w/Desktop/Temp/CFAR QT Komprimace do CSV, U:/Dokumenty/MOBIS/Crosstalk 11-2021
Debug[14:18:57]: Initialize Connection... 
Debug[14:18:58]: signal in logmode 
Debug[14:18:58]: "INF(14:18:58.994):Mode is OK" 
Debug[14:18:58]: log_breakpoint 
Debug[14:18:58]: 5 
Debug[14:18:58]: signal in logmode 
Debug[14:18:58]: "INF(14:18:58.999):Attempt" 
Debug[14:18:59]: log_breakpoint 
Debug[14:18:59]: 5 
Debug[14:18:59]: signal in logmode 
Debug[14:18:59]: "INF(14:18:59.319):Attempt" 
Debug[14:18:59]: log_breakpoint 
Debug[14:18:59]: 5 
Debug[14:18:59]: signal in logmode 
Debug[14:18:59]: "INF(14:18:59.630):Attempt" 
Debug[14:18:59]: log_breakpoint 
Debug[14:18:59]: 5 
Debug[14:18:59]: signal in logmode 
Debug[14:18:59]: "INF(14:18:59.940):Mode is OK" 
Debug[14:18:59]: log_breakpoint 
Debug[14:18:59]: 5 
Debug[14:18:59]: signal in logmode 
Debug[14:18:59]: "INF(14:18:59.943):Attempt" 
Debug[14:18:59]: log_breakpoint 
Debug[14:18:59]: 5 
Debug[14:19:00]: signal in logmode 
Debug[14:19:00]: "INF(14:19:00.252):Attempt" 
Debug[14:19:00]: log_breakpoint 
Debug[14:19:00]: 5 
Debug[14:19:00]: signal in logmode 
Debug[14:19:00]: "INF(14:19:00.562):Attempt" 
Debug[14:19:00]: log_breakpoint 
Debug[14:19:00]: 5 
Debug[14:19:00]: signal in logmode 
Debug[14:19:00]: "INF(14:19:00.873):Mode is OK" 
Debug[14:19:00]: log_breakpoint 
Debug[14:19:00]: 5 
Debug[14:19:00]: signal in logmode 
Debug[14:19:00]: "INF(14:19:00.875):Attempt" 
Debug[14:19:00]: log_breakpoint 
Debug[14:19:00]: 5 
Debug[14:19:01]: signal in logmode 
Debug[14:19:01]: "INF(14:19:01.014):Mode is OK" 
Debug[14:19:01]: log_breakpoint 
Debug[14:19:01]: 5 
Debug[14:19:01]: signal in logmode 
Debug[14:19:01]: "INF(14:19:01.016):Attempt" 
Debug[14:19:01]: log_breakpoint 
Debug[14:19:01]: 5 
Debug[14:19:01]: signal in logmode 
Debug[14:19:01]: "INF(14:19:01.325):Attempt" 
Debug[14:19:01]: log_breakpoint 
Debug[14:19:01]: 5 
Debug[14:19:01]: signal in logmode 
Debug[14:19:01]: "INF(14:19:01.636):Attempt" 
Debug[14:19:01]: log_breakpoint 
Debug[14:19:01]: 5 
Debug[14:19:01]: signal in logmode 
Debug[14:19:01]: "INF(14:19:01.950):Mode is OK" 
Debug[14:19:01]: log_breakpoint 
Debug[14:19:01]: 5 
Debug[14:19:01]: signal in logmode 
Debug[14:19:01]: "INF(14:19:01.954):Attempt" 
Debug[14:19:01]: log_breakpoint 
Debug[14:19:01]: 5 
Debug[14:19:02]: signal in logmode 
Debug[14:19:02]: "INF(14:19:02.261):Attempt" 
Debug[14:19:02]: log_breakpoint 
Debug[14:19:02]: 5 
Debug[14:19:02]: signal in logmode 
Debug[14:19:02]: "INF(14:19:02.574):Attempt" 
Debug[14:19:02]: log_breakpoint 
Debug[14:19:02]: 5 
Debug[14:19:02]: signal in logmode 
Debug[14:19:02]: "INF(14:19:02.886):Mode is OK" 
Debug[14:19:02]: log_breakpoint 
Debug[14:19:02]: 5 
Debug[14:19:02]: signal in logmode 
Debug[14:19:02]: "INF(14:19:02.888):Attempt" 
Debug[14:19:02]: log_breakpoint 
Debug[14:19:02]: 5 
Debug[14:19:03]: signal in logmode 
Debug[14:19:03]: "INF(14:19:03.197):Attempt" 
Debug[14:19:03]: log_breakpoint 
Debug[14:19:03]: 5 
Debug[14:19:03]: signal in logmode 
Debug[14:19:03]: "INF(14:19:03.510):Attempt" 
Debug[14:19:03]: log_breakpoint 
Debug[14:19:03]: 5 
Debug[14:19:04]: signal in logmode 
Debug[14:19:04]: "INF(14:19:04.782):Mode is OK" 
Debug[14:19:04]: log_breakpoint 
Debug[14:19:04]: 5 
Debug[14:19:04]: signal in logmode 
Debug[14:19:04]: "INF(14:19:04.788):Attempt" 
Debug[14:19:04]: log_breakpoint 
Debug[14:19:04]: 5 
Debug[14:19:05]: signal in logmode 
Debug[14:19:05]: "INF(14:19:05.102):Attempt" 
Debug[14:19:05]: log_breakpoint 
Debug[14:19:05]: 5 
Debug[14:19:05]: signal in logmode 
Debug[14:19:05]: "INF(14:19:05.414):Attempt" 
Debug[14:19:05]: log_breakpoint 
Debug[14:19:05]: 5 
Debug[14:19:05]: signal in logmode 
Debug[14:19:05]: "INF(14:19:05.726):Mode is OK" 
Debug[14:19:05]: log_breakpoint 
Debug[14:19:05]: 5 
Debug[14:19:05]: signal in logmode 
Debug[14:19:05]: "INF(14:19:05.729):Attempt" 
Debug[14:19:05]: log_breakpoint 
Debug[14:19:05]: 5 
Debug[14:19:06]: signal in logmode 
Debug[14:19:06]: "INF(14:19:06.038):Attempt" 
Debug[14:19:06]: log_breakpoint 
Debug[14:19:06]: 5 
Debug[14:19:06]: signal in logmode 
Debug[14:19:06]: "INF(14:19:06.347):Attempt" 
Debug[14:19:06]: log_breakpoint 
Debug[14:19:06]: 5 
Debug[14:19:06]: signal in logmode 
Debug[14:19:06]: "INF(14:19:06.662):Mode is OK" 
Debug[14:19:06]: log_breakpoint 
Debug[14:19:06]: 5 
Debug[14:19:06]: signal in logmode 
Debug[14:19:06]: "INF(14:19:06.663):Attempt" 
Debug[14:19:06]: log_breakpoint 
Debug[14:19:06]: 5 
Debug[14:19:06]: signal in logmode 
Debug[14:19:06]: "INF(14:19:06.666):RDUM master connected" 
Debug[14:19:06]: log_breakpoint 
Debug[14:19:06]: 5 
Debug[14:19:06]: signal in logmode 
Debug[14:19:06]: "INF(14:19:06.669):Connected to \\.\COM16" 
Debug[14:19:06]: log_breakpoint 
Debug[14:19:06]: 5 
Warning[14:19:06]: Could not parse stylesheet of widget 0x2e53c10
Debug[14:19:06]: "Resume:Logs" 
Debug[14:19:06]: "Resume:Settings" 
Debug[14:19:06]: "Resume:UartUartController" 
Debug[14:19:06]: "Resume:UartSpiController" 
Debug[14:19:06]: "Resume:UartSsiController" 
Debug[14:19:06]: "Resume:DSI3Master" 
Debug[14:19:06]: "Resume:ASICMaster" 
Debug[14:19:06]: "Resume:RDUMMaster" 
Debug[14:19:06]: "Resume:DSI3Slave" 
Debug[14:19:06]: "Resume:Measurement" 
Debug[14:19:06]: "Resume:CFARsim" 
Debug[14:19:40]: "Suspend:Settings" 
Debug[14:19:40]: "Suspend:UartUartController" 
Debug[14:19:40]: "Suspend:UartSpiController" 
Debug[14:19:40]: "Suspend:UartSsiController" 
Debug[14:19:40]: "Suspend:DSI3Master" 
Debug[14:19:40]: "Suspend:ASICMaster" 
Debug[14:19:40]: "Suspend:RDUMMaster" 
Debug[14:19:40]: "Suspend:DSI3Slave" 
Debug[14:19:40]: "Suspend:Measurement" 
Debug[14:19:40]: "Suspend:CFARsim" 
Debug[14:19:40]: signal in logmode 
Debug[14:19:40]: "INF(14:19:40.348):Disconnect by user" 
Debug[14:19:40]: log_breakpoint 
Debug[14:19:40]: 5 
Debug[14:19:40]: signal in logmode 
Debug[14:19:40]: "INF(14:19:40.488):Disconnect by user" 
Debug[14:19:40]: log_breakpoint 
Debug[14:19:40]: 5 
Warning[14:20:17]: QObject::connect: Cannot connect LocalServer::log(int,QString) to (null)::slot_addLog(int,QString)
Debug[14:20:17]: LocalServer:new "\\.\pipe\DSI3PAS" 
Debug[14:20:17]: Register specific 
Debug[14:20:18]: DynScaleCaclulate 
Debug[14:20:18]: "init 2 UartUartController" 
Debug[14:20:18]: Ok 
Debug[14:20:18]: "init 3 UartSpiController" 
Debug[14:20:18]: Ok 
Debug[14:20:18]: "init 4 UartSsiController" 
Debug[14:20:18]: Ok 
Debug[14:20:18]: "init 5 DSI3Master" 
Debug[14:20:18]: Ok 
Debug[14:20:18]: "init 6 ASICMaster" 
Debug[14:20:18]: Ok 
Debug[14:20:18]: "init 7 RDUMMaster" 
Debug[14:20:18]: Ok 
Debug[14:20:18]: "init 8 DSI3Slave" 
Debug[14:20:19]: Ok 
Debug[14:20:19]: "init 9 Measurement" 
Debug[14:20:20]: Ok 
Debug[14:20:20]: "init 10 CFARsim" 
Debug[14:20:20]: Ok 
Debug[14:20:20]: MainApp Starting... 
Debug[14:20:21]: Add applets to MainWindow...
 
Debug[14:20:21]: Initialize Connection... 
Debug[14:20:21]: signal in logmode 
Debug[14:20:21]: "INF(14:20:21.393):Mode is OK" 
Debug[14:20:21]: log_breakpoint 
Debug[14:20:21]: 5 
Debug[14:20:21]: signal in logmode 
Debug[14:20:21]: "INF(14:20:21.395):Attempt" 
Debug[14:20:21]: log_breakpoint 
Debug[14:20:21]: 5 
Debug[14:20:21]: signal in logmode 
Debug[14:20:21]: "INF(14:20:21.704):Attempt" 
Debug[14:20:21]: log_breakpoint 
Debug[14:20:21]: 5 
Debug[14:20:22]: signal in logmode 
Debug[14:20:22]: "INF(14:20:22.017):Attempt" 
Debug[14:20:22]: log_breakpoint 
Debug[14:20:22]: 5 
Debug[14:20:22]: signal in logmode 
Debug[14:20:22]: "INF(14:20:22.333):Mode is OK" 
Debug[14:20:22]: log_breakpoint 
Debug[14:20:22]: 5 
Debug[14:20:22]: signal in logmode 
Debug[14:20:22]: "INF(14:20:22.336):Attempt" 
Debug[14:20:22]: log_breakpoint 
Debug[14:20:22]: 5 
Debug[14:20:22]: signal in logmode 
Debug[14:20:22]: "INF(14:20:22.642):Attempt" 
Debug[14:20:22]: log_breakpoint 
Debug[14:20:22]: 5 
Debug[14:20:22]: signal in logmode 
Debug[14:20:22]: "INF(14:20:22.956):Attempt" 
Debug[14:20:22]: log_breakpoint 
Debug[14:20:22]: 5 
Debug[14:20:23]: signal in logmode 
Debug[14:20:23]: "INF(14:20:23.265):Mode is OK" 
Debug[14:20:23]: log_breakpoint 
Debug[14:20:23]: 5 
Debug[14:20:23]: signal in logmode 
Debug[14:20:23]: "INF(14:20:23.271):Attempt" 
Debug[14:20:23]: log_breakpoint 
Debug[14:20:23]: 5 
Debug[14:20:23]: signal in logmode 
Debug[14:20:23]: "INF(14:20:23.425):Mode is OK" 
Debug[14:20:23]: log_breakpoint 
Debug[14:20:23]: 5 
Debug[14:20:23]: signal in logmode 
Debug[14:20:23]: "INF(14:20:23.427):Attempt" 
Debug[14:20:23]: log_breakpoint 
Debug[14:20:23]: 5 
Debug[14:20:23]: signal in logmode 
Debug[14:20:23]: "INF(14:20:23.736):Attempt" 
Debug[14:20:23]: log_breakpoint 
Debug[14:20:23]: 5 
Debug[14:20:24]: signal in logmode 
Debug[14:20:24]: "INF(14:20:24.048):Attempt" 
Debug[14:20:24]: log_breakpoint 
Debug[14:20:24]: 5 
Debug[14:20:24]: signal in logmode 
Debug[14:20:24]: "INF(14:20:24.358):Mode is OK" 
Debug[14:20:24]: log_breakpoint 
Debug[14:20:24]: 5 
Debug[14:20:24]: signal in logmode 
Debug[14:20:24]: "INF(14:20:24.360):Attempt" 
Debug[14:20:24]: log_breakpoint 
Debug[14:20:24]: 5 
Debug[14:20:24]: signal in logmode 
Debug[14:20:24]: "INF(14:20:24.669):Attempt" 
Debug[14:20:24]: log_breakpoint 
Debug[14:20:24]: 5 
Debug[14:20:24]: signal in logmode 
Debug[14:20:24]: "INF(14:20:24.981):Attempt" 
Debug[14:20:24]: log_breakpoint 
Debug[14:20:24]: 5 
Debug[14:20:25]: signal in logmode 
Debug[14:20:25]: "INF(14:20:25.292):Mode is OK" 
Debug[14:20:25]: log_breakpoint 
Debug[14:20:25]: 5 
Debug[14:20:25]: signal in logmode 
Debug[14:20:25]: "INF(14:20:25.296):Attempt" 
Debug[14:20:25]: log_breakpoint 
Debug[14:20:25]: 5 
Debug[14:20:25]: signal in logmode 
Debug[14:20:25]: "INF(14:20:25.602):Attempt" 
Debug[14:20:25]: log_breakpoint 
Debug[14:20:25]: 5 
Debug[14:20:25]: signal in logmode 
Debug[14:20:25]: "INF(14:20:25.912):Attempt" 
Debug[14:20:25]: log_breakpoint 
Debug[14:20:25]: 5 
Warning[14:20:26]: QFileSystemWatcher: failed to add paths: C:/REPO/DSI3PAS2_workingdir/DSI3PAS2/Software/bin/ULSEverification_configfiles, C:/REPO/DSI3PAS2_workingdir/DSI3PAS2/Software/bin/ConfigFiles_29_1_2021_Jiri_MOBIS, C:/Users/fg6cnq/Desktop/DSI3PAS2_UART_QtSW_20210129_1511, C:/Users/zbdn9w/Desktop/Temp/CFAR QT uprava ToF, C:/Users/zbdn9w/Desktop/Temp/CFAR QT Komprimace do CSV, U:/Dokumenty/MOBIS/Crosstalk 11-2021
Debug[14:20:29]: signal in logmode 
Debug[14:20:29]: "INF(14:20:29.595):Mode is OK" 
Debug[14:20:29]: log_breakpoint 
Debug[14:20:29]: 5 
Debug[14:20:29]: signal in logmode 
Debug[14:20:29]: "INF(14:20:29.598):Attempt" 
Debug[14:20:29]: log_breakpoint 
Debug[14:20:29]: 5 
Debug[14:20:29]: signal in logmode 
Debug[14:20:29]: "INF(14:20:29.915):Attempt" 
Debug[14:20:29]: log_breakpoint 
Debug[14:20:29]: 5 
Debug[14:20:30]: signal in logmode 
Debug[14:20:30]: "INF(14:20:30.224):Attempt" 
Debug[14:20:30]: log_breakpoint 
Debug[14:20:30]: 5 
Debug[14:20:30]: signal in logmode 
Debug[14:20:30]: "INF(14:20:30.536):Mode is OK" 
Debug[14:20:30]: log_breakpoint 
Debug[14:20:30]: 5 
Debug[14:20:30]: signal in logmode 
Debug[14:20:30]: "INF(14:20:30.538):Attempt" 
Debug[14:20:30]: log_breakpoint 
Debug[14:20:30]: 5 
Debug[14:20:30]: signal in logmode 
Debug[14:20:30]: "INF(14:20:30.848):Attempt" 
Debug[14:20:30]: log_breakpoint 
Debug[14:20:30]: 5 
Debug[14:20:31]: signal in logmode 
Debug[14:20:31]: "INF(14:20:31.159):Attempt" 
Debug[14:20:31]: log_breakpoint 
Debug[14:20:31]: 5 
Debug[14:20:31]: signal in logmode 
Debug[14:20:31]: "INF(14:20:31.473):Mode is OK" 
Debug[14:20:31]: log_breakpoint 
Debug[14:20:31]: 5 
Debug[14:20:31]: signal in logmode 
Debug[14:20:31]: "INF(14:20:31.475):Attempt" 
Debug[14:20:31]: log_breakpoint 
Debug[14:20:31]: 5 
Debug[14:20:31]: signal in logmode 
Debug[14:20:31]: "INF(14:20:31.481):RDUM master connected" 
Debug[14:20:31]: log_breakpoint 
Debug[14:20:31]: 5 
Debug[14:20:31]: signal in logmode 
Debug[14:20:31]: "INF(14:20:31.483):Connected to \\.\COM16" 
Debug[14:20:31]: log_breakpoint 
Debug[14:20:31]: 5 
Warning[14:20:31]: Could not parse stylesheet of widget 0x39d36b0
Debug[14:20:31]: "Resume:Logs" 
Debug[14:20:31]: "Resume:Settings" 
Debug[14:20:31]: "Resume:UartUartController" 
Debug[14:20:31]: "Resume:UartSpiController" 
Debug[14:20:31]: "Resume:UartSsiController" 
Debug[14:20:31]: "Resume:DSI3Master" 
Debug[14:20:31]: "Resume:ASICMaster" 
Debug[14:20:31]: "Resume:RDUMMaster" 
Debug[14:20:31]: "Resume:DSI3Slave" 
Debug[14:20:31]: "Resume:Measurement" 
Debug[14:20:31]: "Resume:CFARsim" 
Warning[15:16:51]: QObject::connect: Cannot connect LocalServer::log(int,QString) to (null)::slot_addLog(int,QString)
Debug[15:16:52]: LocalServer:new "" 
Debug[15:16:54]: "Suspend:Settings" 
Debug[15:16:54]: "Suspend:UartUartController" 
Debug[15:16:54]: "Suspend:UartSpiController" 
Debug[15:16:54]: "Suspend:UartSsiController" 
Debug[15:16:54]: "Suspend:DSI3Master" 
Debug[15:16:54]: "Suspend:ASICMaster" 
Debug[15:16:54]: "Suspend:RDUMMaster" 
Debug[15:16:54]: "Suspend:DSI3Slave" 
Debug[15:16:54]: "Suspend:Measurement" 
Debug[15:16:54]: "Suspend:CFARsim" 
Debug[15:16:54]: signal in logmode 
Debug[15:16:54]: "INF(15:16:54.568):Disconnect by user" 
Debug[15:16:54]: log_breakpoint 
Debug[15:16:54]: 5 
Debug[15:16:54]: signal in logmode 
Debug[15:16:54]: "INF(15:16:54.596):Disconnect by user" 
Debug[15:16:54]: log_breakpoint 
Debug[15:16:54]: 5 
Warning[15:16:56]: QObject::connect: Cannot connect LocalServer::log(int,QString) to (null)::slot_addLog(int,QString)
Debug[15:16:56]: LocalServer:new "\\.\pipe\DSI3PAS" 
Debug[15:16:56]: Register specific 
Debug[15:16:57]: DynScaleCaclulate 
Debug[15:16:57]: "init 2 UartUartController" 
Debug[15:16:57]: Ok 
Debug[15:16:57]: "init 3 UartSpiController" 
Debug[15:16:57]: Ok 
Debug[15:16:57]: "init 4 UartSsiController" 
Debug[15:16:57]: Ok 
Debug[15:16:57]: "init 5 DSI3Master" 
Debug[15:16:57]: Ok 
Debug[15:16:57]: "init 6 ASICMaster" 
Debug[15:16:57]: Ok 
Debug[15:16:57]: "init 7 RDUMMaster" 
Debug[15:16:57]: Ok 
Debug[15:16:57]: "init 8 DSI3Slave" 
Debug[15:16:58]: Ok 
Debug[15:16:58]: "init 9 Measurement" 
Debug[15:16:59]: Ok 
Debug[15:16:59]: "init 10 CFARsim" 
Debug[15:16:59]: Ok 
Debug[15:16:59]: MainApp Starting... 
Debug[15:16:59]: Add applets to MainWindow...
 
Debug[15:16:59]: Initialize Connection... 
Debug[15:17:00]: signal in logmode 
Debug[15:17:00]: "INF(15:17:00.195):Mode is OK" 
Debug[15:17:00]: log_breakpoint 
Debug[15:17:00]: 5 
Debug[15:17:00]: signal in logmode 
Debug[15:17:00]: "INF(15:17:00.197):Attempt" 
Debug[15:17:00]: log_breakpoint 
Debug[15:17:00]: 5 
Debug[15:17:00]: signal in logmode 
Debug[15:17:00]: "INF(15:17:00.509):Attempt" 
Debug[15:17:00]: log_breakpoint 
Debug[15:17:00]: 5 
Debug[15:17:00]: signal in logmode 
Debug[15:17:00]: "INF(15:17:00.828):Attempt" 
Debug[15:17:00]: log_breakpoint 
Debug[15:17:00]: 5 
Debug[15:17:01]: signal in logmode 
Debug[15:17:01]: "INF(15:17:01.143):Mode is OK" 
Debug[15:17:01]: log_breakpoint 
Debug[15:17:01]: 5 
Debug[15:17:01]: signal in logmode 
Debug[15:17:01]: "INF(15:17:01.148):Attempt" 
Debug[15:17:01]: log_breakpoint 
Debug[15:17:01]: 5 
Debug[15:17:01]: signal in logmode 
Debug[15:17:01]: "INF(15:17:01.458):Attempt" 
Debug[15:17:01]: log_breakpoint 
Debug[15:17:01]: 5 
Debug[15:17:01]: signal in logmode 
Debug[15:17:01]: "INF(15:17:01.774):Attempt" 
Debug[15:17:01]: log_breakpoint 
Debug[15:17:01]: 5 
Debug[15:17:02]: signal in logmode 
Debug[15:17:02]: "INF(15:17:02.090):Mode is OK" 
Debug[15:17:02]: log_breakpoint 
Debug[15:17:02]: 5 
Debug[15:17:02]: signal in logmode 
Debug[15:17:02]: "INF(15:17:02.091):Attempt" 
Debug[15:17:02]: log_breakpoint 
Debug[15:17:02]: 5 
Debug[15:17:02]: signal in logmode 
Debug[15:17:02]: "INF(15:17:02.235):Mode is OK" 
Debug[15:17:02]: log_breakpoint 
Debug[15:17:02]: 5 
Debug[15:17:02]: signal in logmode 
Debug[15:17:02]: "INF(15:17:02.237):Attempt" 
Debug[15:17:02]: log_breakpoint 
Debug[15:17:02]: 5 
Debug[15:17:02]: signal in logmode 
Debug[15:17:02]: "INF(15:17:02.549):Attempt" 
Debug[15:17:02]: log_breakpoint 
Debug[15:17:02]: 5 
Debug[15:17:02]: signal in logmode 
Debug[15:17:02]: "INF(15:17:02.867):Attempt" 
Debug[15:17:02]: log_breakpoint 
Debug[15:17:02]: 5 
Debug[15:17:03]: signal in logmode 
Debug[15:17:03]: "INF(15:17:03.183):Mode is OK" 
Debug[15:17:03]: log_breakpoint 
Debug[15:17:03]: 5 
Debug[15:17:03]: signal in logmode 
Debug[15:17:03]: "INF(15:17:03.186):Attempt" 
Debug[15:17:03]: log_breakpoint 
Debug[15:17:03]: 5 
Debug[15:17:03]: signal in logmode 
Debug[15:17:03]: "INF(15:17:03.500):Attempt" 
Debug[15:17:03]: log_breakpoint 
Debug[15:17:03]: 5 
Debug[15:17:03]: signal in logmode 
Debug[15:17:03]: "INF(15:17:03.814):Attempt" 
Debug[15:17:03]: log_breakpoint 
Debug[15:17:03]: 5 
Debug[15:17:04]: signal in logmode 
Debug[15:17:04]: "INF(15:17:04.126):Mode is OK" 
Debug[15:17:04]: log_breakpoint 
Debug[15:17:04]: 5 
Debug[15:17:04]: signal in logmode 
Debug[15:17:04]: "INF(15:17:04.130):Attempt" 
Debug[15:17:04]: log_breakpoint 
Debug[15:17:04]: 5 
Debug[15:17:04]: signal in logmode 
Debug[15:17:04]: "INF(15:17:04.438):Attempt" 
Debug[15:17:04]: log_breakpoint 
Debug[15:17:04]: 5 
Debug[15:17:04]: signal in logmode 
Debug[15:17:04]: "INF(15:17:04.751):Attempt" 
Debug[15:17:04]: log_breakpoint 
Debug[15:17:04]: 5 
Warning[15:17:05]: QFileSystemWatcher: failed to add paths: C:/REPO/DSI3PAS2_workingdir/DSI3PAS2/Software/bin/ULSEverification_configfiles, C:/REPO/DSI3PAS2_workingdir/DSI3PAS2/Software/bin/ConfigFiles_29_1_2021_Jiri_MOBIS, C:/Users/fg6cnq/Desktop/DSI3PAS2_UART_QtSW_20210129_1511, C:/Users/zbdn9w/Desktop/Temp/CFAR QT uprava ToF, C:/Users/zbdn9w/Desktop/Temp/CFAR QT Komprimace do CSV, U:/Dokumenty/MOBIS/Crosstalk 11-2021
Debug[15:17:08]: signal in logmode 
Debug[15:17:08]: "INF(15:17:08.908):Mode is OK" 
Debug[15:17:08]: log_breakpoint 
Debug[15:17:08]: 5 
Debug[15:17:08]: signal in logmode 
Debug[15:17:08]: "INF(15:17:08.911):Attempt" 
Debug[15:17:08]: log_breakpoint 
Debug[15:17:08]: 5 
Debug[15:17:09]: signal in logmode 
Debug[15:17:09]: "INF(15:17:09.214):Attempt" 
Debug[15:17:09]: log_breakpoint 
Debug[15:17:09]: 5 
Debug[15:17:09]: signal in logmode 
Debug[15:17:09]: "INF(15:17:09.530):Attempt" 
Debug[15:17:09]: log_breakpoint 
Debug[15:17:09]: 5 
Debug[15:17:09]: signal in logmode 
Debug[15:17:09]: "INF(15:17:09.842):Mode is OK" 
Debug[15:17:09]: log_breakpoint 
Debug[15:17:09]: 5 
Debug[15:17:09]: signal in logmode 
Debug[15:17:09]: "INF(15:17:09.846):Attempt" 
Debug[15:17:09]: log_breakpoint 
Debug[15:17:09]: 5 
Debug[15:17:10]: signal in logmode 
Debug[15:17:10]: "INF(15:17:10.150):Attempt" 
Debug[15:17:10]: log_breakpoint 
Debug[15:17:10]: 5 
Debug[15:17:10]: signal in logmode 
Debug[15:17:10]: "INF(15:17:10.467):Attempt" 
Debug[15:17:10]: log_breakpoint 
Debug[15:17:10]: 5 
Debug[15:17:10]: signal in logmode 
Debug[15:17:10]: "INF(15:17:10.779):Mode is OK" 
Debug[15:17:10]: log_breakpoint 
Debug[15:17:10]: 5 
Debug[15:17:10]: signal in logmode 
Debug[15:17:10]: "INF(15:17:10.782):Attempt" 
Debug[15:17:10]: log_breakpoint 
Debug[15:17:10]: 5 
Debug[15:17:10]: signal in logmode 
Debug[15:17:10]: "INF(15:17:10.792):RDUM master connected" 
Debug[15:17:10]: log_breakpoint 
Debug[15:17:10]: 5 
Debug[15:17:10]: signal in logmode 
Debug[15:17:10]: "INF(15:17:10.794):Connected to \\.\COM32" 
Debug[15:17:10]: log_breakpoint 
Debug[15:17:10]: 5 
Warning[15:17:10]: Could not parse stylesheet of widget 0x2a53b90
Debug[15:17:10]: "Resume:Logs" 
Debug[15:17:10]: "Resume:Settings" 
Debug[15:17:10]: "Resume:UartUartController" 
Debug[15:17:10]: "Resume:UartSpiController" 
Debug[15:17:10]: "Resume:UartSsiController" 
Debug[15:17:10]: "Resume:DSI3Master" 
Debug[15:17:10]: "Resume:ASICMaster" 
Debug[15:17:10]: "Resume:RDUMMaster" 
Debug[15:17:10]: "Resume:DSI3Slave" 
Debug[15:17:10]: "Resume:Measurement" 
Debug[15:17:10]: "Resume:CFARsim" 
Debug[16:31:29]: "Suspend:Settings" 
Debug[16:31:29]: "Suspend:UartUartController" 
Debug[16:31:29]: "Suspend:UartSpiController" 
Debug[16:31:29]: "Suspend:UartSsiController" 
Debug[16:31:29]: "Suspend:DSI3Master" 
Debug[16:31:29]: "Suspend:ASICMaster" 
Debug[16:31:29]: "Suspend:RDUMMaster" 
Debug[16:31:29]: "Suspend:DSI3Slave" 
Debug[16:31:29]: "Suspend:Measurement" 
Debug[16:31:29]: "Suspend:CFARsim" 
Debug[16:31:29]: signal in logmode 
Debug[16:31:29]: "INF(16:31:29.485):Disconnect by user" 
Debug[16:31:29]: log_breakpoint 
Debug[16:31:29]: 5 
Debug[16:31:29]: signal in logmode 
Debug[16:31:29]: "INF(16:31:29.518):Disconnect by user" 
Debug[16:31:29]: log_breakpoint 
Debug[16:31:29]: 5 
