Warning[15:44:24]: QObject::connect: Cannot connect LocalServer::log(int,QString) to (null)::slot_addLog(int,QString)
Debug[15:44:24]: LocalServer:new "\\.\pipe\DSI3PAS" 
Debug[15:44:24]: Register specific 
Debug[15:44:25]: DynScaleCaclulate 
Debug[15:44:25]: "init 2 UartUartController" 
Debug[15:44:25]: Ok 
Debug[15:44:25]: "init 3 UartSpiController" 
Debug[15:44:25]: Ok 
Debug[15:44:25]: "init 4 UartSsiController" 
Debug[15:44:25]: Ok 
Debug[15:44:25]: "init 5 DSI3Master" 
Debug[15:44:25]: Ok 
Debug[15:44:25]: "init 6 ASICMaster" 
Debug[15:44:25]: Ok 
Debug[15:44:25]: "init 7 RDUMMaster" 
Debug[15:44:25]: Ok 
Debug[15:44:25]: "init 8 DSI3Slave" 
Debug[15:44:25]: Ok 
Debug[15:44:25]: "init 9 Measurement" 
Debug[15:44:25]: Ok 
Debug[15:44:25]: "init 10 CFARsim" 
Debug[15:44:25]: Ok 
Debug[15:44:25]: MainApp Starting... 
Debug[15:44:26]: Add applets to MainWindow...
 
Debug[15:44:26]: Initialize Connection... 
Debug[15:44:27]: signal in logmode 
Debug[15:44:27]: "INF(15:44:27.080):Mode is OK" 
Debug[15:44:27]: log_breakpoint 
Debug[15:44:27]: 5 
Debug[15:44:27]: signal in logmode 
Debug[15:44:27]: "INF(15:44:27.083):Attempt" 
Debug[15:44:27]: log_breakpoint 
Debug[15:44:27]: 5 
Debug[15:44:27]: signal in logmode 
Debug[15:44:27]: "INF(15:44:27.399):Attempt" 
Debug[15:44:27]: log_breakpoint 
Debug[15:44:27]: 5 
Debug[15:44:27]: signal in logmode 
Debug[15:44:27]: "INF(15:44:27.710):Attempt" 
Debug[15:44:27]: log_breakpoint 
Debug[15:44:27]: 5 
Debug[15:44:28]: signal in logmode 
Debug[15:44:28]: "INF(15:44:28.018):Mode is OK" 
Debug[15:44:28]: log_breakpoint 
Debug[15:44:28]: 5 
Debug[15:44:28]: signal in logmode 
Debug[15:44:28]: "INF(15:44:28.022):Attempt" 
Debug[15:44:28]: log_breakpoint 
Debug[15:44:28]: 5 
Debug[15:44:28]: signal in logmode 
Debug[15:44:28]: "INF(15:44:28.332):Attempt" 
Debug[15:44:28]: log_breakpoint 
Debug[15:44:28]: 5 
Debug[15:44:28]: signal in logmode 
Debug[15:44:28]: "INF(15:44:28.646):Attempt" 
Debug[15:44:28]: log_breakpoint 
Debug[15:44:28]: 5 
Debug[15:44:28]: signal in logmode 
Debug[15:44:28]: "INF(15:44:28.956):Mode is OK" 
Debug[15:44:28]: log_breakpoint 
Debug[15:44:28]: 5 
Debug[15:44:28]: signal in logmode 
Debug[15:44:28]: "INF(15:44:28.960):Attempt" 
Debug[15:44:28]: log_breakpoint 
Debug[15:44:28]: 5 
Debug[15:44:29]: signal in logmode 
Debug[15:44:29]: "INF(15:44:29.269):Attempt" 
Debug[15:44:29]: log_breakpoint 
Debug[15:44:29]: 5 
Debug[15:44:29]: signal in logmode 
Debug[15:44:29]: "INF(15:44:29.585):Attempt" 
Debug[15:44:29]: log_breakpoint 
Debug[15:44:29]: 5 
Debug[15:44:30]: signal in logmode 
Debug[15:44:30]: "INF(15:44:30.028):Mode is OK" 
Debug[15:44:30]: log_breakpoint 
Debug[15:44:30]: 5 
Debug[15:44:30]: signal in logmode 
Debug[15:44:30]: "INF(15:44:30.031):Attempt" 
Debug[15:44:30]: log_breakpoint 
Debug[15:44:30]: 5 
Debug[15:44:30]: signal in logmode 
Debug[15:44:30]: "INF(15:44:30.348):Attempt" 
Debug[15:44:30]: log_breakpoint 
Debug[15:44:30]: 5 
Debug[15:44:30]: signal in logmode 
Debug[15:44:30]: "INF(15:44:30.662):Attempt" 
Debug[15:44:30]: log_breakpoint 
Debug[15:44:30]: 5 
Debug[15:44:30]: signal in logmode 
Debug[15:44:30]: "INF(15:44:30.971):Mode is OK" 
Debug[15:44:30]: log_breakpoint 
Debug[15:44:30]: 5 
Debug[15:44:30]: signal in logmode 
Debug[15:44:30]: "INF(15:44:30.975):Attempt" 
Debug[15:44:30]: log_breakpoint 
Debug[15:44:30]: 5 
Debug[15:44:31]: signal in logmode 
Debug[15:44:31]: "INF(15:44:31.282):Attempt" 
Debug[15:44:31]: log_breakpoint 
Debug[15:44:31]: 5 
Debug[15:44:31]: signal in logmode 
Debug[15:44:31]: "INF(15:44:31.592):Attempt" 
Debug[15:44:31]: log_breakpoint 
Debug[15:44:31]: 5 
Debug[15:44:31]: signal in logmode 
Debug[15:44:31]: "INF(15:44:31.905):Mode is OK" 
Debug[15:44:31]: log_breakpoint 
Debug[15:44:31]: 5 
Debug[15:44:31]: signal in logmode 
Debug[15:44:31]: "INF(15:44:31.907):Attempt" 
Debug[15:44:31]: log_breakpoint 
Debug[15:44:31]: 5 
Debug[15:44:32]: signal in logmode 
Debug[15:44:32]: "INF(15:44:32.047):Mode is OK" 
Debug[15:44:32]: log_breakpoint 
Debug[15:44:32]: 5 
Debug[15:44:32]: signal in logmode 
Debug[15:44:32]: "INF(15:44:32.047):Attempt" 
Debug[15:44:32]: log_breakpoint 
Debug[15:44:32]: 5 
Debug[15:44:32]: signal in logmode 
Debug[15:44:32]: "INF(15:44:32.355):Attempt" 
Debug[15:44:32]: log_breakpoint 
Debug[15:44:32]: 5 
Debug[15:44:32]: signal in logmode 
Debug[15:44:32]: "INF(15:44:32.666):Attempt" 
Debug[15:44:32]: log_breakpoint 
Debug[15:44:32]: 5 
Debug[15:44:32]: signal in logmode 
Debug[15:44:32]: "INF(15:44:32.980):Mode is OK" 
Debug[15:44:32]: log_breakpoint 
Debug[15:44:32]: 5 
Debug[15:44:32]: signal in logmode 
Debug[15:44:32]: "INF(15:44:32.983):Attempt" 
Debug[15:44:32]: log_breakpoint 
Debug[15:44:32]: 5 
Debug[15:44:33]: signal in logmode 
Debug[15:44:33]: "INF(15:44:33.292):Attempt" 
Debug[15:44:33]: log_breakpoint 
Debug[15:44:33]: 5 
Debug[15:44:33]: signal in logmode 
Debug[15:44:33]: "INF(15:44:33.605):Attempt" 
Debug[15:44:33]: log_breakpoint 
Debug[15:44:33]: 5 
Debug[15:44:33]: signal in logmode 
Debug[15:44:33]: "INF(15:44:33.916):Mode is OK" 
Debug[15:44:33]: log_breakpoint 
Debug[15:44:33]: 5 
Debug[15:44:33]: signal in logmode 
Debug[15:44:33]: "INF(15:44:33.920):Attempt" 
Debug[15:44:33]: log_breakpoint 
Debug[15:44:33]: 5 
Debug[15:44:34]: signal in logmode 
Debug[15:44:34]: "INF(15:44:34.230):Attempt" 
Debug[15:44:34]: log_breakpoint 
Debug[15:44:34]: 5 
Debug[15:44:34]: signal in logmode 
Debug[15:44:34]: "INF(15:44:34.541):Attempt" 
Debug[15:44:34]: log_breakpoint 
Debug[15:44:34]: 5 
Warning[15:44:35]: QFileSystemWatcher: failed to add paths: C:/REPO/DSI3PAS2_workingdir/DSI3PAS2/Software/bin/ULSEverification_configfiles, C:/REPO/DSI3PAS2_workingdir/DSI3PAS2/Software/bin/ConfigFiles_29_1_2021_Jiri_MOBIS, C:/Users/fg6cnq/Desktop/DSI3PAS2_UART_QtSW_20210129_1511, C:/Users/zbdn9w/Desktop/Temp/CFAR QT uprava ToF, C:/Users/zbdn9w/Desktop/Temp/CFAR QT Komprimace do CSV, U:/Dokumenty/MOBIS/Crosstalk 11-2021
Debug[15:44:39]: signal in logmode 
Debug[15:44:39]: "INF(15:44:39.838):Mode is OK" 
Debug[15:44:39]: log_breakpoint 
Debug[15:44:39]: 5 
Debug[15:44:39]: signal in logmode 
Debug[15:44:39]: "INF(15:44:39.840):Attempt" 
Debug[15:44:39]: log_breakpoint 
Debug[15:44:39]: 5 
Debug[15:44:40]: signal in logmode 
Debug[15:44:40]: "INF(15:44:40.157):Attempt" 
Debug[15:44:40]: log_breakpoint 
Debug[15:44:40]: 5 
Debug[15:44:40]: signal in logmode 
Debug[15:44:40]: "INF(15:44:40.469):Attempt" 
Debug[15:44:40]: log_breakpoint 
Debug[15:44:40]: 5 
Debug[15:44:40]: signal in logmode 
Debug[15:44:40]: "INF(15:44:40.779):Mode is OK" 
Debug[15:44:40]: log_breakpoint 
Debug[15:44:40]: 5 
Debug[15:44:40]: signal in logmode 
Debug[15:44:40]: "INF(15:44:40.782):Attempt" 
Debug[15:44:40]: log_breakpoint 
Debug[15:44:40]: 5 
Debug[15:44:41]: signal in logmode 
Debug[15:44:41]: "INF(15:44:41.091):Attempt" 
Debug[15:44:41]: log_breakpoint 
Debug[15:44:41]: 5 
Debug[15:44:41]: signal in logmode 
Debug[15:44:41]: "INF(15:44:41.403):Attempt" 
Debug[15:44:41]: log_breakpoint 
Debug[15:44:41]: 5 
Debug[15:44:41]: signal in logmode 
Debug[15:44:41]: "INF(15:44:41.712):Mode is OK" 
Debug[15:44:41]: log_breakpoint 
Debug[15:44:41]: 5 
Debug[15:44:41]: signal in logmode 
Debug[15:44:41]: "INF(15:44:41.715):Attempt" 
Debug[15:44:41]: log_breakpoint 
Debug[15:44:41]: 5 
Debug[15:44:41]: signal in logmode 
Debug[15:44:41]: "INF(15:44:41.726):RDUM master connected" 
Debug[15:44:41]: log_breakpoint 
Debug[15:44:41]: 5 
Debug[15:44:41]: signal in logmode 
Debug[15:44:41]: "INF(15:44:41.727):Connected to \\.\COM56" 
Debug[15:44:41]: log_breakpoint 
Debug[15:44:41]: 5 
Warning[15:44:41]: Could not parse stylesheet of widget 0x3502408
Debug[15:44:41]: "Resume:Logs" 
Debug[15:44:41]: "Resume:Settings" 
Debug[15:44:41]: "Resume:UartUartController" 
Debug[15:44:41]: "Resume:UartSpiController" 
Debug[15:44:41]: "Resume:UartSsiController" 
Debug[15:44:41]: "Resume:DSI3Master" 
Debug[15:44:41]: "Resume:ASICMaster" 
Debug[15:44:41]: "Resume:RDUMMaster" 
Debug[15:44:41]: "Resume:DSI3Slave" 
Debug[15:44:41]: "Resume:Measurement" 
Debug[15:44:41]: "Resume:CFARsim" 
Debug[15:46:51]: "Suspend:Settings" 
Debug[15:46:51]: "Suspend:UartUartController" 
Debug[15:46:51]: "Suspend:UartSpiController" 
Debug[15:46:51]: "Suspend:UartSsiController" 
Debug[15:46:51]: "Suspend:DSI3Master" 
Debug[15:46:51]: "Suspend:ASICMaster" 
Debug[15:46:51]: "Suspend:RDUMMaster" 
Debug[15:46:51]: "Suspend:DSI3Slave" 
Debug[15:46:51]: "Suspend:Measurement" 
Debug[15:46:51]: "Suspend:CFARsim" 
Debug[15:46:51]: signal in logmode 
Debug[15:46:51]: "INF(15:46:51.753):Disconnect by user" 
Debug[15:46:51]: log_breakpoint 
Debug[15:46:51]: 5 
Debug[15:46:51]: signal in logmode 
Debug[15:46:51]: "INF(15:46:51.908):Disconnect by user" 
Debug[15:46:51]: log_breakpoint 
Debug[15:46:51]: 5 
