Warning[08:12:34]: QObject::connect: Cannot connect LocalServer::log(int,QString) to (null)::slot_addLog(int,QString)
Debug[08:12:34]: LocalServer:new "\\.\pipe\DSI3PAS" 
Debug[08:12:34]: Register specific 
Debug[08:12:35]: DynScaleCaclulate 
Debug[08:12:35]: "init 2 UartUartController" 
Debug[08:12:35]: Ok 
Debug[08:12:35]: "init 3 UartSpiController" 
Debug[08:12:35]: Ok 
Debug[08:12:35]: "init 4 UartSsiController" 
Debug[08:12:35]: Ok 
Debug[08:12:35]: "init 5 DSI3Master" 
Debug[08:12:35]: Ok 
Debug[08:12:35]: "init 6 ASICMaster" 
Debug[08:12:35]: Ok 
Debug[08:12:35]: "init 7 RDUMMaster" 
Debug[08:12:35]: Ok 
Debug[08:12:35]: "init 8 DSI3Slave" 
Debug[08:12:36]: Ok 
Debug[08:12:36]: "init 9 Measurement" 
Debug[08:12:36]: Ok 
Debug[08:12:36]: "init 10 CFARsim" 
Debug[08:12:36]: Ok 
Debug[08:12:36]: MainApp Starting... 
Debug[08:12:37]: Add applets to MainWindow...
 
Debug[08:12:37]: Initialize Connection... 
Debug[08:13:05]: signal in logmode 
Debug[08:13:05]: "INF(08:13:05.731):Disconnect by user" 
Debug[08:13:05]: log_breakpoint 
Debug[08:13:05]: 5 
Debug[08:13:05]: signal in logmode 
Debug[08:13:05]: "INF(08:13:05.758):Disconnect by user" 
Debug[08:13:05]: log_breakpoint 
Debug[08:13:05]: 5 
Warning[08:15:06]: QObject::connect: Cannot connect LocalServer::log(int,QString) to (null)::slot_addLog(int,QString)
Debug[08:15:06]: LocalServer:new "\\.\pipe\DSI3PAS" 
Debug[08:15:06]: Register specific 
Debug[08:15:06]: DynScaleCaclulate 
Debug[08:15:06]: "init 2 UartUartController" 
Debug[08:15:06]: Ok 
Debug[08:15:06]: "init 3 UartSpiController" 
Debug[08:15:06]: Ok 
Debug[08:15:06]: "init 4 UartSsiController" 
Debug[08:15:06]: Ok 
Debug[08:15:06]: "init 5 DSI3Master" 
Debug[08:15:06]: Ok 
Debug[08:15:06]: "init 6 ASICMaster" 
Debug[08:15:06]: Ok 
Debug[08:15:06]: "init 7 RDUMMaster" 
Debug[08:15:06]: Ok 
Debug[08:15:06]: "init 8 DSI3Slave" 
Debug[08:15:07]: Ok 
Debug[08:15:07]: "init 9 Measurement" 
Debug[08:15:08]: Ok 
Debug[08:15:08]: "init 10 CFARsim" 
Debug[08:15:08]: Ok 
Debug[08:15:08]: MainApp Starting... 
Debug[08:15:09]: Add applets to MainWindow...
 
Debug[08:15:09]: Initialize Connection... 
Debug[08:15:11]: signal in logmode 
Debug[08:15:11]: "INF(08:15:11.580):Connected to no_board" 
Debug[08:15:11]: log_breakpoint 
Debug[08:15:11]: 5 
Warning[08:15:11]: Could not parse stylesheet of widget 0x3037940
Debug[08:15:11]: "Resume:Logs" 
Debug[08:15:11]: "Resume:Settings" 
Debug[08:15:11]: "Resume:UartUartController" 
Debug[08:15:11]: "Resume:UartSpiController" 
Debug[08:15:11]: "Resume:UartSsiController" 
Debug[08:15:11]: "Resume:DSI3Master" 
Debug[08:15:11]: "Resume:ASICMaster" 
Debug[08:15:11]: "Resume:RDUMMaster" 
Debug[08:15:11]: "Resume:DSI3Slave" 
Debug[08:15:11]: "Resume:Measurement" 
Debug[08:15:11]: "Resume:CFARsim" 
Debug[08:17:08]: "Suspend:Settings" 
Debug[08:17:08]: "Suspend:UartUartController" 
Debug[08:17:08]: "Suspend:UartSpiController" 
Debug[08:17:08]: "Suspend:UartSsiController" 
Debug[08:17:08]: "Suspend:DSI3Master" 
Debug[08:17:08]: "Suspend:ASICMaster" 
Debug[08:17:08]: "Suspend:RDUMMaster" 
Debug[08:17:08]: "Suspend:DSI3Slave" 
Debug[08:17:08]: "Suspend:Measurement" 
Debug[08:17:08]: "Suspend:CFARsim" 
Debug[08:17:08]: signal in logmode 
Debug[08:17:08]: "INF(08:17:08.581):Disconnect by user" 
Debug[08:17:08]: log_breakpoint 
Debug[08:17:08]: 5 
Debug[08:17:08]: signal in logmode 
Debug[08:17:08]: "INF(08:17:08.609):Disconnect by user" 
Debug[08:17:08]: log_breakpoint 
Debug[08:17:08]: 5 
Warning[11:24:07]: QObject::connect: Cannot connect LocalServer::log(int,QString) to (null)::slot_addLog(int,QString)
Debug[11:24:07]: LocalServer:new "\\.\pipe\DSI3PAS" 
Debug[11:24:07]: Register specific 
Debug[11:24:09]: DynScaleCaclulate 
Debug[11:24:09]: "init 2 UartUartController" 
Debug[11:24:09]: Ok 
Debug[11:24:09]: "init 3 UartSpiController" 
Debug[11:24:09]: Ok 
Debug[11:24:09]: "init 4 UartSsiController" 
Debug[11:24:09]: Ok 
Debug[11:24:09]: "init 5 DSI3Master" 
Debug[11:24:09]: Ok 
Debug[11:24:09]: "init 6 ASICMaster" 
Debug[11:24:09]: Ok 
Debug[11:24:09]: "init 7 RDUMMaster" 
Debug[11:24:09]: Ok 
Debug[11:24:09]: "init 8 DSI3Slave" 
Debug[11:24:10]: Ok 
Debug[11:24:10]: "init 9 Measurement" 
Debug[11:24:11]: Ok 
Debug[11:24:11]: "init 10 CFARsim" 
Debug[11:24:11]: Ok 
Debug[11:24:11]: MainApp Starting... 
Debug[11:24:12]: Add applets to MainWindow...
 
Debug[11:24:12]: Initialize Connection... 
Debug[11:24:12]: signal in logmode 
Debug[11:24:12]: "INF(11:24:12.591):Mode is OK" 
Debug[11:24:12]: log_breakpoint 
Debug[11:24:12]: 5 
Debug[11:24:12]: signal in logmode 
Debug[11:24:12]: "INF(11:24:12.594):Attempt" 
Debug[11:24:12]: log_breakpoint 
Debug[11:24:12]: 5 
Debug[11:24:12]: signal in logmode 
Debug[11:24:12]: "INF(11:24:12.910):Attempt" 
Debug[11:24:12]: log_breakpoint 
Debug[11:24:12]: 5 
Debug[11:24:13]: signal in logmode 
Debug[11:24:13]: "INF(11:24:13.224):Attempt" 
Debug[11:24:13]: log_breakpoint 
Debug[11:24:13]: 5 
Debug[11:24:13]: signal in logmode 
Debug[11:24:13]: "INF(11:24:13.534):Mode is OK" 
Debug[11:24:13]: log_breakpoint 
Debug[11:24:13]: 5 
Debug[11:24:13]: signal in logmode 
Debug[11:24:13]: "INF(11:24:13.537):Attempt" 
Debug[11:24:13]: log_breakpoint 
Debug[11:24:13]: 5 
Debug[11:24:13]: signal in logmode 
Debug[11:24:13]: "INF(11:24:13.846):Attempt" 
Debug[11:24:13]: log_breakpoint 
Debug[11:24:13]: 5 
Debug[11:24:14]: signal in logmode 
Debug[11:24:14]: "INF(11:24:14.157):Attempt" 
Debug[11:24:14]: log_breakpoint 
Debug[11:24:14]: 5 
Debug[11:24:14]: signal in logmode 
Debug[11:24:14]: "INF(11:24:14.471):Mode is OK" 
Debug[11:24:14]: log_breakpoint 
Debug[11:24:14]: 5 
Debug[11:24:14]: signal in logmode 
Debug[11:24:14]: "INF(11:24:14.475):Attempt" 
Debug[11:24:14]: log_breakpoint 
Debug[11:24:14]: 5 
Debug[11:24:14]: signal in logmode 
Debug[11:24:14]: "INF(11:24:14.630):Mode is OK" 
Debug[11:24:14]: log_breakpoint 
Debug[11:24:14]: 5 
Debug[11:24:14]: signal in logmode 
Debug[11:24:14]: "INF(11:24:14.632):Attempt" 
Debug[11:24:14]: log_breakpoint 
Debug[11:24:14]: 5 
Debug[11:24:14]: signal in logmode 
Debug[11:24:14]: "INF(11:24:14.941):Attempt" 
Debug[11:24:14]: log_breakpoint 
Debug[11:24:14]: 5 
Debug[11:24:15]: signal in logmode 
Debug[11:24:15]: "INF(11:24:15.251):Attempt" 
Debug[11:24:15]: log_breakpoint 
Debug[11:24:15]: 5 
Debug[11:24:15]: signal in logmode 
Debug[11:24:15]: "INF(11:24:15.563):Mode is OK" 
Debug[11:24:15]: log_breakpoint 
Debug[11:24:15]: 5 
Debug[11:24:15]: signal in logmode 
Debug[11:24:15]: "INF(11:24:15.567):Attempt" 
Debug[11:24:15]: log_breakpoint 
Debug[11:24:15]: 5 
Debug[11:24:15]: signal in logmode 
Debug[11:24:15]: "INF(11:24:15.876):Attempt" 
Debug[11:24:15]: log_breakpoint 
Debug[11:24:15]: 5 
Debug[11:24:16]: signal in logmode 
Debug[11:24:16]: "INF(11:24:16.187):Attempt" 
Debug[11:24:16]: log_breakpoint 
Debug[11:24:16]: 5 
Debug[11:24:16]: signal in logmode 
Debug[11:24:16]: "INF(11:24:16.500):Mode is OK" 
Debug[11:24:16]: log_breakpoint 
Debug[11:24:16]: 5 
Debug[11:24:16]: signal in logmode 
Debug[11:24:16]: "INF(11:24:16.503):Attempt" 
Debug[11:24:16]: log_breakpoint 
Debug[11:24:16]: 5 
Debug[11:24:16]: signal in logmode 
Debug[11:24:16]: "INF(11:24:16.812):Attempt" 
Debug[11:24:16]: log_breakpoint 
Debug[11:24:16]: 5 
Debug[11:24:17]: signal in logmode 
Debug[11:24:17]: "INF(11:24:17.123):Attempt" 
Debug[11:24:17]: log_breakpoint 
Debug[11:24:17]: 5 
Debug[11:24:17]: signal in logmode 
Debug[11:24:17]: "INF(11:24:17.436):Mode is OK" 
Debug[11:24:17]: log_breakpoint 
Debug[11:24:17]: 5 
Debug[11:24:17]: signal in logmode 
Debug[11:24:17]: "INF(11:24:17.437):Attempt" 
Debug[11:24:17]: log_breakpoint 
Debug[11:24:17]: 5 
Debug[11:24:17]: signal in logmode 
Debug[11:24:17]: "INF(11:24:17.747):Attempt" 
Debug[11:24:17]: log_breakpoint 
Debug[11:24:17]: 5 
Debug[11:24:18]: signal in logmode 
Debug[11:24:18]: "INF(11:24:18.059):Attempt" 
Debug[11:24:18]: log_breakpoint 
Debug[11:24:18]: 5 
Debug[11:24:22]: signal in logmode 
Debug[11:24:22]: "INF(11:24:22.734):Mode is OK" 
Debug[11:24:22]: log_breakpoint 
Debug[11:24:22]: 5 
Debug[11:24:22]: signal in logmode 
Debug[11:24:22]: "INF(11:24:22.736):Attempt" 
Debug[11:24:22]: log_breakpoint 
Debug[11:24:22]: 5 
Debug[11:24:23]: signal in logmode 
Debug[11:24:23]: "INF(11:24:23.042):Attempt" 
Debug[11:24:23]: log_breakpoint 
Debug[11:24:23]: 5 
Debug[11:24:23]: signal in logmode 
Debug[11:24:23]: "INF(11:24:23.355):Attempt" 
Debug[11:24:23]: log_breakpoint 
Debug[11:24:23]: 5 
Debug[11:24:23]: signal in logmode 
Debug[11:24:23]: "INF(11:24:23.666):Mode is OK" 
Debug[11:24:23]: log_breakpoint 
Debug[11:24:23]: 5 
Debug[11:24:23]: signal in logmode 
Debug[11:24:23]: "INF(11:24:23.669):Attempt" 
Debug[11:24:23]: log_breakpoint 
Debug[11:24:23]: 5 
Debug[11:24:23]: signal in logmode 
Debug[11:24:23]: "INF(11:24:23.979):Attempt" 
Debug[11:24:23]: log_breakpoint 
Debug[11:24:23]: 5 
Debug[11:24:24]: signal in logmode 
Debug[11:24:24]: "INF(11:24:24.291):Attempt" 
Debug[11:24:24]: log_breakpoint 
Debug[11:24:24]: 5 
Debug[11:24:24]: signal in logmode 
Debug[11:24:24]: "INF(11:24:24.603):Mode is OK" 
Debug[11:24:24]: log_breakpoint 
Debug[11:24:24]: 5 
Debug[11:24:24]: signal in logmode 
Debug[11:24:24]: "INF(11:24:24.607):Attempt" 
Debug[11:24:24]: log_breakpoint 
Debug[11:24:24]: 5 
Debug[11:24:24]: signal in logmode 
Debug[11:24:24]: "INF(11:24:24.633):RDUM master connected" 
Debug[11:24:24]: log_breakpoint 
Debug[11:24:24]: 5 
Debug[11:24:24]: signal in logmode 
Debug[11:24:24]: "INF(11:24:24.636):Connected to \\.\COM82" 
Debug[11:24:24]: log_breakpoint 
Debug[11:24:24]: 5 
Warning[11:24:24]: Could not parse stylesheet of widget 0x31672a0
Debug[11:24:24]: "Resume:Logs" 
Debug[11:24:24]: "Resume:Settings" 
Debug[11:24:24]: "Resume:UartUartController" 
Debug[11:24:24]: "Resume:UartSpiController" 
Debug[11:24:24]: "Resume:UartSsiController" 
Debug[11:24:24]: "Resume:DSI3Master" 
Debug[11:24:24]: "Resume:ASICMaster" 
Debug[11:24:24]: "Resume:RDUMMaster" 
Debug[11:24:24]: "Resume:DSI3Slave" 
Debug[11:24:24]: "Resume:Measurement" 
Debug[11:24:24]: "Resume:CFARsim" 
Debug[11:24:41]: "Suspend:Settings" 
Debug[11:24:41]: "Suspend:UartUartController" 
Debug[11:24:41]: "Suspend:UartSpiController" 
Debug[11:24:41]: "Suspend:UartSsiController" 
Debug[11:24:41]: "Suspend:DSI3Master" 
Debug[11:24:41]: "Suspend:ASICMaster" 
Debug[11:24:41]: "Suspend:RDUMMaster" 
Debug[11:24:41]: "Suspend:DSI3Slave" 
Debug[11:24:41]: "Suspend:Measurement" 
Debug[11:24:41]: "Suspend:CFARsim" 
Debug[11:24:41]: signal in logmode 
Debug[11:24:41]: "INF(11:24:41.016):Disconnect by user" 
Debug[11:24:41]: log_breakpoint 
Debug[11:24:41]: 5 
Debug[11:24:41]: signal in logmode 
Debug[11:24:41]: "INF(11:24:41.188):Reconnect" 
Debug[11:24:41]: log_breakpoint 
Debug[11:24:41]: 5 
Debug[11:24:41]: signal in logmode 
Debug[11:24:41]: "INF(11:24:41.201):Auto reconnecting..." 
Debug[11:24:41]: log_breakpoint 
Debug[11:24:41]: 5 
Debug[11:24:41]: signal in logmode 
Debug[11:24:41]: "INF(11:24:41.213):Disconnect by user" 
Debug[11:24:41]: log_breakpoint 
Debug[11:24:41]: 5 
Debug[11:24:41]: signal in logmode 
Debug[11:24:41]: "INF(11:24:41.231):Mode is OK" 
Debug[11:24:41]: log_breakpoint 
Debug[11:24:41]: 5 
Debug[11:24:41]: signal in logmode 
Debug[11:24:41]: "INF(11:24:41.241):Attempt" 
Debug[11:24:41]: log_breakpoint 
Debug[11:24:41]: 5 
Warning[12:50:50]: QObject::connect: Cannot connect LocalServer::log(int,QString) to (null)::slot_addLog(int,QString)
Debug[12:50:50]: LocalServer:new "\\.\pipe\DSI3PAS" 
Debug[12:50:50]: Register specific 
Debug[12:50:51]: DynScaleCaclulate 
Debug[12:50:51]: "init 2 UartUartController" 
Debug[12:50:51]: Ok 
Debug[12:50:51]: "init 3 UartSpiController" 
Debug[12:50:51]: Ok 
Debug[12:50:51]: "init 4 UartSsiController" 
Debug[12:50:51]: Ok 
Debug[12:50:51]: "init 5 DSI3Master" 
Debug[12:50:51]: Ok 
Debug[12:50:51]: "init 6 ASICMaster" 
Debug[12:50:51]: Ok 
Debug[12:50:51]: "init 7 RDUMMaster" 
Debug[12:50:51]: Ok 
Debug[12:50:51]: "init 8 DSI3Slave" 
Debug[12:50:51]: Ok 
Debug[12:50:52]: "init 9 Measurement" 
Debug[12:50:52]: Ok 
Debug[12:50:52]: "init 10 CFARsim" 
Debug[12:50:52]: Ok 
Debug[12:50:52]: MainApp Starting... 
Debug[12:50:53]: Add applets to MainWindow...
 
Debug[12:50:53]: Initialize Connection... 
Debug[12:50:53]: signal in logmode 
Debug[12:50:53]: "INF(12:50:53.787):Mode is OK" 
Debug[12:50:53]: log_breakpoint 
Debug[12:50:53]: 5 
Debug[12:50:53]: signal in logmode 
Debug[12:50:53]: "INF(12:50:53.790):Attempt" 
Debug[12:50:53]: log_breakpoint 
Debug[12:50:53]: 5 
Debug[12:50:54]: signal in logmode 
Debug[12:50:54]: "INF(12:50:54.105):Attempt" 
Debug[12:50:54]: log_breakpoint 
Debug[12:50:54]: 5 
Debug[12:50:54]: signal in logmode 
Debug[12:50:54]: "INF(12:50:54.418):Attempt" 
Debug[12:50:54]: log_breakpoint 
Debug[12:50:54]: 5 
Debug[12:50:54]: signal in logmode 
Debug[12:50:54]: "INF(12:50:54.730):Mode is OK" 
Debug[12:50:54]: log_breakpoint 
Debug[12:50:54]: 5 
Debug[12:50:54]: signal in logmode 
Debug[12:50:54]: "INF(12:50:54.733):Attempt" 
Debug[12:50:54]: log_breakpoint 
Debug[12:50:54]: 5 
Debug[12:50:55]: signal in logmode 
Debug[12:50:55]: "INF(12:50:55.041):Attempt" 
Debug[12:50:55]: log_breakpoint 
Debug[12:50:55]: 5 
Debug[12:50:55]: signal in logmode 
Debug[12:50:55]: "INF(12:50:55.354):Attempt" 
Debug[12:50:55]: log_breakpoint 
Debug[12:50:55]: 5 
Debug[12:50:55]: signal in logmode 
Debug[12:50:55]: "INF(12:50:55.663):Mode is OK" 
Debug[12:50:55]: log_breakpoint 
Debug[12:50:55]: 5 
Debug[12:50:55]: signal in logmode 
Debug[12:50:55]: "INF(12:50:55.670):Attempt" 
Debug[12:50:55]: log_breakpoint 
Debug[12:50:55]: 5 
Debug[12:50:55]: signal in logmode 
Debug[12:50:55]: "INF(12:50:55.839):Mode is OK" 
Debug[12:50:55]: log_breakpoint 
Debug[12:50:55]: 5 
Debug[12:50:55]: signal in logmode 
Debug[12:50:55]: "INF(12:50:55.844):Attempt" 
Debug[12:50:55]: log_breakpoint 
Debug[12:50:55]: 5 
Debug[12:50:56]: signal in logmode 
Debug[12:50:56]: "INF(12:50:56.162):Attempt" 
Debug[12:50:56]: log_breakpoint 
Debug[12:50:56]: 5 
Debug[12:50:56]: signal in logmode 
Debug[12:50:56]: "INF(12:50:56.476):Attempt" 
Debug[12:50:56]: log_breakpoint 
Debug[12:50:56]: 5 
Debug[12:50:56]: signal in logmode 
Debug[12:50:56]: "INF(12:50:56.787):Mode is OK" 
Debug[12:50:56]: log_breakpoint 
Debug[12:50:56]: 5 
Debug[12:50:56]: signal in logmode 
Debug[12:50:56]: "INF(12:50:56.792):Attempt" 
Debug[12:50:56]: log_breakpoint 
Debug[12:50:56]: 5 
Debug[12:50:57]: signal in logmode 
Debug[12:50:57]: "INF(12:50:57.100):Attempt" 
Debug[12:50:57]: log_breakpoint 
Debug[12:50:57]: 5 
Debug[12:50:57]: signal in logmode 
Debug[12:50:57]: "INF(12:50:57.410):Attempt" 
Debug[12:50:57]: log_breakpoint 
Debug[12:50:57]: 5 
Debug[12:50:57]: signal in logmode 
Debug[12:50:57]: "INF(12:50:57.722):Mode is OK" 
Debug[12:50:57]: log_breakpoint 
Debug[12:50:57]: 5 
Debug[12:50:57]: signal in logmode 
Debug[12:50:57]: "INF(12:50:57.726):Attempt" 
Debug[12:50:57]: log_breakpoint 
Debug[12:50:57]: 5 
Debug[12:50:58]: signal in logmode 
Debug[12:50:58]: "INF(12:50:58.033):Attempt" 
Debug[12:50:58]: log_breakpoint 
Debug[12:50:58]: 5 
Debug[12:50:58]: signal in logmode 
Debug[12:50:58]: "INF(12:50:58.350):Attempt" 
Debug[12:50:58]: log_breakpoint 
Debug[12:50:58]: 5 
Debug[12:50:58]: signal in logmode 
Debug[12:50:58]: "INF(12:50:58.664):Mode is OK" 
Debug[12:50:58]: log_breakpoint 
Debug[12:50:58]: 5 
Debug[12:50:58]: signal in logmode 
Debug[12:50:58]: "INF(12:50:58.668):Attempt" 
Debug[12:50:58]: log_breakpoint 
Debug[12:50:58]: 5 
Debug[12:50:58]: signal in logmode 
Debug[12:50:58]: "INF(12:50:58.977):Attempt" 
Debug[12:50:58]: log_breakpoint 
Debug[12:50:58]: 5 
Debug[12:50:59]: signal in logmode 
Debug[12:50:59]: "INF(12:50:59.289):Attempt" 
Debug[12:50:59]: log_breakpoint 
Debug[12:50:59]: 5 
Debug[13:04:38]: signal in logmode 
Debug[13:04:38]: "INF(13:04:38.931):Disconnect by user" 
Debug[13:04:38]: log_breakpoint 
Debug[13:04:38]: 5 
Debug[13:04:38]: signal in logmode 
Debug[13:04:38]: "INF(13:04:38.967):Disconnect by user" 
Debug[13:04:38]: log_breakpoint 
Debug[13:04:38]: 5 
