Warning[10:30:29]: QObject::connect: Cannot connect LocalServer::log(int,QString) to (null)::slot_addLog(int,QString)
Debug[10:30:29]: LocalServer:new "\\.\pipe\DSI3PAS" 
Debug[10:30:29]: Register specific 
Debug[10:30:29]: DynScaleCaclulate 
Debug[10:30:29]: "init 2 UartUartController" 
Debug[10:30:29]: Ok 
Debug[10:30:29]: "init 3 UartSpiController" 
Debug[10:30:29]: Ok 
Debug[10:30:29]: "init 4 UartSsiController" 
Debug[10:30:29]: Ok 
Debug[10:30:29]: "init 5 DSI3Master" 
Debug[10:30:29]: Ok 
Debug[10:30:29]: "init 6 ASICMaster" 
Debug[10:30:29]: Ok 
Debug[10:30:29]: "init 7 RDUMMaster" 
Debug[10:30:29]: Ok 
Debug[10:30:29]: "init 8 DSI3Slave" 
Debug[10:30:30]: Ok 
Debug[10:30:30]: "init 9 Measurement" 
Debug[10:30:30]: Ok 
Debug[10:30:30]: "init 10 CFARsim" 
Debug[10:30:30]: Ok 
Debug[10:30:30]: MainApp Starting... 
Debug[10:30:31]: Add applets to MainWindow...
 
Debug[10:30:31]: Initialize Connection... 
Debug[10:30:31]: signal in logmode 
Debug[10:30:31]: "INF(10:30:31.723):Mode is OK" 
Debug[10:30:31]: log_breakpoint 
Debug[10:30:31]: 5 
Debug[10:30:31]: signal in logmode 
Debug[10:30:31]: "INF(10:30:31.724):Attempt" 
Debug[10:30:31]: log_breakpoint 
Debug[10:30:31]: 5 
Debug[10:30:32]: signal in logmode 
Debug[10:30:32]: "INF(10:30:32.043):Attempt" 
Debug[10:30:32]: log_breakpoint 
Debug[10:30:32]: 5 
Debug[10:30:32]: signal in logmode 
Debug[10:30:32]: "INF(10:30:32.358):Attempt" 
Debug[10:30:32]: log_breakpoint 
Debug[10:30:32]: 5 
Debug[10:30:32]: signal in logmode 
Debug[10:30:32]: "INF(10:30:32.671):Mode is OK" 
Debug[10:30:32]: log_breakpoint 
Debug[10:30:32]: 5 
Debug[10:30:32]: signal in logmode 
Debug[10:30:32]: "INF(10:30:32.672):Attempt" 
Debug[10:30:32]: log_breakpoint 
Debug[10:30:32]: 5 
Debug[10:30:32]: signal in logmode 
Debug[10:30:32]: "INF(10:30:32.988):Attempt" 
Debug[10:30:32]: log_breakpoint 
Debug[10:30:32]: 5 
Debug[10:30:33]: signal in logmode 
Debug[10:30:33]: "INF(10:30:33.298):Attempt" 
Debug[10:30:33]: log_breakpoint 
Debug[10:30:33]: 5 
Debug[10:30:33]: signal in logmode 
Debug[10:30:33]: "INF(10:30:33.612):Mode is OK" 
Debug[10:30:33]: log_breakpoint 
Debug[10:30:33]: 5 
Debug[10:30:33]: signal in logmode 
Debug[10:30:33]: "INF(10:30:33.614):Attempt" 
Debug[10:30:33]: log_breakpoint 
Debug[10:30:33]: 5 
Debug[10:30:33]: signal in logmode 
Debug[10:30:33]: "INF(10:30:33.927):Attempt" 
Debug[10:30:33]: log_breakpoint 
Debug[10:30:33]: 5 
Debug[10:30:34]: signal in logmode 
Debug[10:30:34]: "INF(10:30:34.241):Attempt" 
Debug[10:30:34]: log_breakpoint 
Debug[10:30:34]: 5 
Warning[10:30:34]: QFileSystemWatcher: failed to add paths: C:/REPO/DSI3PAS2_workingdir/DSI3PAS2/Software/bin/ULSEverification_configfiles, C:/REPO/DSI3PAS2_workingdir/DSI3PAS2/Software/bin/ConfigFiles_29_1_2021_Jiri_MOBIS, C:/Users/fg6cnq/Desktop/DSI3PAS2_UART_QtSW_20210129_1511, C:/Users/zbdn9w/Desktop/Temp/CFAR QT uprava ToF, C:/Users/zbdn9w/Desktop/Temp/CFAR QT Komprimace do CSV, U:/Dokumenty/MOBIS/Crosstalk 11-2021
Debug[10:30:38]: signal in logmode 
Debug[10:30:38]: "INF(10:30:38.554):Connected to no_board" 
Debug[10:30:38]: log_breakpoint 
Debug[10:30:38]: 5 
Warning[10:30:38]: Could not parse stylesheet of widget 0x33a1668
Debug[10:30:38]: "Resume:Logs" 
Debug[10:30:38]: "Resume:Settings" 
Debug[10:30:38]: "Resume:UartUartController" 
Debug[10:30:38]: "Resume:UartSpiController" 
Debug[10:30:38]: "Resume:UartSsiController" 
Debug[10:30:38]: "Resume:DSI3Master" 
Debug[10:30:38]: "Resume:ASICMaster" 
Debug[10:30:38]: "Resume:RDUMMaster" 
Debug[10:30:38]: "Resume:DSI3Slave" 
Debug[10:30:38]: "Resume:Measurement" 
Debug[10:30:38]: "Resume:CFARsim" 
Debug[10:30:53]: "Suspend:Settings" 
Debug[10:30:53]: "Suspend:UartUartController" 
Debug[10:30:53]: "Suspend:UartSpiController" 
Debug[10:30:53]: "Suspend:UartSsiController" 
Debug[10:30:53]: "Suspend:DSI3Master" 
Debug[10:30:53]: "Suspend:ASICMaster" 
Debug[10:30:53]: "Suspend:RDUMMaster" 
Debug[10:30:53]: "Suspend:DSI3Slave" 
Debug[10:30:53]: "Suspend:Measurement" 
Debug[10:30:53]: "Suspend:CFARsim" 
Debug[10:30:53]: signal in logmode 
Debug[10:30:53]: "INF(10:30:53.030):Disconnect by user" 
Debug[10:30:53]: log_breakpoint 
Debug[10:30:53]: 5 
Debug[10:30:53]: signal in logmode 
Debug[10:30:53]: "INF(10:30:53.045):Disconnect by user" 
Debug[10:30:53]: log_breakpoint 
Debug[10:30:53]: 5 
