Warning[08:39:52]: QObject::connect: Cannot connect LocalServer::log(int,QString) to (null)::slot_addLog(int,QString)
Debug[08:39:52]: LocalServer:new "\\.\pipe\DSI3PAS" 
Debug[08:39:52]: Register specific 
Debug[08:39:52]: DynScaleCaclulate 
Debug[08:39:52]: "init 2 UartUartController" 
Debug[08:39:52]: Ok 
Debug[08:39:52]: "init 3 UartSpiController" 
Debug[08:39:52]: Ok 
Debug[08:39:52]: "init 4 UartSsiController" 
Debug[08:39:52]: Ok 
Debug[08:39:52]: "init 5 DSI3Master" 
Debug[08:39:52]: Ok 
Debug[08:39:52]: "init 6 ASICMaster" 
Debug[08:39:52]: Ok 
Debug[08:39:52]: "init 7 RDUMMaster" 
Debug[08:39:52]: Ok 
Debug[08:39:52]: "init 8 DSI3Slave" 
Debug[08:39:53]: Ok 
Debug[08:39:53]: "init 9 Measurement" 
Debug[08:39:53]: Ok 
Debug[08:39:53]: "init 10 CFARsim" 
Debug[08:39:53]: Ok 
Debug[08:39:53]: MainApp Starting... 
Debug[08:39:54]: Add applets to MainWindow...
 
Debug[08:39:54]: Initialize Connection... 
Warning[08:39:54]: QFileSystemWatcher: failed to add paths: C:/REPO/DSI3PAS2_workingdir/DSI3PAS2/Software/bin/ULSEverification_configfiles, C:/REPO/DSI3PAS2_workingdir/DSI3PAS2/Software/bin/ConfigFiles_29_1_2021_Jiri_MOBIS, C:/Users/fg6cnq/Desktop/DSI3PAS2_UART_QtSW_20210129_1511, C:/Users/zbdn9w/Desktop/Temp/CFAR QT uprava ToF, C:/Users/zbdn9w/Desktop/Temp/CFAR QT Komprimace do CSV, U:/Dokumenty/MOBIS/Crosstalk 11-2021
Debug[08:39:58]: signal in logmode 
Debug[08:39:58]: "INF(08:39:58.625):Connected to no_board" 
Debug[08:39:58]: log_breakpoint 
Debug[08:39:58]: 5 
Warning[08:39:58]: Could not parse stylesheet of widget 0x3057648
Debug[08:39:58]: "Resume:Logs" 
Debug[08:39:58]: "Resume:Settings" 
Debug[08:39:58]: "Resume:UartUartController" 
Debug[08:39:58]: "Resume:UartSpiController" 
Debug[08:39:58]: "Resume:UartSsiController" 
Debug[08:39:58]: "Resume:DSI3Master" 
Debug[08:39:58]: "Resume:ASICMaster" 
Debug[08:39:58]: "Resume:RDUMMaster" 
Debug[08:39:58]: "Resume:DSI3Slave" 
Debug[08:39:58]: "Resume:Measurement" 
Debug[08:39:58]: "Resume:CFARsim" 
Debug[08:40:59]: "Suspend:Settings" 
Debug[08:40:59]: "Suspend:UartUartController" 
Debug[08:40:59]: "Suspend:UartSpiController" 
Debug[08:40:59]: "Suspend:UartSsiController" 
Debug[08:40:59]: "Suspend:DSI3Master" 
Debug[08:40:59]: "Suspend:ASICMaster" 
Debug[08:40:59]: "Suspend:RDUMMaster" 
Debug[08:40:59]: "Suspend:DSI3Slave" 
Debug[08:40:59]: "Suspend:Measurement" 
Debug[08:40:59]: "Suspend:CFARsim" 
Debug[08:40:59]: signal in logmode 
Debug[08:40:59]: "INF(08:40:59.596):Disconnect by user" 
Debug[08:40:59]: log_breakpoint 
Debug[08:40:59]: 5 
Debug[08:40:59]: signal in logmode 
Debug[08:40:59]: "INF(08:40:59.620):Disconnect by user" 
Debug[08:40:59]: log_breakpoint 
Debug[08:40:59]: 5 
Warning[08:41:33]: QObject::connect: Cannot connect LocalServer::log(int,QString) to (null)::slot_addLog(int,QString)
Debug[08:41:33]: LocalServer:new "\\.\pipe\DSI3PAS" 
Debug[08:41:33]: Register specific 
Debug[08:41:34]: DynScaleCaclulate 
Debug[08:41:34]: "init 2 UartUartController" 
Debug[08:41:34]: Ok 
Debug[08:41:34]: "init 3 UartSpiController" 
Debug[08:41:34]: Ok 
Debug[08:41:34]: "init 4 UartSsiController" 
Debug[08:41:34]: Ok 
Debug[08:41:34]: "init 5 DSI3Master" 
Debug[08:41:34]: Ok 
Debug[08:41:34]: "init 6 ASICMaster" 
Debug[08:41:34]: Ok 
Debug[08:41:34]: "init 7 RDUMMaster" 
Debug[08:41:34]: Ok 
Debug[08:41:34]: "init 8 DSI3Slave" 
Debug[08:41:34]: Ok 
Debug[08:41:34]: "init 9 Measurement" 
Debug[08:41:35]: Ok 
Debug[08:41:35]: "init 10 CFARsim" 
Debug[08:41:35]: Ok 
Debug[08:41:35]: MainApp Starting... 
Debug[08:41:35]: Add applets to MainWindow...
 
Debug[08:41:35]: Initialize Connection... 
Warning[08:41:36]: QFileSystemWatcher: failed to add paths: C:/REPO/DSI3PAS2_workingdir/DSI3PAS2/Software/bin/ULSEverification_configfiles, C:/REPO/DSI3PAS2_workingdir/DSI3PAS2/Software/bin/ConfigFiles_29_1_2021_Jiri_MOBIS, C:/Users/fg6cnq/Desktop/DSI3PAS2_UART_QtSW_20210129_1511, C:/Users/zbdn9w/Desktop/Temp/CFAR QT uprava ToF, C:/Users/zbdn9w/Desktop/Temp/CFAR QT Komprimace do CSV, U:/Dokumenty/MOBIS/Crosstalk 11-2021
Debug[08:41:39]: signal in logmode 
Debug[08:41:39]: "INF(08:41:39.653):Connected to no_board" 
Debug[08:41:39]: log_breakpoint 
Debug[08:41:39]: 5 
Warning[08:41:39]: Could not parse stylesheet of widget 0x2c67428
Debug[08:41:39]: "Resume:Logs" 
Debug[08:41:39]: "Resume:Settings" 
Debug[08:41:39]: "Resume:UartUartController" 
Debug[08:41:39]: "Resume:UartSpiController" 
Debug[08:41:39]: "Resume:UartSsiController" 
Debug[08:41:39]: "Resume:DSI3Master" 
Debug[08:41:39]: "Resume:ASICMaster" 
Debug[08:41:39]: "Resume:RDUMMaster" 
Debug[08:41:39]: "Resume:DSI3Slave" 
Debug[08:41:39]: "Resume:Measurement" 
Debug[08:41:39]: "Resume:CFARsim" 
Debug[08:44:31]: "Suspend:Settings" 
Debug[08:44:31]: "Suspend:UartUartController" 
Debug[08:44:31]: "Suspend:UartSpiController" 
Debug[08:44:31]: "Suspend:UartSsiController" 
Debug[08:44:31]: "Suspend:DSI3Master" 
Debug[08:44:31]: "Suspend:ASICMaster" 
Debug[08:44:31]: "Suspend:RDUMMaster" 
Debug[08:44:31]: "Suspend:DSI3Slave" 
Debug[08:44:31]: "Suspend:Measurement" 
Debug[08:44:31]: "Suspend:CFARsim" 
Debug[08:44:31]: signal in logmode 
Debug[08:44:31]: "INF(08:44:31.467):Disconnect by user" 
Debug[08:44:31]: log_breakpoint 
Debug[08:44:31]: 5 
Debug[08:44:31]: signal in logmode 
Debug[08:44:31]: "INF(08:44:31.487):Disconnect by user" 
Debug[08:44:31]: log_breakpoint 
Debug[08:44:31]: 5 
Warning[09:18:41]: QObject::connect: Cannot connect LocalServer::log(int,QString) to (null)::slot_addLog(int,QString)
Debug[09:18:41]: LocalServer:new "\\.\pipe\DSI3PAS" 
Debug[09:18:41]: Register specific 
Debug[09:18:42]: DynScaleCaclulate 
Debug[09:18:42]: "init 2 UartUartController" 
Debug[09:18:42]: Ok 
Debug[09:18:42]: "init 3 UartSpiController" 
Debug[09:18:42]: Ok 
Debug[09:18:42]: "init 4 UartSsiController" 
Debug[09:18:42]: Ok 
Debug[09:18:42]: "init 5 DSI3Master" 
Debug[09:18:42]: Ok 
Debug[09:18:42]: "init 6 ASICMaster" 
Debug[09:18:42]: Ok 
Debug[09:18:42]: "init 7 RDUMMaster" 
Debug[09:18:42]: Ok 
Debug[09:18:42]: "init 8 DSI3Slave" 
Debug[09:18:42]: Ok 
Debug[09:18:42]: "init 9 Measurement" 
Debug[09:18:43]: Ok 
Debug[09:18:43]: "init 10 CFARsim" 
Debug[09:18:43]: Ok 
Debug[09:18:43]: MainApp Starting... 
Debug[09:18:44]: Add applets to MainWindow...
 
Debug[09:18:44]: Initialize Connection... 
Debug[09:18:44]: signal in logmode 
Debug[09:18:44]: "INF(09:18:44.312):Mode is OK" 
Debug[09:18:44]: log_breakpoint 
Debug[09:18:44]: 5 
Debug[09:18:44]: signal in logmode 
Debug[09:18:44]: "INF(09:18:44.314):Attempt" 
Debug[09:18:44]: log_breakpoint 
Debug[09:18:44]: 5 
Debug[09:18:44]: signal in logmode 
Debug[09:18:44]: "INF(09:18:44.629):Attempt" 
Debug[09:18:44]: log_breakpoint 
Debug[09:18:44]: 5 
Debug[09:18:44]: signal in logmode 
Debug[09:18:44]: "INF(09:18:44.941):Attempt" 
Debug[09:18:44]: log_breakpoint 
Debug[09:18:44]: 5 
Debug[09:18:45]: signal in logmode 
Debug[09:18:45]: "INF(09:18:45.254):Mode is OK" 
Debug[09:18:45]: log_breakpoint 
Debug[09:18:45]: 5 
Debug[09:18:45]: signal in logmode 
Debug[09:18:45]: "INF(09:18:45.259):Attempt" 
Debug[09:18:45]: log_breakpoint 
Debug[09:18:45]: 5 
Debug[09:18:45]: signal in logmode 
Debug[09:18:45]: "INF(09:18:45.571):Attempt" 
Debug[09:18:45]: log_breakpoint 
Debug[09:18:45]: 5 
Debug[09:18:45]: signal in logmode 
Debug[09:18:45]: "INF(09:18:45.883):Attempt" 
Debug[09:18:45]: log_breakpoint 
Debug[09:18:45]: 5 
Debug[09:18:46]: signal in logmode 
Debug[09:18:46]: "INF(09:18:46.196):Mode is OK" 
Debug[09:18:46]: log_breakpoint 
Debug[09:18:46]: 5 
Debug[09:18:46]: signal in logmode 
Debug[09:18:46]: "INF(09:18:46.197):Attempt" 
Debug[09:18:46]: log_breakpoint 
Debug[09:18:46]: 5 
Debug[09:18:46]: signal in logmode 
Debug[09:18:46]: "INF(09:18:46.345):Mode is OK" 
Debug[09:18:46]: log_breakpoint 
Debug[09:18:46]: 5 
Debug[09:18:46]: signal in logmode 
Debug[09:18:46]: "INF(09:18:46.347):Attempt" 
Debug[09:18:46]: log_breakpoint 
Debug[09:18:46]: 5 
Debug[09:18:46]: signal in logmode 
Debug[09:18:46]: "INF(09:18:46.656):Attempt" 
Debug[09:18:46]: log_breakpoint 
Debug[09:18:46]: 5 
Debug[09:18:46]: signal in logmode 
Debug[09:18:46]: "INF(09:18:46.972):Attempt" 
Debug[09:18:46]: log_breakpoint 
Debug[09:18:46]: 5 
Debug[09:18:47]: signal in logmode 
Debug[09:18:47]: "INF(09:18:47.285):Mode is OK" 
Debug[09:18:47]: log_breakpoint 
Debug[09:18:47]: 5 
Debug[09:18:47]: signal in logmode 
Debug[09:18:47]: "INF(09:18:47.288):Attempt" 
Debug[09:18:47]: log_breakpoint 
Debug[09:18:47]: 5 
Debug[09:18:47]: signal in logmode 
Debug[09:18:47]: "INF(09:18:47.594):Attempt" 
Debug[09:18:47]: log_breakpoint 
Debug[09:18:47]: 5 
Debug[09:18:47]: signal in logmode 
Debug[09:18:47]: "INF(09:18:47.907):Attempt" 
Debug[09:18:47]: log_breakpoint 
Debug[09:18:47]: 5 
Debug[09:18:48]: signal in logmode 
Debug[09:18:48]: "INF(09:18:48.220):Mode is OK" 
Debug[09:18:48]: log_breakpoint 
Debug[09:18:48]: 5 
Debug[09:18:48]: signal in logmode 
Debug[09:18:48]: "INF(09:18:48.223):Attempt" 
Debug[09:18:48]: log_breakpoint 
Debug[09:18:48]: 5 
Debug[09:18:48]: signal in logmode 
Debug[09:18:48]: "INF(09:18:48.531):Attempt" 
Debug[09:18:48]: log_breakpoint 
Debug[09:18:48]: 5 
Debug[09:18:48]: signal in logmode 
Debug[09:18:48]: "INF(09:18:48.842):Attempt" 
Debug[09:18:48]: log_breakpoint 
Debug[09:18:48]: 5 
Warning[09:18:49]: QFileSystemWatcher: failed to add paths: C:/REPO/DSI3PAS2_workingdir/DSI3PAS2/Software/bin/ULSEverification_configfiles, C:/REPO/DSI3PAS2_workingdir/DSI3PAS2/Software/bin/ConfigFiles_29_1_2021_Jiri_MOBIS, C:/Users/fg6cnq/Desktop/DSI3PAS2_UART_QtSW_20210129_1511, C:/Users/zbdn9w/Desktop/Temp/CFAR QT uprava ToF, C:/Users/zbdn9w/Desktop/Temp/CFAR QT Komprimace do CSV, U:/Dokumenty/MOBIS/Crosstalk 11-2021
Debug[09:18:52]: signal in logmode 
Debug[09:18:52]: "INF(09:18:52.809):Mode is OK" 
Debug[09:18:52]: log_breakpoint 
Debug[09:18:52]: 5 
Debug[09:18:52]: signal in logmode 
Debug[09:18:52]: "INF(09:18:52.810):Attempt" 
Debug[09:18:52]: log_breakpoint 
Debug[09:18:52]: 5 
Debug[09:18:53]: signal in logmode 
Debug[09:18:53]: "INF(09:18:53.126):Attempt" 
Debug[09:18:53]: log_breakpoint 
Debug[09:18:53]: 5 
Debug[09:18:53]: signal in logmode 
Debug[09:18:53]: "INF(09:18:53.438):Attempt" 
Debug[09:18:53]: log_breakpoint 
Debug[09:18:53]: 5 
Debug[09:18:53]: signal in logmode 
Debug[09:18:53]: "INF(09:18:53.748):Mode is OK" 
Debug[09:18:53]: log_breakpoint 
Debug[09:18:53]: 5 
Debug[09:18:53]: signal in logmode 
Debug[09:18:53]: "INF(09:18:53.752):Attempt" 
Debug[09:18:53]: log_breakpoint 
Debug[09:18:53]: 5 
Debug[09:18:54]: signal in logmode 
Debug[09:18:54]: "INF(09:18:54.061):Attempt" 
Debug[09:18:54]: log_breakpoint 
Debug[09:18:54]: 5 
Debug[09:18:54]: signal in logmode 
Debug[09:18:54]: "INF(09:18:54.372):Attempt" 
Debug[09:18:54]: log_breakpoint 
Debug[09:18:54]: 5 
Debug[09:18:54]: signal in logmode 
Debug[09:18:54]: "INF(09:18:54.684):Mode is OK" 
Debug[09:18:54]: log_breakpoint 
Debug[09:18:54]: 5 
Debug[09:18:54]: signal in logmode 
Debug[09:18:54]: "INF(09:18:54.687):Attempt" 
Debug[09:18:54]: log_breakpoint 
Debug[09:18:54]: 5 
Debug[09:18:54]: signal in logmode 
Debug[09:18:54]: "INF(09:18:54.695):RDUM master connected" 
Debug[09:18:54]: log_breakpoint 
Debug[09:18:54]: 5 
Debug[09:18:54]: signal in logmode 
Debug[09:18:54]: "INF(09:18:54.698):Connected to \\.\COM28" 
Debug[09:18:54]: log_breakpoint 
Debug[09:18:54]: 5 
Warning[09:18:54]: Could not parse stylesheet of widget 0x3246c48
Debug[09:18:54]: "Resume:Logs" 
Debug[09:18:54]: "Resume:Settings" 
Debug[09:18:54]: "Resume:UartUartController" 
Debug[09:18:54]: "Resume:UartSpiController" 
Debug[09:18:54]: "Resume:UartSsiController" 
Debug[09:18:54]: "Resume:DSI3Master" 
Debug[09:18:54]: "Resume:ASICMaster" 
Debug[09:18:54]: "Resume:RDUMMaster" 
Debug[09:18:54]: "Resume:DSI3Slave" 
Debug[09:18:54]: "Resume:Measurement" 
Debug[09:18:54]: "Resume:CFARsim" 
Debug[09:26:44]: "Suspend:Settings" 
Debug[09:26:44]: "Suspend:UartUartController" 
Debug[09:26:44]: "Suspend:UartSpiController" 
Debug[09:26:44]: "Suspend:UartSsiController" 
Debug[09:26:44]: "Suspend:DSI3Master" 
Debug[09:26:44]: "Suspend:ASICMaster" 
Debug[09:26:44]: "Suspend:RDUMMaster" 
Debug[09:26:44]: "Suspend:DSI3Slave" 
Debug[09:26:44]: "Suspend:Measurement" 
Debug[09:26:44]: "Suspend:CFARsim" 
Debug[09:26:44]: signal in logmode 
Debug[09:26:44]: "INF(09:26:44.546):Disconnect by user" 
Debug[09:26:44]: log_breakpoint 
Debug[09:26:44]: 5 
Debug[09:26:44]: signal in logmode 
Debug[09:26:44]: "INF(09:26:44.687):Disconnect by user" 
Debug[09:26:44]: log_breakpoint 
Debug[09:26:44]: 5 
Warning[09:26:59]: QObject::connect: Cannot connect LocalServer::log(int,QString) to (null)::slot_addLog(int,QString)
Debug[09:26:59]: LocalServer:new "\\.\pipe\DSI3PASd" 
Debug[09:26:59]: Register specific 
Debug[09:27:00]: DynScaleCaclulate 
Debug[09:27:01]: "init 2 UartUartController" 
Debug[09:27:01]: Ok 
Debug[09:27:01]: "init 3 UartSpiController" 
Debug[09:27:01]: Ok 
Debug[09:27:01]: "init 4 UartSsiController" 
Debug[09:27:01]: Ok 
Debug[09:27:01]: "init 5 DSI3Master" 
Debug[09:27:01]: Ok 
Debug[09:27:01]: "init 6 ASICMaster" 
Debug[09:27:01]: Ok 
Debug[09:27:01]: "init 7 RDUMMaster" 
Debug[09:27:01]: Ok 
Debug[09:27:01]: "init 8 DSI3Slave" 
Debug[09:27:03]: Ok 
Debug[09:27:03]: "init 9 Measurement" 
Debug[09:27:04]: Ok 
Debug[09:27:04]: "init 10 CFARsim" 
Debug[09:27:04]: Ok 
Debug[09:27:04]: Using SERPORT
Debug[09:27:04]: MainApp Starting... 
Debug[09:27:06]: Add applets to MainWindow...
 
Debug[09:27:06]: Initialize Connection... 
Debug[09:27:06]: signal in logmode 
Debug[09:27:06]: "INF(09:27:06.582):Mode is OK" 
Debug[09:27:06]: log_breakpoint 
Debug[09:27:06]: 5 
Debug[09:27:06]: signal in logmode 
Debug[09:27:06]: "INF(09:27:06.586):Attempt" 
Debug[09:27:06]: log_breakpoint 
Debug[09:27:06]: 5 
Debug[09:27:06]: signal in logmode 
Debug[09:27:06]: "INF(09:27:06.904):Attempt" 
Debug[09:27:06]: log_breakpoint 
Debug[09:27:06]: 5 
Debug[09:27:07]: signal in logmode 
Debug[09:27:07]: "INF(09:27:07.218):Attempt" 
Debug[09:27:07]: log_breakpoint 
Debug[09:27:07]: 5 
Debug[09:27:07]: signal in logmode 
Debug[09:27:07]: "INF(09:27:07.526):Mode is OK" 
Debug[09:27:07]: log_breakpoint 
Debug[09:27:07]: 5 
Debug[09:27:07]: signal in logmode 
Debug[09:27:07]: "INF(09:27:07.532):Attempt" 
Debug[09:27:07]: log_breakpoint 
Debug[09:27:07]: 5 
Debug[09:27:07]: signal in logmode 
Debug[09:27:07]: "INF(09:27:07.839):Attempt" 
Debug[09:27:07]: log_breakpoint 
Debug[09:27:07]: 5 
Debug[09:27:08]: signal in logmode 
Debug[09:27:08]: "INF(09:27:08.150):Attempt" 
Debug[09:27:08]: log_breakpoint 
Debug[09:27:08]: 5 
Debug[09:27:08]: signal in logmode 
Debug[09:27:08]: "INF(09:27:08.461):Mode is OK" 
Debug[09:27:08]: log_breakpoint 
Debug[09:27:08]: 5 
Debug[09:27:08]: signal in logmode 
Debug[09:27:08]: "INF(09:27:08.465):Attempt" 
Debug[09:27:08]: log_breakpoint 
Debug[09:27:08]: 5 
Debug[09:27:08]: signal in logmode 
Debug[09:27:08]: "INF(09:27:08.622):Mode is OK" 
Debug[09:27:08]: log_breakpoint 
Debug[09:27:08]: 5 
Debug[09:27:08]: signal in logmode 
Debug[09:27:08]: "INF(09:27:08.625):Attempt" 
Debug[09:27:08]: log_breakpoint 
Debug[09:27:08]: 5 
Debug[09:27:08]: signal in logmode 
Debug[09:27:08]: "INF(09:27:08.945):Attempt" 
Debug[09:27:08]: log_breakpoint 
Debug[09:27:08]: 5 
Debug[09:27:09]: signal in logmode 
Debug[09:27:09]: "INF(09:27:09.256):Attempt" 
Debug[09:27:09]: log_breakpoint 
Debug[09:27:09]: 5 
Debug[09:27:09]: signal in logmode 
Debug[09:27:09]: "INF(09:27:09.569):Mode is OK" 
Debug[09:27:09]: log_breakpoint 
Debug[09:27:09]: 5 
Debug[09:27:09]: signal in logmode 
Debug[09:27:09]: "INF(09:27:09.573):Attempt" 
Debug[09:27:09]: log_breakpoint 
Debug[09:27:09]: 5 
Debug[09:27:09]: signal in logmode 
Debug[09:27:09]: "INF(09:27:09.883):Attempt" 
Debug[09:27:09]: log_breakpoint 
Debug[09:27:09]: 5 
Debug[09:27:10]: signal in logmode 
Debug[09:27:10]: "INF(09:27:10.194):Attempt" 
Debug[09:27:10]: log_breakpoint 
Debug[09:27:10]: 5 
Debug[09:27:10]: signal in logmode 
Debug[09:27:10]: "INF(09:27:10.506):Mode is OK" 
Debug[09:27:10]: log_breakpoint 
Debug[09:27:10]: 5 
Debug[09:27:10]: signal in logmode 
Debug[09:27:10]: "INF(09:27:10.510):Attempt" 
Debug[09:27:10]: log_breakpoint 
Debug[09:27:10]: 5 
Debug[09:27:10]: signal in logmode 
Debug[09:27:10]: "INF(09:27:10.819):Attempt" 
Debug[09:27:10]: log_breakpoint 
Debug[09:27:10]: 5 
Debug[09:27:11]: signal in logmode 
Debug[09:27:11]: "INF(09:27:11.131):Attempt" 
Debug[09:27:11]: log_breakpoint 
Debug[09:27:11]: 5 
Debug[09:27:14]: signal in logmode 
Debug[09:27:14]: "INF(09:27:14.614):Mode is OK" 
Debug[09:27:14]: log_breakpoint 
Debug[09:27:14]: 5 
Debug[09:27:14]: signal in logmode 
Debug[09:27:14]: "INF(09:27:14.618):Attempt" 
Debug[09:27:14]: log_breakpoint 
Debug[09:27:14]: 5 
Debug[09:27:14]: signal in logmode 
Debug[09:27:14]: "INF(09:27:14.936):Attempt" 
Debug[09:27:14]: log_breakpoint 
Debug[09:27:14]: 5 
Debug[09:27:15]: signal in logmode 
Debug[09:27:15]: "INF(09:27:15.246):Attempt" 
Debug[09:27:15]: log_breakpoint 
Debug[09:27:15]: 5 
Debug[09:27:15]: signal in logmode 
Debug[09:27:15]: "INF(09:27:15.556):Mode is OK" 
Debug[09:27:15]: log_breakpoint 
Debug[09:27:15]: 5 
Debug[09:27:15]: signal in logmode 
Debug[09:27:15]: "INF(09:27:15.561):Attempt" 
Debug[09:27:15]: log_breakpoint 
Debug[09:27:15]: 5 
Debug[09:27:15]: signal in logmode 
Debug[09:27:15]: "INF(09:27:15.869):Attempt" 
Debug[09:27:15]: log_breakpoint 
Debug[09:27:15]: 5 
Debug[09:27:16]: signal in logmode 
Debug[09:27:16]: "INF(09:27:16.180):Attempt" 
Debug[09:27:16]: log_breakpoint 
Debug[09:27:16]: 5 
Debug[09:27:16]: signal in logmode 
Debug[09:27:16]: "INF(09:27:16.489):Mode is OK" 
Debug[09:27:16]: log_breakpoint 
Debug[09:27:16]: 5 
Debug[09:27:16]: signal in logmode 
Debug[09:27:16]: "INF(09:27:16.494):Attempt" 
Debug[09:27:16]: log_breakpoint 
Debug[09:27:16]: 5 
Debug[09:27:16]: signal in logmode 
Debug[09:27:16]: "INF(09:27:16.499):RDUM master connected" 
Debug[09:27:16]: log_breakpoint 
Debug[09:27:16]: 5 
Debug[09:27:16]: signal in logmode 
Debug[09:27:16]: "INF(09:27:16.502):Connected to \\.\COM28" 
Debug[09:27:16]: log_breakpoint 
Debug[09:27:16]: 5 
Warning[09:27:16]: Could not parse stylesheet of widget 0x4389d48
Debug[09:27:16]: "Resume:Logs" 
Debug[09:27:16]: "Resume:Settings" 
Debug[09:27:16]: "Resume:UartUartController" 
Debug[09:27:16]: "Resume:UartSpiController" 
Debug[09:27:16]: "Resume:UartSsiController" 
Debug[09:27:16]: "Resume:DSI3Master" 
Debug[09:27:16]: "Resume:ASICMaster" 
Debug[09:27:16]: "Resume:RDUMMaster" 
Debug[09:27:16]: "Resume:DSI3Slave" 
Debug[09:27:16]: "Resume:Measurement" 
Debug[09:27:16]: "Resume:CFARsim" 
Debug[09:34:15]: "Suspend:Settings" 
Debug[09:34:15]: "Suspend:UartUartController" 
Debug[09:34:15]: "Suspend:UartSpiController" 
Debug[09:34:15]: "Suspend:UartSsiController" 
Debug[09:34:15]: "Suspend:DSI3Master" 
Debug[09:34:15]: "Suspend:ASICMaster" 
Debug[09:34:15]: "Suspend:RDUMMaster" 
Debug[09:34:15]: "Suspend:DSI3Slave" 
Debug[09:34:15]: "Suspend:Measurement" 
Debug[09:34:15]: "Suspend:CFARsim" 
Debug[09:34:15]: signal in logmode 
Debug[09:34:15]: "INF(09:34:15.086):Disconnect by user" 
Debug[09:34:15]: log_breakpoint 
Debug[09:34:15]: 5 
Debug[09:34:15]: signal in logmode 
Debug[09:34:15]: "INF(09:34:15.109):Disconnect by user" 
Debug[09:34:15]: log_breakpoint 
Debug[09:34:15]: 5 
Warning[09:34:39]: QObject::connect: Cannot connect LocalServer::log(int,QString) to (null)::slot_addLog(int,QString)
Debug[09:34:39]: LocalServer:new "\\.\pipe\DSI3PASd" 
Debug[09:34:39]: Register specific 
Debug[09:34:40]: DynScaleCaclulate 
Debug[09:34:40]: "init 2 UartUartController" 
Debug[09:34:40]: Ok 
Debug[09:34:40]: "init 3 UartSpiController" 
Debug[09:34:40]: Ok 
Debug[09:34:40]: "init 4 UartSsiController" 
Debug[09:34:40]: Ok 
Debug[09:34:40]: "init 5 DSI3Master" 
Debug[09:34:40]: Ok 
Debug[09:34:40]: "init 6 ASICMaster" 
Debug[09:34:40]: Ok 
Debug[09:34:40]: "init 7 RDUMMaster" 
Debug[09:34:40]: Ok 
Debug[09:34:40]: "init 8 DSI3Slave" 
Debug[09:34:42]: Ok 
Debug[09:34:42]: "init 9 Measurement" 
Debug[09:34:43]: Ok 
Debug[09:34:43]: "init 10 CFARsim" 
Debug[09:34:43]: Ok 
Debug[09:34:43]: Using SERPORT
Debug[09:34:43]: MainApp Starting... 
Debug[09:34:45]: Add applets to MainWindow...
 
Debug[09:34:45]: Initialize Connection... 
Debug[09:34:45]: signal in logmode 
Debug[09:34:45]: "INF(09:34:45.609):Mode is OK" 
Debug[09:34:45]: log_breakpoint 
Debug[09:34:45]: 5 
Debug[09:34:45]: signal in logmode 
Debug[09:34:45]: "INF(09:34:45.612):Attempt" 
Debug[09:34:45]: log_breakpoint 
Debug[09:34:45]: 5 
Debug[09:34:45]: signal in logmode 
Debug[09:34:45]: "INF(09:34:45.920):Attempt" 
Debug[09:34:45]: log_breakpoint 
Debug[09:34:45]: 5 
Debug[09:34:46]: signal in logmode 
Debug[09:34:46]: "INF(09:34:46.234):Attempt" 
Debug[09:34:46]: log_breakpoint 
Debug[09:34:46]: 5 
Debug[09:34:46]: signal in logmode 
Debug[09:34:46]: "INF(09:34:46.547):Mode is OK" 
Debug[09:34:46]: log_breakpoint 
Debug[09:34:46]: 5 
Debug[09:34:46]: signal in logmode 
Debug[09:34:46]: "INF(09:34:46.551):Attempt" 
Debug[09:34:46]: log_breakpoint 
Debug[09:34:46]: 5 
Debug[09:34:46]: signal in logmode 
Debug[09:34:46]: "INF(09:34:46.858):Attempt" 
Debug[09:34:46]: log_breakpoint 
Debug[09:34:46]: 5 
Debug[09:34:47]: signal in logmode 
Debug[09:34:47]: "INF(09:34:47.170):Attempt" 
Debug[09:34:47]: log_breakpoint 
Debug[09:34:47]: 5 
Debug[09:34:47]: signal in logmode 
Debug[09:34:47]: "INF(09:34:47.480):Mode is OK" 
Debug[09:34:47]: log_breakpoint 
Debug[09:34:47]: 5 
Debug[09:34:47]: signal in logmode 
Debug[09:34:47]: "INF(09:34:47.485):Attempt" 
Debug[09:34:47]: log_breakpoint 
Debug[09:34:47]: 5 
Debug[09:34:47]: signal in logmode 
Debug[09:34:47]: "INF(09:34:47.638):Mode is OK" 
Debug[09:34:47]: log_breakpoint 
Debug[09:34:47]: 5 
Debug[09:34:47]: signal in logmode 
Debug[09:34:47]: "INF(09:34:47.642):Attempt" 
Debug[09:34:47]: log_breakpoint 
Debug[09:34:47]: 5 
Debug[09:34:47]: signal in logmode 
Debug[09:34:47]: "INF(09:34:47.961):Attempt" 
Debug[09:34:47]: log_breakpoint 
Debug[09:34:47]: 5 
Debug[09:34:48]: signal in logmode 
Debug[09:34:48]: "INF(09:34:48.271):Attempt" 
Debug[09:34:48]: log_breakpoint 
Debug[09:34:48]: 5 
Debug[09:34:48]: signal in logmode 
Debug[09:34:48]: "INF(09:34:48.583):Mode is OK" 
Debug[09:34:48]: log_breakpoint 
Debug[09:34:48]: 5 
Debug[09:34:48]: signal in logmode 
Debug[09:34:48]: "INF(09:34:48.590):Attempt" 
Debug[09:34:48]: log_breakpoint 
Debug[09:34:48]: 5 
Debug[09:34:48]: signal in logmode 
Debug[09:34:48]: "INF(09:34:48.908):Attempt" 
Debug[09:34:48]: log_breakpoint 
Debug[09:34:48]: 5 
Debug[09:34:49]: signal in logmode 
Debug[09:34:49]: "INF(09:34:49.215):Attempt" 
Debug[09:34:49]: log_breakpoint 
Debug[09:34:49]: 5 
Debug[09:34:49]: signal in logmode 
Debug[09:34:49]: "INF(09:34:49.531):Mode is OK" 
Debug[09:34:49]: log_breakpoint 
Debug[09:34:49]: 5 
Debug[09:34:49]: signal in logmode 
Debug[09:34:49]: "INF(09:34:49.535):Attempt" 
Debug[09:34:49]: log_breakpoint 
Debug[09:34:49]: 5 
Debug[09:34:49]: signal in logmode 
Debug[09:34:49]: "INF(09:34:49.845):Attempt" 
Debug[09:34:49]: log_breakpoint 
Debug[09:34:49]: 5 
Debug[09:34:50]: signal in logmode 
Debug[09:34:50]: "INF(09:34:50.155):Attempt" 
Debug[09:34:50]: log_breakpoint 
Debug[09:34:50]: 5 
Debug[09:34:53]: signal in logmode 
Debug[09:34:53]: "INF(09:34:53.603):Mode is OK" 
Debug[09:34:53]: log_breakpoint 
Debug[09:34:53]: 5 
Debug[09:34:53]: signal in logmode 
Debug[09:34:53]: "INF(09:34:53.607):Attempt" 
Debug[09:34:53]: log_breakpoint 
Debug[09:34:53]: 5 
Debug[09:34:53]: signal in logmode 
Debug[09:34:53]: "INF(09:34:53.923):Attempt" 
Debug[09:34:53]: log_breakpoint 
Debug[09:34:53]: 5 
Debug[09:34:54]: signal in logmode 
Debug[09:34:54]: "INF(09:34:54.233):Attempt" 
Debug[09:34:54]: log_breakpoint 
Debug[09:34:54]: 5 
Debug[09:34:54]: signal in logmode 
Debug[09:34:54]: "INF(09:34:54.544):Mode is OK" 
Debug[09:34:54]: log_breakpoint 
Debug[09:34:54]: 5 
Debug[09:34:54]: signal in logmode 
Debug[09:34:54]: "INF(09:34:54.548):Attempt" 
Debug[09:34:54]: log_breakpoint 
Debug[09:34:54]: 5 
Debug[09:34:54]: signal in logmode 
Debug[09:34:54]: "INF(09:34:54.857):Attempt" 
Debug[09:34:54]: log_breakpoint 
Debug[09:34:54]: 5 
Debug[09:34:55]: signal in logmode 
Debug[09:34:55]: "INF(09:34:55.168):Attempt" 
Debug[09:34:55]: log_breakpoint 
Debug[09:34:55]: 5 
Debug[09:34:55]: signal in logmode 
Debug[09:34:55]: "INF(09:34:55.481):Mode is OK" 
Debug[09:34:55]: log_breakpoint 
Debug[09:34:55]: 5 
Debug[09:34:55]: signal in logmode 
Debug[09:34:55]: "INF(09:34:55.484):Attempt" 
Debug[09:34:55]: log_breakpoint 
Debug[09:34:55]: 5 
Debug[09:34:55]: signal in logmode 
Debug[09:34:55]: "INF(09:34:55.489):RDUM master connected" 
Debug[09:34:55]: log_breakpoint 
Debug[09:34:55]: 5 
Debug[09:34:55]: signal in logmode 
Debug[09:34:55]: "INF(09:34:55.491):Connected to \\.\COM28" 
Debug[09:34:55]: log_breakpoint 
Debug[09:34:55]: 5 
Warning[09:34:55]: Could not parse stylesheet of widget 0x42b8ba8
Debug[09:34:55]: "Resume:Logs" 
Debug[09:34:55]: "Resume:Settings" 
Debug[09:34:55]: "Resume:UartUartController" 
Debug[09:34:55]: "Resume:UartSpiController" 
Debug[09:34:55]: "Resume:UartSsiController" 
Debug[09:34:55]: "Resume:DSI3Master" 
Debug[09:34:55]: "Resume:ASICMaster" 
Debug[09:34:55]: "Resume:RDUMMaster" 
Debug[09:34:55]: "Resume:DSI3Slave" 
Debug[09:34:55]: "Resume:Measurement" 
Debug[09:34:55]: "Resume:CFARsim" 
Debug[09:36:54]: "Suspend:Settings" 
Debug[09:36:54]: "Suspend:UartUartController" 
Debug[09:36:54]: "Suspend:UartSpiController" 
Debug[09:36:54]: "Suspend:UartSsiController" 
Debug[09:36:54]: "Suspend:DSI3Master" 
Debug[09:36:54]: "Suspend:ASICMaster" 
Debug[09:36:54]: "Suspend:RDUMMaster" 
Debug[09:36:54]: "Suspend:DSI3Slave" 
Debug[09:36:54]: "Suspend:Measurement" 
Debug[09:36:54]: "Suspend:CFARsim" 
Debug[09:36:54]: signal in logmode 
Debug[09:36:54]: "INF(09:36:54.240):Disconnect by user" 
Debug[09:36:54]: log_breakpoint 
Debug[09:36:54]: 5 
Debug[09:36:54]: signal in logmode 
Debug[09:36:54]: "INF(09:36:54.259):Disconnect by user" 
Debug[09:36:54]: log_breakpoint 
Debug[09:36:54]: 5 
Warning[09:37:02]: QObject::connect: Cannot connect LocalServer::log(int,QString) to (null)::slot_addLog(int,QString)
Debug[09:37:02]: LocalServer:new "\\.\pipe\DSI3PASd" 
Debug[09:37:02]: Register specific 
Debug[09:37:03]: DynScaleCaclulate 
Debug[09:37:03]: "init 2 UartUartController" 
Debug[09:37:03]: Ok 
Debug[09:37:03]: "init 3 UartSpiController" 
Debug[09:37:03]: Ok 
Debug[09:37:03]: "init 4 UartSsiController" 
Debug[09:37:03]: Ok 
Debug[09:37:03]: "init 5 DSI3Master" 
Debug[09:37:03]: Ok 
Debug[09:37:03]: "init 6 ASICMaster" 
Debug[09:37:03]: Ok 
Debug[09:37:03]: "init 7 RDUMMaster" 
Debug[09:37:03]: Ok 
Debug[09:37:03]: "init 8 DSI3Slave" 
Debug[09:37:05]: Ok 
Debug[09:37:05]: "init 9 Measurement" 
Debug[09:37:06]: Ok 
Debug[09:37:06]: "init 10 CFARsim" 
Debug[09:37:06]: Ok 
Debug[09:37:06]: Using SERPORT
Debug[09:37:06]: MainApp Starting... 
Debug[09:37:08]: Add applets to MainWindow...
 
Debug[09:37:08]: Initialize Connection... 
Debug[09:37:09]: signal in logmode 
Debug[09:37:09]: "INF(09:37:09.039):Mode is OK" 
Debug[09:37:09]: log_breakpoint 
Debug[09:37:09]: 5 
Debug[09:37:09]: signal in logmode 
Debug[09:37:09]: "INF(09:37:09.042):Attempt" 
Debug[09:37:09]: log_breakpoint 
Debug[09:37:09]: 5 
Debug[09:37:09]: signal in logmode 
Debug[09:37:09]: "INF(09:37:09.364):Attempt" 
Debug[09:37:09]: log_breakpoint 
Debug[09:37:09]: 5 
Debug[09:37:09]: signal in logmode 
Debug[09:37:09]: "INF(09:37:09.674):Attempt" 
Debug[09:37:09]: log_breakpoint 
Debug[09:37:09]: 5 
Debug[09:37:09]: signal in logmode 
Debug[09:37:09]: "INF(09:37:09.987):Mode is OK" 
Debug[09:37:09]: log_breakpoint 
Debug[09:37:09]: 5 
Debug[09:37:09]: signal in logmode 
Debug[09:37:09]: "INF(09:37:09.991):Attempt" 
Debug[09:37:09]: log_breakpoint 
Debug[09:37:09]: 5 
Debug[09:37:10]: signal in logmode 
Debug[09:37:10]: "INF(09:37:10.297):Attempt" 
Debug[09:37:10]: log_breakpoint 
Debug[09:37:10]: 5 
Debug[09:37:10]: signal in logmode 
Debug[09:37:10]: "INF(09:37:10.609):Attempt" 
Debug[09:37:10]: log_breakpoint 
Debug[09:37:10]: 5 
Debug[09:37:10]: signal in logmode 
Debug[09:37:10]: "INF(09:37:10.920):Mode is OK" 
Debug[09:37:10]: log_breakpoint 
Debug[09:37:10]: 5 
Debug[09:37:10]: signal in logmode 
Debug[09:37:10]: "INF(09:37:10.923):Attempt" 
Debug[09:37:10]: log_breakpoint 
Debug[09:37:10]: 5 
Debug[09:37:11]: signal in logmode 
Debug[09:37:11]: "INF(09:37:11.081):Mode is OK" 
Debug[09:37:11]: log_breakpoint 
Debug[09:37:11]: 5 
Debug[09:37:11]: signal in logmode 
Debug[09:37:11]: "INF(09:37:11.083):Attempt" 
Debug[09:37:11]: log_breakpoint 
Debug[09:37:11]: 5 
Debug[09:37:11]: signal in logmode 
Debug[09:37:11]: "INF(09:37:11.390):Attempt" 
Debug[09:37:11]: log_breakpoint 
Debug[09:37:11]: 5 
Debug[09:37:11]: signal in logmode 
Debug[09:37:11]: "INF(09:37:11.702):Attempt" 
Debug[09:37:11]: log_breakpoint 
Debug[09:37:11]: 5 
Debug[09:37:12]: signal in logmode 
Debug[09:37:12]: "INF(09:37:12.012):Mode is OK" 
Debug[09:37:12]: log_breakpoint 
Debug[09:37:12]: 5 
Debug[09:37:12]: signal in logmode 
Debug[09:37:12]: "INF(09:37:12.014):Attempt" 
Debug[09:37:12]: log_breakpoint 
Debug[09:37:12]: 5 
Debug[09:37:12]: signal in logmode 
Debug[09:37:12]: "INF(09:37:12.328):Attempt" 
Debug[09:37:12]: log_breakpoint 
Debug[09:37:12]: 5 
Debug[09:37:12]: signal in logmode 
Debug[09:37:12]: "INF(09:37:12.639):Attempt" 
Debug[09:37:12]: log_breakpoint 
Debug[09:37:12]: 5 
Debug[09:37:12]: signal in logmode 
Debug[09:37:12]: "INF(09:37:12.949):Mode is OK" 
Debug[09:37:12]: log_breakpoint 
Debug[09:37:12]: 5 
Debug[09:37:12]: signal in logmode 
Debug[09:37:12]: "INF(09:37:12.952):Attempt" 
Debug[09:37:12]: log_breakpoint 
Debug[09:37:12]: 5 
Debug[09:37:13]: signal in logmode 
Debug[09:37:13]: "INF(09:37:13.266):Attempt" 
Debug[09:37:13]: log_breakpoint 
Debug[09:37:13]: 5 
Debug[09:37:13]: signal in logmode 
Debug[09:37:13]: "INF(09:37:13.581):Attempt" 
Debug[09:37:13]: log_breakpoint 
Debug[09:37:13]: 5 
Debug[09:37:17]: signal in logmode 
Debug[09:37:17]: "INF(09:37:17.356):Mode is OK" 
Debug[09:37:17]: log_breakpoint 
Debug[09:37:17]: 5 
Debug[09:37:17]: signal in logmode 
Debug[09:37:17]: "INF(09:37:17.359):Attempt" 
Debug[09:37:17]: log_breakpoint 
Debug[09:37:17]: 5 
Debug[09:37:17]: signal in logmode 
Debug[09:37:17]: "INF(09:37:17.668):Attempt" 
Debug[09:37:17]: log_breakpoint 
Debug[09:37:17]: 5 
Debug[09:37:17]: signal in logmode 
Debug[09:37:17]: "INF(09:37:17.976):Attempt" 
Debug[09:37:17]: log_breakpoint 
Debug[09:37:17]: 5 
Debug[09:37:18]: signal in logmode 
Debug[09:37:18]: "INF(09:37:18.289):Mode is OK" 
Debug[09:37:18]: log_breakpoint 
Debug[09:37:18]: 5 
Debug[09:37:18]: signal in logmode 
Debug[09:37:18]: "INF(09:37:18.291):Attempt" 
Debug[09:37:18]: log_breakpoint 
Debug[09:37:18]: 5 
Debug[09:37:18]: signal in logmode 
Debug[09:37:18]: "INF(09:37:18.603):Attempt" 
Debug[09:37:18]: log_breakpoint 
Debug[09:37:18]: 5 
Debug[09:37:18]: signal in logmode 
Debug[09:37:18]: "INF(09:37:18.917):Attempt" 
Debug[09:37:18]: log_breakpoint 
Debug[09:37:18]: 5 
Debug[09:37:19]: signal in logmode 
Debug[09:37:19]: "INF(09:37:19.233):Mode is OK" 
Debug[09:37:19]: log_breakpoint 
Debug[09:37:19]: 5 
Debug[09:37:19]: signal in logmode 
Debug[09:37:19]: "INF(09:37:19.237):Attempt" 
Debug[09:37:19]: log_breakpoint 
Debug[09:37:19]: 5 
Debug[09:37:19]: signal in logmode 
Debug[09:37:19]: "INF(09:37:19.243):RDUM master connected" 
Debug[09:37:19]: log_breakpoint 
Debug[09:37:19]: 5 
Debug[09:37:19]: signal in logmode 
Debug[09:37:19]: "INF(09:37:19.245):Connected to \\.\COM28" 
Debug[09:37:19]: log_breakpoint 
Debug[09:37:19]: 5 
Warning[09:37:19]: Could not parse stylesheet of widget 0x3bd8d88
Debug[09:37:19]: "Resume:Logs" 
Debug[09:37:19]: "Resume:Settings" 
Debug[09:37:19]: "Resume:UartUartController" 
Debug[09:37:19]: "Resume:UartSpiController" 
Debug[09:37:19]: "Resume:UartSsiController" 
Debug[09:37:19]: "Resume:DSI3Master" 
Debug[09:37:19]: "Resume:ASICMaster" 
Debug[09:37:19]: "Resume:RDUMMaster" 
Debug[09:37:19]: "Resume:DSI3Slave" 
Debug[09:37:19]: "Resume:Measurement" 
Debug[09:37:19]: "Resume:CFARsim" 
Debug[10:23:16]: "Suspend:Settings" 
Debug[10:23:16]: "Suspend:UartUartController" 
Debug[10:23:16]: "Suspend:UartSpiController" 
Debug[10:23:16]: "Suspend:UartSsiController" 
Debug[10:23:16]: "Suspend:DSI3Master" 
Debug[10:23:16]: "Suspend:ASICMaster" 
Debug[10:23:16]: "Suspend:RDUMMaster" 
Debug[10:23:16]: "Suspend:DSI3Slave" 
Debug[10:23:16]: "Suspend:Measurement" 
Debug[10:23:16]: "Suspend:CFARsim" 
Debug[10:23:16]: signal in logmode 
Debug[10:23:16]: "INF(10:23:16.597):Disconnect by user" 
Debug[10:23:16]: log_breakpoint 
Debug[10:23:16]: 5 
Debug[10:23:16]: signal in logmode 
Debug[10:23:16]: "INF(10:23:16.624):Disconnect by user" 
Debug[10:23:16]: log_breakpoint 
Debug[10:23:16]: 5 
Warning[10:23:23]: QObject::connect: Cannot connect LocalServer::log(int,QString) to (null)::slot_addLog(int,QString)
Debug[10:23:23]: LocalServer:new "\\.\pipe\DSI3PAS" 
Debug[10:23:23]: Register specific 
Debug[10:23:24]: DynScaleCaclulate 
Debug[10:23:24]: "init 2 UartUartController" 
Debug[10:23:24]: Ok 
Debug[10:23:24]: "init 3 UartSpiController" 
Debug[10:23:24]: Ok 
Debug[10:23:24]: "init 4 UartSsiController" 
Debug[10:23:24]: Ok 
Debug[10:23:24]: "init 5 DSI3Master" 
Debug[10:23:24]: Ok 
Debug[10:23:24]: "init 6 ASICMaster" 
Debug[10:23:24]: Ok 
Debug[10:23:24]: "init 7 RDUMMaster" 
Debug[10:23:24]: Ok 
Debug[10:23:24]: "init 8 DSI3Slave" 
Debug[10:23:25]: Ok 
Debug[10:23:25]: "init 9 Measurement" 
Debug[10:23:25]: Ok 
Debug[10:23:25]: "init 10 CFARsim" 
Debug[10:23:25]: Ok 
Debug[10:23:25]: MainApp Starting... 
Debug[10:23:26]: Add applets to MainWindow...
 
Debug[10:23:26]: Initialize Connection... 
Debug[10:23:27]: signal in logmode 
Debug[10:23:27]: "INF(10:23:27.066):Mode is OK" 
Debug[10:23:27]: log_breakpoint 
Debug[10:23:27]: 5 
Debug[10:23:27]: signal in logmode 
Debug[10:23:27]: "INF(10:23:27.068):Attempt" 
Debug[10:23:27]: log_breakpoint 
Debug[10:23:27]: 5 
Debug[10:23:27]: signal in logmode 
Debug[10:23:27]: "INF(10:23:27.380):Attempt" 
Debug[10:23:27]: log_breakpoint 
Debug[10:23:27]: 5 
Debug[10:23:27]: signal in logmode 
Debug[10:23:27]: "INF(10:23:27.695):Attempt" 
Debug[10:23:27]: log_breakpoint 
Debug[10:23:27]: 5 
Debug[10:23:28]: signal in logmode 
Debug[10:23:28]: "INF(10:23:28.009):Mode is OK" 
Debug[10:23:28]: log_breakpoint 
Debug[10:23:28]: 5 
Debug[10:23:28]: signal in logmode 
Debug[10:23:28]: "INF(10:23:28.011):Attempt" 
Debug[10:23:28]: log_breakpoint 
Debug[10:23:28]: 5 
Debug[10:23:28]: signal in logmode 
Debug[10:23:28]: "INF(10:23:28.327):Attempt" 
Debug[10:23:28]: log_breakpoint 
Debug[10:23:28]: 5 
Debug[10:23:28]: signal in logmode 
Debug[10:23:28]: "INF(10:23:28.638):Attempt" 
Debug[10:23:28]: log_breakpoint 
Debug[10:23:28]: 5 
Debug[10:23:28]: signal in logmode 
Debug[10:23:28]: "INF(10:23:28.954):Mode is OK" 
Debug[10:23:28]: log_breakpoint 
Debug[10:23:28]: 5 
Debug[10:23:28]: signal in logmode 
Debug[10:23:28]: "INF(10:23:28.956):Attempt" 
Debug[10:23:28]: log_breakpoint 
Debug[10:23:28]: 5 
Debug[10:23:29]: signal in logmode 
Debug[10:23:29]: "INF(10:23:29.112):Mode is OK" 
Debug[10:23:29]: log_breakpoint 
Debug[10:23:29]: 5 
Debug[10:23:29]: signal in logmode 
Debug[10:23:29]: "INF(10:23:29.113):Attempt" 
Debug[10:23:29]: log_breakpoint 
Debug[10:23:29]: 5 
Debug[10:23:29]: signal in logmode 
Debug[10:23:29]: "INF(10:23:29.423):Attempt" 
Debug[10:23:29]: log_breakpoint 
Debug[10:23:29]: 5 
Debug[10:23:29]: signal in logmode 
Debug[10:23:29]: "INF(10:23:29.741):Attempt" 
Debug[10:23:29]: log_breakpoint 
Debug[10:23:29]: 5 
Debug[10:23:30]: signal in logmode 
Debug[10:23:30]: "INF(10:23:30.056):Mode is OK" 
Debug[10:23:30]: log_breakpoint 
Debug[10:23:30]: 5 
Debug[10:23:30]: signal in logmode 
Debug[10:23:30]: "INF(10:23:30.058):Attempt" 
Debug[10:23:30]: log_breakpoint 
Debug[10:23:30]: 5 
Debug[10:23:30]: signal in logmode 
Debug[10:23:30]: "INF(10:23:30.370):Attempt" 
Debug[10:23:30]: log_breakpoint 
Debug[10:23:30]: 5 
Debug[10:23:30]: signal in logmode 
Debug[10:23:30]: "INF(10:23:30.685):Attempt" 
Debug[10:23:30]: log_breakpoint 
Debug[10:23:30]: 5 
Debug[10:23:31]: signal in logmode 
Debug[10:23:31]: "INF(10:23:31.002):Mode is OK" 
Debug[10:23:31]: log_breakpoint 
Debug[10:23:31]: 5 
Debug[10:23:31]: signal in logmode 
Debug[10:23:31]: "INF(10:23:31.004):Attempt" 
Debug[10:23:31]: log_breakpoint 
Debug[10:23:31]: 5 
Debug[10:23:31]: signal in logmode 
Debug[10:23:31]: "INF(10:23:31.320):Attempt" 
Debug[10:23:31]: log_breakpoint 
Debug[10:23:31]: 5 
Debug[10:23:31]: signal in logmode 
Debug[10:23:31]: "INF(10:23:31.634):Attempt" 
Debug[10:23:31]: log_breakpoint 
Debug[10:23:31]: 5 
Warning[10:23:32]: QFileSystemWatcher: failed to add paths: C:/REPO/DSI3PAS2_workingdir/DSI3PAS2/Software/bin/ULSEverification_configfiles, C:/REPO/DSI3PAS2_workingdir/DSI3PAS2/Software/bin/ConfigFiles_29_1_2021_Jiri_MOBIS, C:/Users/fg6cnq/Desktop/DSI3PAS2_UART_QtSW_20210129_1511, C:/Users/zbdn9w/Desktop/Temp/CFAR QT uprava ToF, C:/Users/zbdn9w/Desktop/Temp/CFAR QT Komprimace do CSV, U:/Dokumenty/MOBIS/Crosstalk 11-2021
Debug[10:23:37]: signal in logmode 
Debug[10:23:37]: "INF(10:23:37.057):Mode is OK" 
Debug[10:23:37]: log_breakpoint 
Debug[10:23:37]: 5 
Debug[10:23:37]: signal in logmode 
Debug[10:23:37]: "INF(10:23:37.059):Attempt" 
Debug[10:23:37]: log_breakpoint 
Debug[10:23:37]: 5 
Debug[10:23:37]: signal in logmode 
Debug[10:23:37]: "INF(10:23:37.365):Attempt" 
Debug[10:23:37]: log_breakpoint 
Debug[10:23:37]: 5 
Debug[10:23:37]: signal in logmode 
Debug[10:23:37]: "INF(10:23:37.680):Attempt" 
Debug[10:23:37]: log_breakpoint 
Debug[10:23:37]: 5 
Debug[10:23:37]: signal in logmode 
Debug[10:23:37]: "INF(10:23:37.997):Mode is OK" 
Debug[10:23:37]: log_breakpoint 
Debug[10:23:37]: 5 
Debug[10:23:37]: signal in logmode 
Debug[10:23:37]: "INF(10:23:37.999):Attempt" 
Debug[10:23:37]: log_breakpoint 
Debug[10:23:37]: 5 
Debug[10:23:38]: signal in logmode 
Debug[10:23:38]: "INF(10:23:38.314):Attempt" 
Debug[10:23:38]: log_breakpoint 
Debug[10:23:38]: 5 
Debug[10:23:38]: signal in logmode 
Debug[10:23:38]: "INF(10:23:38.632):Attempt" 
Debug[10:23:38]: log_breakpoint 
Debug[10:23:38]: 5 
Debug[10:23:38]: signal in logmode 
Debug[10:23:38]: "INF(10:23:38.949):Mode is OK" 
Debug[10:23:38]: log_breakpoint 
Debug[10:23:38]: 5 
Debug[10:23:38]: signal in logmode 
Debug[10:23:38]: "INF(10:23:38.950):Attempt" 
Debug[10:23:38]: log_breakpoint 
Debug[10:23:38]: 5 
Debug[10:23:38]: signal in logmode 
Debug[10:23:38]: "INF(10:23:38.959):RDUM master connected" 
Debug[10:23:38]: log_breakpoint 
Debug[10:23:38]: 5 
Debug[10:23:38]: signal in logmode 
Debug[10:23:38]: "INF(10:23:38.961):Connected to \\.\COM28" 
Debug[10:23:38]: log_breakpoint 
Debug[10:23:38]: 5 
Warning[10:23:38]: Could not parse stylesheet of widget 0x35c7488
Debug[10:23:38]: "Resume:Logs" 
Debug[10:23:38]: "Resume:Settings" 
Debug[10:23:38]: "Resume:UartUartController" 
Debug[10:23:38]: "Resume:UartSpiController" 
Debug[10:23:38]: "Resume:UartSsiController" 
Debug[10:23:38]: "Resume:DSI3Master" 
Debug[10:23:38]: "Resume:ASICMaster" 
Debug[10:23:38]: "Resume:RDUMMaster" 
Debug[10:23:38]: "Resume:DSI3Slave" 
Debug[10:23:38]: "Resume:Measurement" 
Debug[10:23:38]: "Resume:CFARsim" 
