Warning[15:52:27]: QObject::connect: Cannot connect LocalServer::log(int,QString) to (null)::slot_addLog(int,QString)
Debug[15:52:27]: LocalServer:new "\\.\pipe\DSI3PAS" 
Debug[15:52:27]: Register specific 
Debug[15:52:27]: DynScaleCaclulate 
Debug[15:52:27]: "init 2 UartUartController" 
Debug[15:52:27]: Ok 
Debug[15:52:27]: "init 3 UartSpiController" 
Debug[15:52:27]: Ok 
Debug[15:52:27]: "init 4 UartSsiController" 
Debug[15:52:27]: Ok 
Debug[15:52:27]: "init 5 DSI3Master" 
Debug[15:52:27]: Ok 
Debug[15:52:27]: "init 6 ASICMaster" 
Debug[15:52:27]: Ok 
Debug[15:52:27]: "init 7 RDUMMaster" 
Debug[15:52:27]: Ok 
Debug[15:52:27]: "init 8 DSI3Slave" 
Debug[15:52:28]: Ok 
Debug[15:52:28]: "init 9 Measurement" 
Debug[15:52:29]: Ok 
Debug[15:52:29]: "init 10 CFARsim" 
Debug[15:52:29]: Ok 
Debug[15:52:29]: MainApp Starting... 
Debug[15:52:30]: Add applets to MainWindow...
 
Debug[15:52:30]: Initialize Connection... 
Debug[15:52:30]: signal in logmode 
Debug[15:52:30]: "INF(15:52:30.409):Mode is OK" 
Debug[15:52:30]: log_breakpoint 
Debug[15:52:30]: 5 
Debug[15:52:30]: signal in logmode 
Debug[15:52:30]: "INF(15:52:30.412):Attempt" 
Debug[15:52:30]: log_breakpoint 
Debug[15:52:30]: 5 
Debug[15:52:30]: signal in logmode 
Debug[15:52:30]: "INF(15:52:30.730):Attempt" 
Debug[15:52:30]: log_breakpoint 
Debug[15:52:30]: 5 
Debug[15:52:31]: signal in logmode 
Debug[15:52:31]: "INF(15:52:31.039):Attempt" 
Debug[15:52:31]: log_breakpoint 
Debug[15:52:31]: 5 
Debug[15:52:31]: signal in logmode 
Debug[15:52:31]: "INF(15:52:31.351):Mode is OK" 
Debug[15:52:31]: log_breakpoint 
Debug[15:52:31]: 5 
Debug[15:52:31]: signal in logmode 
Debug[15:52:31]: "INF(15:52:31.354):Attempt" 
Debug[15:52:31]: log_breakpoint 
Debug[15:52:31]: 5 
Debug[15:52:31]: signal in logmode 
Debug[15:52:31]: "INF(15:52:31.364):6e" 
Debug[15:52:31]: log_breakpoint 
Debug[15:52:31]: 5 
Debug[15:52:31]: signal in logmode 
Debug[15:52:31]: "INF(15:52:31.502):Mode is OK" 
Debug[15:52:31]: log_breakpoint 
Debug[15:52:31]: 5 
Debug[15:52:31]: signal in logmode 
Debug[15:52:31]: "INF(15:52:31.504):Attempt" 
Debug[15:52:31]: log_breakpoint 
Debug[15:52:31]: 5 
Debug[15:52:31]: signal in logmode 
Debug[15:52:31]: "INF(15:52:31.823):Attempt" 
Debug[15:52:31]: log_breakpoint 
Debug[15:52:31]: 5 
Debug[15:52:32]: signal in logmode 
Debug[15:52:32]: "INF(15:52:32.140):Attempt" 
Debug[15:52:32]: log_breakpoint 
Debug[15:52:32]: 5 
Debug[15:52:32]: signal in logmode 
Debug[15:52:32]: "INF(15:52:32.456):Mode is OK" 
Debug[15:52:32]: log_breakpoint 
Debug[15:52:32]: 5 
Debug[15:52:32]: signal in logmode 
Debug[15:52:32]: "INF(15:52:32.458):Attempt" 
Debug[15:52:32]: log_breakpoint 
Debug[15:52:32]: 5 
Debug[15:52:32]: signal in logmode 
Debug[15:52:32]: "INF(15:52:32.774):Attempt" 
Debug[15:52:32]: log_breakpoint 
Debug[15:52:32]: 5 
Debug[15:52:33]: signal in logmode 
Debug[15:52:33]: "INF(15:52:33.091):Attempt" 
Debug[15:52:33]: log_breakpoint 
Debug[15:52:33]: 5 
Debug[15:52:33]: signal in logmode 
Debug[15:52:33]: "INF(15:52:33.408):Mode is OK" 
Debug[15:52:33]: log_breakpoint 
Debug[15:52:33]: 5 
Debug[15:52:33]: signal in logmode 
Debug[15:52:33]: "INF(15:52:33.413):Attempt" 
Debug[15:52:33]: log_breakpoint 
Debug[15:52:33]: 5 
Debug[15:52:33]: signal in logmode 
Debug[15:52:33]: "INF(15:52:33.738):Attempt" 
Debug[15:52:33]: log_breakpoint 
Debug[15:52:33]: 5 
Debug[15:52:34]: signal in logmode 
Debug[15:52:34]: "INF(15:52:34.055):Attempt" 
Debug[15:52:34]: log_breakpoint 
Debug[15:52:34]: 5 
Warning[15:52:34]: QFileSystemWatcher: failed to add paths: C:/REPO/DSI3PAS2_workingdir/DSI3PAS2/Software/bin/ULSEverification_configfiles, C:/REPO/DSI3PAS2_workingdir/DSI3PAS2/Software/bin/ConfigFiles_29_1_2021_Jiri_MOBIS, C:/Users/fg6cnq/Desktop/DSI3PAS2_UART_QtSW_20210129_1511, C:/Users/zbdn9w/Desktop/Temp/CFAR QT uprava ToF, C:/Users/zbdn9w/Desktop/Temp/CFAR QT Komprimace do CSV, U:/Dokumenty/MOBIS/Crosstalk 11-2021
Debug[15:52:51]: signal in logmode 
Debug[15:52:51]: "INF(15:52:51.855):Mode is OK" 
Debug[15:52:51]: log_breakpoint 
Debug[15:52:51]: 5 
Debug[15:52:51]: signal in logmode 
Debug[15:52:51]: "INF(15:52:51.859):Attempt" 
Debug[15:52:51]: log_breakpoint 
Debug[15:52:51]: 5 
Debug[15:52:52]: signal in logmode 
Debug[15:52:52]: "INF(15:52:52.170):Attempt" 
Debug[15:52:52]: log_breakpoint 
Debug[15:52:52]: 5 
Debug[15:52:52]: signal in logmode 
Debug[15:52:52]: "INF(15:52:52.481):Attempt" 
Debug[15:52:52]: log_breakpoint 
Debug[15:52:52]: 5 
Debug[15:52:52]: signal in logmode 
Debug[15:52:52]: "INF(15:52:52.794):Mode is OK" 
Debug[15:52:52]: log_breakpoint 
Debug[15:52:52]: 5 
Debug[15:52:52]: signal in logmode 
Debug[15:52:52]: "INF(15:52:52.797):Attempt" 
Debug[15:52:52]: log_breakpoint 
Debug[15:52:52]: 5 
Debug[15:52:52]: signal in logmode 
Debug[15:52:52]: "INF(15:52:52.822):6e" 
Debug[15:52:52]: log_breakpoint 
Debug[15:52:52]: 5 
Debug[15:52:52]: signal in logmode 
Debug[15:52:52]: "INF(15:52:52.826):DSI3PAS FPGA master connected" 
Debug[15:52:52]: log_breakpoint 
Debug[15:52:52]: 5 
Debug[15:52:52]: signal in logmode 
Debug[15:52:52]: "INF(15:52:52.828):Connected to \\.\COM56" 
Debug[15:52:52]: log_breakpoint 
Debug[15:52:52]: 5 
Warning[15:52:52]: Could not parse stylesheet of widget 0x2a776e0
Debug[15:52:52]: "Resume:Logs" 
Debug[15:52:52]: "Resume:Settings" 
Debug[15:52:52]: "Resume:UartUartController" 
Debug[15:52:52]: "Resume:UartSpiController" 
Debug[15:52:52]: "Resume:UartSsiController" 
Debug[15:52:52]: "Resume:DSI3Master" 
Debug[15:52:52]: "Resume:ASICMaster" 
Debug[15:52:52]: "Resume:RDUMMaster" 
Debug[15:52:52]: "Resume:DSI3Slave" 
Debug[15:52:52]: "Resume:Measurement" 
Debug[15:52:52]: "Resume:CFARsim" 
Debug[15:53:00]: "Suspend:Settings" 
Debug[15:53:00]: "Suspend:UartUartController" 
Debug[15:53:00]: "Suspend:UartSpiController" 
Debug[15:53:00]: "Suspend:UartSsiController" 
Debug[15:53:00]: "Suspend:DSI3Master" 
Debug[15:53:00]: "Suspend:ASICMaster" 
Debug[15:53:00]: "Suspend:RDUMMaster" 
Debug[15:53:00]: "Suspend:DSI3Slave" 
Debug[15:53:00]: "Suspend:Measurement" 
Debug[15:53:00]: "Suspend:CFARsim" 
Debug[15:53:00]: signal in logmode 
Debug[15:53:00]: "INF(15:53:00.252):Disconnect by user" 
Debug[15:53:00]: log_breakpoint 
Debug[15:53:00]: 5 
Debug[15:53:00]: signal in logmode 
Debug[15:53:00]: "INF(15:53:00.419):Disconnect by user" 
Debug[15:53:00]: log_breakpoint 
Debug[15:53:00]: 5 
