Warning[09:40:56]: QObject::connect: Cannot connect LocalServer::log(int,QString) to (null)::slot_addLog(int,QString)
Debug[09:40:56]: LocalServer:new "\\.\pipe\DSI3PASd" 
Debug[09:40:56]: Register specific 
Debug[09:40:57]: DynScaleCaclulate 
Debug[09:40:58]: "init 2 UartUartController" 
Debug[09:40:58]: Ok 
Debug[09:40:58]: "init 3 UartSpiController" 
Debug[09:40:58]: Ok 
Debug[09:40:58]: "init 4 UartSsiController" 
Debug[09:40:58]: Ok 
Debug[09:40:58]: "init 5 DSI3Master" 
Debug[09:40:58]: Ok 
Debug[09:40:58]: "init 6 ASICMaster" 
Debug[09:40:58]: Ok 
Debug[09:40:58]: "init 7 RDUMMaster" 
Debug[09:40:58]: Ok 
Debug[09:40:58]: "init 8 DSI3Slave" 
Debug[09:41:00]: Ok 
Debug[09:41:00]: "init 9 Measurement" 
Debug[09:41:01]: Ok 
Debug[09:41:01]: "init 10 CFARsim" 
Debug[09:41:01]: Ok 
Debug[09:41:01]: Using SERPORT
Debug[09:41:01]: MainApp Starting... 
Debug[09:41:03]: Add applets to MainWindow...
 
Debug[09:41:03]: Initialize Connection... 
Debug[09:41:05]: signal in logmode 
Debug[09:41:05]: "INF(09:41:05.124):Connected to no_board" 
Debug[09:41:05]: log_breakpoint 
Debug[09:41:05]: 5 
Warning[09:41:05]: Could not parse stylesheet of widget 0x2d25050
Debug[09:41:05]: "Resume:Logs" 
Debug[09:41:05]: "Resume:Settings" 
Debug[09:41:05]: "Resume:UartUartController" 
Debug[09:41:05]: "Resume:UartSpiController" 
Debug[09:41:05]: "Resume:UartSsiController" 
Debug[09:41:05]: "Resume:DSI3Master" 
Debug[09:41:05]: "Resume:ASICMaster" 
Debug[09:41:05]: "Resume:RDUMMaster" 
Debug[09:41:05]: "Resume:DSI3Slave" 
Debug[09:41:05]: "Resume:Measurement" 
Debug[09:41:05]: "Resume:CFARsim" 
Debug[09:41:39]: "Suspend:Settings" 
Debug[09:41:39]: "Suspend:UartUartController" 
Debug[09:41:39]: "Suspend:UartSpiController" 
Debug[09:41:39]: "Suspend:UartSsiController" 
Debug[09:41:39]: "Suspend:DSI3Master" 
Debug[09:41:39]: "Suspend:ASICMaster" 
Debug[09:41:39]: "Suspend:RDUMMaster" 
Debug[09:41:39]: "Suspend:DSI3Slave" 
Debug[09:41:39]: "Suspend:Measurement" 
Debug[09:41:39]: "Suspend:CFARsim" 
Debug[09:41:39]: signal in logmode 
Debug[09:41:39]: "INF(09:41:39.098):Disconnect by user" 
Debug[09:41:39]: log_breakpoint 
Debug[09:41:39]: 5 
Debug[09:41:39]: signal in logmode 
Debug[09:41:39]: "INF(09:41:39.115):Disconnect by user" 
Debug[09:41:39]: log_breakpoint 
Debug[09:41:39]: 5 
Warning[09:44:48]: QObject::connect: Cannot connect LocalServer::log(int,QString) to (null)::slot_addLog(int,QString)
Debug[09:44:48]: LocalServer:new "\\.\pipe\DSI3PASd" 
Debug[09:44:48]: Register specific 
Debug[09:44:49]: DynScaleCaclulate 
Debug[09:44:50]: "init 2 UartUartController" 
Debug[09:44:50]: Ok 
Debug[09:44:50]: "init 3 UartSpiController" 
Debug[09:44:50]: Ok 
Debug[09:44:50]: "init 4 UartSsiController" 
Debug[09:44:50]: Ok 
Debug[09:44:50]: "init 5 DSI3Master" 
Debug[09:44:50]: Ok 
Debug[09:44:50]: "init 6 ASICMaster" 
Debug[09:44:50]: Ok 
Debug[09:44:50]: "init 7 RDUMMaster" 
Debug[09:44:50]: Ok 
Debug[09:44:50]: "init 8 DSI3Slave" 
Debug[09:44:52]: Ok 
Debug[09:44:52]: "init 9 Measurement" 
Debug[09:44:53]: Ok 
Debug[09:44:53]: "init 10 CFARsim" 
Debug[09:44:53]: Ok 
Debug[09:44:53]: Using SERPORT
Debug[09:44:53]: MainApp Starting... 
Debug[09:44:55]: Add applets to MainWindow...
 
Debug[09:44:55]: Initialize Connection... 
Debug[09:44:58]: signal in logmode 
Debug[09:44:58]: "INF(09:44:58.463):Connected to no_board" 
Debug[09:44:58]: log_breakpoint 
Debug[09:44:58]: 5 
Warning[09:44:58]: Could not parse stylesheet of widget 0x2db2390
Debug[09:44:58]: "Resume:Logs" 
Debug[09:44:58]: "Resume:Settings" 
Debug[09:44:58]: "Resume:UartUartController" 
Debug[09:44:58]: "Resume:UartSpiController" 
Debug[09:44:58]: "Resume:UartSsiController" 
Debug[09:44:58]: "Resume:DSI3Master" 
Debug[09:44:58]: "Resume:ASICMaster" 
Debug[09:44:58]: "Resume:RDUMMaster" 
Debug[09:44:58]: "Resume:DSI3Slave" 
Debug[09:44:58]: "Resume:Measurement" 
Debug[09:44:58]: "Resume:CFARsim" 
Debug[10:09:39]: "Suspend:Settings" 
Debug[10:09:39]: "Suspend:UartUartController" 
Debug[10:09:39]: "Suspend:UartSpiController" 
Debug[10:09:39]: "Suspend:UartSsiController" 
Debug[10:09:39]: "Suspend:DSI3Master" 
Debug[10:09:39]: "Suspend:ASICMaster" 
Debug[10:09:39]: "Suspend:RDUMMaster" 
Debug[10:09:39]: "Suspend:DSI3Slave" 
Debug[10:09:39]: "Suspend:Measurement" 
Debug[10:09:39]: "Suspend:CFARsim" 
Debug[10:09:39]: signal in logmode 
Debug[10:09:39]: "INF(10:09:39.911):Disconnect by user" 
Debug[10:09:39]: log_breakpoint 
Debug[10:09:39]: 5 
Debug[10:09:39]: signal in logmode 
Debug[10:09:39]: "INF(10:09:39.933):Disconnect by user" 
Debug[10:09:39]: log_breakpoint 
Debug[10:09:39]: 5 
Warning[10:26:20]: QObject::connect: Cannot connect LocalServer::log(int,QString) to (null)::slot_addLog(int,QString)
Debug[10:26:20]: LocalServer:new "\\.\pipe\DSI3PASd" 
Debug[10:26:20]: Register specific 
Debug[10:26:21]: DynScaleCaclulate 
Debug[10:26:21]: "init 2 UartUartController" 
Debug[10:26:21]: Ok 
Debug[10:26:21]: "init 3 UartSpiController" 
Debug[10:26:21]: Ok 
Debug[10:26:21]: "init 4 UartSsiController" 
Debug[10:26:21]: Ok 
Debug[10:26:21]: "init 5 DSI3Master" 
Debug[10:26:21]: Ok 
Debug[10:26:21]: "init 6 ASICMaster" 
Debug[10:26:21]: Ok 
Debug[10:26:21]: "init 7 RDUMMaster" 
Debug[10:26:21]: Ok 
Debug[10:26:21]: "init 8 DSI3Slave" 
Debug[10:26:23]: Ok 
Debug[10:26:23]: "init 9 Measurement" 
Debug[10:26:24]: Ok 
Debug[10:26:24]: "init 10 CFARsim" 
Debug[10:26:24]: Ok 
Debug[10:26:24]: Using SERPORT
Debug[10:26:24]: MainApp Starting... 
Debug[10:26:26]: Add applets to MainWindow...
 
Debug[10:26:26]: Initialize Connection... 
Debug[10:26:34]: signal in logmode 
Debug[10:26:34]: "INF(10:26:34.661):Disconnect by user" 
Debug[10:26:34]: log_breakpoint 
Debug[10:26:34]: 5 
Debug[10:26:34]: signal in logmode 
Debug[10:26:34]: "INF(10:26:34.697):Disconnect by user" 
Debug[10:26:34]: log_breakpoint 
Debug[10:26:34]: 5 
Warning[10:27:11]: QObject::connect: Cannot connect LocalServer::log(int,QString) to (null)::slot_addLog(int,QString)
Debug[10:27:11]: LocalServer:new "\\.\pipe\DSI3PASd" 
Debug[10:27:11]: Register specific 
Debug[10:27:13]: DynScaleCaclulate 
Debug[10:27:13]: "init 2 UartUartController" 
Debug[10:27:13]: Ok 
Debug[10:27:13]: "init 3 UartSpiController" 
Debug[10:27:13]: Ok 
Debug[10:27:13]: "init 4 UartSsiController" 
Debug[10:27:13]: Ok 
Debug[10:27:13]: "init 5 DSI3Master" 
Debug[10:27:13]: Ok 
Debug[10:27:13]: "init 6 ASICMaster" 
Debug[10:27:13]: Ok 
Debug[10:27:13]: "init 7 RDUMMaster" 
Debug[10:27:13]: Ok 
Debug[10:27:13]: "init 8 DSI3Slave" 
Debug[10:27:15]: Ok 
Debug[10:27:15]: "init 9 Measurement" 
Debug[10:27:17]: Ok 
Debug[10:27:17]: "init 10 CFARsim" 
Debug[10:27:17]: Ok 
Debug[10:27:17]: Using SERPORT
Debug[10:27:17]: MainApp Starting... 
Debug[10:27:19]: Add applets to MainWindow...
 
Debug[10:27:19]: Initialize Connection... 
Debug[10:27:22]: Initialize Connection... 
Debug[10:27:31]: Initialize Connection... 
Debug[10:27:34]: signal in logmode 
Debug[10:27:34]: "INF(10:27:34.152):Mode is OK" 
Debug[10:27:34]: log_breakpoint 
Debug[10:27:34]: 5 
Debug[10:27:34]: signal in logmode 
Debug[10:27:34]: "INF(10:27:34.157):Attempt" 
Debug[10:27:34]: log_breakpoint 
Debug[10:27:34]: 5 
Debug[10:27:34]: signal in logmode 
Debug[10:27:34]: "INF(10:27:34.308):Mode is OK" 
Debug[10:27:34]: log_breakpoint 
Debug[10:27:34]: 5 
Debug[10:27:34]: signal in logmode 
Debug[10:27:34]: "INF(10:27:34.312):Attempt" 
Debug[10:27:34]: log_breakpoint 
Debug[10:27:34]: 5 
Debug[10:27:34]: signal in logmode 
Debug[10:27:34]: "INF(10:27:34.635):Attempt" 
Debug[10:27:34]: log_breakpoint 
Debug[10:27:34]: 5 
Debug[10:27:34]: signal in logmode 
Debug[10:27:34]: "INF(10:27:34.944):Attempt" 
Debug[10:27:34]: log_breakpoint 
Debug[10:27:34]: 5 
Debug[10:27:35]: signal in logmode 
Debug[10:27:35]: "INF(10:27:35.254):Mode is OK" 
Debug[10:27:35]: log_breakpoint 
Debug[10:27:35]: 5 
Debug[10:27:35]: signal in logmode 
Debug[10:27:35]: "INF(10:27:35.258):Attempt" 
Debug[10:27:35]: log_breakpoint 
Debug[10:27:35]: 5 
Debug[10:27:35]: signal in logmode 
Debug[10:27:35]: "INF(10:27:35.566):Attempt" 
Debug[10:27:35]: log_breakpoint 
Debug[10:27:35]: 5 
Debug[10:27:35]: signal in logmode 
Debug[10:27:35]: "INF(10:27:35.880):Attempt" 
Debug[10:27:35]: log_breakpoint 
Debug[10:27:35]: 5 
Debug[10:27:36]: signal in logmode 
Debug[10:27:36]: "INF(10:27:36.192):Mode is OK" 
Debug[10:27:36]: log_breakpoint 
Debug[10:27:36]: 5 
Debug[10:27:36]: signal in logmode 
Debug[10:27:36]: "INF(10:27:36.195):Attempt" 
Debug[10:27:36]: log_breakpoint 
Debug[10:27:36]: 5 
Debug[10:27:36]: signal in logmode 
Debug[10:27:36]: "INF(10:27:36.503):Attempt" 
Debug[10:27:36]: log_breakpoint 
Debug[10:27:36]: 5 
Debug[10:27:36]: signal in logmode 
Debug[10:27:36]: "INF(10:27:36.817):Attempt" 
Debug[10:27:36]: log_breakpoint 
Debug[10:27:36]: 5 
Debug[10:27:50]: signal in logmode 
Debug[10:27:50]: "INF(10:27:50.619):Mode is OK" 
Debug[10:27:50]: log_breakpoint 
Debug[10:27:50]: 5 
Debug[10:27:50]: signal in logmode 
Debug[10:27:50]: "INF(10:27:50.624):Attempt" 
Debug[10:27:50]: log_breakpoint 
Debug[10:27:50]: 5 
Debug[10:27:50]: signal in logmode 
Debug[10:27:50]: "INF(10:27:50.632):ASIC master connected" 
Debug[10:27:50]: log_breakpoint 
Debug[10:27:50]: 5 
Debug[10:27:50]: signal in logmode 
Debug[10:27:50]: "INF(10:27:50.638):Connected to \\.\COM58" 
Debug[10:27:50]: log_breakpoint 
Debug[10:27:50]: 5 
Warning[10:27:50]: Could not parse stylesheet of widget 0x31f7a70
Debug[10:27:50]: "Resume:Logs" 
Debug[10:27:50]: "Resume:Settings" 
Debug[10:27:50]: "Resume:UartUartController" 
Debug[10:27:50]: "Resume:UartSpiController" 
Debug[10:27:50]: "Resume:UartSsiController" 
Debug[10:27:50]: "Resume:DSI3Master" 
Debug[10:27:50]: "Resume:ASICMaster" 
Debug[10:27:50]: "Resume:RDUMMaster" 
Debug[10:27:50]: "Resume:DSI3Slave" 
Debug[10:27:50]: "Resume:Measurement" 
Debug[10:27:50]: "Resume:CFARsim" 
Debug[10:29:59]: "Suspend:Settings" 
Debug[10:29:59]: "Suspend:UartUartController" 
Debug[10:29:59]: "Suspend:UartSpiController" 
Debug[10:29:59]: "Suspend:UartSsiController" 
Debug[10:29:59]: "Suspend:DSI3Master" 
Debug[10:29:59]: "Suspend:ASICMaster" 
Debug[10:29:59]: "Suspend:RDUMMaster" 
Debug[10:29:59]: "Suspend:DSI3Slave" 
Debug[10:29:59]: "Suspend:Measurement" 
Debug[10:29:59]: "Suspend:CFARsim" 
Debug[10:29:59]: signal in logmode 
Debug[10:29:59]: "INF(10:29:59.936):Disconnect by user" 
Debug[10:29:59]: log_breakpoint 
Debug[10:29:59]: 5 
Debug[10:30:00]: signal in logmode 
Debug[10:30:00]: "INF(10:30:00.095):Disconnect by user" 
Debug[10:30:00]: log_breakpoint 
Debug[10:30:00]: 5 
Warning[13:30:14]: QObject::connect: Cannot connect LocalServer::log(int,QString) to (null)::slot_addLog(int,QString)
Debug[13:30:14]: LocalServer:new "\\.\pipe\DSI3PASd" 
Debug[13:30:15]: Register specific 
Debug[13:30:16]: DynScaleCaclulate 
Debug[13:30:16]: "init 2 UartUartController" 
Debug[13:30:16]: Ok 
Debug[13:30:16]: "init 3 UartSpiController" 
Debug[13:30:16]: Ok 
Debug[13:30:16]: "init 4 UartSsiController" 
Debug[13:30:16]: Ok 
Debug[13:30:16]: "init 5 DSI3Master" 
Debug[13:30:16]: Ok 
Debug[13:30:16]: "init 6 ASICMaster" 
Debug[13:30:16]: Ok 
Debug[13:30:16]: "init 7 RDUMMaster" 
Debug[13:30:16]: Ok 
Debug[13:30:16]: "init 8 DSI3Slave" 
Debug[13:30:18]: Ok 
Debug[13:30:18]: "init 9 Measurement" 
Debug[13:30:19]: Ok 
Debug[13:30:19]: "init 10 CFARsim" 
Debug[13:30:19]: Ok 
Debug[13:30:19]: Using SERPORT
Debug[13:30:19]: MainApp Starting... 
Debug[13:30:21]: Add applets to MainWindow...
 
Debug[13:30:21]: Initialize Connection... 
Debug[13:30:26]: signal in logmode 
Debug[13:30:26]: "INF(13:30:26.086):Connected to no_board" 
Debug[13:30:26]: log_breakpoint 
Debug[13:30:26]: 5 
Warning[13:30:26]: Could not parse stylesheet of widget 0x2e95a50
Debug[13:30:26]: "Resume:Logs" 
Debug[13:30:26]: "Resume:Settings" 
Debug[13:30:26]: "Resume:UartUartController" 
Debug[13:30:26]: "Resume:UartSpiController" 
Debug[13:30:26]: "Resume:UartSsiController" 
Debug[13:30:26]: "Resume:DSI3Master" 
Debug[13:30:26]: "Resume:ASICMaster" 
Debug[13:30:26]: "Resume:RDUMMaster" 
Debug[13:30:26]: "Resume:DSI3Slave" 
Debug[13:30:26]: "Resume:Measurement" 
Debug[13:30:26]: "Resume:CFARsim" 
Debug[13:30:38]: "Suspend:Settings" 
Debug[13:30:38]: "Suspend:UartUartController" 
Debug[13:30:38]: "Suspend:UartSpiController" 
Debug[13:30:38]: "Suspend:UartSsiController" 
Debug[13:30:38]: "Suspend:DSI3Master" 
Debug[13:30:38]: "Suspend:ASICMaster" 
Debug[13:30:38]: "Suspend:RDUMMaster" 
Debug[13:30:38]: "Suspend:DSI3Slave" 
Debug[13:30:38]: "Suspend:Measurement" 
Debug[13:30:38]: "Suspend:CFARsim" 
Debug[13:30:38]: signal in logmode 
Debug[13:30:38]: "INF(13:30:38.176):Disconnect by user" 
Debug[13:30:38]: log_breakpoint 
Debug[13:30:38]: 5 
Debug[13:30:38]: signal in logmode 
Debug[13:30:38]: "INF(13:30:38.194):Disconnect by user" 
Debug[13:30:38]: log_breakpoint 
Debug[13:30:38]: 5 
Warning[13:36:31]: QObject::connect: Cannot connect LocalServer::log(int,QString) to (null)::slot_addLog(int,QString)
Debug[13:36:31]: LocalServer:new "\\.\pipe\DSI3PASd" 
Debug[13:36:31]: Register specific 
Debug[13:36:32]: DynScaleCaclulate 
Debug[13:36:32]: "init 2 UartUartController" 
Debug[13:36:32]: Ok 
Debug[13:36:32]: "init 3 UartSpiController" 
Debug[13:36:32]: Ok 
Debug[13:36:32]: "init 4 UartSsiController" 
Debug[13:36:32]: Ok 
Debug[13:36:32]: "init 5 DSI3Master" 
Debug[13:36:32]: Ok 
Debug[13:36:32]: "init 6 ASICMaster" 
Debug[13:36:32]: Ok 
Debug[13:36:32]: "init 7 RDUMMaster" 
Debug[13:36:32]: Ok 
Debug[13:36:32]: "init 8 DSI3Slave" 
Debug[13:36:34]: Ok 
Debug[13:36:34]: "init 9 Measurement" 
Debug[13:36:35]: Ok 
Debug[13:36:35]: "init 10 CFARsim" 
Debug[13:36:35]: Ok 
Debug[13:36:35]: Using SERPORT
Debug[13:36:35]: MainApp Starting... 
Debug[13:36:37]: Add applets to MainWindow...
 
Debug[13:36:37]: Initialize Connection... 
Debug[13:36:46]: signal in logmode 
Debug[13:36:46]: "INF(13:36:46.344):Connected to no_board" 
Debug[13:36:46]: log_breakpoint 
Debug[13:36:46]: 5 
Warning[13:36:46]: Could not parse stylesheet of widget 0x34d5c10
Debug[13:36:46]: "Resume:Logs" 
Debug[13:36:46]: "Resume:Settings" 
Debug[13:36:46]: "Resume:UartUartController" 
Debug[13:36:46]: "Resume:UartSpiController" 
Debug[13:36:46]: "Resume:UartSsiController" 
Debug[13:36:46]: "Resume:DSI3Master" 
Debug[13:36:46]: "Resume:ASICMaster" 
Debug[13:36:46]: "Resume:RDUMMaster" 
Debug[13:36:46]: "Resume:DSI3Slave" 
Debug[13:36:46]: "Resume:Measurement" 
Debug[13:36:46]: "Resume:CFARsim" 
Debug[13:37:52]: "Suspend:Settings" 
Debug[13:37:52]: "Suspend:UartUartController" 
Debug[13:37:52]: "Suspend:UartSpiController" 
Debug[13:37:52]: "Suspend:UartSsiController" 
Debug[13:37:52]: "Suspend:DSI3Master" 
Debug[13:37:52]: "Suspend:ASICMaster" 
Debug[13:37:52]: "Suspend:RDUMMaster" 
Debug[13:37:52]: "Suspend:DSI3Slave" 
Debug[13:37:52]: "Suspend:Measurement" 
Debug[13:37:52]: "Suspend:CFARsim" 
Debug[13:37:52]: signal in logmode 
Debug[13:37:52]: "INF(13:37:52.592):Disconnect by user" 
Debug[13:37:52]: log_breakpoint 
Debug[13:37:52]: 5 
Debug[13:37:52]: signal in logmode 
Debug[13:37:52]: "INF(13:37:52.616):Disconnect by user" 
Debug[13:37:52]: log_breakpoint 
Debug[13:37:52]: 5 
Warning[13:39:01]: QObject::connect: Cannot connect LocalServer::log(int,QString) to (null)::slot_addLog(int,QString)
Debug[13:39:01]: LocalServer:new "\\.\pipe\DSI3PASd" 
Debug[13:39:01]: Register specific 
Debug[13:39:02]: DynScaleCaclulate 
Debug[13:39:02]: "init 2 UartUartController" 
Debug[13:39:02]: Ok 
Debug[13:39:02]: "init 3 UartSpiController" 
Debug[13:39:02]: Ok 
Debug[13:39:03]: "init 4 UartSsiController" 
Debug[13:39:03]: Ok 
Debug[13:39:03]: "init 5 DSI3Master" 
Debug[13:39:03]: Ok 
Debug[13:39:03]: "init 6 ASICMaster" 
Debug[13:39:03]: Ok 
Debug[13:39:03]: "init 7 RDUMMaster" 
Debug[13:39:03]: Ok 
Debug[13:39:03]: "init 8 DSI3Slave" 
Debug[13:39:04]: Ok 
Debug[13:39:04]: "init 9 Measurement" 
Debug[13:39:06]: Ok 
Debug[13:39:06]: "init 10 CFARsim" 
Debug[13:39:06]: Ok 
Debug[13:39:06]: Using SERPORT
Debug[13:39:06]: MainApp Starting... 
Debug[13:39:08]: Add applets to MainWindow...
 
Debug[13:39:08]: Initialize Connection... 
Debug[13:39:09]: signal in logmode 
Debug[13:39:09]: "INF(13:39:09.875):Disconnect by user" 
Debug[13:39:09]: log_breakpoint 
Debug[13:39:09]: 5 
Debug[13:39:09]: signal in logmode 
Debug[13:39:09]: "INF(13:39:09.894):Disconnect by user" 
Debug[13:39:09]: log_breakpoint 
Debug[13:39:09]: 5 
Warning[13:39:54]: QObject::connect: Cannot connect LocalServer::log(int,QString) to (null)::slot_addLog(int,QString)
Debug[13:39:54]: LocalServer:new "\\.\pipe\DSI3PASd" 
Debug[13:39:54]: Register specific 
Debug[13:39:55]: DynScaleCaclulate 
Debug[13:39:55]: "init 2 UartUartController" 
Debug[13:39:55]: Ok 
Debug[13:39:55]: "init 3 UartSpiController" 
Debug[13:39:56]: Ok 
Debug[13:39:56]: "init 4 UartSsiController" 
Debug[13:39:56]: Ok 
Debug[13:39:56]: "init 5 DSI3Master" 
Debug[13:39:56]: Ok 
Debug[13:39:56]: "init 6 ASICMaster" 
Debug[13:39:56]: Ok 
Debug[13:39:56]: "init 7 RDUMMaster" 
Debug[13:39:56]: Ok 
Debug[13:39:56]: "init 8 DSI3Slave" 
Debug[13:39:57]: Ok 
Debug[13:39:57]: "init 9 Measurement" 
Debug[13:39:59]: Ok 
Debug[13:39:59]: "init 10 CFARsim" 
Debug[13:39:59]: Ok 
Debug[13:39:59]: Using SERPORT
Debug[13:39:59]: MainApp Starting... 
Debug[13:40:01]: Add applets to MainWindow...
 
Debug[13:40:01]: Initialize Connection... 
Debug[13:40:11]: signal in logmode 
Debug[13:40:11]: "INF(13:40:11.012):Connected to no_board" 
Debug[13:40:11]: log_breakpoint 
Debug[13:40:11]: 5 
Warning[13:40:11]: Could not parse stylesheet of widget 0x3385e10
Debug[13:40:11]: "Resume:Logs" 
Debug[13:40:11]: "Resume:Settings" 
Debug[13:40:11]: "Resume:UartUartController" 
Debug[13:40:11]: "Resume:UartSpiController" 
Debug[13:40:11]: "Resume:UartSsiController" 
Debug[13:40:11]: "Resume:DSI3Master" 
Debug[13:40:11]: "Resume:ASICMaster" 
Debug[13:40:11]: "Resume:RDUMMaster" 
Debug[13:40:11]: "Resume:DSI3Slave" 
Debug[13:40:11]: "Resume:Measurement" 
Debug[13:40:11]: "Resume:CFARsim" 
Debug[13:40:35]: "Suspend:Settings" 
Debug[13:40:35]: "Suspend:UartUartController" 
Debug[13:40:35]: "Suspend:UartSpiController" 
Debug[13:40:35]: "Suspend:UartSsiController" 
Debug[13:40:35]: "Suspend:DSI3Master" 
Debug[13:40:35]: "Suspend:ASICMaster" 
Debug[13:40:35]: "Suspend:RDUMMaster" 
Debug[13:40:35]: "Suspend:DSI3Slave" 
Debug[13:40:35]: "Suspend:Measurement" 
Debug[13:40:35]: "Suspend:CFARsim" 
Debug[13:40:35]: signal in logmode 
Debug[13:40:35]: "INF(13:40:35.741):Disconnect by user" 
Debug[13:40:35]: log_breakpoint 
Debug[13:40:35]: 5 
Debug[13:40:35]: signal in logmode 
Debug[13:40:35]: "INF(13:40:35.761):Disconnect by user" 
Debug[13:40:35]: log_breakpoint 
Debug[13:40:35]: 5 
Warning[14:50:16]: QObject::connect: Cannot connect LocalServer::log(int,QString) to (null)::slot_addLog(int,QString)
Debug[14:50:16]: LocalServer:new "\\.\pipe\DSI3PAS" 
Debug[14:50:16]: Register specific 
Debug[14:50:16]: DynScaleCaclulate 
Debug[14:50:16]: "init 2 UartUartController" 
Debug[14:50:16]: Ok 
Debug[14:50:16]: "init 3 UartSpiController" 
Debug[14:50:16]: Ok 
Debug[14:50:16]: "init 4 UartSsiController" 
Debug[14:50:16]: Ok 
Debug[14:50:16]: "init 5 DSI3Master" 
Debug[14:50:16]: Ok 
Debug[14:50:16]: "init 6 ASICMaster" 
Debug[14:50:16]: Ok 
Debug[14:50:16]: "init 7 RDUMMaster" 
Debug[14:50:16]: Ok 
Debug[14:50:16]: "init 8 DSI3Slave" 
Debug[14:50:17]: Ok 
Debug[14:50:17]: "init 9 Measurement" 
Debug[14:50:17]: Ok 
Debug[14:50:17]: "init 10 CFARsim" 
Debug[14:50:17]: Ok 
Debug[14:50:17]: MainApp Starting... 
Debug[14:50:18]: Add applets to MainWindow...
 
Debug[14:50:18]: Initialize Connection... 
Warning[14:50:18]: QFileSystemWatcher: failed to add paths: C:/REPO/DSI3PAS2_workingdir/DSI3PAS2/Software/bin/ULSEverification_configfiles, C:/REPO/DSI3PAS2_workingdir/DSI3PAS2/Software/bin/ConfigFiles_29_1_2021_Jiri_MOBIS, C:/Users/fg6cnq/Desktop/DSI3PAS2_UART_QtSW_20210129_1511, C:/Users/zbdn9w/Desktop/Temp/CFAR QT uprava ToF, C:/Users/zbdn9w/Desktop/Temp/CFAR QT Komprimace do CSV, U:/Dokumenty/MOBIS/Crosstalk 11-2021
Debug[15:31:16]: signal in logmode 
Debug[15:31:16]: "INF(15:31:16.639):Disconnect by user" 
Debug[15:31:16]: log_breakpoint 
Debug[15:31:16]: 5 
Debug[15:31:16]: signal in logmode 
Debug[15:31:16]: "INF(15:31:16.660):Disconnect by user" 
Debug[15:31:16]: log_breakpoint 
Debug[15:31:16]: 5 
