Warning[09:33:52]: QObject::connect: Cannot connect LocalServer::log(int,QString) to (null)::slot_addLog(int,QString)
Debug[09:33:52]: LocalServer:new "\\.\pipe\DSI3PAS" 
Debug[09:33:53]: Register specific 
Debug[09:33:53]: DynScaleCaclulate 
Debug[09:33:53]: "init 2 UartUartController" 
Debug[09:33:53]: Ok 
Debug[09:33:53]: "init 3 UartSpiController" 
Debug[09:33:53]: Ok 
Debug[09:33:53]: "init 4 UartSsiController" 
Debug[09:33:53]: Ok 
Debug[09:33:53]: "init 5 DSI3Master" 
Debug[09:33:53]: Ok 
Debug[09:33:53]: "init 6 ASICMaster" 
Debug[09:33:53]: Ok 
Debug[09:33:53]: "init 7 RDUMMaster" 
Debug[09:33:53]: Ok 
Debug[09:33:53]: "init 8 DSI3Slave" 
Debug[09:33:54]: Ok 
Debug[09:33:54]: "init 9 Measurement" 
Debug[09:33:54]: Ok 
Debug[09:33:54]: "init 10 CFARsim" 
Debug[09:33:54]: Ok 
Debug[09:33:54]: MainApp Starting... 
Debug[09:33:55]: Add applets to MainWindow...
 
Debug[09:33:55]: Initialize Connection... 
Debug[09:33:55]: signal in logmode 
Debug[09:33:55]: "INF(09:33:55.741):Mode is OK" 
Debug[09:33:55]: log_breakpoint 
Debug[09:33:55]: 5 
Debug[09:33:55]: signal in logmode 
Debug[09:33:55]: "INF(09:33:55.743):Attempt" 
Debug[09:33:55]: log_breakpoint 
Debug[09:33:55]: 5 
Debug[09:33:56]: signal in logmode 
Debug[09:33:56]: "INF(09:33:56.053):Attempt" 
Debug[09:33:56]: log_breakpoint 
Debug[09:33:56]: 5 
Debug[09:33:56]: signal in logmode 
Debug[09:33:56]: "INF(09:33:56.364):Attempt" 
Debug[09:33:56]: log_breakpoint 
Debug[09:33:56]: 5 
Debug[09:33:56]: signal in logmode 
Debug[09:33:56]: "INF(09:33:56.677):Mode is OK" 
Debug[09:33:56]: log_breakpoint 
Debug[09:33:56]: 5 
Debug[09:33:56]: signal in logmode 
Debug[09:33:56]: "INF(09:33:56.681):Attempt" 
Debug[09:33:56]: log_breakpoint 
Debug[09:33:56]: 5 
Debug[09:33:56]: signal in logmode 
Debug[09:33:56]: "INF(09:33:56.988):Attempt" 
Debug[09:33:56]: log_breakpoint 
Debug[09:33:56]: 5 
Debug[09:33:57]: signal in logmode 
Debug[09:33:57]: "INF(09:33:57.299):Attempt" 
Debug[09:33:57]: log_breakpoint 
Debug[09:33:57]: 5 
Debug[09:33:57]: signal in logmode 
Debug[09:33:57]: "INF(09:33:57.611):Mode is OK" 
Debug[09:33:57]: log_breakpoint 
Debug[09:33:57]: 5 
Debug[09:33:57]: signal in logmode 
Debug[09:33:57]: "INF(09:33:57.614):Attempt" 
Debug[09:33:57]: log_breakpoint 
Debug[09:33:57]: 5 
Debug[09:33:57]: signal in logmode 
Debug[09:33:57]: "INF(09:33:57.766):Mode is OK" 
Debug[09:33:57]: log_breakpoint 
Debug[09:33:57]: 5 
Debug[09:33:57]: signal in logmode 
Debug[09:33:57]: "INF(09:33:57.772):Attempt" 
Debug[09:33:57]: log_breakpoint 
Debug[09:33:57]: 5 
Debug[09:33:58]: signal in logmode 
Debug[09:33:58]: "INF(09:33:58.096):Attempt" 
Debug[09:33:58]: log_breakpoint 
Debug[09:33:58]: 5 
Debug[09:33:58]: signal in logmode 
Debug[09:33:58]: "INF(09:33:58.409):Attempt" 
Debug[09:33:58]: log_breakpoint 
Debug[09:33:58]: 5 
Debug[09:33:58]: signal in logmode 
Debug[09:33:58]: "INF(09:33:58.719):Mode is OK" 
Debug[09:33:58]: log_breakpoint 
Debug[09:33:58]: 5 
Debug[09:33:58]: signal in logmode 
Debug[09:33:58]: "INF(09:33:58.722):Attempt" 
Debug[09:33:58]: log_breakpoint 
Debug[09:33:58]: 5 
Debug[09:33:59]: signal in logmode 
Debug[09:33:59]: "INF(09:33:59.032):Attempt" 
Debug[09:33:59]: log_breakpoint 
Debug[09:33:59]: 5 
Debug[09:33:59]: signal in logmode 
Debug[09:33:59]: "INF(09:33:59.345):Attempt" 
Debug[09:33:59]: log_breakpoint 
Debug[09:33:59]: 5 
Debug[09:33:59]: signal in logmode 
Debug[09:33:59]: "INF(09:33:59.656):Mode is OK" 
Debug[09:33:59]: log_breakpoint 
Debug[09:33:59]: 5 
Debug[09:33:59]: signal in logmode 
Debug[09:33:59]: "INF(09:33:59.660):Attempt" 
Debug[09:33:59]: log_breakpoint 
Debug[09:33:59]: 5 
Debug[09:33:59]: signal in logmode 
Debug[09:33:59]: "INF(09:33:59.967):Attempt" 
Debug[09:33:59]: log_breakpoint 
Debug[09:33:59]: 5 
Debug[09:34:00]: signal in logmode 
Debug[09:34:00]: "INF(09:34:00.278):Attempt" 
Debug[09:34:00]: log_breakpoint 
Debug[09:34:00]: 5 
Warning[09:34:00]: QFileSystemWatcher: failed to add paths: C:/REPO/DSI3PAS2_workingdir/DSI3PAS2/Software/bin/ULSEverification_configfiles, C:/REPO/DSI3PAS2_workingdir/DSI3PAS2/Software/bin/ConfigFiles_29_1_2021_Jiri_MOBIS, C:/Users/fg6cnq/Desktop/DSI3PAS2_UART_QtSW_20210129_1511, C:/Users/zbdn9w/Desktop/Temp/CFAR QT uprava ToF, C:/Users/zbdn9w/Desktop/Temp/CFAR QT Komprimace do CSV, U:/Dokumenty/MOBIS/Crosstalk 11-2021
Debug[09:34:03]: signal in logmode 
Debug[09:34:03]: "INF(09:34:03.752):Mode is OK" 
Debug[09:34:03]: log_breakpoint 
Debug[09:34:03]: 5 
Debug[09:34:03]: signal in logmode 
Debug[09:34:03]: "INF(09:34:03.755):Attempt" 
Debug[09:34:03]: log_breakpoint 
Debug[09:34:03]: 5 
Debug[09:34:04]: signal in logmode 
Debug[09:34:04]: "INF(09:34:04.077):Attempt" 
Debug[09:34:04]: log_breakpoint 
Debug[09:34:04]: 5 
Debug[09:34:04]: signal in logmode 
Debug[09:34:04]: "INF(09:34:04.390):Attempt" 
Debug[09:34:04]: log_breakpoint 
Debug[09:34:04]: 5 
Debug[09:34:04]: signal in logmode 
Debug[09:34:04]: "INF(09:34:04.701):Mode is OK" 
Debug[09:34:04]: log_breakpoint 
Debug[09:34:04]: 5 
Debug[09:34:04]: signal in logmode 
Debug[09:34:04]: "INF(09:34:04.704):Attempt" 
Debug[09:34:04]: log_breakpoint 
Debug[09:34:04]: 5 
Debug[09:34:05]: signal in logmode 
Debug[09:34:05]: "INF(09:34:05.013):Attempt" 
Debug[09:34:05]: log_breakpoint 
Debug[09:34:05]: 5 
Debug[09:34:05]: signal in logmode 
Debug[09:34:05]: "INF(09:34:05.324):Attempt" 
Debug[09:34:05]: log_breakpoint 
Debug[09:34:05]: 5 
Debug[09:34:05]: signal in logmode 
Debug[09:34:05]: "INF(09:34:05.635):Mode is OK" 
Debug[09:34:05]: log_breakpoint 
Debug[09:34:05]: 5 
Debug[09:34:05]: signal in logmode 
Debug[09:34:05]: "INF(09:34:05.639):Attempt" 
Debug[09:34:05]: log_breakpoint 
Debug[09:34:05]: 5 
Debug[09:34:05]: signal in logmode 
Debug[09:34:05]: "INF(09:34:05.665):RDUM master connected" 
Debug[09:34:05]: log_breakpoint 
Debug[09:34:05]: 5 
Debug[09:34:05]: signal in logmode 
Debug[09:34:05]: "INF(09:34:05.668):Connected to \\.\COM16" 
Debug[09:34:05]: log_breakpoint 
Debug[09:34:05]: 5 
Warning[09:34:05]: Could not parse stylesheet of widget 0x2cc6f50
Debug[09:34:05]: "Resume:Logs" 
Debug[09:34:05]: "Resume:Settings" 
Debug[09:34:05]: "Resume:UartUartController" 
Debug[09:34:05]: "Resume:UartSpiController" 
Debug[09:34:05]: "Resume:UartSsiController" 
Debug[09:34:05]: "Resume:DSI3Master" 
Debug[09:34:05]: "Resume:ASICMaster" 
Debug[09:34:05]: "Resume:RDUMMaster" 
Debug[09:34:05]: "Resume:DSI3Slave" 
Debug[09:34:05]: "Resume:Measurement" 
Debug[09:34:05]: "Resume:CFARsim" 
Debug[09:36:52]: "Suspend:Settings" 
Debug[09:36:53]: "Suspend:UartUartController" 
Debug[09:36:53]: "Suspend:UartSpiController" 
Debug[09:36:53]: "Suspend:UartSsiController" 
Debug[09:36:53]: "Suspend:DSI3Master" 
Debug[09:36:53]: "Suspend:ASICMaster" 
Debug[09:36:53]: "Suspend:RDUMMaster" 
Debug[09:36:53]: "Suspend:DSI3Slave" 
Debug[09:36:53]: "Suspend:Measurement" 
Debug[09:36:53]: "Suspend:CFARsim" 
Debug[09:36:53]: signal in logmode 
Debug[09:36:53]: "INF(09:36:53.007):Disconnect by user" 
Debug[09:36:53]: log_breakpoint 
Debug[09:36:53]: 5 
Debug[09:36:53]: signal in logmode 
Debug[09:36:53]: "INF(09:36:53.026):Disconnect by user" 
Debug[09:36:53]: log_breakpoint 
Debug[09:36:53]: 5 
Warning[09:36:55]: QObject::connect: Cannot connect LocalServer::log(int,QString) to (null)::slot_addLog(int,QString)
Debug[09:36:55]: LocalServer:new "\\.\pipe\DSI3PAS" 
Debug[09:36:55]: Register specific 
Debug[09:36:56]: DynScaleCaclulate 
Debug[09:36:56]: "init 2 UartUartController" 
Debug[09:36:56]: Ok 
Debug[09:36:56]: "init 3 UartSpiController" 
Debug[09:36:56]: Ok 
Debug[09:36:56]: "init 4 UartSsiController" 
Debug[09:36:56]: Ok 
Debug[09:36:56]: "init 5 DSI3Master" 
Debug[09:36:56]: Ok 
Debug[09:36:56]: "init 6 ASICMaster" 
Debug[09:36:56]: Ok 
Debug[09:36:56]: "init 7 RDUMMaster" 
Debug[09:36:56]: Ok 
Debug[09:36:56]: "init 8 DSI3Slave" 
Debug[09:36:57]: Ok 
Debug[09:36:57]: "init 9 Measurement" 
Debug[09:36:57]: Ok 
Debug[09:36:57]: "init 10 CFARsim" 
Debug[09:36:57]: Ok 
Debug[09:36:57]: MainApp Starting... 
Debug[09:36:58]: Add applets to MainWindow...
 
Debug[09:36:58]: Initialize Connection... 
Debug[09:36:58]: signal in logmode 
Debug[09:36:58]: "INF(09:36:58.563):Mode is OK" 
Debug[09:36:58]: log_breakpoint 
Debug[09:36:58]: 5 
Debug[09:36:58]: signal in logmode 
Debug[09:36:58]: "INF(09:36:58.567):Attempt" 
Debug[09:36:58]: log_breakpoint 
Debug[09:36:58]: 5 
Debug[09:36:58]: signal in logmode 
Debug[09:36:58]: "INF(09:36:58.884):Attempt" 
Debug[09:36:58]: log_breakpoint 
Debug[09:36:58]: 5 
Debug[09:36:59]: signal in logmode 
Debug[09:36:59]: "INF(09:36:59.198):Attempt" 
Debug[09:36:59]: log_breakpoint 
Debug[09:36:59]: 5 
Debug[09:36:59]: signal in logmode 
Debug[09:36:59]: "INF(09:36:59.507):Mode is OK" 
Debug[09:36:59]: log_breakpoint 
Debug[09:36:59]: 5 
Debug[09:36:59]: signal in logmode 
Debug[09:36:59]: "INF(09:36:59.509):Attempt" 
Debug[09:36:59]: log_breakpoint 
Debug[09:36:59]: 5 
Debug[09:36:59]: signal in logmode 
Debug[09:36:59]: "INF(09:36:59.822):Attempt" 
Debug[09:36:59]: log_breakpoint 
Debug[09:36:59]: 5 
Debug[09:37:00]: signal in logmode 
Debug[09:37:00]: "INF(09:37:00.132):Attempt" 
Debug[09:37:00]: log_breakpoint 
Debug[09:37:00]: 5 
Debug[09:37:00]: signal in logmode 
Debug[09:37:00]: "INF(09:37:00.446):Mode is OK" 
Debug[09:37:00]: log_breakpoint 
Debug[09:37:00]: 5 
Debug[09:37:00]: signal in logmode 
Debug[09:37:00]: "INF(09:37:00.448):Attempt" 
Debug[09:37:00]: log_breakpoint 
Debug[09:37:00]: 5 
Debug[09:37:00]: signal in logmode 
Debug[09:37:00]: "INF(09:37:00.604):Mode is OK" 
Debug[09:37:00]: log_breakpoint 
Debug[09:37:00]: 5 
Debug[09:37:00]: signal in logmode 
Debug[09:37:00]: "INF(09:37:00.608):Attempt" 
Debug[09:37:00]: log_breakpoint 
Debug[09:37:00]: 5 
Debug[09:37:00]: signal in logmode 
Debug[09:37:00]: "INF(09:37:00.930):Attempt" 
Debug[09:37:00]: log_breakpoint 
Debug[09:37:00]: 5 
Debug[09:37:01]: signal in logmode 
Debug[09:37:01]: "INF(09:37:01.244):Attempt" 
Debug[09:37:01]: log_breakpoint 
Debug[09:37:01]: 5 
Debug[09:37:01]: signal in logmode 
Debug[09:37:01]: "INF(09:37:01.554):Mode is OK" 
Debug[09:37:01]: log_breakpoint 
Debug[09:37:01]: 5 
Debug[09:37:01]: signal in logmode 
Debug[09:37:01]: "INF(09:37:01.557):Attempt" 
Debug[09:37:01]: log_breakpoint 
Debug[09:37:01]: 5 
Debug[09:37:01]: signal in logmode 
Debug[09:37:01]: "INF(09:37:01.864):Attempt" 
Debug[09:37:01]: log_breakpoint 
Debug[09:37:01]: 5 
Debug[09:37:02]: signal in logmode 
Debug[09:37:02]: "INF(09:37:02.175):Attempt" 
Debug[09:37:02]: log_breakpoint 
Debug[09:37:02]: 5 
Debug[09:37:02]: signal in logmode 
Debug[09:37:02]: "INF(09:37:02.486):Mode is OK" 
Debug[09:37:02]: log_breakpoint 
Debug[09:37:02]: 5 
Debug[09:37:02]: signal in logmode 
Debug[09:37:02]: "INF(09:37:02.490):Attempt" 
Debug[09:37:02]: log_breakpoint 
Debug[09:37:02]: 5 
Debug[09:37:02]: signal in logmode 
Debug[09:37:02]: "INF(09:37:02.802):Attempt" 
Debug[09:37:02]: log_breakpoint 
Debug[09:37:02]: 5 
Debug[09:37:03]: signal in logmode 
Debug[09:37:03]: "INF(09:37:03.112):Attempt" 
Debug[09:37:03]: log_breakpoint 
Debug[09:37:03]: 5 
Warning[09:37:03]: QFileSystemWatcher: failed to add paths: C:/REPO/DSI3PAS2_workingdir/DSI3PAS2/Software/bin/ULSEverification_configfiles, C:/REPO/DSI3PAS2_workingdir/DSI3PAS2/Software/bin/ConfigFiles_29_1_2021_Jiri_MOBIS, C:/Users/fg6cnq/Desktop/DSI3PAS2_UART_QtSW_20210129_1511, C:/Users/zbdn9w/Desktop/Temp/CFAR QT uprava ToF, C:/Users/zbdn9w/Desktop/Temp/CFAR QT Komprimace do CSV, U:/Dokumenty/MOBIS/Crosstalk 11-2021
Debug[09:37:05]: signal in logmode 
Debug[09:37:05]: "INF(09:37:05.969):Mode is OK" 
Debug[09:37:05]: log_breakpoint 
Debug[09:37:05]: 5 
Debug[09:37:05]: signal in logmode 
Debug[09:37:05]: "INF(09:37:05.972):Attempt" 
Debug[09:37:05]: log_breakpoint 
Debug[09:37:05]: 5 
Debug[09:37:06]: signal in logmode 
Debug[09:37:06]: "INF(09:37:06.287):Attempt" 
Debug[09:37:06]: log_breakpoint 
Debug[09:37:06]: 5 
Debug[09:37:06]: signal in logmode 
Debug[09:37:06]: "INF(09:37:06.598):Attempt" 
Debug[09:37:06]: log_breakpoint 
Debug[09:37:06]: 5 
Debug[09:37:06]: signal in logmode 
Debug[09:37:06]: "INF(09:37:06.913):Mode is OK" 
Debug[09:37:06]: log_breakpoint 
Debug[09:37:06]: 5 
Debug[09:37:06]: signal in logmode 
Debug[09:37:06]: "INF(09:37:06.917):Attempt" 
Debug[09:37:06]: log_breakpoint 
Debug[09:37:06]: 5 
Debug[09:37:07]: signal in logmode 
Debug[09:37:07]: "INF(09:37:07.225):Attempt" 
Debug[09:37:07]: log_breakpoint 
Debug[09:37:07]: 5 
Debug[09:37:07]: signal in logmode 
Debug[09:37:07]: "INF(09:37:07.536):Attempt" 
Debug[09:37:07]: log_breakpoint 
Debug[09:37:07]: 5 
Debug[09:37:07]: signal in logmode 
Debug[09:37:07]: "INF(09:37:07.849):Mode is OK" 
Debug[09:37:07]: log_breakpoint 
Debug[09:37:07]: 5 
Debug[09:37:07]: signal in logmode 
Debug[09:37:07]: "INF(09:37:07.853):Attempt" 
Debug[09:37:07]: log_breakpoint 
Debug[09:37:07]: 5 
Debug[09:37:07]: signal in logmode 
Debug[09:37:07]: "INF(09:37:07.879):RDUM master connected" 
Debug[09:37:07]: log_breakpoint 
Debug[09:37:07]: 5 
Debug[09:37:07]: signal in logmode 
Debug[09:37:07]: "INF(09:37:07.882):Connected to \\.\COM16" 
Debug[09:37:07]: log_breakpoint 
Debug[09:37:07]: 5 
Warning[09:37:07]: Could not parse stylesheet of widget 0x30376f0
Debug[09:37:07]: "Resume:Logs" 
Debug[09:37:07]: "Resume:Settings" 
Debug[09:37:07]: "Resume:UartUartController" 
Debug[09:37:07]: "Resume:UartSpiController" 
Debug[09:37:07]: "Resume:UartSsiController" 
Debug[09:37:07]: "Resume:DSI3Master" 
Debug[09:37:07]: "Resume:ASICMaster" 
Debug[09:37:07]: "Resume:RDUMMaster" 
Debug[09:37:07]: "Resume:DSI3Slave" 
Debug[09:37:07]: "Resume:Measurement" 
Debug[09:37:07]: "Resume:CFARsim" 
Debug[09:37:54]: "Suspend:Settings" 
Debug[09:37:54]: "Suspend:UartUartController" 
Debug[09:37:54]: "Suspend:UartSpiController" 
Debug[09:37:54]: "Suspend:UartSsiController" 
Debug[09:37:54]: "Suspend:DSI3Master" 
Debug[09:37:54]: "Suspend:ASICMaster" 
Debug[09:37:54]: "Suspend:RDUMMaster" 
Debug[09:37:54]: "Suspend:DSI3Slave" 
Debug[09:37:54]: "Suspend:Measurement" 
Debug[09:37:54]: "Suspend:CFARsim" 
Debug[09:37:54]: signal in logmode 
Debug[09:37:54]: "INF(09:37:54.869):Disconnect by user" 
Debug[09:37:54]: log_breakpoint 
Debug[09:37:54]: 5 
Debug[09:37:54]: signal in logmode 
Debug[09:37:54]: "INF(09:37:54.886):Disconnect by user" 
Debug[09:37:54]: log_breakpoint 
Debug[09:37:54]: 5 
Warning[09:38:19]: QObject::connect: Cannot connect LocalServer::log(int,QString) to (null)::slot_addLog(int,QString)
Debug[09:38:19]: LocalServer:new "\\.\pipe\DSI3PAS" 
Debug[09:38:20]: Register specific 
Debug[09:38:20]: DynScaleCaclulate 
Debug[09:38:20]: "init 2 UartUartController" 
Debug[09:38:20]: Ok 
Debug[09:38:20]: "init 3 UartSpiController" 
Debug[09:38:20]: Ok 
Debug[09:38:20]: "init 4 UartSsiController" 
Debug[09:38:20]: Ok 
Debug[09:38:20]: "init 5 DSI3Master" 
Debug[09:38:20]: Ok 
Debug[09:38:20]: "init 6 ASICMaster" 
Debug[09:38:20]: Ok 
Debug[09:38:20]: "init 7 RDUMMaster" 
Debug[09:38:20]: Ok 
Debug[09:38:20]: "init 8 DSI3Slave" 
Debug[09:38:21]: Ok 
Debug[09:38:21]: "init 9 Measurement" 
Debug[09:38:21]: Ok 
Debug[09:38:21]: "init 10 CFARsim" 
Debug[09:38:21]: Ok 
Debug[09:38:21]: MainApp Starting... 
Debug[09:38:22]: Add applets to MainWindow...
 
Debug[09:38:22]: Initialize Connection... 
Debug[09:38:22]: signal in logmode 
Debug[09:38:22]: "INF(09:38:22.728):Mode is OK" 
Debug[09:38:22]: log_breakpoint 
Debug[09:38:22]: 5 
Debug[09:38:22]: signal in logmode 
Debug[09:38:22]: "INF(09:38:22.731):Attempt" 
Debug[09:38:22]: log_breakpoint 
Debug[09:38:22]: 5 
Debug[09:38:23]: signal in logmode 
Debug[09:38:23]: "INF(09:38:23.045):Attempt" 
Debug[09:38:23]: log_breakpoint 
Debug[09:38:23]: 5 
Debug[09:38:23]: signal in logmode 
Debug[09:38:23]: "INF(09:38:23.361):Attempt" 
Debug[09:38:23]: log_breakpoint 
Debug[09:38:23]: 5 
Debug[09:38:23]: signal in logmode 
Debug[09:38:23]: "INF(09:38:23.672):Mode is OK" 
Debug[09:38:23]: log_breakpoint 
Debug[09:38:23]: 5 
Debug[09:38:23]: signal in logmode 
Debug[09:38:23]: "INF(09:38:23.676):Attempt" 
Debug[09:38:23]: log_breakpoint 
Debug[09:38:23]: 5 
Debug[09:38:23]: signal in logmode 
Debug[09:38:23]: "INF(09:38:23.982):Attempt" 
Debug[09:38:23]: log_breakpoint 
Debug[09:38:23]: 5 
Debug[09:38:24]: signal in logmode 
Debug[09:38:24]: "INF(09:38:24.293):Attempt" 
Debug[09:38:24]: log_breakpoint 
Debug[09:38:24]: 5 
Debug[09:38:24]: signal in logmode 
Debug[09:38:24]: "INF(09:38:24.607):Mode is OK" 
Debug[09:38:24]: log_breakpoint 
Debug[09:38:24]: 5 
Debug[09:38:24]: signal in logmode 
Debug[09:38:24]: "INF(09:38:24.611):Attempt" 
Debug[09:38:24]: log_breakpoint 
Debug[09:38:24]: 5 
Debug[09:38:24]: signal in logmode 
Debug[09:38:24]: "INF(09:38:24.751):Mode is OK" 
Debug[09:38:24]: log_breakpoint 
Debug[09:38:24]: 5 
Debug[09:38:24]: signal in logmode 
Debug[09:38:24]: "INF(09:38:24.756):Attempt" 
Debug[09:38:24]: log_breakpoint 
Debug[09:38:24]: 5 
Debug[09:38:25]: signal in logmode 
Debug[09:38:25]: "INF(09:38:25.077):Attempt" 
Debug[09:38:25]: log_breakpoint 
Debug[09:38:25]: 5 
Debug[09:38:25]: signal in logmode 
Debug[09:38:25]: "INF(09:38:25.391):Attempt" 
Debug[09:38:25]: log_breakpoint 
Debug[09:38:25]: 5 
Debug[09:38:25]: signal in logmode 
Debug[09:38:25]: "INF(09:38:25.702):Mode is OK" 
Debug[09:38:25]: log_breakpoint 
Debug[09:38:25]: 5 
Debug[09:38:25]: signal in logmode 
Debug[09:38:25]: "INF(09:38:25.706):Attempt" 
Debug[09:38:25]: log_breakpoint 
Debug[09:38:25]: 5 
Debug[09:38:26]: signal in logmode 
Debug[09:38:26]: "INF(09:38:26.015):Attempt" 
Debug[09:38:26]: log_breakpoint 
Debug[09:38:26]: 5 
Debug[09:38:26]: signal in logmode 
Debug[09:38:26]: "INF(09:38:26.325):Attempt" 
Debug[09:38:26]: log_breakpoint 
Debug[09:38:26]: 5 
Debug[09:38:26]: signal in logmode 
Debug[09:38:26]: "INF(09:38:26.637):Mode is OK" 
Debug[09:38:26]: log_breakpoint 
Debug[09:38:26]: 5 
Debug[09:38:26]: signal in logmode 
Debug[09:38:26]: "INF(09:38:26.641):Attempt" 
Debug[09:38:26]: log_breakpoint 
Debug[09:38:26]: 5 
Debug[09:38:26]: signal in logmode 
Debug[09:38:26]: "INF(09:38:26.947):Attempt" 
Debug[09:38:26]: log_breakpoint 
Debug[09:38:26]: 5 
Debug[09:38:27]: signal in logmode 
Debug[09:38:27]: "INF(09:38:27.261):Attempt" 
Debug[09:38:27]: log_breakpoint 
Debug[09:38:27]: 5 
Warning[09:38:27]: QFileSystemWatcher: failed to add paths: C:/REPO/DSI3PAS2_workingdir/DSI3PAS2/Software/bin/ULSEverification_configfiles, C:/REPO/DSI3PAS2_workingdir/DSI3PAS2/Software/bin/ConfigFiles_29_1_2021_Jiri_MOBIS, C:/Users/fg6cnq/Desktop/DSI3PAS2_UART_QtSW_20210129_1511, C:/Users/zbdn9w/Desktop/Temp/CFAR QT uprava ToF, C:/Users/zbdn9w/Desktop/Temp/CFAR QT Komprimace do CSV, U:/Dokumenty/MOBIS/Crosstalk 11-2021
Debug[09:38:31]: signal in logmode 
Debug[09:38:31]: "INF(09:38:31.411):Mode is OK" 
Debug[09:38:31]: log_breakpoint 
Debug[09:38:31]: 5 
Debug[09:38:31]: signal in logmode 
Debug[09:38:31]: "INF(09:38:31.414):Attempt" 
Debug[09:38:31]: log_breakpoint 
Debug[09:38:31]: 5 
Debug[09:38:31]: signal in logmode 
Debug[09:38:31]: "INF(09:38:31.735):Attempt" 
Debug[09:38:31]: log_breakpoint 
Debug[09:38:31]: 5 
Debug[09:38:32]: signal in logmode 
Debug[09:38:32]: "INF(09:38:32.047):Attempt" 
Debug[09:38:32]: log_breakpoint 
Debug[09:38:32]: 5 
Debug[09:38:32]: signal in logmode 
Debug[09:38:32]: "INF(09:38:32.358):Mode is OK" 
Debug[09:38:32]: log_breakpoint 
Debug[09:38:32]: 5 
Debug[09:38:32]: signal in logmode 
Debug[09:38:32]: "INF(09:38:32.365):Attempt" 
Debug[09:38:32]: log_breakpoint 
Debug[09:38:32]: 5 
Debug[09:38:32]: signal in logmode 
Debug[09:38:32]: "INF(09:38:32.686):Attempt" 
Debug[09:38:32]: log_breakpoint 
Debug[09:38:32]: 5 
Debug[09:38:32]: signal in logmode 
Debug[09:38:33]: "INF(09:38:33.002):Attempt" 
Debug[09:38:33]: log_breakpoint 
Debug[09:38:33]: 5 
Debug[09:38:33]: signal in logmode 
Debug[09:38:33]: "INF(09:38:33.311):Mode is OK" 
Debug[09:38:33]: log_breakpoint 
Debug[09:38:33]: 5 
Debug[09:38:33]: signal in logmode 
Debug[09:38:33]: "INF(09:38:33.314):Attempt" 
Debug[09:38:33]: log_breakpoint 
Debug[09:38:33]: 5 
Debug[09:38:33]: signal in logmode 
Debug[09:38:33]: "INF(09:38:33.340):RDUM master connected" 
Debug[09:38:33]: log_breakpoint 
Debug[09:38:33]: 5 
Debug[09:38:33]: signal in logmode 
Debug[09:38:33]: "INF(09:38:33.343):Connected to \\.\COM16" 
Debug[09:38:33]: log_breakpoint 
Debug[09:38:33]: 5 
Warning[09:38:33]: Could not parse stylesheet of widget 0x3137670
Debug[09:38:33]: "Resume:Logs" 
Debug[09:38:33]: "Resume:Settings" 
Debug[09:38:33]: "Resume:UartUartController" 
Debug[09:38:33]: "Resume:UartSpiController" 
Debug[09:38:33]: "Resume:UartSsiController" 
Debug[09:38:33]: "Resume:DSI3Master" 
Debug[09:38:33]: "Resume:ASICMaster" 
Debug[09:38:33]: "Resume:RDUMMaster" 
Debug[09:38:33]: "Resume:DSI3Slave" 
Debug[09:38:33]: "Resume:Measurement" 
Debug[09:38:33]: "Resume:CFARsim" 
Debug[09:39:36]: "Suspend:Settings" 
Debug[09:39:36]: "Suspend:UartUartController" 
Debug[09:39:36]: "Suspend:UartSpiController" 
Debug[09:39:36]: "Suspend:UartSsiController" 
Debug[09:39:36]: "Suspend:DSI3Master" 
Debug[09:39:36]: "Suspend:ASICMaster" 
Debug[09:39:36]: "Suspend:RDUMMaster" 
Debug[09:39:36]: "Suspend:DSI3Slave" 
Debug[09:39:36]: "Suspend:Measurement" 
Debug[09:39:36]: "Suspend:CFARsim" 
Debug[09:39:36]: signal in logmode 
Debug[09:39:36]: "INF(09:39:36.846):Disconnect by user" 
Debug[09:39:36]: log_breakpoint 
Debug[09:39:36]: 5 
Debug[09:39:36]: signal in logmode 
Debug[09:39:36]: "INF(09:39:36.989):Disconnect by user" 
Debug[09:39:36]: log_breakpoint 
Debug[09:39:36]: 5 
Warning[09:40:01]: QObject::connect: Cannot connect LocalServer::log(int,QString) to (null)::slot_addLog(int,QString)
Debug[09:40:01]: LocalServer:new "\\.\pipe\DSI3PAS" 
Debug[09:40:01]: Register specific 
Debug[09:40:02]: DynScaleCaclulate 
Debug[09:40:02]: "init 2 UartUartController" 
Debug[09:40:02]: Ok 
Debug[09:40:02]: "init 3 UartSpiController" 
Debug[09:40:02]: Ok 
Debug[09:40:02]: "init 4 UartSsiController" 
Debug[09:40:02]: Ok 
Debug[09:40:02]: "init 5 DSI3Master" 
Debug[09:40:02]: Ok 
Debug[09:40:02]: "init 6 ASICMaster" 
Debug[09:40:02]: Ok 
Debug[09:40:02]: "init 7 RDUMMaster" 
Debug[09:40:02]: Ok 
Debug[09:40:02]: "init 8 DSI3Slave" 
Debug[09:40:02]: Ok 
Debug[09:40:02]: "init 9 Measurement" 
Debug[09:40:03]: Ok 
Debug[09:40:03]: "init 10 CFARsim" 
Debug[09:40:03]: Ok 
Debug[09:40:03]: MainApp Starting... 
Debug[09:40:04]: Add applets to MainWindow...
 
Debug[09:40:04]: Initialize Connection... 
Debug[09:40:04]: signal in logmode 
Debug[09:40:04]: "INF(09:40:04.419):Mode is OK" 
Debug[09:40:04]: log_breakpoint 
Debug[09:40:04]: 5 
Debug[09:40:04]: signal in logmode 
Debug[09:40:04]: "INF(09:40:04.422):Attempt" 
Debug[09:40:04]: log_breakpoint 
Debug[09:40:04]: 5 
Debug[09:40:04]: signal in logmode 
Debug[09:40:04]: "INF(09:40:04.740):Attempt" 
Debug[09:40:04]: log_breakpoint 
Debug[09:40:04]: 5 
Debug[09:40:05]: signal in logmode 
Debug[09:40:05]: "INF(09:40:05.053):Attempt" 
Debug[09:40:05]: log_breakpoint 
Debug[09:40:05]: 5 
Debug[09:40:05]: signal in logmode 
Debug[09:40:05]: "INF(09:40:05.367):Mode is OK" 
Debug[09:40:05]: log_breakpoint 
Debug[09:40:05]: 5 
Debug[09:40:05]: signal in logmode 
Debug[09:40:05]: "INF(09:40:05.371):Attempt" 
Debug[09:40:05]: log_breakpoint 
Debug[09:40:05]: 5 
Debug[09:40:05]: signal in logmode 
Debug[09:40:05]: "INF(09:40:05.681):Attempt" 
Debug[09:40:05]: log_breakpoint 
Debug[09:40:05]: 5 
Debug[09:40:05]: signal in logmode 
Debug[09:40:05]: "INF(09:40:05.995):Attempt" 
Debug[09:40:05]: log_breakpoint 
Debug[09:40:05]: 5 
Debug[09:40:06]: signal in logmode 
Debug[09:40:06]: "INF(09:40:06.305):Mode is OK" 
Debug[09:40:06]: log_breakpoint 
Debug[09:40:06]: 5 
Debug[09:40:06]: signal in logmode 
Debug[09:40:06]: "INF(09:40:06.308):Attempt" 
Debug[09:40:06]: log_breakpoint 
Debug[09:40:06]: 5 
Debug[09:40:06]: signal in logmode 
Debug[09:40:06]: "INF(09:40:06.464):Mode is OK" 
Debug[09:40:06]: log_breakpoint 
Debug[09:40:06]: 5 
Debug[09:40:06]: signal in logmode 
Debug[09:40:06]: "INF(09:40:06.467):Attempt" 
Debug[09:40:06]: log_breakpoint 
Debug[09:40:06]: 5 
Debug[09:40:06]: signal in logmode 
Debug[09:40:06]: "INF(09:40:06.774):Attempt" 
Debug[09:40:06]: log_breakpoint 
Debug[09:40:06]: 5 
Debug[09:40:07]: signal in logmode 
Debug[09:40:07]: "INF(09:40:07.086):Attempt" 
Debug[09:40:07]: log_breakpoint 
Debug[09:40:07]: 5 
Debug[09:40:07]: signal in logmode 
Debug[09:40:07]: "INF(09:40:07.398):Mode is OK" 
Debug[09:40:07]: log_breakpoint 
Debug[09:40:07]: 5 
Debug[09:40:07]: signal in logmode 
Debug[09:40:07]: "INF(09:40:07.401):Attempt" 
Debug[09:40:07]: log_breakpoint 
Debug[09:40:07]: 5 
Debug[09:40:07]: signal in logmode 
Debug[09:40:07]: "INF(09:40:07.708):Attempt" 
Debug[09:40:07]: log_breakpoint 
Debug[09:40:07]: 5 
Debug[09:40:08]: signal in logmode 
Debug[09:40:08]: "INF(09:40:08.023):Attempt" 
Debug[09:40:08]: log_breakpoint 
Debug[09:40:08]: 5 
Debug[09:40:08]: signal in logmode 
Debug[09:40:08]: "INF(09:40:08.334):Mode is OK" 
Debug[09:40:08]: log_breakpoint 
Debug[09:40:08]: 5 
Debug[09:40:08]: signal in logmode 
Debug[09:40:08]: "INF(09:40:08.336):Attempt" 
Debug[09:40:08]: log_breakpoint 
Debug[09:40:08]: 5 
Debug[09:40:08]: signal in logmode 
Debug[09:40:08]: "INF(09:40:08.646):Attempt" 
Debug[09:40:08]: log_breakpoint 
Debug[09:40:08]: 5 
Debug[09:40:08]: signal in logmode 
Debug[09:40:08]: "INF(09:40:08.956):Attempt" 
Debug[09:40:08]: log_breakpoint 
Debug[09:40:08]: 5 
Warning[09:40:09]: QFileSystemWatcher: failed to add paths: C:/REPO/DSI3PAS2_workingdir/DSI3PAS2/Software/bin/ULSEverification_configfiles, C:/REPO/DSI3PAS2_workingdir/DSI3PAS2/Software/bin/ConfigFiles_29_1_2021_Jiri_MOBIS, C:/Users/fg6cnq/Desktop/DSI3PAS2_UART_QtSW_20210129_1511, C:/Users/zbdn9w/Desktop/Temp/CFAR QT uprava ToF, C:/Users/zbdn9w/Desktop/Temp/CFAR QT Komprimace do CSV, U:/Dokumenty/MOBIS/Crosstalk 11-2021
Debug[09:40:12]: signal in logmode 
Debug[09:40:12]: "INF(09:40:12.095):Mode is OK" 
Debug[09:40:12]: log_breakpoint 
Debug[09:40:12]: 5 
Debug[09:40:12]: signal in logmode 
Debug[09:40:12]: "INF(09:40:12.098):Attempt" 
Debug[09:40:12]: log_breakpoint 
Debug[09:40:12]: 5 
Debug[09:40:12]: signal in logmode 
Debug[09:40:12]: "INF(09:40:12.405):Attempt" 
Debug[09:40:12]: log_breakpoint 
Debug[09:40:12]: 5 
Debug[09:40:12]: signal in logmode 
Debug[09:40:12]: "INF(09:40:12.718):Attempt" 
Debug[09:40:12]: log_breakpoint 
Debug[09:40:12]: 5 
Debug[09:40:13]: signal in logmode 
Debug[09:40:13]: "INF(09:40:13.032):Mode is OK" 
Debug[09:40:13]: log_breakpoint 
Debug[09:40:13]: 5 
Debug[09:40:13]: signal in logmode 
Debug[09:40:13]: "INF(09:40:13.037):Attempt" 
Debug[09:40:13]: log_breakpoint 
Debug[09:40:13]: 5 
Debug[09:40:13]: signal in logmode 
Debug[09:40:13]: "INF(09:40:13.342):Attempt" 
Debug[09:40:13]: log_breakpoint 
Debug[09:40:13]: 5 
Debug[09:40:13]: signal in logmode 
Debug[09:40:13]: "INF(09:40:13.654):Attempt" 
Debug[09:40:13]: log_breakpoint 
Debug[09:40:13]: 5 
Debug[09:40:13]: signal in logmode 
Debug[09:40:13]: "INF(09:40:13.969):Mode is OK" 
Debug[09:40:13]: log_breakpoint 
Debug[09:40:13]: 5 
Debug[09:40:13]: signal in logmode 
Debug[09:40:13]: "INF(09:40:13.973):Attempt" 
Debug[09:40:13]: log_breakpoint 
Debug[09:40:13]: 5 
Debug[09:40:13]: signal in logmode 
Debug[09:40:13]: "INF(09:40:13.980):RDUM master connected" 
Debug[09:40:13]: log_breakpoint 
Debug[09:40:13]: 5 
Debug[09:40:13]: signal in logmode 
Debug[09:40:13]: "INF(09:40:13.983):Connected to \\.\COM16" 
Debug[09:40:13]: log_breakpoint 
Debug[09:40:13]: 5 
Warning[09:40:13]: Could not parse stylesheet of widget 0x33b6f10
Debug[09:40:13]: "Resume:Logs" 
Debug[09:40:13]: "Resume:Settings" 
Debug[09:40:13]: "Resume:UartUartController" 
Debug[09:40:13]: "Resume:UartSpiController" 
Debug[09:40:13]: "Resume:UartSsiController" 
Debug[09:40:13]: "Resume:DSI3Master" 
Debug[09:40:13]: "Resume:ASICMaster" 
Debug[09:40:13]: "Resume:RDUMMaster" 
Debug[09:40:13]: "Resume:DSI3Slave" 
Debug[09:40:13]: "Resume:Measurement" 
Debug[09:40:13]: "Resume:CFARsim" 
Debug[12:20:50]: "Suspend:Settings" 
Debug[12:20:50]: "Suspend:UartUartController" 
Debug[12:20:50]: "Suspend:UartSpiController" 
Debug[12:20:50]: "Suspend:UartSsiController" 
Debug[12:20:50]: "Suspend:DSI3Master" 
Debug[12:20:50]: "Suspend:ASICMaster" 
Debug[12:20:50]: "Suspend:RDUMMaster" 
Debug[12:20:50]: "Suspend:DSI3Slave" 
Debug[12:20:50]: "Suspend:Measurement" 
Debug[12:20:50]: "Suspend:CFARsim" 
Debug[12:20:50]: signal in logmode 
Debug[12:20:50]: "INF(12:20:50.871):Disconnect by user" 
Debug[12:20:50]: log_breakpoint 
Debug[12:20:50]: 5 
Debug[12:20:50]: signal in logmode 
Debug[12:20:50]: "INF(12:20:50.909):Disconnect by user" 
Debug[12:20:50]: log_breakpoint 
Debug[12:20:50]: 5 
Warning[12:20:55]: QObject::connect: Cannot connect LocalServer::log(int,QString) to (null)::slot_addLog(int,QString)
Debug[12:20:55]: LocalServer:new "\\.\pipe\DSI3PAS" 
Debug[12:20:55]: Register specific 
Debug[12:20:56]: DynScaleCaclulate 
Debug[12:20:56]: "init 2 UartUartController" 
Debug[12:20:56]: Ok 
Debug[12:20:56]: "init 3 UartSpiController" 
Debug[12:20:56]: Ok 
Debug[12:20:56]: "init 4 UartSsiController" 
Debug[12:20:56]: Ok 
Debug[12:20:56]: "init 5 DSI3Master" 
Debug[12:20:56]: Ok 
Debug[12:20:56]: "init 6 ASICMaster" 
Debug[12:20:56]: Ok 
Debug[12:20:56]: "init 7 RDUMMaster" 
Debug[12:20:56]: Ok 
Debug[12:20:56]: "init 8 DSI3Slave" 
Debug[12:20:57]: Ok 
Debug[12:20:57]: "init 9 Measurement" 
Debug[12:20:57]: Ok 
Debug[12:20:57]: "init 10 CFARsim" 
Debug[12:20:57]: Ok 
Debug[12:20:57]: MainApp Starting... 
Debug[12:20:58]: Add applets to MainWindow...
 
Debug[12:20:58]: Initialize Connection... 
Debug[12:20:59]: signal in logmode 
Debug[12:20:59]: "INF(12:20:59.165):Mode is OK" 
Debug[12:20:59]: log_breakpoint 
Debug[12:20:59]: 5 
Debug[12:20:59]: signal in logmode 
Debug[12:20:59]: "INF(12:20:59.168):Attempt" 
Debug[12:20:59]: log_breakpoint 
Debug[12:20:59]: 5 
Debug[12:20:59]: signal in logmode 
Debug[12:20:59]: "INF(12:20:59.483):Attempt" 
Debug[12:20:59]: log_breakpoint 
Debug[12:20:59]: 5 
Debug[12:20:59]: signal in logmode 
Debug[12:20:59]: "INF(12:20:59.795):Attempt" 
Debug[12:20:59]: log_breakpoint 
Debug[12:20:59]: 5 
Debug[12:21:00]: signal in logmode 
Debug[12:21:00]: "INF(12:21:00.109):Mode is OK" 
Debug[12:21:00]: log_breakpoint 
Debug[12:21:00]: 5 
Debug[12:21:00]: signal in logmode 
Debug[12:21:00]: "INF(12:21:00.111):Attempt" 
Debug[12:21:00]: log_breakpoint 
Debug[12:21:00]: 5 
Debug[12:21:00]: signal in logmode 
Debug[12:21:00]: "INF(12:21:00.421):Attempt" 
Debug[12:21:00]: log_breakpoint 
Debug[12:21:00]: 5 
Debug[12:21:00]: signal in logmode 
Debug[12:21:00]: "INF(12:21:00.732):Attempt" 
Debug[12:21:00]: log_breakpoint 
Debug[12:21:00]: 5 
Debug[12:21:01]: signal in logmode 
Debug[12:21:01]: "INF(12:21:01.041):Mode is OK" 
Debug[12:21:01]: log_breakpoint 
Debug[12:21:01]: 5 
Debug[12:21:01]: signal in logmode 
Debug[12:21:01]: "INF(12:21:01.043):Attempt" 
Debug[12:21:01]: log_breakpoint 
Debug[12:21:01]: 5 
Debug[12:21:01]: signal in logmode 
Debug[12:21:01]: "INF(12:21:01.198):Mode is OK" 
Debug[12:21:01]: log_breakpoint 
Debug[12:21:01]: 5 
Debug[12:21:01]: signal in logmode 
Debug[12:21:01]: "INF(12:21:01.203):Attempt" 
Debug[12:21:01]: log_breakpoint 
Debug[12:21:01]: 5 
Debug[12:21:01]: signal in logmode 
Debug[12:21:01]: "INF(12:21:01.513):Attempt" 
Debug[12:21:01]: log_breakpoint 
Debug[12:21:01]: 5 
Debug[12:21:01]: signal in logmode 
Debug[12:21:01]: "INF(12:21:01.827):Attempt" 
Debug[12:21:01]: log_breakpoint 
Debug[12:21:01]: 5 
Debug[12:21:02]: signal in logmode 
Debug[12:21:02]: "INF(12:21:02.140):Mode is OK" 
Debug[12:21:02]: log_breakpoint 
Debug[12:21:02]: 5 
Debug[12:21:02]: signal in logmode 
Debug[12:21:02]: "INF(12:21:02.142):Attempt" 
Debug[12:21:02]: log_breakpoint 
Debug[12:21:02]: 5 
Debug[12:21:02]: signal in logmode 
Debug[12:21:02]: "INF(12:21:02.455):Attempt" 
Debug[12:21:02]: log_breakpoint 
Debug[12:21:02]: 5 
Debug[12:21:02]: signal in logmode 
Debug[12:21:02]: "INF(12:21:02.765):Attempt" 
Debug[12:21:02]: log_breakpoint 
Debug[12:21:02]: 5 
Debug[12:21:03]: signal in logmode 
Debug[12:21:03]: "INF(12:21:03.078):Mode is OK" 
Debug[12:21:03]: log_breakpoint 
Debug[12:21:03]: 5 
Debug[12:21:03]: signal in logmode 
Debug[12:21:03]: "INF(12:21:03.080):Attempt" 
Debug[12:21:03]: log_breakpoint 
Debug[12:21:03]: 5 
Debug[12:21:03]: signal in logmode 
Debug[12:21:03]: "INF(12:21:03.390):Attempt" 
Debug[12:21:03]: log_breakpoint 
Debug[12:21:03]: 5 
Debug[12:21:03]: signal in logmode 
Debug[12:21:03]: "INF(12:21:03.701):Attempt" 
Debug[12:21:03]: log_breakpoint 
Debug[12:21:03]: 5 
Debug[12:21:04]: signal in logmode 
Debug[12:21:04]: "INF(12:21:04.131):Mode is OK" 
Debug[12:21:04]: log_breakpoint 
Debug[12:21:04]: 5 
Debug[12:21:04]: signal in logmode 
Debug[12:21:04]: "INF(12:21:04.133):Attempt" 
Debug[12:21:04]: log_breakpoint 
Debug[12:21:04]: 5 
Debug[12:21:04]: signal in logmode 
Debug[12:21:04]: "INF(12:21:04.450):Attempt" 
Debug[12:21:04]: log_breakpoint 
Debug[12:21:04]: 5 
Debug[12:21:04]: signal in logmode 
Debug[12:21:04]: "INF(12:21:04.764):Attempt" 
Debug[12:21:04]: log_breakpoint 
Debug[12:21:04]: 5 
Debug[12:21:05]: signal in logmode 
Debug[12:21:05]: "INF(12:21:05.079):Mode is OK" 
Debug[12:21:05]: log_breakpoint 
Debug[12:21:05]: 5 
Debug[12:21:05]: signal in logmode 
Debug[12:21:05]: "INF(12:21:05.082):Attempt" 
Debug[12:21:05]: log_breakpoint 
Debug[12:21:05]: 5 
Debug[12:21:05]: signal in logmode 
Debug[12:21:05]: "INF(12:21:05.393):Attempt" 
Debug[12:21:05]: log_breakpoint 
Debug[12:21:05]: 5 
Debug[12:21:05]: signal in logmode 
Debug[12:21:05]: "INF(12:21:05.707):Attempt" 
Debug[12:21:05]: log_breakpoint 
Debug[12:21:05]: 5 
Debug[12:21:06]: signal in logmode 
Debug[12:21:06]: "INF(12:21:06.021):Mode is OK" 
Debug[12:21:06]: log_breakpoint 
Debug[12:21:06]: 5 
Debug[12:21:06]: signal in logmode 
Debug[12:21:06]: "INF(12:21:06.024):Attempt" 
Debug[12:21:06]: log_breakpoint 
Debug[12:21:06]: 5 
Debug[12:21:06]: signal in logmode 
Debug[12:21:06]: "INF(12:21:06.335):Attempt" 
Debug[12:21:06]: log_breakpoint 
Debug[12:21:06]: 5 
Debug[12:21:06]: signal in logmode 
Debug[12:21:06]: "INF(12:21:06.646):Attempt" 
Debug[12:21:06]: log_breakpoint 
Debug[12:21:06]: 5 
Warning[12:21:07]: QFileSystemWatcher: failed to add paths: C:/REPO/DSI3PAS2_workingdir/DSI3PAS2/Software/bin/ULSEverification_configfiles, C:/REPO/DSI3PAS2_workingdir/DSI3PAS2/Software/bin/ConfigFiles_29_1_2021_Jiri_MOBIS, C:/Users/fg6cnq/Desktop/DSI3PAS2_UART_QtSW_20210129_1511, C:/Users/zbdn9w/Desktop/Temp/CFAR QT uprava ToF, C:/Users/zbdn9w/Desktop/Temp/CFAR QT Komprimace do CSV, U:/Dokumenty/MOBIS/Crosstalk 11-2021
Debug[12:21:10]: signal in logmode 
Debug[12:21:10]: "INF(12:21:10.173):Mode is OK" 
Debug[12:21:10]: log_breakpoint 
Debug[12:21:10]: 5 
Debug[12:21:10]: signal in logmode 
Debug[12:21:10]: "INF(12:21:10.175):Attempt" 
Debug[12:21:10]: log_breakpoint 
Debug[12:21:10]: 5 
Debug[12:21:10]: signal in logmode 
Debug[12:21:10]: "INF(12:21:10.486):Attempt" 
Debug[12:21:10]: log_breakpoint 
Debug[12:21:10]: 5 
Debug[12:21:10]: signal in logmode 
Debug[12:21:10]: "INF(12:21:10.801):Attempt" 
Debug[12:21:10]: log_breakpoint 
Debug[12:21:10]: 5 
Debug[12:21:11]: signal in logmode 
Debug[12:21:11]: "INF(12:21:11.114):Mode is OK" 
Debug[12:21:11]: log_breakpoint 
Debug[12:21:11]: 5 
Debug[12:21:11]: signal in logmode 
Debug[12:21:11]: "INF(12:21:11.117):Attempt" 
Debug[12:21:11]: log_breakpoint 
Debug[12:21:11]: 5 
Debug[12:21:11]: signal in logmode 
Debug[12:21:11]: "INF(12:21:11.428):Attempt" 
Debug[12:21:11]: log_breakpoint 
Debug[12:21:11]: 5 
Debug[12:21:11]: signal in logmode 
Debug[12:21:11]: "INF(12:21:11.743):Attempt" 
Debug[12:21:11]: log_breakpoint 
Debug[12:21:11]: 5 
Debug[12:21:12]: signal in logmode 
Debug[12:21:12]: "INF(12:21:12.057):Mode is OK" 
Debug[12:21:12]: log_breakpoint 
Debug[12:21:12]: 5 
Debug[12:21:12]: signal in logmode 
Debug[12:21:12]: "INF(12:21:12.059):Attempt" 
Debug[12:21:12]: log_breakpoint 
Debug[12:21:12]: 5 
Debug[12:21:12]: signal in logmode 
Debug[12:21:12]: "INF(12:21:12.089):RDUM master connected" 
Debug[12:21:12]: log_breakpoint 
Debug[12:21:12]: 5 
Debug[12:21:12]: signal in logmode 
Debug[12:21:12]: "INF(12:21:12.091):Connected to \\.\COM16" 
Debug[12:21:12]: log_breakpoint 
Debug[12:21:12]: 5 
Warning[12:21:12]: Could not parse stylesheet of widget 0x32970f0
Debug[12:21:12]: "Resume:Logs" 
Debug[12:21:12]: "Resume:Settings" 
Debug[12:21:12]: "Resume:UartUartController" 
Debug[12:21:12]: "Resume:UartSpiController" 
Debug[12:21:12]: "Resume:UartSsiController" 
Debug[12:21:12]: "Resume:DSI3Master" 
Debug[12:21:12]: "Resume:ASICMaster" 
Debug[12:21:12]: "Resume:RDUMMaster" 
Debug[12:21:12]: "Resume:DSI3Slave" 
Debug[12:21:12]: "Resume:Measurement" 
Debug[12:21:12]: "Resume:CFARsim" 
Debug[12:55:07]: signal in logmode 
Debug[12:55:07]: "RX_ERR(+2035s):RX Data without end char" 
Debug[12:55:07]: log_breakpoint 
Debug[12:55:07]: 5 
Debug[12:55:07]: signal in logmode 
Debug[12:55:07]: "UART-UART RX(+1ms):No end char:0106200000001f0000001f0000001f0000001feb0ca4200000001a184ec1367c1000a91a3db0e01a310ca43a400000001f0000001f100580001f00000009f40ca54008058c1c3e2b5219e62058fc10093e3cbd7a0ca51b601c00b0001bfd0002de0002ed00002f0e210ca4600017361660100217f20010005958f09b1f9aa20ca43a80368000025a0000f70000001f0000001f3e0ca58002412d3ba5710a9ab6fa279b120c5e174a0ca434a000000816100390381d001005001f0000001faf0ca5a030a4b31a0a70025943889b3b2aac100538bb0ca51bc00000001f0000001f0000001f0000001f070ca5c0213f673820100951bc0d7a785a5d18247a790ca51be00000001f0000001f0000001f0000001fe10ca5e082ef6bfdf02a10003a80deb87a917b6859a10ca51b000000001f0000001f0000001f0000001f0d0ca5008bc0d1fd00b9b81a61070f9c0b1b00592f0ca51b200000001f0000001f0000001f0000001feb0ca42090be3598ed82e3f8ccb6b81abd1dc859fc0ca51008400000001f0000001f0000001f0000001fee0ca5400f8012fe082807375084cc193775be5c0f0ca434600000001f00006f8d5040000000000000f70ca560b02d49385b8200005040000000000000500ca434" 
Debug[12:55:07]: log_breakpoint 
Debug[12:55:07]: 5 
Debug[12:55:08]: signal in logmode 
Debug[12:55:08]: "RX_ERR(+1s):RX Data without end char" 
Debug[12:55:08]: log_breakpoint 
Debug[12:55:08]: 5 
Debug[12:55:08]: signal in logmode 
Debug[12:55:08]: "UART-UART RX(+1ms):No end char:" 
Debug[12:55:08]: log_breakpoint 
Debug[12:55:08]: 5 
Debug[12:55:09]: signal in logmode 
Debug[12:55:09]: "RX_ERR(+1s):RX Data without end char" 
Debug[12:55:09]: log_breakpoint 
Debug[12:55:09]: 5 
Debug[12:55:09]: signal in logmode 
Debug[12:55:09]: "UART-UART RX(+0ms):No end char:" 
Debug[12:55:09]: log_breakpoint 
Debug[12:55:09]: 5 
Debug[12:55:10]: signal in logmode 
Debug[12:55:10]: "RX_ERR(+1s):RX Data without end char" 
Debug[12:55:10]: log_breakpoint 
Debug[12:55:10]: 5 
Debug[12:55:10]: signal in logmode 
Debug[12:55:10]: "UART-UART RX(+0ms):No end char:" 
Debug[12:55:10]: log_breakpoint 
Debug[12:55:10]: 5 
Debug[12:55:11]: signal in logmode 
Debug[12:55:11]: "RX_ERR(+1s):RX Data without end char" 
Debug[12:55:11]: log_breakpoint 
Debug[12:55:11]: 5 
Debug[12:55:11]: signal in logmode 
Debug[12:55:11]: "UART-UART RX(+0ms):No end char:" 
Debug[12:55:11]: log_breakpoint 
Debug[12:55:11]: 5 
Debug[12:55:11]: "Suspend:Settings" 
Debug[12:55:11]: "Suspend:UartUartController" 
Debug[12:55:11]: "Suspend:UartSpiController" 
Debug[12:55:11]: "Suspend:UartSsiController" 
Debug[12:55:11]: "Suspend:DSI3Master" 
Debug[12:55:11]: "Suspend:ASICMaster" 
Debug[12:55:11]: "Suspend:RDUMMaster" 
Debug[12:55:11]: "Suspend:DSI3Slave" 
Debug[12:55:11]: "Suspend:Measurement" 
Debug[12:55:11]: "Suspend:CFARsim" 
Debug[12:55:11]: signal in logmode 
Debug[12:55:11]: "INF(12:55:11.910):Disconnect by user" 
Debug[12:55:11]: log_breakpoint 
Debug[12:55:11]: 5 
Debug[12:55:11]: signal in logmode 
Debug[12:55:11]: "INF(12:55:11.926):Disconnect by user" 
Debug[12:55:11]: log_breakpoint 
Debug[12:55:11]: 5 
Warning[13:20:24]: QObject::connect: Cannot connect LocalServer::log(int,QString) to (null)::slot_addLog(int,QString)
Debug[13:20:24]: LocalServer:new "\\.\pipe\DSI3PAS" 
Debug[13:20:24]: Register specific 
Debug[13:20:24]: DynScaleCaclulate 
Debug[13:20:24]: "init 2 UartUartController" 
Debug[13:20:24]: Ok 
Debug[13:20:24]: "init 3 UartSpiController" 
Debug[13:20:24]: Ok 
Debug[13:20:24]: "init 4 UartSsiController" 
Debug[13:20:24]: Ok 
Debug[13:20:24]: "init 5 DSI3Master" 
Debug[13:20:24]: Ok 
Debug[13:20:24]: "init 6 ASICMaster" 
Debug[13:20:24]: Ok 
Debug[13:20:24]: "init 7 RDUMMaster" 
Debug[13:20:24]: Ok 
Debug[13:20:24]: "init 8 DSI3Slave" 
Debug[13:20:25]: Ok 
Debug[13:20:25]: "init 9 Measurement" 
Debug[13:20:25]: Ok 
Debug[13:20:25]: "init 10 CFARsim" 
Debug[13:20:25]: Ok 
Debug[13:20:25]: MainApp Starting... 
Debug[13:20:26]: Add applets to MainWindow...
 
Debug[13:20:26]: Initialize Connection... 
Debug[13:20:26]: signal in logmode 
Debug[13:20:26]: "INF(13:20:26.980):Mode is OK" 
Debug[13:20:26]: log_breakpoint 
Debug[13:20:26]: 5 
Debug[13:20:26]: signal in logmode 
Debug[13:20:26]: "INF(13:20:26.984):Attempt" 
Debug[13:20:26]: log_breakpoint 
Debug[13:20:26]: 5 
Debug[13:20:27]: signal in logmode 
Debug[13:20:27]: "INF(13:20:27.304):Attempt" 
Debug[13:20:27]: log_breakpoint 
Debug[13:20:27]: 5 
Debug[13:20:27]: signal in logmode 
Debug[13:20:27]: "INF(13:20:27.615):Attempt" 
Debug[13:20:27]: log_breakpoint 
Debug[13:20:27]: 5 
Debug[13:20:27]: signal in logmode 
Debug[13:20:27]: "INF(13:20:27.924):Mode is OK" 
Debug[13:20:27]: log_breakpoint 
Debug[13:20:27]: 5 
Debug[13:20:27]: signal in logmode 
Debug[13:20:27]: "INF(13:20:27.927):Attempt" 
Debug[13:20:27]: log_breakpoint 
Debug[13:20:27]: 5 
Debug[13:20:28]: signal in logmode 
Debug[13:20:28]: "INF(13:20:28.236):Attempt" 
Debug[13:20:28]: log_breakpoint 
Debug[13:20:28]: 5 
Debug[13:20:28]: signal in logmode 
Debug[13:20:28]: "INF(13:20:28.545):Attempt" 
Debug[13:20:28]: log_breakpoint 
Debug[13:20:28]: 5 
Debug[13:20:28]: signal in logmode 
Debug[13:20:28]: "INF(13:20:28.855):Mode is OK" 
Debug[13:20:28]: log_breakpoint 
Debug[13:20:28]: 5 
Debug[13:20:28]: signal in logmode 
Debug[13:20:28]: "INF(13:20:28.859):Attempt" 
Debug[13:20:28]: log_breakpoint 
Debug[13:20:28]: 5 
Debug[13:20:29]: signal in logmode 
Debug[13:20:29]: "INF(13:20:29.014):Mode is OK" 
Debug[13:20:29]: log_breakpoint 
Debug[13:20:29]: 5 
Debug[13:20:29]: signal in logmode 
Debug[13:20:29]: "INF(13:20:29.017):Attempt" 
Debug[13:20:29]: log_breakpoint 
Debug[13:20:29]: 5 
Debug[13:20:29]: signal in logmode 
Debug[13:20:29]: "INF(13:20:29.322):Attempt" 
Debug[13:20:29]: log_breakpoint 
Debug[13:20:29]: 5 
Debug[13:20:29]: signal in logmode 
Debug[13:20:29]: "INF(13:20:29.635):Attempt" 
Debug[13:20:29]: log_breakpoint 
Debug[13:20:29]: 5 
Debug[13:20:29]: signal in logmode 
Debug[13:20:29]: "INF(13:20:29.950):Mode is OK" 
Debug[13:20:29]: log_breakpoint 
Debug[13:20:29]: 5 
Debug[13:20:29]: signal in logmode 
Debug[13:20:29]: "INF(13:20:29.954):Attempt" 
Debug[13:20:29]: log_breakpoint 
Debug[13:20:29]: 5 
Debug[13:20:30]: signal in logmode 
Debug[13:20:30]: "INF(13:20:30.258):Attempt" 
Debug[13:20:30]: log_breakpoint 
Debug[13:20:30]: 5 
Debug[13:20:30]: signal in logmode 
Debug[13:20:30]: "INF(13:20:30.569):Attempt" 
Debug[13:20:30]: log_breakpoint 
Debug[13:20:30]: 5 
Debug[13:20:30]: signal in logmode 
Debug[13:20:30]: "INF(13:20:30.881):Mode is OK" 
Debug[13:20:30]: log_breakpoint 
Debug[13:20:30]: 5 
Debug[13:20:30]: signal in logmode 
Debug[13:20:30]: "INF(13:20:30.885):Attempt" 
Debug[13:20:30]: log_breakpoint 
Debug[13:20:30]: 5 
Debug[13:20:31]: signal in logmode 
Debug[13:20:31]: "INF(13:20:31.191):Attempt" 
Debug[13:20:31]: log_breakpoint 
Debug[13:20:31]: 5 
Debug[13:20:31]: signal in logmode 
Debug[13:20:31]: "INF(13:20:31.504):Attempt" 
Debug[13:20:31]: log_breakpoint 
Debug[13:20:31]: 5 
Debug[13:20:31]: signal in logmode 
Debug[13:20:31]: "INF(13:20:31.949):Mode is OK" 
Debug[13:20:31]: log_breakpoint 
Debug[13:20:31]: 5 
Debug[13:20:31]: signal in logmode 
Debug[13:20:31]: "INF(13:20:31.952):Attempt" 
Debug[13:20:31]: log_breakpoint 
Debug[13:20:31]: 5 
Debug[13:20:32]: signal in logmode 
Debug[13:20:32]: "INF(13:20:32.265):Attempt" 
Debug[13:20:32]: log_breakpoint 
Debug[13:20:32]: 5 
Debug[13:20:32]: signal in logmode 
Debug[13:20:32]: "INF(13:20:32.577):Attempt" 
Debug[13:20:32]: log_breakpoint 
Debug[13:20:32]: 5 
Debug[13:20:32]: signal in logmode 
Debug[13:20:32]: "INF(13:20:32.890):Mode is OK" 
Debug[13:20:32]: log_breakpoint 
Debug[13:20:32]: 5 
Debug[13:20:32]: signal in logmode 
Debug[13:20:32]: "INF(13:20:32.894):Attempt" 
Debug[13:20:32]: log_breakpoint 
Debug[13:20:32]: 5 
Debug[13:20:33]: signal in logmode 
Debug[13:20:33]: "INF(13:20:33.201):Attempt" 
Debug[13:20:33]: log_breakpoint 
Debug[13:20:33]: 5 
Debug[13:20:33]: signal in logmode 
Debug[13:20:33]: "INF(13:20:33.513):Attempt" 
Debug[13:20:33]: log_breakpoint 
Debug[13:20:33]: 5 
Debug[13:20:33]: signal in logmode 
Debug[13:20:33]: "INF(13:20:33.826):Mode is OK" 
Debug[13:20:33]: log_breakpoint 
Debug[13:20:33]: 5 
Debug[13:20:33]: signal in logmode 
Debug[13:20:33]: "INF(13:20:33.832):Attempt" 
Debug[13:20:33]: log_breakpoint 
Debug[13:20:33]: 5 
Debug[13:20:34]: signal in logmode 
Debug[13:20:34]: "INF(13:20:34.150):Attempt" 
Debug[13:20:34]: log_breakpoint 
Debug[13:20:34]: 5 
Debug[13:20:34]: signal in logmode 
Debug[13:20:34]: "INF(13:20:34.462):Attempt" 
Debug[13:20:34]: log_breakpoint 
Debug[13:20:34]: 5 
Warning[13:20:34]: QFileSystemWatcher: failed to add paths: C:/REPO/DSI3PAS2_workingdir/DSI3PAS2/Software/bin/ULSEverification_configfiles, C:/REPO/DSI3PAS2_workingdir/DSI3PAS2/Software/bin/ConfigFiles_29_1_2021_Jiri_MOBIS, C:/Users/fg6cnq/Desktop/DSI3PAS2_UART_QtSW_20210129_1511, C:/Users/zbdn9w/Desktop/Temp/CFAR QT uprava ToF, C:/Users/zbdn9w/Desktop/Temp/CFAR QT Komprimace do CSV, U:/Dokumenty/MOBIS/Crosstalk 11-2021
Debug[13:20:37]: signal in logmode 
Debug[13:20:37]: "INF(13:20:37.723):Mode is OK" 
Debug[13:20:37]: log_breakpoint 
Debug[13:20:37]: 5 
Debug[13:20:37]: signal in logmode 
Debug[13:20:37]: "INF(13:20:37.726):Attempt" 
Debug[13:20:37]: log_breakpoint 
Debug[13:20:37]: 5 
Debug[13:20:38]: signal in logmode 
Debug[13:20:38]: "INF(13:20:38.042):Attempt" 
Debug[13:20:38]: log_breakpoint 
Debug[13:20:38]: 5 
Debug[13:20:38]: signal in logmode 
Debug[13:20:38]: "INF(13:20:38.355):Attempt" 
Debug[13:20:38]: log_breakpoint 
Debug[13:20:38]: 5 
Debug[13:20:38]: signal in logmode 
Debug[13:20:38]: "INF(13:20:38.666):Mode is OK" 
Debug[13:20:38]: log_breakpoint 
Debug[13:20:38]: 5 
Debug[13:20:38]: signal in logmode 
Debug[13:20:38]: "INF(13:20:38.669):Attempt" 
Debug[13:20:38]: log_breakpoint 
Debug[13:20:38]: 5 
Debug[13:20:38]: signal in logmode 
Debug[13:20:38]: "INF(13:20:38.979):Attempt" 
Debug[13:20:38]: log_breakpoint 
Debug[13:20:38]: 5 
Debug[13:20:39]: signal in logmode 
Debug[13:20:39]: "INF(13:20:39.293):Attempt" 
Debug[13:20:39]: log_breakpoint 
Debug[13:20:39]: 5 
Debug[13:20:39]: signal in logmode 
Debug[13:20:39]: "INF(13:20:39.603):Mode is OK" 
Debug[13:20:39]: log_breakpoint 
Debug[13:20:39]: 5 
Debug[13:20:39]: signal in logmode 
Debug[13:20:39]: "INF(13:20:39.606):Attempt" 
Debug[13:20:39]: log_breakpoint 
Debug[13:20:39]: 5 
Debug[13:20:39]: signal in logmode 
Debug[13:20:39]: "INF(13:20:39.634):RDUM master connected" 
Debug[13:20:39]: log_breakpoint 
Debug[13:20:39]: 5 
Debug[13:20:39]: signal in logmode 
Debug[13:20:39]: "INF(13:20:39.637):Connected to \\.\COM16" 
Debug[13:20:39]: log_breakpoint 
Debug[13:20:39]: 5 
Warning[13:20:39]: Could not parse stylesheet of widget 0x2ca7410
Debug[13:20:39]: "Resume:Logs" 
Debug[13:20:39]: "Resume:Settings" 
Debug[13:20:39]: "Resume:UartUartController" 
Debug[13:20:39]: "Resume:UartSpiController" 
Debug[13:20:39]: "Resume:UartSsiController" 
Debug[13:20:39]: "Resume:DSI3Master" 
Debug[13:20:39]: "Resume:ASICMaster" 
Debug[13:20:39]: "Resume:RDUMMaster" 
Debug[13:20:39]: "Resume:DSI3Slave" 
Debug[13:20:39]: "Resume:Measurement" 
Debug[13:20:39]: "Resume:CFARsim" 
Debug[14:15:18]: "Suspend:Settings" 
Debug[14:15:18]: "Suspend:UartUartController" 
Debug[14:15:18]: "Suspend:UartSpiController" 
Debug[14:15:18]: "Suspend:UartSsiController" 
Debug[14:15:18]: "Suspend:DSI3Master" 
Debug[14:15:18]: "Suspend:ASICMaster" 
Debug[14:15:18]: "Suspend:RDUMMaster" 
Debug[14:15:18]: "Suspend:DSI3Slave" 
Debug[14:15:18]: "Suspend:Measurement" 
Debug[14:15:18]: "Suspend:CFARsim" 
Debug[14:15:18]: signal in logmode 
Debug[14:15:18]: "INF(14:15:18.336):Disconnect by user" 
Debug[14:15:18]: log_breakpoint 
Debug[14:15:18]: 5 
Debug[14:15:18]: signal in logmode 
Debug[14:15:18]: "INF(14:15:18.478):Disconnect by user" 
Debug[14:15:18]: log_breakpoint 
Debug[14:15:18]: 5 
