Warning[10:10:31]: QObject::connect: Cannot connect LocalServer::log(int,QString) to (null)::slot_addLog(int,QString)
Debug[10:10:31]: LocalServer:new "\\.\pipe\DSI3PAS" 
Debug[10:10:31]: Register specific 
Debug[10:10:32]: DynScaleCaclulate 
Debug[10:10:32]: "init 2 UartUartController" 
Debug[10:10:32]: Ok 
Debug[10:10:32]: "init 3 UartSpiController" 
Debug[10:10:32]: Ok 
Debug[10:10:32]: "init 4 UartSsiController" 
Debug[10:10:32]: Ok 
Debug[10:10:32]: "init 5 DSI3Master" 
Debug[10:10:32]: Ok 
Debug[10:10:32]: "init 6 ASICMaster" 
Debug[10:10:32]: Ok 
Debug[10:10:32]: "init 7 RDUMMaster" 
Debug[10:10:32]: Ok 
Debug[10:10:32]: "init 8 DSI3Slave" 
Debug[10:10:32]: Ok 
Debug[10:10:32]: "init 9 Measurement" 
Debug[10:10:33]: Ok 
Debug[10:10:33]: "init 10 CFARsim" 
Debug[10:10:33]: Ok 
Debug[10:10:33]: MainApp Starting... 
Debug[10:10:34]: Add applets to MainWindow...
 
Debug[10:10:34]: Initialize Connection... 
Debug[10:10:37]: signal in logmode 
Debug[10:10:37]: "INF(10:10:37.145):Connected to no_board" 
Debug[10:10:37]: log_breakpoint 
Debug[10:10:37]: 5 
Warning[10:10:37]: Could not parse stylesheet of widget 0x2a06d00
Debug[10:10:37]: "Resume:Logs" 
Debug[10:10:37]: "Resume:Settings" 
Debug[10:10:37]: "Resume:UartUartController" 
Debug[10:10:37]: "Resume:UartSpiController" 
Debug[10:10:37]: "Resume:UartSsiController" 
Debug[10:10:37]: "Resume:DSI3Master" 
Debug[10:10:37]: "Resume:ASICMaster" 
Debug[10:10:37]: "Resume:RDUMMaster" 
Debug[10:10:37]: "Resume:DSI3Slave" 
Debug[10:10:37]: "Resume:Measurement" 
Debug[10:10:37]: "Resume:CFARsim" 
Debug[10:10:51]: "Suspend:Settings" 
Debug[10:10:51]: "Suspend:UartUartController" 
Debug[10:10:51]: "Suspend:UartSpiController" 
Debug[10:10:51]: "Suspend:UartSsiController" 
Debug[10:10:51]: "Suspend:DSI3Master" 
Debug[10:10:51]: "Suspend:ASICMaster" 
Debug[10:10:51]: "Suspend:RDUMMaster" 
Debug[10:10:51]: "Suspend:DSI3Slave" 
Debug[10:10:51]: "Suspend:Measurement" 
Debug[10:10:51]: "Suspend:CFARsim" 
Debug[10:10:51]: signal in logmode 
Debug[10:10:51]: "INF(10:10:51.383):Disconnect by user" 
Debug[10:10:51]: log_breakpoint 
Debug[10:10:51]: 5 
Debug[10:10:51]: signal in logmode 
Debug[10:10:51]: "INF(10:10:51.405):Disconnect by user" 
Debug[10:10:51]: log_breakpoint 
Debug[10:10:51]: 5 
Warning[10:10:56]: QObject::connect: Cannot connect LocalServer::log(int,QString) to (null)::slot_addLog(int,QString)
Debug[10:10:56]: LocalServer:new "\\.\pipe\DSI3PAS" 
Debug[10:10:56]: Register specific 
Debug[10:10:57]: DynScaleCaclulate 
Debug[10:10:57]: "init 2 UartUartController" 
Debug[10:10:57]: Ok 
Debug[10:10:57]: "init 3 UartSpiController" 
Debug[10:10:57]: Ok 
Debug[10:10:57]: "init 4 UartSsiController" 
Debug[10:10:57]: Ok 
Debug[10:10:57]: "init 5 DSI3Master" 
Debug[10:10:57]: Ok 
Debug[10:10:57]: "init 6 ASICMaster" 
Debug[10:10:57]: Ok 
Debug[10:10:57]: "init 7 RDUMMaster" 
Debug[10:10:57]: Ok 
Debug[10:10:57]: "init 8 DSI3Slave" 
Debug[10:10:58]: Ok 
Debug[10:10:58]: "init 9 Measurement" 
Debug[10:10:58]: Ok 
Debug[10:10:58]: "init 10 CFARsim" 
Debug[10:10:58]: Ok 
Debug[10:10:58]: MainApp Starting... 
Debug[10:10:59]: Add applets to MainWindow...
 
Debug[10:10:59]: Initialize Connection... 
Debug[10:11:03]: signal in logmode 
Debug[10:11:03]: "INF(10:11:03.395):Disconnect by user" 
Debug[10:11:03]: log_breakpoint 
Debug[10:11:03]: 5 
Debug[10:11:03]: signal in logmode 
Debug[10:11:03]: "INF(10:11:03.419):Disconnect by user" 
Debug[10:11:03]: log_breakpoint 
Debug[10:11:03]: 5 
