Warning[09:00:07]: QObject::connect: Cannot connect LocalServer::log(int,QString) to (null)::slot_addLog(int,QString)
Debug[09:00:07]: LocalServer:new "\\.\pipe\DSI3PAS" 
Debug[09:00:07]: Register specific 
Debug[09:00:07]: DynScaleCaclulate 
Debug[09:00:07]: "init 2 UartUartController" 
Debug[09:00:07]: Ok 
Debug[09:00:07]: "init 3 UartSpiController" 
Debug[09:00:07]: Ok 
Debug[09:00:07]: "init 4 UartSsiController" 
Debug[09:00:07]: Ok 
Debug[09:00:07]: "init 5 DSI3Master" 
Debug[09:00:07]: Ok 
Debug[09:00:07]: "init 6 ASICMaster" 
Debug[09:00:07]: Ok 
Debug[09:00:07]: "init 7 RDUMMaster" 
Debug[09:00:07]: Ok 
Debug[09:00:07]: "init 8 DSI3Slave" 
Debug[09:00:08]: Ok 
Debug[09:00:08]: "init 9 Measurement" 
Debug[09:00:09]: Ok 
Debug[09:00:09]: "init 10 CFARsim" 
Debug[09:00:09]: Ok 
Debug[09:00:09]: MainApp Starting... 
Debug[09:00:10]: Add applets to MainWindow...
 
Debug[09:00:10]: Initialize Connection... 
Debug[09:00:10]: signal in logmode 
Debug[09:00:10]: "INF(09:00:10.855):Mode is OK" 
Debug[09:00:10]: log_breakpoint 
Debug[09:00:10]: 5 
Debug[09:00:10]: signal in logmode 
Debug[09:00:10]: "INF(09:00:10.861):Attempt" 
Debug[09:00:10]: log_breakpoint 
Debug[09:00:10]: 5 
Debug[09:00:11]: signal in logmode 
Debug[09:00:11]: "INF(09:00:11.176):Attempt" 
Debug[09:00:11]: log_breakpoint 
Debug[09:00:11]: 5 
Debug[09:00:11]: signal in logmode 
Debug[09:00:11]: "INF(09:00:11.485):Attempt" 
Debug[09:00:11]: log_breakpoint 
Debug[09:00:11]: 5 
Debug[09:00:11]: signal in logmode 
Debug[09:00:11]: "INF(09:00:11.796):Mode is OK" 
Debug[09:00:11]: log_breakpoint 
Debug[09:00:11]: 5 
Debug[09:00:11]: signal in logmode 
Debug[09:00:11]: "INF(09:00:11.799):Attempt" 
Debug[09:00:11]: log_breakpoint 
Debug[09:00:11]: 5 
Debug[09:00:12]: signal in logmode 
Debug[09:00:12]: "INF(09:00:12.111):Attempt" 
Debug[09:00:12]: log_breakpoint 
Debug[09:00:12]: 5 
Debug[09:00:12]: signal in logmode 
Debug[09:00:12]: "INF(09:00:12.421):Attempt" 
Debug[09:00:12]: log_breakpoint 
Debug[09:00:12]: 5 
Debug[09:00:12]: signal in logmode 
Debug[09:00:12]: "INF(09:00:12.731):Mode is OK" 
Debug[09:00:12]: log_breakpoint 
Debug[09:00:12]: 5 
Debug[09:00:12]: signal in logmode 
Debug[09:00:12]: "INF(09:00:12.738):Attempt" 
Debug[09:00:12]: log_breakpoint 
Debug[09:00:12]: 5 
Debug[09:00:12]: signal in logmode 
Debug[09:00:12]: "INF(09:00:12.905):Mode is OK" 
Debug[09:00:12]: log_breakpoint 
Debug[09:00:12]: 5 
Debug[09:00:12]: signal in logmode 
Debug[09:00:12]: "INF(09:00:12.964):Attempt" 
Debug[09:00:12]: log_breakpoint 
Debug[09:00:12]: 5 
Debug[09:00:13]: signal in logmode 
Debug[09:00:13]: "INF(09:00:13.279):Attempt" 
Debug[09:00:13]: log_breakpoint 
Debug[09:00:13]: 5 
Debug[09:00:13]: signal in logmode 
Debug[09:00:13]: "INF(09:00:13.589):Attempt" 
Debug[09:00:13]: log_breakpoint 
Debug[09:00:13]: 5 
Debug[09:00:13]: signal in logmode 
Debug[09:00:13]: "INF(09:00:13.901):Mode is OK" 
Debug[09:00:13]: log_breakpoint 
Debug[09:00:13]: 5 
Debug[09:00:13]: signal in logmode 
Debug[09:00:13]: "INF(09:00:13.908):Attempt" 
Debug[09:00:13]: log_breakpoint 
Debug[09:00:13]: 5 
Debug[09:00:14]: signal in logmode 
Debug[09:00:14]: "INF(09:00:14.229):Attempt" 
Debug[09:00:14]: log_breakpoint 
Debug[09:00:14]: 5 
Debug[09:00:14]: signal in logmode 
Debug[09:00:14]: "INF(09:00:14.544):Attempt" 
Debug[09:00:14]: log_breakpoint 
Debug[09:00:14]: 5 
Debug[09:00:14]: signal in logmode 
Debug[09:00:14]: "INF(09:00:14.852):Mode is OK" 
Debug[09:00:14]: log_breakpoint 
Debug[09:00:14]: 5 
Debug[09:00:14]: signal in logmode 
Debug[09:00:14]: "INF(09:00:14.858):Attempt" 
Debug[09:00:14]: log_breakpoint 
Debug[09:00:14]: 5 
Debug[09:00:15]: signal in logmode 
Debug[09:00:15]: "INF(09:00:15.179):Attempt" 
Debug[09:00:15]: log_breakpoint 
Debug[09:00:15]: 5 
Debug[09:00:15]: signal in logmode 
Debug[09:00:15]: "INF(09:00:15.493):Attempt" 
Debug[09:00:15]: log_breakpoint 
Debug[09:00:15]: 5 
Debug[09:00:15]: signal in logmode 
Debug[09:00:15]: "INF(09:00:15.936):Mode is OK" 
Debug[09:00:15]: log_breakpoint 
Debug[09:00:15]: 5 
Debug[09:00:15]: signal in logmode 
Debug[09:00:15]: "INF(09:00:15.940):Attempt" 
Debug[09:00:15]: log_breakpoint 
Debug[09:00:15]: 5 
Debug[09:00:16]: signal in logmode 
Debug[09:00:16]: "INF(09:00:16.256):Attempt" 
Debug[09:00:16]: log_breakpoint 
Debug[09:00:16]: 5 
Debug[09:00:16]: signal in logmode 
Debug[09:00:16]: "INF(09:00:16.582):Attempt" 
Debug[09:00:16]: log_breakpoint 
Debug[09:00:16]: 5 
Debug[09:00:16]: signal in logmode 
Debug[09:00:16]: "INF(09:00:16.895):Mode is OK" 
Debug[09:00:16]: log_breakpoint 
Debug[09:00:16]: 5 
Debug[09:00:16]: signal in logmode 
Debug[09:00:16]: "INF(09:00:16.901):Attempt" 
Debug[09:00:16]: log_breakpoint 
Debug[09:00:16]: 5 
Debug[09:00:17]: signal in logmode 
Debug[09:00:17]: "INF(09:00:17.225):Attempt" 
Debug[09:00:17]: log_breakpoint 
Debug[09:00:17]: 5 
Debug[09:00:17]: signal in logmode 
Debug[09:00:17]: "INF(09:00:17.537):Attempt" 
Debug[09:00:17]: log_breakpoint 
Debug[09:00:17]: 5 
Debug[09:00:17]: signal in logmode 
Debug[09:00:17]: "INF(09:00:17.849):Mode is OK" 
Debug[09:00:17]: log_breakpoint 
Debug[09:00:17]: 5 
Debug[09:00:17]: signal in logmode 
Debug[09:00:17]: "INF(09:00:17.855):Attempt" 
Debug[09:00:17]: log_breakpoint 
Debug[09:00:17]: 5 
Debug[09:00:18]: signal in logmode 
Debug[09:00:18]: "INF(09:00:18.177):Attempt" 
Debug[09:00:18]: log_breakpoint 
Debug[09:00:18]: 5 
Debug[09:00:18]: signal in logmode 
Debug[09:00:18]: "INF(09:00:18.488):Attempt" 
Debug[09:00:18]: log_breakpoint 
Debug[09:00:18]: 5 
Warning[09:00:19]: QFileSystemWatcher: failed to add paths: C:/REPO/DSI3PAS2_workingdir/DSI3PAS2/Software/bin/ULSEverification_configfiles, C:/REPO/DSI3PAS2_workingdir/DSI3PAS2/Software/bin/ConfigFiles_29_1_2021_Jiri_MOBIS, C:/Users/fg6cnq/Desktop/DSI3PAS2_UART_QtSW_20210129_1511, C:/Users/zbdn9w/Desktop/Temp/CFAR QT uprava ToF, C:/Users/zbdn9w/Desktop/Temp/CFAR QT Komprimace do CSV, U:/Dokumenty/MOBIS/Crosstalk 11-2021
Debug[09:00:20]: signal in logmode 
Debug[09:00:20]: "INF(09:00:20.803):Mode is OK" 
Debug[09:00:20]: log_breakpoint 
Debug[09:00:20]: 5 
Debug[09:00:20]: signal in logmode 
Debug[09:00:20]: "INF(09:00:20.807):Attempt" 
Debug[09:00:20]: log_breakpoint 
Debug[09:00:20]: 5 
Debug[09:00:21]: signal in logmode 
Debug[09:00:21]: "INF(09:00:21.116):Attempt" 
Debug[09:00:21]: log_breakpoint 
Debug[09:00:21]: 5 
Debug[09:00:21]: signal in logmode 
Debug[09:00:21]: "INF(09:00:21.426):Attempt" 
Debug[09:00:21]: log_breakpoint 
Debug[09:00:21]: 5 
Debug[09:00:21]: signal in logmode 
Debug[09:00:21]: "INF(09:00:21.736):Mode is OK" 
Debug[09:00:21]: log_breakpoint 
Debug[09:00:21]: 5 
Debug[09:00:21]: signal in logmode 
Debug[09:00:21]: "INF(09:00:21.743):Attempt" 
Debug[09:00:21]: log_breakpoint 
Debug[09:00:21]: 5 
Debug[09:00:22]: signal in logmode 
Debug[09:00:22]: "INF(09:00:22.063):Attempt" 
Debug[09:00:22]: log_breakpoint 
Debug[09:00:22]: 5 
Debug[09:00:22]: signal in logmode 
Debug[09:00:22]: "INF(09:00:22.376):Attempt" 
Debug[09:00:22]: log_breakpoint 
Debug[09:00:22]: 5 
Debug[09:00:22]: signal in logmode 
Debug[09:00:22]: "INF(09:00:22.684):Mode is OK" 
Debug[09:00:22]: log_breakpoint 
Debug[09:00:22]: 5 
Debug[09:00:22]: signal in logmode 
Debug[09:00:22]: "INF(09:00:22.698):Attempt" 
Debug[09:00:22]: log_breakpoint 
Debug[09:00:22]: 5 
Debug[09:00:22]: signal in logmode 
Debug[09:00:22]: "INF(09:00:22.703):RDUM master connected" 
Debug[09:00:22]: log_breakpoint 
Debug[09:00:22]: 5 
Debug[09:00:22]: signal in logmode 
Debug[09:00:22]: "INF(09:00:22.707):Connected to \\.\COM16" 
Debug[09:00:22]: log_breakpoint 
Debug[09:00:22]: 5 
Warning[09:00:22]: Could not parse stylesheet of widget 0x3112528
Debug[09:00:22]: "Resume:Logs" 
Debug[09:00:22]: "Resume:Settings" 
Debug[09:00:22]: "Resume:UartUartController" 
Debug[09:00:22]: "Resume:UartSpiController" 
Debug[09:00:22]: "Resume:UartSsiController" 
Debug[09:00:22]: "Resume:DSI3Master" 
Debug[09:00:22]: "Resume:ASICMaster" 
Debug[09:00:22]: "Resume:RDUMMaster" 
Debug[09:00:22]: "Resume:DSI3Slave" 
Debug[09:00:22]: "Resume:Measurement" 
Debug[09:00:22]: "Resume:CFARsim" 
Debug[11:47:20]: "Suspend:Settings" 
Debug[11:47:20]: "Suspend:UartUartController" 
Debug[11:47:20]: "Suspend:UartSpiController" 
Debug[11:47:20]: "Suspend:UartSsiController" 
Debug[11:47:20]: "Suspend:DSI3Master" 
Debug[11:47:20]: "Suspend:ASICMaster" 
Debug[11:47:20]: "Suspend:RDUMMaster" 
Debug[11:47:20]: "Suspend:DSI3Slave" 
Debug[11:47:20]: "Suspend:Measurement" 
Debug[11:47:20]: "Suspend:CFARsim" 
Debug[11:47:20]: signal in logmode 
Debug[11:47:20]: "INF(11:47:20.423):Disconnect by user" 
Debug[11:47:20]: log_breakpoint 
Debug[11:47:20]: 5 
Debug[11:47:20]: signal in logmode 
Debug[11:47:20]: "INF(11:47:20.576):Disconnect by user" 
Debug[11:47:20]: log_breakpoint 
Debug[11:47:20]: 5 
Warning[13:00:45]: QObject::connect: Cannot connect LocalServer::log(int,QString) to (null)::slot_addLog(int,QString)
Debug[13:00:45]: LocalServer:new "\\.\pipe\DSI3PAS" 
Debug[13:00:45]: Register specific 
Debug[13:00:46]: DynScaleCaclulate 
Debug[13:00:46]: "init 2 UartUartController" 
Debug[13:00:46]: Ok 
Debug[13:00:46]: "init 3 UartSpiController" 
Debug[13:00:46]: Ok 
Debug[13:00:46]: "init 4 UartSsiController" 
Debug[13:00:46]: Ok 
Debug[13:00:46]: "init 5 DSI3Master" 
Debug[13:00:46]: Ok 
Debug[13:00:46]: "init 6 ASICMaster" 
Debug[13:00:46]: Ok 
Debug[13:00:46]: "init 7 RDUMMaster" 
Debug[13:00:46]: Ok 
Debug[13:00:46]: "init 8 DSI3Slave" 
Debug[13:00:46]: Ok 
Debug[13:00:46]: "init 9 Measurement" 
Debug[13:00:47]: Ok 
Debug[13:00:47]: "init 10 CFARsim" 
Debug[13:00:47]: Ok 
Debug[13:00:47]: MainApp Starting... 
Debug[13:00:48]: Add applets to MainWindow...
 
Debug[13:00:48]: Initialize Connection... 
Debug[13:00:48]: signal in logmode 
Debug[13:00:48]: "INF(13:00:48.654):Mode is OK" 
Debug[13:00:48]: log_breakpoint 
Debug[13:00:48]: 5 
Debug[13:00:48]: signal in logmode 
Debug[13:00:48]: "INF(13:00:48.656):Attempt" 
Debug[13:00:48]: log_breakpoint 
Debug[13:00:48]: 5 
Debug[13:00:48]: signal in logmode 
Debug[13:00:48]: "INF(13:00:48.960):Attempt" 
Debug[13:00:48]: log_breakpoint 
Debug[13:00:48]: 5 
Debug[13:00:49]: signal in logmode 
Debug[13:00:49]: "INF(13:00:49.272):Attempt" 
Debug[13:00:49]: log_breakpoint 
Debug[13:00:49]: 5 
Debug[13:00:49]: signal in logmode 
Debug[13:00:49]: "INF(13:00:49.583):Mode is OK" 
Debug[13:00:49]: log_breakpoint 
Debug[13:00:49]: 5 
Debug[13:00:49]: signal in logmode 
Debug[13:00:49]: "INF(13:00:49.586):Attempt" 
Debug[13:00:49]: log_breakpoint 
Debug[13:00:49]: 5 
Debug[13:00:49]: signal in logmode 
Debug[13:00:49]: "INF(13:00:49.895):Attempt" 
Debug[13:00:49]: log_breakpoint 
Debug[13:00:49]: 5 
Debug[13:00:50]: signal in logmode 
Debug[13:00:50]: "INF(13:00:50.204):Attempt" 
Debug[13:00:50]: log_breakpoint 
Debug[13:00:50]: 5 
Debug[13:00:50]: signal in logmode 
Debug[13:00:50]: "INF(13:00:50.517):Mode is OK" 
Debug[13:00:50]: log_breakpoint 
Debug[13:00:50]: 5 
Debug[13:00:50]: signal in logmode 
Debug[13:00:50]: "INF(13:00:50.522):Attempt" 
Debug[13:00:50]: log_breakpoint 
Debug[13:00:50]: 5 
Debug[13:00:50]: signal in logmode 
Debug[13:00:50]: "INF(13:00:50.678):Mode is OK" 
Debug[13:00:50]: log_breakpoint 
Debug[13:00:50]: 5 
Debug[13:00:50]: signal in logmode 
Debug[13:00:50]: "INF(13:00:50.681):Attempt" 
Debug[13:00:50]: log_breakpoint 
Debug[13:00:50]: 5 
Debug[13:00:50]: signal in logmode 
Debug[13:00:50]: "INF(13:00:50.999):Attempt" 
Debug[13:00:51]: log_breakpoint 
Debug[13:00:51]: 5 
Debug[13:00:51]: signal in logmode 
Debug[13:00:51]: "INF(13:00:51.311):Attempt" 
Debug[13:00:51]: log_breakpoint 
Debug[13:00:51]: 5 
Debug[13:00:51]: signal in logmode 
Debug[13:00:51]: "INF(13:00:51.622):Mode is OK" 
Debug[13:00:51]: log_breakpoint 
Debug[13:00:51]: 5 
Debug[13:00:51]: signal in logmode 
Debug[13:00:51]: "INF(13:00:51.626):Attempt" 
Debug[13:00:51]: log_breakpoint 
Debug[13:00:51]: 5 
Debug[13:00:51]: signal in logmode 
Debug[13:00:51]: "INF(13:00:51.934):Attempt" 
Debug[13:00:51]: log_breakpoint 
Debug[13:00:51]: 5 
Debug[13:00:52]: signal in logmode 
Debug[13:00:52]: "INF(13:00:52.246):Attempt" 
Debug[13:00:52]: log_breakpoint 
Debug[13:00:52]: 5 
Debug[13:00:52]: signal in logmode 
Debug[13:00:52]: "INF(13:00:52.556):Mode is OK" 
Debug[13:00:52]: log_breakpoint 
Debug[13:00:52]: 5 
Debug[13:00:52]: signal in logmode 
Debug[13:00:52]: "INF(13:00:52.558):Attempt" 
Debug[13:00:52]: log_breakpoint 
Debug[13:00:52]: 5 
Debug[13:00:52]: signal in logmode 
Debug[13:00:52]: "INF(13:00:52.869):Attempt" 
Debug[13:00:52]: log_breakpoint 
Debug[13:00:52]: 5 
Debug[13:00:53]: signal in logmode 
Debug[13:00:53]: "INF(13:00:53.180):Attempt" 
Debug[13:00:53]: log_breakpoint 
Debug[13:00:53]: 5 
Debug[13:00:53]: signal in logmode 
Debug[13:00:53]: "INF(13:00:53.629):Mode is OK" 
Debug[13:00:53]: log_breakpoint 
Debug[13:00:53]: 5 
Debug[13:00:53]: signal in logmode 
Debug[13:00:53]: "INF(13:00:53.631):Attempt" 
Debug[13:00:53]: log_breakpoint 
Debug[13:00:53]: 5 
Debug[13:00:53]: signal in logmode 
Debug[13:00:53]: "INF(13:00:53.946):Attempt" 
Debug[13:00:53]: log_breakpoint 
Debug[13:00:53]: 5 
Debug[13:00:54]: signal in logmode 
Debug[13:00:54]: "INF(13:00:54.260):Attempt" 
Debug[13:00:54]: log_breakpoint 
Debug[13:00:54]: 5 
Debug[13:00:54]: signal in logmode 
Debug[13:00:54]: "INF(13:00:54.571):Mode is OK" 
Debug[13:00:54]: log_breakpoint 
Debug[13:00:54]: 5 
Debug[13:00:54]: signal in logmode 
Debug[13:00:54]: "INF(13:00:54.575):Attempt" 
Debug[13:00:54]: log_breakpoint 
Debug[13:00:54]: 5 
Debug[13:00:54]: signal in logmode 
Debug[13:00:54]: "INF(13:00:54.881):Attempt" 
Debug[13:00:54]: log_breakpoint 
Debug[13:00:54]: 5 
Debug[13:00:55]: signal in logmode 
Debug[13:00:55]: "INF(13:00:55.192):Attempt" 
Debug[13:00:55]: log_breakpoint 
Debug[13:00:55]: 5 
Debug[13:00:55]: signal in logmode 
Debug[13:00:55]: "INF(13:00:55.506):Mode is OK" 
Debug[13:00:55]: log_breakpoint 
Debug[13:00:55]: 5 
Debug[13:00:55]: signal in logmode 
Debug[13:00:55]: "INF(13:00:55.510):Attempt" 
Debug[13:00:55]: log_breakpoint 
Debug[13:00:55]: 5 
Debug[13:00:55]: signal in logmode 
Debug[13:00:55]: "INF(13:00:55.818):Attempt" 
Debug[13:00:55]: log_breakpoint 
Debug[13:00:55]: 5 
Debug[13:00:56]: signal in logmode 
Debug[13:00:56]: "INF(13:00:56.131):Attempt" 
Debug[13:00:56]: log_breakpoint 
Debug[13:00:56]: 5 
Warning[13:00:56]: QFileSystemWatcher: failed to add paths: C:/REPO/DSI3PAS2_workingdir/DSI3PAS2/Software/bin/ULSEverification_configfiles, C:/REPO/DSI3PAS2_workingdir/DSI3PAS2/Software/bin/ConfigFiles_29_1_2021_Jiri_MOBIS, C:/Users/fg6cnq/Desktop/DSI3PAS2_UART_QtSW_20210129_1511, C:/Users/zbdn9w/Desktop/Temp/CFAR QT uprava ToF, C:/Users/zbdn9w/Desktop/Temp/CFAR QT Komprimace do CSV, U:/Dokumenty/MOBIS/Crosstalk 11-2021
Debug[13:00:58]: signal in logmode 
Debug[13:00:58]: "INF(13:00:58.857):Mode is OK" 
Debug[13:00:58]: log_breakpoint 
Debug[13:00:58]: 5 
Debug[13:00:58]: signal in logmode 
Debug[13:00:58]: "INF(13:00:58.860):Attempt" 
Debug[13:00:58]: log_breakpoint 
Debug[13:00:58]: 5 
Debug[13:00:59]: signal in logmode 
Debug[13:00:59]: "INF(13:00:59.181):Attempt" 
Debug[13:00:59]: log_breakpoint 
Debug[13:00:59]: 5 
Debug[13:00:59]: signal in logmode 
Debug[13:00:59]: "INF(13:00:59.495):Attempt" 
Debug[13:00:59]: log_breakpoint 
Debug[13:00:59]: 5 
Debug[13:00:59]: signal in logmode 
Debug[13:00:59]: "INF(13:00:59.807):Mode is OK" 
Debug[13:00:59]: log_breakpoint 
Debug[13:00:59]: 5 
Debug[13:00:59]: signal in logmode 
Debug[13:00:59]: "INF(13:00:59.811):Attempt" 
Debug[13:00:59]: log_breakpoint 
Debug[13:00:59]: 5 
Debug[13:01:00]: signal in logmode 
Debug[13:01:00]: "INF(13:01:00.122):Attempt" 
Debug[13:01:00]: log_breakpoint 
Debug[13:01:00]: 5 
Debug[13:01:00]: signal in logmode 
Debug[13:01:00]: "INF(13:01:00.434):Attempt" 
Debug[13:01:00]: log_breakpoint 
Debug[13:01:00]: 5 
Debug[13:01:00]: signal in logmode 
Debug[13:01:00]: "INF(13:01:00.745):Mode is OK" 
Debug[13:01:00]: log_breakpoint 
Debug[13:01:00]: 5 
Debug[13:01:00]: signal in logmode 
Debug[13:01:00]: "INF(13:01:00.749):Attempt" 
Debug[13:01:00]: log_breakpoint 
Debug[13:01:00]: 5 
Debug[13:01:00]: signal in logmode 
Debug[13:01:00]: "INF(13:01:00.773):RDUM master connected" 
Debug[13:01:00]: log_breakpoint 
Debug[13:01:00]: 5 
Debug[13:01:00]: signal in logmode 
Debug[13:01:00]: "INF(13:01:00.775):Connected to \\.\COM16" 
Debug[13:01:00]: log_breakpoint 
Debug[13:01:00]: 5 
Warning[13:01:00]: Could not parse stylesheet of widget 0x30b31e8
Debug[13:01:00]: "Resume:Logs" 
Debug[13:01:00]: "Resume:Settings" 
Debug[13:01:00]: "Resume:UartUartController" 
Debug[13:01:00]: "Resume:UartSpiController" 
Debug[13:01:00]: "Resume:UartSsiController" 
Debug[13:01:00]: "Resume:DSI3Master" 
Debug[13:01:00]: "Resume:ASICMaster" 
Debug[13:01:00]: "Resume:RDUMMaster" 
Debug[13:01:00]: "Resume:DSI3Slave" 
Debug[13:01:00]: "Resume:Measurement" 
Debug[13:01:00]: "Resume:CFARsim" 
Debug[14:30:14]: "Suspend:Settings" 
Debug[14:30:14]: "Suspend:UartUartController" 
Debug[14:30:14]: "Suspend:UartSpiController" 
Debug[14:30:14]: "Suspend:UartSsiController" 
Debug[14:30:14]: "Suspend:DSI3Master" 
Debug[14:30:14]: "Suspend:ASICMaster" 
Debug[14:30:14]: "Suspend:RDUMMaster" 
Debug[14:30:14]: "Suspend:DSI3Slave" 
Debug[14:30:14]: "Suspend:Measurement" 
Debug[14:30:14]: "Suspend:CFARsim" 
Debug[14:30:14]: signal in logmode 
Debug[14:30:14]: "INF(14:30:14.462):Disconnect by user" 
Debug[14:30:14]: log_breakpoint 
Debug[14:30:14]: 5 
Debug[14:30:14]: signal in logmode 
Debug[14:30:14]: "INF(14:30:14.497):Disconnect by user" 
Debug[14:30:14]: log_breakpoint 
Debug[14:30:14]: 5 
