Warning[14:01:31]: QObject::connect: Cannot connect LocalServer::log(int,QString) to (null)::slot_addLog(int,QString)
Debug[14:01:31]: LocalServer:new "\\.\pipe\DSI3PAS" 
Debug[14:01:31]: Register specific 
Debug[14:01:32]: DynScaleCaclulate 
Debug[14:01:32]: "init 2 UartUartController" 
Debug[14:01:32]: Ok 
Debug[14:01:32]: "init 3 UartSpiController" 
Debug[14:01:32]: Ok 
Debug[14:01:32]: "init 4 UartSsiController" 
Debug[14:01:32]: Ok 
Debug[14:01:32]: "init 5 DSI3Master" 
Debug[14:01:32]: Ok 
Debug[14:01:32]: "init 6 ASICMaster" 
Debug[14:01:32]: Ok 
Debug[14:01:32]: "init 7 RDUMMaster" 
Debug[14:01:32]: Ok 
Debug[14:01:32]: "init 8 DSI3Slave" 
Debug[14:01:33]: Ok 
Debug[14:01:33]: "init 9 Measurement" 
Debug[14:01:34]: Ok 
Debug[14:01:34]: "init 10 CFARsim" 
Debug[14:01:34]: Ok 
Debug[14:01:34]: MainApp Starting... 
Debug[14:01:34]: Add applets to MainWindow...
 
Debug[14:01:34]: Initialize Connection... 
Debug[14:01:35]: signal in logmode 
Debug[14:01:35]: "INF(14:01:35.185):Mode is OK" 
Debug[14:01:35]: log_breakpoint 
Debug[14:01:35]: 5 
Debug[14:01:35]: signal in logmode 
Debug[14:01:35]: "INF(14:01:35.189):Attempt" 
Debug[14:01:35]: log_breakpoint 
Debug[14:01:35]: 5 
Debug[14:01:35]: signal in logmode 
Debug[14:01:35]: "INF(14:01:35.498):Attempt" 
Debug[14:01:35]: log_breakpoint 
Debug[14:01:35]: 5 
Debug[14:01:35]: signal in logmode 
Debug[14:01:35]: "INF(14:01:35.814):Attempt" 
Debug[14:01:35]: log_breakpoint 
Debug[14:01:35]: 5 
Debug[14:01:36]: signal in logmode 
Debug[14:01:36]: "INF(14:01:36.126):Mode is OK" 
Debug[14:01:36]: log_breakpoint 
Debug[14:01:36]: 5 
Debug[14:01:36]: signal in logmode 
Debug[14:01:36]: "INF(14:01:36.132):Attempt" 
Debug[14:01:36]: log_breakpoint 
Debug[14:01:36]: 5 
Debug[14:01:36]: signal in logmode 
Debug[14:01:36]: "INF(14:01:36.441):Attempt" 
Debug[14:01:36]: log_breakpoint 
Debug[14:01:36]: 5 
Debug[14:01:36]: signal in logmode 
Debug[14:01:36]: "INF(14:01:36.755):Attempt" 
Debug[14:01:36]: log_breakpoint 
Debug[14:01:36]: 5 
Debug[14:01:37]: signal in logmode 
Debug[14:01:37]: "INF(14:01:37.067):Mode is OK" 
Debug[14:01:37]: log_breakpoint 
Debug[14:01:37]: 5 
Debug[14:01:37]: signal in logmode 
Debug[14:01:37]: "INF(14:01:37.072):Attempt" 
Debug[14:01:37]: log_breakpoint 
Debug[14:01:37]: 5 
Debug[14:01:37]: signal in logmode 
Debug[14:01:37]: "INF(14:01:37.226):Mode is OK" 
Debug[14:01:37]: log_breakpoint 
Debug[14:01:37]: 5 
Debug[14:01:37]: signal in logmode 
Debug[14:01:37]: "INF(14:01:37.230):Attempt" 
Debug[14:01:37]: log_breakpoint 
Debug[14:01:37]: 5 
Debug[14:01:37]: signal in logmode 
Debug[14:01:37]: "INF(14:01:37.548):Attempt" 
Debug[14:01:37]: log_breakpoint 
Debug[14:01:37]: 5 
Debug[14:01:37]: signal in logmode 
Debug[14:01:37]: "INF(14:01:37.862):Attempt" 
Debug[14:01:37]: log_breakpoint 
Debug[14:01:37]: 5 
Debug[14:01:38]: signal in logmode 
Debug[14:01:38]: "INF(14:01:38.174):Mode is OK" 
Debug[14:01:38]: log_breakpoint 
Debug[14:01:38]: 5 
Debug[14:01:38]: signal in logmode 
Debug[14:01:38]: "INF(14:01:38.178):Attempt" 
Debug[14:01:38]: log_breakpoint 
Debug[14:01:38]: 5 
Debug[14:01:38]: signal in logmode 
Debug[14:01:38]: "INF(14:01:38.491):Attempt" 
Debug[14:01:38]: log_breakpoint 
Debug[14:01:38]: 5 
Debug[14:01:38]: signal in logmode 
Debug[14:01:38]: "INF(14:01:38.801):Attempt" 
Debug[14:01:38]: log_breakpoint 
Debug[14:01:38]: 5 
Debug[14:01:39]: signal in logmode 
Debug[14:01:39]: "INF(14:01:39.114):Mode is OK" 
Debug[14:01:39]: log_breakpoint 
Debug[14:01:39]: 5 
Debug[14:01:39]: signal in logmode 
Debug[14:01:39]: "INF(14:01:39.119):Attempt" 
Debug[14:01:39]: log_breakpoint 
Debug[14:01:39]: 5 
Debug[14:01:39]: signal in logmode 
Debug[14:01:39]: "INF(14:01:39.426):Attempt" 
Debug[14:01:39]: log_breakpoint 
Debug[14:01:39]: 5 
Debug[14:01:39]: signal in logmode 
Debug[14:01:39]: "INF(14:01:39.736):Attempt" 
Debug[14:01:39]: log_breakpoint 
Debug[14:01:39]: 5 
Debug[14:01:40]: signal in logmode 
Debug[14:01:40]: "INF(14:01:40.048):Mode is OK" 
Debug[14:01:40]: log_breakpoint 
Debug[14:01:40]: 5 
Debug[14:01:40]: signal in logmode 
Debug[14:01:40]: "INF(14:01:40.055):Attempt" 
Debug[14:01:40]: log_breakpoint 
Debug[14:01:40]: 5 
Debug[14:01:40]: signal in logmode 
Debug[14:01:40]: "INF(14:01:40.376):Attempt" 
Debug[14:01:40]: log_breakpoint 
Debug[14:01:40]: 5 
Debug[14:01:40]: signal in logmode 
Debug[14:01:40]: "INF(14:01:40.693):Attempt" 
Debug[14:01:40]: log_breakpoint 
Debug[14:01:40]: 5 
Debug[14:01:53]: signal in logmode 
Debug[14:01:53]: "INF(14:01:53.910):Mode is OK" 
Debug[14:01:53]: log_breakpoint 
Debug[14:01:53]: 5 
Debug[14:01:53]: signal in logmode 
Debug[14:01:53]: "INF(14:01:53.913):Attempt" 
Debug[14:01:53]: log_breakpoint 
Debug[14:01:53]: 5 
Debug[14:01:54]: signal in logmode 
Debug[14:01:54]: "INF(14:01:54.230):Attempt" 
Debug[14:01:54]: log_breakpoint 
Debug[14:01:54]: 5 
Debug[14:01:54]: signal in logmode 
Debug[14:01:54]: "INF(14:01:54.539):Attempt" 
Debug[14:01:54]: log_breakpoint 
Debug[14:01:54]: 5 
Debug[14:01:54]: signal in logmode 
Debug[14:01:54]: "INF(14:01:54.854):Mode is OK" 
Debug[14:01:54]: log_breakpoint 
Debug[14:01:54]: 5 
Debug[14:01:54]: signal in logmode 
Debug[14:01:54]: "INF(14:01:54.858):Attempt" 
Debug[14:01:54]: log_breakpoint 
Debug[14:01:54]: 5 
Debug[14:01:55]: signal in logmode 
Debug[14:01:55]: "INF(14:01:55.165):Attempt" 
Debug[14:01:55]: log_breakpoint 
Debug[14:01:55]: 5 
Debug[14:01:55]: signal in logmode 
Debug[14:01:55]: "INF(14:01:55.477):Attempt" 
Debug[14:01:55]: log_breakpoint 
Debug[14:01:55]: 5 
Debug[14:01:55]: signal in logmode 
Debug[14:01:55]: "INF(14:01:55.791):Mode is OK" 
Debug[14:01:55]: log_breakpoint 
Debug[14:01:55]: 5 
Debug[14:01:55]: signal in logmode 
Debug[14:01:55]: "INF(14:01:55.796):Attempt" 
Debug[14:01:55]: log_breakpoint 
Debug[14:01:55]: 5 
Debug[14:01:55]: signal in logmode 
Debug[14:01:55]: "INF(14:01:55.822):RDUM master connected" 
Debug[14:01:55]: log_breakpoint 
Debug[14:01:55]: 5 
Debug[14:01:55]: signal in logmode 
Debug[14:01:55]: "INF(14:01:55.826):Connected to \\.\COM82" 
Debug[14:01:55]: log_breakpoint 
Debug[14:01:55]: 5 
Warning[14:01:55]: Could not parse stylesheet of widget 0x33c70e0
Debug[14:01:55]: "Resume:Logs" 
Debug[14:01:55]: "Resume:Settings" 
Debug[14:01:55]: "Resume:UartUartController" 
Debug[14:01:55]: "Resume:UartSpiController" 
Debug[14:01:55]: "Resume:UartSsiController" 
Debug[14:01:55]: "Resume:DSI3Master" 
Debug[14:01:55]: "Resume:ASICMaster" 
Debug[14:01:55]: "Resume:RDUMMaster" 
Debug[14:01:55]: "Resume:DSI3Slave" 
Debug[14:01:55]: "Resume:Measurement" 
Debug[14:01:55]: "Resume:CFARsim" 
Debug[14:11:48]: "Suspend:Settings" 
Debug[14:11:48]: "Suspend:UartUartController" 
Debug[14:11:48]: "Suspend:UartSpiController" 
Debug[14:11:48]: "Suspend:UartSsiController" 
Debug[14:11:48]: "Suspend:DSI3Master" 
Debug[14:11:48]: "Suspend:ASICMaster" 
Debug[14:11:48]: "Suspend:RDUMMaster" 
Debug[14:11:48]: "Suspend:DSI3Slave" 
Debug[14:11:48]: "Suspend:Measurement" 
Debug[14:11:48]: "Suspend:CFARsim" 
Debug[14:11:48]: signal in logmode 
Debug[14:11:48]: "INF(14:11:48.969):Disconnect by user" 
Debug[14:11:48]: log_breakpoint 
Debug[14:11:48]: 5 
Debug[14:11:49]: signal in logmode 
Debug[14:11:49]: "INF(14:11:49.156):Disconnect by user" 
Debug[14:11:49]: log_breakpoint 
Debug[14:11:49]: 5 
Warning[14:13:08]: QObject::connect: Cannot connect LocalServer::log(int,QString) to (null)::slot_addLog(int,QString)
Debug[14:13:08]: LocalServer:new "\\.\pipe\DSI3PAS" 
Debug[14:13:08]: Register specific 
Debug[14:13:09]: DynScaleCaclulate 
Debug[14:13:09]: "init 2 UartUartController" 
Debug[14:13:09]: Ok 
Debug[14:13:09]: "init 3 UartSpiController" 
Debug[14:13:09]: Ok 
Debug[14:13:09]: "init 4 UartSsiController" 
Debug[14:13:09]: Ok 
Debug[14:13:09]: "init 5 DSI3Master" 
Debug[14:13:09]: Ok 
Debug[14:13:09]: "init 6 ASICMaster" 
Debug[14:13:09]: Ok 
Debug[14:13:09]: "init 7 RDUMMaster" 
Debug[14:13:09]: Ok 
Debug[14:13:09]: "init 8 DSI3Slave" 
Debug[14:13:10]: Ok 
Debug[14:13:10]: "init 9 Measurement" 
Debug[14:13:10]: Ok 
Debug[14:13:10]: "init 10 CFARsim" 
Debug[14:13:10]: Ok 
Debug[14:13:10]: MainApp Starting... 
Debug[14:13:11]: Add applets to MainWindow...
 
Debug[14:13:11]: Initialize Connection... 
Debug[14:13:11]: signal in logmode 
Debug[14:13:11]: "INF(14:13:11.913):Mode is OK" 
Debug[14:13:11]: log_breakpoint 
Debug[14:13:11]: 5 
Debug[14:13:11]: signal in logmode 
Debug[14:13:11]: "INF(14:13:11.917):Attempt" 
Debug[14:13:11]: log_breakpoint 
Debug[14:13:11]: 5 
Debug[14:13:12]: signal in logmode 
Debug[14:13:12]: "INF(14:13:12.236):Attempt" 
Debug[14:13:12]: log_breakpoint 
Debug[14:13:12]: 5 
Debug[14:13:12]: signal in logmode 
Debug[14:13:12]: "INF(14:13:12.548):Attempt" 
Debug[14:13:12]: log_breakpoint 
Debug[14:13:12]: 5 
Debug[14:13:12]: signal in logmode 
Debug[14:13:12]: "INF(14:13:12.860):Mode is OK" 
Debug[14:13:12]: log_breakpoint 
Debug[14:13:12]: 5 
Debug[14:13:12]: signal in logmode 
Debug[14:13:12]: "INF(14:13:12.863):Attempt" 
Debug[14:13:12]: log_breakpoint 
Debug[14:13:12]: 5 
Debug[14:13:13]: signal in logmode 
Debug[14:13:13]: "INF(14:13:13.169):Attempt" 
Debug[14:13:13]: log_breakpoint 
Debug[14:13:13]: 5 
Debug[14:13:13]: signal in logmode 
Debug[14:13:13]: "INF(14:13:13.476):Attempt" 
Debug[14:13:13]: log_breakpoint 
Debug[14:13:13]: 5 
Debug[14:13:13]: signal in logmode 
Debug[14:13:13]: "INF(14:13:13.792):Mode is OK" 
Debug[14:13:13]: log_breakpoint 
Debug[14:13:13]: 5 
Debug[14:13:13]: signal in logmode 
Debug[14:13:13]: "INF(14:13:13.795):Attempt" 
Debug[14:13:13]: log_breakpoint 
Debug[14:13:13]: 5 
Debug[14:13:13]: signal in logmode 
Debug[14:13:13]: "INF(14:13:13.966):Mode is OK" 
Debug[14:13:13]: log_breakpoint 
Debug[14:13:13]: 5 
Debug[14:13:13]: signal in logmode 
Debug[14:13:13]: "INF(14:13:13.969):Attempt" 
Debug[14:13:13]: log_breakpoint 
Debug[14:13:13]: 5 
Debug[14:13:14]: signal in logmode 
Debug[14:13:14]: "INF(14:13:14.288):Attempt" 
Debug[14:13:14]: log_breakpoint 
Debug[14:13:14]: 5 
Debug[14:13:14]: signal in logmode 
Debug[14:13:14]: "INF(14:13:14.598):Attempt" 
Debug[14:13:14]: log_breakpoint 
Debug[14:13:14]: 5 
Debug[14:13:14]: signal in logmode 
Debug[14:13:14]: "INF(14:13:14.913):Mode is OK" 
Debug[14:13:14]: log_breakpoint 
Debug[14:13:14]: 5 
Debug[14:13:14]: signal in logmode 
Debug[14:13:14]: "INF(14:13:14.915):Attempt" 
Debug[14:13:14]: log_breakpoint 
Debug[14:13:14]: 5 
Debug[14:13:15]: signal in logmode 
Debug[14:13:15]: "INF(14:13:15.225):Attempt" 
Debug[14:13:15]: log_breakpoint 
Debug[14:13:15]: 5 
Debug[14:13:15]: signal in logmode 
Debug[14:13:15]: "INF(14:13:15.541):Attempt" 
Debug[14:13:15]: log_breakpoint 
Debug[14:13:15]: 5 
Debug[14:13:15]: signal in logmode 
Debug[14:13:15]: "INF(14:13:15.853):Mode is OK" 
Debug[14:13:15]: log_breakpoint 
Debug[14:13:15]: 5 
Debug[14:13:15]: signal in logmode 
Debug[14:13:15]: "INF(14:13:15.856):Attempt" 
Debug[14:13:15]: log_breakpoint 
Debug[14:13:15]: 5 
Debug[14:13:16]: signal in logmode 
Debug[14:13:16]: "INF(14:13:16.170):Attempt" 
Debug[14:13:16]: log_breakpoint 
Debug[14:13:16]: 5 
Debug[14:13:16]: signal in logmode 
Debug[14:13:16]: "INF(14:13:16.481):Attempt" 
Debug[14:13:16]: log_breakpoint 
Debug[14:13:16]: 5 
Debug[14:13:16]: signal in logmode 
Debug[14:13:16]: "INF(14:13:16.796):Mode is OK" 
Debug[14:13:16]: log_breakpoint 
Debug[14:13:16]: 5 
Debug[14:13:16]: signal in logmode 
Debug[14:13:16]: "INF(14:13:16.799):Attempt" 
Debug[14:13:16]: log_breakpoint 
Debug[14:13:16]: 5 
Debug[14:13:17]: signal in logmode 
Debug[14:13:17]: "INF(14:13:17.111):Attempt" 
Debug[14:13:17]: log_breakpoint 
Debug[14:13:17]: 5 
Debug[14:13:17]: signal in logmode 
Debug[14:13:17]: "INF(14:13:17.425):Attempt" 
Debug[14:13:17]: log_breakpoint 
Debug[14:13:17]: 5 
Debug[14:13:22]: signal in logmode 
Debug[14:13:22]: "INF(14:13:22.080):Mode is OK" 
Debug[14:13:22]: log_breakpoint 
Debug[14:13:22]: 5 
Debug[14:13:22]: signal in logmode 
Debug[14:13:22]: "INF(14:13:22.083):Attempt" 
Debug[14:13:22]: log_breakpoint 
Debug[14:13:22]: 5 
Debug[14:13:22]: signal in logmode 
Debug[14:13:22]: "INF(14:13:22.393):Attempt" 
Debug[14:13:22]: log_breakpoint 
Debug[14:13:22]: 5 
Debug[14:13:22]: signal in logmode 
Debug[14:13:22]: "INF(14:13:22.708):Attempt" 
Debug[14:13:22]: log_breakpoint 
Debug[14:13:22]: 5 
Debug[14:13:23]: signal in logmode 
Debug[14:13:23]: "INF(14:13:23.022):Mode is OK" 
Debug[14:13:23]: log_breakpoint 
Debug[14:13:23]: 5 
Debug[14:13:23]: signal in logmode 
Debug[14:13:23]: "INF(14:13:23.025):Attempt" 
Debug[14:13:23]: log_breakpoint 
Debug[14:13:23]: 5 
Debug[14:13:23]: signal in logmode 
Debug[14:13:23]: "INF(14:13:23.333):Attempt" 
Debug[14:13:23]: log_breakpoint 
Debug[14:13:23]: 5 
Debug[14:13:23]: signal in logmode 
Debug[14:13:23]: "INF(14:13:23.645):Attempt" 
Debug[14:13:23]: log_breakpoint 
Debug[14:13:23]: 5 
Debug[14:13:23]: signal in logmode 
Debug[14:13:23]: "INF(14:13:23.957):Mode is OK" 
Debug[14:13:23]: log_breakpoint 
Debug[14:13:23]: 5 
Debug[14:13:23]: signal in logmode 
Debug[14:13:23]: "INF(14:13:23.959):Attempt" 
Debug[14:13:23]: log_breakpoint 
Debug[14:13:23]: 5 
Debug[14:13:23]: signal in logmode 
Debug[14:13:23]: "INF(14:13:23.967):RDUM master connected" 
Debug[14:13:23]: log_breakpoint 
Debug[14:13:23]: 5 
Debug[14:13:23]: signal in logmode 
Debug[14:13:23]: "INF(14:13:23.969):Connected to \\.\COM82" 
Debug[14:13:23]: log_breakpoint 
Debug[14:13:23]: 5 
Warning[14:13:23]: Could not parse stylesheet of widget 0x2b57a58
Debug[14:13:23]: "Resume:Logs" 
Debug[14:13:23]: "Resume:Settings" 
Debug[14:13:23]: "Resume:UartUartController" 
Debug[14:13:23]: "Resume:UartSpiController" 
Debug[14:13:23]: "Resume:UartSsiController" 
Debug[14:13:23]: "Resume:DSI3Master" 
Debug[14:13:23]: "Resume:ASICMaster" 
Debug[14:13:23]: "Resume:RDUMMaster" 
Debug[14:13:23]: "Resume:DSI3Slave" 
Debug[14:13:23]: "Resume:Measurement" 
Debug[14:13:23]: "Resume:CFARsim" 
Debug[14:24:54]: "Suspend:Settings" 
Debug[14:24:54]: "Suspend:UartUartController" 
Debug[14:24:54]: "Suspend:UartSpiController" 
Debug[14:24:54]: "Suspend:UartSsiController" 
Debug[14:24:54]: "Suspend:DSI3Master" 
Debug[14:24:54]: "Suspend:ASICMaster" 
Debug[14:24:54]: "Suspend:RDUMMaster" 
Debug[14:24:54]: "Suspend:DSI3Slave" 
Debug[14:24:54]: "Suspend:Measurement" 
Debug[14:24:54]: "Suspend:CFARsim" 
Debug[14:24:54]: signal in logmode 
Debug[14:24:54]: "INF(14:24:54.347):Disconnect by user" 
Debug[14:24:54]: log_breakpoint 
Debug[14:24:54]: 5 
Debug[14:24:54]: signal in logmode 
Debug[14:24:54]: "INF(14:24:54.503):Disconnect by user" 
Debug[14:24:54]: log_breakpoint 
Debug[14:24:54]: 5 
