Warning[08:20:08]: QObject::connect: Cannot connect LocalServer::log(int,QString) to (null)::slot_addLog(int,QString)
Debug[08:20:08]: LocalServer:new "\\.\pipe\DSI3PAS" 
Debug[08:20:08]: Register specific 
Debug[08:20:08]: DynScaleCaclulate 
Debug[08:20:08]: "init 2 UartUartController" 
Debug[08:20:08]: Ok 
Debug[08:20:08]: "init 3 UartSpiController" 
Debug[08:20:08]: Ok 
Debug[08:20:08]: "init 4 UartSsiController" 
Debug[08:20:08]: Ok 
Debug[08:20:08]: "init 5 DSI3Master" 
Debug[08:20:08]: Ok 
Debug[08:20:08]: "init 6 ASICMaster" 
Debug[08:20:08]: Ok 
Debug[08:20:08]: "init 7 RDUMMaster" 
Debug[08:20:08]: Ok 
Debug[08:20:08]: "init 8 DSI3Slave" 
Debug[08:20:09]: Ok 
Debug[08:20:09]: "init 9 Measurement" 
Debug[08:20:10]: Ok 
Debug[08:20:10]: "init 10 CFARsim" 
Debug[08:20:10]: Ok 
Debug[08:20:10]: MainApp Starting... 
Debug[08:20:11]: Add applets to MainWindow...
 
Debug[08:20:11]: Initialize Connection... 
Debug[08:20:11]: signal in logmode 
Debug[08:20:11]: "INF(08:20:11.446):Mode is OK" 
Debug[08:20:11]: log_breakpoint 
Debug[08:20:11]: 5 
Debug[08:20:11]: signal in logmode 
Debug[08:20:11]: "INF(08:20:11.449):Attempt" 
Debug[08:20:11]: log_breakpoint 
Debug[08:20:11]: 5 
Debug[08:20:11]: signal in logmode 
Debug[08:20:11]: "INF(08:20:11.769):Attempt" 
Debug[08:20:11]: log_breakpoint 
Debug[08:20:11]: 5 
Debug[08:20:12]: signal in logmode 
Debug[08:20:12]: "INF(08:20:12.077):Attempt" 
Debug[08:20:12]: log_breakpoint 
Debug[08:20:12]: 5 
Debug[08:20:12]: signal in logmode 
Debug[08:20:12]: "INF(08:20:12.393):Mode is OK" 
Debug[08:20:12]: log_breakpoint 
Debug[08:20:12]: 5 
Debug[08:20:12]: signal in logmode 
Debug[08:20:12]: "INF(08:20:12.397):Attempt" 
Debug[08:20:12]: log_breakpoint 
Debug[08:20:12]: 5 
Debug[08:20:12]: signal in logmode 
Debug[08:20:12]: "INF(08:20:12.721):Attempt" 
Debug[08:20:12]: log_breakpoint 
Debug[08:20:12]: 5 
Debug[08:20:13]: signal in logmode 
Debug[08:20:13]: "INF(08:20:13.033):Attempt" 
Debug[08:20:13]: log_breakpoint 
Debug[08:20:13]: 5 
Debug[08:20:13]: signal in logmode 
Debug[08:20:13]: "INF(08:20:13.343):Mode is OK" 
Debug[08:20:13]: log_breakpoint 
Debug[08:20:13]: 5 
Debug[08:20:13]: signal in logmode 
Debug[08:20:13]: "INF(08:20:13.346):Attempt" 
Debug[08:20:13]: log_breakpoint 
Debug[08:20:13]: 5 
Debug[08:20:13]: signal in logmode 
Debug[08:20:13]: "INF(08:20:13.501):Mode is OK" 
Debug[08:20:13]: log_breakpoint 
Debug[08:20:13]: 5 
Debug[08:20:13]: signal in logmode 
Debug[08:20:13]: "INF(08:20:13.504):Attempt" 
Debug[08:20:13]: log_breakpoint 
Debug[08:20:13]: 5 
Debug[08:20:13]: signal in logmode 
Debug[08:20:13]: "INF(08:20:13.811):Attempt" 
Debug[08:20:13]: log_breakpoint 
Debug[08:20:13]: 5 
Debug[08:20:14]: signal in logmode 
Debug[08:20:14]: "INF(08:20:14.122):Attempt" 
Debug[08:20:14]: log_breakpoint 
Debug[08:20:14]: 5 
Debug[08:20:14]: signal in logmode 
Debug[08:20:14]: "INF(08:20:14.433):Mode is OK" 
Debug[08:20:14]: log_breakpoint 
Debug[08:20:14]: 5 
Debug[08:20:14]: signal in logmode 
Debug[08:20:14]: "INF(08:20:14.436):Attempt" 
Debug[08:20:14]: log_breakpoint 
Debug[08:20:14]: 5 
Debug[08:20:14]: signal in logmode 
Debug[08:20:14]: "INF(08:20:14.745):Attempt" 
Debug[08:20:14]: log_breakpoint 
Debug[08:20:14]: 5 
Debug[08:20:15]: signal in logmode 
Debug[08:20:15]: "INF(08:20:15.056):Attempt" 
Debug[08:20:15]: log_breakpoint 
Debug[08:20:15]: 5 
Debug[08:20:15]: signal in logmode 
Debug[08:20:15]: "INF(08:20:15.366):Mode is OK" 
Debug[08:20:15]: log_breakpoint 
Debug[08:20:15]: 5 
Debug[08:20:15]: signal in logmode 
Debug[08:20:15]: "INF(08:20:15.371):Attempt" 
Debug[08:20:15]: log_breakpoint 
Debug[08:20:15]: 5 
Debug[08:20:15]: signal in logmode 
Debug[08:20:15]: "INF(08:20:15.677):Attempt" 
Debug[08:20:15]: log_breakpoint 
Debug[08:20:15]: 5 
Debug[08:20:15]: signal in logmode 
Debug[08:20:15]: "INF(08:20:15.991):Attempt" 
Debug[08:20:15]: log_breakpoint 
Debug[08:20:15]: 5 
Debug[08:20:16]: signal in logmode 
Debug[08:20:16]: "INF(08:20:16.307):Mode is OK" 
Debug[08:20:16]: log_breakpoint 
Debug[08:20:16]: 5 
Debug[08:20:16]: signal in logmode 
Debug[08:20:16]: "INF(08:20:16.310):Attempt" 
Debug[08:20:16]: log_breakpoint 
Debug[08:20:16]: 5 
Debug[08:20:16]: signal in logmode 
Debug[08:20:16]: "INF(08:20:16.623):Attempt" 
Debug[08:20:16]: log_breakpoint 
Debug[08:20:16]: 5 
Debug[08:20:16]: signal in logmode 
Debug[08:20:16]: "INF(08:20:16.936):Attempt" 
Debug[08:20:16]: log_breakpoint 
Debug[08:20:16]: 5 
Debug[08:20:21]: signal in logmode 
Debug[08:20:21]: "INF(08:20:21.266):Mode is OK" 
Debug[08:20:21]: log_breakpoint 
Debug[08:20:21]: 5 
Debug[08:20:21]: signal in logmode 
Debug[08:20:21]: "INF(08:20:21.270):Attempt" 
Debug[08:20:21]: log_breakpoint 
Debug[08:20:21]: 5 
Debug[08:20:21]: signal in logmode 
Debug[08:20:21]: "INF(08:20:21.586):Attempt" 
Debug[08:20:21]: log_breakpoint 
Debug[08:20:21]: 5 
Debug[08:20:21]: signal in logmode 
Debug[08:20:21]: "INF(08:20:21.897):Attempt" 
Debug[08:20:21]: log_breakpoint 
Debug[08:20:21]: 5 
Debug[08:20:22]: signal in logmode 
Debug[08:20:22]: "INF(08:20:22.214):Mode is OK" 
Debug[08:20:22]: log_breakpoint 
Debug[08:20:22]: 5 
Debug[08:20:22]: signal in logmode 
Debug[08:20:22]: "INF(08:20:22.217):Attempt" 
Debug[08:20:22]: log_breakpoint 
Debug[08:20:22]: 5 
Debug[08:20:22]: signal in logmode 
Debug[08:20:22]: "INF(08:20:22.523):Attempt" 
Debug[08:20:22]: log_breakpoint 
Debug[08:20:22]: 5 
Debug[08:20:22]: signal in logmode 
Debug[08:20:22]: "INF(08:20:22.835):Attempt" 
Debug[08:20:22]: log_breakpoint 
Debug[08:20:22]: 5 
Debug[08:20:23]: signal in logmode 
Debug[08:20:23]: "INF(08:20:23.148):Mode is OK" 
Debug[08:20:23]: log_breakpoint 
Debug[08:20:23]: 5 
Debug[08:20:23]: signal in logmode 
Debug[08:20:23]: "INF(08:20:23.152):Attempt" 
Debug[08:20:23]: log_breakpoint 
Debug[08:20:23]: 5 
Debug[08:20:23]: signal in logmode 
Debug[08:20:23]: "INF(08:20:23.178):RDUM master connected" 
Debug[08:20:23]: log_breakpoint 
Debug[08:20:23]: 5 
Debug[08:20:23]: signal in logmode 
Debug[08:20:23]: "INF(08:20:23.182):Connected to \\.\COM36" 
Debug[08:20:23]: log_breakpoint 
Debug[08:20:23]: 5 
Warning[08:20:23]: Could not parse stylesheet of widget 0x3776f60
Debug[08:20:23]: "Resume:Logs" 
Debug[08:20:23]: "Resume:Settings" 
Debug[08:20:23]: "Resume:UartUartController" 
Debug[08:20:23]: "Resume:UartSpiController" 
Debug[08:20:23]: "Resume:UartSsiController" 
Debug[08:20:23]: "Resume:DSI3Master" 
Debug[08:20:23]: "Resume:ASICMaster" 
Debug[08:20:23]: "Resume:RDUMMaster" 
Debug[08:20:23]: "Resume:DSI3Slave" 
Debug[08:20:23]: "Resume:Measurement" 
Debug[08:20:23]: "Resume:CFARsim" 
Debug[08:30:07]: "Suspend:Settings" 
Debug[08:30:07]: "Suspend:UartUartController" 
Debug[08:30:07]: "Suspend:UartSpiController" 
Debug[08:30:07]: "Suspend:UartSsiController" 
Debug[08:30:07]: "Suspend:DSI3Master" 
Debug[08:30:07]: "Suspend:ASICMaster" 
Debug[08:30:07]: "Suspend:RDUMMaster" 
Debug[08:30:07]: "Suspend:DSI3Slave" 
Debug[08:30:07]: "Suspend:Measurement" 
Debug[08:30:07]: "Suspend:CFARsim" 
Debug[08:30:07]: signal in logmode 
Debug[08:30:07]: "INF(08:30:07.516):Disconnect by user" 
Debug[08:30:07]: log_breakpoint 
Debug[08:30:07]: 5 
Debug[08:30:07]: signal in logmode 
Debug[08:30:07]: "INF(08:30:07.538):Disconnect by user" 
Debug[08:30:07]: log_breakpoint 
Debug[08:30:07]: 5 
Warning[08:30:12]: QObject::connect: Cannot connect LocalServer::log(int,QString) to (null)::slot_addLog(int,QString)
Debug[08:30:12]: LocalServer:new "\\.\pipe\DSI3PAS" 
Debug[08:30:12]: Register specific 
Debug[08:30:13]: DynScaleCaclulate 
Debug[08:30:13]: "init 2 UartUartController" 
Debug[08:30:13]: Ok 
Debug[08:30:13]: "init 3 UartSpiController" 
Debug[08:30:13]: Ok 
Debug[08:30:13]: "init 4 UartSsiController" 
Debug[08:30:13]: Ok 
Debug[08:30:13]: "init 5 DSI3Master" 
Debug[08:30:13]: Ok 
Debug[08:30:13]: "init 6 ASICMaster" 
Debug[08:30:13]: Ok 
Debug[08:30:13]: "init 7 RDUMMaster" 
Debug[08:30:13]: Ok 
Debug[08:30:13]: "init 8 DSI3Slave" 
Debug[08:30:14]: Ok 
Debug[08:30:14]: "init 9 Measurement" 
Debug[08:30:14]: Ok 
Debug[08:30:14]: "init 10 CFARsim" 
Debug[08:30:14]: Ok 
Debug[08:30:14]: MainApp Starting... 
Debug[08:30:15]: Add applets to MainWindow...
 
Debug[08:30:15]: Initialize Connection... 
Debug[08:30:15]: signal in logmode 
Debug[08:30:15]: "INF(08:30:15.765):Mode is OK" 
Debug[08:30:15]: log_breakpoint 
Debug[08:30:15]: 5 
Debug[08:30:15]: signal in logmode 
Debug[08:30:15]: "INF(08:30:15.767):Attempt" 
Debug[08:30:15]: log_breakpoint 
Debug[08:30:15]: 5 
Debug[08:30:16]: signal in logmode 
Debug[08:30:16]: "INF(08:30:16.074):Attempt" 
Debug[08:30:16]: log_breakpoint 
Debug[08:30:16]: 5 
Debug[08:30:16]: signal in logmode 
Debug[08:30:16]: "INF(08:30:16.388):Attempt" 
Debug[08:30:16]: log_breakpoint 
Debug[08:30:16]: 5 
Debug[08:30:16]: signal in logmode 
Debug[08:30:16]: "INF(08:30:16.711):Mode is OK" 
Debug[08:30:16]: log_breakpoint 
Debug[08:30:16]: 5 
Debug[08:30:16]: signal in logmode 
Debug[08:30:16]: "INF(08:30:16.716):Attempt" 
Debug[08:30:16]: log_breakpoint 
Debug[08:30:16]: 5 
Debug[08:30:17]: signal in logmode 
Debug[08:30:17]: "INF(08:30:17.023):Attempt" 
Debug[08:30:17]: log_breakpoint 
Debug[08:30:17]: 5 
Debug[08:30:17]: signal in logmode 
Debug[08:30:17]: "INF(08:30:17.334):Attempt" 
Debug[08:30:17]: log_breakpoint 
Debug[08:30:17]: 5 
Debug[08:30:17]: signal in logmode 
Debug[08:30:17]: "INF(08:30:17.643):Mode is OK" 
Debug[08:30:17]: log_breakpoint 
Debug[08:30:17]: 5 
Debug[08:30:17]: signal in logmode 
Debug[08:30:17]: "INF(08:30:17.646):Attempt" 
Debug[08:30:17]: log_breakpoint 
Debug[08:30:17]: 5 
Debug[08:30:17]: signal in logmode 
Debug[08:30:17]: "INF(08:30:17.789):Mode is OK" 
Debug[08:30:17]: log_breakpoint 
Debug[08:30:17]: 5 
Debug[08:30:17]: signal in logmode 
Debug[08:30:17]: "INF(08:30:17.792):Attempt" 
Debug[08:30:17]: log_breakpoint 
Debug[08:30:17]: 5 
Debug[08:30:18]: signal in logmode 
Debug[08:30:18]: "INF(08:30:18.111):Attempt" 
Debug[08:30:18]: log_breakpoint 
Debug[08:30:18]: 5 
Debug[08:30:18]: signal in logmode 
Debug[08:30:18]: "INF(08:30:18.426):Attempt" 
Debug[08:30:18]: log_breakpoint 
Debug[08:30:18]: 5 
Debug[08:30:18]: signal in logmode 
Debug[08:30:18]: "INF(08:30:18.737):Mode is OK" 
Debug[08:30:18]: log_breakpoint 
Debug[08:30:18]: 5 
Debug[08:30:18]: signal in logmode 
Debug[08:30:18]: "INF(08:30:18.742):Attempt" 
Debug[08:30:18]: log_breakpoint 
Debug[08:30:18]: 5 
Debug[08:30:19]: signal in logmode 
Debug[08:30:19]: "INF(08:30:19.050):Attempt" 
Debug[08:30:19]: log_breakpoint 
Debug[08:30:19]: 5 
Debug[08:30:19]: signal in logmode 
Debug[08:30:19]: "INF(08:30:19.362):Attempt" 
Debug[08:30:19]: log_breakpoint 
Debug[08:30:19]: 5 
Debug[08:30:19]: signal in logmode 
Debug[08:30:19]: "INF(08:30:19.672):Mode is OK" 
Debug[08:30:19]: log_breakpoint 
Debug[08:30:19]: 5 
Debug[08:30:19]: signal in logmode 
Debug[08:30:19]: "INF(08:30:19.676):Attempt" 
Debug[08:30:19]: log_breakpoint 
Debug[08:30:19]: 5 
Debug[08:30:19]: signal in logmode 
Debug[08:30:19]: "INF(08:30:19.984):Attempt" 
Debug[08:30:19]: log_breakpoint 
Debug[08:30:19]: 5 
Debug[08:30:20]: signal in logmode 
Debug[08:30:20]: "INF(08:30:20.298):Attempt" 
Debug[08:30:20]: log_breakpoint 
Debug[08:30:20]: 5 
Debug[08:30:20]: signal in logmode 
Debug[08:30:20]: "INF(08:30:20.610):Mode is OK" 
Debug[08:30:20]: log_breakpoint 
Debug[08:30:20]: 5 
Debug[08:30:20]: signal in logmode 
Debug[08:30:20]: "INF(08:30:20.614):Attempt" 
Debug[08:30:20]: log_breakpoint 
Debug[08:30:20]: 5 
Debug[08:30:20]: signal in logmode 
Debug[08:30:20]: "INF(08:30:20.922):Attempt" 
Debug[08:30:20]: log_breakpoint 
Debug[08:30:20]: 5 
Debug[08:30:21]: signal in logmode 
Debug[08:30:21]: "INF(08:30:21.233):Attempt" 
Debug[08:30:21]: log_breakpoint 
Debug[08:30:21]: 5 
Debug[08:30:24]: signal in logmode 
Debug[08:30:24]: "INF(08:30:24.533):Mode is OK" 
Debug[08:30:24]: log_breakpoint 
Debug[08:30:24]: 5 
Debug[08:30:24]: signal in logmode 
Debug[08:30:24]: "INF(08:30:24.537):Attempt" 
Debug[08:30:24]: log_breakpoint 
Debug[08:30:24]: 5 
Debug[08:30:24]: signal in logmode 
Debug[08:30:24]: "INF(08:30:24.852):Attempt" 
Debug[08:30:24]: log_breakpoint 
Debug[08:30:24]: 5 
Debug[08:30:25]: signal in logmode 
Debug[08:30:25]: "INF(08:30:25.165):Attempt" 
Debug[08:30:25]: log_breakpoint 
Debug[08:30:25]: 5 
Debug[08:30:25]: signal in logmode 
Debug[08:30:25]: "INF(08:30:25.479):Mode is OK" 
Debug[08:30:25]: log_breakpoint 
Debug[08:30:25]: 5 
Debug[08:30:25]: signal in logmode 
Debug[08:30:25]: "INF(08:30:25.482):Attempt" 
Debug[08:30:25]: log_breakpoint 
Debug[08:30:25]: 5 
Debug[08:30:25]: signal in logmode 
Debug[08:30:25]: "INF(08:30:25.794):Attempt" 
Debug[08:30:25]: log_breakpoint 
Debug[08:30:25]: 5 
Debug[08:30:26]: signal in logmode 
Debug[08:30:26]: "INF(08:30:26.109):Attempt" 
Debug[08:30:26]: log_breakpoint 
Debug[08:30:26]: 5 
Debug[08:30:26]: signal in logmode 
Debug[08:30:26]: "INF(08:30:26.425):Mode is OK" 
Debug[08:30:26]: log_breakpoint 
Debug[08:30:26]: 5 
Debug[08:30:26]: signal in logmode 
Debug[08:30:26]: "INF(08:30:26.430):Attempt" 
Debug[08:30:26]: log_breakpoint 
Debug[08:30:26]: 5 
Debug[08:30:26]: signal in logmode 
Debug[08:30:26]: "INF(08:30:26.433):RDUM master connected" 
Debug[08:30:26]: log_breakpoint 
Debug[08:30:26]: 5 
Debug[08:30:26]: signal in logmode 
Debug[08:30:26]: "INF(08:30:26.435):Connected to \\.\COM36" 
Debug[08:30:26]: log_breakpoint 
Debug[08:30:26]: 5 
Warning[08:30:26]: Could not parse stylesheet of widget 0x3127020
Debug[08:30:26]: "Resume:Logs" 
Debug[08:30:26]: "Resume:Settings" 
Debug[08:30:26]: "Resume:UartUartController" 
Debug[08:30:26]: "Resume:UartSpiController" 
Debug[08:30:26]: "Resume:UartSsiController" 
Debug[08:30:26]: "Resume:DSI3Master" 
Debug[08:30:26]: "Resume:ASICMaster" 
Debug[08:30:26]: "Resume:RDUMMaster" 
Debug[08:30:26]: "Resume:DSI3Slave" 
Debug[08:30:26]: "Resume:Measurement" 
Debug[08:30:26]: "Resume:CFARsim" 
Debug[08:32:09]: "Suspend:Settings" 
Debug[08:32:09]: "Suspend:UartUartController" 
Debug[08:32:09]: "Suspend:UartSpiController" 
Debug[08:32:09]: "Suspend:UartSsiController" 
Debug[08:32:09]: "Suspend:DSI3Master" 
Debug[08:32:09]: "Suspend:ASICMaster" 
Debug[08:32:09]: "Suspend:RDUMMaster" 
Debug[08:32:09]: "Suspend:DSI3Slave" 
Debug[08:32:09]: "Suspend:Measurement" 
Debug[08:32:09]: "Suspend:CFARsim" 
Debug[08:32:09]: signal in logmode 
Debug[08:32:09]: "INF(08:32:09.544):Disconnect by user" 
Debug[08:32:09]: log_breakpoint 
Debug[08:32:09]: 5 
Debug[08:32:09]: signal in logmode 
Debug[08:32:09]: "INF(08:32:09.567):Disconnect by user" 
Debug[08:32:09]: log_breakpoint 
Debug[08:32:09]: 5 
Warning[08:33:49]: QObject::connect: Cannot connect LocalServer::log(int,QString) to (null)::slot_addLog(int,QString)
Debug[08:33:49]: LocalServer:new "\\.\pipe\DSI3PAS" 
Debug[08:33:49]: Register specific 
Debug[08:33:49]: DynScaleCaclulate 
Debug[08:33:49]: "init 2 UartUartController" 
Debug[08:33:49]: Ok 
Debug[08:33:49]: "init 3 UartSpiController" 
Debug[08:33:49]: Ok 
Debug[08:33:49]: "init 4 UartSsiController" 
Debug[08:33:49]: Ok 
Debug[08:33:49]: "init 5 DSI3Master" 
Debug[08:33:49]: Ok 
Debug[08:33:49]: "init 6 ASICMaster" 
Debug[08:33:49]: Ok 
Debug[08:33:49]: "init 7 RDUMMaster" 
Debug[08:33:49]: Ok 
Debug[08:33:49]: "init 8 DSI3Slave" 
Debug[08:33:50]: Ok 
Debug[08:33:50]: "init 9 Measurement" 
Debug[08:33:51]: Ok 
Debug[08:33:51]: "init 10 CFARsim" 
Debug[08:33:51]: Ok 
Debug[08:33:51]: MainApp Starting... 
Debug[08:33:51]: Add applets to MainWindow...
 
Debug[08:33:51]: Initialize Connection... 
Debug[08:33:52]: signal in logmode 
Debug[08:33:52]: "INF(08:33:52.021):Mode is OK" 
Debug[08:33:52]: log_breakpoint 
Debug[08:33:52]: 5 
Debug[08:33:52]: signal in logmode 
Debug[08:33:52]: "INF(08:33:52.024):Attempt" 
Debug[08:33:52]: log_breakpoint 
Debug[08:33:52]: 5 
Debug[08:33:52]: signal in logmode 
Debug[08:33:52]: "INF(08:33:52.336):Attempt" 
Debug[08:33:52]: log_breakpoint 
Debug[08:33:52]: 5 
Debug[08:33:52]: signal in logmode 
Debug[08:33:52]: "INF(08:33:52.647):Attempt" 
Debug[08:33:52]: log_breakpoint 
Debug[08:33:52]: 5 
Debug[08:33:52]: signal in logmode 
Debug[08:33:52]: "INF(08:33:52.962):Mode is OK" 
Debug[08:33:52]: log_breakpoint 
Debug[08:33:52]: 5 
Debug[08:33:52]: signal in logmode 
Debug[08:33:52]: "INF(08:33:52.965):Attempt" 
Debug[08:33:52]: log_breakpoint 
Debug[08:33:52]: 5 
Debug[08:33:53]: signal in logmode 
Debug[08:33:53]: "INF(08:33:53.275):Attempt" 
Debug[08:33:53]: log_breakpoint 
Debug[08:33:53]: 5 
Debug[08:33:53]: signal in logmode 
Debug[08:33:53]: "INF(08:33:53.585):Attempt" 
Debug[08:33:53]: log_breakpoint 
Debug[08:33:53]: 5 
Debug[08:33:53]: signal in logmode 
Debug[08:33:53]: "INF(08:33:53.894):Mode is OK" 
Debug[08:33:53]: log_breakpoint 
Debug[08:33:53]: 5 
Debug[08:33:53]: signal in logmode 
Debug[08:33:53]: "INF(08:33:53.898):Attempt" 
Debug[08:33:53]: log_breakpoint 
Debug[08:33:53]: 5 
Debug[08:33:54]: signal in logmode 
Debug[08:33:54]: "INF(08:33:54.056):Mode is OK" 
Debug[08:33:54]: log_breakpoint 
Debug[08:33:54]: 5 
Debug[08:33:54]: signal in logmode 
Debug[08:33:54]: "INF(08:33:54.060):Attempt" 
Debug[08:33:54]: log_breakpoint 
Debug[08:33:54]: 5 
Debug[08:33:54]: signal in logmode 
Debug[08:33:54]: "INF(08:33:54.376):Attempt" 
Debug[08:33:54]: log_breakpoint 
Debug[08:33:54]: 5 
Debug[08:33:54]: signal in logmode 
Debug[08:33:54]: "INF(08:33:54.687):Attempt" 
Debug[08:33:54]: log_breakpoint 
Debug[08:33:54]: 5 
Debug[08:33:54]: signal in logmode 
Debug[08:33:55]: "INF(08:33:55.000):Mode is OK" 
Debug[08:33:55]: log_breakpoint 
Debug[08:33:55]: 5 
Debug[08:33:55]: signal in logmode 
Debug[08:33:55]: "INF(08:33:55.005):Attempt" 
Debug[08:33:55]: log_breakpoint 
Debug[08:33:55]: 5 
Debug[08:33:55]: signal in logmode 
Debug[08:33:55]: "INF(08:33:55.317):Attempt" 
Debug[08:33:55]: log_breakpoint 
Debug[08:33:55]: 5 
Debug[08:33:55]: signal in logmode 
Debug[08:33:55]: "INF(08:33:55.635):Attempt" 
Debug[08:33:55]: log_breakpoint 
Debug[08:33:55]: 5 
Debug[08:33:55]: signal in logmode 
Debug[08:33:55]: "INF(08:33:55.944):Mode is OK" 
Debug[08:33:55]: log_breakpoint 
Debug[08:33:55]: 5 
Debug[08:33:55]: signal in logmode 
Debug[08:33:55]: "INF(08:33:55.947):Attempt" 
Debug[08:33:55]: log_breakpoint 
Debug[08:33:55]: 5 
Debug[08:33:56]: signal in logmode 
Debug[08:33:56]: "INF(08:33:56.259):Attempt" 
Debug[08:33:56]: log_breakpoint 
Debug[08:33:56]: 5 
Debug[08:33:56]: signal in logmode 
Debug[08:33:56]: "INF(08:33:56.566):Attempt" 
Debug[08:33:56]: log_breakpoint 
Debug[08:33:56]: 5 
Debug[08:33:56]: signal in logmode 
Debug[08:33:56]: "INF(08:33:56.878):Mode is OK" 
Debug[08:33:56]: log_breakpoint 
Debug[08:33:56]: 5 
Debug[08:33:56]: signal in logmode 
Debug[08:33:56]: "INF(08:33:56.882):Attempt" 
Debug[08:33:56]: log_breakpoint 
Debug[08:33:56]: 5 
Debug[08:33:57]: signal in logmode 
Debug[08:33:57]: "INF(08:33:57.194):Attempt" 
Debug[08:33:57]: log_breakpoint 
Debug[08:33:57]: 5 
Debug[08:33:57]: signal in logmode 
Debug[08:33:57]: "INF(08:33:57.505):Attempt" 
Debug[08:33:57]: log_breakpoint 
Debug[08:33:57]: 5 
Debug[08:34:01]: signal in logmode 
Debug[08:34:01]: "INF(08:34:01.233):Mode is OK" 
Debug[08:34:01]: log_breakpoint 
Debug[08:34:01]: 5 
Debug[08:34:01]: signal in logmode 
Debug[08:34:01]: "INF(08:34:01.234):Attempt" 
Debug[08:34:01]: log_breakpoint 
Debug[08:34:01]: 5 
Debug[08:34:01]: signal in logmode 
Debug[08:34:01]: "INF(08:34:01.545):Attempt" 
Debug[08:34:01]: log_breakpoint 
Debug[08:34:01]: 5 
Debug[08:34:01]: signal in logmode 
Debug[08:34:01]: "INF(08:34:01.862):Attempt" 
Debug[08:34:01]: log_breakpoint 
Debug[08:34:01]: 5 
Debug[08:34:02]: signal in logmode 
Debug[08:34:02]: "INF(08:34:02.177):Mode is OK" 
Debug[08:34:02]: log_breakpoint 
Debug[08:34:02]: 5 
Debug[08:34:02]: signal in logmode 
Debug[08:34:02]: "INF(08:34:02.181):Attempt" 
Debug[08:34:02]: log_breakpoint 
Debug[08:34:02]: 5 
Debug[08:34:02]: signal in logmode 
Debug[08:34:02]: "INF(08:34:02.491):Attempt" 
Debug[08:34:02]: log_breakpoint 
Debug[08:34:02]: 5 
Debug[08:34:02]: signal in logmode 
Debug[08:34:02]: "INF(08:34:02.804):Attempt" 
Debug[08:34:02]: log_breakpoint 
Debug[08:34:02]: 5 
Debug[08:34:03]: signal in logmode 
Debug[08:34:03]: "INF(08:34:03.115):Mode is OK" 
Debug[08:34:03]: log_breakpoint 
Debug[08:34:03]: 5 
Debug[08:34:03]: signal in logmode 
Debug[08:34:03]: "INF(08:34:03.118):Attempt" 
Debug[08:34:03]: log_breakpoint 
Debug[08:34:03]: 5 
Debug[08:34:03]: signal in logmode 
Debug[08:34:03]: "INF(08:34:03.145):RDUM master connected" 
Debug[08:34:03]: log_breakpoint 
Debug[08:34:03]: 5 
Debug[08:34:03]: signal in logmode 
Debug[08:34:03]: "INF(08:34:03.149):Connected to \\.\COM36" 
Debug[08:34:03]: log_breakpoint 
Debug[08:34:03]: 5 
Warning[08:34:03]: Could not parse stylesheet of widget 0x2f57a60
Debug[08:34:03]: "Resume:Logs" 
Debug[08:34:03]: "Resume:Settings" 
Debug[08:34:03]: "Resume:UartUartController" 
Debug[08:34:03]: "Resume:UartSpiController" 
Debug[08:34:03]: "Resume:UartSsiController" 
Debug[08:34:03]: "Resume:DSI3Master" 
Debug[08:34:03]: "Resume:ASICMaster" 
Debug[08:34:03]: "Resume:RDUMMaster" 
Debug[08:34:03]: "Resume:DSI3Slave" 
Debug[08:34:03]: "Resume:Measurement" 
Debug[08:34:03]: "Resume:CFARsim" 
Debug[08:52:19]: "Suspend:Settings" 
Debug[08:52:19]: "Suspend:UartUartController" 
Debug[08:52:19]: "Suspend:UartSpiController" 
Debug[08:52:19]: "Suspend:UartSsiController" 
Debug[08:52:19]: "Suspend:DSI3Master" 
Debug[08:52:19]: "Suspend:ASICMaster" 
Debug[08:52:19]: "Suspend:RDUMMaster" 
Debug[08:52:19]: "Suspend:DSI3Slave" 
Debug[08:52:19]: "Suspend:Measurement" 
Debug[08:52:19]: "Suspend:CFARsim" 
Debug[08:52:19]: signal in logmode 
Debug[08:52:19]: "INF(08:52:19.997):Disconnect by user" 
Debug[08:52:19]: log_breakpoint 
Debug[08:52:19]: 5 
Debug[08:52:20]: signal in logmode 
Debug[08:52:20]: "INF(08:52:20.026):Disconnect by user" 
Debug[08:52:20]: log_breakpoint 
Debug[08:52:20]: 5 
Warning[08:52:29]: QObject::connect: Cannot connect LocalServer::log(int,QString) to (null)::slot_addLog(int,QString)
Debug[08:52:29]: LocalServer:new "\\.\pipe\DSI3PAS" 
Debug[08:52:29]: Register specific 
Debug[08:52:29]: DynScaleCaclulate 
Debug[08:52:29]: "init 2 UartUartController" 
Debug[08:52:29]: Ok 
Debug[08:52:29]: "init 3 UartSpiController" 
Debug[08:52:29]: Ok 
Debug[08:52:29]: "init 4 UartSsiController" 
Debug[08:52:29]: Ok 
Debug[08:52:29]: "init 5 DSI3Master" 
Debug[08:52:29]: Ok 
Debug[08:52:29]: "init 6 ASICMaster" 
Debug[08:52:29]: Ok 
Debug[08:52:29]: "init 7 RDUMMaster" 
Debug[08:52:29]: Ok 
Debug[08:52:29]: "init 8 DSI3Slave" 
Debug[08:52:30]: Ok 
Debug[08:52:30]: "init 9 Measurement" 
Debug[08:52:30]: Ok 
Debug[08:52:30]: "init 10 CFARsim" 
Debug[08:52:30]: Ok 
Debug[08:52:30]: MainApp Starting... 
Debug[08:52:31]: Add applets to MainWindow...
 
Debug[08:52:31]: Initialize Connection... 
Debug[08:52:31]: signal in logmode 
Debug[08:52:31]: "INF(08:52:31.871):Mode is OK" 
Debug[08:52:31]: log_breakpoint 
Debug[08:52:31]: 5 
Debug[08:52:31]: signal in logmode 
Debug[08:52:31]: "INF(08:52:31.875):Attempt" 
Debug[08:52:31]: log_breakpoint 
Debug[08:52:31]: 5 
Debug[08:52:32]: signal in logmode 
Debug[08:52:32]: "INF(08:52:32.192):Attempt" 
Debug[08:52:32]: log_breakpoint 
Debug[08:52:32]: 5 
Debug[08:52:32]: signal in logmode 
Debug[08:52:32]: "INF(08:52:32.502):Attempt" 
Debug[08:52:32]: log_breakpoint 
Debug[08:52:32]: 5 
Debug[08:52:32]: signal in logmode 
Debug[08:52:32]: "INF(08:52:32.814):Mode is OK" 
Debug[08:52:32]: log_breakpoint 
Debug[08:52:32]: 5 
Debug[08:52:32]: signal in logmode 
Debug[08:52:32]: "INF(08:52:32.818):Attempt" 
Debug[08:52:32]: log_breakpoint 
Debug[08:52:32]: 5 
Debug[08:52:33]: signal in logmode 
Debug[08:52:33]: "INF(08:52:33.127):Attempt" 
Debug[08:52:33]: log_breakpoint 
Debug[08:52:33]: 5 
Debug[08:52:33]: signal in logmode 
Debug[08:52:33]: "INF(08:52:33.439):Attempt" 
Debug[08:52:33]: log_breakpoint 
Debug[08:52:33]: 5 
Debug[08:52:33]: signal in logmode 
Debug[08:52:33]: "INF(08:52:33.751):Mode is OK" 
Debug[08:52:33]: log_breakpoint 
Debug[08:52:33]: 5 
Debug[08:52:33]: signal in logmode 
Debug[08:52:33]: "INF(08:52:33.756):Attempt" 
Debug[08:52:33]: log_breakpoint 
Debug[08:52:33]: 5 
Debug[08:52:33]: signal in logmode 
Debug[08:52:33]: "INF(08:52:33.900):Mode is OK" 
Debug[08:52:33]: log_breakpoint 
Debug[08:52:33]: 5 
Debug[08:52:33]: signal in logmode 
Debug[08:52:33]: "INF(08:52:33.903):Attempt" 
Debug[08:52:33]: log_breakpoint 
Debug[08:52:33]: 5 
Debug[08:52:34]: signal in logmode 
Debug[08:52:34]: "INF(08:52:34.220):Attempt" 
Debug[08:52:34]: log_breakpoint 
Debug[08:52:34]: 5 
Debug[08:52:34]: signal in logmode 
Debug[08:52:34]: "INF(08:52:34.530):Attempt" 
Debug[08:52:34]: log_breakpoint 
Debug[08:52:34]: 5 
Debug[08:52:34]: signal in logmode 
Debug[08:52:34]: "INF(08:52:34.842):Mode is OK" 
Debug[08:52:34]: log_breakpoint 
Debug[08:52:34]: 5 
Debug[08:52:34]: signal in logmode 
Debug[08:52:34]: "INF(08:52:34.846):Attempt" 
Debug[08:52:34]: log_breakpoint 
Debug[08:52:34]: 5 
Debug[08:52:35]: signal in logmode 
Debug[08:52:35]: "INF(08:52:35.153):Attempt" 
Debug[08:52:35]: log_breakpoint 
Debug[08:52:35]: 5 
Debug[08:52:35]: signal in logmode 
Debug[08:52:35]: "INF(08:52:35.466):Attempt" 
Debug[08:52:35]: log_breakpoint 
Debug[08:52:35]: 5 
Debug[08:52:35]: signal in logmode 
Debug[08:52:35]: "INF(08:52:35.782):Mode is OK" 
Debug[08:52:35]: log_breakpoint 
Debug[08:52:35]: 5 
Debug[08:52:35]: signal in logmode 
Debug[08:52:35]: "INF(08:52:35.786):Attempt" 
Debug[08:52:35]: log_breakpoint 
Debug[08:52:35]: 5 
Debug[08:52:36]: signal in logmode 
Debug[08:52:36]: "INF(08:52:36.089):Attempt" 
Debug[08:52:36]: log_breakpoint 
Debug[08:52:36]: 5 
Debug[08:52:36]: signal in logmode 
Debug[08:52:36]: "INF(08:52:36.402):Attempt" 
Debug[08:52:36]: log_breakpoint 
Debug[08:52:36]: 5 
Debug[08:52:36]: signal in logmode 
Debug[08:52:36]: "INF(08:52:36.717):Mode is OK" 
Debug[08:52:36]: log_breakpoint 
Debug[08:52:36]: 5 
Debug[08:52:36]: signal in logmode 
Debug[08:52:36]: "INF(08:52:36.721):Attempt" 
Debug[08:52:36]: log_breakpoint 
Debug[08:52:36]: 5 
Debug[08:52:37]: signal in logmode 
Debug[08:52:37]: "INF(08:52:37.026):Attempt" 
Debug[08:52:37]: log_breakpoint 
Debug[08:52:37]: 5 
Debug[08:52:37]: signal in logmode 
Debug[08:52:37]: "INF(08:52:37.339):Attempt" 
Debug[08:52:37]: log_breakpoint 
Debug[08:52:37]: 5 
Debug[08:52:43]: signal in logmode 
Debug[08:52:43]: "INF(08:52:43.024):Mode is OK" 
Debug[08:52:43]: log_breakpoint 
Debug[08:52:43]: 5 
Debug[08:52:43]: signal in logmode 
Debug[08:52:43]: "INF(08:52:43.027):Attempt" 
Debug[08:52:43]: log_breakpoint 
Debug[08:52:43]: 5 
Debug[08:52:43]: signal in logmode 
Debug[08:52:43]: "INF(08:52:43.335):Attempt" 
Debug[08:52:43]: log_breakpoint 
Debug[08:52:43]: 5 
Debug[08:52:43]: signal in logmode 
Debug[08:52:43]: "INF(08:52:43.647):Attempt" 
Debug[08:52:43]: log_breakpoint 
Debug[08:52:43]: 5 
Debug[08:52:43]: signal in logmode 
Debug[08:52:43]: "INF(08:52:43.961):Mode is OK" 
Debug[08:52:43]: log_breakpoint 
Debug[08:52:43]: 5 
Debug[08:52:43]: signal in logmode 
Debug[08:52:43]: "INF(08:52:43.962):Attempt" 
Debug[08:52:43]: log_breakpoint 
Debug[08:52:43]: 5 
Debug[08:52:44]: signal in logmode 
Debug[08:52:44]: "INF(08:52:44.278):Attempt" 
Debug[08:52:44]: log_breakpoint 
Debug[08:52:44]: 5 
Debug[08:52:44]: signal in logmode 
Debug[08:52:44]: "INF(08:52:44.593):Attempt" 
Debug[08:52:44]: log_breakpoint 
Debug[08:52:44]: 5 
Debug[08:52:44]: signal in logmode 
Debug[08:52:44]: "INF(08:52:44.908):Mode is OK" 
Debug[08:52:44]: log_breakpoint 
Debug[08:52:44]: 5 
Debug[08:52:44]: signal in logmode 
Debug[08:52:44]: "INF(08:52:44.911):Attempt" 
Debug[08:52:44]: log_breakpoint 
Debug[08:52:44]: 5 
Debug[08:52:44]: signal in logmode 
Debug[08:52:44]: "INF(08:52:44.940):RDUM master connected" 
Debug[08:52:44]: log_breakpoint 
Debug[08:52:44]: 5 
Debug[08:52:44]: signal in logmode 
Debug[08:52:44]: "INF(08:52:44.942):Connected to \\.\COM36" 
Debug[08:52:44]: log_breakpoint 
Debug[08:52:44]: 5 
Warning[08:52:44]: Could not parse stylesheet of widget 0x3176fc0
Debug[08:52:44]: "Resume:Logs" 
Debug[08:52:44]: "Resume:Settings" 
Debug[08:52:44]: "Resume:UartUartController" 
Debug[08:52:44]: "Resume:UartSpiController" 
Debug[08:52:44]: "Resume:UartSsiController" 
Debug[08:52:44]: "Resume:DSI3Master" 
Debug[08:52:44]: "Resume:ASICMaster" 
Debug[08:52:44]: "Resume:RDUMMaster" 
Debug[08:52:44]: "Resume:DSI3Slave" 
Debug[08:52:44]: "Resume:Measurement" 
Debug[08:52:44]: "Resume:CFARsim" 
Debug[09:49:36]: "Suspend:Settings" 
Debug[09:49:36]: "Suspend:UartUartController" 
Debug[09:49:36]: "Suspend:UartSpiController" 
Debug[09:49:36]: "Suspend:UartSsiController" 
Debug[09:49:36]: "Suspend:DSI3Master" 
Debug[09:49:36]: "Suspend:ASICMaster" 
Debug[09:49:36]: "Suspend:RDUMMaster" 
Debug[09:49:36]: "Suspend:DSI3Slave" 
Debug[09:49:36]: "Suspend:Measurement" 
Debug[09:49:36]: "Suspend:CFARsim" 
Debug[09:49:36]: signal in logmode 
Debug[09:49:36]: "INF(09:49:36.960):Disconnect by user" 
Debug[09:49:36]: log_breakpoint 
Debug[09:49:36]: 5 
Debug[09:49:36]: signal in logmode 
Debug[09:49:36]: "INF(09:49:36.991):Disconnect by user" 
Debug[09:49:36]: log_breakpoint 
Debug[09:49:36]: 5 
Warning[09:50:00]: QObject::connect: Cannot connect LocalServer::log(int,QString) to (null)::slot_addLog(int,QString)
Debug[09:50:00]: LocalServer:new "\\.\pipe\DSI3PAS" 
Debug[09:50:00]: Register specific 
Debug[09:50:01]: DynScaleCaclulate 
Debug[09:50:01]: "init 2 UartUartController" 
Debug[09:50:01]: Ok 
Debug[09:50:01]: "init 3 UartSpiController" 
Debug[09:50:01]: Ok 
Debug[09:50:01]: "init 4 UartSsiController" 
Debug[09:50:01]: Ok 
Debug[09:50:01]: "init 5 DSI3Master" 
Debug[09:50:01]: Ok 
Debug[09:50:01]: "init 6 ASICMaster" 
Debug[09:50:01]: Ok 
Debug[09:50:01]: "init 7 RDUMMaster" 
Debug[09:50:01]: Ok 
Debug[09:50:01]: "init 8 DSI3Slave" 
Debug[09:50:01]: Ok 
Debug[09:50:01]: "init 9 Measurement" 
Debug[09:50:02]: Ok 
Debug[09:50:02]: "init 10 CFARsim" 
Debug[09:50:02]: Ok 
Debug[09:50:02]: MainApp Starting... 
Debug[09:50:03]: Add applets to MainWindow...
 
Debug[09:50:03]: Initialize Connection... 
Debug[09:50:03]: signal in logmode 
Debug[09:50:03]: "INF(09:50:03.536):Mode is OK" 
Debug[09:50:03]: log_breakpoint 
Debug[09:50:03]: 5 
Debug[09:50:03]: signal in logmode 
Debug[09:50:03]: "INF(09:50:03.539):Attempt" 
Debug[09:50:03]: log_breakpoint 
Debug[09:50:03]: 5 
Debug[09:50:03]: signal in logmode 
Debug[09:50:03]: "INF(09:50:03.860):Attempt" 
Debug[09:50:03]: log_breakpoint 
Debug[09:50:03]: 5 
Debug[09:50:04]: signal in logmode 
Debug[09:50:04]: "INF(09:50:04.171):Attempt" 
Debug[09:50:04]: log_breakpoint 
Debug[09:50:04]: 5 
Debug[09:50:04]: signal in logmode 
Debug[09:50:04]: "INF(09:50:04.486):Mode is OK" 
Debug[09:50:04]: log_breakpoint 
Debug[09:50:04]: 5 
Debug[09:50:04]: signal in logmode 
Debug[09:50:04]: "INF(09:50:04.489):Attempt" 
Debug[09:50:04]: log_breakpoint 
Debug[09:50:04]: 5 
Debug[09:50:04]: signal in logmode 
Debug[09:50:04]: "INF(09:50:04.800):Attempt" 
Debug[09:50:04]: log_breakpoint 
Debug[09:50:04]: 5 
Debug[09:50:05]: signal in logmode 
Debug[09:50:05]: "INF(09:50:05.111):Attempt" 
Debug[09:50:05]: log_breakpoint 
Debug[09:50:05]: 5 
Debug[09:50:05]: signal in logmode 
Debug[09:50:05]: "INF(09:50:05.422):Mode is OK" 
Debug[09:50:05]: log_breakpoint 
Debug[09:50:05]: 5 
Debug[09:50:05]: signal in logmode 
Debug[09:50:05]: "INF(09:50:05.425):Attempt" 
Debug[09:50:05]: log_breakpoint 
Debug[09:50:05]: 5 
Debug[09:50:05]: signal in logmode 
Debug[09:50:05]: "INF(09:50:05.581):Mode is OK" 
Debug[09:50:05]: log_breakpoint 
Debug[09:50:05]: 5 
Debug[09:50:05]: signal in logmode 
Debug[09:50:05]: "INF(09:50:05.585):Attempt" 
Debug[09:50:05]: log_breakpoint 
Debug[09:50:05]: 5 
Debug[09:50:05]: signal in logmode 
Debug[09:50:05]: "INF(09:50:05.906):Attempt" 
Debug[09:50:05]: log_breakpoint 
Debug[09:50:05]: 5 
Debug[09:50:06]: signal in logmode 
Debug[09:50:06]: "INF(09:50:06.216):Attempt" 
Debug[09:50:06]: log_breakpoint 
Debug[09:50:06]: 5 
Debug[09:50:06]: signal in logmode 
Debug[09:50:06]: "INF(09:50:06.530):Mode is OK" 
Debug[09:50:06]: log_breakpoint 
Debug[09:50:06]: 5 
Debug[09:50:06]: signal in logmode 
Debug[09:50:06]: "INF(09:50:06.533):Attempt" 
Debug[09:50:06]: log_breakpoint 
Debug[09:50:06]: 5 
Debug[09:50:06]: signal in logmode 
Debug[09:50:06]: "INF(09:50:06.841):Attempt" 
Debug[09:50:06]: log_breakpoint 
Debug[09:50:06]: 5 
Debug[09:50:07]: signal in logmode 
Debug[09:50:07]: "INF(09:50:07.154):Attempt" 
Debug[09:50:07]: log_breakpoint 
Debug[09:50:07]: 5 
Debug[09:50:07]: signal in logmode 
Debug[09:50:07]: "INF(09:50:07.465):Mode is OK" 
Debug[09:50:07]: log_breakpoint 
Debug[09:50:07]: 5 
Debug[09:50:07]: signal in logmode 
Debug[09:50:07]: "INF(09:50:07.468):Attempt" 
Debug[09:50:07]: log_breakpoint 
Debug[09:50:07]: 5 
Debug[09:50:07]: signal in logmode 
Debug[09:50:07]: "INF(09:50:07.778):Attempt" 
Debug[09:50:07]: log_breakpoint 
Debug[09:50:07]: 5 
Debug[09:50:08]: signal in logmode 
Debug[09:50:08]: "INF(09:50:08.092):Attempt" 
Debug[09:50:08]: log_breakpoint 
Debug[09:50:08]: 5 
Debug[09:50:08]: signal in logmode 
Debug[09:50:08]: "INF(09:50:08.409):Mode is OK" 
Debug[09:50:08]: log_breakpoint 
Debug[09:50:08]: 5 
Debug[09:50:08]: signal in logmode 
Debug[09:50:08]: "INF(09:50:08.413):Attempt" 
Debug[09:50:08]: log_breakpoint 
Debug[09:50:08]: 5 
Debug[09:50:08]: signal in logmode 
Debug[09:50:08]: "INF(09:50:08.725):Attempt" 
Debug[09:50:08]: log_breakpoint 
Debug[09:50:08]: 5 
Debug[09:50:09]: signal in logmode 
Debug[09:50:09]: "INF(09:50:09.037):Attempt" 
Debug[09:50:09]: log_breakpoint 
Debug[09:50:09]: 5 
Debug[09:50:13]: signal in logmode 
Debug[09:50:13]: "INF(09:50:13.727):Mode is OK" 
Debug[09:50:13]: log_breakpoint 
Debug[09:50:13]: 5 
Debug[09:50:13]: signal in logmode 
Debug[09:50:13]: "INF(09:50:13.730):Attempt" 
Debug[09:50:13]: log_breakpoint 
Debug[09:50:13]: 5 
Debug[09:50:14]: signal in logmode 
Debug[09:50:14]: "INF(09:50:14.050):Attempt" 
Debug[09:50:14]: log_breakpoint 
Debug[09:50:14]: 5 
Debug[09:50:14]: signal in logmode 
Debug[09:50:14]: "INF(09:50:14.360):Attempt" 
Debug[09:50:14]: log_breakpoint 
Debug[09:50:14]: 5 
Debug[09:50:14]: signal in logmode 
Debug[09:50:14]: "INF(09:50:14.668):Mode is OK" 
Debug[09:50:14]: log_breakpoint 
Debug[09:50:14]: 5 
Debug[09:50:14]: signal in logmode 
Debug[09:50:14]: "INF(09:50:14.673):Attempt" 
Debug[09:50:14]: log_breakpoint 
Debug[09:50:14]: 5 
Debug[09:50:14]: signal in logmode 
Debug[09:50:14]: "INF(09:50:14.982):Attempt" 
Debug[09:50:14]: log_breakpoint 
Debug[09:50:14]: 5 
Debug[09:50:15]: signal in logmode 
Debug[09:50:15]: "INF(09:50:15.299):Attempt" 
Debug[09:50:15]: log_breakpoint 
Debug[09:50:15]: 5 
Debug[09:50:15]: signal in logmode 
Debug[09:50:15]: "INF(09:50:15.614):Mode is OK" 
Debug[09:50:15]: log_breakpoint 
Debug[09:50:15]: 5 
Debug[09:50:15]: signal in logmode 
Debug[09:50:15]: "INF(09:50:15.618):Attempt" 
Debug[09:50:15]: log_breakpoint 
Debug[09:50:15]: 5 
Debug[09:50:15]: signal in logmode 
Debug[09:50:15]: "INF(09:50:15.643):RDUM master connected" 
Debug[09:50:15]: log_breakpoint 
Debug[09:50:15]: 5 
Debug[09:50:15]: signal in logmode 
Debug[09:50:15]: "INF(09:50:15.647):Connected to \\.\COM36" 
Debug[09:50:15]: log_breakpoint 
Debug[09:50:15]: 5 
Warning[09:50:15]: Could not parse stylesheet of widget 0x37371c0
Debug[09:50:15]: "Resume:Logs" 
Debug[09:50:15]: "Resume:Settings" 
Debug[09:50:15]: "Resume:UartUartController" 
Debug[09:50:15]: "Resume:UartSpiController" 
Debug[09:50:15]: "Resume:UartSsiController" 
Debug[09:50:15]: "Resume:DSI3Master" 
Debug[09:50:15]: "Resume:ASICMaster" 
Debug[09:50:15]: "Resume:RDUMMaster" 
Debug[09:50:15]: "Resume:DSI3Slave" 
Debug[09:50:15]: "Resume:Measurement" 
Debug[09:50:15]: "Resume:CFARsim" 
Debug[09:56:00]: "Suspend:Settings" 
Debug[09:56:00]: "Suspend:UartUartController" 
Debug[09:56:00]: "Suspend:UartSpiController" 
Debug[09:56:00]: "Suspend:UartSsiController" 
Debug[09:56:00]: "Suspend:DSI3Master" 
Debug[09:56:00]: "Suspend:ASICMaster" 
Debug[09:56:00]: "Suspend:RDUMMaster" 
Debug[09:56:00]: "Suspend:DSI3Slave" 
Debug[09:56:00]: "Suspend:Measurement" 
Debug[09:56:00]: "Suspend:CFARsim" 
Debug[09:56:00]: signal in logmode 
Debug[09:56:00]: "INF(09:56:00.262):Disconnect by user" 
Debug[09:56:00]: log_breakpoint 
Debug[09:56:00]: 5 
Debug[09:56:00]: signal in logmode 
Debug[09:56:00]: "INF(09:56:00.404):Disconnect by user" 
Debug[09:56:00]: log_breakpoint 
Debug[09:56:00]: 5 
Warning[10:53:59]: QObject::connect: Cannot connect LocalServer::log(int,QString) to (null)::slot_addLog(int,QString)
Debug[10:53:59]: LocalServer:new "\\.\pipe\DSI3PAS" 
Debug[10:53:59]: Register specific 
Debug[10:54:00]: DynScaleCaclulate 
Debug[10:54:00]: "init 2 UartUartController" 
Debug[10:54:00]: Ok 
Debug[10:54:00]: "init 3 UartSpiController" 
Debug[10:54:00]: Ok 
Debug[10:54:00]: "init 4 UartSsiController" 
Debug[10:54:00]: Ok 
Debug[10:54:00]: "init 5 DSI3Master" 
Debug[10:54:00]: Ok 
Debug[10:54:00]: "init 6 ASICMaster" 
Debug[10:54:00]: Ok 
Debug[10:54:00]: "init 7 RDUMMaster" 
Debug[10:54:00]: Ok 
Debug[10:54:00]: "init 8 DSI3Slave" 
Debug[10:54:00]: Ok 
Debug[10:54:00]: "init 9 Measurement" 
Debug[10:54:01]: Ok 
Debug[10:54:01]: "init 10 CFARsim" 
Debug[10:54:01]: Ok 
Debug[10:54:01]: MainApp Starting... 
Debug[10:54:02]: Add applets to MainWindow...
 
Debug[10:54:02]: Initialize Connection... 
Debug[10:54:02]: signal in logmode 
Debug[10:54:02]: "INF(10:54:02.519):Mode is OK" 
Debug[10:54:02]: log_breakpoint 
Debug[10:54:02]: 5 
Debug[10:54:02]: signal in logmode 
Debug[10:54:02]: "INF(10:54:02.520):Attempt" 
Debug[10:54:02]: log_breakpoint 
Debug[10:54:02]: 5 
Debug[10:54:02]: signal in logmode 
Debug[10:54:02]: "INF(10:54:02.833):Attempt" 
Debug[10:54:02]: log_breakpoint 
Debug[10:54:02]: 5 
Debug[10:54:03]: signal in logmode 
Debug[10:54:03]: "INF(10:54:03.145):Attempt" 
Debug[10:54:03]: log_breakpoint 
Debug[10:54:03]: 5 
Debug[10:54:03]: signal in logmode 
Debug[10:54:03]: "INF(10:54:03.459):Mode is OK" 
Debug[10:54:03]: log_breakpoint 
Debug[10:54:03]: 5 
Debug[10:54:03]: signal in logmode 
Debug[10:54:03]: "INF(10:54:03.463):Attempt" 
Debug[10:54:03]: log_breakpoint 
Debug[10:54:03]: 5 
Debug[10:54:03]: signal in logmode 
Debug[10:54:03]: "INF(10:54:03.769):Attempt" 
Debug[10:54:03]: log_breakpoint 
Debug[10:54:03]: 5 
Debug[10:54:04]: signal in logmode 
Debug[10:54:04]: "INF(10:54:04.079):Attempt" 
Debug[10:54:04]: log_breakpoint 
Debug[10:54:04]: 5 
Debug[10:54:04]: signal in logmode 
Debug[10:54:04]: "INF(10:54:04.396):Mode is OK" 
Debug[10:54:04]: log_breakpoint 
Debug[10:54:04]: 5 
Debug[10:54:04]: signal in logmode 
Debug[10:54:04]: "INF(10:54:04.399):Attempt" 
Debug[10:54:04]: log_breakpoint 
Debug[10:54:04]: 5 
Debug[10:54:04]: signal in logmode 
Debug[10:54:04]: "INF(10:54:04.545):Mode is OK" 
Debug[10:54:04]: log_breakpoint 
Debug[10:54:04]: 5 
Debug[10:54:04]: signal in logmode 
Debug[10:54:04]: "INF(10:54:04.547):Attempt" 
Debug[10:54:04]: log_breakpoint 
Debug[10:54:04]: 5 
Debug[10:54:04]: signal in logmode 
Debug[10:54:04]: "INF(10:54:04.869):Attempt" 
Debug[10:54:04]: log_breakpoint 
Debug[10:54:04]: 5 
Debug[10:54:05]: signal in logmode 
Debug[10:54:05]: "INF(10:54:05.180):Attempt" 
Debug[10:54:05]: log_breakpoint 
Debug[10:54:05]: 5 
Debug[10:54:05]: signal in logmode 
Debug[10:54:05]: "INF(10:54:05.490):Mode is OK" 
Debug[10:54:05]: log_breakpoint 
Debug[10:54:05]: 5 
Debug[10:54:05]: signal in logmode 
Debug[10:54:05]: "INF(10:54:05.493):Attempt" 
Debug[10:54:05]: log_breakpoint 
Debug[10:54:05]: 5 
Debug[10:54:05]: signal in logmode 
Debug[10:54:05]: "INF(10:54:05.804):Attempt" 
Debug[10:54:05]: log_breakpoint 
Debug[10:54:05]: 5 
Debug[10:54:06]: signal in logmode 
Debug[10:54:06]: "INF(10:54:06.117):Attempt" 
Debug[10:54:06]: log_breakpoint 
Debug[10:54:06]: 5 
Debug[10:54:06]: signal in logmode 
Debug[10:54:06]: "INF(10:54:06.430):Mode is OK" 
Debug[10:54:06]: log_breakpoint 
Debug[10:54:06]: 5 
Debug[10:54:06]: signal in logmode 
Debug[10:54:06]: "INF(10:54:06.433):Attempt" 
Debug[10:54:06]: log_breakpoint 
Debug[10:54:06]: 5 
Debug[10:54:06]: signal in logmode 
Debug[10:54:06]: "INF(10:54:06.740):Attempt" 
Debug[10:54:06]: log_breakpoint 
Debug[10:54:06]: 5 
Debug[10:54:07]: signal in logmode 
Debug[10:54:07]: "INF(10:54:07.053):Attempt" 
Debug[10:54:07]: log_breakpoint 
Debug[10:54:07]: 5 
Debug[10:54:07]: signal in logmode 
Debug[10:54:07]: "INF(10:54:07.367):Mode is OK" 
Debug[10:54:07]: log_breakpoint 
Debug[10:54:07]: 5 
Debug[10:54:07]: signal in logmode 
Debug[10:54:07]: "INF(10:54:07.370):Attempt" 
Debug[10:54:07]: log_breakpoint 
Debug[10:54:07]: 5 
Debug[10:54:07]: signal in logmode 
Debug[10:54:07]: "INF(10:54:07.676):Attempt" 
Debug[10:54:07]: log_breakpoint 
Debug[10:54:07]: 5 
Debug[10:54:07]: signal in logmode 
Debug[10:54:07]: "INF(10:54:07.990):Attempt" 
Debug[10:54:07]: log_breakpoint 
Debug[10:54:07]: 5 
Debug[10:54:11]: signal in logmode 
Debug[10:54:11]: "INF(10:54:11.494):Mode is OK" 
Debug[10:54:11]: log_breakpoint 
Debug[10:54:11]: 5 
Debug[10:54:11]: signal in logmode 
Debug[10:54:11]: "INF(10:54:11.497):Attempt" 
Debug[10:54:11]: log_breakpoint 
Debug[10:54:11]: 5 
Debug[10:54:11]: signal in logmode 
Debug[10:54:11]: "INF(10:54:11.807):Attempt" 
Debug[10:54:11]: log_breakpoint 
Debug[10:54:11]: 5 
Debug[10:54:12]: signal in logmode 
Debug[10:54:12]: "INF(10:54:12.117):Attempt" 
Debug[10:54:12]: log_breakpoint 
Debug[10:54:12]: 5 
Debug[10:54:12]: signal in logmode 
Debug[10:54:12]: "INF(10:54:12.431):Mode is OK" 
Debug[10:54:12]: log_breakpoint 
Debug[10:54:12]: 5 
Debug[10:54:12]: signal in logmode 
Debug[10:54:12]: "INF(10:54:12.434):Attempt" 
Debug[10:54:12]: log_breakpoint 
Debug[10:54:12]: 5 
Debug[10:54:12]: signal in logmode 
Debug[10:54:12]: "INF(10:54:12.743):Attempt" 
Debug[10:54:12]: log_breakpoint 
Debug[10:54:12]: 5 
Debug[10:54:13]: signal in logmode 
Debug[10:54:13]: "INF(10:54:13.058):Attempt" 
Debug[10:54:13]: log_breakpoint 
Debug[10:54:13]: 5 
Debug[10:54:13]: signal in logmode 
Debug[10:54:13]: "INF(10:54:13.372):Mode is OK" 
Debug[10:54:13]: log_breakpoint 
Debug[10:54:13]: 5 
Debug[10:54:13]: signal in logmode 
Debug[10:54:13]: "INF(10:54:13.376):Attempt" 
Debug[10:54:13]: log_breakpoint 
Debug[10:54:13]: 5 
Debug[10:54:13]: signal in logmode 
Debug[10:54:13]: "INF(10:54:13.401):RDUM master connected" 
Debug[10:54:13]: log_breakpoint 
Debug[10:54:13]: 5 
Debug[10:54:13]: signal in logmode 
Debug[10:54:13]: "INF(10:54:13.404):Connected to \\.\COM36" 
Debug[10:54:13]: log_breakpoint 
Debug[10:54:13]: 5 
Warning[10:54:13]: Could not parse stylesheet of widget 0x3156348
Debug[10:54:13]: "Resume:Logs" 
Debug[10:54:13]: "Resume:Settings" 
Debug[10:54:13]: "Resume:UartUartController" 
Debug[10:54:13]: "Resume:UartSpiController" 
Debug[10:54:13]: "Resume:UartSsiController" 
Debug[10:54:13]: "Resume:DSI3Master" 
Debug[10:54:13]: "Resume:ASICMaster" 
Debug[10:54:13]: "Resume:RDUMMaster" 
Debug[10:54:13]: "Resume:DSI3Slave" 
Debug[10:54:13]: "Resume:Measurement" 
Debug[10:54:13]: "Resume:CFARsim" 
Debug[10:55:04]: "Suspend:Settings" 
Debug[10:55:04]: "Suspend:UartUartController" 
Debug[10:55:04]: "Suspend:UartSpiController" 
Debug[10:55:04]: "Suspend:UartSsiController" 
Debug[10:55:04]: "Suspend:DSI3Master" 
Debug[10:55:04]: "Suspend:ASICMaster" 
Debug[10:55:04]: "Suspend:RDUMMaster" 
Debug[10:55:04]: "Suspend:DSI3Slave" 
Debug[10:55:04]: "Suspend:Measurement" 
Debug[10:55:04]: "Suspend:CFARsim" 
Debug[10:55:04]: signal in logmode 
Debug[10:55:04]: "INF(10:55:04.658):Disconnect by user" 
Debug[10:55:04]: log_breakpoint 
Debug[10:55:04]: 5 
Debug[10:55:04]: signal in logmode 
Debug[10:55:04]: "INF(10:55:04.807):Disconnect by user" 
Debug[10:55:04]: log_breakpoint 
Debug[10:55:04]: 5 
Warning[11:02:16]: QObject::connect: Cannot connect LocalServer::log(int,QString) to (null)::slot_addLog(int,QString)
Debug[11:02:16]: LocalServer:new "\\.\pipe\DSI3PAS" 
Debug[11:02:16]: Register specific 
Debug[11:02:17]: DynScaleCaclulate 
Debug[11:02:17]: "init 2 UartUartController" 
Debug[11:02:17]: Ok 
Debug[11:02:17]: "init 3 UartSpiController" 
Debug[11:02:17]: Ok 
Debug[11:02:17]: "init 4 UartSsiController" 
Debug[11:02:17]: Ok 
Debug[11:02:17]: "init 5 DSI3Master" 
Debug[11:02:17]: Ok 
Debug[11:02:17]: "init 6 ASICMaster" 
Debug[11:02:17]: Ok 
Debug[11:02:17]: "init 7 RDUMMaster" 
Debug[11:02:17]: Ok 
Debug[11:02:17]: "init 8 DSI3Slave" 
Debug[11:02:17]: Ok 
Debug[11:02:17]: "init 9 Measurement" 
Debug[11:02:18]: Ok 
Debug[11:02:18]: "init 10 CFARsim" 
Debug[11:02:18]: Ok 
Debug[11:02:18]: MainApp Starting... 
Debug[11:02:19]: Add applets to MainWindow...
 
Debug[11:02:19]: Initialize Connection... 
Debug[11:02:19]: signal in logmode 
Debug[11:02:19]: "INF(11:02:19.525):Mode is OK" 
Debug[11:02:19]: log_breakpoint 
Debug[11:02:19]: 5 
Debug[11:02:19]: signal in logmode 
Debug[11:02:19]: "INF(11:02:19.528):Attempt" 
Debug[11:02:19]: log_breakpoint 
Debug[11:02:19]: 5 
Debug[11:02:19]: signal in logmode 
Debug[11:02:19]: "INF(11:02:19.846):Attempt" 
Debug[11:02:19]: log_breakpoint 
Debug[11:02:19]: 5 
Debug[11:02:20]: signal in logmode 
Debug[11:02:20]: "INF(11:02:20.160):Attempt" 
Debug[11:02:20]: log_breakpoint 
Debug[11:02:20]: 5 
Debug[11:02:20]: signal in logmode 
Debug[11:02:20]: "INF(11:02:20.473):Mode is OK" 
Debug[11:02:20]: log_breakpoint 
Debug[11:02:20]: 5 
Debug[11:02:20]: signal in logmode 
Debug[11:02:20]: "INF(11:02:20.476):Attempt" 
Debug[11:02:20]: log_breakpoint 
Debug[11:02:20]: 5 
Debug[11:02:20]: signal in logmode 
Debug[11:02:20]: "INF(11:02:20.784):Attempt" 
Debug[11:02:20]: log_breakpoint 
Debug[11:02:20]: 5 
Debug[11:02:21]: signal in logmode 
Debug[11:02:21]: "INF(11:02:21.097):Attempt" 
Debug[11:02:21]: log_breakpoint 
Debug[11:02:21]: 5 
Debug[11:02:21]: signal in logmode 
Debug[11:02:21]: "INF(11:02:21.406):Mode is OK" 
Debug[11:02:21]: log_breakpoint 
Debug[11:02:21]: 5 
Debug[11:02:21]: signal in logmode 
Debug[11:02:21]: "INF(11:02:21.410):Attempt" 
Debug[11:02:21]: log_breakpoint 
Debug[11:02:21]: 5 
Debug[11:02:21]: signal in logmode 
Debug[11:02:21]: "INF(11:02:21.565):Mode is OK" 
Debug[11:02:21]: log_breakpoint 
Debug[11:02:21]: 5 
Debug[11:02:21]: signal in logmode 
Debug[11:02:21]: "INF(11:02:21.568):Attempt" 
Debug[11:02:21]: log_breakpoint 
Debug[11:02:21]: 5 
Debug[11:02:21]: signal in logmode 
Debug[11:02:21]: "INF(11:02:21.875):Attempt" 
Debug[11:02:21]: log_breakpoint 
Debug[11:02:21]: 5 
Debug[11:02:22]: signal in logmode 
Debug[11:02:22]: "INF(11:02:22.188):Attempt" 
Debug[11:02:22]: log_breakpoint 
Debug[11:02:22]: 5 
Debug[11:02:22]: signal in logmode 
Debug[11:02:22]: "INF(11:02:22.502):Mode is OK" 
Debug[11:02:22]: log_breakpoint 
Debug[11:02:22]: 5 
Debug[11:02:22]: signal in logmode 
Debug[11:02:22]: "INF(11:02:22.505):Attempt" 
Debug[11:02:22]: log_breakpoint 
Debug[11:02:22]: 5 
Debug[11:02:22]: signal in logmode 
Debug[11:02:22]: "INF(11:02:22.818):Attempt" 
Debug[11:02:22]: log_breakpoint 
Debug[11:02:22]: 5 
Debug[11:02:23]: signal in logmode 
Debug[11:02:23]: "INF(11:02:23.129):Attempt" 
Debug[11:02:23]: log_breakpoint 
Debug[11:02:23]: 5 
Debug[11:02:23]: signal in logmode 
Debug[11:02:23]: "INF(11:02:23.443):Mode is OK" 
Debug[11:02:23]: log_breakpoint 
Debug[11:02:23]: 5 
Debug[11:02:23]: signal in logmode 
Debug[11:02:23]: "INF(11:02:23.447):Attempt" 
Debug[11:02:23]: log_breakpoint 
Debug[11:02:23]: 5 
Debug[11:02:23]: signal in logmode 
Debug[11:02:23]: "INF(11:02:23.754):Attempt" 
Debug[11:02:23]: log_breakpoint 
Debug[11:02:23]: 5 
Debug[11:02:24]: signal in logmode 
Debug[11:02:24]: "INF(11:02:24.067):Attempt" 
Debug[11:02:24]: log_breakpoint 
Debug[11:02:24]: 5 
Debug[11:02:24]: signal in logmode 
Debug[11:02:24]: "INF(11:02:24.377):Mode is OK" 
Debug[11:02:24]: log_breakpoint 
Debug[11:02:24]: 5 
Debug[11:02:24]: signal in logmode 
Debug[11:02:24]: "INF(11:02:24.381):Attempt" 
Debug[11:02:24]: log_breakpoint 
Debug[11:02:24]: 5 
Debug[11:02:24]: signal in logmode 
Debug[11:02:24]: "INF(11:02:24.690):Attempt" 
Debug[11:02:24]: log_breakpoint 
Debug[11:02:24]: 5 
Debug[11:02:25]: signal in logmode 
Debug[11:02:25]: "INF(11:02:25.005):Attempt" 
Debug[11:02:25]: log_breakpoint 
Debug[11:02:25]: 5 
Debug[11:02:28]: signal in logmode 
Debug[11:02:28]: "INF(11:02:28.660):Mode is OK" 
Debug[11:02:28]: log_breakpoint 
Debug[11:02:28]: 5 
Debug[11:02:28]: signal in logmode 
Debug[11:02:28]: "INF(11:02:28.663):Attempt" 
Debug[11:02:28]: log_breakpoint 
Debug[11:02:28]: 5 
Debug[11:02:28]: signal in logmode 
Debug[11:02:28]: "INF(11:02:28.973):Attempt" 
Debug[11:02:28]: log_breakpoint 
Debug[11:02:28]: 5 
Debug[11:02:29]: signal in logmode 
Debug[11:02:29]: "INF(11:02:29.285):Attempt" 
Debug[11:02:29]: log_breakpoint 
Debug[11:02:29]: 5 
Debug[11:02:29]: signal in logmode 
Debug[11:02:29]: "INF(11:02:29.597):Mode is OK" 
Debug[11:02:29]: log_breakpoint 
Debug[11:02:29]: 5 
Debug[11:02:29]: signal in logmode 
Debug[11:02:29]: "INF(11:02:29.601):Attempt" 
Debug[11:02:29]: log_breakpoint 
Debug[11:02:29]: 5 
Debug[11:02:29]: signal in logmode 
Debug[11:02:29]: "INF(11:02:29.908):Attempt" 
Debug[11:02:29]: log_breakpoint 
Debug[11:02:29]: 5 
Debug[11:02:30]: signal in logmode 
Debug[11:02:30]: "INF(11:02:30.220):Attempt" 
Debug[11:02:30]: log_breakpoint 
Debug[11:02:30]: 5 
Debug[11:02:30]: signal in logmode 
Debug[11:02:30]: "INF(11:02:30.533):Mode is OK" 
Debug[11:02:30]: log_breakpoint 
Debug[11:02:30]: 5 
Debug[11:02:30]: signal in logmode 
Debug[11:02:30]: "INF(11:02:30.536):Attempt" 
Debug[11:02:30]: log_breakpoint 
Debug[11:02:30]: 5 
Debug[11:02:30]: signal in logmode 
Debug[11:02:30]: "INF(11:02:30.545):RDUM master connected" 
Debug[11:02:30]: log_breakpoint 
Debug[11:02:30]: 5 
Debug[11:02:30]: signal in logmode 
Debug[11:02:30]: "INF(11:02:30.547):Connected to \\.\COM36" 
Debug[11:02:30]: log_breakpoint 
Debug[11:02:30]: 5 
Warning[11:02:30]: Could not parse stylesheet of widget 0x3706348
Debug[11:02:30]: "Resume:Logs" 
Debug[11:02:30]: "Resume:Settings" 
Debug[11:02:30]: "Resume:UartUartController" 
Debug[11:02:30]: "Resume:UartSpiController" 
Debug[11:02:30]: "Resume:UartSsiController" 
Debug[11:02:30]: "Resume:DSI3Master" 
Debug[11:02:30]: "Resume:ASICMaster" 
Debug[11:02:30]: "Resume:RDUMMaster" 
Debug[11:02:30]: "Resume:DSI3Slave" 
Debug[11:02:30]: "Resume:Measurement" 
Debug[11:02:30]: "Resume:CFARsim" 
Debug[11:03:08]: "Suspend:Settings" 
Debug[11:03:08]: "Suspend:UartUartController" 
Debug[11:03:08]: "Suspend:UartSpiController" 
Debug[11:03:08]: "Suspend:UartSsiController" 
Debug[11:03:08]: "Suspend:DSI3Master" 
Debug[11:03:08]: "Suspend:ASICMaster" 
Debug[11:03:08]: "Suspend:RDUMMaster" 
Debug[11:03:08]: "Suspend:DSI3Slave" 
Debug[11:03:08]: "Suspend:Measurement" 
Debug[11:03:08]: "Suspend:CFARsim" 
Debug[11:03:08]: signal in logmode 
Debug[11:03:08]: "INF(11:03:08.785):Disconnect by user" 
Debug[11:03:08]: log_breakpoint 
Debug[11:03:08]: 5 
Debug[11:03:08]: signal in logmode 
Debug[11:03:08]: "INF(11:03:08.951):Disconnect by user" 
Debug[11:03:08]: log_breakpoint 
Debug[11:03:08]: 5 
Warning[11:37:27]: QObject::connect: Cannot connect LocalServer::log(int,QString) to (null)::slot_addLog(int,QString)
Debug[11:37:27]: LocalServer:new "\\.\pipe\DSI3PAS" 
Debug[11:37:27]: Register specific 
Debug[11:37:27]: DynScaleCaclulate 
Debug[11:37:27]: "init 2 UartUartController" 
Debug[11:37:27]: Ok 
Debug[11:37:27]: "init 3 UartSpiController" 
Debug[11:37:27]: Ok 
Debug[11:37:27]: "init 4 UartSsiController" 
Debug[11:37:27]: Ok 
Debug[11:37:27]: "init 5 DSI3Master" 
Debug[11:37:27]: Ok 
Debug[11:37:27]: "init 6 ASICMaster" 
Debug[11:37:27]: Ok 
Debug[11:37:27]: "init 7 RDUMMaster" 
Debug[11:37:27]: Ok 
Debug[11:37:27]: "init 8 DSI3Slave" 
Debug[11:37:28]: Ok 
Debug[11:37:28]: "init 9 Measurement" 
Debug[11:37:29]: Ok 
Debug[11:37:29]: "init 10 CFARsim" 
Debug[11:37:29]: Ok 
Debug[11:37:29]: MainApp Starting... 
Debug[11:37:29]: Add applets to MainWindow...
 
Debug[11:37:29]: Initialize Connection... 
Debug[11:37:30]: signal in logmode 
Debug[11:37:30]: "INF(11:37:30.206):Mode is OK" 
Debug[11:37:30]: log_breakpoint 
Debug[11:37:30]: 5 
Debug[11:37:30]: signal in logmode 
Debug[11:37:30]: "INF(11:37:30.209):Attempt" 
Debug[11:37:30]: log_breakpoint 
Debug[11:37:30]: 5 
Debug[11:37:30]: signal in logmode 
Debug[11:37:30]: "INF(11:37:30.523):Attempt" 
Debug[11:37:30]: log_breakpoint 
Debug[11:37:30]: 5 
Debug[11:37:30]: signal in logmode 
Debug[11:37:30]: "INF(11:37:30.835):Attempt" 
Debug[11:37:30]: log_breakpoint 
Debug[11:37:30]: 5 
Debug[11:37:31]: signal in logmode 
Debug[11:37:31]: "INF(11:37:31.150):Mode is OK" 
Debug[11:37:31]: log_breakpoint 
Debug[11:37:31]: 5 
Debug[11:37:31]: signal in logmode 
Debug[11:37:31]: "INF(11:37:31.154):Attempt" 
Debug[11:37:31]: log_breakpoint 
Debug[11:37:31]: 5 
Debug[11:37:31]: signal in logmode 
Debug[11:37:31]: "INF(11:37:31.460):Attempt" 
Debug[11:37:31]: log_breakpoint 
Debug[11:37:31]: 5 
Debug[11:37:31]: signal in logmode 
Debug[11:37:31]: "INF(11:37:31.772):Attempt" 
Debug[11:37:31]: log_breakpoint 
Debug[11:37:31]: 5 
Debug[11:37:32]: signal in logmode 
Debug[11:37:32]: "INF(11:37:32.084):Mode is OK" 
Debug[11:37:32]: log_breakpoint 
Debug[11:37:32]: 5 
Debug[11:37:32]: signal in logmode 
Debug[11:37:32]: "INF(11:37:32.088):Attempt" 
Debug[11:37:32]: log_breakpoint 
Debug[11:37:32]: 5 
Debug[11:37:32]: signal in logmode 
Debug[11:37:32]: "INF(11:37:32.245):Mode is OK" 
Debug[11:37:32]: log_breakpoint 
Debug[11:37:32]: 5 
Debug[11:37:32]: signal in logmode 
Debug[11:37:32]: "INF(11:37:32.248):Attempt" 
Debug[11:37:32]: log_breakpoint 
Debug[11:37:32]: 5 
Debug[11:37:32]: signal in logmode 
Debug[11:37:32]: "INF(11:37:32.568):Attempt" 
Debug[11:37:32]: log_breakpoint 
Debug[11:37:32]: 5 
Debug[11:37:32]: signal in logmode 
Debug[11:37:32]: "INF(11:37:32.877):Attempt" 
Debug[11:37:32]: log_breakpoint 
Debug[11:37:32]: 5 
Debug[11:37:33]: signal in logmode 
Debug[11:37:33]: "INF(11:37:33.192):Mode is OK" 
Debug[11:37:33]: log_breakpoint 
Debug[11:37:33]: 5 
Debug[11:37:33]: signal in logmode 
Debug[11:37:33]: "INF(11:37:33.197):Attempt" 
Debug[11:37:33]: log_breakpoint 
Debug[11:37:33]: 5 
Debug[11:37:33]: signal in logmode 
Debug[11:37:33]: "INF(11:37:33.501):Attempt" 
Debug[11:37:33]: log_breakpoint 
Debug[11:37:33]: 5 
Debug[11:37:33]: signal in logmode 
Debug[11:37:33]: "INF(11:37:33.812):Attempt" 
Debug[11:37:33]: log_breakpoint 
Debug[11:37:33]: 5 
Debug[11:37:34]: signal in logmode 
Debug[11:37:34]: "INF(11:37:34.127):Mode is OK" 
Debug[11:37:34]: log_breakpoint 
Debug[11:37:34]: 5 
Debug[11:37:34]: signal in logmode 
Debug[11:37:34]: "INF(11:37:34.131):Attempt" 
Debug[11:37:34]: log_breakpoint 
Debug[11:37:34]: 5 
Debug[11:37:34]: signal in logmode 
Debug[11:37:34]: "INF(11:37:34.446):Attempt" 
Debug[11:37:34]: log_breakpoint 
Debug[11:37:34]: 5 
Debug[11:37:34]: signal in logmode 
Debug[11:37:34]: "INF(11:37:34.763):Attempt" 
Debug[11:37:34]: log_breakpoint 
Debug[11:37:34]: 5 
Debug[11:37:35]: signal in logmode 
Debug[11:37:35]: "INF(11:37:35.075):Mode is OK" 
Debug[11:37:35]: log_breakpoint 
Debug[11:37:35]: 5 
Debug[11:37:35]: signal in logmode 
Debug[11:37:35]: "INF(11:37:35.079):Attempt" 
Debug[11:37:35]: log_breakpoint 
Debug[11:37:35]: 5 
Debug[11:37:35]: signal in logmode 
Debug[11:37:35]: "INF(11:37:35.385):Attempt" 
Debug[11:37:35]: log_breakpoint 
Debug[11:37:35]: 5 
Debug[11:37:35]: signal in logmode 
Debug[11:37:35]: "INF(11:37:35.696):Attempt" 
Debug[11:37:35]: log_breakpoint 
Debug[11:37:35]: 5 
Debug[11:37:39]: signal in logmode 
Debug[11:37:39]: "INF(11:37:39.743):Mode is OK" 
Debug[11:37:39]: log_breakpoint 
Debug[11:37:39]: 5 
Debug[11:37:39]: signal in logmode 
Debug[11:37:39]: "INF(11:37:39.744):Attempt" 
Debug[11:37:39]: log_breakpoint 
Debug[11:37:39]: 5 
Debug[11:37:40]: signal in logmode 
Debug[11:37:40]: "INF(11:37:40.055):Attempt" 
Debug[11:37:40]: log_breakpoint 
Debug[11:37:40]: 5 
Debug[11:37:40]: signal in logmode 
Debug[11:37:40]: "INF(11:37:40.372):Attempt" 
Debug[11:37:40]: log_breakpoint 
Debug[11:37:40]: 5 
Debug[11:37:40]: signal in logmode 
Debug[11:37:40]: "INF(11:37:40.684):Mode is OK" 
Debug[11:37:40]: log_breakpoint 
Debug[11:37:40]: 5 
Debug[11:37:40]: signal in logmode 
Debug[11:37:40]: "INF(11:37:40.688):Attempt" 
Debug[11:37:40]: log_breakpoint 
Debug[11:37:40]: 5 
Debug[11:37:40]: signal in logmode 
Debug[11:37:40]: "INF(11:37:40.994):Attempt" 
Debug[11:37:40]: log_breakpoint 
Debug[11:37:40]: 5 
Debug[11:37:41]: signal in logmode 
Debug[11:37:41]: "INF(11:37:41.309):Attempt" 
Debug[11:37:41]: log_breakpoint 
Debug[11:37:41]: 5 
Debug[11:37:41]: signal in logmode 
Debug[11:37:41]: "INF(11:37:41.622):Mode is OK" 
Debug[11:37:41]: log_breakpoint 
Debug[11:37:41]: 5 
Debug[11:37:41]: signal in logmode 
Debug[11:37:41]: "INF(11:37:41.623):Attempt" 
Debug[11:37:41]: log_breakpoint 
Debug[11:37:41]: 5 
Debug[11:37:41]: signal in logmode 
Debug[11:37:41]: "INF(11:37:41.626):RDUM master connected" 
Debug[11:37:41]: log_breakpoint 
Debug[11:37:41]: 5 
Debug[11:37:41]: signal in logmode 
Debug[11:37:41]: "INF(11:37:41.627):Connected to \\.\COM36" 
Debug[11:37:41]: log_breakpoint 
Debug[11:37:41]: 5 
Warning[11:37:41]: Could not parse stylesheet of widget 0x3456448
Debug[11:37:41]: "Resume:Logs" 
Debug[11:37:41]: "Resume:Settings" 
Debug[11:37:41]: "Resume:UartUartController" 
Debug[11:37:41]: "Resume:UartSpiController" 
Debug[11:37:41]: "Resume:UartSsiController" 
Debug[11:37:41]: "Resume:DSI3Master" 
Debug[11:37:41]: "Resume:ASICMaster" 
Debug[11:37:41]: "Resume:RDUMMaster" 
Debug[11:37:41]: "Resume:DSI3Slave" 
Debug[11:37:41]: "Resume:Measurement" 
Debug[11:37:41]: "Resume:CFARsim" 
Debug[11:38:25]: "Suspend:Settings" 
Debug[11:38:25]: "Suspend:UartUartController" 
Debug[11:38:25]: "Suspend:UartSpiController" 
Debug[11:38:25]: "Suspend:UartSsiController" 
Debug[11:38:25]: "Suspend:DSI3Master" 
Debug[11:38:25]: "Suspend:ASICMaster" 
Debug[11:38:25]: "Suspend:RDUMMaster" 
Debug[11:38:25]: "Suspend:DSI3Slave" 
Debug[11:38:25]: "Suspend:Measurement" 
Debug[11:38:25]: "Suspend:CFARsim" 
Debug[11:38:25]: signal in logmode 
Debug[11:38:25]: "INF(11:38:25.572):Disconnect by user" 
Debug[11:38:25]: log_breakpoint 
Debug[11:38:25]: 5 
Debug[11:38:25]: signal in logmode 
Debug[11:38:25]: "INF(11:38:25.711):Disconnect by user" 
Debug[11:38:25]: log_breakpoint 
Debug[11:38:25]: 5 
Warning[11:42:16]: QObject::connect: Cannot connect LocalServer::log(int,QString) to (null)::slot_addLog(int,QString)
Debug[11:42:16]: LocalServer:new "\\.\pipe\DSI3PAS" 
Debug[11:42:16]: Register specific 
Debug[11:42:16]: DynScaleCaclulate 
Debug[11:42:16]: "init 2 UartUartController" 
Debug[11:42:16]: Ok 
Debug[11:42:16]: "init 3 UartSpiController" 
Debug[11:42:16]: Ok 
Debug[11:42:16]: "init 4 UartSsiController" 
Debug[11:42:16]: Ok 
Debug[11:42:16]: "init 5 DSI3Master" 
Debug[11:42:16]: Ok 
Debug[11:42:16]: "init 6 ASICMaster" 
Debug[11:42:17]: Ok 
Debug[11:42:17]: "init 7 RDUMMaster" 
Debug[11:42:17]: Ok 
Debug[11:42:17]: "init 8 DSI3Slave" 
Debug[11:42:17]: Ok 
Debug[11:42:17]: "init 9 Measurement" 
Debug[11:42:18]: Ok 
Debug[11:42:18]: "init 10 CFARsim" 
Debug[11:42:18]: Ok 
Debug[11:42:18]: MainApp Starting... 
Debug[11:42:19]: Add applets to MainWindow...
 
Debug[11:42:19]: Initialize Connection... 
Debug[11:42:19]: signal in logmode 
Debug[11:42:19]: "INF(11:42:19.352):Mode is OK" 
Debug[11:42:19]: log_breakpoint 
Debug[11:42:19]: 5 
Debug[11:42:19]: signal in logmode 
Debug[11:42:19]: "INF(11:42:19.354):Attempt" 
Debug[11:42:19]: log_breakpoint 
Debug[11:42:19]: 5 
Debug[11:42:19]: signal in logmode 
Debug[11:42:19]: "INF(11:42:19.667):Attempt" 
Debug[11:42:19]: log_breakpoint 
Debug[11:42:19]: 5 
Debug[11:42:19]: signal in logmode 
Debug[11:42:19]: "INF(11:42:19.984):Attempt" 
Debug[11:42:19]: log_breakpoint 
Debug[11:42:19]: 5 
Debug[11:42:20]: signal in logmode 
Debug[11:42:20]: "INF(11:42:20.301):Mode is OK" 
Debug[11:42:20]: log_breakpoint 
Debug[11:42:20]: 5 
Debug[11:42:20]: signal in logmode 
Debug[11:42:20]: "INF(11:42:20.303):Attempt" 
Debug[11:42:20]: log_breakpoint 
Debug[11:42:20]: 5 
Debug[11:42:20]: signal in logmode 
Debug[11:42:20]: "INF(11:42:20.615):Attempt" 
Debug[11:42:20]: log_breakpoint 
Debug[11:42:20]: 5 
Debug[11:42:20]: signal in logmode 
Debug[11:42:20]: "INF(11:42:20.932):Attempt" 
Debug[11:42:20]: log_breakpoint 
Debug[11:42:20]: 5 
Debug[11:42:21]: signal in logmode 
Debug[11:42:21]: "INF(11:42:21.246):Mode is OK" 
Debug[11:42:21]: log_breakpoint 
Debug[11:42:21]: 5 
Debug[11:42:21]: signal in logmode 
Debug[11:42:21]: "INF(11:42:21.250):Attempt" 
Debug[11:42:21]: log_breakpoint 
Debug[11:42:21]: 5 
Debug[11:42:21]: signal in logmode 
Debug[11:42:21]: "INF(11:42:21.397):Mode is OK" 
Debug[11:42:21]: log_breakpoint 
Debug[11:42:21]: 5 
Debug[11:42:21]: signal in logmode 
Debug[11:42:21]: "INF(11:42:21.401):Attempt" 
Debug[11:42:21]: log_breakpoint 
Debug[11:42:21]: 5 
Debug[11:42:21]: signal in logmode 
Debug[11:42:21]: "INF(11:42:21.723):Attempt" 
Debug[11:42:21]: log_breakpoint 
Debug[11:42:21]: 5 
Debug[11:42:22]: signal in logmode 
Debug[11:42:22]: "INF(11:42:22.039):Attempt" 
Debug[11:42:22]: log_breakpoint 
Debug[11:42:22]: 5 
Debug[11:42:22]: signal in logmode 
Debug[11:42:22]: "INF(11:42:22.356):Mode is OK" 
Debug[11:42:22]: log_breakpoint 
Debug[11:42:22]: 5 
Debug[11:42:22]: signal in logmode 
Debug[11:42:22]: "INF(11:42:22.359):Attempt" 
Debug[11:42:22]: log_breakpoint 
Debug[11:42:22]: 5 
Debug[11:42:22]: signal in logmode 
Debug[11:42:22]: "INF(11:42:22.669):Attempt" 
Debug[11:42:22]: log_breakpoint 
Debug[11:42:22]: 5 
Debug[11:42:22]: signal in logmode 
Debug[11:42:22]: "INF(11:42:22.981):Attempt" 
Debug[11:42:22]: log_breakpoint 
Debug[11:42:22]: 5 
Debug[11:42:23]: signal in logmode 
Debug[11:42:23]: "INF(11:42:23.299):Mode is OK" 
Debug[11:42:23]: log_breakpoint 
Debug[11:42:23]: 5 
Debug[11:42:23]: signal in logmode 
Debug[11:42:23]: "INF(11:42:23.302):Attempt" 
Debug[11:42:23]: log_breakpoint 
Debug[11:42:23]: 5 
Debug[11:42:23]: signal in logmode 
Debug[11:42:23]: "INF(11:42:23.611):Attempt" 
Debug[11:42:23]: log_breakpoint 
Debug[11:42:23]: 5 
Debug[11:42:23]: signal in logmode 
Debug[11:42:23]: "INF(11:42:23.925):Attempt" 
Debug[11:42:23]: log_breakpoint 
Debug[11:42:23]: 5 
Debug[11:42:24]: signal in logmode 
Debug[11:42:24]: "INF(11:42:24.233):Mode is OK" 
Debug[11:42:24]: log_breakpoint 
Debug[11:42:24]: 5 
Debug[11:42:24]: signal in logmode 
Debug[11:42:24]: "INF(11:42:24.237):Attempt" 
Debug[11:42:24]: log_breakpoint 
Debug[11:42:24]: 5 
Debug[11:42:24]: signal in logmode 
Debug[11:42:24]: "INF(11:42:24.546):Attempt" 
Debug[11:42:24]: log_breakpoint 
Debug[11:42:24]: 5 
Debug[11:42:24]: signal in logmode 
Debug[11:42:24]: "INF(11:42:24.860):Attempt" 
Debug[11:42:24]: log_breakpoint 
Debug[11:42:24]: 5 
Debug[11:42:27]: signal in logmode 
Debug[11:42:27]: "INF(11:42:27.961):Mode is OK" 
Debug[11:42:27]: log_breakpoint 
Debug[11:42:27]: 5 
Debug[11:42:27]: signal in logmode 
Debug[11:42:27]: "INF(11:42:27.963):Attempt" 
Debug[11:42:27]: log_breakpoint 
Debug[11:42:27]: 5 
Debug[11:42:28]: signal in logmode 
Debug[11:42:28]: "INF(11:42:28.278):Attempt" 
Debug[11:42:28]: log_breakpoint 
Debug[11:42:28]: 5 
Debug[11:42:28]: signal in logmode 
Debug[11:42:28]: "INF(11:42:28.591):Attempt" 
Debug[11:42:28]: log_breakpoint 
Debug[11:42:28]: 5 
Debug[11:42:28]: signal in logmode 
Debug[11:42:28]: "INF(11:42:28.902):Mode is OK" 
Debug[11:42:28]: log_breakpoint 
Debug[11:42:28]: 5 
Debug[11:42:28]: signal in logmode 
Debug[11:42:28]: "INF(11:42:28.906):Attempt" 
Debug[11:42:28]: log_breakpoint 
Debug[11:42:28]: 5 
Debug[11:42:29]: signal in logmode 
Debug[11:42:29]: "INF(11:42:29.213):Attempt" 
Debug[11:42:29]: log_breakpoint 
Debug[11:42:29]: 5 
Debug[11:42:29]: signal in logmode 
Debug[11:42:29]: "INF(11:42:29.525):Attempt" 
Debug[11:42:29]: log_breakpoint 
Debug[11:42:29]: 5 
Debug[11:42:29]: signal in logmode 
Debug[11:42:29]: "INF(11:42:29.836):Mode is OK" 
Debug[11:42:29]: log_breakpoint 
Debug[11:42:29]: 5 
Debug[11:42:29]: signal in logmode 
Debug[11:42:29]: "INF(11:42:29.839):Attempt" 
Debug[11:42:29]: log_breakpoint 
Debug[11:42:29]: 5 
Debug[11:42:29]: signal in logmode 
Debug[11:42:29]: "INF(11:42:29.844):RDUM master connected" 
Debug[11:42:29]: log_breakpoint 
Debug[11:42:29]: 5 
Debug[11:42:29]: signal in logmode 
Debug[11:42:29]: "INF(11:42:29.847):Connected to \\.\COM36" 
Debug[11:42:29]: log_breakpoint 
Debug[11:42:29]: 5 
Warning[11:42:29]: Could not parse stylesheet of widget 0x2ec6b28
Debug[11:42:29]: "Resume:Logs" 
Debug[11:42:29]: "Resume:Settings" 
Debug[11:42:29]: "Resume:UartUartController" 
Debug[11:42:29]: "Resume:UartSpiController" 
Debug[11:42:29]: "Resume:UartSsiController" 
Debug[11:42:29]: "Resume:DSI3Master" 
Debug[11:42:29]: "Resume:ASICMaster" 
Debug[11:42:29]: "Resume:RDUMMaster" 
Debug[11:42:29]: "Resume:DSI3Slave" 
Debug[11:42:29]: "Resume:Measurement" 
Debug[11:42:29]: "Resume:CFARsim" 
Debug[11:43:30]: "Suspend:Settings" 
Debug[11:43:30]: "Suspend:UartUartController" 
Debug[11:43:30]: "Suspend:UartSpiController" 
Debug[11:43:30]: "Suspend:UartSsiController" 
Debug[11:43:30]: "Suspend:DSI3Master" 
Debug[11:43:30]: "Suspend:ASICMaster" 
Debug[11:43:30]: "Suspend:RDUMMaster" 
Debug[11:43:30]: "Suspend:DSI3Slave" 
Debug[11:43:30]: "Suspend:Measurement" 
Debug[11:43:30]: "Suspend:CFARsim" 
Debug[11:43:30]: signal in logmode 
Debug[11:43:30]: "INF(11:43:30.553):Disconnect by user" 
Debug[11:43:30]: log_breakpoint 
Debug[11:43:30]: 5 
Debug[11:43:30]: signal in logmode 
Debug[11:43:30]: "INF(11:43:30.578):Disconnect by user" 
Debug[11:43:30]: log_breakpoint 
Debug[11:43:30]: 5 
