Warning[11:13:40]: QObject::connect: Cannot connect LocalServer::log(int,QString) to (null)::slot_addLog(int,QString)
Debug[11:13:40]: LocalServer:new "\\.\pipe\DSI3PAS" 
Debug[11:13:40]: Register specific 
Debug[11:13:41]: DynScaleCaclulate 
Debug[11:13:41]: "init 2 UartUartController" 
Debug[11:13:41]: Ok 
Debug[11:13:41]: "init 3 UartSpiController" 
Debug[11:13:41]: Ok 
Debug[11:13:41]: "init 4 UartSsiController" 
Debug[11:13:41]: Ok 
Debug[11:13:41]: "init 5 DSI3Master" 
Debug[11:13:41]: Ok 
Debug[11:13:41]: "init 6 ASICMaster" 
Debug[11:13:41]: Ok 
Debug[11:13:41]: "init 7 RDUMMaster" 
Debug[11:13:41]: Ok 
Debug[11:13:41]: "init 8 DSI3Slave" 
Debug[11:13:42]: Ok 
Debug[11:13:42]: "init 9 Measurement" 
Debug[11:13:42]: Ok 
Debug[11:13:42]: "init 10 CFARsim" 
Debug[11:13:42]: Ok 
Debug[11:13:42]: MainApp Starting... 
Debug[11:13:43]: Add applets to MainWindow...
 
Debug[11:13:43]: Initialize Connection... 
Warning[11:13:43]: QFileSystemWatcher: failed to add paths: C:/REPO/DSI3PAS2_workingdir/DSI3PAS2/Software/bin/ULSEverification_configfiles, C:/REPO/DSI3PAS2_workingdir/DSI3PAS2/Software/bin/ConfigFiles_29_1_2021_Jiri_MOBIS, C:/Users/fg6cnq/Desktop/DSI3PAS2_UART_QtSW_20210129_1511, C:/Users/zbdn9w/Desktop/Temp/CFAR QT uprava ToF, C:/Users/zbdn9w/Desktop/Temp/CFAR QT Komprimace do CSV, U:/Dokumenty/MOBIS/Crosstalk 11-2021
Debug[11:13:47]: signal in logmode 
Debug[11:13:47]: "INF(11:13:47.565):Connected to no_board" 
Debug[11:13:47]: log_breakpoint 
Debug[11:13:47]: 5 
Warning[11:13:47]: Could not parse stylesheet of widget 0x3073050
Debug[11:13:47]: "Resume:Logs" 
Debug[11:13:47]: "Resume:Settings" 
Debug[11:13:47]: "Resume:UartUartController" 
Debug[11:13:47]: "Resume:UartSpiController" 
Debug[11:13:47]: "Resume:UartSsiController" 
Debug[11:13:47]: "Resume:DSI3Master" 
Debug[11:13:47]: "Resume:ASICMaster" 
Debug[11:13:47]: "Resume:RDUMMaster" 
Debug[11:13:47]: "Resume:DSI3Slave" 
Debug[11:13:47]: "Resume:Measurement" 
Debug[11:13:47]: "Resume:CFARsim" 
Debug[12:16:49]: "Suspend:Settings" 
Debug[12:16:49]: "Suspend:UartUartController" 
Debug[12:16:49]: "Suspend:UartSpiController" 
Debug[12:16:49]: "Suspend:UartSsiController" 
Debug[12:16:49]: "Suspend:DSI3Master" 
Debug[12:16:49]: "Suspend:ASICMaster" 
Debug[12:16:49]: "Suspend:RDUMMaster" 
Debug[12:16:49]: "Suspend:DSI3Slave" 
Debug[12:16:49]: "Suspend:Measurement" 
Debug[12:16:49]: "Suspend:CFARsim" 
Debug[12:16:49]: signal in logmode 
Debug[12:16:49]: "INF(12:16:49.837):Disconnect by user" 
Debug[12:16:49]: log_breakpoint 
Debug[12:16:49]: 5 
Debug[12:16:49]: signal in logmode 
Debug[12:16:49]: "INF(12:16:49.858):Disconnect by user" 
Debug[12:16:49]: log_breakpoint 
Debug[12:16:49]: 5 
