Warning[10:18:15]: QObject::connect: Cannot connect LocalServer::log(int,QString) to (null)::slot_addLog(int,QString)
Debug[10:18:15]: LocalServer:new "\\.\pipe\DSI3PAS" 
Debug[10:18:15]: Register specific 
Debug[10:18:15]: DynScaleCaclulate 
Debug[10:18:15]: "init 2 UartUartController" 
Debug[10:18:16]: Ok 
Debug[10:18:16]: "init 3 UartSpiController" 
Debug[10:18:16]: Ok 
Debug[10:18:16]: "init 4 UartSsiController" 
Debug[10:18:16]: Ok 
Debug[10:18:16]: "init 5 DSI3Master" 
Debug[10:18:16]: Ok 
Debug[10:18:16]: "init 6 ASICMaster" 
Debug[10:18:16]: Ok 
Debug[10:18:16]: "init 7 RDUMMaster" 
Debug[10:18:16]: Ok 
Debug[10:18:16]: "init 8 DSI3Slave" 
Debug[10:18:16]: Ok 
Debug[10:18:16]: "init 9 Measurement" 
Debug[10:18:17]: Ok 
Debug[10:18:17]: "init 10 CFARsim" 
Debug[10:18:17]: Ok 
Debug[10:18:17]: MainApp Starting... 
Debug[10:18:18]: Add applets to MainWindow...
 
Debug[10:18:18]: Initialize Connection... 
Warning[10:18:18]: QFileSystemWatcher: failed to add paths: C:/REPO/DSI3PAS2_workingdir/DSI3PAS2/Software/bin/ULSEverification_configfiles, C:/REPO/DSI3PAS2_workingdir/DSI3PAS2/Software/bin/ConfigFiles_29_1_2021_Jiri_MOBIS, C:/Users/fg6cnq/Desktop/DSI3PAS2_UART_QtSW_20210129_1511, C:/Users/zbdn9w/Desktop/Temp/CFAR QT uprava ToF, C:/Users/zbdn9w/Desktop/Temp/CFAR QT Komprimace do CSV, U:/Dokumenty/MOBIS/Crosstalk 11-2021
Debug[10:18:39]: signal in logmode 
Debug[10:18:39]: "INF(10:18:39.276):Disconnect by user" 
Debug[10:18:39]: log_breakpoint 
Debug[10:18:39]: 5 
Debug[10:18:39]: signal in logmode 
Debug[10:18:39]: "INF(10:18:39.299):Disconnect by user" 
Debug[10:18:39]: log_breakpoint 
Debug[10:18:39]: 5 
Warning[10:19:15]: QObject::connect: Cannot connect LocalServer::log(int,QString) to (null)::slot_addLog(int,QString)
Debug[10:19:15]: LocalServer:new "\\.\pipe\DSI3PAS" 
Debug[10:19:15]: Register specific 
Debug[10:19:15]: DynScaleCaclulate 
Debug[10:19:15]: "init 2 UartUartController" 
Debug[10:19:15]: Ok 
Debug[10:19:15]: "init 3 UartSpiController" 
Debug[10:19:15]: Ok 
Debug[10:19:15]: "init 4 UartSsiController" 
Debug[10:19:15]: Ok 
Debug[10:19:15]: "init 5 DSI3Master" 
Debug[10:19:15]: Ok 
Debug[10:19:15]: "init 6 ASICMaster" 
Debug[10:19:15]: Ok 
Debug[10:19:15]: "init 7 RDUMMaster" 
Debug[10:19:15]: Ok 
Debug[10:19:15]: "init 8 DSI3Slave" 
Debug[10:19:16]: Ok 
Debug[10:19:16]: "init 9 Measurement" 
Debug[10:19:17]: Ok 
Debug[10:19:17]: "init 10 CFARsim" 
Debug[10:19:17]: Ok 
Debug[10:19:17]: MainApp Starting... 
Debug[10:19:18]: Add applets to MainWindow...
 
Debug[10:19:18]: Initialize Connection... 
Debug[10:19:38]: signal in logmode 
Debug[10:19:38]: "INF(10:19:38.388):Disconnect by user" 
Debug[10:19:38]: log_breakpoint 
Debug[10:19:38]: 5 
Debug[10:19:38]: signal in logmode 
Debug[10:19:38]: "INF(10:19:38.411):Disconnect by user" 
Debug[10:19:38]: log_breakpoint 
Debug[10:19:38]: 5 
Warning[10:19:41]: QObject::connect: Cannot connect LocalServer::log(int,QString) to (null)::slot_addLog(int,QString)
Debug[10:19:41]: LocalServer:new "\\.\pipe\DSI3PAS" 
Debug[10:19:41]: Register specific 
Debug[10:19:41]: DynScaleCaclulate 
Debug[10:19:41]: "init 2 UartUartController" 
Debug[10:19:41]: Ok 
Debug[10:19:41]: "init 3 UartSpiController" 
Debug[10:19:41]: Ok 
Debug[10:19:41]: "init 4 UartSsiController" 
Debug[10:19:41]: Ok 
Debug[10:19:41]: "init 5 DSI3Master" 
Debug[10:19:41]: Ok 
Debug[10:19:41]: "init 6 ASICMaster" 
Debug[10:19:41]: Ok 
Debug[10:19:41]: "init 7 RDUMMaster" 
Debug[10:19:42]: Ok 
Debug[10:19:42]: "init 8 DSI3Slave" 
Debug[10:19:43]: Ok 
Debug[10:19:43]: "init 9 Measurement" 
Debug[10:19:44]: Ok 
Debug[10:19:44]: "init 10 CFARsim" 
Debug[10:19:44]: Ok 
Debug[10:19:44]: MainApp Starting... 
Debug[10:19:46]: Add applets to MainWindow...
 
Debug[10:19:46]: Initialize Connection... 
Debug[10:20:40]: Initialize Connection... 
Debug[10:21:00]: Initialize Connection... 
Debug[10:21:01]: signal in logmode 
Debug[10:21:01]: "INF(10:21:01.105):Mode is OK" 
Debug[10:21:01]: log_breakpoint 
Debug[10:21:01]: 5 
Debug[10:21:01]: signal in logmode 
Debug[10:21:01]: "INF(10:21:01.108):Attempt" 
Debug[10:21:01]: log_breakpoint 
Debug[10:21:01]: 5 
Debug[10:21:01]: signal in logmode 
Debug[10:21:01]: "INF(10:21:01.429):Attempt" 
Debug[10:21:01]: log_breakpoint 
Debug[10:21:01]: 5 
Debug[10:21:01]: signal in logmode 
Debug[10:21:01]: "INF(10:21:01.742):Attempt" 
Debug[10:21:01]: log_breakpoint 
Debug[10:21:01]: 5 
Debug[10:21:02]: signal in logmode 
Debug[10:21:02]: "INF(10:21:02.054):Mode is OK" 
Debug[10:21:02]: log_breakpoint 
Debug[10:21:02]: 5 
Debug[10:21:02]: signal in logmode 
Debug[10:21:02]: "INF(10:21:02.057):Attempt" 
Debug[10:21:02]: log_breakpoint 
Debug[10:21:02]: 5 
Debug[10:21:02]: signal in logmode 
Debug[10:21:02]: "INF(10:21:02.365):Attempt" 
Debug[10:21:02]: log_breakpoint 
Debug[10:21:02]: 5 
Debug[10:21:02]: signal in logmode 
Debug[10:21:02]: "INF(10:21:02.678):Attempt" 
Debug[10:21:02]: log_breakpoint 
Debug[10:21:02]: 5 
Debug[10:21:02]: signal in logmode 
Debug[10:21:02]: "INF(10:21:02.994):Mode is OK" 
Debug[10:21:02]: log_breakpoint 
Debug[10:21:02]: 5 
Debug[10:21:02]: signal in logmode 
Debug[10:21:02]: "INF(10:21:02.999):Attempt" 
Debug[10:21:03]: log_breakpoint 
Debug[10:21:03]: 5 
Debug[10:21:03]: signal in logmode 
Debug[10:21:03]: "INF(10:21:03.154):Mode is OK" 
Debug[10:21:03]: log_breakpoint 
Debug[10:21:03]: 5 
Debug[10:21:03]: signal in logmode 
Debug[10:21:03]: "INF(10:21:03.157):Attempt" 
Debug[10:21:03]: log_breakpoint 
Debug[10:21:03]: 5 
Debug[10:21:03]: signal in logmode 
Debug[10:21:03]: "INF(10:21:03.477):Attempt" 
Debug[10:21:03]: log_breakpoint 
Debug[10:21:03]: 5 
Debug[10:21:03]: signal in logmode 
Debug[10:21:03]: "INF(10:21:03.789):Attempt" 
Debug[10:21:03]: log_breakpoint 
Debug[10:21:03]: 5 
Debug[10:21:04]: signal in logmode 
Debug[10:21:04]: "INF(10:21:04.100):Mode is OK" 
Debug[10:21:04]: log_breakpoint 
Debug[10:21:04]: 5 
Debug[10:21:04]: signal in logmode 
Debug[10:21:04]: "INF(10:21:04.103):Attempt" 
Debug[10:21:04]: log_breakpoint 
Debug[10:21:04]: 5 
Debug[10:21:04]: signal in logmode 
Debug[10:21:04]: "INF(10:21:04.414):Attempt" 
Debug[10:21:04]: log_breakpoint 
Debug[10:21:04]: 5 
Debug[10:21:04]: signal in logmode 
Debug[10:21:04]: "INF(10:21:04.729):Attempt" 
Debug[10:21:04]: log_breakpoint 
Debug[10:21:04]: 5 
Debug[10:21:05]: signal in logmode 
Debug[10:21:05]: "INF(10:21:05.039):Mode is OK" 
Debug[10:21:05]: log_breakpoint 
Debug[10:21:05]: 5 
Debug[10:21:05]: signal in logmode 
Debug[10:21:05]: "INF(10:21:05.043):Attempt" 
Debug[10:21:05]: log_breakpoint 
Debug[10:21:05]: 5 
Debug[10:21:05]: signal in logmode 
Debug[10:21:05]: "INF(10:21:05.352):Attempt" 
Debug[10:21:05]: log_breakpoint 
Debug[10:21:05]: 5 
Debug[10:21:05]: signal in logmode 
Debug[10:21:05]: "INF(10:21:05.664):Attempt" 
Debug[10:21:05]: log_breakpoint 
Debug[10:21:05]: 5 
Debug[10:21:06]: signal in logmode 
Debug[10:21:06]: "INF(10:21:06.969):Mode is OK" 
Debug[10:21:06]: log_breakpoint 
Debug[10:21:06]: 5 
Debug[10:21:06]: signal in logmode 
Debug[10:21:06]: "INF(10:21:06.972):Attempt" 
Debug[10:21:06]: log_breakpoint 
Debug[10:21:06]: 5 
Debug[10:21:07]: signal in logmode 
Debug[10:21:07]: "INF(10:21:07.293):Attempt" 
Debug[10:21:07]: log_breakpoint 
Debug[10:21:07]: 5 
Debug[10:21:07]: signal in logmode 
Debug[10:21:07]: "INF(10:21:07.606):Attempt" 
Debug[10:21:07]: log_breakpoint 
Debug[10:21:07]: 5 
Debug[10:21:07]: signal in logmode 
Debug[10:21:07]: "INF(10:21:07.916):Mode is OK" 
Debug[10:21:07]: log_breakpoint 
Debug[10:21:07]: 5 
Debug[10:21:07]: signal in logmode 
Debug[10:21:07]: "INF(10:21:07.920):Attempt" 
Debug[10:21:07]: log_breakpoint 
Debug[10:21:07]: 5 
Debug[10:21:08]: signal in logmode 
Debug[10:21:08]: "INF(10:21:08.229):Attempt" 
Debug[10:21:08]: log_breakpoint 
Debug[10:21:08]: 5 
Debug[10:21:08]: signal in logmode 
Debug[10:21:08]: "INF(10:21:08.541):Attempt" 
Debug[10:21:08]: log_breakpoint 
Debug[10:21:08]: 5 
Debug[10:21:08]: signal in logmode 
Debug[10:21:08]: "INF(10:21:08.852):Mode is OK" 
Debug[10:21:08]: log_breakpoint 
Debug[10:21:08]: 5 
Debug[10:21:08]: signal in logmode 
Debug[10:21:08]: "INF(10:21:08.856):Attempt" 
Debug[10:21:08]: log_breakpoint 
Debug[10:21:08]: 5 
Debug[10:21:08]: signal in logmode 
Debug[10:21:08]: "INF(10:21:08.883):RDUM master connected" 
Debug[10:21:08]: log_breakpoint 
Debug[10:21:08]: 5 
Debug[10:21:08]: signal in logmode 
Debug[10:21:08]: "INF(10:21:08.887):Connected to \\.\COM44" 
Debug[10:21:08]: log_breakpoint 
Debug[10:21:08]: 5 
Warning[10:21:08]: Could not parse stylesheet of widget 0x314fef0
Debug[10:21:08]: "Resume:Logs" 
Debug[10:21:08]: "Resume:Settings" 
Debug[10:21:08]: "Resume:UartUartController" 
Debug[10:21:08]: "Resume:UartSpiController" 
Debug[10:21:08]: "Resume:UartSsiController" 
Debug[10:21:08]: "Resume:DSI3Master" 
Debug[10:21:08]: "Resume:ASICMaster" 
Debug[10:21:08]: "Resume:RDUMMaster" 
Debug[10:21:08]: "Resume:DSI3Slave" 
Debug[10:21:08]: "Resume:Measurement" 
Debug[10:21:08]: "Resume:CFARsim" 
Debug[10:26:27]: "Suspend:Settings" 
Debug[10:26:27]: "Suspend:UartUartController" 
Debug[10:26:27]: "Suspend:UartSpiController" 
Debug[10:26:27]: "Suspend:UartSsiController" 
Debug[10:26:27]: "Suspend:DSI3Master" 
Debug[10:26:27]: "Suspend:ASICMaster" 
Debug[10:26:27]: "Suspend:RDUMMaster" 
Debug[10:26:27]: "Suspend:DSI3Slave" 
Debug[10:26:27]: "Suspend:Measurement" 
Debug[10:26:27]: "Suspend:CFARsim" 
Debug[10:26:27]: signal in logmode 
Debug[10:26:27]: "INF(10:26:27.142):Disconnect by user" 
Debug[10:26:27]: log_breakpoint 
Debug[10:26:27]: 5 
Debug[10:26:27]: signal in logmode 
Debug[10:26:27]: "INF(10:26:27.327):Disconnect by user" 
Debug[10:26:27]: log_breakpoint 
Debug[10:26:27]: 5 
Warning[10:30:48]: QObject::connect: Cannot connect LocalServer::log(int,QString) to (null)::slot_addLog(int,QString)
Debug[10:30:48]: LocalServer:new "\\.\pipe\DSI3PAS" 
Debug[10:30:48]: Register specific 
Debug[10:30:49]: DynScaleCaclulate 
Debug[10:30:49]: "init 2 UartUartController" 
Debug[10:30:49]: Ok 
Debug[10:30:49]: "init 3 UartSpiController" 
Debug[10:30:49]: Ok 
Debug[10:30:49]: "init 4 UartSsiController" 
Debug[10:30:49]: Ok 
Debug[10:30:49]: "init 5 DSI3Master" 
Debug[10:30:49]: Ok 
Debug[10:30:49]: "init 6 ASICMaster" 
Debug[10:30:49]: Ok 
Debug[10:30:49]: "init 7 RDUMMaster" 
Debug[10:30:49]: Ok 
Debug[10:30:49]: "init 8 DSI3Slave" 
Debug[10:30:50]: Ok 
Debug[10:30:50]: "init 9 Measurement" 
Debug[10:30:51]: Ok 
Debug[10:30:51]: "init 10 CFARsim" 
Debug[10:30:51]: Ok 
Debug[10:30:51]: MainApp Starting... 
Debug[10:30:51]: Add applets to MainWindow...
 
Debug[10:30:51]: Initialize Connection... 
Debug[10:30:52]: signal in logmode 
Debug[10:30:52]: "INF(10:30:52.222):Mode is OK" 
Debug[10:30:52]: log_breakpoint 
Debug[10:30:52]: 5 
Debug[10:30:52]: signal in logmode 
Debug[10:30:52]: "INF(10:30:52.225):Attempt" 
Debug[10:30:52]: log_breakpoint 
Debug[10:30:52]: 5 
Debug[10:30:52]: signal in logmode 
Debug[10:30:52]: "INF(10:30:52.536):Attempt" 
Debug[10:30:52]: log_breakpoint 
Debug[10:30:52]: 5 
Debug[10:30:52]: signal in logmode 
Debug[10:30:52]: "INF(10:30:52.847):Attempt" 
Debug[10:30:52]: log_breakpoint 
Debug[10:30:52]: 5 
Debug[10:30:53]: signal in logmode 
Debug[10:30:53]: "INF(10:30:53.162):Mode is OK" 
Debug[10:30:53]: log_breakpoint 
Debug[10:30:53]: 5 
Debug[10:30:53]: signal in logmode 
Debug[10:30:53]: "INF(10:30:53.166):Attempt" 
Debug[10:30:53]: log_breakpoint 
Debug[10:30:53]: 5 
Debug[10:30:53]: signal in logmode 
Debug[10:30:53]: "INF(10:30:53.474):Attempt" 
Debug[10:30:53]: log_breakpoint 
Debug[10:30:53]: 5 
Debug[10:30:53]: signal in logmode 
Debug[10:30:53]: "INF(10:30:53.788):Attempt" 
Debug[10:30:53]: log_breakpoint 
Debug[10:30:53]: 5 
Debug[10:30:54]: signal in logmode 
Debug[10:30:54]: "INF(10:30:54.100):Mode is OK" 
Debug[10:30:54]: log_breakpoint 
Debug[10:30:54]: 5 
Debug[10:30:54]: signal in logmode 
Debug[10:30:54]: "INF(10:30:54.102):Attempt" 
Debug[10:30:54]: log_breakpoint 
Debug[10:30:54]: 5 
Debug[10:30:54]: signal in logmode 
Debug[10:30:54]: "INF(10:30:54.245):Mode is OK" 
Debug[10:30:54]: log_breakpoint 
Debug[10:30:54]: 5 
Debug[10:30:54]: signal in logmode 
Debug[10:30:54]: "INF(10:30:54.247):Attempt" 
Debug[10:30:54]: log_breakpoint 
Debug[10:30:54]: 5 
Debug[10:30:54]: signal in logmode 
Debug[10:30:54]: "INF(10:30:54.556):Attempt" 
Debug[10:30:54]: log_breakpoint 
Debug[10:30:54]: 5 
Debug[10:30:54]: signal in logmode 
Debug[10:30:54]: "INF(10:30:54.867):Attempt" 
Debug[10:30:54]: log_breakpoint 
Debug[10:30:54]: 5 
Debug[10:30:55]: signal in logmode 
Debug[10:30:55]: "INF(10:30:55.178):Mode is OK" 
Debug[10:30:55]: log_breakpoint 
Debug[10:30:55]: 5 
Debug[10:30:55]: signal in logmode 
Debug[10:30:55]: "INF(10:30:55.180):Attempt" 
Debug[10:30:55]: log_breakpoint 
Debug[10:30:55]: 5 
Debug[10:30:55]: signal in logmode 
Debug[10:30:55]: "INF(10:30:55.490):Attempt" 
Debug[10:30:55]: log_breakpoint 
Debug[10:30:55]: 5 
Debug[10:30:55]: signal in logmode 
Debug[10:30:55]: "INF(10:30:55.803):Attempt" 
Debug[10:30:55]: log_breakpoint 
Debug[10:30:55]: 5 
Debug[10:30:56]: signal in logmode 
Debug[10:30:56]: "INF(10:30:56.113):Mode is OK" 
Debug[10:30:56]: log_breakpoint 
Debug[10:30:56]: 5 
Debug[10:30:56]: signal in logmode 
Debug[10:30:56]: "INF(10:30:56.117):Attempt" 
Debug[10:30:56]: log_breakpoint 
Debug[10:30:56]: 5 
Debug[10:30:56]: signal in logmode 
Debug[10:30:56]: "INF(10:30:56.429):Attempt" 
Debug[10:30:56]: log_breakpoint 
Debug[10:30:56]: 5 
Debug[10:30:56]: signal in logmode 
Debug[10:30:56]: "INF(10:30:56.743):Attempt" 
Debug[10:30:56]: log_breakpoint 
Debug[10:30:56]: 5 
Debug[10:31:19]: Initialize Connection... 
Debug[10:31:20]: signal in logmode 
Debug[10:31:20]: "INF(10:31:20.195):Mode is OK" 
Debug[10:31:20]: log_breakpoint 
Debug[10:31:20]: 5 
Debug[10:31:20]: signal in logmode 
Debug[10:31:20]: "INF(10:31:20.197):Attempt" 
Debug[10:31:20]: log_breakpoint 
Debug[10:31:20]: 5 
Debug[10:31:20]: signal in logmode 
Debug[10:31:20]: "INF(10:31:20.503):Attempt" 
Debug[10:31:20]: log_breakpoint 
Debug[10:31:20]: 5 
Debug[10:31:20]: signal in logmode 
Debug[10:31:20]: "INF(10:31:20.811):Attempt" 
Debug[10:31:20]: log_breakpoint 
Debug[10:31:20]: 5 
Debug[10:31:21]: signal in logmode 
Debug[10:31:21]: "INF(10:31:21.127):Mode is OK" 
Debug[10:31:21]: log_breakpoint 
Debug[10:31:21]: 5 
Debug[10:31:21]: signal in logmode 
Debug[10:31:21]: "INF(10:31:21.130):Attempt" 
Debug[10:31:21]: log_breakpoint 
Debug[10:31:21]: 5 
Debug[10:31:21]: signal in logmode 
Debug[10:31:21]: "INF(10:31:21.438):Attempt" 
Debug[10:31:21]: log_breakpoint 
Debug[10:31:21]: 5 
Debug[10:31:21]: signal in logmode 
Debug[10:31:21]: "INF(10:31:21.752):Attempt" 
Debug[10:31:21]: log_breakpoint 
Debug[10:31:21]: 5 
Debug[10:31:22]: signal in logmode 
Debug[10:31:22]: "INF(10:31:22.063):Mode is OK" 
Debug[10:31:22]: log_breakpoint 
Debug[10:31:22]: 5 
Debug[10:31:22]: signal in logmode 
Debug[10:31:22]: "INF(10:31:22.064):Attempt" 
Debug[10:31:22]: log_breakpoint 
Debug[10:31:22]: 5 
Debug[10:31:22]: signal in logmode 
Debug[10:31:22]: "INF(10:31:22.224):Mode is OK" 
Debug[10:31:22]: log_breakpoint 
Debug[10:31:22]: 5 
Debug[10:31:22]: signal in logmode 
Debug[10:31:22]: "INF(10:31:22.227):Attempt" 
Debug[10:31:22]: log_breakpoint 
Debug[10:31:22]: 5 
Debug[10:31:22]: signal in logmode 
Debug[10:31:22]: "INF(10:31:22.533):Attempt" 
Debug[10:31:22]: log_breakpoint 
Debug[10:31:22]: 5 
Debug[10:31:22]: signal in logmode 
Debug[10:31:22]: "INF(10:31:22.843):Attempt" 
Debug[10:31:22]: log_breakpoint 
Debug[10:31:22]: 5 
Debug[10:31:23]: signal in logmode 
Debug[10:31:23]: "INF(10:31:23.155):Mode is OK" 
Debug[10:31:23]: log_breakpoint 
Debug[10:31:23]: 5 
Debug[10:31:23]: signal in logmode 
Debug[10:31:23]: "INF(10:31:23.157):Attempt" 
Debug[10:31:23]: log_breakpoint 
Debug[10:31:23]: 5 
Debug[10:31:23]: signal in logmode 
Debug[10:31:23]: "INF(10:31:23.467):Attempt" 
Debug[10:31:23]: log_breakpoint 
Debug[10:31:23]: 5 
Debug[10:31:23]: signal in logmode 
Debug[10:31:23]: "INF(10:31:23.778):Attempt" 
Debug[10:31:23]: log_breakpoint 
Debug[10:31:23]: 5 
Debug[10:31:24]: signal in logmode 
Debug[10:31:24]: "INF(10:31:24.090):Mode is OK" 
Debug[10:31:24]: log_breakpoint 
Debug[10:31:24]: 5 
Debug[10:31:24]: signal in logmode 
Debug[10:31:24]: "INF(10:31:24.093):Attempt" 
Debug[10:31:24]: log_breakpoint 
Debug[10:31:24]: 5 
Debug[10:31:24]: signal in logmode 
Debug[10:31:24]: "INF(10:31:24.402):Attempt" 
Debug[10:31:24]: log_breakpoint 
Debug[10:31:24]: 5 
Debug[10:31:24]: signal in logmode 
Debug[10:31:24]: "INF(10:31:24.714):Attempt" 
Debug[10:31:24]: log_breakpoint 
Debug[10:31:24]: 5 
Debug[10:31:25]: signal in logmode 
Debug[10:31:25]: "INF(10:31:25.754):Mode is OK" 
Debug[10:31:25]: log_breakpoint 
Debug[10:31:25]: 5 
Debug[10:31:25]: signal in logmode 
Debug[10:31:25]: "INF(10:31:25.756):Attempt" 
Debug[10:31:25]: log_breakpoint 
Debug[10:31:25]: 5 
Debug[10:31:26]: signal in logmode 
Debug[10:31:26]: "INF(10:31:26.066):Attempt" 
Debug[10:31:26]: log_breakpoint 
Debug[10:31:26]: 5 
Debug[10:31:26]: signal in logmode 
Debug[10:31:26]: "INF(10:31:26.382):Attempt" 
Debug[10:31:26]: log_breakpoint 
Debug[10:31:26]: 5 
Debug[10:31:26]: signal in logmode 
Debug[10:31:26]: "INF(10:31:26.698):Mode is OK" 
Debug[10:31:26]: log_breakpoint 
Debug[10:31:26]: 5 
Debug[10:31:26]: signal in logmode 
Debug[10:31:26]: "INF(10:31:26.701):Attempt" 
Debug[10:31:26]: log_breakpoint 
Debug[10:31:26]: 5 
Debug[10:31:27]: signal in logmode 
Debug[10:31:27]: "INF(10:31:27.009):Attempt" 
Debug[10:31:27]: log_breakpoint 
Debug[10:31:27]: 5 
Debug[10:31:27]: signal in logmode 
Debug[10:31:27]: "INF(10:31:27.320):Attempt" 
Debug[10:31:27]: log_breakpoint 
Debug[10:31:27]: 5 
Debug[10:31:27]: signal in logmode 
Debug[10:31:27]: "INF(10:31:27.632):Mode is OK" 
Debug[10:31:27]: log_breakpoint 
Debug[10:31:27]: 5 
Debug[10:31:27]: signal in logmode 
Debug[10:31:27]: "INF(10:31:27.634):Attempt" 
Debug[10:31:27]: log_breakpoint 
Debug[10:31:27]: 5 
Debug[10:31:27]: signal in logmode 
Debug[10:31:27]: "INF(10:31:27.640):RDUM master connected" 
Debug[10:31:27]: log_breakpoint 
Debug[10:31:27]: 5 
Debug[10:31:27]: signal in logmode 
Debug[10:31:27]: "INF(10:31:27.641):Connected to \\.\COM44" 
Debug[10:31:27]: log_breakpoint 
Debug[10:31:27]: 5 
Warning[10:31:27]: Could not parse stylesheet of widget 0x30d64a8
Debug[10:31:27]: "Resume:Logs" 
Debug[10:31:27]: "Resume:Settings" 
Debug[10:31:27]: "Resume:UartUartController" 
Debug[10:31:27]: "Resume:UartSpiController" 
Debug[10:31:27]: "Resume:UartSsiController" 
Debug[10:31:27]: "Resume:DSI3Master" 
Debug[10:31:27]: "Resume:ASICMaster" 
Debug[10:31:27]: "Resume:RDUMMaster" 
Debug[10:31:27]: "Resume:DSI3Slave" 
Debug[10:31:27]: "Resume:Measurement" 
Debug[10:31:27]: "Resume:CFARsim" 
Debug[12:53:23]: "Suspend:Settings" 
Debug[12:53:23]: "Suspend:UartUartController" 
Debug[12:53:23]: "Suspend:UartSpiController" 
Debug[12:53:23]: "Suspend:UartSsiController" 
Debug[12:53:23]: "Suspend:DSI3Master" 
Debug[12:53:23]: "Suspend:ASICMaster" 
Debug[12:53:23]: "Suspend:RDUMMaster" 
Debug[12:53:23]: "Suspend:DSI3Slave" 
Debug[12:53:23]: "Suspend:Measurement" 
Debug[12:53:23]: "Suspend:CFARsim" 
Debug[12:53:23]: signal in logmode 
Debug[12:53:23]: "INF(12:53:23.431):Disconnect by user" 
Debug[12:53:23]: log_breakpoint 
Debug[12:53:23]: 5 
Debug[12:53:23]: signal in logmode 
Debug[12:53:23]: "INF(12:53:23.445):Reconnect" 
Debug[12:53:23]: log_breakpoint 
Debug[12:53:23]: 5 
Debug[12:53:23]: signal in logmode 
Debug[12:53:23]: "INF(12:53:23.450):Auto reconnecting..." 
Debug[12:53:23]: log_breakpoint 
Debug[12:53:23]: 5 
Debug[12:53:23]: signal in logmode 
Debug[12:53:23]: "INF(12:53:23.500):Disconnect by user" 
Debug[12:53:23]: log_breakpoint 
Debug[12:53:23]: 5 
