Warning[13:38:57]: QObject::connect: Cannot connect LocalServer::log(int,QString) to (null)::slot_addLog(int,QString)
Debug[13:38:57]: LocalServer:new "\\.\pipe\DSI3PAS" 
Debug[13:38:57]: Register specific 
Debug[13:38:58]: DynScaleCaclulate 
Debug[13:38:58]: "init 2 UartUartController" 
Debug[13:38:58]: Ok 
Debug[13:38:58]: "init 3 UartSpiController" 
Debug[13:38:58]: Ok 
Debug[13:38:58]: "init 4 UartSsiController" 
Debug[13:38:58]: Ok 
Debug[13:38:58]: "init 5 DSI3Master" 
Debug[13:38:58]: Ok 
Debug[13:38:58]: "init 6 ASICMaster" 
Debug[13:38:58]: Ok 
Debug[13:38:58]: "init 7 RDUMMaster" 
Debug[13:38:58]: Ok 
Debug[13:38:58]: "init 8 DSI3Slave" 
Debug[13:38:59]: Ok 
Debug[13:38:59]: "init 9 Measurement" 
Debug[13:39:00]: Ok 
Debug[13:39:00]: "init 10 CFARsim" 
Debug[13:39:00]: Ok 
Debug[13:39:00]: MainApp Starting... 
Debug[13:39:00]: Add applets to MainWindow...
 
Debug[13:39:00]: Initialize Connection... 
Debug[13:39:01]: signal in logmode 
Debug[13:39:01]: "INF(13:39:01.317):Mode is OK" 
Debug[13:39:01]: log_breakpoint 
Debug[13:39:01]: 5 
Debug[13:39:01]: signal in logmode 
Debug[13:39:01]: "INF(13:39:01.322):Attempt" 
Debug[13:39:01]: log_breakpoint 
Debug[13:39:01]: 5 
Debug[13:39:01]: signal in logmode 
Debug[13:39:01]: "INF(13:39:01.637):Attempt" 
Debug[13:39:01]: log_breakpoint 
Debug[13:39:01]: 5 
Debug[13:39:01]: signal in logmode 
Debug[13:39:01]: "INF(13:39:01.950):Attempt" 
Debug[13:39:01]: log_breakpoint 
Debug[13:39:01]: 5 
Debug[13:39:02]: signal in logmode 
Debug[13:39:02]: "INF(13:39:02.262):Mode is OK" 
Debug[13:39:02]: log_breakpoint 
Debug[13:39:02]: 5 
Debug[13:39:02]: signal in logmode 
Debug[13:39:02]: "INF(13:39:02.264):Attempt" 
Debug[13:39:02]: log_breakpoint 
Debug[13:39:02]: 5 
Debug[13:39:02]: signal in logmode 
Debug[13:39:02]: "INF(13:39:02.576):Attempt" 
Debug[13:39:02]: log_breakpoint 
Debug[13:39:02]: 5 
Debug[13:39:02]: signal in logmode 
Debug[13:39:02]: "INF(13:39:02.888):Attempt" 
Debug[13:39:02]: log_breakpoint 
Debug[13:39:02]: 5 
Debug[13:39:03]: signal in logmode 
Debug[13:39:03]: "INF(13:39:03.201):Mode is OK" 
Debug[13:39:03]: log_breakpoint 
Debug[13:39:03]: 5 
Debug[13:39:03]: signal in logmode 
Debug[13:39:03]: "INF(13:39:03.206):Attempt" 
Debug[13:39:03]: log_breakpoint 
Debug[13:39:03]: 5 
Debug[13:39:03]: signal in logmode 
Debug[13:39:03]: "INF(13:39:03.362):Mode is OK" 
Debug[13:39:03]: log_breakpoint 
Debug[13:39:03]: 5 
Debug[13:39:03]: signal in logmode 
Debug[13:39:03]: "INF(13:39:03.367):Attempt" 
Debug[13:39:03]: log_breakpoint 
Debug[13:39:03]: 5 
Debug[13:39:03]: signal in logmode 
Debug[13:39:03]: "INF(13:39:03.686):Attempt" 
Debug[13:39:03]: log_breakpoint 
Debug[13:39:03]: 5 
Debug[13:39:03]: signal in logmode 
Debug[13:39:03]: "INF(13:39:03.994):Attempt" 
Debug[13:39:03]: log_breakpoint 
Debug[13:39:03]: 5 
Debug[13:39:04]: signal in logmode 
Debug[13:39:04]: "INF(13:39:04.306):Mode is OK" 
Debug[13:39:04]: log_breakpoint 
Debug[13:39:04]: 5 
Debug[13:39:04]: signal in logmode 
Debug[13:39:04]: "INF(13:39:04.310):Attempt" 
Debug[13:39:04]: log_breakpoint 
Debug[13:39:04]: 5 
Debug[13:39:04]: signal in logmode 
Debug[13:39:04]: "INF(13:39:04.617):Attempt" 
Debug[13:39:04]: log_breakpoint 
Debug[13:39:04]: 5 
Debug[13:39:04]: signal in logmode 
Debug[13:39:04]: "INF(13:39:04.931):Attempt" 
Debug[13:39:04]: log_breakpoint 
Debug[13:39:04]: 5 
Debug[13:39:05]: signal in logmode 
Debug[13:39:05]: "INF(13:39:05.245):Mode is OK" 
Debug[13:39:05]: log_breakpoint 
Debug[13:39:05]: 5 
Debug[13:39:05]: signal in logmode 
Debug[13:39:05]: "INF(13:39:05.249):Attempt" 
Debug[13:39:05]: log_breakpoint 
Debug[13:39:05]: 5 
Debug[13:39:05]: signal in logmode 
Debug[13:39:05]: "INF(13:39:05.557):Attempt" 
Debug[13:39:05]: log_breakpoint 
Debug[13:39:05]: 5 
Debug[13:39:05]: signal in logmode 
Debug[13:39:05]: "INF(13:39:05.866):Attempt" 
Debug[13:39:05]: log_breakpoint 
Debug[13:39:05]: 5 
Warning[13:39:06]: QFileSystemWatcher: failed to add paths: C:/REPO/DSI3PAS2_workingdir/DSI3PAS2/Software/bin/ULSEverification_configfiles, C:/REPO/DSI3PAS2_workingdir/DSI3PAS2/Software/bin/ConfigFiles_29_1_2021_Jiri_MOBIS, C:/Users/fg6cnq/Desktop/DSI3PAS2_UART_QtSW_20210129_1511, C:/Users/zbdn9w/Desktop/Temp/CFAR QT uprava ToF, C:/Users/zbdn9w/Desktop/Temp/CFAR QT Komprimace do CSV, U:/Dokumenty/MOBIS/Crosstalk 11-2021
Debug[13:39:11]: signal in logmode 
Debug[13:39:11]: "INF(13:39:11.710):Mode is OK" 
Debug[13:39:11]: log_breakpoint 
Debug[13:39:11]: 5 
Debug[13:39:11]: signal in logmode 
Debug[13:39:11]: "INF(13:39:11.715):Attempt" 
Debug[13:39:11]: log_breakpoint 
Debug[13:39:11]: 5 
Debug[13:39:12]: signal in logmode 
Debug[13:39:12]: "INF(13:39:12.024):Attempt" 
Debug[13:39:12]: log_breakpoint 
Debug[13:39:12]: 5 
Debug[13:39:12]: signal in logmode 
Debug[13:39:12]: "INF(13:39:12.339):Attempt" 
Debug[13:39:12]: log_breakpoint 
Debug[13:39:12]: 5 
Debug[13:39:12]: signal in logmode 
Debug[13:39:12]: "INF(13:39:12.650):Mode is OK" 
Debug[13:39:12]: log_breakpoint 
Debug[13:39:12]: 5 
Debug[13:39:12]: signal in logmode 
Debug[13:39:12]: "INF(13:39:12.655):Attempt" 
Debug[13:39:12]: log_breakpoint 
Debug[13:39:12]: 5 
Debug[13:39:12]: signal in logmode 
Debug[13:39:12]: "INF(13:39:12.978):Attempt" 
Debug[13:39:12]: log_breakpoint 
Debug[13:39:12]: 5 
Debug[13:39:13]: signal in logmode 
Debug[13:39:13]: "INF(13:39:13.288):Attempt" 
Debug[13:39:13]: log_breakpoint 
Debug[13:39:13]: 5 
Debug[13:39:13]: signal in logmode 
Debug[13:39:13]: "INF(13:39:13.597):Mode is OK" 
Debug[13:39:13]: log_breakpoint 
Debug[13:39:13]: 5 
Debug[13:39:13]: signal in logmode 
Debug[13:39:13]: "INF(13:39:13.606):Attempt" 
Debug[13:39:13]: log_breakpoint 
Debug[13:39:13]: 5 
Debug[13:39:13]: signal in logmode 
Debug[13:39:13]: "INF(13:39:13.627):RDUM master connected" 
Debug[13:39:13]: log_breakpoint 
Debug[13:39:13]: 5 
Debug[13:39:13]: signal in logmode 
Debug[13:39:13]: "INF(13:39:13.636):Connected to \\.\COM16" 
Debug[13:39:13]: log_breakpoint 
Debug[13:39:13]: 5 
Warning[13:39:13]: Could not parse stylesheet of widget 0x2af7790
Debug[13:39:13]: "Resume:Logs" 
Debug[13:39:13]: "Resume:Settings" 
Debug[13:39:13]: "Resume:UartUartController" 
Debug[13:39:13]: "Resume:UartSpiController" 
Debug[13:39:13]: "Resume:UartSsiController" 
Debug[13:39:13]: "Resume:DSI3Master" 
Debug[13:39:13]: "Resume:ASICMaster" 
Debug[13:39:13]: "Resume:RDUMMaster" 
Debug[13:39:13]: "Resume:DSI3Slave" 
Debug[13:39:13]: "Resume:Measurement" 
Debug[13:39:13]: "Resume:CFARsim" 
Debug[15:18:25]: "Suspend:Settings" 
Debug[15:18:25]: "Suspend:UartUartController" 
Debug[15:18:25]: "Suspend:UartSpiController" 
Debug[15:18:25]: "Suspend:UartSsiController" 
Debug[15:18:25]: "Suspend:DSI3Master" 
Debug[15:18:25]: "Suspend:ASICMaster" 
Debug[15:18:25]: "Suspend:RDUMMaster" 
Debug[15:18:25]: "Suspend:DSI3Slave" 
Debug[15:18:25]: "Suspend:Measurement" 
Debug[15:18:25]: "Suspend:CFARsim" 
Debug[15:18:25]: signal in logmode 
Debug[15:18:25]: "INF(15:18:25.616):Disconnect by user" 
Debug[15:18:25]: log_breakpoint 
Debug[15:18:25]: 5 
Debug[15:18:25]: signal in logmode 
Debug[15:18:25]: "INF(15:18:25.763):Disconnect by user" 
Debug[15:18:25]: log_breakpoint 
Debug[15:18:25]: 5 
Warning[15:18:37]: QObject::connect: Cannot connect LocalServer::log(int,QString) to (null)::slot_addLog(int,QString)
Debug[15:18:37]: LocalServer:new "\\.\pipe\DSI3PAS" 
Debug[15:18:37]: Register specific 
Debug[15:18:38]: DynScaleCaclulate 
Debug[15:18:38]: "init 2 UartUartController" 
Debug[15:18:38]: Ok 
Debug[15:18:38]: "init 3 UartSpiController" 
Debug[15:18:38]: Ok 
Debug[15:18:38]: "init 4 UartSsiController" 
Debug[15:18:38]: Ok 
Debug[15:18:38]: "init 5 DSI3Master" 
Debug[15:18:38]: Ok 
Debug[15:18:38]: "init 6 ASICMaster" 
Debug[15:18:38]: Ok 
Debug[15:18:38]: "init 7 RDUMMaster" 
Debug[15:18:38]: Ok 
Debug[15:18:38]: "init 8 DSI3Slave" 
Debug[15:18:39]: Ok 
Debug[15:18:39]: "init 9 Measurement" 
Debug[15:18:39]: Ok 
Debug[15:18:39]: "init 10 CFARsim" 
Debug[15:18:39]: Ok 
Debug[15:18:39]: MainApp Starting... 
Debug[15:18:40]: Add applets to MainWindow...
 
Debug[15:18:40]: Initialize Connection... 
Debug[15:18:41]: signal in logmode 
Debug[15:18:41]: "INF(15:18:41.010):Mode is OK" 
Debug[15:18:41]: log_breakpoint 
Debug[15:18:41]: 5 
Debug[15:18:41]: signal in logmode 
Debug[15:18:41]: "INF(15:18:41.013):Attempt" 
Debug[15:18:41]: log_breakpoint 
Debug[15:18:41]: 5 
Debug[15:18:41]: signal in logmode 
Debug[15:18:41]: "INF(15:18:41.322):Attempt" 
Debug[15:18:41]: log_breakpoint 
Debug[15:18:41]: 5 
Debug[15:18:41]: signal in logmode 
Debug[15:18:41]: "INF(15:18:41.635):Attempt" 
Debug[15:18:41]: log_breakpoint 
Debug[15:18:41]: 5 
Debug[15:18:41]: signal in logmode 
Debug[15:18:41]: "INF(15:18:41.952):Mode is OK" 
Debug[15:18:41]: log_breakpoint 
Debug[15:18:41]: 5 
Debug[15:18:41]: signal in logmode 
Debug[15:18:41]: "INF(15:18:41.955):Attempt" 
Debug[15:18:41]: log_breakpoint 
Debug[15:18:41]: 5 
Debug[15:18:42]: signal in logmode 
Debug[15:18:42]: "INF(15:18:42.266):Attempt" 
Debug[15:18:42]: log_breakpoint 
Debug[15:18:42]: 5 
Debug[15:18:42]: signal in logmode 
Debug[15:18:42]: "INF(15:18:42.581):Attempt" 
Debug[15:18:42]: log_breakpoint 
Debug[15:18:42]: 5 
Debug[15:18:42]: signal in logmode 
Debug[15:18:42]: "INF(15:18:42.896):Mode is OK" 
Debug[15:18:42]: log_breakpoint 
Debug[15:18:42]: 5 
Debug[15:18:42]: signal in logmode 
Debug[15:18:42]: "INF(15:18:42.898):Attempt" 
Debug[15:18:42]: log_breakpoint 
Debug[15:18:42]: 5 
Debug[15:18:43]: signal in logmode 
Debug[15:18:43]: "INF(15:18:43.053):Mode is OK" 
Debug[15:18:43]: log_breakpoint 
Debug[15:18:43]: 5 
Debug[15:18:43]: signal in logmode 
Debug[15:18:43]: "INF(15:18:43.056):Attempt" 
Debug[15:18:43]: log_breakpoint 
Debug[15:18:43]: 5 
Debug[15:18:43]: signal in logmode 
Debug[15:18:43]: "INF(15:18:43.366):Attempt" 
Debug[15:18:43]: log_breakpoint 
Debug[15:18:43]: 5 
Debug[15:18:43]: signal in logmode 
Debug[15:18:43]: "INF(15:18:43.681):Attempt" 
Debug[15:18:43]: log_breakpoint 
Debug[15:18:43]: 5 
Debug[15:18:43]: signal in logmode 
Debug[15:18:43]: "INF(15:18:43.997):Mode is OK" 
Debug[15:18:43]: log_breakpoint 
Debug[15:18:43]: 5 
Debug[15:18:43]: signal in logmode 
Debug[15:18:44]: "INF(15:18:44.000):Attempt" 
Debug[15:18:44]: log_breakpoint 
Debug[15:18:44]: 5 
Debug[15:18:44]: signal in logmode 
Debug[15:18:44]: "INF(15:18:44.309):Attempt" 
Debug[15:18:44]: log_breakpoint 
Debug[15:18:44]: 5 
Debug[15:18:44]: signal in logmode 
Debug[15:18:44]: "INF(15:18:44.624):Attempt" 
Debug[15:18:44]: log_breakpoint 
Debug[15:18:44]: 5 
Debug[15:18:44]: signal in logmode 
Debug[15:18:44]: "INF(15:18:44.936):Mode is OK" 
Debug[15:18:44]: log_breakpoint 
Debug[15:18:44]: 5 
Debug[15:18:44]: signal in logmode 
Debug[15:18:44]: "INF(15:18:44.938):Attempt" 
Debug[15:18:44]: log_breakpoint 
Debug[15:18:44]: 5 
Debug[15:18:45]: signal in logmode 
Debug[15:18:45]: "INF(15:18:45.248):Attempt" 
Debug[15:18:45]: log_breakpoint 
Debug[15:18:45]: 5 
Debug[15:18:45]: signal in logmode 
Debug[15:18:45]: "INF(15:18:45.556):Attempt" 
Debug[15:18:45]: log_breakpoint 
Debug[15:18:45]: 5 
Warning[15:18:46]: QFileSystemWatcher: failed to add paths: C:/REPO/DSI3PAS2_workingdir/DSI3PAS2/Software/bin/ULSEverification_configfiles, C:/REPO/DSI3PAS2_workingdir/DSI3PAS2/Software/bin/ConfigFiles_29_1_2021_Jiri_MOBIS, C:/Users/fg6cnq/Desktop/DSI3PAS2_UART_QtSW_20210129_1511, C:/Users/zbdn9w/Desktop/Temp/CFAR QT uprava ToF, C:/Users/zbdn9w/Desktop/Temp/CFAR QT Komprimace do CSV, U:/Dokumenty/MOBIS/Crosstalk 11-2021
Debug[15:18:47]: signal in logmode 
Debug[15:18:47]: "INF(15:18:47.581):Mode is OK" 
Debug[15:18:47]: log_breakpoint 
Debug[15:18:47]: 5 
Debug[15:18:47]: signal in logmode 
Debug[15:18:47]: "INF(15:18:47.585):Attempt" 
Debug[15:18:47]: log_breakpoint 
Debug[15:18:47]: 5 
Debug[15:18:47]: signal in logmode 
Debug[15:18:47]: "INF(15:18:47.895):Attempt" 
Debug[15:18:47]: log_breakpoint 
Debug[15:18:47]: 5 
Debug[15:18:48]: signal in logmode 
Debug[15:18:48]: "INF(15:18:48.206):Attempt" 
Debug[15:18:48]: log_breakpoint 
Debug[15:18:48]: 5 
Debug[15:18:48]: signal in logmode 
Debug[15:18:48]: "INF(15:18:48.521):Mode is OK" 
Debug[15:18:48]: log_breakpoint 
Debug[15:18:48]: 5 
Debug[15:18:48]: signal in logmode 
Debug[15:18:48]: "INF(15:18:48.524):Attempt" 
Debug[15:18:48]: log_breakpoint 
Debug[15:18:48]: 5 
Debug[15:18:48]: signal in logmode 
Debug[15:18:48]: "INF(15:18:48.833):Attempt" 
Debug[15:18:48]: log_breakpoint 
Debug[15:18:48]: 5 
Debug[15:18:49]: signal in logmode 
Debug[15:18:49]: "INF(15:18:49.142):Attempt" 
Debug[15:18:49]: log_breakpoint 
Debug[15:18:49]: 5 
Debug[15:18:49]: signal in logmode 
Debug[15:18:49]: "INF(15:18:49.457):Mode is OK" 
Debug[15:18:49]: log_breakpoint 
Debug[15:18:49]: 5 
Debug[15:18:49]: signal in logmode 
Debug[15:18:49]: "INF(15:18:49.458):Attempt" 
Debug[15:18:49]: log_breakpoint 
Debug[15:18:49]: 5 
Debug[15:18:49]: signal in logmode 
Debug[15:18:49]: "INF(15:18:49.467):RDUM master connected" 
Debug[15:18:49]: log_breakpoint 
Debug[15:18:49]: 5 
Debug[15:18:49]: signal in logmode 
Debug[15:18:49]: "INF(15:18:49.470):Connected to \\.\COM16" 
Debug[15:18:49]: log_breakpoint 
Debug[15:18:49]: 5 
Warning[15:18:49]: Could not parse stylesheet of widget 0x2bc76b0
Debug[15:18:49]: "Resume:Logs" 
Debug[15:18:49]: "Resume:Settings" 
Debug[15:18:49]: "Resume:UartUartController" 
Debug[15:18:49]: "Resume:UartSpiController" 
Debug[15:18:49]: "Resume:UartSsiController" 
Debug[15:18:49]: "Resume:DSI3Master" 
Debug[15:18:49]: "Resume:ASICMaster" 
Debug[15:18:49]: "Resume:RDUMMaster" 
Debug[15:18:49]: "Resume:DSI3Slave" 
Debug[15:18:49]: "Resume:Measurement" 
Debug[15:18:49]: "Resume:CFARsim" 
Debug[15:20:24]: "Suspend:Settings" 
Debug[15:20:24]: "Suspend:UartUartController" 
Debug[15:20:24]: "Suspend:UartSpiController" 
Debug[15:20:24]: "Suspend:UartSsiController" 
Debug[15:20:24]: "Suspend:DSI3Master" 
Debug[15:20:24]: "Suspend:ASICMaster" 
Debug[15:20:24]: "Suspend:RDUMMaster" 
Debug[15:20:24]: "Suspend:DSI3Slave" 
Debug[15:20:24]: "Suspend:Measurement" 
Debug[15:20:24]: "Suspend:CFARsim" 
Debug[15:20:24]: signal in logmode 
Debug[15:20:24]: "INF(15:20:24.746):Disconnect by user" 
Debug[15:20:24]: log_breakpoint 
Debug[15:20:24]: 5 
Debug[15:20:24]: signal in logmode 
Debug[15:20:24]: "INF(15:20:24.920):Disconnect by user" 
Debug[15:20:24]: log_breakpoint 
Debug[15:20:24]: 5 
