Warning[07:50:40]: QObject::connect: Cannot connect LocalServer::log(int,QString) to (null)::slot_addLog(int,QString)
Debug[07:50:40]: LocalServer:new "\\.\pipe\DSI3PAS" 
Debug[07:50:40]: Register specific 
Debug[07:50:40]: DynScaleCaclulate 
Debug[07:50:40]: "init 2 UartUartController" 
Debug[07:50:40]: Ok 
Debug[07:50:40]: "init 3 UartSpiController" 
Debug[07:50:40]: Ok 
Debug[07:50:40]: "init 4 UartSsiController" 
Debug[07:50:40]: Ok 
Debug[07:50:40]: "init 5 DSI3Master" 
Debug[07:50:40]: Ok 
Debug[07:50:40]: "init 6 ASICMaster" 
Debug[07:50:40]: Ok 
Debug[07:50:40]: "init 7 RDUMMaster" 
Debug[07:50:40]: Ok 
Debug[07:50:40]: "init 8 DSI3Slave" 
Debug[07:50:41]: Ok 
Debug[07:50:41]: "init 9 Measurement" 
Debug[07:50:41]: Ok 
Debug[07:50:41]: "init 10 CFARsim" 
Debug[07:50:41]: Ok 
Debug[07:50:41]: MainApp Starting... 
Debug[07:50:42]: Add applets to MainWindow...
 
Debug[07:50:42]: Initialize Connection... 
Warning[07:50:42]: QFileSystemWatcher: failed to add paths: C:/REPO/DSI3PAS2_workingdir/DSI3PAS2/Software/bin/ULSEverification_configfiles, C:/REPO/DSI3PAS2_workingdir/DSI3PAS2/Software/bin/ConfigFiles_29_1_2021_Jiri_MOBIS, C:/Users/fg6cnq/Desktop/DSI3PAS2_UART_QtSW_20210129_1511, C:/Users/zbdn9w/Desktop/Temp/CFAR QT uprava ToF, C:/Users/zbdn9w/Desktop/Temp/CFAR QT Komprimace do CSV, U:/Dokumenty/MOBIS/Crosstalk 11-2021
Debug[07:50:56]: signal in logmode 
Debug[07:50:56]: "INF(07:50:56.339):Disconnect by user" 
Debug[07:50:56]: log_breakpoint 
Debug[07:50:56]: 5 
Debug[07:50:56]: signal in logmode 
Debug[07:50:56]: "INF(07:50:56.348):Disconnect by user" 
Debug[07:50:56]: log_breakpoint 
Debug[07:50:56]: 5 
Warning[08:26:50]: QObject::connect: Cannot connect LocalServer::log(int,QString) to (null)::slot_addLog(int,QString)
Debug[08:26:50]: LocalServer:new "\\.\pipe\DSI3PAS" 
Debug[08:26:50]: Register specific 
Debug[08:26:50]: DynScaleCaclulate 
Debug[08:26:50]: "init 2 UartUartController" 
Debug[08:26:50]: Ok 
Debug[08:26:50]: "init 3 UartSpiController" 
Debug[08:26:50]: Ok 
Debug[08:26:50]: "init 4 UartSsiController" 
Debug[08:26:50]: Ok 
Debug[08:26:50]: "init 5 DSI3Master" 
Debug[08:26:50]: Ok 
Debug[08:26:50]: "init 6 ASICMaster" 
Debug[08:26:50]: Ok 
Debug[08:26:50]: "init 7 RDUMMaster" 
Debug[08:26:50]: Ok 
Debug[08:26:50]: "init 8 DSI3Slave" 
Debug[08:26:51]: Ok 
Debug[08:26:51]: "init 9 Measurement" 
Debug[08:26:52]: Ok 
Debug[08:26:52]: "init 10 CFARsim" 
Debug[08:26:52]: Ok 
Debug[08:26:52]: MainApp Starting... 
Debug[08:26:52]: Add applets to MainWindow...
 
Debug[08:26:52]: Initialize Connection... 
Warning[08:26:52]: QFileSystemWatcher: failed to add paths: C:/REPO/DSI3PAS2_workingdir/DSI3PAS2/Software/bin/ULSEverification_configfiles, C:/REPO/DSI3PAS2_workingdir/DSI3PAS2/Software/bin/ConfigFiles_29_1_2021_Jiri_MOBIS, C:/Users/fg6cnq/Desktop/DSI3PAS2_UART_QtSW_20210129_1511, C:/Users/zbdn9w/Desktop/Temp/CFAR QT uprava ToF, C:/Users/zbdn9w/Desktop/Temp/CFAR QT Komprimace do CSV, U:/Dokumenty/MOBIS/Crosstalk 11-2021
Debug[08:26:55]: signal in logmode 
Debug[08:26:55]: "INF(08:26:55.622):Connected to no_board" 
Debug[08:26:55]: log_breakpoint 
Debug[08:26:55]: 5 
Warning[08:26:55]: Could not parse stylesheet of widget 0x38d30c8
Debug[08:26:55]: "Resume:Logs" 
Debug[08:26:55]: "Resume:Settings" 
Debug[08:26:55]: "Resume:UartUartController" 
Debug[08:26:55]: "Resume:UartSpiController" 
Debug[08:26:55]: "Resume:UartSsiController" 
Debug[08:26:55]: "Resume:DSI3Master" 
Debug[08:26:55]: "Resume:ASICMaster" 
Debug[08:26:55]: "Resume:RDUMMaster" 
Debug[08:26:55]: "Resume:DSI3Slave" 
Debug[08:26:55]: "Resume:Measurement" 
Debug[08:26:55]: "Resume:CFARsim" 
Debug[08:31:57]: "Suspend:Settings" 
Debug[08:31:57]: "Suspend:UartUartController" 
Debug[08:31:57]: "Suspend:UartSpiController" 
Debug[08:31:57]: "Suspend:UartSsiController" 
Debug[08:31:57]: "Suspend:DSI3Master" 
Debug[08:31:57]: "Suspend:ASICMaster" 
Debug[08:31:57]: "Suspend:RDUMMaster" 
Debug[08:31:57]: "Suspend:DSI3Slave" 
Debug[08:31:57]: "Suspend:Measurement" 
Debug[08:31:57]: "Suspend:CFARsim" 
Debug[08:31:57]: signal in logmode 
Debug[08:31:57]: "INF(08:31:57.979):Disconnect by user" 
Debug[08:31:57]: log_breakpoint 
Debug[08:31:57]: 5 
Debug[08:31:57]: signal in logmode 
Debug[08:31:57]: "INF(08:31:57.992):Disconnect by user" 
Debug[08:31:57]: log_breakpoint 
Debug[08:31:57]: 5 
Warning[08:32:01]: QObject::connect: Cannot connect LocalServer::log(int,QString) to (null)::slot_addLog(int,QString)
Debug[08:32:01]: LocalServer:new "\\.\pipe\DSI3PAS" 
Debug[08:32:01]: Register specific 
Debug[08:32:01]: DynScaleCaclulate 
Debug[08:32:01]: "init 2 UartUartController" 
Debug[08:32:01]: Ok 
Debug[08:32:01]: "init 3 UartSpiController" 
Debug[08:32:01]: Ok 
Debug[08:32:01]: "init 4 UartSsiController" 
Debug[08:32:01]: Ok 
Debug[08:32:01]: "init 5 DSI3Master" 
Debug[08:32:01]: Ok 
Debug[08:32:01]: "init 6 ASICMaster" 
Debug[08:32:01]: Ok 
Debug[08:32:01]: "init 7 RDUMMaster" 
Debug[08:32:01]: Ok 
Debug[08:32:01]: "init 8 DSI3Slave" 
Debug[08:32:02]: Ok 
Debug[08:32:02]: "init 9 Measurement" 
Debug[08:32:02]: Ok 
Debug[08:32:02]: "init 10 CFARsim" 
Debug[08:32:02]: Ok 
Debug[08:32:02]: MainApp Starting... 
Debug[08:32:03]: Add applets to MainWindow...
 
Debug[08:32:03]: Initialize Connection... 
Debug[08:32:03]: signal in logmode 
Debug[08:32:03]: "INF(08:32:03.925):Mode is OK" 
Debug[08:32:03]: log_breakpoint 
Debug[08:32:03]: 5 
Debug[08:32:03]: signal in logmode 
Debug[08:32:03]: "INF(08:32:03.930):Attempt" 
Debug[08:32:03]: log_breakpoint 
Debug[08:32:03]: 5 
Debug[08:32:04]: signal in logmode 
Debug[08:32:04]: "INF(08:32:04.080):Mode is OK" 
Debug[08:32:04]: log_breakpoint 
Debug[08:32:04]: 5 
Debug[08:32:04]: signal in logmode 
Debug[08:32:04]: "INF(08:32:04.084):Attempt" 
Debug[08:32:04]: log_breakpoint 
Debug[08:32:04]: 5 
Debug[08:32:04]: signal in logmode 
Debug[08:32:04]: "INF(08:32:04.404):Attempt" 
Debug[08:32:04]: log_breakpoint 
Debug[08:32:04]: 5 
Debug[08:32:04]: signal in logmode 
Debug[08:32:04]: "INF(08:32:04.716):Attempt" 
Debug[08:32:04]: log_breakpoint 
Debug[08:32:04]: 5 
Debug[08:32:05]: signal in logmode 
Debug[08:32:05]: "INF(08:32:05.030):Mode is OK" 
Debug[08:32:05]: log_breakpoint 
Debug[08:32:05]: 5 
Debug[08:32:05]: signal in logmode 
Debug[08:32:05]: "INF(08:32:05.034):Attempt" 
Debug[08:32:05]: log_breakpoint 
Debug[08:32:05]: 5 
Debug[08:32:05]: signal in logmode 
Debug[08:32:05]: "INF(08:32:05.341):Attempt" 
Debug[08:32:05]: log_breakpoint 
Debug[08:32:05]: 5 
Debug[08:32:05]: signal in logmode 
Debug[08:32:05]: "INF(08:32:05.649):Attempt" 
Debug[08:32:05]: log_breakpoint 
Debug[08:32:05]: 5 
Debug[08:32:05]: signal in logmode 
Debug[08:32:05]: "INF(08:32:05.961):Mode is OK" 
Debug[08:32:05]: log_breakpoint 
Debug[08:32:05]: 5 
Debug[08:32:05]: signal in logmode 
Debug[08:32:05]: "INF(08:32:05.967):Attempt" 
Debug[08:32:05]: log_breakpoint 
Debug[08:32:05]: 5 
Debug[08:32:06]: signal in logmode 
Debug[08:32:06]: "INF(08:32:06.286):Attempt" 
Debug[08:32:06]: log_breakpoint 
Debug[08:32:06]: 5 
Debug[08:32:06]: signal in logmode 
Debug[08:32:06]: "INF(08:32:06.598):Attempt" 
Debug[08:32:06]: log_breakpoint 
Debug[08:32:06]: 5 
Warning[08:32:07]: QFileSystemWatcher: failed to add paths: C:/REPO/DSI3PAS2_workingdir/DSI3PAS2/Software/bin/ULSEverification_configfiles, C:/REPO/DSI3PAS2_workingdir/DSI3PAS2/Software/bin/ConfigFiles_29_1_2021_Jiri_MOBIS, C:/Users/fg6cnq/Desktop/DSI3PAS2_UART_QtSW_20210129_1511, C:/Users/zbdn9w/Desktop/Temp/CFAR QT uprava ToF, C:/Users/zbdn9w/Desktop/Temp/CFAR QT Komprimace do CSV, U:/Dokumenty/MOBIS/Crosstalk 11-2021
Debug[08:32:10]: signal in logmode 
Debug[08:32:10]: "INF(08:32:10.709):Mode is OK" 
Debug[08:32:10]: log_breakpoint 
Debug[08:32:10]: 5 
Debug[08:32:10]: signal in logmode 
Debug[08:32:10]: "INF(08:32:10.713):Attempt" 
Debug[08:32:10]: log_breakpoint 
Debug[08:32:10]: 5 
Debug[08:32:10]: signal in logmode 
Debug[08:32:10]: "INF(08:32:10.721):ASIC master connected" 
Debug[08:32:10]: log_breakpoint 
Debug[08:32:10]: 5 
Debug[08:32:10]: signal in logmode 
Debug[08:32:10]: "INF(08:32:10.722):Connected to \\.\COM56" 
Debug[08:32:10]: log_breakpoint 
Debug[08:32:10]: 5 
Warning[08:32:10]: Could not parse stylesheet of widget 0x2995ab0
Debug[08:32:10]: "Resume:Logs" 
Debug[08:32:10]: "Resume:Settings" 
Debug[08:32:10]: "Resume:UartUartController" 
Debug[08:32:10]: "Resume:UartSpiController" 
Debug[08:32:10]: "Resume:UartSsiController" 
Debug[08:32:10]: "Resume:DSI3Master" 
Debug[08:32:10]: "Resume:ASICMaster" 
Debug[08:32:10]: "Resume:RDUMMaster" 
Debug[08:32:10]: "Resume:DSI3Slave" 
Debug[08:32:10]: "Resume:Measurement" 
Debug[08:32:10]: "Resume:CFARsim" 
Debug[08:58:51]: "Suspend:Settings" 
Debug[08:58:51]: "Suspend:UartUartController" 
Debug[08:58:51]: "Suspend:UartSpiController" 
Debug[08:58:51]: "Suspend:UartSsiController" 
Debug[08:58:51]: "Suspend:DSI3Master" 
Debug[08:58:51]: "Suspend:ASICMaster" 
Debug[08:58:51]: "Suspend:RDUMMaster" 
Debug[08:58:51]: "Suspend:DSI3Slave" 
Debug[08:58:51]: "Suspend:Measurement" 
Debug[08:58:51]: "Suspend:CFARsim" 
Debug[08:58:51]: signal in logmode 
Debug[08:58:51]: "INF(08:58:51.208):Disconnect by user" 
Debug[08:58:51]: log_breakpoint 
Debug[08:58:51]: 5 
Debug[08:58:51]: signal in logmode 
Debug[08:58:51]: "INF(08:58:51.227):Disconnect by user" 
Debug[08:58:51]: log_breakpoint 
Debug[08:58:51]: 5 
Warning[08:58:55]: QObject::connect: Cannot connect LocalServer::log(int,QString) to (null)::slot_addLog(int,QString)
Debug[08:58:55]: LocalServer:new "\\.\pipe\DSI3PAS" 
Debug[08:58:55]: Register specific 
Debug[08:58:56]: DynScaleCaclulate 
Debug[08:58:56]: "init 2 UartUartController" 
Debug[08:58:56]: Ok 
Debug[08:58:56]: "init 3 UartSpiController" 
Debug[08:58:56]: Ok 
Debug[08:58:56]: "init 4 UartSsiController" 
Debug[08:58:56]: Ok 
Debug[08:58:56]: "init 5 DSI3Master" 
Debug[08:58:56]: Ok 
Debug[08:58:56]: "init 6 ASICMaster" 
Debug[08:58:56]: Ok 
Debug[08:58:56]: "init 7 RDUMMaster" 
Debug[08:58:56]: Ok 
Debug[08:58:56]: "init 8 DSI3Slave" 
Debug[08:58:56]: Ok 
Debug[08:58:56]: "init 9 Measurement" 
Debug[08:58:57]: Ok 
Debug[08:58:57]: "init 10 CFARsim" 
Debug[08:58:57]: Ok 
Debug[08:58:57]: MainApp Starting... 
Debug[08:58:57]: Add applets to MainWindow...
 
Debug[08:58:57]: Initialize Connection... 
Warning[08:58:58]: QFileSystemWatcher: failed to add paths: C:/REPO/DSI3PAS2_workingdir/DSI3PAS2/Software/bin/ULSEverification_configfiles, C:/REPO/DSI3PAS2_workingdir/DSI3PAS2/Software/bin/ConfigFiles_29_1_2021_Jiri_MOBIS, C:/Users/fg6cnq/Desktop/DSI3PAS2_UART_QtSW_20210129_1511, C:/Users/zbdn9w/Desktop/Temp/CFAR QT uprava ToF, C:/Users/zbdn9w/Desktop/Temp/CFAR QT Komprimace do CSV, U:/Dokumenty/MOBIS/Crosstalk 11-2021
Debug[08:59:01]: signal in logmode 
Debug[08:59:01]: "INF(08:59:01.672):Connected to no_board" 
Debug[08:59:01]: log_breakpoint 
Debug[08:59:01]: 5 
Warning[08:59:01]: Could not parse stylesheet of widget 0x3745890
Debug[08:59:01]: "Resume:Logs" 
Debug[08:59:01]: "Resume:Settings" 
Debug[08:59:01]: "Resume:UartUartController" 
Debug[08:59:01]: "Resume:UartSpiController" 
Debug[08:59:01]: "Resume:UartSsiController" 
Debug[08:59:01]: "Resume:DSI3Master" 
Debug[08:59:01]: "Resume:ASICMaster" 
Debug[08:59:01]: "Resume:RDUMMaster" 
Debug[08:59:01]: "Resume:DSI3Slave" 
Debug[08:59:01]: "Resume:Measurement" 
Debug[08:59:01]: "Resume:CFARsim" 
Debug[09:05:13]: "Suspend:Settings" 
Debug[09:05:13]: "Suspend:UartUartController" 
Debug[09:05:13]: "Suspend:UartSpiController" 
Debug[09:05:13]: "Suspend:UartSsiController" 
Debug[09:05:13]: "Suspend:DSI3Master" 
Debug[09:05:13]: "Suspend:ASICMaster" 
Debug[09:05:13]: "Suspend:RDUMMaster" 
Debug[09:05:13]: "Suspend:DSI3Slave" 
Debug[09:05:13]: "Suspend:Measurement" 
Debug[09:05:13]: "Suspend:CFARsim" 
Debug[09:05:13]: signal in logmode 
Debug[09:05:13]: "INF(09:05:13.318):Disconnect by user" 
Debug[09:05:13]: log_breakpoint 
Debug[09:05:13]: 5 
Debug[09:05:13]: signal in logmode 
Debug[09:05:13]: "INF(09:05:13.333):Disconnect by user" 
Debug[09:05:13]: log_breakpoint 
Debug[09:05:13]: 5 
Warning[09:10:59]: QObject::connect: Cannot connect LocalServer::log(int,QString) to (null)::slot_addLog(int,QString)
Debug[09:10:59]: LocalServer:new "\\.\pipe\DSI3PASd" 
Debug[09:10:59]: Register specific 
Debug[09:11:00]: DynScaleCaclulate 
Debug[09:11:00]: "init 2 UartUartController" 
Debug[09:11:00]: Ok 
Debug[09:11:00]: "init 3 UartSpiController" 
Debug[09:11:00]: Ok 
Debug[09:11:00]: "init 4 UartSsiController" 
Debug[09:11:00]: Ok 
Debug[09:11:00]: "init 5 DSI3Master" 
Debug[09:11:00]: Ok 
Debug[09:11:00]: "init 6 ASICMaster" 
Debug[09:11:00]: Ok 
Debug[09:11:00]: "init 7 RDUMMaster" 
Debug[09:11:00]: Ok 
Debug[09:11:00]: "init 8 DSI3Slave" 
Debug[09:11:02]: Ok 
Debug[09:11:02]: "init 9 Measurement" 
Debug[09:11:03]: Ok 
Debug[09:11:03]: "init 10 CFARsim" 
Debug[09:11:03]: Ok 
Debug[09:11:03]: Using SERPORT
Debug[09:11:03]: MainApp Starting... 
Debug[09:11:06]: Add applets to MainWindow...
 
Debug[09:11:06]: Initialize Connection... 
Debug[09:11:22]: signal in logmode 
Debug[09:11:22]: "INF(09:11:22.034):Connected to no_board" 
Debug[09:11:22]: log_breakpoint 
Debug[09:11:22]: 5 
Warning[09:11:22]: Could not parse stylesheet of widget 0x3055c28
Debug[09:11:22]: "Resume:Logs" 
Debug[09:11:22]: "Resume:Settings" 
Debug[09:11:22]: "Resume:UartUartController" 
Debug[09:11:22]: "Resume:UartSpiController" 
Debug[09:11:22]: "Resume:UartSsiController" 
Debug[09:11:22]: "Resume:DSI3Master" 
Debug[09:11:22]: "Resume:ASICMaster" 
Debug[09:11:22]: "Resume:RDUMMaster" 
Debug[09:11:22]: "Resume:DSI3Slave" 
Debug[09:11:22]: "Resume:Measurement" 
Debug[09:11:22]: "Resume:CFARsim" 
Debug[12:40:01]: "Suspend:Settings" 
Debug[12:40:01]: "Suspend:UartUartController" 
Debug[12:40:01]: "Suspend:UartSpiController" 
Debug[12:40:01]: "Suspend:UartSsiController" 
Debug[12:40:01]: "Suspend:DSI3Master" 
Debug[12:40:01]: "Suspend:ASICMaster" 
Debug[12:40:01]: "Suspend:RDUMMaster" 
Debug[12:40:01]: "Suspend:DSI3Slave" 
Debug[12:40:01]: "Suspend:Measurement" 
Debug[12:40:01]: "Suspend:CFARsim" 
Debug[12:40:01]: signal in logmode 
Debug[12:40:01]: "INF(12:40:01.432):Disconnect by user" 
Debug[12:40:01]: log_breakpoint 
Debug[12:40:01]: 5 
Debug[12:40:01]: signal in logmode 
Debug[12:40:01]: "INF(12:40:01.501):Disconnect by user" 
Debug[12:40:01]: log_breakpoint 
Debug[12:40:01]: 5 
Warning[12:40:11]: QObject::connect: Cannot connect LocalServer::log(int,QString) to (null)::slot_addLog(int,QString)
Debug[12:40:11]: LocalServer:new "\\.\pipe\DSI3PAS" 
Debug[12:40:12]: Register specific 
Debug[12:40:12]: DynScaleCaclulate 
Debug[12:40:12]: "init 2 UartUartController" 
Debug[12:40:12]: Ok 
Debug[12:40:12]: "init 3 UartSpiController" 
Debug[12:40:12]: Ok 
Debug[12:40:12]: "init 4 UartSsiController" 
Debug[12:40:12]: Ok 
Debug[12:40:12]: "init 5 DSI3Master" 
Debug[12:40:12]: Ok 
Debug[12:40:12]: "init 6 ASICMaster" 
Debug[12:40:12]: Ok 
Debug[12:40:12]: "init 7 RDUMMaster" 
Debug[12:40:12]: Ok 
Debug[12:40:12]: "init 8 DSI3Slave" 
Debug[12:40:13]: Ok 
Debug[12:40:13]: "init 9 Measurement" 
Debug[12:40:13]: Ok 
Debug[12:40:13]: "init 10 CFARsim" 
Debug[12:40:13]: Ok 
Debug[12:40:13]: MainApp Starting... 
Debug[12:40:14]: Add applets to MainWindow...
 
Debug[12:40:14]: Initialize Connection... 
Debug[12:40:14]: signal in logmode 
Debug[12:40:14]: "INF(12:40:14.814):Mode is OK" 
Debug[12:40:14]: log_breakpoint 
Debug[12:40:14]: 5 
Debug[12:40:14]: signal in logmode 
Debug[12:40:14]: "INF(12:40:14.817):Attempt" 
Debug[12:40:14]: log_breakpoint 
Debug[12:40:14]: 5 
Debug[12:40:14]: signal in logmode 
Debug[12:40:14]: "INF(12:40:14.969):Mode is OK" 
Debug[12:40:14]: log_breakpoint 
Debug[12:40:14]: 5 
Debug[12:40:14]: signal in logmode 
Debug[12:40:14]: "INF(12:40:14.972):Attempt" 
Debug[12:40:14]: log_breakpoint 
Debug[12:40:14]: 5 
Debug[12:40:15]: signal in logmode 
Debug[12:40:15]: "INF(12:40:15.291):Attempt" 
Debug[12:40:15]: log_breakpoint 
Debug[12:40:15]: 5 
Debug[12:40:15]: signal in logmode 
Debug[12:40:15]: "INF(12:40:15.601):Attempt" 
Debug[12:40:15]: log_breakpoint 
Debug[12:40:15]: 5 
Debug[12:40:15]: signal in logmode 
Debug[12:40:15]: "INF(12:40:15.917):Mode is OK" 
Debug[12:40:15]: log_breakpoint 
Debug[12:40:15]: 5 
Debug[12:40:15]: signal in logmode 
Debug[12:40:15]: "INF(12:40:15.918):Attempt" 
Debug[12:40:15]: log_breakpoint 
Debug[12:40:15]: 5 
Debug[12:40:16]: signal in logmode 
Debug[12:40:16]: "INF(12:40:16.229):Attempt" 
Debug[12:40:16]: log_breakpoint 
Debug[12:40:16]: 5 
Debug[12:40:16]: signal in logmode 
Debug[12:40:16]: "INF(12:40:16.541):Attempt" 
Debug[12:40:16]: log_breakpoint 
Debug[12:40:16]: 5 
Debug[12:40:16]: signal in logmode 
Debug[12:40:16]: "INF(12:40:16.853):Mode is OK" 
Debug[12:40:16]: log_breakpoint 
Debug[12:40:16]: 5 
Debug[12:40:16]: signal in logmode 
Debug[12:40:16]: "INF(12:40:16.857):Attempt" 
Debug[12:40:16]: log_breakpoint 
Debug[12:40:16]: 5 
Debug[12:40:17]: signal in logmode 
Debug[12:40:17]: "INF(12:40:17.164):Attempt" 
Debug[12:40:17]: log_breakpoint 
Debug[12:40:17]: 5 
Debug[12:40:17]: signal in logmode 
Debug[12:40:17]: "INF(12:40:17.477):Attempt" 
Debug[12:40:17]: log_breakpoint 
Debug[12:40:17]: 5 
Warning[12:40:17]: QFileSystemWatcher: failed to add paths: C:/REPO/DSI3PAS2_workingdir/DSI3PAS2/Software/bin/ULSEverification_configfiles, C:/REPO/DSI3PAS2_workingdir/DSI3PAS2/Software/bin/ConfigFiles_29_1_2021_Jiri_MOBIS, C:/Users/fg6cnq/Desktop/DSI3PAS2_UART_QtSW_20210129_1511, C:/Users/zbdn9w/Desktop/Temp/CFAR QT uprava ToF, C:/Users/zbdn9w/Desktop/Temp/CFAR QT Komprimace do CSV, U:/Dokumenty/MOBIS/Crosstalk 11-2021
Debug[12:40:21]: signal in logmode 
Debug[12:40:21]: "INF(12:40:21.719):Mode is OK" 
Debug[12:40:21]: log_breakpoint 
Debug[12:40:21]: 5 
Debug[12:40:21]: signal in logmode 
Debug[12:40:21]: "INF(12:40:21.721):Attempt" 
Debug[12:40:21]: log_breakpoint 
Debug[12:40:21]: 5 
Debug[12:40:21]: signal in logmode 
Debug[12:40:21]: "INF(12:40:21.732):ASIC master connected" 
Debug[12:40:21]: log_breakpoint 
Debug[12:40:21]: 5 
Debug[12:40:21]: signal in logmode 
Debug[12:40:21]: "INF(12:40:21.733):Connected to \\.\COM56" 
Debug[12:40:21]: log_breakpoint 
Debug[12:40:21]: 5 
Warning[12:40:21]: Could not parse stylesheet of widget 0x3155e70
Debug[12:40:21]: "Resume:Logs" 
Debug[12:40:21]: "Resume:Settings" 
Debug[12:40:21]: "Resume:UartUartController" 
Debug[12:40:21]: "Resume:UartSpiController" 
Debug[12:40:21]: "Resume:UartSsiController" 
Debug[12:40:21]: "Resume:DSI3Master" 
Debug[12:40:21]: "Resume:ASICMaster" 
Debug[12:40:21]: "Resume:RDUMMaster" 
Debug[12:40:21]: "Resume:DSI3Slave" 
Debug[12:40:21]: "Resume:Measurement" 
Debug[12:40:21]: "Resume:CFARsim" 
Debug[14:23:30]: "Suspend:Settings" 
Debug[14:23:30]: "Suspend:UartUartController" 
Debug[14:23:30]: "Suspend:UartSpiController" 
Debug[14:23:30]: "Suspend:UartSsiController" 
Debug[14:23:30]: "Suspend:DSI3Master" 
Debug[14:23:30]: "Suspend:ASICMaster" 
Debug[14:23:30]: "Suspend:RDUMMaster" 
Debug[14:23:30]: "Suspend:DSI3Slave" 
Debug[14:23:30]: "Suspend:Measurement" 
Debug[14:23:30]: "Suspend:CFARsim" 
Debug[14:23:30]: signal in logmode 
Debug[14:23:30]: "INF(14:23:30.886):Disconnect by user" 
Debug[14:23:30]: log_breakpoint 
Debug[14:23:30]: 5 
Debug[14:23:31]: signal in logmode 
Debug[14:23:31]: "INF(14:23:31.037):Disconnect by user" 
Debug[14:23:31]: log_breakpoint 
Debug[14:23:31]: 5 
