Warning[09:13:58]: QObject::connect: Cannot connect LocalServer::log(int,QString) to (null)::slot_addLog(int,QString)
Debug[09:13:58]: LocalServer:new "\\.\pipe\DSI3PASd" 
Debug[09:13:58]: Register specific 
Debug[09:13:59]: DynScaleCaclulate 
Debug[09:13:59]: "init 2 UartUartController" 
Debug[09:13:59]: Ok 
Debug[09:13:59]: "init 3 UartSpiController" 
Debug[09:13:59]: Ok 
Debug[09:13:59]: "init 4 UartSsiController" 
Debug[09:13:59]: Ok 
Debug[09:13:59]: "init 5 DSI3Master" 
Debug[09:13:59]: Ok 
Debug[09:13:59]: "init 6 ASICMaster" 
Debug[09:14:00]: Ok 
Debug[09:14:00]: "init 7 RDUMMaster" 
Debug[09:14:00]: Ok 
Debug[09:14:00]: "init 8 DSI3Slave" 
Debug[09:14:01]: Ok 
Debug[09:14:01]: "init 9 Measurement" 
Debug[09:14:03]: Ok 
Debug[09:14:03]: "init 10 CFARsim" 
Debug[09:14:03]: Ok 
Debug[09:14:03]: Using SERPORT
Debug[09:14:03]: MainApp Starting... 
Debug[09:14:04]: Add applets to MainWindow...
 
Debug[09:14:04]: Initialize Connection... 
Debug[09:14:21]: Initialize Connection... 
Debug[09:14:22]: Initialize Connection... 
Debug[09:14:22]: Initialize Connection... 
Debug[09:14:23]: Initialize Connection... 
Debug[09:14:24]: Initialize Connection... 
Debug[09:14:47]: signal in logmode 
Debug[09:14:47]: "INF(09:14:47.446):Disconnect by user" 
Debug[09:14:47]: log_breakpoint 
Debug[09:14:47]: 5 
Debug[09:14:47]: signal in logmode 
Debug[09:14:47]: "INF(09:14:47.473):Disconnect by user" 
Debug[09:14:47]: log_breakpoint 
Debug[09:14:47]: 5 
Warning[09:20:33]: QObject::connect: Cannot connect LocalServer::log(int,QString) to (null)::slot_addLog(int,QString)
Debug[09:20:33]: LocalServer:new "\\.\pipe\DSI3PASd" 
Debug[09:20:33]: Register specific 
Debug[09:20:34]: DynScaleCaclulate 
Debug[09:20:34]: "init 2 UartUartController" 
Debug[09:20:34]: Ok 
Debug[09:20:34]: "init 3 UartSpiController" 
Debug[09:20:34]: Ok 
Debug[09:20:34]: "init 4 UartSsiController" 
Debug[09:20:34]: Ok 
Debug[09:20:34]: "init 5 DSI3Master" 
Debug[09:20:34]: Ok 
Debug[09:20:34]: "init 6 ASICMaster" 
Debug[09:20:34]: Ok 
Debug[09:20:34]: "init 7 RDUMMaster" 
Debug[09:20:34]: Ok 
Debug[09:20:34]: "init 8 DSI3Slave" 
Debug[09:20:36]: Ok 
Debug[09:20:36]: "init 9 Measurement" 
Debug[09:20:37]: Ok 
Debug[09:20:37]: "init 10 CFARsim" 
Debug[09:20:37]: Ok 
Debug[09:20:37]: Using SERPORT
Debug[09:20:37]: MainApp Starting... 
Debug[09:20:39]: Add applets to MainWindow...
 
Debug[09:20:39]: Initialize Connection... 
Debug[09:20:39]: signal in logmode 
Debug[09:20:39]: "INF(09:20:39.617):Mode is OK" 
Debug[09:20:39]: log_breakpoint 
Debug[09:20:39]: 5 
Debug[09:20:39]: signal in logmode 
Debug[09:20:39]: "INF(09:20:39.620):Attempt" 
Debug[09:20:39]: log_breakpoint 
Debug[09:20:39]: 5 
Debug[09:20:39]: signal in logmode 
Debug[09:20:39]: "INF(09:20:39.941):Attempt" 
Debug[09:20:39]: log_breakpoint 
Debug[09:20:39]: 5 
Debug[09:20:40]: signal in logmode 
Debug[09:20:40]: "INF(09:20:40.257):Attempt" 
Debug[09:20:40]: log_breakpoint 
Debug[09:20:40]: 5 
Debug[09:20:40]: signal in logmode 
Debug[09:20:40]: "INF(09:20:40.566):Mode is OK" 
Debug[09:20:40]: log_breakpoint 
Debug[09:20:40]: 5 
Debug[09:20:40]: signal in logmode 
Debug[09:20:40]: "INF(09:20:40.567):Attempt" 
Debug[09:20:40]: log_breakpoint 
Debug[09:20:40]: 5 
Debug[09:20:40]: signal in logmode 
Debug[09:20:40]: "INF(09:20:40.879):Attempt" 
Debug[09:20:40]: log_breakpoint 
Debug[09:20:40]: 5 
Debug[09:20:41]: signal in logmode 
Debug[09:20:41]: "INF(09:20:41.191):Attempt" 
Debug[09:20:41]: log_breakpoint 
Debug[09:20:41]: 5 
Debug[09:20:41]: signal in logmode 
Debug[09:20:41]: "INF(09:20:41.505):Mode is OK" 
Debug[09:20:41]: log_breakpoint 
Debug[09:20:41]: 5 
Debug[09:20:41]: signal in logmode 
Debug[09:20:41]: "INF(09:20:41.509):Attempt" 
Debug[09:20:41]: log_breakpoint 
Debug[09:20:41]: 5 
Debug[09:20:41]: signal in logmode 
Debug[09:20:41]: "INF(09:20:41.662):Mode is OK" 
Debug[09:20:41]: log_breakpoint 
Debug[09:20:41]: 5 
Debug[09:20:41]: signal in logmode 
Debug[09:20:41]: "INF(09:20:41.664):Attempt" 
Debug[09:20:41]: log_breakpoint 
Debug[09:20:41]: 5 
Debug[09:20:41]: signal in logmode 
Debug[09:20:41]: "INF(09:20:41.972):Attempt" 
Debug[09:20:41]: log_breakpoint 
Debug[09:20:41]: 5 
Debug[09:20:42]: signal in logmode 
Debug[09:20:42]: "INF(09:20:42.284):Attempt" 
Debug[09:20:42]: log_breakpoint 
Debug[09:20:42]: 5 
Debug[09:20:42]: signal in logmode 
Debug[09:20:42]: "INF(09:20:42.596):Mode is OK" 
Debug[09:20:42]: log_breakpoint 
Debug[09:20:42]: 5 
Debug[09:20:42]: signal in logmode 
Debug[09:20:42]: "INF(09:20:42.599):Attempt" 
Debug[09:20:42]: log_breakpoint 
Debug[09:20:42]: 5 
Debug[09:20:42]: signal in logmode 
Debug[09:20:42]: "INF(09:20:42.910):Attempt" 
Debug[09:20:42]: log_breakpoint 
Debug[09:20:42]: 5 
Debug[09:20:43]: signal in logmode 
Debug[09:20:43]: "INF(09:20:43.222):Attempt" 
Debug[09:20:43]: log_breakpoint 
Debug[09:20:43]: 5 
Debug[09:20:43]: signal in logmode 
Debug[09:20:43]: "INF(09:20:43.536):Mode is OK" 
Debug[09:20:43]: log_breakpoint 
Debug[09:20:43]: 5 
Debug[09:20:43]: signal in logmode 
Debug[09:20:43]: "INF(09:20:43.541):Attempt" 
Debug[09:20:43]: log_breakpoint 
Debug[09:20:43]: 5 
Debug[09:20:43]: signal in logmode 
Debug[09:20:43]: "INF(09:20:43.849):Attempt" 
Debug[09:20:43]: log_breakpoint 
Debug[09:20:43]: 5 
Debug[09:20:44]: signal in logmode 
Debug[09:20:44]: "INF(09:20:44.163):Attempt" 
Debug[09:20:44]: log_breakpoint 
Debug[09:20:44]: 5 
Debug[09:20:47]: signal in logmode 
Debug[09:20:47]: "INF(09:20:47.364):Mode is OK" 
Debug[09:20:47]: log_breakpoint 
Debug[09:20:47]: 5 
Debug[09:20:47]: signal in logmode 
Debug[09:20:47]: "INF(09:20:47.366):Attempt" 
Debug[09:20:47]: log_breakpoint 
Debug[09:20:47]: 5 
Debug[09:20:47]: signal in logmode 
Debug[09:20:47]: "INF(09:20:47.672):Attempt" 
Debug[09:20:47]: log_breakpoint 
Debug[09:20:47]: 5 
Debug[09:20:47]: signal in logmode 
Debug[09:20:47]: "INF(09:20:47.986):Attempt" 
Debug[09:20:47]: log_breakpoint 
Debug[09:20:47]: 5 
Debug[09:20:48]: signal in logmode 
Debug[09:20:48]: "INF(09:20:48.296):Mode is OK" 
Debug[09:20:48]: log_breakpoint 
Debug[09:20:48]: 5 
Debug[09:20:48]: signal in logmode 
Debug[09:20:48]: "INF(09:20:48.300):Attempt" 
Debug[09:20:48]: log_breakpoint 
Debug[09:20:48]: 5 
Debug[09:20:48]: signal in logmode 
Debug[09:20:48]: "INF(09:20:48.610):Attempt" 
Debug[09:20:48]: log_breakpoint 
Debug[09:20:48]: 5 
Debug[09:20:48]: signal in logmode 
Debug[09:20:48]: "INF(09:20:48.924):Attempt" 
Debug[09:20:48]: log_breakpoint 
Debug[09:20:48]: 5 
Debug[09:20:49]: signal in logmode 
Debug[09:20:49]: "INF(09:20:49.237):Mode is OK" 
Debug[09:20:49]: log_breakpoint 
Debug[09:20:49]: 5 
Debug[09:20:49]: signal in logmode 
Debug[09:20:49]: "INF(09:20:49.241):Attempt" 
Debug[09:20:49]: log_breakpoint 
Debug[09:20:49]: 5 
Debug[09:20:49]: signal in logmode 
Debug[09:20:49]: "INF(09:20:49.249):RDUM master connected" 
Debug[09:20:49]: log_breakpoint 
Debug[09:20:49]: 5 
Debug[09:20:49]: signal in logmode 
Debug[09:20:49]: "INF(09:20:49.251):Connected to \\.\COM12" 
Debug[09:20:49]: log_breakpoint 
Debug[09:20:49]: 5 
Warning[09:20:49]: Could not parse stylesheet of widget 0x30f8508
Debug[09:20:49]: "Resume:Logs" 
Debug[09:20:49]: "Resume:Settings" 
Debug[09:20:49]: "Resume:UartUartController" 
Debug[09:20:49]: "Resume:UartSpiController" 
Debug[09:20:49]: "Resume:UartSsiController" 
Debug[09:20:49]: "Resume:DSI3Master" 
Debug[09:20:49]: "Resume:ASICMaster" 
Debug[09:20:49]: "Resume:RDUMMaster" 
Debug[09:20:49]: "Resume:DSI3Slave" 
Debug[09:20:49]: "Resume:Measurement" 
Debug[09:20:49]: "Resume:CFARsim" 
Debug[10:25:16]: m_sampling_period: 0.0512 
Debug[10:25:16]: - - - Channel 0 - - - 
Debug[10:25:16]: m_meas_slot_number 1 
Debug[10:25:16]: m_TOF_ECHO_DET[ 0 ].size = 438 
Debug[10:25:16]: m_TOF_DIFF[ 0 ].size = 438 
Debug[10:25:16]: 
TOF first R.E. at 138 which is 7.0656 ms 
Debug[10:25:16]: Echo end at 143 which is 7.3216 ms 
Debug[10:25:16]: 
TOF first R.E. at 148 which is 7.5776 ms 
Debug[10:25:16]: Echo end at 168 which is 8.6016 ms 
Debug[10:25:16]: 
TOF first R.E. at 169 which is 8.6528 ms 
Debug[10:25:16]: TOF R.E. at 170 which is 8.704 ms 
Debug[10:25:16]: Echo end at 186 which is 9.5232 ms 
Debug[10:25:16]: 
TOF first R.E. at 398 which is 20.3776 ms 
Debug[10:25:16]: Echo end at 417 which is 21.3504 ms 
Debug[10:25:17]: m_sampling_period: 0.0512 
Debug[10:25:17]: - - - Channel 0 - - - 
Debug[10:25:17]: m_meas_slot_number 1 
Debug[10:25:17]: m_TOF_ECHO_DET[ 0 ].size = 438 
Debug[10:25:17]: m_TOF_DIFF[ 0 ].size = 438 
Debug[10:25:17]: 
TOF first R.E. at 138 which is 7.0656 ms 
Debug[10:25:17]: Echo end at 143 which is 7.3216 ms 
Debug[10:25:17]: 
TOF first R.E. at 148 which is 7.5776 ms 
Debug[10:25:17]: Echo end at 168 which is 8.6016 ms 
Debug[10:25:17]: 
TOF first R.E. at 169 which is 8.6528 ms 
Debug[10:25:17]: TOF R.E. at 170 which is 8.704 ms 
Debug[10:25:17]: Echo end at 185 which is 9.472 ms 
Debug[10:25:17]: 
TOF first R.E. at 397 which is 20.3264 ms 
Debug[10:25:17]: Echo end at 423 which is 21.6576 ms 
Debug[10:25:23]: m_sampling_period: 0.0512 
Debug[10:25:23]: - - - Channel 0 - - - 
Debug[10:25:23]: m_meas_slot_number 1 
Debug[10:25:23]: m_TOF_ECHO_DET[ 0 ].size = 438 
Debug[10:25:23]: m_TOF_DIFF[ 0 ].size = 438 
Debug[10:25:23]: 
TOF first R.E. at 138 which is 7.0656 ms 
Debug[10:25:23]: Echo end at 143 which is 7.3216 ms 
Debug[10:25:23]: 
TOF first R.E. at 148 which is 7.5776 ms 
Debug[10:25:23]: Echo end at 168 which is 8.6016 ms 
Debug[10:25:23]: 
TOF first R.E. at 169 which is 8.6528 ms 
Debug[10:25:23]: TOF R.E. at 170 which is 8.704 ms 
Debug[10:25:23]: TOF R.E. at 187 which is 9.5744 ms 
Debug[10:25:23]: TOF R.E. at 193 which is 9.8816 ms 
Debug[10:25:23]: TOF R.E. at 199 which is 10.1888 ms 
Debug[10:25:23]: Echo end at 206 which is 10.5472 ms 
Debug[10:25:23]: 
TOF first R.E. at 396 which is 20.2752 ms 
Debug[10:25:23]: Echo end at 421 which is 21.5552 ms 
Debug[10:25:24]: m_sampling_period: 0.0512 
Debug[10:25:24]: - - - Channel 0 - - - 
Debug[10:25:24]: m_meas_slot_number 1 
Debug[10:25:24]: m_TOF_ECHO_DET[ 0 ].size = 438 
Debug[10:25:24]: m_TOF_DIFF[ 0 ].size = 438 
Debug[10:25:24]: 
TOF first R.E. at 138 which is 7.0656 ms 
Debug[10:25:24]: Echo end at 143 which is 7.3216 ms 
Debug[10:25:24]: 
TOF first R.E. at 148 which is 7.5776 ms 
Debug[10:25:24]: Echo end at 168 which is 8.6016 ms 
Debug[10:25:24]: 
TOF first R.E. at 169 which is 8.6528 ms 
Debug[10:25:24]: TOF R.E. at 170 which is 8.704 ms 
Debug[10:25:24]: Echo end at 185 which is 9.472 ms 
Debug[10:25:24]: 
TOF first R.E. at 188 which is 9.6256 ms 
Debug[10:25:24]: TOF R.E. at 195 which is 9.984 ms 
Debug[10:25:24]: Echo end at 209 which is 10.7008 ms 
Debug[10:25:24]: m_sampling_period: 0.0512 
Debug[10:25:24]: - - - Channel 0 - - - 
Debug[10:25:24]: m_meas_slot_number 1 
Debug[10:25:24]: m_TOF_ECHO_DET[ 0 ].size = 438 
Debug[10:25:24]: m_TOF_DIFF[ 0 ].size = 438 
Debug[10:25:24]: 
TOF first R.E. at 138 which is 7.0656 ms 
Debug[10:25:24]: Echo end at 143 which is 7.3216 ms 
Debug[10:25:24]: 
TOF first R.E. at 148 which is 7.5776 ms 
Debug[10:25:24]: Echo end at 168 which is 8.6016 ms 
Debug[10:25:24]: 
TOF first R.E. at 169 which is 8.6528 ms 
Debug[10:25:24]: TOF R.E. at 170 which is 8.704 ms 
Debug[10:25:24]: Echo end at 185 which is 9.472 ms 
Debug[10:25:24]: 
TOF first R.E. at 196 which is 10.0352 ms 
Debug[10:25:24]: TOF R.E. at 208 which is 10.6496 ms 
Debug[10:25:24]: Echo end at 218 which is 11.1616 ms 
Debug[10:25:24]: 
TOF first R.E. at 396 which is 20.2752 ms 
Debug[10:25:24]: Echo end at 417 which is 21.3504 ms 
Debug[10:25:25]: m_sampling_period: 0.0512 
Debug[10:25:25]: - - - Channel 0 - - - 
Debug[10:25:25]: m_meas_slot_number 1 
Debug[10:25:25]: m_TOF_ECHO_DET[ 0 ].size = 438 
Debug[10:25:25]: m_TOF_DIFF[ 0 ].size = 438 
Debug[10:25:25]: 
TOF first R.E. at 138 which is 7.0656 ms 
Debug[10:25:25]: Echo end at 143 which is 7.3216 ms 
Debug[10:25:25]: 
TOF first R.E. at 148 which is 7.5776 ms 
Debug[10:25:25]: Echo end at 168 which is 8.6016 ms 
Debug[10:25:25]: 
TOF first R.E. at 169 which is 8.6528 ms 
Debug[10:25:25]: TOF R.E. at 170 which is 8.704 ms 
Debug[10:25:25]: Echo end at 186 which is 9.5232 ms 
Debug[10:25:25]: 
TOF first R.E. at 195 which is 9.984 ms 
Debug[10:25:25]: TOF R.E. at 210 which is 10.752 ms 
Debug[10:25:25]: Echo end at 224 which is 11.4688 ms 
Debug[10:25:25]: 
TOF first R.E. at 396 which is 20.2752 ms 
Debug[10:25:25]: Echo end at 417 which is 21.3504 ms 
Debug[10:25:26]: m_sampling_period: 0.0512 
Debug[10:25:26]: - - - Channel 0 - - - 
Debug[10:25:26]: m_meas_slot_number 1 
Debug[10:25:26]: m_TOF_ECHO_DET[ 0 ].size = 438 
Debug[10:25:26]: m_TOF_DIFF[ 0 ].size = 438 
Debug[10:25:26]: 
TOF first R.E. at 138 which is 7.0656 ms 
Debug[10:25:26]: Echo end at 143 which is 7.3216 ms 
Debug[10:25:26]: 
TOF first R.E. at 148 which is 7.5776 ms 
Debug[10:25:26]: Echo end at 168 which is 8.6016 ms 
Debug[10:25:26]: 
TOF first R.E. at 169 which is 8.6528 ms 
Debug[10:25:26]: TOF R.E. at 170 which is 8.704 ms 
Debug[10:25:26]: Echo end at 185 which is 9.472 ms 
Debug[10:25:26]: 
TOF first R.E. at 197 which is 10.0864 ms 
Debug[10:25:26]: Echo end at 221 which is 11.3152 ms 
Debug[10:25:26]: 
TOF first R.E. at 261 which is 13.3632 ms 
Debug[10:25:26]: Echo end at 269 which is 13.7728 ms 
Debug[10:25:26]: 
TOF first R.E. at 397 which is 20.3264 ms 
Debug[10:25:26]: Echo end at 417 which is 21.3504 ms 
Debug[10:25:41]: m_sampling_period: 0.0512 
Debug[10:25:41]: - - - Channel 0 - - - 
Debug[10:25:41]: m_meas_slot_number 1 
Debug[10:25:41]: m_TOF_ECHO_DET[ 0 ].size = 438 
Debug[10:25:41]: m_TOF_DIFF[ 0 ].size = 438 
Debug[10:25:41]: 
TOF first R.E. at 138 which is 7.0656 ms 
Debug[10:25:41]: Echo end at 143 which is 7.3216 ms 
Debug[10:25:41]: 
TOF first R.E. at 148 which is 7.5776 ms 
Debug[10:25:41]: Echo end at 168 which is 8.6016 ms 
Debug[10:25:41]: 
TOF first R.E. at 169 which is 8.6528 ms 
Debug[10:25:41]: TOF R.E. at 170 which is 8.704 ms 
Debug[10:25:41]: Echo end at 186 which is 9.5232 ms 
Debug[10:25:41]: 
TOF first R.E. at 397 which is 20.3264 ms 
Debug[10:25:41]: Echo end at 417 which is 21.3504 ms 
Debug[10:25:43]: m_sampling_period: 0.0512 
Debug[10:25:43]: - - - Channel 0 - - - 
Debug[10:25:43]: m_meas_slot_number 1 
Debug[10:25:43]: m_TOF_ECHO_DET[ 0 ].size = 438 
Debug[10:25:43]: m_TOF_DIFF[ 0 ].size = 438 
Debug[10:25:43]: 
TOF first R.E. at 138 which is 7.0656 ms 
Debug[10:25:43]: Echo end at 143 which is 7.3216 ms 
Debug[10:25:43]: 
TOF first R.E. at 148 which is 7.5776 ms 
Debug[10:25:43]: Echo end at 168 which is 8.6016 ms 
Debug[10:25:43]: 
TOF first R.E. at 169 which is 8.6528 ms 
Debug[10:25:43]: TOF R.E. at 170 which is 8.704 ms 
Debug[10:25:43]: TOF R.E. at 183 which is 9.3696 ms 
Debug[10:25:43]: TOF R.E. at 191 which is 9.7792 ms 
Debug[10:25:43]: Echo end at 206 which is 10.5472 ms 
Debug[10:25:43]: 
TOF first R.E. at 207 which is 10.5984 ms 
Debug[10:25:43]: Echo end at 217 which is 11.1104 ms 
Debug[10:25:43]: 
TOF first R.E. at 233 which is 11.9296 ms 
Debug[10:25:43]: Echo end at 245 which is 12.544 ms 
Debug[10:25:43]: 
TOF first R.E. at 396 which is 20.2752 ms 
Debug[10:25:43]: Echo end at 417 which is 21.3504 ms 
Debug[10:25:44]: m_sampling_period: 0.0512 
Debug[10:25:44]: - - - Channel 0 - - - 
Debug[10:25:44]: m_meas_slot_number 1 
Debug[10:25:44]: m_TOF_ECHO_DET[ 0 ].size = 438 
Debug[10:25:44]: m_TOF_DIFF[ 0 ].size = 438 
Debug[10:25:44]: 
TOF first R.E. at 138 which is 7.0656 ms 
Debug[10:25:44]: Echo end at 143 which is 7.3216 ms 
Debug[10:25:44]: 
TOF first R.E. at 148 which is 7.5776 ms 
Debug[10:25:44]: Echo end at 168 which is 8.6016 ms 
Debug[10:25:44]: 
TOF first R.E. at 169 which is 8.6528 ms 
Debug[10:25:44]: TOF R.E. at 170 which is 8.704 ms 
Debug[10:25:44]: Echo end at 186 which is 9.5232 ms 
Debug[10:25:44]: 
TOF first R.E. at 191 which is 9.7792 ms 
Debug[10:25:44]: TOF R.E. at 196 which is 10.0352 ms 
Debug[10:25:44]: Echo end at 216 which is 11.0592 ms 
Debug[10:25:44]: 
TOF first R.E. at 248 which is 12.6976 ms 
Debug[10:25:44]: Echo end at 257 which is 13.1584 ms 
Debug[10:25:44]: 
TOF first R.E. at 398 which is 20.3776 ms 
Debug[10:25:44]: Echo end at 416 which is 21.2992 ms 
Debug[10:25:44]: m_sampling_period: 0.0512 
Debug[10:25:44]: - - - Channel 0 - - - 
Debug[10:25:44]: m_meas_slot_number 1 
Debug[10:25:44]: m_TOF_ECHO_DET[ 0 ].size = 438 
Debug[10:25:44]: m_TOF_DIFF[ 0 ].size = 438 
Debug[10:25:44]: 
TOF first R.E. at 138 which is 7.0656 ms 
Debug[10:25:44]: Echo end at 143 which is 7.3216 ms 
Debug[10:25:44]: 
TOF first R.E. at 148 which is 7.5776 ms 
Debug[10:25:44]: Echo end at 168 which is 8.6016 ms 
Debug[10:25:44]: 
TOF first R.E. at 169 which is 8.6528 ms 
Debug[10:25:44]: TOF R.E. at 170 which is 8.704 ms 
Debug[10:25:44]: Echo end at 186 which is 9.5232 ms 
Debug[10:25:44]: 
TOF first R.E. at 196 which is 10.0352 ms 
Debug[10:25:44]: Echo end at 225 which is 11.52 ms 
Debug[10:25:44]: 
TOF first R.E. at 261 which is 13.3632 ms 
Debug[10:25:44]: Echo end at 276 which is 14.1312 ms 
Debug[10:25:44]: 
TOF first R.E. at 396 which is 20.2752 ms 
Debug[10:25:44]: Echo end at 423 which is 21.6576 ms 
Debug[10:25:45]: m_sampling_period: 0.0512 
Debug[10:25:45]: - - - Channel 0 - - - 
Debug[10:25:45]: m_meas_slot_number 1 
Debug[10:25:45]: m_TOF_ECHO_DET[ 0 ].size = 438 
Debug[10:25:45]: m_TOF_DIFF[ 0 ].size = 438 
Debug[10:25:45]: 
TOF first R.E. at 138 which is 7.0656 ms 
Debug[10:25:45]: Echo end at 143 which is 7.3216 ms 
Debug[10:25:45]: 
TOF first R.E. at 148 which is 7.5776 ms 
Debug[10:25:45]: Echo end at 168 which is 8.6016 ms 
Debug[10:25:45]: 
TOF first R.E. at 169 which is 8.6528 ms 
Debug[10:25:45]: TOF R.E. at 170 which is 8.704 ms 
Debug[10:25:45]: Echo end at 185 which is 9.472 ms 
Debug[10:25:45]: 
TOF first R.E. at 202 which is 10.3424 ms 
Debug[10:25:45]: Echo end at 222 which is 11.3664 ms 
Debug[10:25:45]: 
TOF first R.E. at 260 which is 13.312 ms 
Debug[10:25:45]: Echo end at 277 which is 14.1824 ms 
Debug[10:25:45]: 
TOF first R.E. at 396 which is 20.2752 ms 
Debug[10:25:45]: Echo end at 423 which is 21.6576 ms 
Debug[10:25:46]: m_sampling_period: 0.0512 
Debug[10:25:46]: - - - Channel 0 - - - 
Debug[10:25:46]: m_meas_slot_number 1 
Debug[10:25:46]: m_TOF_ECHO_DET[ 0 ].size = 438 
Debug[10:25:46]: m_TOF_DIFF[ 0 ].size = 438 
Debug[10:25:46]: 
TOF first R.E. at 138 which is 7.0656 ms 
Debug[10:25:46]: Echo end at 143 which is 7.3216 ms 
Debug[10:25:46]: 
TOF first R.E. at 148 which is 7.5776 ms 
Debug[10:25:46]: Echo end at 168 which is 8.6016 ms 
Debug[10:25:46]: 
TOF first R.E. at 169 which is 8.6528 ms 
Debug[10:25:46]: TOF R.E. at 170 which is 8.704 ms 
Debug[10:25:46]: Echo end at 186 which is 9.5232 ms 
Debug[10:25:46]: 
TOF first R.E. at 197 which is 10.0864 ms 
Debug[10:25:46]: Echo end at 204 which is 10.4448 ms 
Debug[10:25:46]: 
TOF first R.E. at 205 which is 10.496 ms 
Debug[10:25:46]: Echo end at 219 which is 11.2128 ms 
Debug[10:25:46]: 
TOF first R.E. at 262 which is 13.4144 ms 
Debug[10:25:46]: Echo end at 269 which is 13.7728 ms 
Debug[10:25:46]: 
TOF first R.E. at 396 which is 20.2752 ms 
Debug[10:25:46]: Echo end at 424 which is 21.7088 ms 
Debug[10:25:47]: m_sampling_period: 0.0512 
Debug[10:25:47]: - - - Channel 0 - - - 
Debug[10:25:47]: m_meas_slot_number 1 
Debug[10:25:47]: m_TOF_ECHO_DET[ 0 ].size = 438 
Debug[10:25:47]: m_TOF_DIFF[ 0 ].size = 438 
Debug[10:25:47]: 
TOF first R.E. at 138 which is 7.0656 ms 
Debug[10:25:47]: Echo end at 143 which is 7.3216 ms 
Debug[10:25:47]: 
TOF first R.E. at 148 which is 7.5776 ms 
Debug[10:25:47]: Echo end at 168 which is 8.6016 ms 
Debug[10:25:47]: 
TOF first R.E. at 169 which is 8.6528 ms 
Debug[10:25:47]: TOF R.E. at 170 which is 8.704 ms 
Debug[10:25:47]: Echo end at 185 which is 9.472 ms 
Debug[10:25:47]: 
TOF first R.E. at 197 which is 10.0864 ms 
Debug[10:25:47]: Echo end at 218 which is 11.1616 ms 
Debug[10:25:47]: 
TOF first R.E. at 396 which is 20.2752 ms 
Debug[10:25:47]: Echo end at 424 which is 21.7088 ms 
Debug[10:43:24]: "Suspend:Settings" 
Debug[10:43:24]: "Suspend:UartUartController" 
Debug[10:43:24]: "Suspend:UartSpiController" 
Debug[10:43:24]: "Suspend:UartSsiController" 
Debug[10:43:24]: "Suspend:DSI3Master" 
Debug[10:43:24]: "Suspend:ASICMaster" 
Debug[10:43:24]: "Suspend:RDUMMaster" 
Debug[10:43:24]: "Suspend:DSI3Slave" 
Debug[10:43:24]: "Suspend:Measurement" 
Debug[10:43:24]: "Suspend:CFARsim" 
Debug[10:43:24]: signal in logmode 
Debug[10:43:24]: "INF(10:43:24.383):Disconnect by user" 
Debug[10:43:24]: log_breakpoint 
Debug[10:43:24]: 5 
Debug[10:43:24]: signal in logmode 
Debug[10:43:24]: "INF(10:43:24.543):Disconnect by user" 
Debug[10:43:24]: log_breakpoint 
Debug[10:43:24]: 5 
