Warning[07:56:23]: QObject::connect: Cannot connect LocalServer::log(int,QString) to (null)::slot_addLog(int,QString)
Debug[07:56:23]: LocalServer:new "\\.\pipe\DSI3PAS" 
Debug[07:56:23]: Register specific 
Debug[07:56:23]: DynScaleCaclulate 
Debug[07:56:23]: "init 2 UartUartController" 
Debug[07:56:23]: Ok 
Debug[07:56:23]: "init 3 UartSpiController" 
Debug[07:56:23]: Ok 
Debug[07:56:23]: "init 4 UartSsiController" 
Debug[07:56:23]: Ok 
Debug[07:56:23]: "init 5 DSI3Master" 
Debug[07:56:23]: Ok 
Debug[07:56:23]: "init 6 ASICMaster" 
Debug[07:56:23]: Ok 
Debug[07:56:23]: "init 7 RDUMMaster" 
Debug[07:56:23]: Ok 
Debug[07:56:23]: "init 8 DSI3Slave" 
Debug[07:56:24]: Ok 
Debug[07:56:24]: "init 9 Measurement" 
Debug[07:56:25]: Ok 
Debug[07:56:25]: "init 10 CFARsim" 
Debug[07:56:25]: Ok 
Debug[07:56:25]: MainApp Starting... 
Debug[07:56:25]: Add applets to MainWindow...
 
Debug[07:56:25]: Initialize Connection... 
Debug[07:56:26]: signal in logmode 
Debug[07:56:26]: "INF(07:56:26.187):Mode is OK" 
Debug[07:56:26]: log_breakpoint 
Debug[07:56:26]: 5 
Debug[07:56:26]: signal in logmode 
Debug[07:56:26]: "INF(07:56:26.190):Attempt" 
Debug[07:56:26]: log_breakpoint 
Debug[07:56:26]: 5 
Debug[07:56:26]: signal in logmode 
Debug[07:56:26]: "INF(07:56:26.508):Attempt" 
Debug[07:56:26]: log_breakpoint 
Debug[07:56:26]: 5 
Debug[07:56:26]: signal in logmode 
Debug[07:56:26]: "INF(07:56:26.817):Attempt" 
Debug[07:56:26]: log_breakpoint 
Debug[07:56:26]: 5 
Debug[07:56:27]: signal in logmode 
Debug[07:56:27]: "INF(07:56:27.132):Mode is OK" 
Debug[07:56:27]: log_breakpoint 
Debug[07:56:27]: 5 
Debug[07:56:27]: signal in logmode 
Debug[07:56:27]: "INF(07:56:27.137):Attempt" 
Debug[07:56:27]: log_breakpoint 
Debug[07:56:27]: 5 
Debug[07:56:27]: signal in logmode 
Debug[07:56:27]: "INF(07:56:27.442):Attempt" 
Debug[07:56:27]: log_breakpoint 
Debug[07:56:27]: 5 
Debug[07:56:27]: signal in logmode 
Debug[07:56:27]: "INF(07:56:27.754):Attempt" 
Debug[07:56:27]: log_breakpoint 
Debug[07:56:27]: 5 
Debug[07:56:28]: signal in logmode 
Debug[07:56:28]: "INF(07:56:28.067):Mode is OK" 
Debug[07:56:28]: log_breakpoint 
Debug[07:56:28]: 5 
Debug[07:56:28]: signal in logmode 
Debug[07:56:28]: "INF(07:56:28.070):Attempt" 
Debug[07:56:28]: log_breakpoint 
Debug[07:56:28]: 5 
Debug[07:56:28]: signal in logmode 
Debug[07:56:28]: "INF(07:56:28.225):Mode is OK" 
Debug[07:56:28]: log_breakpoint 
Debug[07:56:28]: 5 
Debug[07:56:28]: signal in logmode 
Debug[07:56:28]: "INF(07:56:28.227):Attempt" 
Debug[07:56:28]: log_breakpoint 
Debug[07:56:28]: 5 
Debug[07:56:28]: signal in logmode 
Debug[07:56:28]: "INF(07:56:28.534):Attempt" 
Debug[07:56:28]: log_breakpoint 
Debug[07:56:28]: 5 
Debug[07:56:28]: signal in logmode 
Debug[07:56:28]: "INF(07:56:28.845):Attempt" 
Debug[07:56:28]: log_breakpoint 
Debug[07:56:28]: 5 
Debug[07:56:29]: signal in logmode 
Debug[07:56:29]: "INF(07:56:29.157):Mode is OK" 
Debug[07:56:29]: log_breakpoint 
Debug[07:56:29]: 5 
Debug[07:56:29]: signal in logmode 
Debug[07:56:29]: "INF(07:56:29.160):Attempt" 
Debug[07:56:29]: log_breakpoint 
Debug[07:56:29]: 5 
Debug[07:56:29]: signal in logmode 
Debug[07:56:29]: "INF(07:56:29.470):Attempt" 
Debug[07:56:29]: log_breakpoint 
Debug[07:56:29]: 5 
Debug[07:56:29]: signal in logmode 
Debug[07:56:29]: "INF(07:56:29.783):Attempt" 
Debug[07:56:29]: log_breakpoint 
Debug[07:56:29]: 5 
Debug[07:56:30]: signal in logmode 
Debug[07:56:30]: "INF(07:56:30.098):Mode is OK" 
Debug[07:56:30]: log_breakpoint 
Debug[07:56:30]: 5 
Debug[07:56:30]: signal in logmode 
Debug[07:56:30]: "INF(07:56:30.102):Attempt" 
Debug[07:56:30]: log_breakpoint 
Debug[07:56:30]: 5 
Debug[07:56:30]: signal in logmode 
Debug[07:56:30]: "INF(07:56:30.416):Attempt" 
Debug[07:56:30]: log_breakpoint 
Debug[07:56:30]: 5 
Debug[07:56:30]: signal in logmode 
Debug[07:56:30]: "INF(07:56:30.732):Attempt" 
Debug[07:56:30]: log_breakpoint 
Debug[07:56:30]: 5 
Debug[07:56:31]: signal in logmode 
Debug[07:56:31]: "INF(07:56:31.167):Mode is OK" 
Debug[07:56:31]: log_breakpoint 
Debug[07:56:31]: 5 
Debug[07:56:31]: signal in logmode 
Debug[07:56:31]: "INF(07:56:31.169):Attempt" 
Debug[07:56:31]: log_breakpoint 
Debug[07:56:31]: 5 
Debug[07:56:31]: signal in logmode 
Debug[07:56:31]: "INF(07:56:31.484):Attempt" 
Debug[07:56:31]: log_breakpoint 
Debug[07:56:31]: 5 
Debug[07:56:31]: signal in logmode 
Debug[07:56:31]: "INF(07:56:31.796):Attempt" 
Debug[07:56:31]: log_breakpoint 
Debug[07:56:31]: 5 
Debug[07:56:32]: signal in logmode 
Debug[07:56:32]: "INF(07:56:32.108):Mode is OK" 
Debug[07:56:32]: log_breakpoint 
Debug[07:56:32]: 5 
Debug[07:56:32]: signal in logmode 
Debug[07:56:32]: "INF(07:56:32.112):Attempt" 
Debug[07:56:32]: log_breakpoint 
Debug[07:56:32]: 5 
Debug[07:56:32]: signal in logmode 
Debug[07:56:32]: "INF(07:56:32.419):Attempt" 
Debug[07:56:32]: log_breakpoint 
Debug[07:56:32]: 5 
Debug[07:56:32]: signal in logmode 
Debug[07:56:32]: "INF(07:56:32.732):Attempt" 
Debug[07:56:32]: log_breakpoint 
Debug[07:56:32]: 5 
Debug[07:56:33]: signal in logmode 
Debug[07:56:33]: "INF(07:56:33.044):Mode is OK" 
Debug[07:56:33]: log_breakpoint 
Debug[07:56:33]: 5 
Debug[07:56:33]: signal in logmode 
Debug[07:56:33]: "INF(07:56:33.047):Attempt" 
Debug[07:56:33]: log_breakpoint 
Debug[07:56:33]: 5 
Debug[07:56:33]: signal in logmode 
Debug[07:56:33]: "INF(07:56:33.353):Attempt" 
Debug[07:56:33]: log_breakpoint 
Debug[07:56:33]: 5 
Debug[07:56:33]: signal in logmode 
Debug[07:56:33]: "INF(07:56:33.665):Attempt" 
Debug[07:56:33]: log_breakpoint 
Debug[07:56:33]: 5 
Warning[07:56:34]: QFileSystemWatcher: failed to add paths: C:/REPO/DSI3PAS2_workingdir/DSI3PAS2/Software/bin/ULSEverification_configfiles, C:/REPO/DSI3PAS2_workingdir/DSI3PAS2/Software/bin/ConfigFiles_29_1_2021_Jiri_MOBIS, C:/Users/fg6cnq/Desktop/DSI3PAS2_UART_QtSW_20210129_1511, C:/Users/zbdn9w/Desktop/Temp/CFAR QT uprava ToF, C:/Users/zbdn9w/Desktop/Temp/CFAR QT Komprimace do CSV, U:/Dokumenty/MOBIS/Crosstalk 11-2021
Debug[07:56:41]: signal in logmode 
Debug[07:56:41]: "INF(07:56:41.344):Mode is OK" 
Debug[07:56:41]: log_breakpoint 
Debug[07:56:41]: 5 
Debug[07:56:41]: signal in logmode 
Debug[07:56:41]: "INF(07:56:41.346):Attempt" 
Debug[07:56:41]: log_breakpoint 
Debug[07:56:41]: 5 
Debug[07:56:41]: signal in logmode 
Debug[07:56:41]: "INF(07:56:41.668):Attempt" 
Debug[07:56:41]: log_breakpoint 
Debug[07:56:41]: 5 
Debug[07:56:41]: signal in logmode 
Debug[07:56:41]: "INF(07:56:41.982):Attempt" 
Debug[07:56:41]: log_breakpoint 
Debug[07:56:41]: 5 
Debug[07:56:42]: signal in logmode 
Debug[07:56:42]: "INF(07:56:42.300):Mode is OK" 
Debug[07:56:42]: log_breakpoint 
Debug[07:56:42]: 5 
Debug[07:56:42]: signal in logmode 
Debug[07:56:42]: "INF(07:56:42.303):Attempt" 
Debug[07:56:42]: log_breakpoint 
Debug[07:56:42]: 5 
Debug[07:56:42]: signal in logmode 
Debug[07:56:42]: "INF(07:56:42.616):Attempt" 
Debug[07:56:42]: log_breakpoint 
Debug[07:56:42]: 5 
Debug[07:56:42]: signal in logmode 
Debug[07:56:42]: "INF(07:56:42.933):Attempt" 
Debug[07:56:42]: log_breakpoint 
Debug[07:56:42]: 5 
Debug[07:56:43]: signal in logmode 
Debug[07:56:43]: "INF(07:56:43.249):Mode is OK" 
Debug[07:56:43]: log_breakpoint 
Debug[07:56:43]: 5 
Debug[07:56:43]: signal in logmode 
Debug[07:56:43]: "INF(07:56:43.252):Attempt" 
Debug[07:56:43]: log_breakpoint 
Debug[07:56:43]: 5 
Debug[07:56:43]: signal in logmode 
Debug[07:56:43]: "INF(07:56:43.262):RDUM master connected" 
Debug[07:56:43]: log_breakpoint 
Debug[07:56:43]: 5 
Debug[07:56:43]: signal in logmode 
Debug[07:56:43]: "INF(07:56:43.265):Connected to \\.\COM16" 
Debug[07:56:43]: log_breakpoint 
Debug[07:56:43]: 5 
Warning[07:56:43]: Could not parse stylesheet of widget 0x30a6298
Debug[07:56:43]: "Resume:Logs" 
Debug[07:56:43]: "Resume:Settings" 
Debug[07:56:43]: "Resume:UartUartController" 
Debug[07:56:43]: "Resume:UartSpiController" 
Debug[07:56:43]: "Resume:UartSsiController" 
Debug[07:56:43]: "Resume:DSI3Master" 
Debug[07:56:43]: "Resume:ASICMaster" 
Debug[07:56:43]: "Resume:RDUMMaster" 
Debug[07:56:43]: "Resume:DSI3Slave" 
Debug[07:56:43]: "Resume:Measurement" 
Debug[07:56:43]: "Resume:CFARsim" 
Critical[10:29:38]: QFileSystemWatcher: FindNextChangeNotification failed!! (The specified network name is no longer available.)
Debug[11:02:20]: "Suspend:Settings" 
Debug[11:02:20]: "Suspend:UartUartController" 
Debug[11:02:20]: "Suspend:UartSpiController" 
Debug[11:02:20]: "Suspend:UartSsiController" 
Debug[11:02:20]: "Suspend:DSI3Master" 
Debug[11:02:20]: "Suspend:ASICMaster" 
Debug[11:02:20]: "Suspend:RDUMMaster" 
Debug[11:02:20]: "Suspend:DSI3Slave" 
Debug[11:02:20]: "Suspend:Measurement" 
Debug[11:02:20]: "Suspend:CFARsim" 
Debug[11:02:20]: signal in logmode 
Debug[11:02:20]: "INF(11:02:20.887):Disconnect by user" 
Debug[11:02:20]: log_breakpoint 
Debug[11:02:20]: 5 
Debug[11:02:20]: signal in logmode 
Debug[11:02:20]: "INF(11:02:20.908):Disconnect by user" 
Debug[11:02:20]: log_breakpoint 
Debug[11:02:20]: 5 
Warning[11:02:24]: QObject::connect: Cannot connect LocalServer::log(int,QString) to (null)::slot_addLog(int,QString)
Debug[11:02:24]: LocalServer:new "\\.\pipe\DSI3PAS" 
Debug[11:02:24]: Register specific 
Debug[11:02:24]: DynScaleCaclulate 
Debug[11:02:24]: "init 2 UartUartController" 
Debug[11:02:24]: Ok 
Debug[11:02:24]: "init 3 UartSpiController" 
Debug[11:02:24]: Ok 
Debug[11:02:24]: "init 4 UartSsiController" 
Debug[11:02:24]: Ok 
Debug[11:02:24]: "init 5 DSI3Master" 
Debug[11:02:24]: Ok 
Debug[11:02:24]: "init 6 ASICMaster" 
Debug[11:02:24]: Ok 
Debug[11:02:24]: "init 7 RDUMMaster" 
Debug[11:02:24]: Ok 
Debug[11:02:25]: "init 8 DSI3Slave" 
Debug[11:02:25]: Ok 
Debug[11:02:25]: "init 9 Measurement" 
Debug[11:02:26]: Ok 
Debug[11:02:26]: "init 10 CFARsim" 
Debug[11:02:26]: Ok 
Debug[11:02:26]: MainApp Starting... 
Debug[11:02:27]: Add applets to MainWindow...
 
Debug[11:02:27]: Initialize Connection... 
Warning[11:02:27]: QFileSystemWatcher: failed to add paths: C:/REPO/DSI3PAS2_workingdir/DSI3PAS2/Software/bin/ULSEverification_configfiles, C:/REPO/DSI3PAS2_workingdir/DSI3PAS2/Software/bin/ConfigFiles_29_1_2021_Jiri_MOBIS, C:/Users/fg6cnq/Desktop/DSI3PAS2_UART_QtSW_20210129_1511, C:/Users/zbdn9w/Desktop/Temp/CFAR QT uprava ToF, C:/Users/zbdn9w/Desktop/Temp/CFAR QT Komprimace do CSV, U:/Dokumenty/MOBIS/Crosstalk 11-2021
Debug[11:02:30]: signal in logmode 
Debug[11:02:30]: "INF(11:02:30.029):Connected to no_board" 
Debug[11:02:30]: log_breakpoint 
Debug[11:02:30]: 5 
Warning[11:02:30]: Could not parse stylesheet of widget 0x2c12720
Debug[11:02:30]: "Resume:Logs" 
Debug[11:02:30]: "Resume:Settings" 
Debug[11:02:30]: "Resume:UartUartController" 
Debug[11:02:30]: "Resume:UartSpiController" 
Debug[11:02:30]: "Resume:UartSsiController" 
Debug[11:02:30]: "Resume:DSI3Master" 
Debug[11:02:30]: "Resume:ASICMaster" 
Debug[11:02:30]: "Resume:RDUMMaster" 
Debug[11:02:30]: "Resume:DSI3Slave" 
Debug[11:02:30]: "Resume:Measurement" 
Debug[11:02:30]: "Resume:CFARsim" 
Critical[12:37:40]: QFileSystemWatcher: FindNextChangeNotification failed!! (The specified network name is no longer available.)
Debug[12:42:29]: "Suspend:Settings" 
Debug[12:42:29]: "Suspend:UartUartController" 
Debug[12:42:29]: "Suspend:UartSpiController" 
Debug[12:42:29]: "Suspend:UartSsiController" 
Debug[12:42:29]: "Suspend:DSI3Master" 
Debug[12:42:29]: "Suspend:ASICMaster" 
Debug[12:42:29]: "Suspend:RDUMMaster" 
Debug[12:42:29]: "Suspend:DSI3Slave" 
Debug[12:42:29]: "Suspend:Measurement" 
Debug[12:42:29]: "Suspend:CFARsim" 
Debug[12:42:29]: signal in logmode 
Debug[12:42:29]: "INF(12:42:29.240):Disconnect by user" 
Debug[12:42:29]: log_breakpoint 
Debug[12:42:29]: 5 
Debug[12:42:29]: signal in logmode 
Debug[12:42:29]: "INF(12:42:29.266):Disconnect by user" 
Debug[12:42:29]: log_breakpoint 
Debug[12:42:29]: 5 
Warning[12:42:58]: QObject::connect: Cannot connect LocalServer::log(int,QString) to (null)::slot_addLog(int,QString)
Debug[12:42:58]: LocalServer:new "\\.\pipe\DSI3PAS" 
Debug[12:42:58]: Register specific 
Debug[12:42:58]: DynScaleCaclulate 
Debug[12:42:58]: "init 2 UartUartController" 
Debug[12:42:58]: Ok 
Debug[12:42:58]: "init 3 UartSpiController" 
Debug[12:42:58]: Ok 
Debug[12:42:58]: "init 4 UartSsiController" 
Debug[12:42:58]: Ok 
Debug[12:42:58]: "init 5 DSI3Master" 
Debug[12:42:58]: Ok 
Debug[12:42:58]: "init 6 ASICMaster" 
Debug[12:42:58]: Ok 
Debug[12:42:58]: "init 7 RDUMMaster" 
Debug[12:42:58]: Ok 
Debug[12:42:58]: "init 8 DSI3Slave" 
Debug[12:42:59]: Ok 
Debug[12:42:59]: "init 9 Measurement" 
Debug[12:42:59]: Ok 
Debug[12:42:59]: "init 10 CFARsim" 
Debug[12:42:59]: Ok 
Debug[12:42:59]: MainApp Starting... 
Debug[12:43:00]: Add applets to MainWindow...
 
Debug[12:43:00]: Initialize Connection... 
Debug[12:43:00]: signal in logmode 
Debug[12:43:00]: "INF(12:43:00.988):Mode is OK" 
Debug[12:43:00]: log_breakpoint 
Debug[12:43:00]: 5 
Debug[12:43:00]: signal in logmode 
Debug[12:43:00]: "INF(12:43:00.993):Attempt" 
Debug[12:43:00]: log_breakpoint 
Debug[12:43:00]: 5 
Debug[12:43:01]: signal in logmode 
Debug[12:43:01]: "INF(12:43:01.305):Attempt" 
Debug[12:43:01]: log_breakpoint 
Debug[12:43:01]: 5 
Debug[12:43:01]: signal in logmode 
Debug[12:43:01]: "INF(12:43:01.612):Attempt" 
Debug[12:43:01]: log_breakpoint 
Debug[12:43:01]: 5 
Debug[12:43:01]: signal in logmode 
Debug[12:43:01]: "INF(12:43:01.924):Mode is OK" 
Debug[12:43:01]: log_breakpoint 
Debug[12:43:01]: 5 
Debug[12:43:01]: signal in logmode 
Debug[12:43:01]: "INF(12:43:01.928):Attempt" 
Debug[12:43:01]: log_breakpoint 
Debug[12:43:01]: 5 
Debug[12:43:02]: signal in logmode 
Debug[12:43:02]: "INF(12:43:02.237):Attempt" 
Debug[12:43:02]: log_breakpoint 
Debug[12:43:02]: 5 
Debug[12:43:02]: signal in logmode 
Debug[12:43:02]: "INF(12:43:02.549):Attempt" 
Debug[12:43:02]: log_breakpoint 
Debug[12:43:02]: 5 
Debug[12:43:02]: signal in logmode 
Debug[12:43:02]: "INF(12:43:02.859):Mode is OK" 
Debug[12:43:02]: log_breakpoint 
Debug[12:43:02]: 5 
Debug[12:43:02]: signal in logmode 
Debug[12:43:02]: "INF(12:43:02.861):Attempt" 
Debug[12:43:02]: log_breakpoint 
Debug[12:43:02]: 5 
Debug[12:43:03]: signal in logmode 
Debug[12:43:03]: "INF(12:43:03.019):Mode is OK" 
Debug[12:43:03]: log_breakpoint 
Debug[12:43:03]: 5 
Debug[12:43:03]: signal in logmode 
Debug[12:43:03]: "INF(12:43:03.023):Attempt" 
Debug[12:43:03]: log_breakpoint 
Debug[12:43:03]: 5 
Debug[12:43:03]: signal in logmode 
Debug[12:43:03]: "INF(12:43:03.341):Attempt" 
Debug[12:43:03]: log_breakpoint 
Debug[12:43:03]: 5 
Debug[12:43:03]: signal in logmode 
Debug[12:43:03]: "INF(12:43:03.653):Attempt" 
Debug[12:43:03]: log_breakpoint 
Debug[12:43:03]: 5 
Debug[12:43:03]: signal in logmode 
Debug[12:43:03]: "INF(12:43:03.966):Mode is OK" 
Debug[12:43:03]: log_breakpoint 
Debug[12:43:03]: 5 
Debug[12:43:03]: signal in logmode 
Debug[12:43:03]: "INF(12:43:03.970):Attempt" 
Debug[12:43:03]: log_breakpoint 
Debug[12:43:03]: 5 
Debug[12:43:04]: signal in logmode 
Debug[12:43:04]: "INF(12:43:04.280):Attempt" 
Debug[12:43:04]: log_breakpoint 
Debug[12:43:04]: 5 
Debug[12:43:04]: signal in logmode 
Debug[12:43:04]: "INF(12:43:04.593):Attempt" 
Debug[12:43:04]: log_breakpoint 
Debug[12:43:04]: 5 
Debug[12:43:04]: signal in logmode 
Debug[12:43:04]: "INF(12:43:04.904):Mode is OK" 
Debug[12:43:04]: log_breakpoint 
Debug[12:43:04]: 5 
Debug[12:43:04]: signal in logmode 
Debug[12:43:04]: "INF(12:43:04.908):Attempt" 
Debug[12:43:04]: log_breakpoint 
Debug[12:43:04]: 5 
Debug[12:43:05]: signal in logmode 
Debug[12:43:05]: "INF(12:43:05.211):Attempt" 
Debug[12:43:05]: log_breakpoint 
Debug[12:43:05]: 5 
Debug[12:43:05]: signal in logmode 
Debug[12:43:05]: "INF(12:43:05.524):Attempt" 
Debug[12:43:05]: log_breakpoint 
Debug[12:43:05]: 5 
Debug[12:43:05]: signal in logmode 
Debug[12:43:05]: "INF(12:43:05.973):Mode is OK" 
Debug[12:43:05]: log_breakpoint 
Debug[12:43:05]: 5 
Debug[12:43:05]: signal in logmode 
Debug[12:43:05]: "INF(12:43:05.977):Attempt" 
Debug[12:43:05]: log_breakpoint 
Debug[12:43:05]: 5 
Debug[12:43:06]: signal in logmode 
Debug[12:43:06]: "INF(12:43:06.289):Attempt" 
Debug[12:43:06]: log_breakpoint 
Debug[12:43:06]: 5 
Debug[12:43:06]: signal in logmode 
Debug[12:43:06]: "INF(12:43:06.602):Attempt" 
Debug[12:43:06]: log_breakpoint 
Debug[12:43:06]: 5 
Debug[12:43:06]: signal in logmode 
Debug[12:43:06]: "INF(12:43:06.921):Mode is OK" 
Debug[12:43:06]: log_breakpoint 
Debug[12:43:06]: 5 
Debug[12:43:06]: signal in logmode 
Debug[12:43:06]: "INF(12:43:06.925):Attempt" 
Debug[12:43:06]: log_breakpoint 
Debug[12:43:06]: 5 
Debug[12:43:07]: signal in logmode 
Debug[12:43:07]: "INF(12:43:07.232):Attempt" 
Debug[12:43:07]: log_breakpoint 
Debug[12:43:07]: 5 
Debug[12:43:07]: signal in logmode 
Debug[12:43:07]: "INF(12:43:07.544):Attempt" 
Debug[12:43:07]: log_breakpoint 
Debug[12:43:07]: 5 
Debug[12:43:07]: signal in logmode 
Debug[12:43:07]: "INF(12:43:07.853):Mode is OK" 
Debug[12:43:07]: log_breakpoint 
Debug[12:43:07]: 5 
Debug[12:43:07]: signal in logmode 
Debug[12:43:07]: "INF(12:43:07.857):Attempt" 
Debug[12:43:07]: log_breakpoint 
Debug[12:43:07]: 5 
Debug[12:43:08]: signal in logmode 
Debug[12:43:08]: "INF(12:43:08.167):Attempt" 
Debug[12:43:08]: log_breakpoint 
Debug[12:43:08]: 5 
Debug[12:43:08]: signal in logmode 
Debug[12:43:08]: "INF(12:43:08.479):Attempt" 
Debug[12:43:08]: log_breakpoint 
Debug[12:43:08]: 5 
Warning[12:43:08]: QFileSystemWatcher: failed to add paths: C:/REPO/DSI3PAS2_workingdir/DSI3PAS2/Software/bin/ULSEverification_configfiles, C:/REPO/DSI3PAS2_workingdir/DSI3PAS2/Software/bin/ConfigFiles_29_1_2021_Jiri_MOBIS, C:/Users/fg6cnq/Desktop/DSI3PAS2_UART_QtSW_20210129_1511, C:/Users/zbdn9w/Desktop/Temp/CFAR QT uprava ToF, C:/Users/zbdn9w/Desktop/Temp/CFAR QT Komprimace do CSV, U:/Dokumenty/MOBIS/Crosstalk 11-2021
Debug[12:43:15]: signal in logmode 
Debug[12:43:15]: "INF(12:43:15.706):Mode is OK" 
Debug[12:43:15]: log_breakpoint 
Debug[12:43:15]: 5 
Debug[12:43:15]: signal in logmode 
Debug[12:43:15]: "INF(12:43:15.710):Attempt" 
Debug[12:43:15]: log_breakpoint 
Debug[12:43:15]: 5 
Debug[12:43:16]: signal in logmode 
Debug[12:43:16]: "INF(12:43:16.010):Attempt" 
Debug[12:43:16]: log_breakpoint 
Debug[12:43:16]: 5 
Debug[12:43:16]: signal in logmode 
Debug[12:43:16]: "INF(12:43:16.316):Attempt" 
Debug[12:43:16]: log_breakpoint 
Debug[12:43:16]: 5 
Debug[12:43:16]: signal in logmode 
Debug[12:43:16]: "INF(12:43:16.623):Mode is OK" 
Debug[12:43:16]: log_breakpoint 
Debug[12:43:16]: 5 
Debug[12:43:16]: signal in logmode 
Debug[12:43:16]: "INF(12:43:16.625):Attempt" 
Debug[12:43:16]: log_breakpoint 
Debug[12:43:16]: 5 
Debug[12:43:16]: signal in logmode 
Debug[12:43:16]: "INF(12:43:16.938):Attempt" 
Debug[12:43:16]: log_breakpoint 
Debug[12:43:16]: 5 
Debug[12:43:17]: signal in logmode 
Debug[12:43:17]: "INF(12:43:17.244):Attempt" 
Debug[12:43:17]: log_breakpoint 
Debug[12:43:17]: 5 
Debug[12:43:17]: signal in logmode 
Debug[12:43:17]: "INF(12:43:17.554):Mode is OK" 
Debug[12:43:17]: log_breakpoint 
Debug[12:43:17]: 5 
Debug[12:43:17]: signal in logmode 
Debug[12:43:17]: "INF(12:43:17.556):Attempt" 
Debug[12:43:17]: log_breakpoint 
Debug[12:43:17]: 5 
Debug[12:43:17]: signal in logmode 
Debug[12:43:17]: "INF(12:43:17.562):RDUM master connected" 
Debug[12:43:17]: log_breakpoint 
Debug[12:43:17]: 5 
Debug[12:43:17]: signal in logmode 
Debug[12:43:17]: "INF(12:43:17.565):Connected to \\.\COM16" 
Debug[12:43:17]: log_breakpoint 
Debug[12:43:17]: 5 
Warning[12:43:17]: Could not parse stylesheet of widget 0x2c05ed8
Debug[12:43:17]: "Resume:Logs" 
Debug[12:43:17]: "Resume:Settings" 
Debug[12:43:17]: "Resume:UartUartController" 
Debug[12:43:17]: "Resume:UartSpiController" 
Debug[12:43:17]: "Resume:UartSsiController" 
Debug[12:43:17]: "Resume:DSI3Master" 
Debug[12:43:17]: "Resume:ASICMaster" 
Debug[12:43:17]: "Resume:RDUMMaster" 
Debug[12:43:17]: "Resume:DSI3Slave" 
Debug[12:43:17]: "Resume:Measurement" 
Debug[12:43:17]: "Resume:CFARsim" 
Debug[14:28:49]: "Suspend:Settings" 
Debug[14:28:49]: "Suspend:UartUartController" 
Debug[14:28:49]: "Suspend:UartSpiController" 
Debug[14:28:49]: "Suspend:UartSsiController" 
Debug[14:28:49]: "Suspend:DSI3Master" 
Debug[14:28:49]: "Suspend:ASICMaster" 
Debug[14:28:49]: "Suspend:RDUMMaster" 
Debug[14:28:49]: "Suspend:DSI3Slave" 
Debug[14:28:49]: "Suspend:Measurement" 
Debug[14:28:49]: "Suspend:CFARsim" 
Debug[14:28:49]: signal in logmode 
Debug[14:28:49]: "INF(14:28:49.609):Disconnect by user" 
Debug[14:28:49]: log_breakpoint 
Debug[14:28:49]: 5 
Debug[14:28:49]: signal in logmode 
Debug[14:28:49]: "INF(14:28:49.631):Disconnect by user" 
Debug[14:28:49]: log_breakpoint 
Debug[14:28:49]: 5 
