Warning[14:44:36]: QObject::connect: Cannot connect LocalServer::log(int,QString) to (null)::slot_addLog(int,QString)
Debug[14:44:36]: LocalServer:new "\\.\pipe\DSI3PASd" 
Debug[14:44:36]: Register specific 
Debug[14:44:37]: DynScaleCaclulate 
Debug[14:44:38]: "init 2 UartUartController" 
Debug[14:44:38]: Ok 
Debug[14:44:38]: "init 3 UartSpiController" 
Debug[14:44:38]: Ok 
Debug[14:44:38]: "init 4 UartSsiController" 
Debug[14:44:38]: Ok 
Debug[14:44:38]: "init 5 DSI3Master" 
Debug[14:44:38]: Ok 
Debug[14:44:38]: "init 6 ASICMaster" 
Debug[14:44:38]: Ok 
Debug[14:44:38]: "init 7 RDUMMaster" 
Debug[14:44:38]: Ok 
Debug[14:44:38]: "init 8 DSI3Slave" 
Debug[14:44:41]: Ok 
Debug[14:44:41]: "init 9 Measurement" 
Debug[14:44:43]: Ok 
Debug[14:44:43]: "init 10 CFARsim" 
Debug[14:44:43]: Ok 
Debug[14:44:43]: Using SERPORT
Debug[14:44:43]: MainApp Starting... 
Debug[14:44:46]: Add applets to MainWindow...
 
Debug[14:44:46]: Initialize Connection... 
Debug[14:44:46]: signal in logmode 
Debug[14:44:46]: "INF(14:44:46.541):Mode is OK" 
Debug[14:44:46]: log_breakpoint 
Debug[14:44:46]: 5 
Debug[14:44:46]: signal in logmode 
Debug[14:44:46]: "INF(14:44:46.546):Attempt" 
Debug[14:44:46]: log_breakpoint 
Debug[14:44:46]: 5 
Debug[14:44:46]: signal in logmode 
Debug[14:44:46]: "INF(14:44:46.867):Attempt" 
Debug[14:44:46]: log_breakpoint 
Debug[14:44:46]: 5 
Debug[14:44:47]: signal in logmode 
Debug[14:44:47]: "INF(14:44:47.197):Attempt" 
Debug[14:44:47]: log_breakpoint 
Debug[14:44:47]: 5 
Debug[14:44:47]: signal in logmode 
Debug[14:44:47]: "INF(14:44:47.502):Mode is OK" 
Debug[14:44:47]: log_breakpoint 
Debug[14:44:47]: 5 
Debug[14:44:47]: signal in logmode 
Debug[14:44:47]: "INF(14:44:47.507):Attempt" 
Debug[14:44:47]: log_breakpoint 
Debug[14:44:47]: 5 
Debug[14:44:47]: signal in logmode 
Debug[14:44:47]: "INF(14:44:47.814):Attempt" 
Debug[14:44:47]: log_breakpoint 
Debug[14:44:47]: 5 
Debug[14:44:48]: signal in logmode 
Debug[14:44:48]: "INF(14:44:48.127):Attempt" 
Debug[14:44:48]: log_breakpoint 
Debug[14:44:48]: 5 
Debug[14:44:48]: signal in logmode 
Debug[14:44:48]: "INF(14:44:48.438):Mode is OK" 
Debug[14:44:48]: log_breakpoint 
Debug[14:44:48]: 5 
Debug[14:44:48]: signal in logmode 
Debug[14:44:48]: "INF(14:44:48.444):Attempt" 
Debug[14:44:48]: log_breakpoint 
Debug[14:44:48]: 5 
Debug[14:44:48]: signal in logmode 
Debug[14:44:48]: "INF(14:44:48.596):Mode is OK" 
Debug[14:44:48]: log_breakpoint 
Debug[14:44:48]: 5 
Debug[14:44:48]: signal in logmode 
Debug[14:44:48]: "INF(14:44:48.611):Attempt" 
Debug[14:44:48]: log_breakpoint 
Debug[14:44:48]: 5 
Debug[14:44:48]: signal in logmode 
Debug[14:44:48]: "INF(14:44:48.917):Attempt" 
Debug[14:44:48]: log_breakpoint 
Debug[14:44:48]: 5 
Debug[14:44:49]: signal in logmode 
Debug[14:44:49]: "INF(14:44:49.229):Attempt" 
Debug[14:44:49]: log_breakpoint 
Debug[14:44:49]: 5 
Debug[14:44:49]: signal in logmode 
Debug[14:44:49]: "INF(14:44:49.540):Mode is OK" 
Debug[14:44:49]: log_breakpoint 
Debug[14:44:49]: 5 
Debug[14:44:49]: signal in logmode 
Debug[14:44:49]: "INF(14:44:49.545):Attempt" 
Debug[14:44:49]: log_breakpoint 
Debug[14:44:49]: 5 
Debug[14:44:49]: signal in logmode 
Debug[14:44:49]: "INF(14:44:49.853):Attempt" 
Debug[14:44:49]: log_breakpoint 
Debug[14:44:49]: 5 
Debug[14:44:50]: signal in logmode 
Debug[14:44:50]: "INF(14:44:50.165):Attempt" 
Debug[14:44:50]: log_breakpoint 
Debug[14:44:50]: 5 
Debug[14:44:50]: signal in logmode 
Debug[14:44:50]: "INF(14:44:50.474):Mode is OK" 
Debug[14:44:50]: log_breakpoint 
Debug[14:44:50]: 5 
Debug[14:44:50]: signal in logmode 
Debug[14:44:50]: "INF(14:44:50.481):Attempt" 
Debug[14:44:50]: log_breakpoint 
Debug[14:44:50]: 5 
Debug[14:44:50]: signal in logmode 
Debug[14:44:50]: "INF(14:44:50.803):Attempt" 
Debug[14:44:50]: log_breakpoint 
Debug[14:44:50]: 5 
Debug[14:44:51]: signal in logmode 
Debug[14:44:51]: "INF(14:44:51.118):Attempt" 
Debug[14:44:51]: log_breakpoint 
Debug[14:44:51]: 5 
Debug[14:44:51]: signal in logmode 
Debug[14:44:51]: "INF(14:44:51.427):Mode is OK" 
Debug[14:44:51]: log_breakpoint 
Debug[14:44:51]: 5 
Debug[14:44:51]: signal in logmode 
Debug[14:44:51]: "INF(14:44:51.433):Attempt" 
Debug[14:44:51]: log_breakpoint 
Debug[14:44:51]: 5 
Debug[14:44:51]: signal in logmode 
Debug[14:44:51]: "INF(14:44:51.741):Attempt" 
Debug[14:44:51]: log_breakpoint 
Debug[14:44:51]: 5 
Debug[14:44:52]: signal in logmode 
Debug[14:44:52]: "INF(14:44:52.050):Attempt" 
Debug[14:44:52]: log_breakpoint 
Debug[14:44:52]: 5 
Debug[14:45:27]: signal in logmode 
Debug[14:45:27]: "INF(14:45:27.870):Disconnect by user" 
Debug[14:45:27]: log_breakpoint 
Debug[14:45:27]: 5 
Debug[14:45:27]: signal in logmode 
Debug[14:45:27]: "INF(14:45:27.900):Disconnect by user" 
Debug[14:45:27]: log_breakpoint 
Debug[14:45:27]: 5 
Warning[14:45:38]: QObject::connect: Cannot connect LocalServer::log(int,QString) to (null)::slot_addLog(int,QString)
Debug[14:45:38]: LocalServer:new "\\.\pipe\DSI3PASd" 
Debug[14:45:38]: Register specific 
Debug[14:45:39]: DynScaleCaclulate 
Debug[14:45:39]: "init 2 UartUartController" 
Debug[14:45:39]: Ok 
Debug[14:45:39]: "init 3 UartSpiController" 
Debug[14:45:39]: Ok 
Debug[14:45:39]: "init 4 UartSsiController" 
Debug[14:45:39]: Ok 
Debug[14:45:39]: "init 5 DSI3Master" 
Debug[14:45:40]: Ok 
Debug[14:45:40]: "init 6 ASICMaster" 
Debug[14:45:40]: Ok 
Debug[14:45:40]: "init 7 RDUMMaster" 
Debug[14:45:40]: Ok 
Debug[14:45:40]: "init 8 DSI3Slave" 
Debug[14:45:42]: Ok 
Debug[14:45:42]: "init 9 Measurement" 
Debug[14:45:43]: Ok 
Debug[14:45:43]: "init 10 CFARsim" 
Debug[14:45:43]: Ok 
Debug[14:45:43]: Using SERPORT
Debug[14:45:43]: MainApp Starting... 
Debug[14:45:45]: Add applets to MainWindow...
 
Debug[14:45:45]: Initialize Connection... 
Debug[14:45:46]: signal in logmode 
Debug[14:45:46]: "INF(14:45:46.111):Mode is OK" 
Debug[14:45:46]: log_breakpoint 
Debug[14:45:46]: 5 
Debug[14:45:46]: signal in logmode 
Debug[14:45:46]: "INF(14:45:46.115):Attempt" 
Debug[14:45:46]: log_breakpoint 
Debug[14:45:46]: 5 
Debug[14:45:46]: signal in logmode 
Debug[14:45:46]: "INF(14:45:46.435):Attempt" 
Debug[14:45:46]: log_breakpoint 
Debug[14:45:46]: 5 
Debug[14:45:46]: signal in logmode 
Debug[14:45:46]: "INF(14:45:46.746):Attempt" 
Debug[14:45:46]: log_breakpoint 
Debug[14:45:46]: 5 
Debug[14:45:47]: signal in logmode 
Debug[14:45:47]: "INF(14:45:47.059):Mode is OK" 
Debug[14:45:47]: log_breakpoint 
Debug[14:45:47]: 5 
Debug[14:45:47]: signal in logmode 
Debug[14:45:47]: "INF(14:45:47.064):Attempt" 
Debug[14:45:47]: log_breakpoint 
Debug[14:45:47]: 5 
Debug[14:45:47]: signal in logmode 
Debug[14:45:47]: "INF(14:45:47.369):Attempt" 
Debug[14:45:47]: log_breakpoint 
Debug[14:45:47]: 5 
Debug[14:45:47]: signal in logmode 
Debug[14:45:47]: "INF(14:45:47.682):Attempt" 
Debug[14:45:47]: log_breakpoint 
Debug[14:45:47]: 5 
Debug[14:45:47]: signal in logmode 
Debug[14:45:47]: "INF(14:45:47.990):Mode is OK" 
Debug[14:45:47]: log_breakpoint 
Debug[14:45:47]: 5 
Debug[14:45:47]: signal in logmode 
Debug[14:45:47]: "INF(14:45:47.992):Attempt" 
Debug[14:45:47]: log_breakpoint 
Debug[14:45:47]: 5 
Debug[14:45:48]: signal in logmode 
Debug[14:45:48]: "INF(14:45:48.150):Mode is OK" 
Debug[14:45:48]: log_breakpoint 
Debug[14:45:48]: 5 
Debug[14:45:48]: signal in logmode 
Debug[14:45:48]: "INF(14:45:48.154):Attempt" 
Debug[14:45:48]: log_breakpoint 
Debug[14:45:48]: 5 
Debug[14:45:48]: signal in logmode 
Debug[14:45:48]: "INF(14:45:48.459):Attempt" 
Debug[14:45:48]: log_breakpoint 
Debug[14:45:48]: 5 
Debug[14:45:48]: signal in logmode 
Debug[14:45:48]: "INF(14:45:48.773):Attempt" 
Debug[14:45:48]: log_breakpoint 
Debug[14:45:48]: 5 
Debug[14:45:49]: signal in logmode 
Debug[14:45:49]: "INF(14:45:49.083):Mode is OK" 
Debug[14:45:49]: log_breakpoint 
Debug[14:45:49]: 5 
Debug[14:45:49]: signal in logmode 
Debug[14:45:49]: "INF(14:45:49.086):Attempt" 
Debug[14:45:49]: log_breakpoint 
Debug[14:45:49]: 5 
Debug[14:45:49]: signal in logmode 
Debug[14:45:49]: "INF(14:45:49.395):Attempt" 
Debug[14:45:49]: log_breakpoint 
Debug[14:45:49]: 5 
Debug[14:45:49]: signal in logmode 
Debug[14:45:49]: "INF(14:45:49.706):Attempt" 
Debug[14:45:49]: log_breakpoint 
Debug[14:45:49]: 5 
Debug[14:45:50]: signal in logmode 
Debug[14:45:50]: "INF(14:45:50.019):Mode is OK" 
Debug[14:45:50]: log_breakpoint 
Debug[14:45:50]: 5 
Debug[14:45:50]: signal in logmode 
Debug[14:45:50]: "INF(14:45:50.023):Attempt" 
Debug[14:45:50]: log_breakpoint 
Debug[14:45:50]: 5 
Debug[14:45:50]: signal in logmode 
Debug[14:45:50]: "INF(14:45:50.329):Attempt" 
Debug[14:45:50]: log_breakpoint 
Debug[14:45:50]: 5 
Debug[14:45:50]: signal in logmode 
Debug[14:45:50]: "INF(14:45:50.641):Attempt" 
Debug[14:45:50]: log_breakpoint 
Debug[14:45:50]: 5 
Debug[14:45:50]: signal in logmode 
Debug[14:45:50]: "INF(14:45:50.953):Mode is OK" 
Debug[14:45:50]: log_breakpoint 
Debug[14:45:50]: 5 
Debug[14:45:50]: signal in logmode 
Debug[14:45:50]: "INF(14:45:50.957):Attempt" 
Debug[14:45:50]: log_breakpoint 
Debug[14:45:50]: 5 
Debug[14:45:51]: signal in logmode 
Debug[14:45:51]: "INF(14:45:51.267):Attempt" 
Debug[14:45:51]: log_breakpoint 
Debug[14:45:51]: 5 
Debug[14:45:51]: signal in logmode 
Debug[14:45:51]: "INF(14:45:51.578):Attempt" 
Debug[14:45:51]: log_breakpoint 
Debug[14:45:51]: 5 
Debug[14:45:55]: signal in logmode 
Debug[14:45:55]: "INF(14:45:55.367):Mode is OK" 
Debug[14:45:55]: log_breakpoint 
Debug[14:45:55]: 5 
Debug[14:45:55]: signal in logmode 
Debug[14:45:55]: "INF(14:45:55.371):Attempt" 
Debug[14:45:55]: log_breakpoint 
Debug[14:45:55]: 5 
Debug[14:45:55]: signal in logmode 
Debug[14:45:55]: "INF(14:45:55.680):Attempt" 
Debug[14:45:55]: log_breakpoint 
Debug[14:45:55]: 5 
Debug[14:45:55]: signal in logmode 
Debug[14:45:55]: "INF(14:45:55.991):Attempt" 
Debug[14:45:55]: log_breakpoint 
Debug[14:45:55]: 5 
Debug[14:45:56]: signal in logmode 
Debug[14:45:56]: "INF(14:45:56.302):Mode is OK" 
Debug[14:45:56]: log_breakpoint 
Debug[14:45:56]: 5 
Debug[14:45:56]: signal in logmode 
Debug[14:45:56]: "INF(14:45:56.306):Attempt" 
Debug[14:45:56]: log_breakpoint 
Debug[14:45:56]: 5 
Debug[14:45:56]: signal in logmode 
Debug[14:45:56]: "INF(14:45:56.616):Attempt" 
Debug[14:45:56]: log_breakpoint 
Debug[14:45:56]: 5 
Debug[14:45:56]: signal in logmode 
Debug[14:45:56]: "INF(14:45:56.927):Attempt" 
Debug[14:45:56]: log_breakpoint 
Debug[14:45:56]: 5 
Debug[14:45:57]: signal in logmode 
Debug[14:45:57]: "INF(14:45:57.239):Mode is OK" 
Debug[14:45:57]: log_breakpoint 
Debug[14:45:57]: 5 
Debug[14:45:57]: signal in logmode 
Debug[14:45:57]: "INF(14:45:57.244):Attempt" 
Debug[14:45:57]: log_breakpoint 
Debug[14:45:57]: 5 
Debug[14:45:57]: signal in logmode 
Debug[14:45:57]: "INF(14:45:57.252):RDUM master connected" 
Debug[14:45:57]: log_breakpoint 
Debug[14:45:57]: 5 
Debug[14:45:57]: signal in logmode 
Debug[14:45:57]: "INF(14:45:57.256):Connected to \\.\COM82" 
Debug[14:45:57]: log_breakpoint 
Debug[14:45:57]: 5 
Warning[14:45:57]: Could not parse stylesheet of widget 0x4a6a370
Debug[14:45:57]: "Resume:Logs" 
Debug[14:45:57]: "Resume:Settings" 
Debug[14:45:57]: "Resume:UartUartController" 
Debug[14:45:57]: "Resume:UartSpiController" 
Debug[14:45:57]: "Resume:UartSsiController" 
Debug[14:45:57]: "Resume:DSI3Master" 
Debug[14:45:57]: "Resume:ASICMaster" 
Debug[14:45:57]: "Resume:RDUMMaster" 
Debug[14:45:57]: "Resume:DSI3Slave" 
Debug[14:45:57]: "Resume:Measurement" 
Debug[14:45:57]: "Resume:CFARsim" 
Debug[14:53:41]: "Suspend:Settings" 
Debug[14:53:41]: "Suspend:UartUartController" 
Debug[14:53:41]: "Suspend:UartSpiController" 
Debug[14:53:41]: "Suspend:UartSsiController" 
Debug[14:53:41]: "Suspend:DSI3Master" 
Debug[14:53:41]: "Suspend:ASICMaster" 
Debug[14:53:41]: "Suspend:RDUMMaster" 
Debug[14:53:41]: "Suspend:DSI3Slave" 
Debug[14:53:41]: "Suspend:Measurement" 
Debug[14:53:41]: "Suspend:CFARsim" 
Debug[14:53:41]: signal in logmode 
Debug[14:53:41]: "INF(14:53:41.094):Disconnect by user" 
Debug[14:53:41]: log_breakpoint 
Debug[14:53:41]: 5 
Debug[14:53:41]: signal in logmode 
Debug[14:53:41]: "INF(14:53:41.275):Disconnect by user" 
Debug[14:53:41]: log_breakpoint 
Debug[14:53:41]: 5 
Warning[14:56:22]: QObject::connect: Cannot connect LocalServer::log(int,QString) to (null)::slot_addLog(int,QString)
Debug[14:56:22]: LocalServer:new "\\.\pipe\DSI3PASd" 
Debug[14:56:22]: Register specific 
Debug[14:56:23]: DynScaleCaclulate 
Debug[14:56:23]: "init 2 UartUartController" 
Debug[14:56:24]: Ok 
Debug[14:56:24]: "init 3 UartSpiController" 
Debug[14:56:24]: Ok 
Debug[14:56:24]: "init 4 UartSsiController" 
Debug[14:56:24]: Ok 
Debug[14:56:24]: "init 5 DSI3Master" 
Debug[14:56:24]: Ok 
Debug[14:56:24]: "init 6 ASICMaster" 
Debug[14:56:24]: Ok 
Debug[14:56:24]: "init 7 RDUMMaster" 
Debug[14:56:24]: Ok 
Debug[14:56:24]: "init 8 DSI3Slave" 
Debug[14:56:26]: Ok 
Debug[14:56:26]: "init 9 Measurement" 
Debug[14:56:27]: Ok 
Debug[14:56:27]: "init 10 CFARsim" 
Debug[14:56:27]: Ok 
Debug[14:56:27]: Using SERPORT
Debug[14:56:27]: MainApp Starting... 
Debug[14:56:29]: Add applets to MainWindow...
 
Debug[14:56:29]: Initialize Connection... 
Debug[14:56:30]: signal in logmode 
Debug[14:56:30]: "INF(14:56:30.024):Mode is OK" 
Debug[14:56:30]: log_breakpoint 
Debug[14:56:30]: 5 
Debug[14:56:30]: signal in logmode 
Debug[14:56:30]: "INF(14:56:30.028):Attempt" 
Debug[14:56:30]: log_breakpoint 
Debug[14:56:30]: 5 
Debug[14:56:30]: signal in logmode 
Debug[14:56:30]: "INF(14:56:30.346):Attempt" 
Debug[14:56:30]: log_breakpoint 
Debug[14:56:30]: 5 
Debug[14:56:30]: signal in logmode 
Debug[14:56:30]: "INF(14:56:30.658):Attempt" 
Debug[14:56:30]: log_breakpoint 
Debug[14:56:30]: 5 
Debug[14:56:30]: signal in logmode 
Debug[14:56:30]: "INF(14:56:30.968):Mode is OK" 
Debug[14:56:30]: log_breakpoint 
Debug[14:56:30]: 5 
Debug[14:56:30]: signal in logmode 
Debug[14:56:30]: "INF(14:56:30.971):Attempt" 
Debug[14:56:30]: log_breakpoint 
Debug[14:56:30]: 5 
Debug[14:56:31]: signal in logmode 
Debug[14:56:31]: "INF(14:56:31.281):Attempt" 
Debug[14:56:31]: log_breakpoint 
Debug[14:56:31]: 5 
Debug[14:56:31]: signal in logmode 
Debug[14:56:31]: "INF(14:56:31.591):Attempt" 
Debug[14:56:31]: log_breakpoint 
Debug[14:56:31]: 5 
Debug[14:56:31]: signal in logmode 
Debug[14:56:31]: "INF(14:56:31.900):Mode is OK" 
Debug[14:56:31]: log_breakpoint 
Debug[14:56:31]: 5 
Debug[14:56:31]: signal in logmode 
Debug[14:56:31]: "INF(14:56:31.905):Attempt" 
Debug[14:56:31]: log_breakpoint 
Debug[14:56:31]: 5 
Debug[14:56:32]: signal in logmode 
Debug[14:56:32]: "INF(14:56:32.048):Mode is OK" 
Debug[14:56:32]: log_breakpoint 
Debug[14:56:32]: 5 
Debug[14:56:32]: signal in logmode 
Debug[14:56:32]: "INF(14:56:32.052):Attempt" 
Debug[14:56:32]: log_breakpoint 
Debug[14:56:32]: 5 
Debug[14:56:32]: signal in logmode 
Debug[14:56:32]: "INF(14:56:32.368):Attempt" 
Debug[14:56:32]: log_breakpoint 
Debug[14:56:32]: 5 
Debug[14:56:32]: signal in logmode 
Debug[14:56:32]: "INF(14:56:32.680):Attempt" 
Debug[14:56:32]: log_breakpoint 
Debug[14:56:32]: 5 
Debug[14:56:32]: signal in logmode 
Debug[14:56:32]: "INF(14:56:32.991):Mode is OK" 
Debug[14:56:32]: log_breakpoint 
Debug[14:56:32]: 5 
Debug[14:56:32]: signal in logmode 
Debug[14:56:32]: "INF(14:56:32.996):Attempt" 
Debug[14:56:32]: log_breakpoint 
Debug[14:56:32]: 5 
Debug[14:56:33]: signal in logmode 
Debug[14:56:33]: "INF(14:56:33.303):Attempt" 
Debug[14:56:33]: log_breakpoint 
Debug[14:56:33]: 5 
Debug[14:56:33]: signal in logmode 
Debug[14:56:33]: "INF(14:56:33.615):Attempt" 
Debug[14:56:33]: log_breakpoint 
Debug[14:56:33]: 5 
Debug[14:56:33]: signal in logmode 
Debug[14:56:33]: "INF(14:56:33.924):Mode is OK" 
Debug[14:56:33]: log_breakpoint 
Debug[14:56:33]: 5 
Debug[14:56:33]: signal in logmode 
Debug[14:56:33]: "INF(14:56:33.930):Attempt" 
Debug[14:56:33]: log_breakpoint 
Debug[14:56:33]: 5 
Debug[14:56:34]: signal in logmode 
Debug[14:56:34]: "INF(14:56:34.255):Attempt" 
Debug[14:56:34]: log_breakpoint 
Debug[14:56:34]: 5 
Debug[14:56:34]: signal in logmode 
Debug[14:56:34]: "INF(14:56:34.563):Attempt" 
Debug[14:56:34]: log_breakpoint 
Debug[14:56:34]: 5 
Debug[14:56:34]: signal in logmode 
Debug[14:56:34]: "INF(14:56:34.877):Mode is OK" 
Debug[14:56:34]: log_breakpoint 
Debug[14:56:34]: 5 
Debug[14:56:34]: signal in logmode 
Debug[14:56:34]: "INF(14:56:34.880):Attempt" 
Debug[14:56:34]: log_breakpoint 
Debug[14:56:34]: 5 
Debug[14:56:35]: signal in logmode 
Debug[14:56:35]: "INF(14:56:35.189):Attempt" 
Debug[14:56:35]: log_breakpoint 
Debug[14:56:35]: 5 
Debug[14:56:35]: signal in logmode 
Debug[14:56:35]: "INF(14:56:35.502):Attempt" 
Debug[14:56:35]: log_breakpoint 
Debug[14:56:35]: 5 
Debug[14:56:39]: signal in logmode 
Debug[14:56:39]: "INF(14:56:39.905):Mode is OK" 
Debug[14:56:39]: log_breakpoint 
Debug[14:56:39]: 5 
Debug[14:56:39]: signal in logmode 
Debug[14:56:39]: "INF(14:56:39.909):Attempt" 
Debug[14:56:39]: log_breakpoint 
Debug[14:56:39]: 5 
Debug[14:56:40]: signal in logmode 
Debug[14:56:40]: "INF(14:56:40.223):Attempt" 
Debug[14:56:40]: log_breakpoint 
Debug[14:56:40]: 5 
Debug[14:56:40]: signal in logmode 
Debug[14:56:40]: "INF(14:56:40.537):Attempt" 
Debug[14:56:40]: log_breakpoint 
Debug[14:56:40]: 5 
Debug[14:56:40]: signal in logmode 
Debug[14:56:40]: "INF(14:56:40.850):Mode is OK" 
Debug[14:56:40]: log_breakpoint 
Debug[14:56:40]: 5 
Debug[14:56:40]: signal in logmode 
Debug[14:56:40]: "INF(14:56:40.855):Attempt" 
Debug[14:56:40]: log_breakpoint 
Debug[14:56:40]: 5 
Debug[14:56:41]: signal in logmode 
Debug[14:56:41]: "INF(14:56:41.175):Attempt" 
Debug[14:56:41]: log_breakpoint 
Debug[14:56:41]: 5 
Debug[14:56:41]: signal in logmode 
Debug[14:56:41]: "INF(14:56:41.488):Attempt" 
Debug[14:56:41]: log_breakpoint 
Debug[14:56:41]: 5 
Debug[14:56:41]: signal in logmode 
Debug[14:56:41]: "INF(14:56:41.799):Mode is OK" 
Debug[14:56:41]: log_breakpoint 
Debug[14:56:41]: 5 
Debug[14:56:41]: signal in logmode 
Debug[14:56:41]: "INF(14:56:41.803):Attempt" 
Debug[14:56:41]: log_breakpoint 
Debug[14:56:41]: 5 
Debug[14:56:41]: signal in logmode 
Debug[14:56:41]: "INF(14:56:41.827):RDUM master connected" 
Debug[14:56:41]: log_breakpoint 
Debug[14:56:41]: 5 
Debug[14:56:41]: signal in logmode 
Debug[14:56:41]: "INF(14:56:41.831):Connected to \\.\COM82" 
Debug[14:56:41]: log_breakpoint 
Debug[14:56:41]: 5 
Warning[14:56:41]: Could not parse stylesheet of widget 0x4db83a0
Debug[14:56:41]: "Resume:Logs" 
Debug[14:56:41]: "Resume:Settings" 
Debug[14:56:41]: "Resume:UartUartController" 
Debug[14:56:41]: "Resume:UartSpiController" 
Debug[14:56:41]: "Resume:UartSsiController" 
Debug[14:56:41]: "Resume:DSI3Master" 
Debug[14:56:41]: "Resume:ASICMaster" 
Debug[14:56:41]: "Resume:RDUMMaster" 
Debug[14:56:41]: "Resume:DSI3Slave" 
Debug[14:56:41]: "Resume:Measurement" 
Debug[14:56:41]: "Resume:CFARsim" 
Debug[15:12:11]: "Suspend:Settings" 
Debug[15:12:11]: "Suspend:UartUartController" 
Debug[15:12:11]: "Suspend:UartSpiController" 
Debug[15:12:11]: "Suspend:UartSsiController" 
Debug[15:12:11]: "Suspend:DSI3Master" 
Debug[15:12:11]: "Suspend:ASICMaster" 
Debug[15:12:11]: "Suspend:RDUMMaster" 
Debug[15:12:11]: "Suspend:DSI3Slave" 
Debug[15:12:11]: "Suspend:Measurement" 
Debug[15:12:11]: "Suspend:CFARsim" 
Debug[15:12:11]: signal in logmode 
Debug[15:12:11]: "INF(15:12:11.574):Disconnect by user" 
Debug[15:12:11]: log_breakpoint 
Debug[15:12:11]: 5 
Debug[15:12:11]: signal in logmode 
Debug[15:12:11]: "INF(15:12:11.614):Disconnect by user" 
Debug[15:12:11]: log_breakpoint 
Debug[15:12:11]: 5 
