Warning[16:00:47]: QObject::connect: Cannot connect LocalServer::log(int,QString) to (null)::slot_addLog(int,QString)
Debug[16:00:47]: LocalServer:new "\\.\pipe\DSI3PAS" 
Debug[16:00:47]: Register specific 
Debug[16:00:47]: DynScaleCaclulate 
Debug[16:00:48]: "init 2 UartUartController" 
Debug[16:00:48]: Ok 
Debug[16:00:48]: "init 3 UartSpiController" 
Debug[16:00:48]: Ok 
Debug[16:00:48]: "init 4 UartSsiController" 
Debug[16:00:48]: Ok 
Debug[16:00:48]: "init 5 DSI3Master" 
Debug[16:00:48]: Ok 
Debug[16:00:48]: "init 6 ASICMaster" 
Debug[16:00:48]: Ok 
Debug[16:00:48]: "init 7 RDUMMaster" 
Debug[16:00:48]: Ok 
Debug[16:00:48]: "init 8 DSI3Slave" 
Debug[16:00:48]: Ok 
Debug[16:00:48]: "init 9 Measurement" 
Debug[16:00:49]: Ok 
Debug[16:00:49]: "init 10 CFARsim" 
Debug[16:00:49]: Ok 
Debug[16:00:49]: MainApp Starting... 
Debug[16:00:50]: Add applets to MainWindow...
 
Debug[16:00:50]: Initialize Connection... 
Debug[16:00:50]: signal in logmode 
Debug[16:00:50]: "INF(16:00:50.388):Mode is OK" 
Debug[16:00:50]: log_breakpoint 
Debug[16:00:50]: 5 
Debug[16:00:50]: signal in logmode 
Debug[16:00:50]: "INF(16:00:50.392):Attempt" 
Debug[16:00:50]: log_breakpoint 
Debug[16:00:50]: 5 
Debug[16:00:50]: signal in logmode 
Debug[16:00:50]: "INF(16:00:50.713):Attempt" 
Debug[16:00:50]: log_breakpoint 
Debug[16:00:50]: 5 
Debug[16:00:51]: signal in logmode 
Debug[16:00:51]: "INF(16:00:51.025):Attempt" 
Debug[16:00:51]: log_breakpoint 
Debug[16:00:51]: 5 
Debug[16:00:51]: signal in logmode 
Debug[16:00:51]: "INF(16:00:51.337):Mode is OK" 
Debug[16:00:51]: log_breakpoint 
Debug[16:00:51]: 5 
Debug[16:00:51]: signal in logmode 
Debug[16:00:51]: "INF(16:00:51.341):Attempt" 
Debug[16:00:51]: log_breakpoint 
Debug[16:00:51]: 5 
Debug[16:00:51]: signal in logmode 
Debug[16:00:51]: "INF(16:00:51.648):Attempt" 
Debug[16:00:51]: log_breakpoint 
Debug[16:00:51]: 5 
Debug[16:00:51]: signal in logmode 
Debug[16:00:51]: "INF(16:00:51.960):Attempt" 
Debug[16:00:51]: log_breakpoint 
Debug[16:00:51]: 5 
Debug[16:00:52]: signal in logmode 
Debug[16:00:52]: "INF(16:00:52.272):Mode is OK" 
Debug[16:00:52]: log_breakpoint 
Debug[16:00:52]: 5 
Debug[16:00:52]: signal in logmode 
Debug[16:00:52]: "INF(16:00:52.276):Attempt" 
Debug[16:00:52]: log_breakpoint 
Debug[16:00:52]: 5 
Debug[16:00:52]: signal in logmode 
Debug[16:00:52]: "INF(16:00:52.431):Mode is OK" 
Debug[16:00:52]: log_breakpoint 
Debug[16:00:52]: 5 
Debug[16:00:52]: signal in logmode 
Debug[16:00:52]: "INF(16:00:52.434):Attempt" 
Debug[16:00:52]: log_breakpoint 
Debug[16:00:52]: 5 
Debug[16:00:52]: signal in logmode 
Debug[16:00:52]: "INF(16:00:52.736):Attempt" 
Debug[16:00:52]: log_breakpoint 
Debug[16:00:52]: 5 
Debug[16:00:53]: signal in logmode 
Debug[16:00:53]: "INF(16:00:53.047):Attempt" 
Debug[16:00:53]: log_breakpoint 
Debug[16:00:53]: 5 
Debug[16:00:53]: signal in logmode 
Debug[16:00:53]: "INF(16:00:53.359):Mode is OK" 
Debug[16:00:53]: log_breakpoint 
Debug[16:00:53]: 5 
Debug[16:00:53]: signal in logmode 
Debug[16:00:53]: "INF(16:00:53.362):Attempt" 
Debug[16:00:53]: log_breakpoint 
Debug[16:00:53]: 5 
Debug[16:00:53]: signal in logmode 
Debug[16:00:53]: "INF(16:00:53.671):Attempt" 
Debug[16:00:53]: log_breakpoint 
Debug[16:00:53]: 5 
Debug[16:00:53]: signal in logmode 
Debug[16:00:53]: "INF(16:00:53.982):Attempt" 
Debug[16:00:53]: log_breakpoint 
Debug[16:00:53]: 5 
Debug[16:00:54]: signal in logmode 
Debug[16:00:54]: "INF(16:00:54.294):Mode is OK" 
Debug[16:00:54]: log_breakpoint 
Debug[16:00:54]: 5 
Debug[16:00:54]: signal in logmode 
Debug[16:00:54]: "INF(16:00:54.298):Attempt" 
Debug[16:00:54]: log_breakpoint 
Debug[16:00:54]: 5 
Debug[16:00:54]: signal in logmode 
Debug[16:00:54]: "INF(16:00:54.606):Attempt" 
Debug[16:00:54]: log_breakpoint 
Debug[16:00:54]: 5 
Debug[16:00:54]: signal in logmode 
Debug[16:00:54]: "INF(16:00:54.921):Attempt" 
Debug[16:00:54]: log_breakpoint 
Debug[16:00:54]: 5 
Warning[16:00:55]: QFileSystemWatcher: failed to add paths: C:/REPO/DSI3PAS2_workingdir/DSI3PAS2/Software/bin/ULSEverification_configfiles, C:/REPO/DSI3PAS2_workingdir/DSI3PAS2/Software/bin/ConfigFiles_29_1_2021_Jiri_MOBIS, C:/Users/fg6cnq/Desktop/DSI3PAS2_UART_QtSW_20210129_1511, C:/Users/zbdn9w/Desktop/Temp/CFAR QT uprava ToF, C:/Users/zbdn9w/Desktop/Temp/CFAR QT Komprimace do CSV, U:/Dokumenty/MOBIS/Crosstalk 11-2021
Debug[16:00:59]: signal in logmode 
Debug[16:00:59]: "INF(16:00:59.275):Mode is OK" 
Debug[16:00:59]: log_breakpoint 
Debug[16:00:59]: 5 
Debug[16:00:59]: signal in logmode 
Debug[16:00:59]: "INF(16:00:59.277):Attempt" 
Debug[16:00:59]: log_breakpoint 
Debug[16:00:59]: 5 
Debug[16:00:59]: signal in logmode 
Debug[16:00:59]: "INF(16:00:59.585):Attempt" 
Debug[16:00:59]: log_breakpoint 
Debug[16:00:59]: 5 
Debug[16:00:59]: signal in logmode 
Debug[16:00:59]: "INF(16:00:59.896):Attempt" 
Debug[16:00:59]: log_breakpoint 
Debug[16:00:59]: 5 
Debug[16:01:00]: signal in logmode 
Debug[16:01:00]: "INF(16:01:00.213):Mode is OK" 
Debug[16:01:00]: log_breakpoint 
Debug[16:01:00]: 5 
Debug[16:01:00]: signal in logmode 
Debug[16:01:00]: "INF(16:01:00.217):Attempt" 
Debug[16:01:00]: log_breakpoint 
Debug[16:01:00]: 5 
Debug[16:01:00]: signal in logmode 
Debug[16:01:00]: "INF(16:01:00.524):Attempt" 
Debug[16:01:00]: log_breakpoint 
Debug[16:01:00]: 5 
Debug[16:01:00]: signal in logmode 
Debug[16:01:00]: "INF(16:01:00.836):Attempt" 
Debug[16:01:00]: log_breakpoint 
Debug[16:01:00]: 5 
Debug[16:01:01]: signal in logmode 
Debug[16:01:01]: "INF(16:01:01.148):Mode is OK" 
Debug[16:01:01]: log_breakpoint 
Debug[16:01:01]: 5 
Debug[16:01:01]: signal in logmode 
Debug[16:01:01]: "INF(16:01:01.152):Attempt" 
Debug[16:01:01]: log_breakpoint 
Debug[16:01:01]: 5 
Debug[16:01:01]: signal in logmode 
Debug[16:01:01]: "INF(16:01:01.160):RDUM master connected" 
Debug[16:01:01]: log_breakpoint 
Debug[16:01:01]: 5 
Debug[16:01:01]: signal in logmode 
Debug[16:01:01]: "INF(16:01:01.163):Connected to \\.\COM16" 
Debug[16:01:01]: log_breakpoint 
Debug[16:01:01]: 5 
Warning[16:01:01]: Could not parse stylesheet of widget 0x3389d50
Debug[16:01:01]: "Resume:Logs" 
Debug[16:01:01]: "Resume:Settings" 
Debug[16:01:01]: "Resume:UartUartController" 
Debug[16:01:01]: "Resume:UartSpiController" 
Debug[16:01:01]: "Resume:UartSsiController" 
Debug[16:01:01]: "Resume:DSI3Master" 
Debug[16:01:01]: "Resume:ASICMaster" 
Debug[16:01:01]: "Resume:RDUMMaster" 
Debug[16:01:01]: "Resume:DSI3Slave" 
Debug[16:01:01]: "Resume:Measurement" 
Debug[16:01:01]: "Resume:CFARsim" 
Warning[16:15:51]: QObject::connect: Cannot connect LocalServer::log(int,QString) to (null)::slot_addLog(int,QString)
Debug[16:15:53]: LocalServer:new "\\.\pipe\ergf" 
Debug[16:15:53]: Register specific 
Debug[16:15:54]: DynScaleCaclulate 
Debug[16:15:54]: "init 2 UartUartController" 
Debug[16:15:54]: Ok 
Debug[16:15:54]: "init 3 UartSpiController" 
Debug[16:15:54]: Ok 
Debug[16:15:54]: "init 4 UartSsiController" 
Debug[16:15:54]: Ok 
Debug[16:15:54]: "init 5 DSI3Master" 
Debug[16:15:54]: Ok 
Debug[16:15:54]: "init 6 ASICMaster" 
Debug[16:15:54]: Ok 
Debug[16:15:54]: "init 7 RDUMMaster" 
Debug[16:15:54]: Ok 
Debug[16:15:54]: "init 8 DSI3Slave" 
Debug[16:15:54]: Ok 
Debug[16:15:54]: "init 9 Measurement" 
Debug[16:15:55]: Ok 
Debug[16:15:55]: "init 10 CFARsim" 
Debug[16:15:55]: Ok 
Debug[16:15:55]: MainApp Starting... 
Debug[16:15:56]: Add applets to MainWindow...
 
Debug[16:15:56]: Initialize Connection... 
Debug[16:15:56]: signal in logmode 
Debug[16:15:56]: "INF(16:15:56.290):Mode is OK" 
Debug[16:15:56]: log_breakpoint 
Debug[16:15:56]: 5 
Debug[16:15:56]: signal in logmode 
Debug[16:15:56]: "INF(16:15:56.293):Attempt" 
Debug[16:15:56]: log_breakpoint 
Debug[16:15:56]: 5 
Debug[16:15:56]: signal in logmode 
Debug[16:15:56]: "INF(16:15:56.595):Attempt" 
Debug[16:15:56]: log_breakpoint 
Debug[16:15:56]: 5 
Debug[16:15:56]: signal in logmode 
Debug[16:15:56]: "INF(16:15:56.908):Attempt" 
Debug[16:15:56]: log_breakpoint 
Debug[16:15:56]: 5 
Debug[16:15:57]: signal in logmode 
Debug[16:15:57]: "INF(16:15:57.218):Mode is OK" 
Debug[16:15:57]: log_breakpoint 
Debug[16:15:57]: 5 
Debug[16:15:57]: signal in logmode 
Debug[16:15:57]: "INF(16:15:57.220):Attempt" 
Debug[16:15:57]: log_breakpoint 
Debug[16:15:57]: 5 
Debug[16:15:57]: signal in logmode 
Debug[16:15:57]: "INF(16:15:57.532):Attempt" 
Debug[16:15:57]: log_breakpoint 
Debug[16:15:57]: 5 
Debug[16:15:57]: signal in logmode 
Debug[16:15:57]: "INF(16:15:57.844):Attempt" 
Debug[16:15:57]: log_breakpoint 
Debug[16:15:57]: 5 
Debug[16:15:58]: signal in logmode 
Debug[16:15:58]: "INF(16:15:58.160):Mode is OK" 
Debug[16:15:58]: log_breakpoint 
Debug[16:15:58]: 5 
Debug[16:15:58]: signal in logmode 
Debug[16:15:58]: "INF(16:15:58.162):Attempt" 
Debug[16:15:58]: log_breakpoint 
Debug[16:15:58]: 5 
Debug[16:15:58]: signal in logmode 
Debug[16:15:58]: "INF(16:15:58.472):Attempt" 
Debug[16:15:58]: log_breakpoint 
Debug[16:15:58]: 5 
Debug[16:15:58]: signal in logmode 
Debug[16:15:58]: "INF(16:15:58.784):Attempt" 
Debug[16:15:58]: log_breakpoint 
Debug[16:15:58]: 5 
Warning[16:15:59]: QFileSystemWatcher: failed to add paths: C:/REPO/DSI3PAS2_workingdir/DSI3PAS2/Software/bin/ULSEverification_configfiles, C:/REPO/DSI3PAS2_workingdir/DSI3PAS2/Software/bin/ConfigFiles_29_1_2021_Jiri_MOBIS, C:/Users/fg6cnq/Desktop/DSI3PAS2_UART_QtSW_20210129_1511, C:/Users/zbdn9w/Desktop/Temp/CFAR QT uprava ToF, C:/Users/zbdn9w/Desktop/Temp/CFAR QT Komprimace do CSV, U:/Dokumenty/MOBIS/Crosstalk 11-2021
Debug[16:16:02]: signal in logmode 
Debug[16:16:02]: "INF(16:16:02.615):Connected to no_board" 
Debug[16:16:02]: log_breakpoint 
Debug[16:16:02]: 5 
Warning[16:16:02]: Could not parse stylesheet of widget 0x3e2e408
Debug[16:16:02]: "Resume:Logs" 
Debug[16:16:02]: "Resume:Settings" 
Debug[16:16:02]: "Resume:UartUartController" 
Debug[16:16:02]: "Resume:UartSpiController" 
Debug[16:16:02]: "Resume:UartSsiController" 
Debug[16:16:02]: "Resume:DSI3Master" 
Debug[16:16:02]: "Resume:ASICMaster" 
Debug[16:16:02]: "Resume:RDUMMaster" 
Debug[16:16:02]: "Resume:DSI3Slave" 
Debug[16:16:02]: "Resume:Measurement" 
Debug[16:16:02]: "Resume:CFARsim" 
Debug[16:28:25]: "Suspend:Settings" 
Debug[16:28:25]: "Suspend:UartUartController" 
Debug[16:28:25]: "Suspend:UartSpiController" 
Debug[16:28:25]: "Suspend:UartSsiController" 
Debug[16:28:25]: "Suspend:DSI3Master" 
Debug[16:28:25]: "Suspend:ASICMaster" 
Debug[16:28:25]: "Suspend:RDUMMaster" 
Debug[16:28:25]: "Suspend:DSI3Slave" 
Debug[16:28:25]: "Suspend:Measurement" 
Debug[16:28:25]: "Suspend:CFARsim" 
Debug[16:28:25]: signal in logmode 
Debug[16:28:25]: "INF(16:28:25.278):Disconnect by user" 
Debug[16:28:25]: log_breakpoint 
Debug[16:28:25]: 5 
Debug[16:28:25]: signal in logmode 
Debug[16:28:25]: "INF(16:28:25.429):Disconnect by user" 
Debug[16:28:25]: log_breakpoint 
Debug[16:28:25]: 5 
Debug[16:28:34]: "Suspend:Settings" 
Debug[16:28:34]: "Suspend:UartUartController" 
Debug[16:28:34]: "Suspend:UartSpiController" 
Debug[16:28:34]: "Suspend:UartSsiController" 
Debug[16:28:34]: "Suspend:DSI3Master" 
Debug[16:28:34]: "Suspend:ASICMaster" 
Debug[16:28:34]: "Suspend:RDUMMaster" 
Debug[16:28:34]: "Suspend:DSI3Slave" 
Debug[16:28:34]: "Suspend:Measurement" 
Debug[16:28:34]: "Suspend:CFARsim" 
Debug[16:28:34]: signal in logmode 
Debug[16:28:34]: "INF(16:28:34.215):Disconnect by user" 
Debug[16:28:34]: log_breakpoint 
Debug[16:28:34]: 5 
Debug[16:28:34]: signal in logmode 
Debug[16:28:34]: "INF(16:28:34.233):Disconnect by user" 
Debug[16:28:34]: log_breakpoint 
Debug[16:28:34]: 5 
Warning[16:28:41]: QObject::connect: Cannot connect LocalServer::log(int,QString) to (null)::slot_addLog(int,QString)
Debug[16:28:41]: LocalServer:new "\\.\pipe\DSI3PAS" 
Debug[16:28:41]: Register specific 
Debug[16:28:41]: DynScaleCaclulate 
Debug[16:28:41]: "init 2 UartUartController" 
Debug[16:28:41]: Ok 
Debug[16:28:41]: "init 3 UartSpiController" 
Debug[16:28:41]: Ok 
Debug[16:28:41]: "init 4 UartSsiController" 
Debug[16:28:41]: Ok 
Debug[16:28:41]: "init 5 DSI3Master" 
Debug[16:28:41]: Ok 
Debug[16:28:41]: "init 6 ASICMaster" 
Debug[16:28:41]: Ok 
Debug[16:28:41]: "init 7 RDUMMaster" 
Debug[16:28:41]: Ok 
Debug[16:28:41]: "init 8 DSI3Slave" 
Debug[16:28:42]: Ok 
Debug[16:28:42]: "init 9 Measurement" 
Debug[16:28:43]: Ok 
Debug[16:28:43]: "init 10 CFARsim" 
Debug[16:28:43]: Ok 
Debug[16:28:43]: MainApp Starting... 
Debug[16:28:43]: Add applets to MainWindow...
 
Debug[16:28:43]: Initialize Connection... 
Debug[16:28:44]: signal in logmode 
Debug[16:28:44]: "INF(16:28:44.019):Mode is OK" 
Debug[16:28:44]: log_breakpoint 
Debug[16:28:44]: 5 
Debug[16:28:44]: signal in logmode 
Debug[16:28:44]: "INF(16:28:44.022):Attempt" 
Debug[16:28:44]: log_breakpoint 
Debug[16:28:44]: 5 
Debug[16:28:44]: signal in logmode 
Debug[16:28:44]: "INF(16:28:44.336):Attempt" 
Debug[16:28:44]: log_breakpoint 
Debug[16:28:44]: 5 
Debug[16:28:44]: signal in logmode 
Debug[16:28:44]: "INF(16:28:44.649):Attempt" 
Debug[16:28:44]: log_breakpoint 
Debug[16:28:44]: 5 
Debug[16:28:44]: signal in logmode 
Debug[16:28:44]: "INF(16:28:44.959):Mode is OK" 
Debug[16:28:44]: log_breakpoint 
Debug[16:28:44]: 5 
Debug[16:28:44]: signal in logmode 
Debug[16:28:44]: "INF(16:28:44.963):Attempt" 
Debug[16:28:44]: log_breakpoint 
Debug[16:28:44]: 5 
Debug[16:28:45]: signal in logmode 
Debug[16:28:45]: "INF(16:28:45.269):Attempt" 
Debug[16:28:45]: log_breakpoint 
Debug[16:28:45]: 5 
Debug[16:28:45]: signal in logmode 
Debug[16:28:45]: "INF(16:28:45.579):Attempt" 
Debug[16:28:45]: log_breakpoint 
Debug[16:28:45]: 5 
Debug[16:28:45]: signal in logmode 
Debug[16:28:45]: "INF(16:28:45.893):Mode is OK" 
Debug[16:28:45]: log_breakpoint 
Debug[16:28:45]: 5 
Debug[16:28:45]: signal in logmode 
Debug[16:28:45]: "INF(16:28:45.897):Attempt" 
Debug[16:28:45]: log_breakpoint 
Debug[16:28:45]: 5 
Debug[16:28:46]: signal in logmode 
Debug[16:28:46]: "INF(16:28:46.053):Mode is OK" 
Debug[16:28:46]: log_breakpoint 
Debug[16:28:46]: 5 
Debug[16:28:46]: signal in logmode 
Debug[16:28:46]: "INF(16:28:46.057):Attempt" 
Debug[16:28:46]: log_breakpoint 
Debug[16:28:46]: 5 
Debug[16:28:46]: signal in logmode 
Debug[16:28:46]: "INF(16:28:46.375):Attempt" 
Debug[16:28:46]: log_breakpoint 
Debug[16:28:46]: 5 
Debug[16:28:46]: signal in logmode 
Debug[16:28:46]: "INF(16:28:46.685):Attempt" 
Debug[16:28:46]: log_breakpoint 
Debug[16:28:46]: 5 
Debug[16:28:46]: signal in logmode 
Debug[16:28:46]: "INF(16:28:46.998):Mode is OK" 
Debug[16:28:47]: log_breakpoint 
Debug[16:28:47]: 5 
Debug[16:28:47]: signal in logmode 
Debug[16:28:47]: "INF(16:28:47.002):Attempt" 
Debug[16:28:47]: log_breakpoint 
Debug[16:28:47]: 5 
Debug[16:28:47]: signal in logmode 
Debug[16:28:47]: "INF(16:28:47.308):Attempt" 
Debug[16:28:47]: log_breakpoint 
Debug[16:28:47]: 5 
Debug[16:28:47]: signal in logmode 
Debug[16:28:47]: "INF(16:28:47.617):Attempt" 
Debug[16:28:47]: log_breakpoint 
Debug[16:28:47]: 5 
Debug[16:28:47]: signal in logmode 
Debug[16:28:47]: "INF(16:28:47.930):Mode is OK" 
Debug[16:28:47]: log_breakpoint 
Debug[16:28:47]: 5 
Debug[16:28:47]: signal in logmode 
Debug[16:28:47]: "INF(16:28:47.934):Attempt" 
Debug[16:28:47]: log_breakpoint 
Debug[16:28:47]: 5 
Debug[16:28:48]: signal in logmode 
Debug[16:28:48]: "INF(16:28:48.243):Attempt" 
Debug[16:28:48]: log_breakpoint 
Debug[16:28:48]: 5 
Debug[16:28:48]: signal in logmode 
Debug[16:28:48]: "INF(16:28:48.555):Attempt" 
Debug[16:28:48]: log_breakpoint 
Debug[16:28:48]: 5 
Warning[16:28:49]: QFileSystemWatcher: failed to add paths: C:/REPO/DSI3PAS2_workingdir/DSI3PAS2/Software/bin/ULSEverification_configfiles, C:/REPO/DSI3PAS2_workingdir/DSI3PAS2/Software/bin/ConfigFiles_29_1_2021_Jiri_MOBIS, C:/Users/fg6cnq/Desktop/DSI3PAS2_UART_QtSW_20210129_1511, C:/Users/zbdn9w/Desktop/Temp/CFAR QT uprava ToF, C:/Users/zbdn9w/Desktop/Temp/CFAR QT Komprimace do CSV, U:/Dokumenty/MOBIS/Crosstalk 11-2021
Debug[16:28:56]: signal in logmode 
Debug[16:28:56]: "INF(16:28:56.756):Mode is OK" 
Debug[16:28:56]: log_breakpoint 
Debug[16:28:56]: 5 
Debug[16:28:56]: signal in logmode 
Debug[16:28:56]: "INF(16:28:56.759):Attempt" 
Debug[16:28:56]: log_breakpoint 
Debug[16:28:56]: 5 
Debug[16:28:57]: signal in logmode 
Debug[16:28:57]: "INF(16:28:57.066):Attempt" 
Debug[16:28:57]: log_breakpoint 
Debug[16:28:57]: 5 
Debug[16:28:57]: signal in logmode 
Debug[16:28:57]: "INF(16:28:57.377):Attempt" 
Debug[16:28:57]: log_breakpoint 
Debug[16:28:57]: 5 
Debug[16:28:57]: signal in logmode 
Debug[16:28:57]: "INF(16:28:57.691):Mode is OK" 
Debug[16:28:57]: log_breakpoint 
Debug[16:28:57]: 5 
Debug[16:28:57]: signal in logmode 
Debug[16:28:57]: "INF(16:28:57.694):Attempt" 
Debug[16:28:57]: log_breakpoint 
Debug[16:28:57]: 5 
Debug[16:28:57]: signal in logmode 
Debug[16:28:58]: "INF(16:28:58.001):Attempt" 
Debug[16:28:58]: log_breakpoint 
Debug[16:28:58]: 5 
Debug[16:28:58]: signal in logmode 
Debug[16:28:58]: "INF(16:28:58.313):Attempt" 
Debug[16:28:58]: log_breakpoint 
Debug[16:28:58]: 5 
Debug[16:28:58]: signal in logmode 
Debug[16:28:58]: "INF(16:28:58.623):Mode is OK" 
Debug[16:28:58]: log_breakpoint 
Debug[16:28:58]: 5 
Debug[16:28:58]: signal in logmode 
Debug[16:28:58]: "INF(16:28:58.627):Attempt" 
Debug[16:28:58]: log_breakpoint 
Debug[16:28:58]: 5 
Debug[16:28:58]: signal in logmode 
Debug[16:28:58]: "INF(16:28:58.655):RDUM master connected" 
Debug[16:28:58]: log_breakpoint 
Debug[16:28:58]: 5 
Debug[16:28:58]: signal in logmode 
Debug[16:28:58]: "INF(16:28:58.660):Connected to \\.\COM16" 
Debug[16:28:58]: log_breakpoint 
Debug[16:28:58]: 5 
Warning[16:28:58]: Could not parse stylesheet of widget 0x2fea6d0
Debug[16:28:58]: "Resume:Logs" 
Debug[16:28:58]: "Resume:Settings" 
Debug[16:28:58]: "Resume:UartUartController" 
Debug[16:28:58]: "Resume:UartSpiController" 
Debug[16:28:58]: "Resume:UartSsiController" 
Debug[16:28:58]: "Resume:DSI3Master" 
Debug[16:28:58]: "Resume:ASICMaster" 
Debug[16:28:58]: "Resume:RDUMMaster" 
Debug[16:28:58]: "Resume:DSI3Slave" 
Debug[16:28:58]: "Resume:Measurement" 
Debug[16:28:58]: "Resume:CFARsim" 
Debug[16:29:51]: "Suspend:Settings" 
Debug[16:29:51]: "Suspend:UartUartController" 
Debug[16:29:51]: "Suspend:UartSpiController" 
Debug[16:29:51]: "Suspend:UartSsiController" 
Debug[16:29:51]: "Suspend:DSI3Master" 
Debug[16:29:51]: "Suspend:ASICMaster" 
Debug[16:29:51]: "Suspend:RDUMMaster" 
Debug[16:29:51]: "Suspend:DSI3Slave" 
Debug[16:29:51]: "Suspend:Measurement" 
Debug[16:29:51]: "Suspend:CFARsim" 
Debug[16:29:51]: signal in logmode 
Debug[16:29:51]: "INF(16:29:51.745):Disconnect by user" 
Debug[16:29:51]: log_breakpoint 
Debug[16:29:51]: 5 
Debug[16:29:51]: signal in logmode 
Debug[16:29:51]: "INF(16:29:51.882):Disconnect by user" 
Debug[16:29:51]: log_breakpoint 
Debug[16:29:51]: 5 
