Warning[15:56:39]: QObject::connect: Cannot connect LocalServer::log(int,QString) to (null)::slot_addLog(int,QString)
Debug[15:56:39]: LocalServer:new "\\.\pipe\DSI3PAS" 
Debug[15:56:39]: Register specific 
Debug[15:56:40]: DynScaleCaclulate 
Debug[15:56:40]: "init 2 UartUartController" 
Debug[15:56:40]: Ok 
Debug[15:56:40]: "init 3 UartSpiController" 
Debug[15:56:40]: Ok 
Debug[15:56:40]: "init 4 UartSsiController" 
Debug[15:56:40]: Ok 
Debug[15:56:40]: "init 5 DSI3Master" 
Debug[15:56:40]: Ok 
Debug[15:56:40]: "init 6 ASICMaster" 
Debug[15:56:40]: Ok 
Debug[15:56:40]: "init 7 RDUMMaster" 
Debug[15:56:40]: Ok 
Debug[15:56:40]: "init 8 DSI3Slave" 
Debug[15:56:41]: Ok 
Debug[15:56:41]: "init 9 Measurement" 
Debug[15:56:41]: Ok 
Debug[15:56:41]: "init 10 CFARsim" 
Debug[15:56:41]: Ok 
Debug[15:56:41]: MainApp Starting... 
Debug[15:56:42]: Add applets to MainWindow...
 
Debug[15:56:42]: Initialize Connection... 
Debug[15:56:42]: signal in logmode 
Debug[15:56:42]: "INF(15:56:42.593):Mode is OK" 
Debug[15:56:42]: log_breakpoint 
Debug[15:56:42]: 5 
Debug[15:56:42]: signal in logmode 
Debug[15:56:42]: "INF(15:56:42.597):Attempt" 
Debug[15:56:42]: log_breakpoint 
Debug[15:56:42]: 5 
Debug[15:56:42]: signal in logmode 
Debug[15:56:42]: "INF(15:56:42.901):Attempt" 
Debug[15:56:42]: log_breakpoint 
Debug[15:56:42]: 5 
Debug[15:56:43]: signal in logmode 
Debug[15:56:43]: "INF(15:56:43.212):Attempt" 
Debug[15:56:43]: log_breakpoint 
Debug[15:56:43]: 5 
Debug[15:56:43]: signal in logmode 
Debug[15:56:43]: "INF(15:56:43.523):Mode is OK" 
Debug[15:56:43]: log_breakpoint 
Debug[15:56:43]: 5 
Debug[15:56:43]: signal in logmode 
Debug[15:56:43]: "INF(15:56:43.526):Attempt" 
Debug[15:56:43]: log_breakpoint 
Debug[15:56:43]: 5 
Debug[15:56:43]: signal in logmode 
Debug[15:56:43]: "INF(15:56:43.834):Attempt" 
Debug[15:56:43]: log_breakpoint 
Debug[15:56:43]: 5 
Debug[15:56:44]: signal in logmode 
Debug[15:56:44]: "INF(15:56:44.147):Attempt" 
Debug[15:56:44]: log_breakpoint 
Debug[15:56:44]: 5 
Debug[15:56:44]: signal in logmode 
Debug[15:56:44]: "INF(15:56:44.458):Mode is OK" 
Debug[15:56:44]: log_breakpoint 
Debug[15:56:44]: 5 
Debug[15:56:44]: signal in logmode 
Debug[15:56:44]: "INF(15:56:44.461):Attempt" 
Debug[15:56:44]: log_breakpoint 
Debug[15:56:44]: 5 
Debug[15:56:44]: signal in logmode 
Debug[15:56:44]: "INF(15:56:44.617):Mode is OK" 
Debug[15:56:44]: log_breakpoint 
Debug[15:56:44]: 5 
Debug[15:56:44]: signal in logmode 
Debug[15:56:44]: "INF(15:56:44.619):Attempt" 
Debug[15:56:44]: log_breakpoint 
Debug[15:56:44]: 5 
Debug[15:56:44]: signal in logmode 
Debug[15:56:44]: "INF(15:56:44.925):Attempt" 
Debug[15:56:44]: log_breakpoint 
Debug[15:56:44]: 5 
Debug[15:56:45]: signal in logmode 
Debug[15:56:45]: "INF(15:56:45.241):Attempt" 
Debug[15:56:45]: log_breakpoint 
Debug[15:56:45]: 5 
Debug[15:56:45]: signal in logmode 
Debug[15:56:45]: "INF(15:56:45.558):Mode is OK" 
Debug[15:56:45]: log_breakpoint 
Debug[15:56:45]: 5 
Debug[15:56:45]: signal in logmode 
Debug[15:56:45]: "INF(15:56:45.561):Attempt" 
Debug[15:56:45]: log_breakpoint 
Debug[15:56:45]: 5 
Debug[15:56:45]: signal in logmode 
Debug[15:56:45]: "INF(15:56:45.870):Attempt" 
Debug[15:56:45]: log_breakpoint 
Debug[15:56:45]: 5 
Debug[15:56:46]: signal in logmode 
Debug[15:56:46]: "INF(15:56:46.179):Attempt" 
Debug[15:56:46]: log_breakpoint 
Debug[15:56:46]: 5 
Debug[15:56:46]: signal in logmode 
Debug[15:56:46]: "INF(15:56:46.490):Mode is OK" 
Debug[15:56:46]: log_breakpoint 
Debug[15:56:46]: 5 
Debug[15:56:46]: signal in logmode 
Debug[15:56:46]: "INF(15:56:46.492):Attempt" 
Debug[15:56:46]: log_breakpoint 
Debug[15:56:46]: 5 
Debug[15:56:46]: signal in logmode 
Debug[15:56:46]: "INF(15:56:46.804):Attempt" 
Debug[15:56:46]: log_breakpoint 
Debug[15:56:46]: 5 
Debug[15:56:47]: signal in logmode 
Debug[15:56:47]: "INF(15:56:47.115):Attempt" 
Debug[15:56:47]: log_breakpoint 
Debug[15:56:47]: 5 
Warning[15:56:47]: QFileSystemWatcher: failed to add paths: C:/REPO/DSI3PAS2_workingdir/DSI3PAS2/Software/bin/ULSEverification_configfiles, C:/REPO/DSI3PAS2_workingdir/DSI3PAS2/Software/bin/ConfigFiles_29_1_2021_Jiri_MOBIS, C:/Users/fg6cnq/Desktop/DSI3PAS2_UART_QtSW_20210129_1511, C:/Users/zbdn9w/Desktop/Temp/CFAR QT uprava ToF, C:/Users/zbdn9w/Desktop/Temp/CFAR QT Komprimace do CSV, U:/Dokumenty/MOBIS/Crosstalk 11-2021
Debug[15:56:50]: signal in logmode 
Debug[15:56:50]: "INF(15:56:50.700):Mode is OK" 
Debug[15:56:50]: log_breakpoint 
Debug[15:56:50]: 5 
Debug[15:56:50]: signal in logmode 
Debug[15:56:50]: "INF(15:56:50.703):Attempt" 
Debug[15:56:50]: log_breakpoint 
Debug[15:56:50]: 5 
Debug[15:56:51]: signal in logmode 
Debug[15:56:51]: "INF(15:56:51.020):Attempt" 
Debug[15:56:51]: log_breakpoint 
Debug[15:56:51]: 5 
Debug[15:56:51]: signal in logmode 
Debug[15:56:51]: "INF(15:56:51.330):Attempt" 
Debug[15:56:51]: log_breakpoint 
Debug[15:56:51]: 5 
Debug[15:56:51]: signal in logmode 
Debug[15:56:51]: "INF(15:56:51.639):Mode is OK" 
Debug[15:56:51]: log_breakpoint 
Debug[15:56:51]: 5 
Debug[15:56:51]: signal in logmode 
Debug[15:56:51]: "INF(15:56:51.642):Attempt" 
Debug[15:56:51]: log_breakpoint 
Debug[15:56:51]: 5 
Debug[15:56:51]: signal in logmode 
Debug[15:56:51]: "INF(15:56:51.952):Attempt" 
Debug[15:56:51]: log_breakpoint 
Debug[15:56:51]: 5 
Debug[15:56:52]: signal in logmode 
Debug[15:56:52]: "INF(15:56:52.266):Attempt" 
Debug[15:56:52]: log_breakpoint 
Debug[15:56:52]: 5 
Debug[15:56:52]: signal in logmode 
Debug[15:56:52]: "INF(15:56:52.580):Mode is OK" 
Debug[15:56:52]: log_breakpoint 
Debug[15:56:52]: 5 
Debug[15:56:52]: signal in logmode 
Debug[15:56:52]: "INF(15:56:52.583):Attempt" 
Debug[15:56:52]: log_breakpoint 
Debug[15:56:52]: 5 
Debug[15:56:52]: signal in logmode 
Debug[15:56:52]: "INF(15:56:52.610):RDUM master connected" 
Debug[15:56:52]: log_breakpoint 
Debug[15:56:52]: 5 
Debug[15:56:52]: signal in logmode 
Debug[15:56:52]: "INF(15:56:52.614):Connected to \\.\COM62" 
Debug[15:56:52]: log_breakpoint 
Debug[15:56:52]: 5 
Warning[15:56:52]: Could not parse stylesheet of widget 0x29116d0
Debug[15:56:52]: "Resume:Logs" 
Debug[15:56:52]: "Resume:Settings" 
Debug[15:56:52]: "Resume:UartUartController" 
Debug[15:56:52]: "Resume:UartSpiController" 
Debug[15:56:52]: "Resume:UartSsiController" 
Debug[15:56:52]: "Resume:DSI3Master" 
Debug[15:56:52]: "Resume:ASICMaster" 
Debug[15:56:52]: "Resume:RDUMMaster" 
Debug[15:56:52]: "Resume:DSI3Slave" 
Debug[15:56:52]: "Resume:Measurement" 
Debug[15:56:52]: "Resume:CFARsim" 
Debug[16:05:01]: "Suspend:Settings" 
Debug[16:05:01]: "Suspend:UartUartController" 
Debug[16:05:01]: "Suspend:UartSpiController" 
Debug[16:05:01]: "Suspend:UartSsiController" 
Debug[16:05:01]: "Suspend:DSI3Master" 
Debug[16:05:01]: "Suspend:ASICMaster" 
Debug[16:05:01]: "Suspend:RDUMMaster" 
Debug[16:05:01]: "Suspend:DSI3Slave" 
Debug[16:05:01]: "Suspend:Measurement" 
Debug[16:05:01]: "Suspend:CFARsim" 
Debug[16:05:01]: signal in logmode 
Debug[16:05:01]: "INF(16:05:01.156):Disconnect by user" 
Debug[16:05:01]: log_breakpoint 
Debug[16:05:01]: 5 
Debug[16:05:01]: signal in logmode 
Debug[16:05:01]: "INF(16:05:01.174):Disconnect by user" 
Debug[16:05:01]: log_breakpoint 
Debug[16:05:01]: 5 
