Warning[06:56:53]: QObject::connect: Cannot connect LocalServer::log(int,QString) to (null)::slot_addLog(int,QString)
Debug[06:56:53]: LocalServer:new "\\.\pipe\DSI3PAS" 
Debug[06:56:53]: Register specific 
Debug[06:56:54]: DynScaleCaclulate 
Debug[06:56:54]: "init 2 UartUartController" 
Debug[06:56:54]: Ok 
Debug[06:56:54]: "init 3 UartSpiController" 
Debug[06:56:54]: Ok 
Debug[06:56:54]: "init 4 UartSsiController" 
Debug[06:56:54]: Ok 
Debug[06:56:54]: "init 5 DSI3Master" 
Debug[06:56:54]: Ok 
Debug[06:56:54]: "init 6 ASICMaster" 
Debug[06:56:54]: Ok 
Debug[06:56:54]: "init 7 RDUMMaster" 
Debug[06:56:54]: Ok 
Debug[06:56:54]: "init 8 DSI3Slave" 
Debug[06:56:54]: Ok 
Debug[06:56:54]: "init 9 Measurement" 
Debug[06:56:55]: Ok 
Debug[06:56:55]: "init 10 CFARsim" 
Debug[06:56:55]: Ok 
Debug[06:56:55]: MainApp Starting... 
Debug[06:56:56]: Add applets to MainWindow...
 
Debug[06:56:56]: Initialize Connection... 
Debug[06:56:56]: signal in logmode 
Debug[06:56:56]: "INF(06:56:56.930):Mode is OK" 
Debug[06:56:56]: log_breakpoint 
Debug[06:56:56]: 5 
Debug[06:56:56]: signal in logmode 
Debug[06:56:56]: "INF(06:56:56.932):Attempt" 
Debug[06:56:56]: log_breakpoint 
Debug[06:56:56]: 5 
Debug[06:56:57]: signal in logmode 
Debug[06:56:57]: "INF(06:56:57.234):Attempt" 
Debug[06:56:57]: log_breakpoint 
Debug[06:56:57]: 5 
Debug[06:56:57]: signal in logmode 
Debug[06:56:57]: "INF(06:56:57.545):Attempt" 
Debug[06:56:57]: log_breakpoint 
Debug[06:56:57]: 5 
Debug[06:56:57]: signal in logmode 
Debug[06:56:57]: "INF(06:56:57.860):Mode is OK" 
Debug[06:56:57]: log_breakpoint 
Debug[06:56:57]: 5 
Debug[06:56:57]: signal in logmode 
Debug[06:56:57]: "INF(06:56:57.861):Attempt" 
Debug[06:56:57]: log_breakpoint 
Debug[06:56:57]: 5 
Debug[06:56:58]: signal in logmode 
Debug[06:56:58]: "INF(06:56:58.172):Attempt" 
Debug[06:56:58]: log_breakpoint 
Debug[06:56:58]: 5 
Debug[06:56:58]: signal in logmode 
Debug[06:56:58]: "INF(06:56:58.483):Attempt" 
Debug[06:56:58]: log_breakpoint 
Debug[06:56:58]: 5 
Debug[06:56:58]: signal in logmode 
Debug[06:56:58]: "INF(06:56:58.795):Mode is OK" 
Debug[06:56:58]: log_breakpoint 
Debug[06:56:58]: 5 
Debug[06:56:58]: signal in logmode 
Debug[06:56:58]: "INF(06:56:58.797):Attempt" 
Debug[06:56:58]: log_breakpoint 
Debug[06:56:58]: 5 
Debug[06:56:58]: signal in logmode 
Debug[06:56:58]: "INF(06:56:58.955):Mode is OK" 
Debug[06:56:58]: log_breakpoint 
Debug[06:56:58]: 5 
Debug[06:56:58]: signal in logmode 
Debug[06:56:58]: "INF(06:56:58.956):Attempt" 
Debug[06:56:58]: log_breakpoint 
Debug[06:56:58]: 5 
Debug[06:56:59]: signal in logmode 
Debug[06:56:59]: "INF(06:56:59.266):Attempt" 
Debug[06:56:59]: log_breakpoint 
Debug[06:56:59]: 5 
Debug[06:56:59]: signal in logmode 
Debug[06:56:59]: "INF(06:56:59.578):Attempt" 
Debug[06:56:59]: log_breakpoint 
Debug[06:56:59]: 5 
Debug[06:56:59]: signal in logmode 
Debug[06:56:59]: "INF(06:56:59.888):Mode is OK" 
Debug[06:56:59]: log_breakpoint 
Debug[06:56:59]: 5 
Debug[06:56:59]: signal in logmode 
Debug[06:56:59]: "INF(06:56:59.888):Attempt" 
Debug[06:56:59]: log_breakpoint 
Debug[06:56:59]: 5 
Debug[06:57:00]: signal in logmode 
Debug[06:57:00]: "INF(06:57:00.201):Attempt" 
Debug[06:57:00]: log_breakpoint 
Debug[06:57:00]: 5 
Debug[06:57:00]: signal in logmode 
Debug[06:57:00]: "INF(06:57:00.515):Attempt" 
Debug[06:57:00]: log_breakpoint 
Debug[06:57:00]: 5 
Debug[06:57:00]: signal in logmode 
Debug[06:57:00]: "INF(06:57:00.829):Mode is OK" 
Debug[06:57:00]: log_breakpoint 
Debug[06:57:00]: 5 
Debug[06:57:00]: signal in logmode 
Debug[06:57:00]: "INF(06:57:00.833):Attempt" 
Debug[06:57:00]: log_breakpoint 
Debug[06:57:00]: 5 
Debug[06:57:01]: signal in logmode 
Debug[06:57:01]: "INF(06:57:01.144):Attempt" 
Debug[06:57:01]: log_breakpoint 
Debug[06:57:01]: 5 
Debug[06:57:01]: signal in logmode 
Debug[06:57:01]: "INF(06:57:01.452):Attempt" 
Debug[06:57:01]: log_breakpoint 
Debug[06:57:01]: 5 
Warning[06:57:01]: QFileSystemWatcher: failed to add paths: C:/REPO/DSI3PAS2_workingdir/DSI3PAS2/Software/bin/ULSEverification_configfiles, C:/REPO/DSI3PAS2_workingdir/DSI3PAS2/Software/bin/ConfigFiles_29_1_2021_Jiri_MOBIS, C:/Users/fg6cnq/Desktop/DSI3PAS2_UART_QtSW_20210129_1511, C:/Users/zbdn9w/Desktop/Temp/CFAR QT uprava ToF, C:/Users/zbdn9w/Desktop/Temp/CFAR QT Komprimace do CSV, U:/Dokumenty/MOBIS/Crosstalk 11-2021
Debug[06:57:04]: signal in logmode 
Debug[06:57:04]: "INF(06:57:04.962):Mode is OK" 
Debug[06:57:04]: log_breakpoint 
Debug[06:57:04]: 5 
Debug[06:57:04]: signal in logmode 
Debug[06:57:04]: "INF(06:57:04.965):Attempt" 
Debug[06:57:04]: log_breakpoint 
Debug[06:57:04]: 5 
Debug[06:57:05]: signal in logmode 
Debug[06:57:05]: "INF(06:57:05.269):Attempt" 
Debug[06:57:05]: log_breakpoint 
Debug[06:57:05]: 5 
Debug[06:57:05]: signal in logmode 
Debug[06:57:05]: "INF(06:57:05.580):Attempt" 
Debug[06:57:05]: log_breakpoint 
Debug[06:57:05]: 5 
Debug[06:57:05]: signal in logmode 
Debug[06:57:05]: "INF(06:57:05.890):Mode is OK" 
Debug[06:57:05]: log_breakpoint 
Debug[06:57:05]: 5 
Debug[06:57:05]: signal in logmode 
Debug[06:57:05]: "INF(06:57:05.893):Attempt" 
Debug[06:57:05]: log_breakpoint 
Debug[06:57:05]: 5 
Debug[06:57:06]: signal in logmode 
Debug[06:57:06]: "INF(06:57:06.202):Attempt" 
Debug[06:57:06]: log_breakpoint 
Debug[06:57:06]: 5 
Debug[06:57:06]: signal in logmode 
Debug[06:57:06]: "INF(06:57:06.517):Attempt" 
Debug[06:57:06]: log_breakpoint 
Debug[06:57:06]: 5 
Debug[06:57:06]: signal in logmode 
Debug[06:57:06]: "INF(06:57:06.827):Mode is OK" 
Debug[06:57:06]: log_breakpoint 
Debug[06:57:06]: 5 
Debug[06:57:06]: signal in logmode 
Debug[06:57:06]: "INF(06:57:06.830):Attempt" 
Debug[06:57:06]: log_breakpoint 
Debug[06:57:06]: 5 
Debug[06:57:06]: signal in logmode 
Debug[06:57:06]: "INF(06:57:06.858):RDUM master connected" 
Debug[06:57:06]: log_breakpoint 
Debug[06:57:06]: 5 
Debug[06:57:06]: signal in logmode 
Debug[06:57:06]: "INF(06:57:06.861):Connected to \\.\COM32" 
Debug[06:57:06]: log_breakpoint 
Debug[06:57:06]: 5 
Warning[06:57:06]: Could not parse stylesheet of widget 0x2fd3eb8
Debug[06:57:06]: "Resume:Logs" 
Debug[06:57:06]: "Resume:Settings" 
Debug[06:57:06]: "Resume:UartUartController" 
Debug[06:57:06]: "Resume:UartSpiController" 
Debug[06:57:06]: "Resume:UartSsiController" 
Debug[06:57:06]: "Resume:DSI3Master" 
Debug[06:57:06]: "Resume:ASICMaster" 
Debug[06:57:06]: "Resume:RDUMMaster" 
Debug[06:57:06]: "Resume:DSI3Slave" 
Debug[06:57:06]: "Resume:Measurement" 
Debug[06:57:06]: "Resume:CFARsim" 
Debug[07:21:58]: "Suspend:Settings" 
Debug[07:21:58]: "Suspend:UartUartController" 
Debug[07:21:58]: "Suspend:UartSpiController" 
Debug[07:21:58]: "Suspend:UartSsiController" 
Debug[07:21:58]: "Suspend:DSI3Master" 
Debug[07:21:58]: "Suspend:ASICMaster" 
Debug[07:21:58]: "Suspend:RDUMMaster" 
Debug[07:21:58]: "Suspend:DSI3Slave" 
Debug[07:21:58]: "Suspend:Measurement" 
Debug[07:21:58]: "Suspend:CFARsim" 
Debug[07:21:58]: signal in logmode 
Debug[07:21:58]: "INF(07:21:58.561):Disconnect by user" 
Debug[07:21:58]: log_breakpoint 
Debug[07:21:58]: 5 
Debug[07:21:58]: signal in logmode 
Debug[07:21:58]: "INF(07:21:58.716):Disconnect by user" 
Debug[07:21:58]: log_breakpoint 
Debug[07:21:58]: 5 
Warning[07:59:24]: QObject::connect: Cannot connect LocalServer::log(int,QString) to (null)::slot_addLog(int,QString)
Debug[07:59:24]: LocalServer:new "\\.\pipe\DSI3PASd" 
Debug[07:59:24]: Register specific 
Debug[07:59:25]: DynScaleCaclulate 
Debug[07:59:25]: "init 2 UartUartController" 
Debug[07:59:25]: Ok 
Debug[07:59:25]: "init 3 UartSpiController" 
Debug[07:59:25]: Ok 
Debug[07:59:25]: "init 4 UartSsiController" 
Debug[07:59:25]: Ok 
Debug[07:59:25]: "init 5 DSI3Master" 
Debug[07:59:25]: Ok 
Debug[07:59:25]: "init 6 ASICMaster" 
Debug[07:59:25]: Ok 
Debug[07:59:25]: "init 7 RDUMMaster" 
Debug[07:59:26]: Ok 
Debug[07:59:26]: "init 8 DSI3Slave" 
Debug[07:59:28]: Ok 
Debug[07:59:28]: "init 9 Measurement" 
Debug[07:59:30]: Ok 
Debug[07:59:30]: "init 10 CFARsim" 
Debug[07:59:30]: Ok 
Debug[07:59:30]: Using SERPORT
Debug[07:59:30]: MainApp Starting... 
Debug[07:59:33]: Add applets to MainWindow...
 
Debug[07:59:33]: Initialize Connection... 
Debug[07:59:33]: signal in logmode 
Debug[07:59:33]: "INF(07:59:33.332):Mode is OK" 
Debug[07:59:33]: log_breakpoint 
Debug[07:59:33]: 5 
Debug[07:59:33]: signal in logmode 
Debug[07:59:33]: "INF(07:59:33.337):Attempt" 
Debug[07:59:33]: log_breakpoint 
Debug[07:59:33]: 5 
Debug[07:59:33]: signal in logmode 
Debug[07:59:33]: "INF(07:59:33.653):Attempt" 
Debug[07:59:33]: log_breakpoint 
Debug[07:59:33]: 5 
Debug[07:59:33]: signal in logmode 
Debug[07:59:33]: "INF(07:59:33.963):Attempt" 
Debug[07:59:33]: log_breakpoint 
Debug[07:59:33]: 5 
Debug[07:59:34]: signal in logmode 
Debug[07:59:34]: "INF(07:59:34.273):Mode is OK" 
Debug[07:59:34]: log_breakpoint 
Debug[07:59:34]: 5 
Debug[07:59:34]: signal in logmode 
Debug[07:59:34]: "INF(07:59:34.277):Attempt" 
Debug[07:59:34]: log_breakpoint 
Debug[07:59:34]: 5 
Debug[07:59:34]: signal in logmode 
Debug[07:59:34]: "INF(07:59:34.584):Attempt" 
Debug[07:59:34]: log_breakpoint 
Debug[07:59:34]: 5 
Debug[07:59:34]: signal in logmode 
Debug[07:59:34]: "INF(07:59:34.895):Attempt" 
Debug[07:59:34]: log_breakpoint 
Debug[07:59:34]: 5 
Debug[07:59:35]: signal in logmode 
Debug[07:59:35]: "INF(07:59:35.205):Mode is OK" 
Debug[07:59:35]: log_breakpoint 
Debug[07:59:35]: 5 
Debug[07:59:35]: signal in logmode 
Debug[07:59:35]: "INF(07:59:35.209):Attempt" 
Debug[07:59:35]: log_breakpoint 
Debug[07:59:35]: 5 
Debug[07:59:35]: signal in logmode 
Debug[07:59:35]: "INF(07:59:35.366):Mode is OK" 
Debug[07:59:35]: log_breakpoint 
Debug[07:59:35]: 5 
Debug[07:59:35]: signal in logmode 
Debug[07:59:35]: "INF(07:59:35.370):Attempt" 
Debug[07:59:35]: log_breakpoint 
Debug[07:59:35]: 5 
Debug[07:59:35]: signal in logmode 
Debug[07:59:35]: "INF(07:59:35.689):Attempt" 
Debug[07:59:35]: log_breakpoint 
Debug[07:59:35]: 5 
Debug[07:59:36]: signal in logmode 
Debug[07:59:36]: "INF(07:59:36.002):Attempt" 
Debug[07:59:36]: log_breakpoint 
Debug[07:59:36]: 5 
Debug[07:59:36]: signal in logmode 
Debug[07:59:36]: "INF(07:59:36.314):Mode is OK" 
Debug[07:59:36]: log_breakpoint 
Debug[07:59:36]: 5 
Debug[07:59:36]: signal in logmode 
Debug[07:59:36]: "INF(07:59:36.316):Attempt" 
Debug[07:59:36]: log_breakpoint 
Debug[07:59:36]: 5 
Debug[07:59:36]: signal in logmode 
Debug[07:59:36]: "INF(07:59:36.628):Attempt" 
Debug[07:59:36]: log_breakpoint 
Debug[07:59:36]: 5 
Debug[07:59:36]: signal in logmode 
Debug[07:59:36]: "INF(07:59:36.942):Attempt" 
Debug[07:59:36]: log_breakpoint 
Debug[07:59:36]: 5 
Debug[07:59:37]: signal in logmode 
Debug[07:59:37]: "INF(07:59:37.254):Mode is OK" 
Debug[07:59:37]: log_breakpoint 
Debug[07:59:37]: 5 
Debug[07:59:37]: signal in logmode 
Debug[07:59:37]: "INF(07:59:37.258):Attempt" 
Debug[07:59:37]: log_breakpoint 
Debug[07:59:37]: 5 
Debug[07:59:37]: signal in logmode 
Debug[07:59:37]: "INF(07:59:37.569):Attempt" 
Debug[07:59:37]: log_breakpoint 
Debug[07:59:37]: 5 
Debug[07:59:37]: signal in logmode 
Debug[07:59:37]: "INF(07:59:37.878):Attempt" 
Debug[07:59:37]: log_breakpoint 
Debug[07:59:37]: 5 
Debug[08:00:06]: signal in logmode 
Debug[08:00:06]: "INF(08:00:06.185):Mode is OK" 
Debug[08:00:06]: log_breakpoint 
Debug[08:00:06]: 5 
Debug[08:00:06]: signal in logmode 
Debug[08:00:06]: "INF(08:00:06.189):Attempt" 
Debug[08:00:06]: log_breakpoint 
Debug[08:00:06]: 5 
Debug[08:00:06]: signal in logmode 
Debug[08:00:06]: "INF(08:00:06.504):Attempt" 
Debug[08:00:06]: log_breakpoint 
Debug[08:00:06]: 5 
Debug[08:00:06]: signal in logmode 
Debug[08:00:06]: "INF(08:00:06.814):Attempt" 
Debug[08:00:06]: log_breakpoint 
Debug[08:00:06]: 5 
Debug[08:00:07]: signal in logmode 
Debug[08:00:07]: "INF(08:00:07.128):Mode is OK" 
Debug[08:00:07]: log_breakpoint 
Debug[08:00:07]: 5 
Debug[08:00:07]: signal in logmode 
Debug[08:00:07]: "INF(08:00:07.131):Attempt" 
Debug[08:00:07]: log_breakpoint 
Debug[08:00:07]: 5 
Debug[08:00:07]: signal in logmode 
Debug[08:00:07]: "INF(08:00:07.441):Attempt" 
Debug[08:00:07]: log_breakpoint 
Debug[08:00:07]: 5 
Debug[08:00:07]: signal in logmode 
Debug[08:00:07]: "INF(08:00:07.752):Attempt" 
Debug[08:00:07]: log_breakpoint 
Debug[08:00:07]: 5 
Debug[08:00:08]: signal in logmode 
Debug[08:00:08]: "INF(08:00:08.064):Mode is OK" 
Debug[08:00:08]: log_breakpoint 
Debug[08:00:08]: 5 
Debug[08:00:08]: signal in logmode 
Debug[08:00:08]: "INF(08:00:08.069):Attempt" 
Debug[08:00:08]: log_breakpoint 
Debug[08:00:08]: 5 
Debug[08:00:08]: signal in logmode 
Debug[08:00:08]: "INF(08:00:08.095):RDUM master connected" 
Debug[08:00:08]: log_breakpoint 
Debug[08:00:08]: 5 
Debug[08:00:08]: signal in logmode 
Debug[08:00:08]: "INF(08:00:08.099):Connected to \\.\COM32" 
Debug[08:00:08]: log_breakpoint 
Debug[08:00:08]: 5 
Warning[08:00:08]: Could not parse stylesheet of widget 0x2e41da8
Debug[08:00:08]: "Resume:Logs" 
Debug[08:00:08]: "Resume:Settings" 
Debug[08:00:08]: "Resume:UartUartController" 
Debug[08:00:08]: "Resume:UartSpiController" 
Debug[08:00:08]: "Resume:UartSsiController" 
Debug[08:00:08]: "Resume:DSI3Master" 
Debug[08:00:08]: "Resume:ASICMaster" 
Debug[08:00:08]: "Resume:RDUMMaster" 
Debug[08:00:08]: "Resume:DSI3Slave" 
Debug[08:00:08]: "Resume:Measurement" 
Debug[08:00:08]: "Resume:CFARsim" 
Debug[08:01:03]: "Suspend:Settings" 
Debug[08:01:03]: "Suspend:UartUartController" 
Debug[08:01:03]: "Suspend:UartSpiController" 
Debug[08:01:03]: "Suspend:UartSsiController" 
Debug[08:01:03]: "Suspend:DSI3Master" 
Debug[08:01:03]: "Suspend:ASICMaster" 
Debug[08:01:03]: "Suspend:RDUMMaster" 
Debug[08:01:03]: "Suspend:DSI3Slave" 
Debug[08:01:03]: "Suspend:Measurement" 
Debug[08:01:03]: "Suspend:CFARsim" 
Debug[08:01:03]: signal in logmode 
Debug[08:01:03]: "INF(08:01:03.054):Disconnect by user" 
Debug[08:01:03]: log_breakpoint 
Debug[08:01:03]: 5 
Debug[08:01:03]: signal in logmode 
Debug[08:01:03]: "INF(08:01:03.201):Disconnect by user" 
Debug[08:01:03]: log_breakpoint 
Debug[08:01:03]: 5 
Warning[08:09:16]: QObject::connect: Cannot connect LocalServer::log(int,QString) to (null)::slot_addLog(int,QString)
Debug[08:09:16]: LocalServer:new "\\.\pipe\DSI3PASd" 
Debug[08:09:16]: Register specific 
Debug[08:09:17]: DynScaleCaclulate 
Debug[08:09:17]: "init 2 UartUartController" 
Debug[08:09:17]: Ok 
Debug[08:09:17]: "init 3 UartSpiController" 
Debug[08:09:17]: Ok 
Debug[08:09:17]: "init 4 UartSsiController" 
Debug[08:09:18]: Ok 
Debug[08:09:18]: "init 5 DSI3Master" 
Debug[08:09:18]: Ok 
Debug[08:09:18]: "init 6 ASICMaster" 
Debug[08:09:18]: Ok 
Debug[08:09:18]: "init 7 RDUMMaster" 
Debug[08:09:18]: Ok 
Debug[08:09:18]: "init 8 DSI3Slave" 
Debug[08:09:20]: Ok 
Debug[08:09:20]: "init 9 Measurement" 
Debug[08:09:21]: Ok 
Debug[08:09:21]: "init 10 CFARsim" 
Debug[08:09:21]: Ok 
Debug[08:09:21]: Using SERPORT
Debug[08:09:21]: MainApp Starting... 
Debug[08:09:23]: Add applets to MainWindow...
 
Debug[08:09:23]: Initialize Connection... 
Debug[08:09:24]: signal in logmode 
Debug[08:09:24]: "INF(08:09:24.283):Mode is OK" 
Debug[08:09:24]: log_breakpoint 
Debug[08:09:24]: 5 
Debug[08:09:24]: signal in logmode 
Debug[08:09:24]: "INF(08:09:24.287):Attempt" 
Debug[08:09:24]: log_breakpoint 
Debug[08:09:24]: 5 
Debug[08:09:24]: signal in logmode 
Debug[08:09:24]: "INF(08:09:24.601):Attempt" 
Debug[08:09:24]: log_breakpoint 
Debug[08:09:24]: 5 
Debug[08:09:24]: signal in logmode 
Debug[08:09:24]: "INF(08:09:24.911):Attempt" 
Debug[08:09:24]: log_breakpoint 
Debug[08:09:24]: 5 
Debug[08:09:25]: signal in logmode 
Debug[08:09:25]: "INF(08:09:25.225):Mode is OK" 
Debug[08:09:25]: log_breakpoint 
Debug[08:09:25]: 5 
Debug[08:09:25]: signal in logmode 
Debug[08:09:25]: "INF(08:09:25.230):Attempt" 
Debug[08:09:25]: log_breakpoint 
Debug[08:09:25]: 5 
Debug[08:09:25]: signal in logmode 
Debug[08:09:25]: "INF(08:09:25.536):Attempt" 
Debug[08:09:25]: log_breakpoint 
Debug[08:09:25]: 5 
Debug[08:09:25]: signal in logmode 
Debug[08:09:25]: "INF(08:09:25.854):Attempt" 
Debug[08:09:25]: log_breakpoint 
Debug[08:09:25]: 5 
Debug[08:09:26]: signal in logmode 
Debug[08:09:26]: "INF(08:09:26.171):Mode is OK" 
Debug[08:09:26]: log_breakpoint 
Debug[08:09:26]: 5 
Debug[08:09:26]: signal in logmode 
Debug[08:09:26]: "INF(08:09:26.175):Attempt" 
Debug[08:09:26]: log_breakpoint 
Debug[08:09:26]: 5 
Debug[08:09:26]: signal in logmode 
Debug[08:09:26]: "INF(08:09:26.333):Mode is OK" 
Debug[08:09:26]: log_breakpoint 
Debug[08:09:26]: 5 
Debug[08:09:26]: signal in logmode 
Debug[08:09:26]: "INF(08:09:26.337):Attempt" 
Debug[08:09:26]: log_breakpoint 
Debug[08:09:26]: 5 
Debug[08:09:26]: signal in logmode 
Debug[08:09:26]: "INF(08:09:26.658):Attempt" 
Debug[08:09:26]: log_breakpoint 
Debug[08:09:26]: 5 
Debug[08:09:26]: signal in logmode 
Debug[08:09:26]: "INF(08:09:26.967):Attempt" 
Debug[08:09:26]: log_breakpoint 
Debug[08:09:26]: 5 
Debug[08:09:27]: signal in logmode 
Debug[08:09:27]: "INF(08:09:27.280):Mode is OK" 
Debug[08:09:27]: log_breakpoint 
Debug[08:09:27]: 5 
Debug[08:09:27]: signal in logmode 
Debug[08:09:27]: "INF(08:09:27.286):Attempt" 
Debug[08:09:27]: log_breakpoint 
Debug[08:09:27]: 5 
Debug[08:09:27]: signal in logmode 
Debug[08:09:27]: "INF(08:09:27.595):Attempt" 
Debug[08:09:27]: log_breakpoint 
Debug[08:09:27]: 5 
Debug[08:09:27]: signal in logmode 
Debug[08:09:27]: "INF(08:09:27.908):Attempt" 
Debug[08:09:27]: log_breakpoint 
Debug[08:09:27]: 5 
Debug[08:09:28]: signal in logmode 
Debug[08:09:28]: "INF(08:09:28.217):Mode is OK" 
Debug[08:09:28]: log_breakpoint 
Debug[08:09:28]: 5 
Debug[08:09:28]: signal in logmode 
Debug[08:09:28]: "INF(08:09:28.220):Attempt" 
Debug[08:09:28]: log_breakpoint 
Debug[08:09:28]: 5 
Debug[08:09:28]: signal in logmode 
Debug[08:09:28]: "INF(08:09:28.528):Attempt" 
Debug[08:09:28]: log_breakpoint 
Debug[08:09:28]: 5 
Debug[08:09:28]: signal in logmode 
Debug[08:09:28]: "INF(08:09:28.839):Attempt" 
Debug[08:09:28]: log_breakpoint 
Debug[08:09:28]: 5 
Debug[08:09:32]: signal in logmode 
Debug[08:09:32]: "INF(08:09:32.546):Mode is OK" 
Debug[08:09:32]: log_breakpoint 
Debug[08:09:32]: 5 
Debug[08:09:32]: signal in logmode 
Debug[08:09:32]: "INF(08:09:32.549):Attempt" 
Debug[08:09:32]: log_breakpoint 
Debug[08:09:32]: 5 
Debug[08:09:32]: signal in logmode 
Debug[08:09:32]: "INF(08:09:32.868):Attempt" 
Debug[08:09:32]: log_breakpoint 
Debug[08:09:32]: 5 
Debug[08:09:33]: signal in logmode 
Debug[08:09:33]: "INF(08:09:33.179):Attempt" 
Debug[08:09:33]: log_breakpoint 
Debug[08:09:33]: 5 
Debug[08:09:33]: signal in logmode 
Debug[08:09:33]: "INF(08:09:33.489):Mode is OK" 
Debug[08:09:33]: log_breakpoint 
Debug[08:09:33]: 5 
Debug[08:09:33]: signal in logmode 
Debug[08:09:33]: "INF(08:09:33.491):Attempt" 
Debug[08:09:33]: log_breakpoint 
Debug[08:09:33]: 5 
Debug[08:09:33]: signal in logmode 
Debug[08:09:33]: "INF(08:09:33.802):Attempt" 
Debug[08:09:33]: log_breakpoint 
Debug[08:09:33]: 5 
Debug[08:09:34]: signal in logmode 
Debug[08:09:34]: "INF(08:09:34.111):Attempt" 
Debug[08:09:34]: log_breakpoint 
Debug[08:09:34]: 5 
Debug[08:09:34]: signal in logmode 
Debug[08:09:34]: "INF(08:09:34.424):Mode is OK" 
Debug[08:09:34]: log_breakpoint 
Debug[08:09:34]: 5 
Debug[08:09:34]: signal in logmode 
Debug[08:09:34]: "INF(08:09:34.428):Attempt" 
Debug[08:09:34]: log_breakpoint 
Debug[08:09:34]: 5 
Debug[08:09:34]: signal in logmode 
Debug[08:09:34]: "INF(08:09:34.454):RDUM master connected" 
Debug[08:09:34]: log_breakpoint 
Debug[08:09:34]: 5 
Debug[08:09:34]: signal in logmode 
Debug[08:09:34]: "INF(08:09:34.458):Connected to \\.\COM32" 
Debug[08:09:34]: log_breakpoint 
Debug[08:09:34]: 5 
Warning[08:09:34]: Could not parse stylesheet of widget 0x2d81ea8
Debug[08:09:34]: "Resume:Logs" 
Debug[08:09:34]: "Resume:Settings" 
Debug[08:09:34]: "Resume:UartUartController" 
Debug[08:09:34]: "Resume:UartSpiController" 
Debug[08:09:34]: "Resume:UartSsiController" 
Debug[08:09:34]: "Resume:DSI3Master" 
Debug[08:09:34]: "Resume:ASICMaster" 
Debug[08:09:34]: "Resume:RDUMMaster" 
Debug[08:09:34]: "Resume:DSI3Slave" 
Debug[08:09:34]: "Resume:Measurement" 
Debug[08:09:34]: "Resume:CFARsim" 
Debug[08:14:55]: "Suspend:Settings" 
Debug[08:14:55]: "Suspend:UartUartController" 
Debug[08:14:55]: "Suspend:UartSpiController" 
Debug[08:14:55]: "Suspend:UartSsiController" 
Debug[08:14:55]: "Suspend:DSI3Master" 
Debug[08:14:55]: "Suspend:ASICMaster" 
Debug[08:14:55]: "Suspend:RDUMMaster" 
Debug[08:14:55]: "Suspend:DSI3Slave" 
Debug[08:14:55]: "Suspend:Measurement" 
Debug[08:14:55]: "Suspend:CFARsim" 
Debug[08:14:55]: signal in logmode 
Debug[08:14:55]: "INF(08:14:55.197):Disconnect by user" 
Debug[08:14:55]: log_breakpoint 
Debug[08:14:55]: 5 
Debug[08:14:55]: signal in logmode 
Debug[08:14:55]: "INF(08:14:55.383):Disconnect by user" 
Debug[08:14:55]: log_breakpoint 
Debug[08:14:55]: 5 
Warning[08:22:43]: QObject::connect: Cannot connect LocalServer::log(int,QString) to (null)::slot_addLog(int,QString)
Debug[08:22:43]: LocalServer:new "\\.\pipe\DSI3PASd" 
Debug[08:22:43]: Register specific 
Debug[08:22:44]: DynScaleCaclulate 
Debug[08:22:45]: "init 2 UartUartController" 
Debug[08:22:45]: Ok 
Debug[08:22:45]: "init 3 UartSpiController" 
Debug[08:22:45]: Ok 
Debug[08:22:45]: "init 4 UartSsiController" 
Debug[08:22:45]: Ok 
Debug[08:22:45]: "init 5 DSI3Master" 
Debug[08:22:45]: Ok 
Debug[08:22:45]: "init 6 ASICMaster" 
Debug[08:22:45]: Ok 
Debug[08:22:45]: "init 7 RDUMMaster" 
Debug[08:22:45]: Ok 
Debug[08:22:45]: "init 8 DSI3Slave" 
Debug[08:22:47]: Ok 
Debug[08:22:47]: "init 9 Measurement" 
Debug[08:22:49]: Ok 
Debug[08:22:49]: "init 10 CFARsim" 
Debug[08:22:49]: Ok 
Debug[08:22:49]: Using SERPORT
Debug[08:22:49]: MainApp Starting... 
Debug[08:22:51]: Add applets to MainWindow...
 
Debug[08:22:51]: Initialize Connection... 
Debug[08:22:51]: signal in logmode 
Debug[08:22:51]: "INF(08:22:51.480):Mode is OK" 
Debug[08:22:51]: log_breakpoint 
Debug[08:22:51]: 5 
Debug[08:22:51]: signal in logmode 
Debug[08:22:51]: "INF(08:22:51.482):Attempt" 
Debug[08:22:51]: log_breakpoint 
Debug[08:22:51]: 5 
Debug[08:22:51]: signal in logmode 
Debug[08:22:51]: "INF(08:22:51.805):Attempt" 
Debug[08:22:51]: log_breakpoint 
Debug[08:22:51]: 5 
Debug[08:22:52]: signal in logmode 
Debug[08:22:52]: "INF(08:22:52.118):Attempt" 
Debug[08:22:52]: log_breakpoint 
Debug[08:22:52]: 5 
Debug[08:22:52]: signal in logmode 
Debug[08:22:52]: "INF(08:22:52.426):Mode is OK" 
Debug[08:22:52]: log_breakpoint 
Debug[08:22:52]: 5 
Debug[08:22:52]: signal in logmode 
Debug[08:22:52]: "INF(08:22:52.430):Attempt" 
Debug[08:22:52]: log_breakpoint 
Debug[08:22:52]: 5 
Debug[08:22:52]: signal in logmode 
Debug[08:22:52]: "INF(08:22:52.741):Attempt" 
Debug[08:22:52]: log_breakpoint 
Debug[08:22:52]: 5 
Debug[08:22:53]: signal in logmode 
Debug[08:22:53]: "INF(08:22:53.053):Attempt" 
Debug[08:22:53]: log_breakpoint 
Debug[08:22:53]: 5 
Debug[08:22:53]: signal in logmode 
Debug[08:22:53]: "INF(08:22:53.365):Mode is OK" 
Debug[08:22:53]: log_breakpoint 
Debug[08:22:53]: 5 
Debug[08:22:53]: signal in logmode 
Debug[08:22:53]: "INF(08:22:53.369):Attempt" 
Debug[08:22:53]: log_breakpoint 
Debug[08:22:53]: 5 
Debug[08:22:53]: signal in logmode 
Debug[08:22:53]: "INF(08:22:53.524):Mode is OK" 
Debug[08:22:53]: log_breakpoint 
Debug[08:22:53]: 5 
Debug[08:22:53]: signal in logmode 
Debug[08:22:53]: "INF(08:22:53.529):Attempt" 
Debug[08:22:53]: log_breakpoint 
Debug[08:22:53]: 5 
Debug[08:22:53]: signal in logmode 
Debug[08:22:53]: "INF(08:22:53.849):Attempt" 
Debug[08:22:53]: log_breakpoint 
Debug[08:22:53]: 5 
Debug[08:22:54]: signal in logmode 
Debug[08:22:54]: "INF(08:22:54.160):Attempt" 
Debug[08:22:54]: log_breakpoint 
Debug[08:22:54]: 5 
Debug[08:22:54]: signal in logmode 
Debug[08:22:54]: "INF(08:22:54.471):Mode is OK" 
Debug[08:22:54]: log_breakpoint 
Debug[08:22:54]: 5 
Debug[08:22:54]: signal in logmode 
Debug[08:22:54]: "INF(08:22:54.478):Attempt" 
Debug[08:22:54]: log_breakpoint 
Debug[08:22:54]: 5 
Debug[08:22:54]: signal in logmode 
Debug[08:22:54]: "INF(08:22:54.801):Attempt" 
Debug[08:22:54]: log_breakpoint 
Debug[08:22:54]: 5 
Debug[08:22:55]: signal in logmode 
Debug[08:22:55]: "INF(08:22:55.112):Attempt" 
Debug[08:22:55]: log_breakpoint 
Debug[08:22:55]: 5 
Debug[08:22:55]: signal in logmode 
Debug[08:22:55]: "INF(08:22:55.423):Mode is OK" 
Debug[08:22:55]: log_breakpoint 
Debug[08:22:55]: 5 
Debug[08:22:55]: signal in logmode 
Debug[08:22:55]: "INF(08:22:55.433):Attempt" 
Debug[08:22:55]: log_breakpoint 
Debug[08:22:55]: 5 
Debug[08:22:55]: signal in logmode 
Debug[08:22:55]: "INF(08:22:55.754):Attempt" 
Debug[08:22:55]: log_breakpoint 
Debug[08:22:55]: 5 
Debug[08:22:56]: signal in logmode 
Debug[08:22:56]: "INF(08:22:56.068):Attempt" 
Debug[08:22:56]: log_breakpoint 
Debug[08:22:56]: 5 
Debug[08:22:59]: signal in logmode 
Debug[08:22:59]: "INF(08:22:59.549):Mode is OK" 
Debug[08:22:59]: log_breakpoint 
Debug[08:22:59]: 5 
Debug[08:22:59]: signal in logmode 
Debug[08:22:59]: "INF(08:22:59.552):Attempt" 
Debug[08:22:59]: log_breakpoint 
Debug[08:22:59]: 5 
Debug[08:22:59]: signal in logmode 
Debug[08:22:59]: "INF(08:22:59.860):Attempt" 
Debug[08:22:59]: log_breakpoint 
Debug[08:22:59]: 5 
Debug[08:23:00]: signal in logmode 
Debug[08:23:00]: "INF(08:23:00.176):Attempt" 
Debug[08:23:00]: log_breakpoint 
Debug[08:23:00]: 5 
Debug[08:23:00]: signal in logmode 
Debug[08:23:00]: "INF(08:23:00.490):Mode is OK" 
Debug[08:23:00]: log_breakpoint 
Debug[08:23:00]: 5 
Debug[08:23:00]: signal in logmode 
Debug[08:23:00]: "INF(08:23:00.493):Attempt" 
Debug[08:23:00]: log_breakpoint 
Debug[08:23:00]: 5 
Debug[08:23:00]: signal in logmode 
Debug[08:23:00]: "INF(08:23:00.801):Attempt" 
Debug[08:23:00]: log_breakpoint 
Debug[08:23:00]: 5 
Debug[08:23:01]: signal in logmode 
Debug[08:23:01]: "INF(08:23:01.113):Attempt" 
Debug[08:23:01]: log_breakpoint 
Debug[08:23:01]: 5 
Debug[08:23:01]: signal in logmode 
Debug[08:23:01]: "INF(08:23:01.425):Mode is OK" 
Debug[08:23:01]: log_breakpoint 
Debug[08:23:01]: 5 
Debug[08:23:01]: signal in logmode 
Debug[08:23:01]: "INF(08:23:01.430):Attempt" 
Debug[08:23:01]: log_breakpoint 
Debug[08:23:01]: 5 
Debug[08:23:01]: signal in logmode 
Debug[08:23:01]: "INF(08:23:01.435):RDUM master connected" 
Debug[08:23:01]: log_breakpoint 
Debug[08:23:01]: 5 
Debug[08:23:01]: signal in logmode 
Debug[08:23:01]: "INF(08:23:01.438):Connected to \\.\COM32" 
Debug[08:23:01]: log_breakpoint 
Debug[08:23:01]: 5 
Warning[08:23:01]: Could not parse stylesheet of widget 0x35d17a8
Debug[08:23:01]: "Resume:Logs" 
Debug[08:23:01]: "Resume:Settings" 
Debug[08:23:01]: "Resume:UartUartController" 
Debug[08:23:01]: "Resume:UartSpiController" 
Debug[08:23:01]: "Resume:UartSsiController" 
Debug[08:23:01]: "Resume:DSI3Master" 
Debug[08:23:01]: "Resume:ASICMaster" 
Debug[08:23:01]: "Resume:RDUMMaster" 
Debug[08:23:01]: "Resume:DSI3Slave" 
Debug[08:23:01]: "Resume:Measurement" 
Debug[08:23:01]: "Resume:CFARsim" 
Debug[08:25:11]: "Suspend:Settings" 
Debug[08:25:11]: "Suspend:UartUartController" 
Debug[08:25:11]: "Suspend:UartSpiController" 
Debug[08:25:11]: "Suspend:UartSsiController" 
Debug[08:25:11]: "Suspend:DSI3Master" 
Debug[08:25:11]: "Suspend:ASICMaster" 
Debug[08:25:11]: "Suspend:RDUMMaster" 
Debug[08:25:11]: "Suspend:DSI3Slave" 
Debug[08:25:11]: "Suspend:Measurement" 
Debug[08:25:11]: "Suspend:CFARsim" 
Debug[08:25:11]: signal in logmode 
Debug[08:25:11]: "INF(08:25:11.402):Disconnect by user" 
Debug[08:25:11]: log_breakpoint 
Debug[08:25:11]: 5 
Debug[08:25:11]: signal in logmode 
Debug[08:25:11]: "INF(08:25:11.560):Disconnect by user" 
Debug[08:25:11]: log_breakpoint 
Debug[08:25:11]: 5 
Warning[08:25:34]: QObject::connect: Cannot connect LocalServer::log(int,QString) to (null)::slot_addLog(int,QString)
Debug[08:25:34]: LocalServer:new "\\.\pipe\DSI3PASd" 
Debug[08:25:34]: Register specific 
Debug[08:25:35]: DynScaleCaclulate 
Debug[08:25:35]: "init 2 UartUartController" 
Debug[08:25:35]: Ok 
Debug[08:25:35]: "init 3 UartSpiController" 
Debug[08:25:35]: Ok 
Debug[08:25:35]: "init 4 UartSsiController" 
Debug[08:25:36]: Ok 
Debug[08:25:36]: "init 5 DSI3Master" 
Debug[08:25:36]: Ok 
Debug[08:25:36]: "init 6 ASICMaster" 
Debug[08:25:36]: Ok 
Debug[08:25:36]: "init 7 RDUMMaster" 
Debug[08:25:36]: Ok 
Debug[08:25:36]: "init 8 DSI3Slave" 
Debug[08:25:38]: Ok 
Debug[08:25:38]: "init 9 Measurement" 
Debug[08:25:39]: Ok 
Debug[08:25:39]: "init 10 CFARsim" 
Debug[08:25:39]: Ok 
Debug[08:25:39]: Using SERPORT
Debug[08:25:39]: MainApp Starting... 
Debug[08:25:41]: Add applets to MainWindow...
 
Debug[08:25:41]: Initialize Connection... 
Debug[08:25:42]: signal in logmode 
Debug[08:25:42]: "INF(08:25:42.286):Mode is OK" 
Debug[08:25:42]: log_breakpoint 
Debug[08:25:42]: 5 
Debug[08:25:42]: signal in logmode 
Debug[08:25:42]: "INF(08:25:42.289):Attempt" 
Debug[08:25:42]: log_breakpoint 
Debug[08:25:42]: 5 
Debug[08:25:42]: signal in logmode 
Debug[08:25:42]: "INF(08:25:42.606):Attempt" 
Debug[08:25:42]: log_breakpoint 
Debug[08:25:42]: 5 
Debug[08:25:42]: signal in logmode 
Debug[08:25:42]: "INF(08:25:42.915):Attempt" 
Debug[08:25:42]: log_breakpoint 
Debug[08:25:42]: 5 
Debug[08:25:43]: signal in logmode 
Debug[08:25:43]: "INF(08:25:43.229):Mode is OK" 
Debug[08:25:43]: log_breakpoint 
Debug[08:25:43]: 5 
Debug[08:25:43]: signal in logmode 
Debug[08:25:43]: "INF(08:25:43.232):Attempt" 
Debug[08:25:43]: log_breakpoint 
Debug[08:25:43]: 5 
Debug[08:25:43]: signal in logmode 
Debug[08:25:43]: "INF(08:25:43.542):Attempt" 
Debug[08:25:43]: log_breakpoint 
Debug[08:25:43]: 5 
Debug[08:25:43]: signal in logmode 
Debug[08:25:43]: "INF(08:25:43.854):Attempt" 
Debug[08:25:43]: log_breakpoint 
Debug[08:25:43]: 5 
Debug[08:25:44]: signal in logmode 
Debug[08:25:44]: "INF(08:25:44.166):Mode is OK" 
Debug[08:25:44]: log_breakpoint 
Debug[08:25:44]: 5 
Debug[08:25:44]: signal in logmode 
Debug[08:25:44]: "INF(08:25:44.171):Attempt" 
Debug[08:25:44]: log_breakpoint 
Debug[08:25:44]: 5 
Debug[08:25:44]: signal in logmode 
Debug[08:25:44]: "INF(08:25:44.326):Mode is OK" 
Debug[08:25:44]: log_breakpoint 
Debug[08:25:44]: 5 
Debug[08:25:44]: signal in logmode 
Debug[08:25:44]: "INF(08:25:44.331):Attempt" 
Debug[08:25:44]: log_breakpoint 
Debug[08:25:44]: 5 
Debug[08:25:44]: signal in logmode 
Debug[08:25:44]: "INF(08:25:44.656):Attempt" 
Debug[08:25:44]: log_breakpoint 
Debug[08:25:44]: 5 
Debug[08:25:44]: signal in logmode 
Debug[08:25:44]: "INF(08:25:44.966):Attempt" 
Debug[08:25:44]: log_breakpoint 
Debug[08:25:44]: 5 
Debug[08:25:45]: signal in logmode 
Debug[08:25:45]: "INF(08:25:45.279):Mode is OK" 
Debug[08:25:45]: log_breakpoint 
Debug[08:25:45]: 5 
Debug[08:25:45]: signal in logmode 
Debug[08:25:45]: "INF(08:25:45.283):Attempt" 
Debug[08:25:45]: log_breakpoint 
Debug[08:25:45]: 5 
Debug[08:25:45]: signal in logmode 
Debug[08:25:45]: "INF(08:25:45.591):Attempt" 
Debug[08:25:45]: log_breakpoint 
Debug[08:25:45]: 5 
Debug[08:25:45]: signal in logmode 
Debug[08:25:45]: "INF(08:25:45.903):Attempt" 
Debug[08:25:45]: log_breakpoint 
Debug[08:25:45]: 5 
Debug[08:25:46]: signal in logmode 
Debug[08:25:46]: "INF(08:25:46.215):Mode is OK" 
Debug[08:25:46]: log_breakpoint 
Debug[08:25:46]: 5 
Debug[08:25:46]: signal in logmode 
Debug[08:25:46]: "INF(08:25:46.219):Attempt" 
Debug[08:25:46]: log_breakpoint 
Debug[08:25:46]: 5 
Debug[08:25:46]: signal in logmode 
Debug[08:25:46]: "INF(08:25:46.527):Attempt" 
Debug[08:25:46]: log_breakpoint 
Debug[08:25:46]: 5 
Debug[08:25:46]: signal in logmode 
Debug[08:25:46]: "INF(08:25:46.836):Attempt" 
Debug[08:25:46]: log_breakpoint 
Debug[08:25:46]: 5 
Debug[08:25:50]: signal in logmode 
Debug[08:25:50]: "INF(08:25:50.706):Mode is OK" 
Debug[08:25:50]: log_breakpoint 
Debug[08:25:50]: 5 
Debug[08:25:50]: signal in logmode 
Debug[08:25:50]: "INF(08:25:50.710):Attempt" 
Debug[08:25:50]: log_breakpoint 
Debug[08:25:50]: 5 
Debug[08:25:51]: signal in logmode 
Debug[08:25:51]: "INF(08:25:51.026):Attempt" 
Debug[08:25:51]: log_breakpoint 
Debug[08:25:51]: 5 
Debug[08:25:51]: signal in logmode 
Debug[08:25:51]: "INF(08:25:51.337):Attempt" 
Debug[08:25:51]: log_breakpoint 
Debug[08:25:51]: 5 
Debug[08:25:51]: signal in logmode 
Debug[08:25:51]: "INF(08:25:51.647):Mode is OK" 
Debug[08:25:51]: log_breakpoint 
Debug[08:25:51]: 5 
Debug[08:25:51]: signal in logmode 
Debug[08:25:51]: "INF(08:25:51.652):Attempt" 
Debug[08:25:51]: log_breakpoint 
Debug[08:25:51]: 5 
Debug[08:25:51]: signal in logmode 
Debug[08:25:51]: "INF(08:25:51.959):Attempt" 
Debug[08:25:51]: log_breakpoint 
Debug[08:25:51]: 5 
Debug[08:25:52]: signal in logmode 
Debug[08:25:52]: "INF(08:25:52.271):Attempt" 
Debug[08:25:52]: log_breakpoint 
Debug[08:25:52]: 5 
Debug[08:25:52]: signal in logmode 
Debug[08:25:52]: "INF(08:25:52.585):Mode is OK" 
Debug[08:25:52]: log_breakpoint 
Debug[08:25:52]: 5 
Debug[08:25:52]: signal in logmode 
Debug[08:25:52]: "INF(08:25:52.590):Attempt" 
Debug[08:25:52]: log_breakpoint 
Debug[08:25:52]: 5 
Debug[08:25:52]: signal in logmode 
Debug[08:25:52]: "INF(08:25:52.617):RDUM master connected" 
Debug[08:25:52]: log_breakpoint 
Debug[08:25:52]: 5 
Debug[08:25:52]: signal in logmode 
Debug[08:25:52]: "INF(08:25:52.620):Connected to \\.\COM32" 
Debug[08:25:52]: log_breakpoint 
Debug[08:25:52]: 5 
Warning[08:25:52]: Could not parse stylesheet of widget 0x2ec1028
Debug[08:25:52]: "Resume:Logs" 
Debug[08:25:52]: "Resume:Settings" 
Debug[08:25:52]: "Resume:UartUartController" 
Debug[08:25:52]: "Resume:UartSpiController" 
Debug[08:25:52]: "Resume:UartSsiController" 
Debug[08:25:52]: "Resume:DSI3Master" 
Debug[08:25:52]: "Resume:ASICMaster" 
Debug[08:25:52]: "Resume:RDUMMaster" 
Debug[08:25:52]: "Resume:DSI3Slave" 
Debug[08:25:52]: "Resume:Measurement" 
Debug[08:25:52]: "Resume:CFARsim" 
Debug[08:33:31]: "Suspend:Settings" 
Debug[08:33:31]: "Suspend:UartUartController" 
Debug[08:33:31]: "Suspend:UartSpiController" 
Debug[08:33:31]: "Suspend:UartSsiController" 
Debug[08:33:31]: "Suspend:DSI3Master" 
Debug[08:33:31]: "Suspend:ASICMaster" 
Debug[08:33:31]: "Suspend:RDUMMaster" 
Debug[08:33:31]: "Suspend:DSI3Slave" 
Debug[08:33:31]: "Suspend:Measurement" 
Debug[08:33:31]: "Suspend:CFARsim" 
Debug[08:33:31]: signal in logmode 
Debug[08:33:31]: "INF(08:33:31.482):Disconnect by user" 
Debug[08:33:31]: log_breakpoint 
Debug[08:33:31]: 5 
Debug[08:33:31]: signal in logmode 
Debug[08:33:31]: "INF(08:33:31.508):Disconnect by user" 
Debug[08:33:31]: log_breakpoint 
Debug[08:33:31]: 5 
Warning[10:13:27]: QObject::connect: Cannot connect LocalServer::log(int,QString) to (null)::slot_addLog(int,QString)
Debug[10:13:27]: LocalServer:new "\\.\pipe\DSI3PAS" 
Debug[10:13:27]: Register specific 
Debug[10:13:28]: DynScaleCaclulate 
Debug[10:13:28]: "init 2 UartUartController" 
Debug[10:13:28]: Ok 
Debug[10:13:28]: "init 3 UartSpiController" 
Debug[10:13:28]: Ok 
Debug[10:13:28]: "init 4 UartSsiController" 
Debug[10:13:28]: Ok 
Debug[10:13:28]: "init 5 DSI3Master" 
Debug[10:13:28]: Ok 
Debug[10:13:28]: "init 6 ASICMaster" 
Debug[10:13:28]: Ok 
Debug[10:13:28]: "init 7 RDUMMaster" 
Debug[10:13:28]: Ok 
Debug[10:13:28]: "init 8 DSI3Slave" 
Debug[10:13:29]: Ok 
Debug[10:13:29]: "init 9 Measurement" 
Debug[10:13:30]: Ok 
Debug[10:13:30]: "init 10 CFARsim" 
Debug[10:13:30]: Ok 
Debug[10:13:30]: MainApp Starting... 
Debug[10:13:31]: Add applets to MainWindow...
 
Debug[10:13:31]: Initialize Connection... 
Warning[10:13:32]: QFileSystemWatcher: failed to add paths: C:/REPO/DSI3PAS2_workingdir/DSI3PAS2/Software/bin/ULSEverification_configfiles, C:/REPO/DSI3PAS2_workingdir/DSI3PAS2/Software/bin/ConfigFiles_29_1_2021_Jiri_MOBIS, C:/Users/fg6cnq/Desktop/DSI3PAS2_UART_QtSW_20210129_1511, C:/Users/zbdn9w/Desktop/Temp/CFAR QT uprava ToF, C:/Users/zbdn9w/Desktop/Temp/CFAR QT Komprimace do CSV, U:/Dokumenty/MOBIS/Crosstalk 11-2021
Debug[10:25:04]: signal in logmode 
Debug[10:25:04]: "INF(10:25:04.053):Disconnect by user" 
Debug[10:25:04]: log_breakpoint 
Debug[10:25:04]: 5 
Debug[10:25:04]: signal in logmode 
Debug[10:25:04]: "INF(10:25:04.081):Disconnect by user" 
Debug[10:25:04]: log_breakpoint 
Debug[10:25:04]: 5 
Warning[10:26:24]: QObject::connect: Cannot connect LocalServer::log(int,QString) to (null)::slot_addLog(int,QString)
Debug[10:26:24]: LocalServer:new "\\.\pipe\DSI3PAS" 
Debug[10:26:24]: Register specific 
Debug[10:26:25]: DynScaleCaclulate 
Debug[10:26:25]: "init 2 UartUartController" 
Debug[10:26:25]: Ok 
Debug[10:26:25]: "init 3 UartSpiController" 
Debug[10:26:25]: Ok 
Debug[10:26:25]: "init 4 UartSsiController" 
Debug[10:26:25]: Ok 
Debug[10:26:25]: "init 5 DSI3Master" 
Debug[10:26:25]: Ok 
Debug[10:26:25]: "init 6 ASICMaster" 
Debug[10:26:25]: Ok 
Debug[10:26:25]: "init 7 RDUMMaster" 
Debug[10:26:25]: Ok 
Debug[10:26:25]: "init 8 DSI3Slave" 
Debug[10:26:26]: Ok 
Debug[10:26:26]: "init 9 Measurement" 
Debug[10:26:27]: Ok 
Debug[10:26:27]: "init 10 CFARsim" 
Debug[10:26:27]: Ok 
Debug[10:26:27]: MainApp Starting... 
Debug[10:26:28]: Add applets to MainWindow...
 
Debug[10:26:28]: Initialize Connection... 
Debug[10:26:28]: signal in logmode 
Debug[10:26:28]: "INF(10:26:28.537):Mode is OK" 
Debug[10:26:28]: log_breakpoint 
Debug[10:26:28]: 5 
Debug[10:26:28]: signal in logmode 
Debug[10:26:28]: "INF(10:26:28.546):Attempt" 
Debug[10:26:28]: log_breakpoint 
Debug[10:26:28]: 5 
Debug[10:26:28]: signal in logmode 
Debug[10:26:28]: "INF(10:26:28.860):Attempt" 
Debug[10:26:28]: log_breakpoint 
Debug[10:26:28]: 5 
Debug[10:26:29]: signal in logmode 
Debug[10:26:29]: "INF(10:26:29.172):Attempt" 
Debug[10:26:29]: log_breakpoint 
Debug[10:26:29]: 5 
Debug[10:26:29]: signal in logmode 
Debug[10:26:29]: "INF(10:26:29.484):Mode is OK" 
Debug[10:26:29]: log_breakpoint 
Debug[10:26:29]: 5 
Debug[10:26:29]: signal in logmode 
Debug[10:26:29]: "INF(10:26:29.488):Attempt" 
Debug[10:26:29]: log_breakpoint 
Debug[10:26:29]: 5 
Debug[10:26:29]: signal in logmode 
Debug[10:26:29]: "INF(10:26:29.797):Attempt" 
Debug[10:26:29]: log_breakpoint 
Debug[10:26:29]: 5 
Debug[10:26:30]: signal in logmode 
Debug[10:26:30]: "INF(10:26:30.110):Attempt" 
Debug[10:26:30]: log_breakpoint 
Debug[10:26:30]: 5 
Debug[10:26:30]: signal in logmode 
Debug[10:26:30]: "INF(10:26:30.421):Mode is OK" 
Debug[10:26:30]: log_breakpoint 
Debug[10:26:30]: 5 
Debug[10:26:30]: signal in logmode 
Debug[10:26:30]: "INF(10:26:30.427):Attempt" 
Debug[10:26:30]: log_breakpoint 
Debug[10:26:30]: 5 
Debug[10:26:30]: signal in logmode 
Debug[10:26:30]: "INF(10:26:30.568):Mode is OK" 
Debug[10:26:30]: log_breakpoint 
Debug[10:26:30]: 5 
Debug[10:26:30]: signal in logmode 
Debug[10:26:30]: "INF(10:26:30.571):Attempt" 
Debug[10:26:30]: log_breakpoint 
Debug[10:26:30]: 5 
Debug[10:26:30]: signal in logmode 
Debug[10:26:30]: "INF(10:26:30.887):Attempt" 
Debug[10:26:30]: log_breakpoint 
Debug[10:26:30]: 5 
Debug[10:26:31]: signal in logmode 
Debug[10:26:31]: "INF(10:26:31.199):Attempt" 
Debug[10:26:31]: log_breakpoint 
Debug[10:26:31]: 5 
Debug[10:26:31]: signal in logmode 
Debug[10:26:31]: "INF(10:26:31.511):Mode is OK" 
Debug[10:26:31]: log_breakpoint 
Debug[10:26:31]: 5 
Debug[10:26:31]: signal in logmode 
Debug[10:26:31]: "INF(10:26:31.514):Attempt" 
Debug[10:26:31]: log_breakpoint 
Debug[10:26:31]: 5 
Debug[10:26:31]: signal in logmode 
Debug[10:26:31]: "INF(10:26:31.824):Attempt" 
Debug[10:26:31]: log_breakpoint 
Debug[10:26:31]: 5 
Debug[10:26:32]: signal in logmode 
Debug[10:26:32]: "INF(10:26:32.138):Attempt" 
Debug[10:26:32]: log_breakpoint 
Debug[10:26:32]: 5 
Debug[10:26:32]: signal in logmode 
Debug[10:26:32]: "INF(10:26:32.452):Mode is OK" 
Debug[10:26:32]: log_breakpoint 
Debug[10:26:32]: 5 
Debug[10:26:32]: signal in logmode 
Debug[10:26:32]: "INF(10:26:32.455):Attempt" 
Debug[10:26:32]: log_breakpoint 
Debug[10:26:32]: 5 
Debug[10:26:32]: signal in logmode 
Debug[10:26:32]: "INF(10:26:32.765):Attempt" 
Debug[10:26:32]: log_breakpoint 
Debug[10:26:32]: 5 
Debug[10:26:33]: signal in logmode 
Debug[10:26:33]: "INF(10:26:33.076):Attempt" 
Debug[10:26:33]: log_breakpoint 
Debug[10:26:33]: 5 
Warning[10:26:33]: QFileSystemWatcher: failed to add paths: C:/REPO/DSI3PAS2_workingdir/DSI3PAS2/Software/bin/ULSEverification_configfiles, C:/REPO/DSI3PAS2_workingdir/DSI3PAS2/Software/bin/ConfigFiles_29_1_2021_Jiri_MOBIS, C:/Users/fg6cnq/Desktop/DSI3PAS2_UART_QtSW_20210129_1511, C:/Users/zbdn9w/Desktop/Temp/CFAR QT uprava ToF, C:/Users/zbdn9w/Desktop/Temp/CFAR QT Komprimace do CSV, U:/Dokumenty/MOBIS/Crosstalk 11-2021
Debug[10:26:37]: signal in logmode 
Debug[10:26:37]: "INF(10:26:37.359):Mode is OK" 
Debug[10:26:37]: log_breakpoint 
Debug[10:26:37]: 5 
Debug[10:26:37]: signal in logmode 
Debug[10:26:37]: "INF(10:26:37.361):Attempt" 
Debug[10:26:37]: log_breakpoint 
Debug[10:26:37]: 5 
Debug[10:26:37]: signal in logmode 
Debug[10:26:37]: "INF(10:26:37.680):Attempt" 
Debug[10:26:37]: log_breakpoint 
Debug[10:26:37]: 5 
Debug[10:26:37]: signal in logmode 
Debug[10:26:37]: "INF(10:26:37.993):Attempt" 
Debug[10:26:37]: log_breakpoint 
Debug[10:26:37]: 5 
Debug[10:26:38]: signal in logmode 
Debug[10:26:38]: "INF(10:26:38.304):Mode is OK" 
Debug[10:26:38]: log_breakpoint 
Debug[10:26:38]: 5 
Debug[10:26:38]: signal in logmode 
Debug[10:26:38]: "INF(10:26:38.309):Attempt" 
Debug[10:26:38]: log_breakpoint 
Debug[10:26:38]: 5 
Debug[10:26:38]: signal in logmode 
Debug[10:26:38]: "INF(10:26:38.617):Attempt" 
Debug[10:26:38]: log_breakpoint 
Debug[10:26:38]: 5 
Debug[10:26:38]: signal in logmode 
Debug[10:26:38]: "INF(10:26:38.934):Attempt" 
Debug[10:26:38]: log_breakpoint 
Debug[10:26:38]: 5 
Debug[10:26:39]: signal in logmode 
Debug[10:26:39]: "INF(10:26:39.242):Mode is OK" 
Debug[10:26:39]: log_breakpoint 
Debug[10:26:39]: 5 
Debug[10:26:39]: signal in logmode 
Debug[10:26:39]: "INF(10:26:39.246):Attempt" 
Debug[10:26:39]: log_breakpoint 
Debug[10:26:39]: 5 
Debug[10:26:39]: signal in logmode 
Debug[10:26:39]: "INF(10:26:39.272):RDUM master connected" 
Debug[10:26:39]: log_breakpoint 
Debug[10:26:39]: 5 
Debug[10:26:39]: signal in logmode 
Debug[10:26:39]: "INF(10:26:39.275):Connected to \\.\COM32" 
Debug[10:26:39]: log_breakpoint 
Debug[10:26:39]: 5 
Warning[10:26:39]: Could not parse stylesheet of widget 0x2c660d8
Debug[10:26:39]: "Resume:Logs" 
Debug[10:26:39]: "Resume:Settings" 
Debug[10:26:39]: "Resume:UartUartController" 
Debug[10:26:39]: "Resume:UartSpiController" 
Debug[10:26:39]: "Resume:UartSsiController" 
Debug[10:26:39]: "Resume:DSI3Master" 
Debug[10:26:39]: "Resume:ASICMaster" 
Debug[10:26:39]: "Resume:RDUMMaster" 
Debug[10:26:39]: "Resume:DSI3Slave" 
Debug[10:26:39]: "Resume:Measurement" 
Debug[10:26:39]: "Resume:CFARsim" 
Debug[12:26:34]: signal in logmode 
Debug[12:26:34]: "RX_ERR(+7195s):RX Data without end char" 
Debug[12:26:34]: log_breakpoint 
Debug[12:26:34]: 5 
Debug[12:26:34]: signal in logmode 
Debug[12:26:34]: "UART-UART RX(+0ms):No end char:" 
Debug[12:26:34]: log_breakpoint 
Debug[12:26:34]: 5 
Debug[12:26:35]: signal in logmode 
Debug[12:26:35]: "RX_ERR(+801ms):RX Data without end char" 
Debug[12:26:35]: log_breakpoint 
Debug[12:26:35]: 5 
Debug[12:26:35]: signal in logmode 
Debug[12:26:35]: "UART-UART RX(+1ms):No end char:" 
Debug[12:26:35]: log_breakpoint 
Debug[12:26:35]: 5 
Debug[12:26:36]: signal in logmode 
Debug[12:26:36]: "RX_ERR(+802ms):RX Data without end char" 
Debug[12:26:36]: log_breakpoint 
Debug[12:26:36]: 5 
Debug[12:26:36]: signal in logmode 
Debug[12:26:36]: "UART-UART RX(+0ms):No end char:" 
Debug[12:26:36]: log_breakpoint 
Debug[12:26:36]: 5 
Debug[12:26:37]: signal in logmode 
Debug[12:26:37]: "RX_ERR(+801ms):RX Data without end char" 
Debug[12:26:37]: log_breakpoint 
Debug[12:26:37]: 5 
Debug[12:26:37]: signal in logmode 
Debug[12:26:37]: "UART-UART RX(+1ms):No end char:" 
Debug[12:26:37]: log_breakpoint 
Debug[12:26:37]: 5 
Debug[12:26:37]: signal in logmode 
Debug[12:26:37]: "RX_ERR(+802ms):RX Data without end char" 
Debug[12:26:37]: log_breakpoint 
Debug[12:26:37]: 5 
Debug[12:26:37]: signal in logmode 
Debug[12:26:37]: "UART-UART RX(+2ms):No end char:" 
Debug[12:26:37]: log_breakpoint 
Debug[12:26:37]: 5 
Debug[12:26:38]: signal in logmode 
Debug[12:26:38]: "RX_ERR(+801ms):RX Data without end char" 
Debug[12:26:38]: log_breakpoint 
Debug[12:26:38]: 5 
Debug[12:26:38]: signal in logmode 
Debug[12:26:38]: "UART-UART RX(+1ms):No end char:" 
Debug[12:26:38]: log_breakpoint 
Debug[12:26:38]: 5 
Debug[12:26:39]: signal in logmode 
Debug[12:26:39]: "RX_ERR(+803ms):RX Data without end char" 
Debug[12:26:39]: log_breakpoint 
Debug[12:26:39]: 5 
Debug[12:26:39]: signal in logmode 
Debug[12:26:39]: "UART-UART RX(+1ms):No end char:" 
Debug[12:26:39]: log_breakpoint 
Debug[12:26:39]: 5 
Debug[12:26:40]: signal in logmode 
Debug[12:26:40]: "RX_ERR(+805ms):RX Data without end char" 
Debug[12:26:40]: log_breakpoint 
Debug[12:26:40]: 5 
Debug[12:26:40]: signal in logmode 
Debug[12:26:40]: "UART-UART RX(+0ms):No end char:" 
Debug[12:26:40]: log_breakpoint 
Debug[12:26:40]: 5 
Debug[12:26:41]: signal in logmode 
Debug[12:26:41]: "RX_ERR(+800ms):RX Data without end char" 
Debug[12:26:41]: log_breakpoint 
Debug[12:26:41]: 5 
Debug[12:26:41]: signal in logmode 
Debug[12:26:41]: "UART-UART RX(+1ms):No end char:" 
Debug[12:26:41]: log_breakpoint 
Debug[12:26:41]: 5 
Debug[12:26:42]: "Suspend:Settings" 
Debug[12:26:42]: "Suspend:UartUartController" 
Debug[12:26:42]: "Suspend:UartSpiController" 
Debug[12:26:42]: "Suspend:UartSsiController" 
Debug[12:26:42]: "Suspend:DSI3Master" 
Debug[12:26:42]: "Suspend:ASICMaster" 
Debug[12:26:42]: "Suspend:RDUMMaster" 
Debug[12:26:42]: "Suspend:DSI3Slave" 
Debug[12:26:42]: "Suspend:Measurement" 
Debug[12:26:42]: "Suspend:CFARsim" 
Debug[12:26:42]: signal in logmode 
Debug[12:26:42]: "INF(12:26:42.341):Disconnect by user" 
Debug[12:26:42]: log_breakpoint 
Debug[12:26:42]: 5 
Debug[12:26:42]: signal in logmode 
Debug[12:26:42]: "INF(12:26:42.371):Disconnect by user" 
Debug[12:26:42]: log_breakpoint 
Debug[12:26:42]: 5 
Warning[12:57:39]: QObject::connect: Cannot connect LocalServer::log(int,QString) to (null)::slot_addLog(int,QString)
Debug[12:57:39]: LocalServer:new "\\.\pipe\DSI3PAS" 
Debug[12:57:39]: Register specific 
Debug[12:57:39]: DynScaleCaclulate 
Debug[12:57:39]: "init 2 UartUartController" 
Debug[12:57:39]: Ok 
Debug[12:57:39]: "init 3 UartSpiController" 
Debug[12:57:39]: Ok 
Debug[12:57:39]: "init 4 UartSsiController" 
Debug[12:57:39]: Ok 
Debug[12:57:39]: "init 5 DSI3Master" 
Debug[12:57:39]: Ok 
Debug[12:57:39]: "init 6 ASICMaster" 
Debug[12:57:39]: Ok 
Debug[12:57:39]: "init 7 RDUMMaster" 
Debug[12:57:39]: Ok 
Debug[12:57:40]: "init 8 DSI3Slave" 
Debug[12:57:40]: Ok 
Debug[12:57:40]: "init 9 Measurement" 
Debug[12:57:41]: Ok 
Debug[12:57:41]: "init 10 CFARsim" 
Debug[12:57:41]: Ok 
Debug[12:57:41]: MainApp Starting... 
Debug[12:57:42]: Add applets to MainWindow...
 
Debug[12:57:42]: Initialize Connection... 
Debug[12:57:42]: signal in logmode 
Debug[12:57:42]: "INF(12:57:42.749):Mode is OK" 
Debug[12:57:42]: log_breakpoint 
Debug[12:57:42]: 5 
Debug[12:57:42]: signal in logmode 
Debug[12:57:42]: "INF(12:57:42.751):Attempt" 
Debug[12:57:42]: log_breakpoint 
Debug[12:57:42]: 5 
Debug[12:57:43]: signal in logmode 
Debug[12:57:43]: "INF(12:57:43.060):Attempt" 
Debug[12:57:43]: log_breakpoint 
Debug[12:57:43]: 5 
Debug[12:57:43]: signal in logmode 
Debug[12:57:43]: "INF(12:57:43.372):Attempt" 
Debug[12:57:43]: log_breakpoint 
Debug[12:57:43]: 5 
Debug[12:57:43]: signal in logmode 
Debug[12:57:43]: "INF(12:57:43.683):Mode is OK" 
Debug[12:57:43]: log_breakpoint 
Debug[12:57:43]: 5 
Debug[12:57:43]: signal in logmode 
Debug[12:57:43]: "INF(12:57:43.687):Attempt" 
Debug[12:57:43]: log_breakpoint 
Debug[12:57:43]: 5 
Debug[12:57:43]: signal in logmode 
Debug[12:57:43]: "INF(12:57:43.998):Attempt" 
Debug[12:57:43]: log_breakpoint 
Debug[12:57:44]: 5 
Debug[12:57:44]: signal in logmode 
Debug[12:57:44]: "INF(12:57:44.311):Attempt" 
Debug[12:57:44]: log_breakpoint 
Debug[12:57:44]: 5 
Debug[12:57:44]: signal in logmode 
Debug[12:57:44]: "INF(12:57:44.626):Mode is OK" 
Debug[12:57:44]: log_breakpoint 
Debug[12:57:44]: 5 
Debug[12:57:44]: signal in logmode 
Debug[12:57:44]: "INF(12:57:44.629):Attempt" 
Debug[12:57:44]: log_breakpoint 
Debug[12:57:44]: 5 
Debug[12:57:44]: signal in logmode 
Debug[12:57:44]: "INF(12:57:44.786):Mode is OK" 
Debug[12:57:44]: log_breakpoint 
Debug[12:57:44]: 5 
Debug[12:57:44]: signal in logmode 
Debug[12:57:44]: "INF(12:57:44.789):Attempt" 
Debug[12:57:44]: log_breakpoint 
Debug[12:57:44]: 5 
Debug[12:57:45]: signal in logmode 
Debug[12:57:45]: "INF(12:57:45.091):Attempt" 
Debug[12:57:45]: log_breakpoint 
Debug[12:57:45]: 5 
Debug[12:57:45]: signal in logmode 
Debug[12:57:45]: "INF(12:57:45.403):Attempt" 
Debug[12:57:45]: log_breakpoint 
Debug[12:57:45]: 5 
Debug[12:57:45]: signal in logmode 
Debug[12:57:45]: "INF(12:57:45.719):Mode is OK" 
Debug[12:57:45]: log_breakpoint 
Debug[12:57:45]: 5 
Debug[12:57:45]: signal in logmode 
Debug[12:57:45]: "INF(12:57:45.722):Attempt" 
Debug[12:57:45]: log_breakpoint 
Debug[12:57:45]: 5 
Debug[12:57:46]: signal in logmode 
Debug[12:57:46]: "INF(12:57:46.031):Attempt" 
Debug[12:57:46]: log_breakpoint 
Debug[12:57:46]: 5 
Debug[12:57:46]: signal in logmode 
Debug[12:57:46]: "INF(12:57:46.342):Attempt" 
Debug[12:57:46]: log_breakpoint 
Debug[12:57:46]: 5 
Debug[12:57:46]: signal in logmode 
Debug[12:57:46]: "INF(12:57:46.654):Mode is OK" 
Debug[12:57:46]: log_breakpoint 
Debug[12:57:46]: 5 
Debug[12:57:46]: signal in logmode 
Debug[12:57:46]: "INF(12:57:46.658):Attempt" 
Debug[12:57:46]: log_breakpoint 
Debug[12:57:46]: 5 
Debug[12:57:46]: signal in logmode 
Debug[12:57:46]: "INF(12:57:46.969):Attempt" 
Debug[12:57:46]: log_breakpoint 
Debug[12:57:46]: 5 
Debug[12:57:47]: signal in logmode 
Debug[12:57:47]: "INF(12:57:47.279):Attempt" 
Debug[12:57:47]: log_breakpoint 
Debug[12:57:47]: 5 
Warning[12:57:47]: QFileSystemWatcher: failed to add paths: C:/REPO/DSI3PAS2_workingdir/DSI3PAS2/Software/bin/ULSEverification_configfiles, C:/REPO/DSI3PAS2_workingdir/DSI3PAS2/Software/bin/ConfigFiles_29_1_2021_Jiri_MOBIS, C:/Users/fg6cnq/Desktop/DSI3PAS2_UART_QtSW_20210129_1511, C:/Users/zbdn9w/Desktop/Temp/CFAR QT uprava ToF, C:/Users/zbdn9w/Desktop/Temp/CFAR QT Komprimace do CSV, U:/Dokumenty/MOBIS/Crosstalk 11-2021
Debug[12:57:51]: signal in logmode 
Debug[12:57:51]: "INF(12:57:51.110):Mode is OK" 
Debug[12:57:51]: log_breakpoint 
Debug[12:57:51]: 5 
Debug[12:57:51]: signal in logmode 
Debug[12:57:51]: "INF(12:57:51.112):Attempt" 
Debug[12:57:51]: log_breakpoint 
Debug[12:57:51]: 5 
Debug[12:57:51]: signal in logmode 
Debug[12:57:51]: "INF(12:57:51.431):Attempt" 
Debug[12:57:51]: log_breakpoint 
Debug[12:57:51]: 5 
Debug[12:57:51]: signal in logmode 
Debug[12:57:51]: "INF(12:57:51.745):Attempt" 
Debug[12:57:51]: log_breakpoint 
Debug[12:57:51]: 5 
Debug[12:57:52]: signal in logmode 
Debug[12:57:52]: "INF(12:57:52.055):Mode is OK" 
Debug[12:57:52]: log_breakpoint 
Debug[12:57:52]: 5 
Debug[12:57:52]: signal in logmode 
Debug[12:57:52]: "INF(12:57:52.059):Attempt" 
Debug[12:57:52]: log_breakpoint 
Debug[12:57:52]: 5 
Debug[12:57:52]: signal in logmode 
Debug[12:57:52]: "INF(12:57:52.365):Attempt" 
Debug[12:57:52]: log_breakpoint 
Debug[12:57:52]: 5 
Debug[12:57:52]: signal in logmode 
Debug[12:57:52]: "INF(12:57:52.677):Attempt" 
Debug[12:57:52]: log_breakpoint 
Debug[12:57:52]: 5 
Debug[12:57:52]: signal in logmode 
Debug[12:57:52]: "INF(12:57:52.990):Mode is OK" 
Debug[12:57:52]: log_breakpoint 
Debug[12:57:52]: 5 
Debug[12:57:52]: signal in logmode 
Debug[12:57:52]: "INF(12:57:52.994):Attempt" 
Debug[12:57:52]: log_breakpoint 
Debug[12:57:52]: 5 
Debug[12:57:53]: signal in logmode 
Debug[12:57:53]: "INF(12:57:53.020):RDUM master connected" 
Debug[12:57:53]: log_breakpoint 
Debug[12:57:53]: 5 
Debug[12:57:53]: signal in logmode 
Debug[12:57:53]: "INF(12:57:53.023):Connected to \\.\COM16" 
Debug[12:57:53]: log_breakpoint 
Debug[12:57:53]: 5 
Warning[12:57:53]: Could not parse stylesheet of widget 0x32c9ff0
Debug[12:57:53]: "Resume:Logs" 
Debug[12:57:53]: "Resume:Settings" 
Debug[12:57:53]: "Resume:UartUartController" 
Debug[12:57:53]: "Resume:UartSpiController" 
Debug[12:57:53]: "Resume:UartSsiController" 
Debug[12:57:53]: "Resume:DSI3Master" 
Debug[12:57:53]: "Resume:ASICMaster" 
Debug[12:57:53]: "Resume:RDUMMaster" 
Debug[12:57:53]: "Resume:DSI3Slave" 
Debug[12:57:53]: "Resume:Measurement" 
Debug[12:57:53]: "Resume:CFARsim" 
Debug[13:00:10]: "Suspend:Settings" 
Debug[13:00:10]: "Suspend:UartUartController" 
Debug[13:00:10]: "Suspend:UartSpiController" 
Debug[13:00:10]: "Suspend:UartSsiController" 
Debug[13:00:10]: "Suspend:DSI3Master" 
Debug[13:00:10]: "Suspend:ASICMaster" 
Debug[13:00:10]: "Suspend:RDUMMaster" 
Debug[13:00:10]: "Suspend:DSI3Slave" 
Debug[13:00:10]: "Suspend:Measurement" 
Debug[13:00:10]: "Suspend:CFARsim" 
Debug[13:00:10]: signal in logmode 
Debug[13:00:10]: "INF(13:00:10.796):Disconnect by user" 
Debug[13:00:10]: log_breakpoint 
Debug[13:00:10]: 5 
Debug[13:00:10]: signal in logmode 
Debug[13:00:10]: "INF(13:00:10.935):Disconnect by user" 
Debug[13:00:10]: log_breakpoint 
Debug[13:00:10]: 5 
Warning[13:00:17]: QObject::connect: Cannot connect LocalServer::log(int,QString) to (null)::slot_addLog(int,QString)
Debug[13:00:17]: LocalServer:new "\\.\pipe\DSI3PAS" 
Debug[13:00:17]: Register specific 
Debug[13:00:18]: DynScaleCaclulate 
Debug[13:00:18]: "init 2 UartUartController" 
Debug[13:00:18]: Ok 
Debug[13:00:18]: "init 3 UartSpiController" 
Debug[13:00:18]: Ok 
Debug[13:00:18]: "init 4 UartSsiController" 
Debug[13:00:18]: Ok 
Debug[13:00:18]: "init 5 DSI3Master" 
Debug[13:00:18]: Ok 
Debug[13:00:18]: "init 6 ASICMaster" 
Debug[13:00:18]: Ok 
Debug[13:00:18]: "init 7 RDUMMaster" 
Debug[13:00:18]: Ok 
Debug[13:00:18]: "init 8 DSI3Slave" 
Debug[13:00:19]: Ok 
Debug[13:00:19]: "init 9 Measurement" 
Debug[13:00:20]: Ok 
Debug[13:00:20]: "init 10 CFARsim" 
Debug[13:00:20]: Ok 
Debug[13:00:20]: MainApp Starting... 
Debug[13:00:20]: Add applets to MainWindow...
 
Debug[13:00:20]: Initialize Connection... 
Debug[13:00:21]: signal in logmode 
Debug[13:00:21]: "INF(13:00:21.134):Mode is OK" 
Debug[13:00:21]: log_breakpoint 
Debug[13:00:21]: 5 
Debug[13:00:21]: signal in logmode 
Debug[13:00:21]: "INF(13:00:21.136):Attempt" 
Debug[13:00:21]: log_breakpoint 
Debug[13:00:21]: 5 
Debug[13:00:21]: signal in logmode 
Debug[13:00:21]: "INF(13:00:21.446):Attempt" 
Debug[13:00:21]: log_breakpoint 
Debug[13:00:21]: 5 
Debug[13:00:21]: signal in logmode 
Debug[13:00:21]: "INF(13:00:21.756):Attempt" 
Debug[13:00:21]: log_breakpoint 
Debug[13:00:21]: 5 
Debug[13:00:22]: signal in logmode 
Debug[13:00:22]: "INF(13:00:22.068):Mode is OK" 
Debug[13:00:22]: log_breakpoint 
Debug[13:00:22]: 5 
Debug[13:00:22]: signal in logmode 
Debug[13:00:22]: "INF(13:00:22.071):Attempt" 
Debug[13:00:22]: log_breakpoint 
Debug[13:00:22]: 5 
Debug[13:00:22]: signal in logmode 
Debug[13:00:22]: "INF(13:00:22.378):Attempt" 
Debug[13:00:22]: log_breakpoint 
Debug[13:00:22]: 5 
Debug[13:00:22]: signal in logmode 
Debug[13:00:22]: "INF(13:00:22.691):Attempt" 
Debug[13:00:22]: log_breakpoint 
Debug[13:00:22]: 5 
Debug[13:00:23]: signal in logmode 
Debug[13:00:23]: "INF(13:00:23.005):Mode is OK" 
Debug[13:00:23]: log_breakpoint 
Debug[13:00:23]: 5 
Debug[13:00:23]: signal in logmode 
Debug[13:00:23]: "INF(13:00:23.009):Attempt" 
Debug[13:00:23]: log_breakpoint 
Debug[13:00:23]: 5 
Debug[13:00:23]: signal in logmode 
Debug[13:00:23]: "INF(13:00:23.160):Mode is OK" 
Debug[13:00:23]: log_breakpoint 
Debug[13:00:23]: 5 
Debug[13:00:23]: signal in logmode 
Debug[13:00:23]: "INF(13:00:23.163):Attempt" 
Debug[13:00:23]: log_breakpoint 
Debug[13:00:23]: 5 
Debug[13:00:23]: signal in logmode 
Debug[13:00:23]: "INF(13:00:23.474):Attempt" 
Debug[13:00:23]: log_breakpoint 
Debug[13:00:23]: 5 
Debug[13:00:23]: signal in logmode 
Debug[13:00:23]: "INF(13:00:23.782):Attempt" 
Debug[13:00:23]: log_breakpoint 
Debug[13:00:23]: 5 
Debug[13:00:24]: signal in logmode 
Debug[13:00:24]: "INF(13:00:24.095):Mode is OK" 
Debug[13:00:24]: log_breakpoint 
Debug[13:00:24]: 5 
Debug[13:00:24]: signal in logmode 
Debug[13:00:24]: "INF(13:00:24.100):Attempt" 
Debug[13:00:24]: log_breakpoint 
Debug[13:00:24]: 5 
Debug[13:00:24]: signal in logmode 
Debug[13:00:24]: "INF(13:00:24.405):Attempt" 
Debug[13:00:24]: log_breakpoint 
Debug[13:00:24]: 5 
Debug[13:00:24]: signal in logmode 
Debug[13:00:24]: "INF(13:00:24.717):Attempt" 
Debug[13:00:24]: log_breakpoint 
Debug[13:00:24]: 5 
Debug[13:00:25]: signal in logmode 
Debug[13:00:25]: "INF(13:00:25.030):Mode is OK" 
Debug[13:00:25]: log_breakpoint 
Debug[13:00:25]: 5 
Debug[13:00:25]: signal in logmode 
Debug[13:00:25]: "INF(13:00:25.034):Attempt" 
Debug[13:00:25]: log_breakpoint 
Debug[13:00:25]: 5 
Debug[13:00:25]: signal in logmode 
Debug[13:00:25]: "INF(13:00:25.345):Attempt" 
Debug[13:00:25]: log_breakpoint 
Debug[13:00:25]: 5 
Debug[13:00:25]: signal in logmode 
Debug[13:00:25]: "INF(13:00:25.653):Attempt" 
Debug[13:00:25]: log_breakpoint 
Debug[13:00:25]: 5 
Warning[13:00:26]: QFileSystemWatcher: failed to add paths: C:/REPO/DSI3PAS2_workingdir/DSI3PAS2/Software/bin/ULSEverification_configfiles, C:/REPO/DSI3PAS2_workingdir/DSI3PAS2/Software/bin/ConfigFiles_29_1_2021_Jiri_MOBIS, C:/Users/fg6cnq/Desktop/DSI3PAS2_UART_QtSW_20210129_1511, C:/Users/zbdn9w/Desktop/Temp/CFAR QT uprava ToF, C:/Users/zbdn9w/Desktop/Temp/CFAR QT Komprimace do CSV, U:/Dokumenty/MOBIS/Crosstalk 11-2021
Debug[13:01:12]: signal in logmode 
Debug[13:01:12]: "INF(13:01:12.979):Mode is OK" 
Debug[13:01:12]: log_breakpoint 
Debug[13:01:12]: 5 
Debug[13:01:12]: signal in logmode 
Debug[13:01:12]: "INF(13:01:12.982):Attempt" 
Debug[13:01:12]: log_breakpoint 
Debug[13:01:12]: 5 
Debug[13:01:13]: signal in logmode 
Debug[13:01:13]: "INF(13:01:13.302):Attempt" 
Debug[13:01:13]: log_breakpoint 
Debug[13:01:13]: 5 
Debug[13:01:13]: signal in logmode 
Debug[13:01:13]: "INF(13:01:13.612):Attempt" 
Debug[13:01:13]: log_breakpoint 
Debug[13:01:13]: 5 
Debug[13:01:13]: signal in logmode 
Debug[13:01:13]: "INF(13:01:13.925):Mode is OK" 
Debug[13:01:13]: log_breakpoint 
Debug[13:01:13]: 5 
Debug[13:01:13]: signal in logmode 
Debug[13:01:13]: "INF(13:01:13.928):Attempt" 
Debug[13:01:13]: log_breakpoint 
Debug[13:01:13]: 5 
Debug[13:01:14]: signal in logmode 
Debug[13:01:14]: "INF(13:01:14.236):Attempt" 
Debug[13:01:14]: log_breakpoint 
Debug[13:01:14]: 5 
Debug[13:01:14]: signal in logmode 
Debug[13:01:14]: "INF(13:01:14.546):Attempt" 
Debug[13:01:14]: log_breakpoint 
Debug[13:01:14]: 5 
Debug[13:01:14]: signal in logmode 
Debug[13:01:14]: "INF(13:01:14.861):Mode is OK" 
Debug[13:01:14]: log_breakpoint 
Debug[13:01:14]: 5 
Debug[13:01:14]: signal in logmode 
Debug[13:01:14]: "INF(13:01:14.864):Attempt" 
Debug[13:01:14]: log_breakpoint 
Debug[13:01:14]: 5 
Debug[13:01:14]: signal in logmode 
Debug[13:01:14]: "INF(13:01:14.892):RDUM master connected" 
Debug[13:01:14]: log_breakpoint 
Debug[13:01:14]: 5 
Debug[13:01:14]: signal in logmode 
Debug[13:01:14]: "INF(13:01:14.896):Connected to \\.\COM16" 
Debug[13:01:14]: log_breakpoint 
Debug[13:01:14]: 5 
Warning[13:01:14]: Could not parse stylesheet of widget 0x2af39f8
Debug[13:01:14]: "Resume:Logs" 
Debug[13:01:14]: "Resume:Settings" 
Debug[13:01:14]: "Resume:UartUartController" 
Debug[13:01:14]: "Resume:UartSpiController" 
Debug[13:01:14]: "Resume:UartSsiController" 
Debug[13:01:14]: "Resume:DSI3Master" 
Debug[13:01:14]: "Resume:ASICMaster" 
Debug[13:01:14]: "Resume:RDUMMaster" 
Debug[13:01:14]: "Resume:DSI3Slave" 
Debug[13:01:14]: "Resume:Measurement" 
Debug[13:01:14]: "Resume:CFARsim" 
Debug[13:01:47]: "Suspend:Settings" 
Debug[13:01:47]: "Suspend:UartUartController" 
Debug[13:01:47]: "Suspend:UartSpiController" 
Debug[13:01:47]: "Suspend:UartSsiController" 
Debug[13:01:47]: "Suspend:DSI3Master" 
Debug[13:01:47]: "Suspend:ASICMaster" 
Debug[13:01:47]: "Suspend:RDUMMaster" 
Debug[13:01:47]: "Suspend:DSI3Slave" 
Debug[13:01:47]: "Suspend:Measurement" 
Debug[13:01:47]: "Suspend:CFARsim" 
Debug[13:01:47]: signal in logmode 
Debug[13:01:47]: "INF(13:01:47.452):Disconnect by user" 
Debug[13:01:47]: log_breakpoint 
Debug[13:01:47]: 5 
Debug[13:01:47]: signal in logmode 
Debug[13:01:47]: "INF(13:01:47.602):Disconnect by user" 
Debug[13:01:47]: log_breakpoint 
Debug[13:01:47]: 5 
Warning[13:02:26]: QObject::connect: Cannot connect LocalServer::log(int,QString) to (null)::slot_addLog(int,QString)
Debug[13:02:26]: LocalServer:new "\\.\pipe\DSI3PAS" 
Debug[13:02:26]: Register specific 
Debug[13:02:27]: DynScaleCaclulate 
Debug[13:02:27]: "init 2 UartUartController" 
Debug[13:02:27]: Ok 
Debug[13:02:27]: "init 3 UartSpiController" 
Debug[13:02:27]: Ok 
Debug[13:02:27]: "init 4 UartSsiController" 
Debug[13:02:27]: Ok 
Debug[13:02:27]: "init 5 DSI3Master" 
Debug[13:02:27]: Ok 
Debug[13:02:27]: "init 6 ASICMaster" 
Debug[13:02:27]: Ok 
Debug[13:02:27]: "init 7 RDUMMaster" 
Debug[13:02:27]: Ok 
Debug[13:02:27]: "init 8 DSI3Slave" 
Debug[13:02:28]: Ok 
Debug[13:02:28]: "init 9 Measurement" 
Debug[13:02:29]: Ok 
Debug[13:02:29]: "init 10 CFARsim" 
Debug[13:02:29]: Ok 
Debug[13:02:29]: MainApp Starting... 
Debug[13:02:29]: Add applets to MainWindow...
 
Debug[13:02:29]: Initialize Connection... 
Debug[13:02:30]: signal in logmode 
Debug[13:02:30]: "INF(13:02:30.261):Mode is OK" 
Debug[13:02:30]: log_breakpoint 
Debug[13:02:30]: 5 
Debug[13:02:30]: signal in logmode 
Debug[13:02:30]: "INF(13:02:30.263):Attempt" 
Debug[13:02:30]: log_breakpoint 
Debug[13:02:30]: 5 
Debug[13:02:30]: signal in logmode 
Debug[13:02:30]: "INF(13:02:30.584):Attempt" 
Debug[13:02:30]: log_breakpoint 
Debug[13:02:30]: 5 
Debug[13:02:30]: signal in logmode 
Debug[13:02:30]: "INF(13:02:30.893):Attempt" 
Debug[13:02:30]: log_breakpoint 
Debug[13:02:30]: 5 
Debug[13:02:31]: signal in logmode 
Debug[13:02:31]: "INF(13:02:31.206):Mode is OK" 
Debug[13:02:31]: log_breakpoint 
Debug[13:02:31]: 5 
Debug[13:02:31]: signal in logmode 
Debug[13:02:31]: "INF(13:02:31.210):Attempt" 
Debug[13:02:31]: log_breakpoint 
Debug[13:02:31]: 5 
Debug[13:02:31]: signal in logmode 
Debug[13:02:31]: "INF(13:02:31.519):Attempt" 
Debug[13:02:31]: log_breakpoint 
Debug[13:02:31]: 5 
Debug[13:02:31]: signal in logmode 
Debug[13:02:31]: "INF(13:02:31.833):Attempt" 
Debug[13:02:31]: log_breakpoint 
Debug[13:02:31]: 5 
Debug[13:02:32]: signal in logmode 
Debug[13:02:32]: "INF(13:02:32.144):Mode is OK" 
Debug[13:02:32]: log_breakpoint 
Debug[13:02:32]: 5 
Debug[13:02:32]: signal in logmode 
Debug[13:02:32]: "INF(13:02:32.148):Attempt" 
Debug[13:02:32]: log_breakpoint 
Debug[13:02:32]: 5 
Debug[13:02:32]: signal in logmode 
Debug[13:02:32]: "INF(13:02:32.295):Mode is OK" 
Debug[13:02:32]: log_breakpoint 
Debug[13:02:32]: 5 
Debug[13:02:32]: signal in logmode 
Debug[13:02:32]: "INF(13:02:32.299):Attempt" 
Debug[13:02:32]: log_breakpoint 
Debug[13:02:32]: 5 
Debug[13:02:32]: signal in logmode 
Debug[13:02:32]: "INF(13:02:32.610):Attempt" 
Debug[13:02:32]: log_breakpoint 
Debug[13:02:32]: 5 
Debug[13:02:32]: signal in logmode 
Debug[13:02:32]: "INF(13:02:32.921):Attempt" 
Debug[13:02:32]: log_breakpoint 
Debug[13:02:32]: 5 
Debug[13:02:33]: signal in logmode 
Debug[13:02:33]: "INF(13:02:33.234):Mode is OK" 
Debug[13:02:33]: log_breakpoint 
Debug[13:02:33]: 5 
Debug[13:02:33]: signal in logmode 
Debug[13:02:33]: "INF(13:02:33.239):Attempt" 
Debug[13:02:33]: log_breakpoint 
Debug[13:02:33]: 5 
Debug[13:02:33]: signal in logmode 
Debug[13:02:33]: "INF(13:02:33.543):Attempt" 
Debug[13:02:33]: log_breakpoint 
Debug[13:02:33]: 5 
Debug[13:02:33]: signal in logmode 
Debug[13:02:33]: "INF(13:02:33.857):Attempt" 
Debug[13:02:33]: log_breakpoint 
Debug[13:02:33]: 5 
Debug[13:02:34]: signal in logmode 
Debug[13:02:34]: "INF(13:02:34.171):Mode is OK" 
Debug[13:02:34]: log_breakpoint 
Debug[13:02:34]: 5 
Debug[13:02:34]: signal in logmode 
Debug[13:02:34]: "INF(13:02:34.174):Attempt" 
Debug[13:02:34]: log_breakpoint 
Debug[13:02:34]: 5 
Debug[13:02:34]: signal in logmode 
Debug[13:02:34]: "INF(13:02:34.481):Attempt" 
Debug[13:02:34]: log_breakpoint 
Debug[13:02:34]: 5 
Debug[13:02:34]: signal in logmode 
Debug[13:02:34]: "INF(13:02:34.794):Attempt" 
Debug[13:02:34]: log_breakpoint 
Debug[13:02:34]: 5 
Warning[13:02:35]: QFileSystemWatcher: failed to add paths: C:/REPO/DSI3PAS2_workingdir/DSI3PAS2/Software/bin/ULSEverification_configfiles, C:/REPO/DSI3PAS2_workingdir/DSI3PAS2/Software/bin/ConfigFiles_29_1_2021_Jiri_MOBIS, C:/Users/fg6cnq/Desktop/DSI3PAS2_UART_QtSW_20210129_1511, C:/Users/zbdn9w/Desktop/Temp/CFAR QT uprava ToF, C:/Users/zbdn9w/Desktop/Temp/CFAR QT Komprimace do CSV, U:/Dokumenty/MOBIS/Crosstalk 11-2021
Debug[13:02:36]: signal in logmode 
Debug[13:02:36]: "INF(13:02:36.476):Disconnect by user" 
Debug[13:02:36]: log_breakpoint 
Debug[13:02:36]: 5 
Debug[13:02:36]: signal in logmode 
Debug[13:02:36]: "INF(13:02:36.498):Disconnect by user" 
Debug[13:02:36]: log_breakpoint 
Debug[13:02:36]: 5 
Warning[13:16:22]: QObject::connect: Cannot connect LocalServer::log(int,QString) to (null)::slot_addLog(int,QString)
Debug[13:16:22]: LocalServer:new "\\.\pipe\DSI3PAS" 
Debug[13:16:22]: Register specific 
Debug[13:16:23]: DynScaleCaclulate 
Debug[13:16:23]: "init 2 UartUartController" 
Debug[13:16:23]: Ok 
Debug[13:16:23]: "init 3 UartSpiController" 
Debug[13:16:23]: Ok 
Debug[13:16:23]: "init 4 UartSsiController" 
Debug[13:16:23]: Ok 
Debug[13:16:23]: "init 5 DSI3Master" 
Debug[13:16:23]: Ok 
Debug[13:16:23]: "init 6 ASICMaster" 
Debug[13:16:23]: Ok 
Debug[13:16:23]: "init 7 RDUMMaster" 
Debug[13:16:23]: Ok 
Debug[13:16:23]: "init 8 DSI3Slave" 
Debug[13:16:24]: Ok 
Debug[13:16:24]: "init 9 Measurement" 
Debug[13:16:25]: Ok 
Debug[13:16:25]: "init 10 CFARsim" 
Debug[13:16:25]: Ok 
Debug[13:16:25]: MainApp Starting... 
Debug[13:16:25]: Add applets to MainWindow...
 
Debug[13:16:25]: Initialize Connection... 
Debug[13:16:26]: signal in logmode 
Debug[13:16:26]: "INF(13:16:26.246):Mode is OK" 
Debug[13:16:26]: log_breakpoint 
Debug[13:16:26]: 5 
Debug[13:16:26]: signal in logmode 
Debug[13:16:26]: "INF(13:16:26.248):Attempt" 
Debug[13:16:26]: log_breakpoint 
Debug[13:16:26]: 5 
Debug[13:16:26]: signal in logmode 
Debug[13:16:26]: "INF(13:16:26.404):Mode is OK" 
Debug[13:16:26]: log_breakpoint 
Debug[13:16:26]: 5 
Debug[13:16:26]: signal in logmode 
Debug[13:16:26]: "INF(13:16:26.406):Attempt" 
Debug[13:16:26]: log_breakpoint 
Debug[13:16:26]: 5 
Debug[13:16:26]: signal in logmode 
Debug[13:16:26]: "INF(13:16:26.713):Attempt" 
Debug[13:16:26]: log_breakpoint 
Debug[13:16:26]: 5 
Debug[13:16:27]: signal in logmode 
Debug[13:16:27]: "INF(13:16:27.024):Attempt" 
Debug[13:16:27]: log_breakpoint 
Debug[13:16:27]: 5 
Debug[13:16:27]: signal in logmode 
Debug[13:16:27]: "INF(13:16:27.336):Mode is OK" 
Debug[13:16:27]: log_breakpoint 
Debug[13:16:27]: 5 
Debug[13:16:27]: signal in logmode 
Debug[13:16:27]: "INF(13:16:27.343):Attempt" 
Debug[13:16:27]: log_breakpoint 
Debug[13:16:27]: 5 
Debug[13:16:27]: signal in logmode 
Debug[13:16:27]: "INF(13:16:27.663):Attempt" 
Debug[13:16:27]: log_breakpoint 
Debug[13:16:27]: 5 
Debug[13:16:27]: signal in logmode 
Debug[13:16:27]: "INF(13:16:27.977):Attempt" 
Debug[13:16:27]: log_breakpoint 
Debug[13:16:27]: 5 
Debug[13:16:28]: signal in logmode 
Debug[13:16:28]: "INF(13:16:28.289):Mode is OK" 
Debug[13:16:28]: log_breakpoint 
Debug[13:16:28]: 5 
Debug[13:16:28]: signal in logmode 
Debug[13:16:28]: "INF(13:16:28.292):Attempt" 
Debug[13:16:28]: log_breakpoint 
Debug[13:16:28]: 5 
Debug[13:16:28]: signal in logmode 
Debug[13:16:28]: "INF(13:16:28.606):Attempt" 
Debug[13:16:28]: log_breakpoint 
Debug[13:16:28]: 5 
Debug[13:16:28]: signal in logmode 
Debug[13:16:28]: "INF(13:16:28.917):Attempt" 
Debug[13:16:28]: log_breakpoint 
Debug[13:16:28]: 5 
Warning[13:16:29]: QFileSystemWatcher: failed to add paths: C:/REPO/DSI3PAS2_workingdir/DSI3PAS2/Software/bin/ULSEverification_configfiles, C:/REPO/DSI3PAS2_workingdir/DSI3PAS2/Software/bin/ConfigFiles_29_1_2021_Jiri_MOBIS, C:/Users/fg6cnq/Desktop/DSI3PAS2_UART_QtSW_20210129_1511, C:/Users/zbdn9w/Desktop/Temp/CFAR QT uprava ToF, C:/Users/zbdn9w/Desktop/Temp/CFAR QT Komprimace do CSV, U:/Dokumenty/MOBIS/Crosstalk 11-2021
Debug[13:16:32]: signal in logmode 
Debug[13:16:32]: "INF(13:16:32.716):Mode is OK" 
Debug[13:16:32]: log_breakpoint 
Debug[13:16:32]: 5 
Debug[13:16:32]: signal in logmode 
Debug[13:16:32]: "INF(13:16:32.722):Attempt" 
Debug[13:16:32]: log_breakpoint 
Debug[13:16:32]: 5 
Debug[13:16:32]: signal in logmode 
Debug[13:16:32]: "INF(13:16:32.728):ASIC master connected" 
Debug[13:16:32]: log_breakpoint 
Debug[13:16:32]: 5 
Debug[13:16:32]: signal in logmode 
Debug[13:16:32]: "INF(13:16:32.732):Connected to \\.\COM16" 
Debug[13:16:32]: log_breakpoint 
Debug[13:16:32]: 5 
Warning[13:16:32]: Could not parse stylesheet of widget 0x2b23178
Debug[13:16:32]: "Resume:Logs" 
Debug[13:16:32]: "Resume:Settings" 
Debug[13:16:32]: "Resume:UartUartController" 
Debug[13:16:32]: "Resume:UartSpiController" 
Debug[13:16:32]: "Resume:UartSsiController" 
Debug[13:16:32]: "Resume:DSI3Master" 
Debug[13:16:32]: "Resume:ASICMaster" 
Debug[13:16:32]: "Resume:RDUMMaster" 
Debug[13:16:32]: "Resume:DSI3Slave" 
Debug[13:16:32]: "Resume:Measurement" 
Debug[13:16:32]: "Resume:CFARsim" 
Debug[14:23:28]: "Suspend:Settings" 
Debug[14:23:28]: "Suspend:UartUartController" 
Debug[14:23:28]: "Suspend:UartSpiController" 
Debug[14:23:28]: "Suspend:UartSsiController" 
Debug[14:23:28]: "Suspend:DSI3Master" 
Debug[14:23:28]: "Suspend:ASICMaster" 
Debug[14:23:28]: "Suspend:RDUMMaster" 
Debug[14:23:28]: "Suspend:DSI3Slave" 
Debug[14:23:28]: "Suspend:Measurement" 
Debug[14:23:28]: "Suspend:CFARsim" 
Debug[14:23:28]: signal in logmode 
Debug[14:23:28]: "INF(14:23:28.526):Disconnect by user" 
Debug[14:23:28]: log_breakpoint 
Debug[14:23:28]: 5 
Debug[14:23:28]: signal in logmode 
Debug[14:23:28]: "INF(14:23:28.551):Disconnect by user" 
Debug[14:23:28]: log_breakpoint 
Debug[14:23:28]: 5 
Warning[14:23:38]: QObject::connect: Cannot connect LocalServer::log(int,QString) to (null)::slot_addLog(int,QString)
Debug[14:23:38]: LocalServer:new "\\.\pipe\DSI3PAS" 
Debug[14:23:38]: Register specific 
Debug[14:23:39]: DynScaleCaclulate 
Debug[14:23:39]: "init 2 UartUartController" 
Debug[14:23:39]: Ok 
Debug[14:23:39]: "init 3 UartSpiController" 
Debug[14:23:39]: Ok 
Debug[14:23:39]: "init 4 UartSsiController" 
Debug[14:23:39]: Ok 
Debug[14:23:39]: "init 5 DSI3Master" 
Debug[14:23:39]: Ok 
Debug[14:23:39]: "init 6 ASICMaster" 
Debug[14:23:39]: Ok 
Debug[14:23:39]: "init 7 RDUMMaster" 
Debug[14:23:39]: Ok 
Debug[14:23:39]: "init 8 DSI3Slave" 
Debug[14:23:40]: Ok 
Debug[14:23:40]: "init 9 Measurement" 
Debug[14:23:41]: Ok 
Debug[14:23:41]: "init 10 CFARsim" 
Debug[14:23:41]: Ok 
Debug[14:23:41]: MainApp Starting... 
Debug[14:23:43]: Add applets to MainWindow...
 
Debug[14:23:43]: Initialize Connection... 
Debug[14:23:45]: signal in logmode 
Debug[14:23:45]: "INF(14:23:45.539):Mode is OK" 
Debug[14:23:45]: log_breakpoint 
Debug[14:23:45]: 5 
Debug[14:23:45]: signal in logmode 
Debug[14:23:45]: "INF(14:23:45.545):Attempt" 
Debug[14:23:45]: log_breakpoint 
Debug[14:23:45]: 5 
Debug[14:23:45]: signal in logmode 
Debug[14:23:45]: "INF(14:23:45.694):Mode is OK" 
Debug[14:23:45]: log_breakpoint 
Debug[14:23:45]: 5 
Debug[14:23:45]: signal in logmode 
Debug[14:23:45]: "INF(14:23:45.703):Attempt" 
Debug[14:23:45]: log_breakpoint 
Debug[14:23:45]: 5 
Debug[14:23:46]: signal in logmode 
Debug[14:23:46]: "INF(14:23:46.017):Attempt" 
Debug[14:23:46]: log_breakpoint 
Debug[14:23:46]: 5 
Debug[14:23:46]: signal in logmode 
Debug[14:23:46]: "INF(14:23:46.330):Attempt" 
Debug[14:23:46]: log_breakpoint 
Debug[14:23:46]: 5 
Debug[14:23:46]: signal in logmode 
Debug[14:23:46]: "INF(14:23:46.641):Mode is OK" 
Debug[14:23:46]: log_breakpoint 
Debug[14:23:46]: 5 
Debug[14:23:46]: signal in logmode 
Debug[14:23:46]: "INF(14:23:46.649):Attempt" 
Debug[14:23:46]: log_breakpoint 
Debug[14:23:46]: 5 
Debug[14:23:46]: signal in logmode 
Debug[14:23:46]: "INF(14:23:46.971):Attempt" 
Debug[14:23:46]: log_breakpoint 
Debug[14:23:46]: 5 
Debug[14:23:47]: signal in logmode 
Debug[14:23:47]: "INF(14:23:47.283):Attempt" 
Debug[14:23:47]: log_breakpoint 
Debug[14:23:47]: 5 
Debug[14:23:47]: signal in logmode 
Debug[14:23:47]: "INF(14:23:47.596):Mode is OK" 
Debug[14:23:47]: log_breakpoint 
Debug[14:23:47]: 5 
Debug[14:23:47]: signal in logmode 
Debug[14:23:47]: "INF(14:23:47.601):Attempt" 
Debug[14:23:47]: log_breakpoint 
Debug[14:23:47]: 5 
Debug[14:23:47]: signal in logmode 
Debug[14:23:47]: "INF(14:23:47.912):Attempt" 
Debug[14:23:47]: log_breakpoint 
Debug[14:23:47]: 5 
Debug[14:23:48]: signal in logmode 
Debug[14:23:48]: "INF(14:23:48.221):Attempt" 
Debug[14:23:48]: log_breakpoint 
Debug[14:23:48]: 5 
Warning[14:23:48]: QFileSystemWatcher: failed to add paths: C:/REPO/DSI3PAS2_workingdir/DSI3PAS2/Software/bin/ULSEverification_configfiles, C:/REPO/DSI3PAS2_workingdir/DSI3PAS2/Software/bin/ConfigFiles_29_1_2021_Jiri_MOBIS, C:/Users/fg6cnq/Desktop/DSI3PAS2_UART_QtSW_20210129_1511, C:/Users/zbdn9w/Desktop/Temp/CFAR QT uprava ToF, C:/Users/zbdn9w/Desktop/Temp/CFAR QT Komprimace do CSV, U:/Dokumenty/MOBIS/Crosstalk 11-2021
Debug[14:23:52]: signal in logmode 
Debug[14:23:52]: "INF(14:23:52.595):Mode is OK" 
Debug[14:23:52]: log_breakpoint 
Debug[14:23:52]: 5 
Debug[14:23:52]: signal in logmode 
Debug[14:23:52]: "INF(14:23:52.597):Attempt" 
Debug[14:23:52]: log_breakpoint 
Debug[14:23:52]: 5 
Debug[14:23:52]: signal in logmode 
Debug[14:23:52]: "INF(14:23:52.607):ASIC master connected" 
Debug[14:23:52]: log_breakpoint 
Debug[14:23:52]: 5 
Debug[14:23:52]: signal in logmode 
Debug[14:23:52]: "INF(14:23:52.609):Connected to \\.\COM16" 
Debug[14:23:52]: log_breakpoint 
Debug[14:23:52]: 5 
Warning[14:23:52]: Could not parse stylesheet of widget 0x37c3838
Debug[14:23:52]: "Resume:Logs" 
Debug[14:23:52]: "Resume:Settings" 
Debug[14:23:52]: "Resume:UartUartController" 
Debug[14:23:52]: "Resume:UartSpiController" 
Debug[14:23:52]: "Resume:UartSsiController" 
Debug[14:23:52]: "Resume:DSI3Master" 
Debug[14:23:52]: "Resume:ASICMaster" 
Debug[14:23:52]: "Resume:RDUMMaster" 
Debug[14:23:52]: "Resume:DSI3Slave" 
Debug[14:23:52]: "Resume:Measurement" 
Debug[14:23:52]: "Resume:CFARsim" 
Debug[14:48:14]: "Suspend:Settings" 
Debug[14:48:14]: "Suspend:UartUartController" 
Debug[14:48:14]: "Suspend:UartSpiController" 
Debug[14:48:14]: "Suspend:UartSsiController" 
Debug[14:48:14]: "Suspend:DSI3Master" 
Debug[14:48:14]: "Suspend:ASICMaster" 
Debug[14:48:14]: "Suspend:RDUMMaster" 
Debug[14:48:14]: "Suspend:DSI3Slave" 
Debug[14:48:14]: "Suspend:Measurement" 
Debug[14:48:14]: "Suspend:CFARsim" 
Debug[14:48:14]: signal in logmode 
Debug[14:48:14]: "INF(14:48:14.193):Disconnect by user" 
Debug[14:48:14]: log_breakpoint 
Debug[14:48:14]: 5 
Debug[14:48:14]: signal in logmode 
Debug[14:48:14]: "INF(14:48:14.214):Disconnect by user" 
Debug[14:48:14]: log_breakpoint 
Debug[14:48:14]: 5 
