Warning[07:40:39]: QObject::connect: Cannot connect LocalServer::log(int,QString) to (null)::slot_addLog(int,QString)
Debug[07:40:39]: LocalServer:new "\\.\pipe\DSI3PASd" 
Debug[07:40:39]: Register specific 
Debug[07:40:40]: DynScaleCaclulate 
Debug[07:40:41]: "init 2 UartUartController" 
Debug[07:40:41]: Ok 
Debug[07:40:41]: "init 3 UartSpiController" 
Debug[07:40:41]: Ok 
Debug[07:40:41]: "init 4 UartSsiController" 
Debug[07:40:41]: Ok 
Debug[07:40:41]: "init 5 DSI3Master" 
Debug[07:40:41]: Ok 
Debug[07:40:41]: "init 6 ASICMaster" 
Debug[07:40:41]: Ok 
Debug[07:40:41]: "init 7 RDUMMaster" 
Debug[07:40:41]: Ok 
Debug[07:40:41]: "init 8 DSI3Slave" 
Debug[07:40:43]: Ok 
Debug[07:40:43]: "init 9 Measurement" 
Debug[07:40:44]: Ok 
Debug[07:40:44]: "init 10 CFARsim" 
Debug[07:40:44]: Ok 
Debug[07:40:44]: Using SERPORT
Debug[07:40:44]: MainApp Starting... 
Debug[07:40:46]: Add applets to MainWindow...
 
Debug[07:40:46]: Initialize Connection... 
Debug[07:40:47]: signal in logmode 
Debug[07:40:47]: "INF(07:40:47.221):Mode is OK" 
Debug[07:40:47]: log_breakpoint 
Debug[07:40:47]: 5 
Debug[07:40:47]: signal in logmode 
Debug[07:40:47]: "INF(07:40:47.228):Attempt" 
Debug[07:40:47]: log_breakpoint 
Debug[07:40:47]: 5 
Debug[07:40:47]: signal in logmode 
Debug[07:40:47]: "INF(07:40:47.379):Mode is OK" 
Debug[07:40:47]: log_breakpoint 
Debug[07:40:47]: 5 
Debug[07:40:47]: signal in logmode 
Debug[07:40:47]: "INF(07:40:47.384):Attempt" 
Debug[07:40:47]: log_breakpoint 
Debug[07:40:47]: 5 
Debug[07:40:47]: signal in logmode 
Debug[07:40:47]: "INF(07:40:47.700):Attempt" 
Debug[07:40:47]: log_breakpoint 
Debug[07:40:47]: 5 
Debug[07:40:48]: signal in logmode 
Debug[07:40:48]: "INF(07:40:48.014):Attempt" 
Debug[07:40:48]: log_breakpoint 
Debug[07:40:48]: 5 
Debug[07:40:48]: signal in logmode 
Debug[07:40:48]: "INF(07:40:48.326):Mode is OK" 
Debug[07:40:48]: log_breakpoint 
Debug[07:40:48]: 5 
Debug[07:40:48]: signal in logmode 
Debug[07:40:48]: "INF(07:40:48.343):Attempt" 
Debug[07:40:48]: log_breakpoint 
Debug[07:40:48]: 5 
Debug[07:40:48]: signal in logmode 
Debug[07:40:48]: "INF(07:40:48.656):Attempt" 
Debug[07:40:48]: log_breakpoint 
Debug[07:40:48]: 5 
Debug[07:40:48]: signal in logmode 
Debug[07:40:48]: "INF(07:40:48.967):Attempt" 
Debug[07:40:48]: log_breakpoint 
Debug[07:40:48]: 5 
Debug[07:40:49]: signal in logmode 
Debug[07:40:49]: "INF(07:40:49.280):Mode is OK" 
Debug[07:40:49]: log_breakpoint 
Debug[07:40:49]: 5 
Debug[07:40:49]: signal in logmode 
Debug[07:40:49]: "INF(07:40:49.286):Attempt" 
Debug[07:40:49]: log_breakpoint 
Debug[07:40:49]: 5 
Debug[07:40:49]: signal in logmode 
Debug[07:40:49]: "INF(07:40:49.605):Attempt" 
Debug[07:40:49]: log_breakpoint 
Debug[07:40:49]: 5 
Debug[07:40:49]: signal in logmode 
Debug[07:40:49]: "INF(07:40:49.919):Attempt" 
Debug[07:40:49]: log_breakpoint 
Debug[07:40:49]: 5 
Debug[07:40:51]: signal in logmode 
Debug[07:40:51]: "INF(07:40:51.798):Mode is OK" 
Debug[07:40:51]: log_breakpoint 
Debug[07:40:51]: 5 
Debug[07:40:51]: signal in logmode 
Debug[07:40:51]: "INF(07:40:51.802):Attempt" 
Debug[07:40:51]: log_breakpoint 
Debug[07:40:51]: 5 
Debug[07:40:51]: signal in logmode 
Debug[07:40:51]: "INF(07:40:51.810):ASIC master connected" 
Debug[07:40:51]: log_breakpoint 
Debug[07:40:51]: 5 
Debug[07:40:51]: signal in logmode 
Debug[07:40:51]: "INF(07:40:51.816):Connected to \\.\COM14" 
Debug[07:40:51]: log_breakpoint 
Debug[07:40:51]: 5 
Warning[07:40:51]: Could not parse stylesheet of widget 0x3388000
Debug[07:40:51]: "Resume:Logs" 
Debug[07:40:51]: "Resume:Settings" 
Debug[07:40:51]: "Resume:UartUartController" 
Debug[07:40:51]: "Resume:UartSpiController" 
Debug[07:40:51]: "Resume:UartSsiController" 
Debug[07:40:51]: "Resume:DSI3Master" 
Debug[07:40:51]: "Resume:ASICMaster" 
Debug[07:40:51]: "Resume:RDUMMaster" 
Debug[07:40:51]: "Resume:DSI3Slave" 
Debug[07:40:51]: "Resume:Measurement" 
Debug[07:40:51]: "Resume:CFARsim" 
Debug[08:15:00]: "Suspend:Settings" 
Debug[08:15:00]: "Suspend:UartUartController" 
Debug[08:15:00]: "Suspend:UartSpiController" 
Debug[08:15:00]: "Suspend:UartSsiController" 
Debug[08:15:00]: "Suspend:DSI3Master" 
Debug[08:15:00]: "Suspend:ASICMaster" 
Debug[08:15:00]: "Suspend:RDUMMaster" 
Debug[08:15:00]: "Suspend:DSI3Slave" 
Debug[08:15:00]: "Suspend:Measurement" 
Debug[08:15:00]: "Suspend:CFARsim" 
Debug[08:15:00]: signal in logmode 
Debug[08:15:00]: "INF(08:15:00.718):Disconnect by user" 
Debug[08:15:00]: log_breakpoint 
Debug[08:15:00]: 5 
Debug[08:15:00]: signal in logmode 
Debug[08:15:00]: "INF(08:15:00.892):Disconnect by user" 
Debug[08:15:00]: log_breakpoint 
Debug[08:15:00]: 5 
Warning[12:35:33]: QObject::connect: Cannot connect LocalServer::log(int,QString) to (null)::slot_addLog(int,QString)
Debug[12:35:33]: LocalServer:new "\\.\pipe\DSI3PASd" 
Debug[12:35:33]: Register specific 
Debug[12:35:34]: DynScaleCaclulate 
Debug[12:35:34]: "init 2 UartUartController" 
Debug[12:35:34]: Ok 
Debug[12:35:34]: "init 3 UartSpiController" 
Debug[12:35:34]: Ok 
Debug[12:35:34]: "init 4 UartSsiController" 
Debug[12:35:34]: Ok 
Debug[12:35:34]: "init 5 DSI3Master" 
Debug[12:35:34]: Ok 
Debug[12:35:34]: "init 6 ASICMaster" 
Debug[12:35:34]: Ok 
Debug[12:35:34]: "init 7 RDUMMaster" 
Debug[12:35:35]: Ok 
Debug[12:35:35]: "init 8 DSI3Slave" 
Debug[12:35:37]: Ok 
Debug[12:35:37]: "init 9 Measurement" 
Debug[12:35:38]: Ok 
Debug[12:35:38]: "init 10 CFARsim" 
Debug[12:35:38]: Ok 
Debug[12:35:38]: Using SERPORT
Debug[12:35:38]: MainApp Starting... 
Debug[12:35:40]: Add applets to MainWindow...
 
Debug[12:35:40]: Initialize Connection... 
Debug[12:35:52]: signal in logmode 
Debug[12:35:52]: "INF(12:35:52.608):Disconnect by user" 
Debug[12:35:52]: log_breakpoint 
Debug[12:35:52]: 5 
Debug[12:35:52]: signal in logmode 
Debug[12:35:52]: "INF(12:35:52.664):Disconnect by user" 
Debug[12:35:52]: log_breakpoint 
Debug[12:35:52]: 5 
Warning[12:36:05]: QObject::connect: Cannot connect LocalServer::log(int,QString) to (null)::slot_addLog(int,QString)
Debug[12:36:05]: LocalServer:new "\\.\pipe\DSI3PASd" 
Debug[12:36:05]: Register specific 
Debug[12:36:07]: DynScaleCaclulate 
Debug[12:36:07]: "init 2 UartUartController" 
Debug[12:36:07]: Ok 
Debug[12:36:07]: "init 3 UartSpiController" 
Debug[12:36:07]: Ok 
Debug[12:36:07]: "init 4 UartSsiController" 
Debug[12:36:07]: Ok 
Debug[12:36:07]: "init 5 DSI3Master" 
Debug[12:36:07]: Ok 
Debug[12:36:07]: "init 6 ASICMaster" 
Debug[12:36:07]: Ok 
Debug[12:36:07]: "init 7 RDUMMaster" 
Debug[12:36:07]: Ok 
Debug[12:36:07]: "init 8 DSI3Slave" 
Debug[12:36:09]: Ok 
Debug[12:36:09]: "init 9 Measurement" 
Debug[12:36:11]: Ok 
Debug[12:36:11]: "init 10 CFARsim" 
Debug[12:36:11]: Ok 
Debug[12:36:11]: Using SERPORT
Debug[12:36:11]: MainApp Starting... 
Debug[12:36:13]: Add applets to MainWindow...
 
Debug[12:36:13]: Initialize Connection... 
Debug[12:36:13]: signal in logmode 
Debug[12:36:13]: "INF(12:36:13.512):Mode is OK" 
Debug[12:36:13]: log_breakpoint 
Debug[12:36:13]: 5 
Debug[12:36:13]: signal in logmode 
Debug[12:36:13]: "INF(12:36:13.515):Attempt" 
Debug[12:36:13]: log_breakpoint 
Debug[12:36:13]: 5 
Debug[12:36:13]: signal in logmode 
Debug[12:36:13]: "INF(12:36:13.667):Mode is OK" 
Debug[12:36:13]: log_breakpoint 
Debug[12:36:13]: 5 
Debug[12:36:13]: signal in logmode 
Debug[12:36:13]: "INF(12:36:13.673):Attempt" 
Debug[12:36:13]: log_breakpoint 
Debug[12:36:13]: 5 
Debug[12:36:13]: signal in logmode 
Debug[12:36:13]: "INF(12:36:13.994):Attempt" 
Debug[12:36:13]: log_breakpoint 
Debug[12:36:13]: 5 
Debug[12:36:14]: signal in logmode 
Debug[12:36:14]: "INF(12:36:14.307):Attempt" 
Debug[12:36:14]: log_breakpoint 
Debug[12:36:14]: 5 
Debug[12:36:14]: signal in logmode 
Debug[12:36:14]: "INF(12:36:14.617):Mode is OK" 
Debug[12:36:14]: log_breakpoint 
Debug[12:36:14]: 5 
Debug[12:36:14]: signal in logmode 
Debug[12:36:14]: "INF(12:36:14.621):Attempt" 
Debug[12:36:14]: log_breakpoint 
Debug[12:36:14]: 5 
Debug[12:36:14]: signal in logmode 
Debug[12:36:14]: "INF(12:36:14.928):Attempt" 
Debug[12:36:14]: log_breakpoint 
Debug[12:36:14]: 5 
Debug[12:36:15]: signal in logmode 
Debug[12:36:15]: "INF(12:36:15.238):Attempt" 
Debug[12:36:15]: log_breakpoint 
Debug[12:36:15]: 5 
Debug[12:36:15]: signal in logmode 
Debug[12:36:15]: "INF(12:36:15.550):Mode is OK" 
Debug[12:36:15]: log_breakpoint 
Debug[12:36:15]: 5 
Debug[12:36:15]: signal in logmode 
Debug[12:36:15]: "INF(12:36:15.557):Attempt" 
Debug[12:36:15]: log_breakpoint 
Debug[12:36:15]: 5 
Debug[12:36:15]: signal in logmode 
Debug[12:36:15]: "INF(12:36:15.875):Attempt" 
Debug[12:36:15]: log_breakpoint 
Debug[12:36:15]: 5 
Debug[12:36:16]: signal in logmode 
Debug[12:36:16]: "INF(12:36:16.188):Attempt" 
Debug[12:36:16]: log_breakpoint 
Debug[12:36:16]: 5 
Debug[12:36:18]: signal in logmode 
Debug[12:36:18]: "INF(12:36:18.916):Mode is OK" 
Debug[12:36:18]: log_breakpoint 
Debug[12:36:18]: 5 
Debug[12:36:18]: signal in logmode 
Debug[12:36:18]: "INF(12:36:18.922):Attempt" 
Debug[12:36:18]: log_breakpoint 
Debug[12:36:18]: 5 
Debug[12:36:18]: signal in logmode 
Debug[12:36:18]: "INF(12:36:18.929):ASIC master connected" 
Debug[12:36:18]: log_breakpoint 
Debug[12:36:18]: 5 
Debug[12:36:18]: signal in logmode 
Debug[12:36:18]: "INF(12:36:18.936):Connected to \\.\COM14" 
Debug[12:36:18]: log_breakpoint 
Debug[12:36:18]: 5 
Warning[12:36:18]: Could not parse stylesheet of widget 0x3a95300
Debug[12:36:18]: "Resume:Logs" 
Debug[12:36:18]: "Resume:Settings" 
Debug[12:36:18]: "Resume:UartUartController" 
Debug[12:36:18]: "Resume:UartSpiController" 
Debug[12:36:18]: "Resume:UartSsiController" 
Debug[12:36:18]: "Resume:DSI3Master" 
Debug[12:36:18]: "Resume:ASICMaster" 
Debug[12:36:18]: "Resume:RDUMMaster" 
Debug[12:36:18]: "Resume:DSI3Slave" 
Debug[12:36:18]: "Resume:Measurement" 
Debug[12:36:18]: "Resume:CFARsim" 
Debug[12:38:09]: "Suspend:Settings" 
Debug[12:38:09]: "Suspend:UartUartController" 
Debug[12:38:09]: "Suspend:UartSpiController" 
Debug[12:38:09]: "Suspend:UartSsiController" 
Debug[12:38:09]: "Suspend:DSI3Master" 
Debug[12:38:09]: "Suspend:ASICMaster" 
Debug[12:38:09]: "Suspend:RDUMMaster" 
Debug[12:38:09]: "Suspend:DSI3Slave" 
Debug[12:38:09]: "Suspend:Measurement" 
Debug[12:38:09]: "Suspend:CFARsim" 
Debug[12:38:09]: signal in logmode 
Debug[12:38:09]: "INF(12:38:09.305):Disconnect by user" 
Debug[12:38:09]: log_breakpoint 
Debug[12:38:09]: 5 
Debug[12:38:09]: signal in logmode 
Debug[12:38:09]: "INF(12:38:09.468):Disconnect by user" 
Debug[12:38:09]: log_breakpoint 
Debug[12:38:09]: 5 
Warning[12:38:18]: QObject::connect: Cannot connect LocalServer::log(int,QString) to (null)::slot_addLog(int,QString)
Debug[12:38:18]: LocalServer:new "\\.\pipe\DSI3PASd" 
Debug[12:38:18]: Register specific 
Debug[12:38:19]: DynScaleCaclulate 
Debug[12:38:19]: "init 2 UartUartController" 
Debug[12:38:19]: Ok 
Debug[12:38:19]: "init 3 UartSpiController" 
Debug[12:38:19]: Ok 
Debug[12:38:19]: "init 4 UartSsiController" 
Debug[12:38:19]: Ok 
Debug[12:38:19]: "init 5 DSI3Master" 
Debug[12:38:19]: Ok 
Debug[12:38:19]: "init 6 ASICMaster" 
Debug[12:38:19]: Ok 
Debug[12:38:19]: "init 7 RDUMMaster" 
Debug[12:38:20]: Ok 
Debug[12:38:20]: "init 8 DSI3Slave" 
Debug[12:38:22]: Ok 
Debug[12:38:22]: "init 9 Measurement" 
Debug[12:38:23]: Ok 
Debug[12:38:23]: "init 10 CFARsim" 
Debug[12:38:23]: Ok 
Debug[12:38:23]: Using SERPORT
Debug[12:38:23]: MainApp Starting... 
Debug[12:38:25]: Add applets to MainWindow...
 
Debug[12:38:25]: Initialize Connection... 
Debug[12:38:25]: signal in logmode 
Debug[12:38:26]: "INF(12:38:26.000):Mode is OK" 
Debug[12:38:26]: log_breakpoint 
Debug[12:38:26]: 5 
Debug[12:38:26]: signal in logmode 
Debug[12:38:26]: "INF(12:38:26.005):Attempt" 
Debug[12:38:26]: log_breakpoint 
Debug[12:38:26]: 5 
Debug[12:38:26]: signal in logmode 
Debug[12:38:26]: "INF(12:38:26.156):Mode is OK" 
Debug[12:38:26]: log_breakpoint 
Debug[12:38:26]: 5 
Debug[12:38:26]: signal in logmode 
Debug[12:38:26]: "INF(12:38:26.161):Attempt" 
Debug[12:38:26]: log_breakpoint 
Debug[12:38:26]: 5 
Debug[12:38:26]: signal in logmode 
Debug[12:38:26]: "INF(12:38:26.479):Attempt" 
Debug[12:38:26]: log_breakpoint 
Debug[12:38:26]: 5 
Debug[12:38:26]: signal in logmode 
Debug[12:38:26]: "INF(12:38:26.791):Attempt" 
Debug[12:38:26]: log_breakpoint 
Debug[12:38:26]: 5 
Debug[12:38:27]: signal in logmode 
Debug[12:38:27]: "INF(12:38:27.100):Mode is OK" 
Debug[12:38:27]: log_breakpoint 
Debug[12:38:27]: 5 
Debug[12:38:27]: signal in logmode 
Debug[12:38:27]: "INF(12:38:27.104):Attempt" 
Debug[12:38:27]: log_breakpoint 
Debug[12:38:27]: 5 
Debug[12:38:27]: signal in logmode 
Debug[12:38:27]: "INF(12:38:27.410):Attempt" 
Debug[12:38:27]: log_breakpoint 
Debug[12:38:27]: 5 
Debug[12:38:27]: signal in logmode 
Debug[12:38:27]: "INF(12:38:27.720):Attempt" 
Debug[12:38:27]: log_breakpoint 
Debug[12:38:27]: 5 
Debug[12:38:28]: signal in logmode 
Debug[12:38:28]: "INF(12:38:28.035):Mode is OK" 
Debug[12:38:28]: log_breakpoint 
Debug[12:38:28]: 5 
Debug[12:38:28]: signal in logmode 
Debug[12:38:28]: "INF(12:38:28.040):Attempt" 
Debug[12:38:28]: log_breakpoint 
Debug[12:38:28]: 5 
Debug[12:38:28]: signal in logmode 
Debug[12:38:28]: "INF(12:38:28.348):Attempt" 
Debug[12:38:28]: log_breakpoint 
Debug[12:38:28]: 5 
Debug[12:38:28]: signal in logmode 
Debug[12:38:28]: "INF(12:38:28.662):Attempt" 
Debug[12:38:28]: log_breakpoint 
Debug[12:38:28]: 5 
Debug[12:38:31]: signal in logmode 
Debug[12:38:31]: "INF(12:38:31.004):Mode is OK" 
Debug[12:38:31]: log_breakpoint 
Debug[12:38:31]: 5 
Debug[12:38:31]: signal in logmode 
Debug[12:38:31]: "INF(12:38:31.008):Attempt" 
Debug[12:38:31]: log_breakpoint 
Debug[12:38:31]: 5 
Debug[12:38:31]: signal in logmode 
Debug[12:38:31]: "INF(12:38:31.032):ASIC master connected" 
Debug[12:38:31]: log_breakpoint 
Debug[12:38:31]: 5 
Debug[12:38:31]: signal in logmode 
Debug[12:38:31]: "INF(12:38:31.036):Connected to \\.\COM14" 
Debug[12:38:31]: log_breakpoint 
Debug[12:38:31]: 5 
Warning[12:38:31]: Could not parse stylesheet of widget 0x2d27ec0
Debug[12:38:31]: "Resume:Logs" 
Debug[12:38:31]: "Resume:Settings" 
Debug[12:38:31]: "Resume:UartUartController" 
Debug[12:38:31]: "Resume:UartSpiController" 
Debug[12:38:31]: "Resume:UartSsiController" 
Debug[12:38:31]: "Resume:DSI3Master" 
Debug[12:38:31]: "Resume:ASICMaster" 
Debug[12:38:31]: "Resume:RDUMMaster" 
Debug[12:38:31]: "Resume:DSI3Slave" 
Debug[12:38:31]: "Resume:Measurement" 
Debug[12:38:31]: "Resume:CFARsim" 
Debug[13:14:59]: "Suspend:Settings" 
Debug[13:14:59]: "Suspend:UartUartController" 
Debug[13:14:59]: "Suspend:UartSpiController" 
Debug[13:14:59]: "Suspend:UartSsiController" 
Debug[13:14:59]: "Suspend:DSI3Master" 
Debug[13:14:59]: "Suspend:ASICMaster" 
Debug[13:14:59]: "Suspend:RDUMMaster" 
Debug[13:14:59]: "Suspend:DSI3Slave" 
Debug[13:14:59]: "Suspend:Measurement" 
Debug[13:14:59]: "Suspend:CFARsim" 
Debug[13:14:59]: signal in logmode 
Debug[13:14:59]: "INF(13:14:59.815):Disconnect by user" 
Debug[13:14:59]: log_breakpoint 
Debug[13:14:59]: 5 
Debug[13:14:59]: signal in logmode 
Debug[13:14:59]: "INF(13:14:59.986):Disconnect by user" 
Debug[13:14:59]: log_breakpoint 
Debug[13:14:59]: 5 
