Warning[02:32:01]: QObject::connect: Cannot connect LocalServer::log(int,QString) to (null)::slot_addLog(int,QString)
Debug[02:32:01]: LocalServer:new "\\.\pipe\DSI3PAS" 
Debug[02:32:01]: Register specific 
Debug[02:32:02]: DynScaleCaclulate 
Debug[02:32:02]: "init 2 UartUartController" 
Debug[02:32:02]: Ok 
Debug[02:32:02]: "init 3 UartSpiController" 
Debug[02:32:02]: Ok 
Debug[02:32:02]: "init 4 UartSsiController" 
Debug[02:32:02]: Ok 
Debug[02:32:02]: "init 5 DSI3Master" 
Debug[02:32:02]: Ok 
Debug[02:32:02]: "init 6 ASICMaster" 
Debug[02:32:02]: Ok 
Debug[02:32:02]: "init 7 RDUMMaster" 
Debug[02:32:02]: Ok 
Debug[02:32:02]: "init 8 DSI3Slave" 
Debug[02:32:03]: Ok 
Debug[02:32:03]: "init 9 Measurement" 
Debug[02:32:03]: Ok 
Debug[02:32:03]: "init 10 CFARsim" 
Debug[02:32:03]: Ok 
Debug[02:32:03]: MainApp Starting... 
Debug[02:32:04]: Add applets to MainWindow...
 
Debug[02:32:04]: Initialize Connection... 
Warning[02:32:04]: QFileSystemWatcher: failed to add paths: C:/REPO/DSI3PAS2_workingdir/DSI3PAS2/Software/bin/ULSEverification_configfiles, C:/REPO/DSI3PAS2_workingdir/DSI3PAS2/Software/bin/ConfigFiles_29_1_2021_Jiri_MOBIS, C:/Users/fg6cnq/Desktop/DSI3PAS2_UART_QtSW_20210129_1511, C:/Users/zbdn9w/Desktop/Temp/CFAR QT uprava ToF, C:/Users/zbdn9w/Desktop/Temp/CFAR QT Komprimace do CSV, U:/Dokumenty/MOBIS/Crosstalk 11-2021, S:/DBartos/P516/MOBIS demo comparison dual channel moving complex obstacle
Debug[02:32:06]: signal in logmode 
Debug[02:32:06]: "INF(02:32:06.425):Connected to no_board" 
Debug[02:32:06]: log_breakpoint 
Debug[02:32:06]: 5 
Warning[02:32:06]: Could not parse stylesheet of widget 0x31c78b0
Debug[02:32:06]: "Resume:Logs" 
Debug[02:32:06]: "Resume:Settings" 
Debug[02:32:06]: "Resume:UartUartController" 
Debug[02:32:06]: "Resume:UartSpiController" 
Debug[02:32:06]: "Resume:UartSsiController" 
Debug[02:32:06]: "Resume:DSI3Master" 
Debug[02:32:06]: "Resume:ASICMaster" 
Debug[02:32:06]: "Resume:RDUMMaster" 
Debug[02:32:06]: "Resume:DSI3Slave" 
Debug[02:32:06]: "Resume:Measurement" 
Debug[02:32:06]: "Resume:CFARsim" 
Debug[02:32:15]: "Suspend:Settings" 
Debug[02:32:15]: "Suspend:UartUartController" 
Debug[02:32:15]: "Suspend:UartSpiController" 
Debug[02:32:15]: "Suspend:UartSsiController" 
Debug[02:32:15]: "Suspend:DSI3Master" 
Debug[02:32:15]: "Suspend:ASICMaster" 
Debug[02:32:15]: "Suspend:RDUMMaster" 
Debug[02:32:15]: "Suspend:DSI3Slave" 
Debug[02:32:15]: "Suspend:Measurement" 
Debug[02:32:15]: "Suspend:CFARsim" 
Debug[02:32:15]: signal in logmode 
Debug[02:32:15]: "INF(02:32:15.109):Disconnect by user" 
Debug[02:32:15]: log_breakpoint 
Debug[02:32:15]: 5 
Debug[02:32:15]: signal in logmode 
Debug[02:32:15]: "INF(02:32:15.123):Disconnect by user" 
Debug[02:32:15]: log_breakpoint 
Debug[02:32:15]: 5 
Warning[13:13:10]: QObject::connect: Cannot connect LocalServer::log(int,QString) to (null)::slot_addLog(int,QString)
Debug[13:13:10]: LocalServer:new "\\.\pipe\DSI3PAS" 
Debug[13:13:10]: Register specific 
Debug[13:13:10]: DynScaleCaclulate 
Debug[13:13:10]: "init 2 UartUartController" 
Debug[13:13:10]: Ok 
Debug[13:13:10]: "init 3 UartSpiController" 
Debug[13:13:10]: Ok 
Debug[13:13:10]: "init 4 UartSsiController" 
Debug[13:13:10]: Ok 
Debug[13:13:10]: "init 5 DSI3Master" 
Debug[13:13:10]: Ok 
Debug[13:13:10]: "init 6 ASICMaster" 
Debug[13:13:10]: Ok 
Debug[13:13:10]: "init 7 RDUMMaster" 
Debug[13:13:10]: Ok 
Debug[13:13:10]: "init 8 DSI3Slave" 
Debug[13:13:11]: Ok 
Debug[13:13:11]: "init 9 Measurement" 
Debug[13:13:12]: Ok 
Debug[13:13:12]: "init 10 CFARsim" 
Debug[13:13:12]: Ok 
Debug[13:13:12]: MainApp Starting... 
Debug[13:13:12]: Add applets to MainWindow...
 
Debug[13:13:12]: Initialize Connection... 
Debug[13:13:13]: signal in logmode 
Debug[13:13:13]: "INF(13:13:13.230):Mode is OK" 
Debug[13:13:13]: log_breakpoint 
Debug[13:13:13]: 5 
Debug[13:13:13]: signal in logmode 
Debug[13:13:13]: "INF(13:13:13.233):Attempt" 
Debug[13:13:13]: log_breakpoint 
Debug[13:13:13]: 5 
Debug[13:13:13]: signal in logmode 
Debug[13:13:13]: "INF(13:13:13.540):Attempt" 
Debug[13:13:13]: log_breakpoint 
Debug[13:13:13]: 5 
Debug[13:13:13]: signal in logmode 
Debug[13:13:13]: "INF(13:13:13.855):Attempt" 
Debug[13:13:13]: log_breakpoint 
Debug[13:13:13]: 5 
Debug[13:13:14]: signal in logmode 
Debug[13:13:14]: "INF(13:13:14.170):Mode is OK" 
Debug[13:13:14]: log_breakpoint 
Debug[13:13:14]: 5 
Debug[13:13:14]: signal in logmode 
Debug[13:13:14]: "INF(13:13:14.174):Attempt" 
Debug[13:13:14]: log_breakpoint 
Debug[13:13:14]: 5 
Debug[13:13:14]: signal in logmode 
Debug[13:13:14]: "INF(13:13:14.484):Attempt" 
Debug[13:13:14]: log_breakpoint 
Debug[13:13:14]: 5 
Debug[13:13:14]: signal in logmode 
Debug[13:13:14]: "INF(13:13:14.794):Attempt" 
Debug[13:13:14]: log_breakpoint 
Debug[13:13:14]: 5 
Debug[13:13:15]: signal in logmode 
Debug[13:13:15]: "INF(13:13:15.107):Mode is OK" 
Debug[13:13:15]: log_breakpoint 
Debug[13:13:15]: 5 
Debug[13:13:15]: signal in logmode 
Debug[13:13:15]: "INF(13:13:15.113):Attempt" 
Debug[13:13:15]: log_breakpoint 
Debug[13:13:15]: 5 
Debug[13:13:15]: signal in logmode 
Debug[13:13:15]: "INF(13:13:15.260):Mode is OK" 
Debug[13:13:15]: log_breakpoint 
Debug[13:13:15]: 5 
Debug[13:13:15]: signal in logmode 
Debug[13:13:15]: "INF(13:13:15.265):Attempt" 
Debug[13:13:15]: log_breakpoint 
Debug[13:13:15]: 5 
Debug[13:13:15]: signal in logmode 
Debug[13:13:15]: "INF(13:13:15.575):Attempt" 
Debug[13:13:15]: log_breakpoint 
Debug[13:13:15]: 5 
Debug[13:13:15]: signal in logmode 
Debug[13:13:15]: "INF(13:13:15.891):Attempt" 
Debug[13:13:15]: log_breakpoint 
Debug[13:13:15]: 5 
Debug[13:13:16]: signal in logmode 
Debug[13:13:16]: "INF(13:13:16.205):Mode is OK" 
Debug[13:13:16]: log_breakpoint 
Debug[13:13:16]: 5 
Debug[13:13:16]: signal in logmode 
Debug[13:13:16]: "INF(13:13:16.211):Attempt" 
Debug[13:13:16]: log_breakpoint 
Debug[13:13:16]: 5 
Debug[13:13:16]: signal in logmode 
Debug[13:13:16]: "INF(13:13:16.533):Attempt" 
Debug[13:13:16]: log_breakpoint 
Debug[13:13:16]: 5 
Debug[13:13:16]: signal in logmode 
Debug[13:13:16]: "INF(13:13:16.851):Attempt" 
Debug[13:13:16]: log_breakpoint 
Debug[13:13:16]: 5 
Debug[13:13:17]: signal in logmode 
Debug[13:13:17]: "INF(13:13:17.166):Mode is OK" 
Debug[13:13:17]: log_breakpoint 
Debug[13:13:17]: 5 
Debug[13:13:17]: signal in logmode 
Debug[13:13:17]: "INF(13:13:17.172):Attempt" 
Debug[13:13:17]: log_breakpoint 
Debug[13:13:17]: 5 
Debug[13:13:17]: signal in logmode 
Debug[13:13:17]: "INF(13:13:17.497):Attempt" 
Debug[13:13:17]: log_breakpoint 
Debug[13:13:17]: 5 
Debug[13:13:17]: signal in logmode 
Debug[13:13:17]: "INF(13:13:17.811):Attempt" 
Debug[13:13:17]: log_breakpoint 
Debug[13:13:17]: 5 
Warning[13:13:18]: QFileSystemWatcher: failed to add paths: C:/REPO/DSI3PAS2_workingdir/DSI3PAS2/Software/bin/ULSEverification_configfiles, C:/REPO/DSI3PAS2_workingdir/DSI3PAS2/Software/bin/ConfigFiles_29_1_2021_Jiri_MOBIS, C:/Users/fg6cnq/Desktop/DSI3PAS2_UART_QtSW_20210129_1511, C:/Users/zbdn9w/Desktop/Temp/CFAR QT uprava ToF, C:/Users/zbdn9w/Desktop/Temp/CFAR QT Komprimace do CSV, U:/Dokumenty/MOBIS/Crosstalk 11-2021, S:/DBartos/P516/MOBIS demo comparison dual channel moving complex obstacle
Debug[13:13:20]: signal in logmode 
Debug[13:13:20]: "INF(13:13:20.077):Mode is OK" 
Debug[13:13:20]: log_breakpoint 
Debug[13:13:20]: 5 
Debug[13:13:20]: signal in logmode 
Debug[13:13:20]: "INF(13:13:20.083):Attempt" 
Debug[13:13:20]: log_breakpoint 
Debug[13:13:20]: 5 
Debug[13:13:20]: signal in logmode 
Debug[13:13:20]: "INF(13:13:20.398):Attempt" 
Debug[13:13:20]: log_breakpoint 
Debug[13:13:20]: 5 
Debug[13:13:20]: signal in logmode 
Debug[13:13:20]: "INF(13:13:20.711):Attempt" 
Debug[13:13:20]: log_breakpoint 
Debug[13:13:20]: 5 
Debug[13:13:21]: signal in logmode 
Debug[13:13:21]: "INF(13:13:21.024):Mode is OK" 
Debug[13:13:21]: log_breakpoint 
Debug[13:13:21]: 5 
Debug[13:13:21]: signal in logmode 
Debug[13:13:21]: "INF(13:13:21.031):Attempt" 
Debug[13:13:21]: log_breakpoint 
Debug[13:13:21]: 5 
Debug[13:13:21]: signal in logmode 
Debug[13:13:21]: "INF(13:13:21.357):Attempt" 
Debug[13:13:21]: log_breakpoint 
Debug[13:13:21]: 5 
Debug[13:13:21]: signal in logmode 
Debug[13:13:21]: "INF(13:13:21.669):Attempt" 
Debug[13:13:21]: log_breakpoint 
Debug[13:13:21]: 5 
Debug[13:13:21]: signal in logmode 
Debug[13:13:21]: "INF(13:13:21.979):Mode is OK" 
Debug[13:13:21]: log_breakpoint 
Debug[13:13:21]: 5 
Debug[13:13:21]: signal in logmode 
Debug[13:13:21]: "INF(13:13:21.985):Attempt" 
Debug[13:13:21]: log_breakpoint 
Debug[13:13:21]: 5 
Debug[13:13:21]: signal in logmode 
Debug[13:13:21]: "INF(13:13:21.994):RDUM master connected" 
Debug[13:13:21]: log_breakpoint 
Debug[13:13:21]: 5 
Debug[13:13:21]: signal in logmode 
Debug[13:13:22]: "INF(13:13:22.000):Connected to \\.\COM16" 
Debug[13:13:22]: log_breakpoint 
Debug[13:13:22]: 5 
Warning[13:13:22]: Could not parse stylesheet of widget 0x3167610
Debug[13:13:22]: "Resume:Logs" 
Debug[13:13:22]: "Resume:Settings" 
Debug[13:13:22]: "Resume:UartUartController" 
Debug[13:13:22]: "Resume:UartSpiController" 
Debug[13:13:22]: "Resume:UartSsiController" 
Debug[13:13:22]: "Resume:DSI3Master" 
Debug[13:13:22]: "Resume:ASICMaster" 
Debug[13:13:22]: "Resume:RDUMMaster" 
Debug[13:13:22]: "Resume:DSI3Slave" 
Debug[13:13:22]: "Resume:Measurement" 
Debug[13:13:22]: "Resume:CFARsim" 
Debug[13:14:29]: "Suspend:Settings" 
Debug[13:14:29]: "Suspend:UartUartController" 
Debug[13:14:29]: "Suspend:UartSpiController" 
Debug[13:14:29]: "Suspend:UartSsiController" 
Debug[13:14:29]: "Suspend:DSI3Master" 
Debug[13:14:29]: "Suspend:ASICMaster" 
Debug[13:14:29]: "Suspend:RDUMMaster" 
Debug[13:14:29]: "Suspend:DSI3Slave" 
Debug[13:14:29]: "Suspend:Measurement" 
Debug[13:14:29]: "Suspend:CFARsim" 
Debug[13:14:29]: signal in logmode 
Debug[13:14:29]: "INF(13:14:29.771):Disconnect by user" 
Debug[13:14:29]: log_breakpoint 
Debug[13:14:29]: 5 
Debug[13:14:29]: signal in logmode 
Debug[13:14:29]: "INF(13:14:29.945):Disconnect by user" 
Debug[13:14:29]: log_breakpoint 
Debug[13:14:29]: 5 
Warning[13:14:39]: QObject::connect: Cannot connect LocalServer::log(int,QString) to (null)::slot_addLog(int,QString)
Debug[13:14:39]: LocalServer:new "\\.\pipe\DSI3PAS" 
Debug[13:14:39]: Register specific 
Debug[13:14:39]: DynScaleCaclulate 
Debug[13:14:39]: "init 2 UartUartController" 
Debug[13:14:39]: Ok 
Debug[13:14:39]: "init 3 UartSpiController" 
Debug[13:14:39]: Ok 
Debug[13:14:39]: "init 4 UartSsiController" 
Debug[13:14:39]: Ok 
Debug[13:14:39]: "init 5 DSI3Master" 
Debug[13:14:39]: Ok 
Debug[13:14:39]: "init 6 ASICMaster" 
Debug[13:14:39]: Ok 
Debug[13:14:39]: "init 7 RDUMMaster" 
Debug[13:14:39]: Ok 
Debug[13:14:39]: "init 8 DSI3Slave" 
Debug[13:14:40]: Ok 
Debug[13:14:40]: "init 9 Measurement" 
Debug[13:14:41]: Ok 
Debug[13:14:41]: "init 10 CFARsim" 
Debug[13:14:41]: Ok 
Debug[13:14:41]: MainApp Starting... 
Debug[13:14:41]: Add applets to MainWindow...
 
Debug[13:14:41]: Initialize Connection... 
Debug[13:14:42]: signal in logmode 
Debug[13:14:42]: "INF(13:14:42.297):Mode is OK" 
Debug[13:14:42]: log_breakpoint 
Debug[13:14:42]: 5 
Debug[13:14:42]: signal in logmode 
Debug[13:14:42]: "INF(13:14:42.301):Attempt" 
Debug[13:14:42]: log_breakpoint 
Debug[13:14:42]: 5 
Debug[13:14:42]: signal in logmode 
Debug[13:14:42]: "INF(13:14:42.613):Attempt" 
Debug[13:14:42]: log_breakpoint 
Debug[13:14:42]: 5 
Debug[13:14:42]: signal in logmode 
Debug[13:14:42]: "INF(13:14:42.926):Attempt" 
Debug[13:14:42]: log_breakpoint 
Debug[13:14:42]: 5 
Debug[13:14:43]: signal in logmode 
Debug[13:14:43]: "INF(13:14:43.241):Mode is OK" 
Debug[13:14:43]: log_breakpoint 
Debug[13:14:43]: 5 
Debug[13:14:43]: signal in logmode 
Debug[13:14:43]: "INF(13:14:43.243):Attempt" 
Debug[13:14:43]: log_breakpoint 
Debug[13:14:43]: 5 
Debug[13:14:43]: signal in logmode 
Debug[13:14:43]: "INF(13:14:43.555):Attempt" 
Debug[13:14:43]: log_breakpoint 
Debug[13:14:43]: 5 
Debug[13:14:43]: signal in logmode 
Debug[13:14:43]: "INF(13:14:43.870):Attempt" 
Debug[13:14:43]: log_breakpoint 
Debug[13:14:43]: 5 
Debug[13:14:44]: signal in logmode 
Debug[13:14:44]: "INF(13:14:44.184):Mode is OK" 
Debug[13:14:44]: log_breakpoint 
Debug[13:14:44]: 5 
Debug[13:14:44]: signal in logmode 
Debug[13:14:44]: "INF(13:14:44.189):Attempt" 
Debug[13:14:44]: log_breakpoint 
Debug[13:14:44]: 5 
Debug[13:14:44]: signal in logmode 
Debug[13:14:44]: "INF(13:14:44.343):Mode is OK" 
Debug[13:14:44]: log_breakpoint 
Debug[13:14:44]: 5 
Debug[13:14:44]: signal in logmode 
Debug[13:14:44]: "INF(13:14:44.348):Attempt" 
Debug[13:14:44]: log_breakpoint 
Debug[13:14:44]: 5 
Debug[13:14:44]: signal in logmode 
Debug[13:14:44]: "INF(13:14:44.670):Attempt" 
Debug[13:14:44]: log_breakpoint 
Debug[13:14:44]: 5 
Debug[13:14:44]: signal in logmode 
Debug[13:14:44]: "INF(13:14:44.986):Attempt" 
Debug[13:14:44]: log_breakpoint 
Debug[13:14:44]: 5 
Debug[13:14:45]: signal in logmode 
Debug[13:14:45]: "INF(13:14:45.297):Mode is OK" 
Debug[13:14:45]: log_breakpoint 
Debug[13:14:45]: 5 
Debug[13:14:45]: signal in logmode 
Debug[13:14:45]: "INF(13:14:45.302):Attempt" 
Debug[13:14:45]: log_breakpoint 
Debug[13:14:45]: 5 
Debug[13:14:45]: signal in logmode 
Debug[13:14:45]: "INF(13:14:45.611):Attempt" 
Debug[13:14:45]: log_breakpoint 
Debug[13:14:45]: 5 
Debug[13:14:45]: signal in logmode 
Debug[13:14:45]: "INF(13:14:45.928):Attempt" 
Debug[13:14:45]: log_breakpoint 
Debug[13:14:45]: 5 
Debug[13:14:46]: signal in logmode 
Debug[13:14:46]: "INF(13:14:46.242):Mode is OK" 
Debug[13:14:46]: log_breakpoint 
Debug[13:14:46]: 5 
Debug[13:14:46]: signal in logmode 
Debug[13:14:46]: "INF(13:14:46.247):Attempt" 
Debug[13:14:46]: log_breakpoint 
Debug[13:14:46]: 5 
Debug[13:14:46]: signal in logmode 
Debug[13:14:46]: "INF(13:14:46.559):Attempt" 
Debug[13:14:46]: log_breakpoint 
Debug[13:14:46]: 5 
Debug[13:14:46]: signal in logmode 
Debug[13:14:46]: "INF(13:14:46.873):Attempt" 
Debug[13:14:46]: log_breakpoint 
Debug[13:14:46]: 5 
Warning[13:14:47]: QFileSystemWatcher: failed to add paths: C:/REPO/DSI3PAS2_workingdir/DSI3PAS2/Software/bin/ULSEverification_configfiles, C:/REPO/DSI3PAS2_workingdir/DSI3PAS2/Software/bin/ConfigFiles_29_1_2021_Jiri_MOBIS, C:/Users/fg6cnq/Desktop/DSI3PAS2_UART_QtSW_20210129_1511, C:/Users/zbdn9w/Desktop/Temp/CFAR QT uprava ToF, C:/Users/zbdn9w/Desktop/Temp/CFAR QT Komprimace do CSV, U:/Dokumenty/MOBIS/Crosstalk 11-2021, S:/DBartos/P516/MOBIS demo comparison dual channel moving complex obstacle
Debug[13:14:48]: signal in logmode 
Debug[13:14:48]: "INF(13:14:48.852):Mode is OK" 
Debug[13:14:48]: log_breakpoint 
Debug[13:14:48]: 5 
Debug[13:14:48]: signal in logmode 
Debug[13:14:48]: "INF(13:14:48.857):Attempt" 
Debug[13:14:48]: log_breakpoint 
Debug[13:14:48]: 5 
Debug[13:14:49]: signal in logmode 
Debug[13:14:49]: "INF(13:14:49.174):Attempt" 
Debug[13:14:49]: log_breakpoint 
Debug[13:14:49]: 5 
Debug[13:14:49]: signal in logmode 
Debug[13:14:49]: "INF(13:14:49.489):Attempt" 
Debug[13:14:49]: log_breakpoint 
Debug[13:14:49]: 5 
Debug[13:14:49]: signal in logmode 
Debug[13:14:49]: "INF(13:14:49.804):Mode is OK" 
Debug[13:14:49]: log_breakpoint 
Debug[13:14:49]: 5 
Debug[13:14:49]: signal in logmode 
Debug[13:14:49]: "INF(13:14:49.809):Attempt" 
Debug[13:14:49]: log_breakpoint 
Debug[13:14:49]: 5 
Debug[13:14:50]: signal in logmode 
Debug[13:14:50]: "INF(13:14:50.122):Attempt" 
Debug[13:14:50]: log_breakpoint 
Debug[13:14:50]: 5 
Debug[13:14:50]: signal in logmode 
Debug[13:14:50]: "INF(13:14:50.437):Attempt" 
Debug[13:14:50]: log_breakpoint 
Debug[13:14:50]: 5 
Debug[13:14:50]: signal in logmode 
Debug[13:14:50]: "INF(13:14:50.749):Mode is OK" 
Debug[13:14:50]: log_breakpoint 
Debug[13:14:50]: 5 
Debug[13:14:50]: signal in logmode 
Debug[13:14:50]: "INF(13:14:50.754):Attempt" 
Debug[13:14:50]: log_breakpoint 
Debug[13:14:50]: 5 
Debug[13:14:50]: signal in logmode 
Debug[13:14:50]: "INF(13:14:50.781):RDUM master connected" 
Debug[13:14:50]: log_breakpoint 
Debug[13:14:50]: 5 
Debug[13:14:50]: signal in logmode 
Debug[13:14:50]: "INF(13:14:50.782):Connected to \\.\COM16" 
Debug[13:14:50]: log_breakpoint 
Debug[13:14:50]: 5 
Warning[13:14:50]: Could not parse stylesheet of widget 0x31e75b0
Debug[13:14:50]: "Resume:Logs" 
Debug[13:14:50]: "Resume:Settings" 
Debug[13:14:50]: "Resume:UartUartController" 
Debug[13:14:50]: "Resume:UartSpiController" 
Debug[13:14:50]: "Resume:UartSsiController" 
Debug[13:14:50]: "Resume:DSI3Master" 
Debug[13:14:50]: "Resume:ASICMaster" 
Debug[13:14:50]: "Resume:RDUMMaster" 
Debug[13:14:50]: "Resume:DSI3Slave" 
Debug[13:14:50]: "Resume:Measurement" 
Debug[13:14:50]: "Resume:CFARsim" 
Debug[13:23:38]: "Suspend:Settings" 
Debug[13:23:38]: "Suspend:UartUartController" 
Debug[13:23:38]: "Suspend:UartSpiController" 
Debug[13:23:38]: "Suspend:UartSsiController" 
Debug[13:23:38]: "Suspend:DSI3Master" 
Debug[13:23:38]: "Suspend:ASICMaster" 
Debug[13:23:38]: "Suspend:RDUMMaster" 
Debug[13:23:38]: "Suspend:DSI3Slave" 
Debug[13:23:38]: "Suspend:Measurement" 
Debug[13:23:38]: "Suspend:CFARsim" 
Debug[13:23:38]: signal in logmode 
Debug[13:23:38]: "INF(13:23:38.970):Disconnect by user" 
Debug[13:23:38]: log_breakpoint 
Debug[13:23:38]: 5 
Debug[13:23:39]: signal in logmode 
Debug[13:23:39]: "INF(13:23:39.021):Disconnect by user" 
Debug[13:23:39]: log_breakpoint 
Debug[13:23:39]: 5 
Warning[13:23:48]: QObject::connect: Cannot connect LocalServer::log(int,QString) to (null)::slot_addLog(int,QString)
Debug[13:23:48]: LocalServer:new "\\.\pipe\DSI3PAS" 
Debug[13:23:48]: Register specific 
Debug[13:23:48]: DynScaleCaclulate 
Debug[13:23:48]: "init 2 UartUartController" 
Debug[13:23:48]: Ok 
Debug[13:23:48]: "init 3 UartSpiController" 
Debug[13:23:48]: Ok 
Debug[13:23:48]: "init 4 UartSsiController" 
Debug[13:23:48]: Ok 
Debug[13:23:48]: "init 5 DSI3Master" 
Debug[13:23:48]: Ok 
Debug[13:23:48]: "init 6 ASICMaster" 
Debug[13:23:48]: Ok 
Debug[13:23:48]: "init 7 RDUMMaster" 
Debug[13:23:48]: Ok 
Debug[13:23:48]: "init 8 DSI3Slave" 
Debug[13:23:49]: Ok 
Debug[13:23:49]: "init 9 Measurement" 
Debug[13:23:49]: Ok 
Debug[13:23:49]: "init 10 CFARsim" 
Debug[13:23:49]: Ok 
Debug[13:23:49]: MainApp Starting... 
Debug[13:23:50]: Add applets to MainWindow...
 
Debug[13:23:50]: Initialize Connection... 
Debug[13:23:51]: signal in logmode 
Debug[13:23:51]: "INF(13:23:51.061):Mode is OK" 
Debug[13:23:51]: log_breakpoint 
Debug[13:23:51]: 5 
Debug[13:23:51]: signal in logmode 
Debug[13:23:51]: "INF(13:23:51.065):Attempt" 
Debug[13:23:51]: log_breakpoint 
Debug[13:23:51]: 5 
Debug[13:23:51]: signal in logmode 
Debug[13:23:51]: "INF(13:23:51.391):Attempt" 
Debug[13:23:51]: log_breakpoint 
Debug[13:23:51]: 5 
Debug[13:23:51]: signal in logmode 
Debug[13:23:51]: "INF(13:23:51.702):Attempt" 
Debug[13:23:51]: log_breakpoint 
Debug[13:23:51]: 5 
Debug[13:23:52]: signal in logmode 
Debug[13:23:52]: "INF(13:23:52.016):Mode is OK" 
Debug[13:23:52]: log_breakpoint 
Debug[13:23:52]: 5 
Debug[13:23:52]: signal in logmode 
Debug[13:23:52]: "INF(13:23:52.022):Attempt" 
Debug[13:23:52]: log_breakpoint 
Debug[13:23:52]: 5 
Debug[13:23:52]: signal in logmode 
Debug[13:23:52]: "INF(13:23:52.345):Attempt" 
Debug[13:23:52]: log_breakpoint 
Debug[13:23:52]: 5 
Debug[13:23:52]: signal in logmode 
Debug[13:23:52]: "INF(13:23:52.657):Attempt" 
Debug[13:23:52]: log_breakpoint 
Debug[13:23:52]: 5 
Debug[13:23:52]: signal in logmode 
Debug[13:23:52]: "INF(13:23:52.968):Mode is OK" 
Debug[13:23:52]: log_breakpoint 
Debug[13:23:52]: 5 
Debug[13:23:52]: signal in logmode 
Debug[13:23:52]: "INF(13:23:52.974):Attempt" 
Debug[13:23:52]: log_breakpoint 
Debug[13:23:52]: 5 
Debug[13:23:53]: signal in logmode 
Debug[13:23:53]: "INF(13:23:53.135):Mode is OK" 
Debug[13:23:53]: log_breakpoint 
Debug[13:23:53]: 5 
Debug[13:23:53]: signal in logmode 
Debug[13:23:53]: "INF(13:23:53.141):Attempt" 
Debug[13:23:53]: log_breakpoint 
Debug[13:23:53]: 5 
Debug[13:23:53]: signal in logmode 
Debug[13:23:53]: "INF(13:23:53.450):Attempt" 
Debug[13:23:53]: log_breakpoint 
Debug[13:23:53]: 5 
Debug[13:23:53]: signal in logmode 
Debug[13:23:53]: "INF(13:23:53.764):Attempt" 
Debug[13:23:53]: log_breakpoint 
Debug[13:23:53]: 5 
Debug[13:23:54]: signal in logmode 
Debug[13:23:54]: "INF(13:23:54.076):Mode is OK" 
Debug[13:23:54]: log_breakpoint 
Debug[13:23:54]: 5 
Debug[13:23:54]: signal in logmode 
Debug[13:23:54]: "INF(13:23:54.081):Attempt" 
Debug[13:23:54]: log_breakpoint 
Debug[13:23:54]: 5 
Debug[13:23:54]: signal in logmode 
Debug[13:23:54]: "INF(13:23:54.403):Attempt" 
Debug[13:23:54]: log_breakpoint 
Debug[13:23:54]: 5 
Debug[13:23:54]: signal in logmode 
Debug[13:23:54]: "INF(13:23:54.718):Attempt" 
Debug[13:23:54]: log_breakpoint 
Debug[13:23:54]: 5 
Debug[13:23:55]: signal in logmode 
Debug[13:23:55]: "INF(13:23:55.031):Mode is OK" 
Debug[13:23:55]: log_breakpoint 
Debug[13:23:55]: 5 
Debug[13:23:55]: signal in logmode 
Debug[13:23:55]: "INF(13:23:55.036):Attempt" 
Debug[13:23:55]: log_breakpoint 
Debug[13:23:55]: 5 
Debug[13:23:55]: signal in logmode 
Debug[13:23:55]: "INF(13:23:55.340):Attempt" 
Debug[13:23:55]: log_breakpoint 
Debug[13:23:55]: 5 
Debug[13:23:55]: signal in logmode 
Debug[13:23:55]: "INF(13:23:55.655):Attempt" 
Debug[13:23:55]: log_breakpoint 
Debug[13:23:55]: 5 
Warning[13:23:56]: QFileSystemWatcher: failed to add paths: C:/REPO/DSI3PAS2_workingdir/DSI3PAS2/Software/bin/ULSEverification_configfiles, C:/REPO/DSI3PAS2_workingdir/DSI3PAS2/Software/bin/ConfigFiles_29_1_2021_Jiri_MOBIS, C:/Users/fg6cnq/Desktop/DSI3PAS2_UART_QtSW_20210129_1511, C:/Users/zbdn9w/Desktop/Temp/CFAR QT uprava ToF, C:/Users/zbdn9w/Desktop/Temp/CFAR QT Komprimace do CSV, U:/Dokumenty/MOBIS/Crosstalk 11-2021, S:/DBartos/P516/MOBIS demo comparison dual channel moving complex obstacle
Debug[13:23:58]: signal in logmode 
Debug[13:23:58]: "INF(13:23:58.794):Mode is OK" 
Debug[13:23:58]: log_breakpoint 
Debug[13:23:58]: 5 
Debug[13:23:58]: signal in logmode 
Debug[13:23:58]: "INF(13:23:58.800):Attempt" 
Debug[13:23:58]: log_breakpoint 
Debug[13:23:58]: 5 
Debug[13:23:59]: signal in logmode 
Debug[13:23:59]: "INF(13:23:59.120):Attempt" 
Debug[13:23:59]: log_breakpoint 
Debug[13:23:59]: 5 
Debug[13:23:59]: signal in logmode 
Debug[13:23:59]: "INF(13:23:59.432):Attempt" 
Debug[13:23:59]: log_breakpoint 
Debug[13:23:59]: 5 
Debug[13:23:59]: signal in logmode 
Debug[13:23:59]: "INF(13:23:59.745):Mode is OK" 
Debug[13:23:59]: log_breakpoint 
Debug[13:23:59]: 5 
Debug[13:23:59]: signal in logmode 
Debug[13:23:59]: "INF(13:23:59.753):Attempt" 
Debug[13:23:59]: log_breakpoint 
Debug[13:23:59]: 5 
Debug[13:24:00]: signal in logmode 
Debug[13:24:00]: "INF(13:24:00.070):Attempt" 
Debug[13:24:00]: log_breakpoint 
Debug[13:24:00]: 5 
Debug[13:24:00]: signal in logmode 
Debug[13:24:00]: "INF(13:24:00.385):Attempt" 
Debug[13:24:00]: log_breakpoint 
Debug[13:24:00]: 5 
Debug[13:24:00]: signal in logmode 
Debug[13:24:00]: "INF(13:24:00.697):Mode is OK" 
Debug[13:24:00]: log_breakpoint 
Debug[13:24:00]: 5 
Debug[13:24:00]: signal in logmode 
Debug[13:24:00]: "INF(13:24:00.703):Attempt" 
Debug[13:24:00]: log_breakpoint 
Debug[13:24:00]: 5 
Debug[13:24:00]: signal in logmode 
Debug[13:24:00]: "INF(13:24:00.710):RDUM master connected" 
Debug[13:24:00]: log_breakpoint 
Debug[13:24:00]: 5 
Debug[13:24:00]: signal in logmode 
Debug[13:24:00]: "INF(13:24:00.716):Connected to \\.\COM16" 
Debug[13:24:00]: log_breakpoint 
Debug[13:24:00]: 5 
Warning[13:24:00]: Could not parse stylesheet of widget 0x3167650
Debug[13:24:00]: "Resume:Logs" 
Debug[13:24:00]: "Resume:Settings" 
Debug[13:24:00]: "Resume:UartUartController" 
Debug[13:24:00]: "Resume:UartSpiController" 
Debug[13:24:00]: "Resume:UartSsiController" 
Debug[13:24:00]: "Resume:DSI3Master" 
Debug[13:24:00]: "Resume:ASICMaster" 
Debug[13:24:00]: "Resume:RDUMMaster" 
Debug[13:24:00]: "Resume:DSI3Slave" 
Debug[13:24:00]: "Resume:Measurement" 
Debug[13:24:00]: "Resume:CFARsim" 
Debug[14:56:47]: "Suspend:Settings" 
Debug[14:56:47]: "Suspend:UartUartController" 
Debug[14:56:47]: "Suspend:UartSpiController" 
Debug[14:56:47]: "Suspend:UartSsiController" 
Debug[14:56:47]: "Suspend:DSI3Master" 
Debug[14:56:47]: "Suspend:ASICMaster" 
Debug[14:56:47]: "Suspend:RDUMMaster" 
Debug[14:56:47]: "Suspend:DSI3Slave" 
Debug[14:56:47]: "Suspend:Measurement" 
Debug[14:56:47]: "Suspend:CFARsim" 
Debug[14:56:47]: signal in logmode 
Debug[14:56:47]: "INF(14:56:47.118):Disconnect by user" 
Debug[14:56:47]: log_breakpoint 
Debug[14:56:47]: 5 
Debug[14:56:47]: signal in logmode 
Debug[14:56:47]: "INF(14:56:47.183):Disconnect by user" 
Debug[14:56:47]: log_breakpoint 
Debug[14:56:47]: 5 
