Warning[08:41:11]: QObject::connect: Cannot connect LocalServer::log(int,QString) to (null)::slot_addLog(int,QString)
Debug[08:41:11]: LocalServer:new "\\.\pipe\DSI3PAS" 
Debug[08:41:11]: Register specific 
Debug[08:41:12]: DynScaleCaclulate 
Debug[08:41:12]: "init 2 UartUartController" 
Debug[08:41:12]: Ok 
Debug[08:41:12]: "init 3 UartSpiController" 
Debug[08:41:12]: Ok 
Debug[08:41:12]: "init 4 UartSsiController" 
Debug[08:41:12]: Ok 
Debug[08:41:12]: "init 5 DSI3Master" 
Debug[08:41:12]: Ok 
Debug[08:41:12]: "init 6 ASICMaster" 
Debug[08:41:12]: Ok 
Debug[08:41:12]: "init 7 RDUMMaster" 
Debug[08:41:12]: Ok 
Debug[08:41:12]: "init 8 DSI3Slave" 
Debug[08:41:12]: Ok 
Debug[08:41:12]: "init 9 Measurement" 
Debug[08:41:13]: Ok 
Debug[08:41:13]: "init 10 CFARsim" 
Debug[08:41:13]: Ok 
Debug[08:41:13]: MainApp Starting... 
Debug[08:41:14]: Add applets to MainWindow...
 
Debug[08:41:14]: Initialize Connection... 
Debug[08:41:14]: signal in logmode 
Debug[08:41:14]: "INF(08:41:14.847):Mode is OK" 
Debug[08:41:14]: log_breakpoint 
Debug[08:41:14]: 5 
Debug[08:41:14]: signal in logmode 
Debug[08:41:14]: "INF(08:41:14.849):Attempt" 
Debug[08:41:14]: log_breakpoint 
Debug[08:41:14]: 5 
Debug[08:41:15]: signal in logmode 
Debug[08:41:15]: "INF(08:41:15.154):Attempt" 
Debug[08:41:15]: log_breakpoint 
Debug[08:41:15]: 5 
Debug[08:41:15]: signal in logmode 
Debug[08:41:15]: "INF(08:41:15.468):Attempt" 
Debug[08:41:15]: log_breakpoint 
Debug[08:41:15]: 5 
Debug[08:41:15]: signal in logmode 
Debug[08:41:15]: "INF(08:41:15.779):Mode is OK" 
Debug[08:41:15]: log_breakpoint 
Debug[08:41:15]: 5 
Debug[08:41:15]: signal in logmode 
Debug[08:41:15]: "INF(08:41:15.784):Attempt" 
Debug[08:41:15]: log_breakpoint 
Debug[08:41:15]: 5 
Debug[08:41:16]: signal in logmode 
Debug[08:41:16]: "INF(08:41:16.091):Attempt" 
Debug[08:41:16]: log_breakpoint 
Debug[08:41:16]: 5 
Debug[08:41:16]: signal in logmode 
Debug[08:41:16]: "INF(08:41:16.401):Attempt" 
Debug[08:41:16]: log_breakpoint 
Debug[08:41:16]: 5 
Debug[08:41:16]: signal in logmode 
Debug[08:41:16]: "INF(08:41:16.706):Mode is OK" 
Debug[08:41:16]: log_breakpoint 
Debug[08:41:16]: 5 
Debug[08:41:16]: signal in logmode 
Debug[08:41:16]: "INF(08:41:16.708):Attempt" 
Debug[08:41:16]: log_breakpoint 
Debug[08:41:16]: 5 
Debug[08:41:17]: signal in logmode 
Debug[08:41:17]: "INF(08:41:17.024):Attempt" 
Debug[08:41:17]: log_breakpoint 
Debug[08:41:17]: 5 
Debug[08:41:17]: signal in logmode 
Debug[08:41:17]: "INF(08:41:17.341):Attempt" 
Debug[08:41:17]: log_breakpoint 
Debug[08:41:17]: 5 
Debug[08:41:17]: signal in logmode 
Debug[08:41:17]: "INF(08:41:17.657):Mode is OK" 
Debug[08:41:17]: log_breakpoint 
Debug[08:41:17]: 5 
Debug[08:41:17]: signal in logmode 
Debug[08:41:17]: "INF(08:41:17.661):Attempt" 
Debug[08:41:17]: log_breakpoint 
Debug[08:41:17]: 5 
Debug[08:41:17]: signal in logmode 
Debug[08:41:17]: "INF(08:41:17.969):Attempt" 
Debug[08:41:17]: log_breakpoint 
Debug[08:41:17]: 5 
Debug[08:41:18]: signal in logmode 
Debug[08:41:18]: "INF(08:41:18.281):Attempt" 
Debug[08:41:18]: log_breakpoint 
Debug[08:41:18]: 5 
Debug[08:41:18]: signal in logmode 
Debug[08:41:18]: "INF(08:41:18.724):Mode is OK" 
Debug[08:41:18]: log_breakpoint 
Debug[08:41:18]: 5 
Debug[08:41:18]: signal in logmode 
Debug[08:41:18]: "INF(08:41:18.727):Attempt" 
Debug[08:41:18]: log_breakpoint 
Debug[08:41:18]: 5 
Debug[08:41:19]: signal in logmode 
Debug[08:41:19]: "INF(08:41:19.031):Attempt" 
Debug[08:41:19]: log_breakpoint 
Debug[08:41:19]: 5 
Debug[08:41:19]: signal in logmode 
Debug[08:41:19]: "INF(08:41:19.342):Attempt" 
Debug[08:41:19]: log_breakpoint 
Debug[08:41:19]: 5 
Debug[08:41:19]: signal in logmode 
Debug[08:41:19]: "INF(08:41:19.654):Mode is OK" 
Debug[08:41:19]: log_breakpoint 
Debug[08:41:19]: 5 
Debug[08:41:19]: signal in logmode 
Debug[08:41:19]: "INF(08:41:19.656):Attempt" 
Debug[08:41:19]: log_breakpoint 
Debug[08:41:19]: 5 
Debug[08:41:19]: signal in logmode 
Debug[08:41:19]: "INF(08:41:19.964):Attempt" 
Debug[08:41:19]: log_breakpoint 
Debug[08:41:19]: 5 
Debug[08:41:20]: signal in logmode 
Debug[08:41:20]: "INF(08:41:20.277):Attempt" 
Debug[08:41:20]: log_breakpoint 
Debug[08:41:20]: 5 
Debug[08:41:20]: signal in logmode 
Debug[08:41:20]: "INF(08:41:20.589):Mode is OK" 
Debug[08:41:20]: log_breakpoint 
Debug[08:41:20]: 5 
Debug[08:41:20]: signal in logmode 
Debug[08:41:20]: "INF(08:41:20.590):Attempt" 
Debug[08:41:20]: log_breakpoint 
Debug[08:41:20]: 5 
Debug[08:41:20]: signal in logmode 
Debug[08:41:20]: "INF(08:41:20.901):Attempt" 
Debug[08:41:20]: log_breakpoint 
Debug[08:41:20]: 5 
Debug[08:41:21]: signal in logmode 
Debug[08:41:21]: "INF(08:41:21.213):Attempt" 
Debug[08:41:21]: log_breakpoint 
Debug[08:41:21]: 5 
Debug[08:41:21]: signal in logmode 
Debug[08:41:21]: "INF(08:41:21.527):Mode is OK" 
Debug[08:41:21]: log_breakpoint 
Debug[08:41:21]: 5 
Debug[08:41:21]: signal in logmode 
Debug[08:41:21]: "INF(08:41:21.530):Attempt" 
Debug[08:41:21]: log_breakpoint 
Debug[08:41:21]: 5 
Debug[08:41:21]: signal in logmode 
Debug[08:41:21]: "INF(08:41:21.839):Attempt" 
Debug[08:41:21]: log_breakpoint 
Debug[08:41:21]: 5 
Debug[08:41:22]: signal in logmode 
Debug[08:41:22]: "INF(08:41:22.151):Attempt" 
Debug[08:41:22]: log_breakpoint 
Debug[08:41:22]: 5 
Debug[08:41:25]: signal in logmode 
Debug[08:41:25]: "INF(08:41:25.212):Disconnect by user" 
Debug[08:41:25]: log_breakpoint 
Debug[08:41:25]: 5 
Debug[08:41:25]: signal in logmode 
Debug[08:41:25]: "INF(08:41:25.237):Disconnect by user" 
Debug[08:41:25]: log_breakpoint 
Debug[08:41:25]: 5 
Warning[08:41:47]: QObject::connect: Cannot connect LocalServer::log(int,QString) to (null)::slot_addLog(int,QString)
Debug[08:41:47]: LocalServer:new "\\.\pipe\DSI3PAS" 
Debug[08:41:47]: Register specific 
Debug[08:41:48]: DynScaleCaclulate 
Debug[08:41:48]: "init 2 UartUartController" 
Debug[08:41:48]: Ok 
Debug[08:41:48]: "init 3 UartSpiController" 
Debug[08:41:48]: Ok 
Debug[08:41:48]: "init 4 UartSsiController" 
Debug[08:41:48]: Ok 
Debug[08:41:48]: "init 5 DSI3Master" 
Debug[08:41:48]: Ok 
Debug[08:41:48]: "init 6 ASICMaster" 
Debug[08:41:48]: Ok 
Debug[08:41:48]: "init 7 RDUMMaster" 
Debug[08:41:48]: Ok 
Debug[08:41:48]: "init 8 DSI3Slave" 
Debug[08:41:48]: Ok 
Debug[08:41:48]: "init 9 Measurement" 
Debug[08:41:49]: Ok 
Debug[08:41:49]: "init 10 CFARsim" 
Debug[08:41:49]: Ok 
Debug[08:41:49]: MainApp Starting... 
Debug[08:41:50]: Add applets to MainWindow...
 
Debug[08:41:50]: Initialize Connection... 
Debug[08:42:17]: signal in logmode 
Debug[08:42:17]: "INF(08:42:17.740):Disconnect by user" 
Debug[08:42:17]: log_breakpoint 
Debug[08:42:17]: 5 
Debug[08:42:17]: signal in logmode 
Debug[08:42:17]: "INF(08:42:17.763):Disconnect by user" 
Debug[08:42:17]: log_breakpoint 
Debug[08:42:17]: 5 
Warning[08:42:19]: QObject::connect: Cannot connect LocalServer::log(int,QString) to (null)::slot_addLog(int,QString)
Debug[08:42:19]: LocalServer:new "\\.\pipe\DSI3PAS" 
Debug[08:42:19]: Register specific 
Debug[08:42:20]: DynScaleCaclulate 
Debug[08:42:20]: "init 2 UartUartController" 
Debug[08:42:20]: Ok 
Debug[08:42:20]: "init 3 UartSpiController" 
Debug[08:42:20]: Ok 
Debug[08:42:20]: "init 4 UartSsiController" 
Debug[08:42:20]: Ok 
Debug[08:42:20]: "init 5 DSI3Master" 
Debug[08:42:20]: Ok 
Debug[08:42:20]: "init 6 ASICMaster" 
Debug[08:42:20]: Ok 
Debug[08:42:20]: "init 7 RDUMMaster" 
Debug[08:42:20]: Ok 
Debug[08:42:20]: "init 8 DSI3Slave" 
Debug[08:42:21]: Ok 
Debug[08:42:21]: "init 9 Measurement" 
Debug[08:42:22]: Ok 
Debug[08:42:22]: "init 10 CFARsim" 
Debug[08:42:22]: Ok 
Debug[08:42:22]: MainApp Starting... 
Debug[08:42:22]: Add applets to MainWindow...
 
Debug[08:42:22]: Initialize Connection... 
Debug[08:42:23]: signal in logmode 
Debug[08:42:23]: "INF(08:42:23.141):Mode is OK" 
Debug[08:42:23]: log_breakpoint 
Debug[08:42:23]: 5 
Debug[08:42:23]: signal in logmode 
Debug[08:42:23]: "INF(08:42:23.144):Attempt" 
Debug[08:42:23]: log_breakpoint 
Debug[08:42:23]: 5 
Debug[08:42:23]: signal in logmode 
Debug[08:42:23]: "INF(08:42:23.455):Attempt" 
Debug[08:42:23]: log_breakpoint 
Debug[08:42:23]: 5 
Debug[08:42:23]: signal in logmode 
Debug[08:42:23]: "INF(08:42:23.765):Attempt" 
Debug[08:42:23]: log_breakpoint 
Debug[08:42:23]: 5 
Debug[08:42:24]: signal in logmode 
Debug[08:42:24]: "INF(08:42:24.078):Mode is OK" 
Debug[08:42:24]: log_breakpoint 
Debug[08:42:24]: 5 
Debug[08:42:24]: signal in logmode 
Debug[08:42:24]: "INF(08:42:24.082):Attempt" 
Debug[08:42:24]: log_breakpoint 
Debug[08:42:24]: 5 
Debug[08:42:24]: signal in logmode 
Debug[08:42:24]: "INF(08:42:24.110):6e" 
Debug[08:42:24]: log_breakpoint 
Debug[08:42:24]: 5 
Debug[08:42:24]: signal in logmode 
Debug[08:42:24]: "INF(08:42:24.254):Mode is OK" 
Debug[08:42:24]: log_breakpoint 
Debug[08:42:24]: 5 
Debug[08:42:24]: signal in logmode 
Debug[08:42:24]: "INF(08:42:24.256):Attempt" 
Debug[08:42:24]: log_breakpoint 
Debug[08:42:24]: 5 
Debug[08:42:24]: signal in logmode 
Debug[08:42:24]: "INF(08:42:24.563):Attempt" 
Debug[08:42:24]: log_breakpoint 
Debug[08:42:24]: 5 
Debug[08:42:24]: signal in logmode 
Debug[08:42:24]: "INF(08:42:24.877):Attempt" 
Debug[08:42:24]: log_breakpoint 
Debug[08:42:24]: 5 
Debug[08:42:25]: signal in logmode 
Debug[08:42:25]: "INF(08:42:25.189):Mode is OK" 
Debug[08:42:25]: log_breakpoint 
Debug[08:42:25]: 5 
Debug[08:42:25]: signal in logmode 
Debug[08:42:25]: "INF(08:42:25.193):Attempt" 
Debug[08:42:25]: log_breakpoint 
Debug[08:42:25]: 5 
Debug[08:42:25]: signal in logmode 
Debug[08:42:25]: "INF(08:42:25.499):Attempt" 
Debug[08:42:25]: log_breakpoint 
Debug[08:42:25]: 5 
Debug[08:42:25]: signal in logmode 
Debug[08:42:25]: "INF(08:42:25.812):Attempt" 
Debug[08:42:25]: log_breakpoint 
Debug[08:42:25]: 5 
Debug[08:42:26]: signal in logmode 
Debug[08:42:26]: "INF(08:42:26.122):Mode is OK" 
Debug[08:42:26]: log_breakpoint 
Debug[08:42:26]: 5 
Debug[08:42:26]: signal in logmode 
Debug[08:42:26]: "INF(08:42:26.126):Attempt" 
Debug[08:42:26]: log_breakpoint 
Debug[08:42:26]: 5 
Debug[08:42:26]: signal in logmode 
Debug[08:42:26]: "INF(08:42:26.433):Attempt" 
Debug[08:42:26]: log_breakpoint 
Debug[08:42:26]: 5 
Debug[08:42:26]: signal in logmode 
Debug[08:42:26]: "INF(08:42:26.745):Attempt" 
Debug[08:42:26]: log_breakpoint 
Debug[08:42:26]: 5 
Debug[08:42:27]: signal in logmode 
Debug[08:42:27]: "INF(08:42:27.056):Mode is OK" 
Debug[08:42:27]: log_breakpoint 
Debug[08:42:27]: 5 
Debug[08:42:27]: signal in logmode 
Debug[08:42:27]: "INF(08:42:27.059):Attempt" 
Debug[08:42:27]: log_breakpoint 
Debug[08:42:27]: 5 
Debug[08:42:27]: signal in logmode 
Debug[08:42:27]: "INF(08:42:27.367):Attempt" 
Debug[08:42:27]: log_breakpoint 
Debug[08:42:27]: 5 
Debug[08:42:27]: signal in logmode 
Debug[08:42:27]: "INF(08:42:27.682):Attempt" 
Debug[08:42:27]: log_breakpoint 
Debug[08:42:27]: 5 
Debug[08:42:31]: signal in logmode 
Debug[08:42:31]: "INF(08:42:31.893):Disconnect by user" 
Debug[08:42:31]: log_breakpoint 
Debug[08:42:31]: 5 
Debug[08:42:31]: signal in logmode 
Debug[08:42:31]: "INF(08:42:31.914):Disconnect by user" 
Debug[08:42:31]: log_breakpoint 
Debug[08:42:31]: 5 
Warning[13:59:12]: QObject::connect: Cannot connect LocalServer::log(int,QString) to (null)::slot_addLog(int,QString)
Debug[13:59:13]: LocalServer:new "" 
Warning[13:59:19]: QObject::connect: Cannot connect LocalServer::log(int,QString) to (null)::slot_addLog(int,QString)
Debug[13:59:19]: LocalServer:new "\\.\pipe\DSI3PAS" 
Debug[13:59:19]: Register specific 
Debug[13:59:19]: DynScaleCaclulate 
Debug[13:59:19]: "init 2 UartUartController" 
Debug[13:59:19]: Ok 
Debug[13:59:19]: "init 3 UartSpiController" 
Debug[13:59:19]: Ok 
Debug[13:59:19]: "init 4 UartSsiController" 
Debug[13:59:19]: Ok 
Debug[13:59:19]: "init 5 DSI3Master" 
Debug[13:59:19]: Ok 
Debug[13:59:19]: "init 6 ASICMaster" 
Debug[13:59:19]: Ok 
Debug[13:59:19]: "init 7 RDUMMaster" 
Debug[13:59:19]: Ok 
Debug[13:59:19]: "init 8 DSI3Slave" 
Debug[13:59:20]: Ok 
Debug[13:59:20]: "init 9 Measurement" 
Debug[13:59:21]: Ok 
Debug[13:59:21]: "init 10 CFARsim" 
Debug[13:59:21]: Ok 
Debug[13:59:21]: MainApp Starting... 
Debug[13:59:22]: Add applets to MainWindow...
 
Debug[13:59:22]: Initialize Connection... 
Debug[13:59:39]: Initialize Connection... 
Debug[13:59:40]: signal in logmode 
Debug[13:59:40]: "INF(13:59:40.114):Mode is OK" 
Debug[13:59:40]: log_breakpoint 
Debug[13:59:40]: 5 
Debug[13:59:40]: signal in logmode 
Debug[13:59:40]: "INF(13:59:40.117):Attempt" 
Debug[13:59:40]: log_breakpoint 
Debug[13:59:40]: 5 
Debug[13:59:40]: signal in logmode 
Debug[13:59:40]: "INF(13:59:40.428):Attempt" 
Debug[13:59:40]: log_breakpoint 
Debug[13:59:40]: 5 
Debug[13:59:40]: signal in logmode 
Debug[13:59:40]: "INF(13:59:40.747):Attempt" 
Debug[13:59:40]: log_breakpoint 
Debug[13:59:40]: 5 
Debug[13:59:41]: signal in logmode 
Debug[13:59:41]: "INF(13:59:41.062):Mode is OK" 
Debug[13:59:41]: log_breakpoint 
Debug[13:59:41]: 5 
Debug[13:59:41]: signal in logmode 
Debug[13:59:41]: "INF(13:59:41.066):Attempt" 
Debug[13:59:41]: log_breakpoint 
Debug[13:59:41]: 5 
Debug[13:59:41]: signal in logmode 
Debug[13:59:41]: "INF(13:59:41.377):Attempt" 
Debug[13:59:41]: log_breakpoint 
Debug[13:59:41]: 5 
Debug[13:59:41]: signal in logmode 
Debug[13:59:41]: "INF(13:59:41.692):Attempt" 
Debug[13:59:41]: log_breakpoint 
Debug[13:59:41]: 5 
Debug[13:59:42]: signal in logmode 
Debug[13:59:42]: "INF(13:59:42.009):Mode is OK" 
Debug[13:59:42]: log_breakpoint 
Debug[13:59:42]: 5 
Debug[13:59:42]: signal in logmode 
Debug[13:59:42]: "INF(13:59:42.013):Attempt" 
Debug[13:59:42]: log_breakpoint 
Debug[13:59:42]: 5 
Debug[13:59:42]: signal in logmode 
Debug[13:59:42]: "INF(13:59:42.161):Mode is OK" 
Debug[13:59:42]: log_breakpoint 
Debug[13:59:42]: 5 
Debug[13:59:42]: signal in logmode 
Debug[13:59:42]: "INF(13:59:42.165):Attempt" 
Debug[13:59:42]: log_breakpoint 
Debug[13:59:42]: 5 
Debug[13:59:42]: signal in logmode 
Debug[13:59:42]: "INF(13:59:42.483):Attempt" 
Debug[13:59:42]: log_breakpoint 
Debug[13:59:42]: 5 
Debug[13:59:42]: signal in logmode 
Debug[13:59:42]: "INF(13:59:42.799):Attempt" 
Debug[13:59:42]: log_breakpoint 
Debug[13:59:42]: 5 
Debug[13:59:43]: signal in logmode 
Debug[13:59:43]: "INF(13:59:43.114):Mode is OK" 
Debug[13:59:43]: log_breakpoint 
Debug[13:59:43]: 5 
Debug[13:59:43]: signal in logmode 
Debug[13:59:43]: "INF(13:59:43.118):Attempt" 
Debug[13:59:43]: log_breakpoint 
Debug[13:59:43]: 5 
Debug[13:59:43]: signal in logmode 
Debug[13:59:43]: "INF(13:59:43.428):Attempt" 
Debug[13:59:43]: log_breakpoint 
Debug[13:59:43]: 5 
Debug[13:59:43]: signal in logmode 
Debug[13:59:43]: "INF(13:59:43.742):Attempt" 
Debug[13:59:43]: log_breakpoint 
Debug[13:59:43]: 5 
Debug[13:59:44]: signal in logmode 
Debug[13:59:44]: "INF(13:59:44.057):Mode is OK" 
Debug[13:59:44]: log_breakpoint 
Debug[13:59:44]: 5 
Debug[13:59:44]: signal in logmode 
Debug[13:59:44]: "INF(13:59:44.061):Attempt" 
Debug[13:59:44]: log_breakpoint 
Debug[13:59:44]: 5 
Debug[13:59:44]: signal in logmode 
Debug[13:59:44]: "INF(13:59:44.370):Attempt" 
Debug[13:59:44]: log_breakpoint 
Debug[13:59:44]: 5 
Debug[13:59:44]: signal in logmode 
Debug[13:59:44]: "INF(13:59:44.680):Attempt" 
Debug[13:59:44]: log_breakpoint 
Debug[13:59:44]: 5 
Debug[13:59:44]: signal in logmode 
Debug[13:59:44]: "INF(13:59:44.988):Mode is OK" 
Debug[13:59:44]: log_breakpoint 
Debug[13:59:44]: 5 
Debug[13:59:44]: signal in logmode 
Debug[13:59:44]: "INF(13:59:44.992):Attempt" 
Debug[13:59:44]: log_breakpoint 
Debug[13:59:44]: 5 
Debug[13:59:45]: signal in logmode 
Debug[13:59:45]: "INF(13:59:45.302):Attempt" 
Debug[13:59:45]: log_breakpoint 
Debug[13:59:45]: 5 
Debug[13:59:45]: signal in logmode 
Debug[13:59:45]: "INF(13:59:45.619):Attempt" 
Debug[13:59:45]: log_breakpoint 
Debug[13:59:45]: 5 
Debug[13:59:47]: signal in logmode 
Debug[13:59:47]: "INF(13:59:47.225):Disconnect by user" 
Debug[13:59:47]: log_breakpoint 
Debug[13:59:47]: 5 
Debug[13:59:47]: signal in logmode 
Debug[13:59:47]: "INF(13:59:47.271):Disconnect by user" 
Debug[13:59:47]: log_breakpoint 
Debug[13:59:47]: 5 
Warning[14:00:05]: QObject::connect: Cannot connect LocalServer::log(int,QString) to (null)::slot_addLog(int,QString)
Debug[14:00:05]: LocalServer:new "\\.\pipe\DSI3PAS" 
Debug[14:00:05]: Register specific 
Debug[14:00:05]: DynScaleCaclulate 
Debug[14:00:05]: "init 2 UartUartController" 
Debug[14:00:05]: Ok 
Debug[14:00:05]: "init 3 UartSpiController" 
Debug[14:00:05]: Ok 
Debug[14:00:05]: "init 4 UartSsiController" 
Debug[14:00:05]: Ok 
Debug[14:00:05]: "init 5 DSI3Master" 
Debug[14:00:05]: Ok 
Debug[14:00:05]: "init 6 ASICMaster" 
Debug[14:00:05]: Ok 
Debug[14:00:05]: "init 7 RDUMMaster" 
Debug[14:00:05]: Ok 
Debug[14:00:05]: "init 8 DSI3Slave" 
Debug[14:00:06]: Ok 
Debug[14:00:06]: "init 9 Measurement" 
Debug[14:00:07]: Ok 
Debug[14:00:07]: "init 10 CFARsim" 
Debug[14:00:07]: Ok 
Debug[14:00:07]: MainApp Starting... 
Debug[14:00:08]: Add applets to MainWindow...
 
Debug[14:00:08]: Initialize Connection... 
Debug[14:00:12]: signal in logmode 
Debug[14:00:13]: "INF(14:00:13.001):Disconnect by user" 
Debug[14:00:13]: log_breakpoint 
Debug[14:00:13]: 5 
Debug[14:00:13]: signal in logmode 
Debug[14:00:13]: "INF(14:00:13.036):Disconnect by user" 
Debug[14:00:13]: log_breakpoint 
Debug[14:00:13]: 5 
Warning[14:03:00]: QObject::connect: Cannot connect LocalServer::log(int,QString) to (null)::slot_addLog(int,QString)
Debug[14:03:00]: LocalServer:new "\\.\pipe\DSI3PAS" 
Debug[14:03:00]: Register specific 
Debug[14:03:01]: DynScaleCaclulate 
Debug[14:03:01]: "init 2 UartUartController" 
Debug[14:03:01]: Ok 
Debug[14:03:01]: "init 3 UartSpiController" 
Debug[14:03:01]: Ok 
Debug[14:03:01]: "init 4 UartSsiController" 
Debug[14:03:01]: Ok 
Debug[14:03:01]: "init 5 DSI3Master" 
Debug[14:03:01]: Ok 
Debug[14:03:01]: "init 6 ASICMaster" 
Debug[14:03:01]: Ok 
Debug[14:03:01]: "init 7 RDUMMaster" 
Debug[14:03:01]: Ok 
Debug[14:03:01]: "init 8 DSI3Slave" 
Debug[14:03:02]: Ok 
Debug[14:03:02]: "init 9 Measurement" 
Debug[14:03:03]: Ok 
Debug[14:03:03]: "init 10 CFARsim" 
Debug[14:03:03]: Ok 
Debug[14:03:03]: MainApp Starting... 
Debug[14:03:04]: Add applets to MainWindow...
 
Debug[14:03:04]: Initialize Connection... 
Debug[14:03:04]: signal in logmode 
Debug[14:03:04]: "INF(14:03:04.307):Mode is OK" 
Debug[14:03:04]: log_breakpoint 
Debug[14:03:04]: 5 
Debug[14:03:04]: signal in logmode 
Debug[14:03:04]: "INF(14:03:04.310):Attempt" 
Debug[14:03:04]: log_breakpoint 
Debug[14:03:04]: 5 
Debug[14:03:04]: signal in logmode 
Debug[14:03:04]: "INF(14:03:04.623):Attempt" 
Debug[14:03:04]: log_breakpoint 
Debug[14:03:04]: 5 
Debug[14:03:04]: signal in logmode 
Debug[14:03:04]: "INF(14:03:04.932):Attempt" 
Debug[14:03:04]: log_breakpoint 
Debug[14:03:04]: 5 
Debug[14:03:05]: signal in logmode 
Debug[14:03:05]: "INF(14:03:05.242):Mode is OK" 
Debug[14:03:05]: log_breakpoint 
Debug[14:03:05]: 5 
Debug[14:03:05]: signal in logmode 
Debug[14:03:05]: "INF(14:03:05.248):Attempt" 
Debug[14:03:05]: log_breakpoint 
Debug[14:03:05]: 5 
Debug[14:03:05]: signal in logmode 
Debug[14:03:05]: "INF(14:03:05.571):Attempt" 
Debug[14:03:05]: log_breakpoint 
Debug[14:03:05]: 5 
Debug[14:03:05]: signal in logmode 
Debug[14:03:05]: "INF(14:03:05.883):Attempt" 
Debug[14:03:05]: log_breakpoint 
Debug[14:03:05]: 5 
Debug[14:03:06]: signal in logmode 
Debug[14:03:06]: "INF(14:03:06.193):Mode is OK" 
Debug[14:03:06]: log_breakpoint 
Debug[14:03:06]: 5 
Debug[14:03:06]: signal in logmode 
Debug[14:03:06]: "INF(14:03:06.199):Attempt" 
Debug[14:03:06]: log_breakpoint 
Debug[14:03:06]: 5 
Debug[14:03:06]: signal in logmode 
Debug[14:03:06]: "INF(14:03:06.354):Mode is OK" 
Debug[14:03:06]: log_breakpoint 
Debug[14:03:06]: 5 
Debug[14:03:06]: signal in logmode 
Debug[14:03:06]: "INF(14:03:06.359):Attempt" 
Debug[14:03:06]: log_breakpoint 
Debug[14:03:06]: 5 
Debug[14:03:06]: signal in logmode 
Debug[14:03:06]: "INF(14:03:06.679):Attempt" 
Debug[14:03:06]: log_breakpoint 
Debug[14:03:06]: 5 
Debug[14:03:06]: signal in logmode 
Debug[14:03:06]: "INF(14:03:06.990):Attempt" 
Debug[14:03:06]: log_breakpoint 
Debug[14:03:06]: 5 
Debug[14:03:07]: signal in logmode 
Debug[14:03:07]: "INF(14:03:07.304):Mode is OK" 
Debug[14:03:07]: log_breakpoint 
Debug[14:03:07]: 5 
Debug[14:03:07]: signal in logmode 
Debug[14:03:07]: "INF(14:03:07.315):Attempt" 
Debug[14:03:07]: log_breakpoint 
Debug[14:03:07]: 5 
Debug[14:03:07]: signal in logmode 
Debug[14:03:07]: "INF(14:03:07.634):Attempt" 
Debug[14:03:07]: log_breakpoint 
Debug[14:03:07]: 5 
Debug[14:03:07]: signal in logmode 
Debug[14:03:07]: "INF(14:03:07.947):Attempt" 
Debug[14:03:07]: log_breakpoint 
Debug[14:03:07]: 5 
Debug[14:03:08]: signal in logmode 
Debug[14:03:08]: "INF(14:03:08.262):Mode is OK" 
Debug[14:03:08]: log_breakpoint 
Debug[14:03:08]: 5 
Debug[14:03:08]: signal in logmode 
Debug[14:03:08]: "INF(14:03:08.267):Attempt" 
Debug[14:03:08]: log_breakpoint 
Debug[14:03:08]: 5 
Debug[14:03:08]: signal in logmode 
Debug[14:03:08]: "INF(14:03:08.577):Attempt" 
Debug[14:03:08]: log_breakpoint 
Debug[14:03:08]: 5 
Debug[14:03:08]: signal in logmode 
Debug[14:03:08]: "INF(14:03:08.891):Attempt" 
Debug[14:03:08]: log_breakpoint 
Debug[14:03:08]: 5 
Debug[14:03:09]: signal in logmode 
Debug[14:03:09]: "INF(14:03:09.208):Mode is OK" 
Debug[14:03:09]: log_breakpoint 
Debug[14:03:09]: 5 
Debug[14:03:09]: signal in logmode 
Debug[14:03:09]: "INF(14:03:09.211):Attempt" 
Debug[14:03:09]: log_breakpoint 
Debug[14:03:09]: 5 
Debug[14:03:09]: signal in logmode 
Debug[14:03:09]: "INF(14:03:09.526):Attempt" 
Debug[14:03:09]: log_breakpoint 
Debug[14:03:09]: 5 
Debug[14:03:09]: signal in logmode 
Debug[14:03:09]: "INF(14:03:09.842):Attempt" 
Debug[14:03:09]: log_breakpoint 
Debug[14:03:09]: 5 
Debug[14:03:13]: signal in logmode 
Debug[14:03:13]: "INF(14:03:13.590):Mode is OK" 
Debug[14:03:13]: log_breakpoint 
Debug[14:03:13]: 5 
Debug[14:03:13]: signal in logmode 
Debug[14:03:13]: "INF(14:03:13.592):Attempt" 
Debug[14:03:13]: log_breakpoint 
Debug[14:03:13]: 5 
Debug[14:03:13]: signal in logmode 
Debug[14:03:13]: "INF(14:03:13.913):Attempt" 
Debug[14:03:13]: log_breakpoint 
Debug[14:03:13]: 5 
Debug[14:03:14]: signal in logmode 
Debug[14:03:14]: "INF(14:03:14.221):Attempt" 
Debug[14:03:14]: log_breakpoint 
Debug[14:03:14]: 5 
Debug[14:03:14]: signal in logmode 
Debug[14:03:14]: "INF(14:03:14.534):Mode is OK" 
Debug[14:03:14]: log_breakpoint 
Debug[14:03:14]: 5 
Debug[14:03:14]: signal in logmode 
Debug[14:03:14]: "INF(14:03:14.539):Attempt" 
Debug[14:03:14]: log_breakpoint 
Debug[14:03:14]: 5 
Debug[14:03:14]: signal in logmode 
Debug[14:03:14]: "INF(14:03:14.847):Attempt" 
Debug[14:03:14]: log_breakpoint 
Debug[14:03:14]: 5 
Debug[14:03:15]: signal in logmode 
Debug[14:03:15]: "INF(14:03:15.160):Attempt" 
Debug[14:03:15]: log_breakpoint 
Debug[14:03:15]: 5 
Debug[14:03:15]: signal in logmode 
Debug[14:03:15]: "INF(14:03:15.473):Mode is OK" 
Debug[14:03:15]: log_breakpoint 
Debug[14:03:15]: 5 
Debug[14:03:15]: signal in logmode 
Debug[14:03:15]: "INF(14:03:15.478):Attempt" 
Debug[14:03:15]: log_breakpoint 
Debug[14:03:15]: 5 
Debug[14:03:15]: signal in logmode 
Debug[14:03:15]: "INF(14:03:15.506):RDUM master connected" 
Debug[14:03:15]: log_breakpoint 
Debug[14:03:15]: 5 
Debug[14:03:15]: signal in logmode 
Debug[14:03:15]: "INF(14:03:15.509):Connected to \\.\COM82" 
Debug[14:03:15]: log_breakpoint 
Debug[14:03:15]: 5 
Warning[14:03:15]: Could not parse stylesheet of widget 0x3067248
Debug[14:03:15]: "Resume:Logs" 
Debug[14:03:15]: "Resume:Settings" 
Debug[14:03:15]: "Resume:UartUartController" 
Debug[14:03:15]: "Resume:UartSpiController" 
Debug[14:03:15]: "Resume:UartSsiController" 
Debug[14:03:15]: "Resume:DSI3Master" 
Debug[14:03:15]: "Resume:ASICMaster" 
Debug[14:03:15]: "Resume:RDUMMaster" 
Debug[14:03:15]: "Resume:DSI3Slave" 
Debug[14:03:15]: "Resume:Measurement" 
Debug[14:03:15]: "Resume:CFARsim" 
Debug[14:03:32]: "Suspend:Settings" 
Debug[14:03:32]: "Suspend:UartUartController" 
Debug[14:03:32]: "Suspend:UartSpiController" 
Debug[14:03:32]: "Suspend:UartSsiController" 
Debug[14:03:32]: "Suspend:DSI3Master" 
Debug[14:03:32]: "Suspend:ASICMaster" 
Debug[14:03:32]: "Suspend:RDUMMaster" 
Debug[14:03:32]: "Suspend:DSI3Slave" 
Debug[14:03:32]: "Suspend:Measurement" 
Debug[14:03:32]: "Suspend:CFARsim" 
Debug[14:03:32]: signal in logmode 
Debug[14:03:32]: "INF(14:03:32.706):Disconnect by user" 
Debug[14:03:32]: log_breakpoint 
Debug[14:03:32]: 5 
Debug[14:03:32]: signal in logmode 
Debug[14:03:32]: "INF(14:03:32.853):Disconnect by user" 
Debug[14:03:32]: log_breakpoint 
Debug[14:03:32]: 5 
