Warning[15:47:30]: QObject::connect: Cannot connect LocalServer::log(int,QString) to (null)::slot_addLog(int,QString)
Debug[15:47:30]: LocalServer:new "\\.\pipe\DSI3PAS" 
Debug[15:47:30]: Register specific 
Debug[15:47:31]: DynScaleCaclulate 
Debug[15:47:31]: "init 2 UartUartController" 
Debug[15:47:31]: Ok 
Debug[15:47:31]: "init 3 UartSpiController" 
Debug[15:47:31]: Ok 
Debug[15:47:31]: "init 4 UartSsiController" 
Debug[15:47:31]: Ok 
Debug[15:47:31]: "init 5 DSI3Master" 
Debug[15:47:31]: Ok 
Debug[15:47:31]: "init 6 ASICMaster" 
Debug[15:47:31]: Ok 
Debug[15:47:31]: "init 7 RDUMMaster" 
Debug[15:47:31]: Ok 
Debug[15:47:31]: "init 8 DSI3Slave" 
Debug[15:47:32]: Ok 
Debug[15:47:32]: "init 9 Measurement" 
Debug[15:47:33]: Ok 
Debug[15:47:33]: "init 10 CFARsim" 
Debug[15:47:33]: Ok 
Debug[15:47:33]: MainApp Starting... 
Debug[15:47:34]: Add applets to MainWindow...
 
Debug[15:47:34]: Initialize Connection... 
Debug[15:47:34]: signal in logmode 
Debug[15:47:34]: "INF(15:47:34.722):Mode is OK" 
Debug[15:47:34]: log_breakpoint 
Debug[15:47:34]: 5 
Debug[15:47:34]: signal in logmode 
Debug[15:47:34]: "INF(15:47:34.726):Attempt" 
Debug[15:47:34]: log_breakpoint 
Debug[15:47:34]: 5 
Debug[15:47:35]: signal in logmode 
Debug[15:47:35]: "INF(15:47:35.046):Attempt" 
Debug[15:47:35]: log_breakpoint 
Debug[15:47:35]: 5 
Debug[15:47:35]: signal in logmode 
Debug[15:47:35]: "INF(15:47:35.361):Attempt" 
Debug[15:47:35]: log_breakpoint 
Debug[15:47:35]: 5 
Debug[15:47:35]: signal in logmode 
Debug[15:47:35]: "INF(15:47:35.675):Mode is OK" 
Debug[15:47:35]: log_breakpoint 
Debug[15:47:35]: 5 
Debug[15:47:35]: signal in logmode 
Debug[15:47:35]: "INF(15:47:35.683):Attempt" 
Debug[15:47:35]: log_breakpoint 
Debug[15:47:35]: 5 
Debug[15:47:35]: signal in logmode 
Debug[15:47:36]: "INF(15:47:36.002):Attempt" 
Debug[15:47:36]: log_breakpoint 
Debug[15:47:36]: 5 
Debug[15:47:36]: signal in logmode 
Debug[15:47:36]: "INF(15:47:36.313):Attempt" 
Debug[15:47:36]: log_breakpoint 
Debug[15:47:36]: 5 
Debug[15:47:36]: signal in logmode 
Debug[15:47:36]: "INF(15:47:36.624):Mode is OK" 
Debug[15:47:36]: log_breakpoint 
Debug[15:47:36]: 5 
Debug[15:47:36]: signal in logmode 
Debug[15:47:36]: "INF(15:47:36.630):Attempt" 
Debug[15:47:36]: log_breakpoint 
Debug[15:47:36]: 5 
Debug[15:47:36]: signal in logmode 
Debug[15:47:36]: "INF(15:47:36.785):Mode is OK" 
Debug[15:47:36]: log_breakpoint 
Debug[15:47:36]: 5 
Debug[15:47:36]: signal in logmode 
Debug[15:47:36]: "INF(15:47:36.791):Attempt" 
Debug[15:47:36]: log_breakpoint 
Debug[15:47:36]: 5 
Debug[15:47:37]: signal in logmode 
Debug[15:47:37]: "INF(15:47:37.111):Attempt" 
Debug[15:47:37]: log_breakpoint 
Debug[15:47:37]: 5 
Debug[15:47:37]: signal in logmode 
Debug[15:47:37]: "INF(15:47:37.419):Attempt" 
Debug[15:47:37]: log_breakpoint 
Debug[15:47:37]: 5 
Debug[15:47:37]: signal in logmode 
Debug[15:47:37]: "INF(15:47:37.735):Mode is OK" 
Debug[15:47:37]: log_breakpoint 
Debug[15:47:37]: 5 
Debug[15:47:37]: signal in logmode 
Debug[15:47:37]: "INF(15:47:37.743):Attempt" 
Debug[15:47:37]: log_breakpoint 
Debug[15:47:37]: 5 
Debug[15:47:38]: signal in logmode 
Debug[15:47:38]: "INF(15:47:38.059):Attempt" 
Debug[15:47:38]: log_breakpoint 
Debug[15:47:38]: 5 
Debug[15:47:38]: signal in logmode 
Debug[15:47:38]: "INF(15:47:38.370):Attempt" 
Debug[15:47:38]: log_breakpoint 
Debug[15:47:38]: 5 
Debug[15:47:38]: signal in logmode 
Debug[15:47:38]: "INF(15:47:38.683):Mode is OK" 
Debug[15:47:38]: log_breakpoint 
Debug[15:47:38]: 5 
Debug[15:47:38]: signal in logmode 
Debug[15:47:38]: "INF(15:47:38.690):Attempt" 
Debug[15:47:38]: log_breakpoint 
Debug[15:47:38]: 5 
Debug[15:47:39]: signal in logmode 
Debug[15:47:39]: "INF(15:47:39.010):Attempt" 
Debug[15:47:39]: log_breakpoint 
Debug[15:47:39]: 5 
Debug[15:47:39]: signal in logmode 
Debug[15:47:39]: "INF(15:47:39.321):Attempt" 
Debug[15:47:39]: log_breakpoint 
Debug[15:47:39]: 5 
Debug[15:47:42]: signal in logmode 
Debug[15:47:42]: "INF(15:47:42.277):Mode is OK" 
Debug[15:47:42]: log_breakpoint 
Debug[15:47:42]: 5 
Debug[15:47:42]: signal in logmode 
Debug[15:47:42]: "INF(15:47:42.282):Attempt" 
Debug[15:47:42]: log_breakpoint 
Debug[15:47:42]: 5 
Debug[15:47:42]: signal in logmode 
Debug[15:47:42]: "INF(15:47:42.595):Attempt" 
Debug[15:47:42]: log_breakpoint 
Debug[15:47:42]: 5 
Debug[15:47:42]: signal in logmode 
Debug[15:47:42]: "INF(15:47:42.905):Attempt" 
Debug[15:47:42]: log_breakpoint 
Debug[15:47:42]: 5 
Debug[15:47:43]: signal in logmode 
Debug[15:47:43]: "INF(15:47:43.217):Mode is OK" 
Debug[15:47:43]: log_breakpoint 
Debug[15:47:43]: 5 
Debug[15:47:43]: signal in logmode 
Debug[15:47:43]: "INF(15:47:43.222):Attempt" 
Debug[15:47:43]: log_breakpoint 
Debug[15:47:43]: 5 
Debug[15:47:43]: signal in logmode 
Debug[15:47:43]: "INF(15:47:43.530):Attempt" 
Debug[15:47:43]: log_breakpoint 
Debug[15:47:43]: 5 
Debug[15:47:43]: signal in logmode 
Debug[15:47:43]: "INF(15:47:43.840):Attempt" 
Debug[15:47:43]: log_breakpoint 
Debug[15:47:43]: 5 
Debug[15:47:44]: signal in logmode 
Debug[15:47:44]: "INF(15:47:44.155):Mode is OK" 
Debug[15:47:44]: log_breakpoint 
Debug[15:47:44]: 5 
Debug[15:47:44]: signal in logmode 
Debug[15:47:44]: "INF(15:47:44.161):Attempt" 
Debug[15:47:44]: log_breakpoint 
Debug[15:47:44]: 5 
Debug[15:47:44]: signal in logmode 
Debug[15:47:44]: "INF(15:47:44.178):RDUM master connected" 
Debug[15:47:44]: log_breakpoint 
Debug[15:47:44]: 5 
Debug[15:47:44]: signal in logmode 
Debug[15:47:44]: "INF(15:47:44.184):Connected to \\.\COM32" 
Debug[15:47:44]: log_breakpoint 
Debug[15:47:44]: 5 
Warning[15:47:44]: Could not parse stylesheet of widget 0x2fa6910
Debug[15:47:44]: "Resume:Logs" 
Debug[15:47:44]: "Resume:Settings" 
Debug[15:47:44]: "Resume:UartUartController" 
Debug[15:47:44]: "Resume:UartSpiController" 
Debug[15:47:44]: "Resume:UartSsiController" 
Debug[15:47:44]: "Resume:DSI3Master" 
Debug[15:47:44]: "Resume:ASICMaster" 
Debug[15:47:44]: "Resume:RDUMMaster" 
Debug[15:47:44]: "Resume:DSI3Slave" 
Debug[15:47:44]: "Resume:Measurement" 
Debug[15:47:44]: "Resume:CFARsim" 
Debug[16:16:09]: "Suspend:Settings" 
Debug[16:16:09]: "Suspend:UartUartController" 
Debug[16:16:09]: "Suspend:UartSpiController" 
Debug[16:16:09]: "Suspend:UartSsiController" 
Debug[16:16:09]: "Suspend:DSI3Master" 
Debug[16:16:09]: "Suspend:ASICMaster" 
Debug[16:16:09]: "Suspend:RDUMMaster" 
Debug[16:16:09]: "Suspend:DSI3Slave" 
Debug[16:16:09]: "Suspend:Measurement" 
Debug[16:16:09]: "Suspend:CFARsim" 
Debug[16:16:09]: signal in logmode 
Debug[16:16:09]: "INF(16:16:09.926):Disconnect by user" 
Debug[16:16:09]: log_breakpoint 
Debug[16:16:09]: 5 
Debug[16:16:10]: signal in logmode 
Debug[16:16:10]: "INF(16:16:10.073):Disconnect by user" 
Debug[16:16:10]: log_breakpoint 
Debug[16:16:10]: 5 
Warning[16:16:26]: QObject::connect: Cannot connect LocalServer::log(int,QString) to (null)::slot_addLog(int,QString)
Debug[16:16:26]: LocalServer:new "\\.\pipe\DSI3PAS" 
Debug[16:16:26]: Register specific 
Debug[16:16:27]: DynScaleCaclulate 
Debug[16:16:27]: "init 2 UartUartController" 
Debug[16:16:27]: Ok 
Debug[16:16:27]: "init 3 UartSpiController" 
Debug[16:16:27]: Ok 
Debug[16:16:27]: "init 4 UartSsiController" 
Debug[16:16:27]: Ok 
Debug[16:16:27]: "init 5 DSI3Master" 
Debug[16:16:27]: Ok 
Debug[16:16:27]: "init 6 ASICMaster" 
Debug[16:16:27]: Ok 
Debug[16:16:27]: "init 7 RDUMMaster" 
Debug[16:16:27]: Ok 
Debug[16:16:27]: "init 8 DSI3Slave" 
Debug[16:16:28]: Ok 
Debug[16:16:28]: "init 9 Measurement" 
Debug[16:16:29]: Ok 
Debug[16:16:29]: "init 10 CFARsim" 
Debug[16:16:29]: Ok 
Debug[16:16:29]: MainApp Starting... 
Debug[16:16:30]: Add applets to MainWindow...
 
Debug[16:16:30]: Initialize Connection... 
Debug[16:16:31]: signal in logmode 
Debug[16:16:31]: "INF(16:16:31.038):Mode is OK" 
Debug[16:16:31]: log_breakpoint 
Debug[16:16:31]: 5 
Debug[16:16:31]: signal in logmode 
Debug[16:16:31]: "INF(16:16:31.043):Attempt" 
Debug[16:16:31]: log_breakpoint 
Debug[16:16:31]: 5 
Debug[16:16:31]: signal in logmode 
Debug[16:16:31]: "INF(16:16:31.363):Attempt" 
Debug[16:16:31]: log_breakpoint 
Debug[16:16:31]: 5 
Debug[16:16:31]: signal in logmode 
Debug[16:16:31]: "INF(16:16:31.675):Attempt" 
Debug[16:16:31]: log_breakpoint 
Debug[16:16:31]: 5 
Debug[16:16:31]: signal in logmode 
Debug[16:16:31]: "INF(16:16:31.986):Mode is OK" 
Debug[16:16:31]: log_breakpoint 
Debug[16:16:31]: 5 
Debug[16:16:31]: signal in logmode 
Debug[16:16:31]: "INF(16:16:31.993):Attempt" 
Debug[16:16:31]: log_breakpoint 
Debug[16:16:31]: 5 
Debug[16:16:32]: signal in logmode 
Debug[16:16:32]: "INF(16:16:32.314):Attempt" 
Debug[16:16:32]: log_breakpoint 
Debug[16:16:32]: 5 
Debug[16:16:32]: signal in logmode 
Debug[16:16:32]: "INF(16:16:32.623):Attempt" 
Debug[16:16:32]: log_breakpoint 
Debug[16:16:32]: 5 
Debug[16:16:32]: signal in logmode 
Debug[16:16:32]: "INF(16:16:32.937):Mode is OK" 
Debug[16:16:32]: log_breakpoint 
Debug[16:16:32]: 5 
Debug[16:16:32]: signal in logmode 
Debug[16:16:32]: "INF(16:16:32.941):Attempt" 
Debug[16:16:32]: log_breakpoint 
Debug[16:16:32]: 5 
Debug[16:16:33]: signal in logmode 
Debug[16:16:33]: "INF(16:16:33.096):Mode is OK" 
Debug[16:16:33]: log_breakpoint 
Debug[16:16:33]: 5 
Debug[16:16:33]: signal in logmode 
Debug[16:16:33]: "INF(16:16:33.102):Attempt" 
Debug[16:16:33]: log_breakpoint 
Debug[16:16:33]: 5 
Debug[16:16:33]: signal in logmode 
Debug[16:16:33]: "INF(16:16:33.419):Attempt" 
Debug[16:16:33]: log_breakpoint 
Debug[16:16:33]: 5 
Debug[16:16:33]: signal in logmode 
Debug[16:16:33]: "INF(16:16:33.729):Attempt" 
Debug[16:16:33]: log_breakpoint 
Debug[16:16:33]: 5 
Debug[16:16:34]: signal in logmode 
Debug[16:16:34]: "INF(16:16:34.042):Mode is OK" 
Debug[16:16:34]: log_breakpoint 
Debug[16:16:34]: 5 
Debug[16:16:34]: signal in logmode 
Debug[16:16:34]: "INF(16:16:34.049):Attempt" 
Debug[16:16:34]: log_breakpoint 
Debug[16:16:34]: 5 
Debug[16:16:34]: signal in logmode 
Debug[16:16:34]: "INF(16:16:34.367):Attempt" 
Debug[16:16:34]: log_breakpoint 
Debug[16:16:34]: 5 
Debug[16:16:34]: signal in logmode 
Debug[16:16:34]: "INF(16:16:34.680):Attempt" 
Debug[16:16:34]: log_breakpoint 
Debug[16:16:34]: 5 
Debug[16:16:34]: signal in logmode 
Debug[16:16:34]: "INF(16:16:34.991):Mode is OK" 
Debug[16:16:34]: log_breakpoint 
Debug[16:16:34]: 5 
Debug[16:16:34]: signal in logmode 
Debug[16:16:34]: "INF(16:16:34.996):Attempt" 
Debug[16:16:34]: log_breakpoint 
Debug[16:16:34]: 5 
Debug[16:16:35]: signal in logmode 
Debug[16:16:35]: "INF(16:16:35.305):Attempt" 
Debug[16:16:35]: log_breakpoint 
Debug[16:16:35]: 5 
Debug[16:16:35]: signal in logmode 
Debug[16:16:35]: "INF(16:16:35.617):Attempt" 
Debug[16:16:35]: log_breakpoint 
Debug[16:16:35]: 5 
Debug[16:16:38]: signal in logmode 
Debug[16:16:38]: "INF(16:16:38.519):Mode is OK" 
Debug[16:16:38]: log_breakpoint 
Debug[16:16:38]: 5 
Debug[16:16:38]: signal in logmode 
Debug[16:16:38]: "INF(16:16:38.523):Attempt" 
Debug[16:16:38]: log_breakpoint 
Debug[16:16:38]: 5 
Debug[16:16:38]: signal in logmode 
Debug[16:16:38]: "INF(16:16:38.841):Attempt" 
Debug[16:16:38]: log_breakpoint 
Debug[16:16:38]: 5 
Debug[16:16:39]: signal in logmode 
Debug[16:16:39]: "INF(16:16:39.157):Attempt" 
Debug[16:16:39]: log_breakpoint 
Debug[16:16:39]: 5 
Debug[16:16:39]: signal in logmode 
Debug[16:16:39]: "INF(16:16:39.468):Mode is OK" 
Debug[16:16:39]: log_breakpoint 
Debug[16:16:39]: 5 
Debug[16:16:39]: signal in logmode 
Debug[16:16:39]: "INF(16:16:39.471):Attempt" 
Debug[16:16:39]: log_breakpoint 
Debug[16:16:39]: 5 
Debug[16:16:39]: signal in logmode 
Debug[16:16:39]: "INF(16:16:39.779):Attempt" 
Debug[16:16:39]: log_breakpoint 
Debug[16:16:39]: 5 
Debug[16:16:40]: signal in logmode 
Debug[16:16:40]: "INF(16:16:40.091):Attempt" 
Debug[16:16:40]: log_breakpoint 
Debug[16:16:40]: 5 
Debug[16:16:40]: signal in logmode 
Debug[16:16:40]: "INF(16:16:40.403):Mode is OK" 
Debug[16:16:40]: log_breakpoint 
Debug[16:16:40]: 5 
Debug[16:16:40]: signal in logmode 
Debug[16:16:40]: "INF(16:16:40.408):Attempt" 
Debug[16:16:40]: log_breakpoint 
Debug[16:16:40]: 5 
Debug[16:16:40]: signal in logmode 
Debug[16:16:40]: "INF(16:16:40.419):RDUM master connected" 
Debug[16:16:40]: log_breakpoint 
Debug[16:16:40]: 5 
Debug[16:16:40]: signal in logmode 
Debug[16:16:40]: "INF(16:16:40.424):Connected to \\.\COM32" 
Debug[16:16:40]: log_breakpoint 
Debug[16:16:40]: 5 
Warning[16:16:40]: Could not parse stylesheet of widget 0x3611cf0
Debug[16:16:40]: "Resume:Logs" 
Debug[16:16:40]: "Resume:Settings" 
Debug[16:16:40]: "Resume:UartUartController" 
Debug[16:16:40]: "Resume:UartSpiController" 
Debug[16:16:40]: "Resume:UartSsiController" 
Debug[16:16:40]: "Resume:DSI3Master" 
Debug[16:16:40]: "Resume:ASICMaster" 
Debug[16:16:40]: "Resume:RDUMMaster" 
Debug[16:16:40]: "Resume:DSI3Slave" 
Debug[16:16:40]: "Resume:Measurement" 
Debug[16:16:40]: "Resume:CFARsim" 
Debug[17:14:37]: "Suspend:Settings" 
Debug[17:14:37]: "Suspend:UartUartController" 
Debug[17:14:37]: "Suspend:UartSpiController" 
Debug[17:14:37]: "Suspend:UartSsiController" 
Debug[17:14:37]: "Suspend:DSI3Master" 
Debug[17:14:37]: "Suspend:ASICMaster" 
Debug[17:14:37]: "Suspend:RDUMMaster" 
Debug[17:14:37]: "Suspend:DSI3Slave" 
Debug[17:14:37]: "Suspend:Measurement" 
Debug[17:14:37]: "Suspend:CFARsim" 
Debug[17:14:37]: signal in logmode 
Debug[17:14:37]: "INF(17:14:37.424):Disconnect by user" 
Debug[17:14:37]: log_breakpoint 
Debug[17:14:37]: 5 
Debug[17:14:37]: signal in logmode 
Debug[17:14:37]: "INF(17:14:37.613):Disconnect by user" 
Debug[17:14:37]: log_breakpoint 
Debug[17:14:37]: 5 
