Warning[08:09:30]: QObject::connect: Cannot connect LocalServer::log(int,QString) to (null)::slot_addLog(int,QString)
Debug[08:09:30]: LocalServer:new "\\.\pipe\DSI3PAS" 
Debug[08:09:30]: Register specific 
Debug[08:09:30]: DynScaleCaclulate 
Debug[08:09:30]: "init 2 UartUartController" 
Debug[08:09:30]: Ok 
Debug[08:09:30]: "init 3 UartSpiController" 
Debug[08:09:30]: Ok 
Debug[08:09:30]: "init 4 UartSsiController" 
Debug[08:09:30]: Ok 
Debug[08:09:30]: "init 5 DSI3Master" 
Debug[08:09:30]: Ok 
Debug[08:09:30]: "init 6 ASICMaster" 
Debug[08:09:30]: Ok 
Debug[08:09:30]: "init 7 RDUMMaster" 
Debug[08:09:30]: Ok 
Debug[08:09:30]: "init 8 DSI3Slave" 
Debug[08:09:31]: Ok 
Debug[08:09:31]: "init 9 Measurement" 
Debug[08:09:31]: Ok 
Debug[08:09:31]: "init 10 CFARsim" 
Debug[08:09:31]: Ok 
Debug[08:09:31]: MainApp Starting... 
Debug[08:09:32]: Add applets to MainWindow...
 
Debug[08:09:32]: Initialize Connection... 
Debug[08:09:32]: signal in logmode 
Debug[08:09:32]: "INF(08:09:32.935):Mode is OK" 
Debug[08:09:32]: log_breakpoint 
Debug[08:09:32]: 5 
Debug[08:09:32]: signal in logmode 
Debug[08:09:32]: "INF(08:09:32.937):Attempt" 
Debug[08:09:32]: log_breakpoint 
Debug[08:09:32]: 5 
Debug[08:09:33]: signal in logmode 
Debug[08:09:33]: "INF(08:09:33.084):Mode is OK" 
Debug[08:09:33]: log_breakpoint 
Debug[08:09:33]: 5 
Debug[08:09:33]: signal in logmode 
Debug[08:09:33]: "INF(08:09:33.086):Attempt" 
Debug[08:09:33]: log_breakpoint 
Debug[08:09:33]: 5 
Debug[08:09:33]: signal in logmode 
Debug[08:09:33]: "INF(08:09:33.400):Attempt" 
Debug[08:09:33]: log_breakpoint 
Debug[08:09:33]: 5 
Debug[08:09:33]: signal in logmode 
Debug[08:09:33]: "INF(08:09:33.711):Attempt" 
Debug[08:09:33]: log_breakpoint 
Debug[08:09:33]: 5 
Debug[08:09:34]: signal in logmode 
Debug[08:09:34]: "INF(08:09:34.023):Mode is OK" 
Debug[08:09:34]: log_breakpoint 
Debug[08:09:34]: 5 
Debug[08:09:34]: signal in logmode 
Debug[08:09:34]: "INF(08:09:34.027):Attempt" 
Debug[08:09:34]: log_breakpoint 
Debug[08:09:34]: 5 
Debug[08:09:34]: signal in logmode 
Debug[08:09:34]: "INF(08:09:34.335):Attempt" 
Debug[08:09:34]: log_breakpoint 
Debug[08:09:34]: 5 
Debug[08:09:34]: signal in logmode 
Debug[08:09:34]: "INF(08:09:34.646):Attempt" 
Debug[08:09:34]: log_breakpoint 
Debug[08:09:34]: 5 
Debug[08:09:34]: signal in logmode 
Debug[08:09:34]: "INF(08:09:34.957):Mode is OK" 
Debug[08:09:34]: log_breakpoint 
Debug[08:09:34]: 5 
Debug[08:09:34]: signal in logmode 
Debug[08:09:34]: "INF(08:09:34.961):Attempt" 
Debug[08:09:34]: log_breakpoint 
Debug[08:09:34]: 5 
Debug[08:09:35]: signal in logmode 
Debug[08:09:35]: "INF(08:09:35.270):Attempt" 
Debug[08:09:35]: log_breakpoint 
Debug[08:09:35]: 5 
Debug[08:09:35]: signal in logmode 
Debug[08:09:35]: "INF(08:09:35.583):Attempt" 
Debug[08:09:35]: log_breakpoint 
Debug[08:09:35]: 5 
Warning[08:09:36]: QFileSystemWatcher: failed to add paths: C:/REPO/DSI3PAS2_workingdir/DSI3PAS2/Software/bin/ULSEverification_configfiles, C:/REPO/DSI3PAS2_workingdir/DSI3PAS2/Software/bin/ConfigFiles_29_1_2021_Jiri_MOBIS, C:/Users/fg6cnq/Desktop/DSI3PAS2_UART_QtSW_20210129_1511, C:/Users/zbdn9w/Desktop/Temp/CFAR QT uprava ToF, C:/Users/zbdn9w/Desktop/Temp/CFAR QT Komprimace do CSV, U:/Dokumenty/MOBIS/Crosstalk 11-2021, S:/DBartos/P516/MOBIS demo comparison dual channel moving complex obstacle
Debug[08:09:39]: signal in logmode 
Debug[08:09:39]: "INF(08:09:39.068):Mode is OK" 
Debug[08:09:39]: log_breakpoint 
Debug[08:09:39]: 5 
Debug[08:09:39]: signal in logmode 
Debug[08:09:39]: "INF(08:09:39.070):Attempt" 
Debug[08:09:39]: log_breakpoint 
Debug[08:09:39]: 5 
Debug[08:09:39]: signal in logmode 
Debug[08:09:39]: "INF(08:09:39.096):ASIC master connected" 
Debug[08:09:39]: log_breakpoint 
Debug[08:09:39]: 5 
Debug[08:09:39]: signal in logmode 
Debug[08:09:39]: "INF(08:09:39.097):Connected to \\.\COM56" 
Debug[08:09:39]: log_breakpoint 
Debug[08:09:39]: 5 
Warning[08:09:39]: Could not parse stylesheet of widget 0x33b7048
Debug[08:09:39]: "Resume:Logs" 
Debug[08:09:39]: "Resume:Settings" 
Debug[08:09:39]: "Resume:UartUartController" 
Debug[08:09:39]: "Resume:UartSpiController" 
Debug[08:09:39]: "Resume:UartSsiController" 
Debug[08:09:39]: "Resume:DSI3Master" 
Debug[08:09:39]: "Resume:ASICMaster" 
Debug[08:09:39]: "Resume:RDUMMaster" 
Debug[08:09:39]: "Resume:DSI3Slave" 
Debug[08:09:39]: "Resume:Measurement" 
Debug[08:09:39]: "Resume:CFARsim" 
Debug[08:10:33]: "Suspend:Settings" 
Debug[08:10:33]: "Suspend:UartUartController" 
Debug[08:10:33]: "Suspend:UartSpiController" 
Debug[08:10:33]: "Suspend:UartSsiController" 
Debug[08:10:33]: "Suspend:DSI3Master" 
Debug[08:10:33]: "Suspend:ASICMaster" 
Debug[08:10:33]: "Suspend:RDUMMaster" 
Debug[08:10:33]: "Suspend:DSI3Slave" 
Debug[08:10:33]: "Suspend:Measurement" 
Debug[08:10:33]: "Suspend:CFARsim" 
Debug[08:10:33]: signal in logmode 
Debug[08:10:33]: "INF(08:10:33.993):Disconnect by user" 
Debug[08:10:33]: log_breakpoint 
Debug[08:10:33]: 5 
Debug[08:10:34]: signal in logmode 
Debug[08:10:34]: "INF(08:10:34.150):Disconnect by user" 
Debug[08:10:34]: log_breakpoint 
Debug[08:10:34]: 5 
Warning[08:12:28]: QObject::connect: Cannot connect LocalServer::log(int,QString) to (null)::slot_addLog(int,QString)
Debug[08:12:28]: LocalServer:new "\\.\pipe\DSI3PAS" 
Debug[08:12:28]: Register specific 
Debug[08:12:29]: DynScaleCaclulate 
Debug[08:12:29]: "init 2 UartUartController" 
Debug[08:12:29]: Ok 
Debug[08:12:29]: "init 3 UartSpiController" 
Debug[08:12:29]: Ok 
Debug[08:12:29]: "init 4 UartSsiController" 
Debug[08:12:29]: Ok 
Debug[08:12:29]: "init 5 DSI3Master" 
Debug[08:12:29]: Ok 
Debug[08:12:29]: "init 6 ASICMaster" 
Debug[08:12:29]: Ok 
Debug[08:12:29]: "init 7 RDUMMaster" 
Debug[08:12:29]: Ok 
Debug[08:12:29]: "init 8 DSI3Slave" 
Debug[08:12:29]: Ok 
Debug[08:12:29]: "init 9 Measurement" 
Debug[08:12:30]: Ok 
Debug[08:12:30]: "init 10 CFARsim" 
Debug[08:12:30]: Ok 
Debug[08:12:30]: MainApp Starting... 
Debug[08:12:31]: Add applets to MainWindow...
 
Debug[08:12:31]: Initialize Connection... 
Debug[08:12:31]: signal in logmode 
Debug[08:12:31]: "INF(08:12:31.495):Mode is OK" 
Debug[08:12:31]: log_breakpoint 
Debug[08:12:31]: 5 
Debug[08:12:31]: signal in logmode 
Debug[08:12:31]: "INF(08:12:31.498):Attempt" 
Debug[08:12:31]: log_breakpoint 
Debug[08:12:31]: 5 
Debug[08:12:31]: signal in logmode 
Debug[08:12:31]: "INF(08:12:31.650):Mode is OK" 
Debug[08:12:31]: log_breakpoint 
Debug[08:12:31]: 5 
Debug[08:12:31]: signal in logmode 
Debug[08:12:31]: "INF(08:12:31.653):Attempt" 
Debug[08:12:31]: log_breakpoint 
Debug[08:12:31]: 5 
Debug[08:12:31]: signal in logmode 
Debug[08:12:31]: "INF(08:12:31.971):Attempt" 
Debug[08:12:31]: log_breakpoint 
Debug[08:12:31]: 5 
Debug[08:12:32]: signal in logmode 
Debug[08:12:32]: "INF(08:12:32.284):Attempt" 
Debug[08:12:32]: log_breakpoint 
Debug[08:12:32]: 5 
Debug[08:12:32]: signal in logmode 
Debug[08:12:32]: "INF(08:12:32.599):Mode is OK" 
Debug[08:12:32]: log_breakpoint 
Debug[08:12:32]: 5 
Debug[08:12:32]: signal in logmode 
Debug[08:12:32]: "INF(08:12:32.601):Attempt" 
Debug[08:12:32]: log_breakpoint 
Debug[08:12:32]: 5 
Debug[08:12:32]: signal in logmode 
Debug[08:12:32]: "INF(08:12:32.911):Attempt" 
Debug[08:12:32]: log_breakpoint 
Debug[08:12:32]: 5 
Debug[08:12:33]: signal in logmode 
Debug[08:12:33]: "INF(08:12:33.223):Attempt" 
Debug[08:12:33]: log_breakpoint 
Debug[08:12:33]: 5 
Debug[08:12:33]: signal in logmode 
Debug[08:12:33]: "INF(08:12:33.535):Mode is OK" 
Debug[08:12:33]: log_breakpoint 
Debug[08:12:33]: 5 
Debug[08:12:33]: signal in logmode 
Debug[08:12:33]: "INF(08:12:33.539):Attempt" 
Debug[08:12:33]: log_breakpoint 
Debug[08:12:33]: 5 
Debug[08:12:33]: signal in logmode 
Debug[08:12:33]: "INF(08:12:33.847):Attempt" 
Debug[08:12:33]: log_breakpoint 
Debug[08:12:33]: 5 
Debug[08:12:34]: signal in logmode 
Debug[08:12:34]: "INF(08:12:34.159):Attempt" 
Debug[08:12:34]: log_breakpoint 
Debug[08:12:34]: 5 
Warning[08:12:34]: QFileSystemWatcher: failed to add paths: C:/REPO/DSI3PAS2_workingdir/DSI3PAS2/Software/bin/ULSEverification_configfiles, C:/REPO/DSI3PAS2_workingdir/DSI3PAS2/Software/bin/ConfigFiles_29_1_2021_Jiri_MOBIS, C:/Users/fg6cnq/Desktop/DSI3PAS2_UART_QtSW_20210129_1511, C:/Users/zbdn9w/Desktop/Temp/CFAR QT uprava ToF, C:/Users/zbdn9w/Desktop/Temp/CFAR QT Komprimace do CSV, U:/Dokumenty/MOBIS/Crosstalk 11-2021, S:/DBartos/P516/MOBIS demo comparison dual channel moving complex obstacle
Debug[08:12:38]: signal in logmode 
Debug[08:12:38]: "INF(08:12:38.526):Mode is OK" 
Debug[08:12:38]: log_breakpoint 
Debug[08:12:38]: 5 
Debug[08:12:38]: signal in logmode 
Debug[08:12:38]: "INF(08:12:38.529):Attempt" 
Debug[08:12:38]: log_breakpoint 
Debug[08:12:38]: 5 
Debug[08:12:38]: signal in logmode 
Debug[08:12:38]: "INF(08:12:38.538):ASIC master connected" 
Debug[08:12:38]: log_breakpoint 
Debug[08:12:38]: 5 
Debug[08:12:38]: signal in logmode 
Debug[08:12:38]: "INF(08:12:38.539):Connected to \\.\COM56" 
Debug[08:12:38]: log_breakpoint 
Debug[08:12:38]: 5 
Warning[08:12:38]: Could not parse stylesheet of widget 0x2ac6de8
Debug[08:12:38]: "Resume:Logs" 
Debug[08:12:38]: "Resume:Settings" 
Debug[08:12:38]: "Resume:UartUartController" 
Debug[08:12:38]: "Resume:UartSpiController" 
Debug[08:12:38]: "Resume:UartSsiController" 
Debug[08:12:38]: "Resume:DSI3Master" 
Debug[08:12:38]: "Resume:ASICMaster" 
Debug[08:12:38]: "Resume:RDUMMaster" 
Debug[08:12:38]: "Resume:DSI3Slave" 
Debug[08:12:38]: "Resume:Measurement" 
Debug[08:12:38]: "Resume:CFARsim" 
Warning[09:07:50]: QFSFileEngine::open: No file name specified
Debug[09:28:23]: "Suspend:Settings" 
Debug[09:28:23]: "Suspend:UartUartController" 
Debug[09:28:23]: "Suspend:UartSpiController" 
Debug[09:28:23]: "Suspend:UartSsiController" 
Debug[09:28:23]: "Suspend:DSI3Master" 
Debug[09:28:23]: "Suspend:ASICMaster" 
Debug[09:28:23]: "Suspend:RDUMMaster" 
Debug[09:28:23]: "Suspend:DSI3Slave" 
Debug[09:28:23]: "Suspend:Measurement" 
Debug[09:28:23]: "Suspend:CFARsim" 
Debug[09:28:23]: signal in logmode 
Debug[09:28:23]: "INF(09:28:23.570):Disconnect by user" 
Debug[09:28:23]: log_breakpoint 
Debug[09:28:23]: 5 
Debug[09:28:23]: signal in logmode 
Debug[09:28:23]: "INF(09:28:23.714):Disconnect by user" 
Debug[09:28:23]: log_breakpoint 
Debug[09:28:23]: 5 
