Warning[08:58:37]: QObject::connect: Cannot connect LocalServer::log(int,QString) to (null)::slot_addLog(int,QString)
Debug[08:58:37]: LocalServer:new "\\.\pipe\DSI3PAS" 
Debug[08:58:37]: Register specific 
Debug[08:58:37]: DynScaleCaclulate 
Debug[08:58:37]: "init 2 UartUartController" 
Debug[08:58:37]: Ok 
Debug[08:58:37]: "init 3 UartSpiController" 
Debug[08:58:37]: Ok 
Debug[08:58:37]: "init 4 UartSsiController" 
Debug[08:58:37]: Ok 
Debug[08:58:37]: "init 5 DSI3Master" 
Debug[08:58:37]: Ok 
Debug[08:58:37]: "init 6 ASICMaster" 
Debug[08:58:37]: Ok 
Debug[08:58:37]: "init 7 RDUMMaster" 
Debug[08:58:37]: Ok 
Debug[08:58:37]: "init 8 DSI3Slave" 
Debug[08:58:38]: Ok 
Debug[08:58:38]: "init 9 Measurement" 
Debug[08:58:39]: Ok 
Debug[08:58:39]: "init 10 CFARsim" 
Debug[08:58:39]: Ok 
Debug[08:58:39]: MainApp Starting... 
Debug[08:58:40]: Add applets to MainWindow...
 
Debug[08:58:40]: Initialize Connection... 
Debug[08:58:40]: signal in logmode 
Debug[08:58:40]: "INF(08:58:40.383):Mode is OK" 
Debug[08:58:40]: log_breakpoint 
Debug[08:58:40]: 5 
Debug[08:58:40]: signal in logmode 
Debug[08:58:40]: "INF(08:58:40.386):Attempt" 
Debug[08:58:40]: log_breakpoint 
Debug[08:58:40]: 5 
Debug[08:58:40]: signal in logmode 
Debug[08:58:40]: "INF(08:58:40.696):Attempt" 
Debug[08:58:40]: log_breakpoint 
Debug[08:58:40]: 5 
Debug[08:58:41]: signal in logmode 
Debug[08:58:41]: "INF(08:58:41.009):Attempt" 
Debug[08:58:41]: log_breakpoint 
Debug[08:58:41]: 5 
Debug[08:58:41]: signal in logmode 
Debug[08:58:41]: "INF(08:58:41.317):Mode is OK" 
Debug[08:58:41]: log_breakpoint 
Debug[08:58:41]: 5 
Debug[08:58:41]: signal in logmode 
Debug[08:58:41]: "INF(08:58:41.320):Attempt" 
Debug[08:58:41]: log_breakpoint 
Debug[08:58:41]: 5 
Debug[08:58:41]: signal in logmode 
Debug[08:58:41]: "INF(08:58:41.634):Attempt" 
Debug[08:58:41]: log_breakpoint 
Debug[08:58:41]: 5 
Debug[08:58:41]: signal in logmode 
Debug[08:58:41]: "INF(08:58:41.945):Attempt" 
Debug[08:58:41]: log_breakpoint 
Debug[08:58:41]: 5 
Debug[08:58:42]: signal in logmode 
Debug[08:58:42]: "INF(08:58:42.257):Mode is OK" 
Debug[08:58:42]: log_breakpoint 
Debug[08:58:42]: 5 
Debug[08:58:42]: signal in logmode 
Debug[08:58:42]: "INF(08:58:42.262):Attempt" 
Debug[08:58:42]: log_breakpoint 
Debug[08:58:42]: 5 
Debug[08:58:42]: signal in logmode 
Debug[08:58:42]: "INF(08:58:42.417):Mode is OK" 
Debug[08:58:42]: log_breakpoint 
Debug[08:58:42]: 5 
Debug[08:58:42]: signal in logmode 
Debug[08:58:42]: "INF(08:58:42.422):Attempt" 
Debug[08:58:42]: log_breakpoint 
Debug[08:58:42]: 5 
Debug[08:58:42]: signal in logmode 
Debug[08:58:42]: "INF(08:58:42.740):Attempt" 
Debug[08:58:42]: log_breakpoint 
Debug[08:58:42]: 5 
Debug[08:58:43]: signal in logmode 
Debug[08:58:43]: "INF(08:58:43.056):Attempt" 
Debug[08:58:43]: log_breakpoint 
Debug[08:58:43]: 5 
Debug[08:58:43]: signal in logmode 
Debug[08:58:43]: "INF(08:58:43.370):Mode is OK" 
Debug[08:58:43]: log_breakpoint 
Debug[08:58:43]: 5 
Debug[08:58:43]: signal in logmode 
Debug[08:58:43]: "INF(08:58:43.375):Attempt" 
Debug[08:58:43]: log_breakpoint 
Debug[08:58:43]: 5 
Debug[08:58:43]: signal in logmode 
Debug[08:58:43]: "INF(08:58:43.685):Attempt" 
Debug[08:58:43]: log_breakpoint 
Debug[08:58:43]: 5 
Debug[08:58:43]: signal in logmode 
Debug[08:58:43]: "INF(08:58:43.999):Attempt" 
Debug[08:58:44]: log_breakpoint 
Debug[08:58:44]: 5 
Debug[08:58:44]: signal in logmode 
Debug[08:58:44]: "INF(08:58:44.307):Mode is OK" 
Debug[08:58:44]: log_breakpoint 
Debug[08:58:44]: 5 
Debug[08:58:44]: signal in logmode 
Debug[08:58:44]: "INF(08:58:44.311):Attempt" 
Debug[08:58:44]: log_breakpoint 
Debug[08:58:44]: 5 
Debug[08:58:44]: signal in logmode 
Debug[08:58:44]: "INF(08:58:44.620):Attempt" 
Debug[08:58:44]: log_breakpoint 
Debug[08:58:44]: 5 
Debug[08:58:44]: signal in logmode 
Debug[08:58:44]: "INF(08:58:44.937):Attempt" 
Debug[08:58:44]: log_breakpoint 
Debug[08:58:44]: 5 
Debug[08:58:45]: signal in logmode 
Debug[08:58:45]: "INF(08:58:45.253):Mode is OK" 
Debug[08:58:45]: log_breakpoint 
Debug[08:58:45]: 5 
Debug[08:58:45]: signal in logmode 
Debug[08:58:45]: "INF(08:58:45.258):Attempt" 
Debug[08:58:45]: log_breakpoint 
Debug[08:58:45]: 5 
Debug[08:58:45]: signal in logmode 
Debug[08:58:45]: "INF(08:58:45.568):Attempt" 
Debug[08:58:45]: log_breakpoint 
Debug[08:58:45]: 5 
Debug[08:58:45]: signal in logmode 
Debug[08:58:45]: "INF(08:58:45.882):Attempt" 
Debug[08:58:45]: log_breakpoint 
Debug[08:58:45]: 5 
Debug[08:58:49]: signal in logmode 
Debug[08:58:49]: "INF(08:58:49.422):Mode is OK" 
Debug[08:58:49]: log_breakpoint 
Debug[08:58:49]: 5 
Debug[08:58:49]: signal in logmode 
Debug[08:58:49]: "INF(08:58:49.423):Attempt" 
Debug[08:58:49]: log_breakpoint 
Debug[08:58:49]: 5 
Debug[08:58:49]: signal in logmode 
Debug[08:58:49]: "INF(08:58:49.742):Attempt" 
Debug[08:58:49]: log_breakpoint 
Debug[08:58:49]: 5 
Debug[08:58:50]: signal in logmode 
Debug[08:58:50]: "INF(08:58:50.057):Attempt" 
Debug[08:58:50]: log_breakpoint 
Debug[08:58:50]: 5 
Debug[08:58:50]: signal in logmode 
Debug[08:58:50]: "INF(08:58:50.371):Mode is OK" 
Debug[08:58:50]: log_breakpoint 
Debug[08:58:50]: 5 
Debug[08:58:50]: signal in logmode 
Debug[08:58:50]: "INF(08:58:50.375):Attempt" 
Debug[08:58:50]: log_breakpoint 
Debug[08:58:50]: 5 
Debug[08:58:50]: signal in logmode 
Debug[08:58:50]: "INF(08:58:50.680):Attempt" 
Debug[08:58:50]: log_breakpoint 
Debug[08:58:50]: 5 
Debug[08:58:50]: signal in logmode 
Debug[08:58:50]: "INF(08:58:50.995):Attempt" 
Debug[08:58:50]: log_breakpoint 
Debug[08:58:50]: 5 
Debug[08:58:51]: signal in logmode 
Debug[08:58:51]: "INF(08:58:51.305):Mode is OK" 
Debug[08:58:51]: log_breakpoint 
Debug[08:58:51]: 5 
Debug[08:58:51]: signal in logmode 
Debug[08:58:51]: "INF(08:58:51.309):Attempt" 
Debug[08:58:51]: log_breakpoint 
Debug[08:58:51]: 5 
Debug[08:58:51]: signal in logmode 
Debug[08:58:51]: "INF(08:58:51.337):RDUM master connected" 
Debug[08:58:51]: log_breakpoint 
Debug[08:58:51]: 5 
Debug[08:58:51]: signal in logmode 
Debug[08:58:51]: "INF(08:58:51.341):Connected to \\.\COM36" 
Debug[08:58:51]: log_breakpoint 
Debug[08:58:51]: 5 
Warning[08:58:51]: Could not parse stylesheet of widget 0x2ddff60
Debug[08:58:51]: "Resume:Logs" 
Debug[08:58:51]: "Resume:Settings" 
Debug[08:58:51]: "Resume:UartUartController" 
Debug[08:58:51]: "Resume:UartSpiController" 
Debug[08:58:51]: "Resume:UartSsiController" 
Debug[08:58:51]: "Resume:DSI3Master" 
Debug[08:58:51]: "Resume:ASICMaster" 
Debug[08:58:51]: "Resume:RDUMMaster" 
Debug[08:58:51]: "Resume:DSI3Slave" 
Debug[08:58:51]: "Resume:Measurement" 
Debug[08:58:51]: "Resume:CFARsim" 
Debug[09:50:26]: "Suspend:Settings" 
Debug[09:50:26]: "Suspend:UartUartController" 
Debug[09:50:26]: "Suspend:UartSpiController" 
Debug[09:50:26]: "Suspend:UartSsiController" 
Debug[09:50:26]: "Suspend:DSI3Master" 
Debug[09:50:26]: "Suspend:ASICMaster" 
Debug[09:50:26]: "Suspend:RDUMMaster" 
Debug[09:50:26]: "Suspend:DSI3Slave" 
Debug[09:50:26]: "Suspend:Measurement" 
Debug[09:50:26]: "Suspend:CFARsim" 
Debug[09:50:26]: signal in logmode 
Debug[09:50:26]: "INF(09:50:26.063):Disconnect by user" 
Debug[09:50:26]: log_breakpoint 
Debug[09:50:26]: 5 
Debug[09:50:26]: signal in logmode 
Debug[09:50:26]: "INF(09:50:26.085):Disconnect by user" 
Debug[09:50:26]: log_breakpoint 
Debug[09:50:26]: 5 
Warning[09:59:41]: QObject::connect: Cannot connect LocalServer::log(int,QString) to (null)::slot_addLog(int,QString)
Debug[09:59:41]: LocalServer:new "\\.\pipe\DSI3PAS" 
Debug[09:59:41]: Register specific 
Debug[09:59:41]: DynScaleCaclulate 
Debug[09:59:41]: "init 2 UartUartController" 
Debug[09:59:41]: Ok 
Debug[09:59:41]: "init 3 UartSpiController" 
Debug[09:59:41]: Ok 
Debug[09:59:41]: "init 4 UartSsiController" 
Debug[09:59:41]: Ok 
Debug[09:59:41]: "init 5 DSI3Master" 
Debug[09:59:41]: Ok 
Debug[09:59:41]: "init 6 ASICMaster" 
Debug[09:59:41]: Ok 
Debug[09:59:41]: "init 7 RDUMMaster" 
Debug[09:59:41]: Ok 
Debug[09:59:41]: "init 8 DSI3Slave" 
Debug[09:59:42]: Ok 
Debug[09:59:42]: "init 9 Measurement" 
Debug[09:59:43]: Ok 
Debug[09:59:43]: "init 10 CFARsim" 
Debug[09:59:43]: Ok 
Debug[09:59:43]: MainApp Starting... 
Debug[09:59:44]: Add applets to MainWindow...
 
Debug[09:59:44]: Initialize Connection... 
Debug[09:59:44]: signal in logmode 
Debug[09:59:44]: "INF(09:59:44.421):Mode is OK" 
Debug[09:59:44]: log_breakpoint 
Debug[09:59:44]: 5 
Debug[09:59:44]: signal in logmode 
Debug[09:59:44]: "INF(09:59:44.426):Attempt" 
Debug[09:59:44]: log_breakpoint 
Debug[09:59:44]: 5 
Debug[09:59:44]: signal in logmode 
Debug[09:59:44]: "INF(09:59:44.744):Attempt" 
Debug[09:59:44]: log_breakpoint 
Debug[09:59:44]: 5 
Debug[09:59:45]: signal in logmode 
Debug[09:59:45]: "INF(09:59:45.055):Attempt" 
Debug[09:59:45]: log_breakpoint 
Debug[09:59:45]: 5 
Debug[09:59:45]: signal in logmode 
Debug[09:59:45]: "INF(09:59:45.368):Mode is OK" 
Debug[09:59:45]: log_breakpoint 
Debug[09:59:45]: 5 
Debug[09:59:45]: signal in logmode 
Debug[09:59:45]: "INF(09:59:45.373):Attempt" 
Debug[09:59:45]: log_breakpoint 
Debug[09:59:45]: 5 
Debug[09:59:45]: signal in logmode 
Debug[09:59:45]: "INF(09:59:45.679):Attempt" 
Debug[09:59:45]: log_breakpoint 
Debug[09:59:45]: 5 
Debug[09:59:45]: signal in logmode 
Debug[09:59:45]: "INF(09:59:45.988):Attempt" 
Debug[09:59:45]: log_breakpoint 
Debug[09:59:45]: 5 
Debug[09:59:46]: signal in logmode 
Debug[09:59:46]: "INF(09:59:46.303):Mode is OK" 
Debug[09:59:46]: log_breakpoint 
Debug[09:59:46]: 5 
Debug[09:59:46]: signal in logmode 
Debug[09:59:46]: "INF(09:59:46.308):Attempt" 
Debug[09:59:46]: log_breakpoint 
Debug[09:59:46]: 5 
Debug[09:59:46]: signal in logmode 
Debug[09:59:46]: "INF(09:59:46.453):Mode is OK" 
Debug[09:59:46]: log_breakpoint 
Debug[09:59:46]: 5 
Debug[09:59:46]: signal in logmode 
Debug[09:59:46]: "INF(09:59:46.456):Attempt" 
Debug[09:59:46]: log_breakpoint 
Debug[09:59:46]: 5 
Debug[09:59:46]: signal in logmode 
Debug[09:59:46]: "INF(09:59:46.770):Attempt" 
Debug[09:59:46]: log_breakpoint 
Debug[09:59:46]: 5 
Debug[09:59:47]: signal in logmode 
Debug[09:59:47]: "INF(09:59:47.084):Attempt" 
Debug[09:59:47]: log_breakpoint 
Debug[09:59:47]: 5 
Debug[09:59:47]: signal in logmode 
Debug[09:59:47]: "INF(09:59:47.398):Mode is OK" 
Debug[09:59:47]: log_breakpoint 
Debug[09:59:47]: 5 
Debug[09:59:47]: signal in logmode 
Debug[09:59:47]: "INF(09:59:47.402):Attempt" 
Debug[09:59:47]: log_breakpoint 
Debug[09:59:47]: 5 
Debug[09:59:47]: signal in logmode 
Debug[09:59:47]: "INF(09:59:47.710):Attempt" 
Debug[09:59:47]: log_breakpoint 
Debug[09:59:47]: 5 
Debug[09:59:48]: signal in logmode 
Debug[09:59:48]: "INF(09:59:48.019):Attempt" 
Debug[09:59:48]: log_breakpoint 
Debug[09:59:48]: 5 
Debug[09:59:48]: signal in logmode 
Debug[09:59:48]: "INF(09:59:48.331):Mode is OK" 
Debug[09:59:48]: log_breakpoint 
Debug[09:59:48]: 5 
Debug[09:59:48]: signal in logmode 
Debug[09:59:48]: "INF(09:59:48.335):Attempt" 
Debug[09:59:48]: log_breakpoint 
Debug[09:59:48]: 5 
Debug[09:59:48]: signal in logmode 
Debug[09:59:48]: "INF(09:59:48.643):Attempt" 
Debug[09:59:48]: log_breakpoint 
Debug[09:59:48]: 5 
Debug[09:59:48]: signal in logmode 
Debug[09:59:48]: "INF(09:59:48.951):Attempt" 
Debug[09:59:48]: log_breakpoint 
Debug[09:59:48]: 5 
Debug[09:59:49]: signal in logmode 
Debug[09:59:49]: "INF(09:59:49.265):Mode is OK" 
Debug[09:59:49]: log_breakpoint 
Debug[09:59:49]: 5 
Debug[09:59:49]: signal in logmode 
Debug[09:59:49]: "INF(09:59:49.270):Attempt" 
Debug[09:59:49]: log_breakpoint 
Debug[09:59:49]: 5 
Debug[09:59:49]: signal in logmode 
Debug[09:59:49]: "INF(09:59:49.578):Attempt" 
Debug[09:59:49]: log_breakpoint 
Debug[09:59:49]: 5 
Debug[09:59:49]: signal in logmode 
Debug[09:59:49]: "INF(09:59:49.893):Attempt" 
Debug[09:59:49]: log_breakpoint 
Debug[09:59:49]: 5 
Debug[09:59:55]: signal in logmode 
Debug[09:59:55]: "INF(09:59:55.915):Mode is OK" 
Debug[09:59:55]: log_breakpoint 
Debug[09:59:55]: 5 
Debug[09:59:55]: signal in logmode 
Debug[09:59:55]: "INF(09:59:55.918):Attempt" 
Debug[09:59:55]: log_breakpoint 
Debug[09:59:55]: 5 
Debug[09:59:56]: signal in logmode 
Debug[09:59:56]: "INF(09:59:56.232):Attempt" 
Debug[09:59:56]: log_breakpoint 
Debug[09:59:56]: 5 
Debug[09:59:56]: signal in logmode 
Debug[09:59:56]: "INF(09:59:56.590):Attempt" 
Debug[09:59:56]: log_breakpoint 
Debug[09:59:56]: 5 
Debug[09:59:56]: signal in logmode 
Debug[09:59:56]: "INF(09:59:56.898):Mode is OK" 
Debug[09:59:56]: log_breakpoint 
Debug[09:59:56]: 5 
Debug[09:59:56]: signal in logmode 
Debug[09:59:56]: "INF(09:59:56.901):Attempt" 
Debug[09:59:56]: log_breakpoint 
Debug[09:59:56]: 5 
Debug[09:59:57]: signal in logmode 
Debug[09:59:57]: "INF(09:59:57.211):Attempt" 
Debug[09:59:57]: log_breakpoint 
Debug[09:59:57]: 5 
Debug[09:59:57]: signal in logmode 
Debug[09:59:57]: "INF(09:59:57.523):Attempt" 
Debug[09:59:57]: log_breakpoint 
Debug[09:59:57]: 5 
Debug[09:59:57]: signal in logmode 
Debug[09:59:57]: "INF(09:59:57.836):Mode is OK" 
Debug[09:59:57]: log_breakpoint 
Debug[09:59:57]: 5 
Debug[09:59:57]: signal in logmode 
Debug[09:59:57]: "INF(09:59:57.840):Attempt" 
Debug[09:59:57]: log_breakpoint 
Debug[09:59:57]: 5 
Debug[09:59:57]: signal in logmode 
Debug[09:59:57]: "INF(09:59:57.850):RDUM master connected" 
Debug[09:59:57]: log_breakpoint 
Debug[09:59:57]: 5 
Debug[09:59:57]: signal in logmode 
Debug[09:59:57]: "INF(09:59:57.853):Connected to \\.\COM36" 
Debug[09:59:57]: log_breakpoint 
Debug[09:59:57]: 5 
Warning[09:59:57]: Could not parse stylesheet of widget 0x2dcfb80
Debug[09:59:57]: "Resume:Logs" 
Debug[09:59:57]: "Resume:Settings" 
Debug[09:59:57]: "Resume:UartUartController" 
Debug[09:59:57]: "Resume:UartSpiController" 
Debug[09:59:57]: "Resume:UartSsiController" 
Debug[09:59:57]: "Resume:DSI3Master" 
Debug[09:59:57]: "Resume:ASICMaster" 
Debug[09:59:57]: "Resume:RDUMMaster" 
Debug[09:59:57]: "Resume:DSI3Slave" 
Debug[09:59:57]: "Resume:Measurement" 
Debug[09:59:57]: "Resume:CFARsim" 
Debug[10:44:57]: "Suspend:Settings" 
Debug[10:44:57]: "Suspend:UartUartController" 
Debug[10:44:57]: "Suspend:UartSpiController" 
Debug[10:44:57]: "Suspend:UartSsiController" 
Debug[10:44:57]: "Suspend:DSI3Master" 
Debug[10:44:57]: "Suspend:ASICMaster" 
Debug[10:44:57]: "Suspend:RDUMMaster" 
Debug[10:44:57]: "Suspend:DSI3Slave" 
Debug[10:44:57]: "Suspend:Measurement" 
Debug[10:44:57]: "Suspend:CFARsim" 
Debug[10:44:57]: signal in logmode 
Debug[10:44:57]: "INF(10:44:57.449):Disconnect by user" 
Debug[10:44:57]: log_breakpoint 
Debug[10:44:57]: 5 
Debug[10:44:57]: signal in logmode 
Debug[10:44:57]: "INF(10:44:57.473):Disconnect by user" 
Debug[10:44:57]: log_breakpoint 
Debug[10:44:57]: 5 
Warning[10:46:50]: QObject::connect: Cannot connect LocalServer::log(int,QString) to (null)::slot_addLog(int,QString)
Debug[10:46:50]: LocalServer:new "\\.\pipe\DSI3PAS" 
Debug[10:46:50]: Register specific 
Debug[10:46:50]: DynScaleCaclulate 
Debug[10:46:51]: "init 2 UartUartController" 
Debug[10:46:51]: Ok 
Debug[10:46:51]: "init 3 UartSpiController" 
Debug[10:46:51]: Ok 
Debug[10:46:51]: "init 4 UartSsiController" 
Debug[10:46:51]: Ok 
Debug[10:46:51]: "init 5 DSI3Master" 
Debug[10:46:51]: Ok 
Debug[10:46:51]: "init 6 ASICMaster" 
Debug[10:46:51]: Ok 
Debug[10:46:51]: "init 7 RDUMMaster" 
Debug[10:46:51]: Ok 
Debug[10:46:51]: "init 8 DSI3Slave" 
Debug[10:46:52]: Ok 
Debug[10:46:52]: "init 9 Measurement" 
Debug[10:46:53]: Ok 
Debug[10:46:53]: "init 10 CFARsim" 
Debug[10:46:53]: Ok 
Debug[10:46:53]: MainApp Starting... 
Debug[10:46:54]: Add applets to MainWindow...
 
Debug[10:46:54]: Initialize Connection... 
Debug[10:46:54]: signal in logmode 
Debug[10:46:54]: "INF(10:46:54.314):Mode is OK" 
Debug[10:46:54]: log_breakpoint 
Debug[10:46:54]: 5 
Debug[10:46:54]: signal in logmode 
Debug[10:46:54]: "INF(10:46:54.316):Attempt" 
Debug[10:46:54]: log_breakpoint 
Debug[10:46:54]: 5 
Debug[10:46:54]: signal in logmode 
Debug[10:46:54]: "INF(10:46:54.623):Attempt" 
Debug[10:46:54]: log_breakpoint 
Debug[10:46:54]: 5 
Debug[10:46:54]: signal in logmode 
Debug[10:46:54]: "INF(10:46:54.933):Attempt" 
Debug[10:46:54]: log_breakpoint 
Debug[10:46:54]: 5 
Debug[10:46:55]: signal in logmode 
Debug[10:46:55]: "INF(10:46:55.246):Mode is OK" 
Debug[10:46:55]: log_breakpoint 
Debug[10:46:55]: 5 
Debug[10:46:55]: signal in logmode 
Debug[10:46:55]: "INF(10:46:55.251):Attempt" 
Debug[10:46:55]: log_breakpoint 
Debug[10:46:55]: 5 
Debug[10:46:55]: signal in logmode 
Debug[10:46:55]: "INF(10:46:55.556):Attempt" 
Debug[10:46:55]: log_breakpoint 
Debug[10:46:55]: 5 
Debug[10:46:55]: signal in logmode 
Debug[10:46:55]: "INF(10:46:55.869):Attempt" 
Debug[10:46:55]: log_breakpoint 
Debug[10:46:55]: 5 
Debug[10:46:56]: signal in logmode 
Debug[10:46:56]: "INF(10:46:56.179):Mode is OK" 
Debug[10:46:56]: log_breakpoint 
Debug[10:46:56]: 5 
Debug[10:46:56]: signal in logmode 
Debug[10:46:56]: "INF(10:46:56.183):Attempt" 
Debug[10:46:56]: log_breakpoint 
Debug[10:46:56]: 5 
Debug[10:46:56]: signal in logmode 
Debug[10:46:56]: "INF(10:46:56.339):Mode is OK" 
Debug[10:46:56]: log_breakpoint 
Debug[10:46:56]: 5 
Debug[10:46:56]: signal in logmode 
Debug[10:46:56]: "INF(10:46:56.349):Attempt" 
Debug[10:46:56]: log_breakpoint 
Debug[10:46:56]: 5 
Debug[10:46:56]: signal in logmode 
Debug[10:46:56]: "INF(10:46:56.661):Attempt" 
Debug[10:46:56]: log_breakpoint 
Debug[10:46:56]: 5 
Debug[10:46:56]: signal in logmode 
Debug[10:46:56]: "INF(10:46:56.975):Attempt" 
Debug[10:46:56]: log_breakpoint 
Debug[10:46:56]: 5 
Debug[10:46:57]: signal in logmode 
Debug[10:46:57]: "INF(10:46:57.286):Mode is OK" 
Debug[10:46:57]: log_breakpoint 
Debug[10:46:57]: 5 
Debug[10:46:57]: signal in logmode 
Debug[10:46:57]: "INF(10:46:57.291):Attempt" 
Debug[10:46:57]: log_breakpoint 
Debug[10:46:57]: 5 
Debug[10:46:57]: signal in logmode 
Debug[10:46:57]: "INF(10:46:57.614):Attempt" 
Debug[10:46:57]: log_breakpoint 
Debug[10:46:57]: 5 
Debug[10:46:57]: signal in logmode 
Debug[10:46:57]: "INF(10:46:57.925):Attempt" 
Debug[10:46:57]: log_breakpoint 
Debug[10:46:57]: 5 
Debug[10:46:58]: signal in logmode 
Debug[10:46:58]: "INF(10:46:58.238):Mode is OK" 
Debug[10:46:58]: log_breakpoint 
Debug[10:46:58]: 5 
Debug[10:46:58]: signal in logmode 
Debug[10:46:58]: "INF(10:46:58.240):Attempt" 
Debug[10:46:58]: log_breakpoint 
Debug[10:46:58]: 5 
Debug[10:46:58]: signal in logmode 
Debug[10:46:58]: "INF(10:46:58.549):Attempt" 
Debug[10:46:58]: log_breakpoint 
Debug[10:46:58]: 5 
Debug[10:46:58]: signal in logmode 
Debug[10:46:58]: "INF(10:46:58.861):Attempt" 
Debug[10:46:58]: log_breakpoint 
Debug[10:46:58]: 5 
Debug[10:46:59]: signal in logmode 
Debug[10:46:59]: "INF(10:46:59.174):Mode is OK" 
Debug[10:46:59]: log_breakpoint 
Debug[10:46:59]: 5 
Debug[10:46:59]: signal in logmode 
Debug[10:46:59]: "INF(10:46:59.181):Attempt" 
Debug[10:46:59]: log_breakpoint 
Debug[10:46:59]: 5 
Debug[10:46:59]: signal in logmode 
Debug[10:46:59]: "INF(10:46:59.501):Attempt" 
Debug[10:46:59]: log_breakpoint 
Debug[10:46:59]: 5 
Debug[10:46:59]: signal in logmode 
Debug[10:46:59]: "INF(10:46:59.814):Attempt" 
Debug[10:46:59]: log_breakpoint 
Debug[10:46:59]: 5 
Debug[10:47:04]: signal in logmode 
Debug[10:47:04]: "INF(10:47:04.067):Mode is OK" 
Debug[10:47:04]: log_breakpoint 
Debug[10:47:04]: 5 
Debug[10:47:04]: signal in logmode 
Debug[10:47:04]: "INF(10:47:04.071):Attempt" 
Debug[10:47:04]: log_breakpoint 
Debug[10:47:04]: 5 
Debug[10:47:04]: signal in logmode 
Debug[10:47:04]: "INF(10:47:04.383):Attempt" 
Debug[10:47:04]: log_breakpoint 
Debug[10:47:04]: 5 
Debug[10:47:04]: signal in logmode 
Debug[10:47:04]: "INF(10:47:04.693):Attempt" 
Debug[10:47:04]: log_breakpoint 
Debug[10:47:04]: 5 
Debug[10:47:05]: signal in logmode 
Debug[10:47:05]: "INF(10:47:05.004):Mode is OK" 
Debug[10:47:05]: log_breakpoint 
Debug[10:47:05]: 5 
Debug[10:47:05]: signal in logmode 
Debug[10:47:05]: "INF(10:47:05.007):Attempt" 
Debug[10:47:05]: log_breakpoint 
Debug[10:47:05]: 5 
Debug[10:47:05]: signal in logmode 
Debug[10:47:05]: "INF(10:47:05.316):Attempt" 
Debug[10:47:05]: log_breakpoint 
Debug[10:47:05]: 5 
Debug[10:47:05]: signal in logmode 
Debug[10:47:05]: "INF(10:47:05.627):Attempt" 
Debug[10:47:05]: log_breakpoint 
Debug[10:47:05]: 5 
Debug[10:47:05]: signal in logmode 
Debug[10:47:05]: "INF(10:47:05.939):Mode is OK" 
Debug[10:47:05]: log_breakpoint 
Debug[10:47:05]: 5 
Debug[10:47:05]: signal in logmode 
Debug[10:47:05]: "INF(10:47:05.943):Attempt" 
Debug[10:47:05]: log_breakpoint 
Debug[10:47:05]: 5 
Debug[10:47:05]: signal in logmode 
Debug[10:47:05]: "INF(10:47:05.951):RDUM master connected" 
Debug[10:47:05]: log_breakpoint 
Debug[10:47:05]: 5 
Debug[10:47:05]: signal in logmode 
Debug[10:47:05]: "INF(10:47:05.953):Connected to \\.\COM36" 
Debug[10:47:05]: log_breakpoint 
Debug[10:47:05]: 5 
Warning[10:47:05]: Could not parse stylesheet of widget 0x3580000
Debug[10:47:05]: "Resume:Logs" 
Debug[10:47:05]: "Resume:Settings" 
Debug[10:47:05]: "Resume:UartUartController" 
Debug[10:47:05]: "Resume:UartSpiController" 
Debug[10:47:05]: "Resume:UartSsiController" 
Debug[10:47:05]: "Resume:DSI3Master" 
Debug[10:47:05]: "Resume:ASICMaster" 
Debug[10:47:05]: "Resume:RDUMMaster" 
Debug[10:47:05]: "Resume:DSI3Slave" 
Debug[10:47:05]: "Resume:Measurement" 
Debug[10:47:05]: "Resume:CFARsim" 
Debug[11:27:15]: "Suspend:Settings" 
Debug[11:27:15]: "Suspend:UartUartController" 
Debug[11:27:15]: "Suspend:UartSpiController" 
Debug[11:27:15]: "Suspend:UartSsiController" 
Debug[11:27:15]: "Suspend:DSI3Master" 
Debug[11:27:15]: "Suspend:ASICMaster" 
Debug[11:27:15]: "Suspend:RDUMMaster" 
Debug[11:27:15]: "Suspend:DSI3Slave" 
Debug[11:27:15]: "Suspend:Measurement" 
Debug[11:27:15]: "Suspend:CFARsim" 
Debug[11:27:15]: signal in logmode 
Debug[11:27:15]: "INF(11:27:15.129):Disconnect by user" 
Debug[11:27:15]: log_breakpoint 
Debug[11:27:15]: 5 
Debug[11:27:15]: signal in logmode 
Debug[11:27:15]: "INF(11:27:15.275):Disconnect by user" 
Debug[11:27:15]: log_breakpoint 
Debug[11:27:15]: 5 
Warning[11:42:48]: QObject::connect: Cannot connect LocalServer::log(int,QString) to (null)::slot_addLog(int,QString)
Debug[11:42:48]: LocalServer:new "\\.\pipe\DSI3PAS" 
Debug[11:42:48]: Register specific 
Debug[11:42:49]: DynScaleCaclulate 
Debug[11:42:49]: "init 2 UartUartController" 
Debug[11:42:49]: Ok 
Debug[11:42:49]: "init 3 UartSpiController" 
Debug[11:42:49]: Ok 
Debug[11:42:49]: "init 4 UartSsiController" 
Debug[11:42:49]: Ok 
Debug[11:42:49]: "init 5 DSI3Master" 
Debug[11:42:49]: Ok 
Debug[11:42:49]: "init 6 ASICMaster" 
Debug[11:42:49]: Ok 
Debug[11:42:49]: "init 7 RDUMMaster" 
Debug[11:42:49]: Ok 
Debug[11:42:49]: "init 8 DSI3Slave" 
Debug[11:42:49]: Ok 
Debug[11:42:49]: "init 9 Measurement" 
Debug[11:42:50]: Ok 
Debug[11:42:50]: "init 10 CFARsim" 
Debug[11:42:50]: Ok 
Debug[11:42:50]: MainApp Starting... 
Debug[11:42:51]: Add applets to MainWindow...
 
Debug[11:42:51]: Initialize Connection... 
Debug[11:43:07]: Initialize Connection... 
Debug[11:43:07]: signal in logmode 
Debug[11:43:07]: "INF(11:43:07.927):Mode is OK" 
Debug[11:43:07]: log_breakpoint 
Debug[11:43:07]: 5 
Debug[11:43:07]: signal in logmode 
Debug[11:43:07]: "INF(11:43:07.931):Attempt" 
Debug[11:43:07]: log_breakpoint 
Debug[11:43:07]: 5 
Debug[11:43:08]: signal in logmode 
Debug[11:43:08]: "INF(11:43:08.249):Attempt" 
Debug[11:43:08]: log_breakpoint 
Debug[11:43:08]: 5 
Debug[11:43:08]: signal in logmode 
Debug[11:43:08]: "INF(11:43:08.562):Attempt" 
Debug[11:43:08]: log_breakpoint 
Debug[11:43:08]: 5 
Debug[11:43:08]: signal in logmode 
Debug[11:43:08]: "INF(11:43:08.878):Mode is OK" 
Debug[11:43:08]: log_breakpoint 
Debug[11:43:08]: 5 
Debug[11:43:08]: signal in logmode 
Debug[11:43:08]: "INF(11:43:08.881):Attempt" 
Debug[11:43:08]: log_breakpoint 
Debug[11:43:08]: 5 
Debug[11:43:09]: signal in logmode 
Debug[11:43:09]: "INF(11:43:09.187):Attempt" 
Debug[11:43:09]: log_breakpoint 
Debug[11:43:09]: 5 
Debug[11:43:09]: signal in logmode 
Debug[11:43:09]: "INF(11:43:09.500):Attempt" 
Debug[11:43:09]: log_breakpoint 
Debug[11:43:09]: 5 
Debug[11:43:09]: signal in logmode 
Debug[11:43:09]: "INF(11:43:09.814):Mode is OK" 
Debug[11:43:09]: log_breakpoint 
Debug[11:43:09]: 5 
Debug[11:43:09]: signal in logmode 
Debug[11:43:09]: "INF(11:43:09.818):Attempt" 
Debug[11:43:09]: log_breakpoint 
Debug[11:43:09]: 5 
Debug[11:43:09]: signal in logmode 
Debug[11:43:09]: "INF(11:43:09.975):Mode is OK" 
Debug[11:43:09]: log_breakpoint 
Debug[11:43:09]: 5 
Debug[11:43:09]: signal in logmode 
Debug[11:43:09]: "INF(11:43:09.980):Attempt" 
Debug[11:43:09]: log_breakpoint 
Debug[11:43:09]: 5 
Debug[11:43:10]: signal in logmode 
Debug[11:43:10]: "INF(11:43:10.299):Attempt" 
Debug[11:43:10]: log_breakpoint 
Debug[11:43:10]: 5 
Debug[11:43:10]: signal in logmode 
Debug[11:43:10]: "INF(11:43:10.610):Attempt" 
Debug[11:43:10]: log_breakpoint 
Debug[11:43:10]: 5 
Debug[11:43:10]: signal in logmode 
Debug[11:43:10]: "INF(11:43:10.920):Mode is OK" 
Debug[11:43:10]: log_breakpoint 
Debug[11:43:10]: 5 
Debug[11:43:10]: signal in logmode 
Debug[11:43:10]: "INF(11:43:10.925):Attempt" 
Debug[11:43:10]: log_breakpoint 
Debug[11:43:10]: 5 
Debug[11:43:11]: signal in logmode 
Debug[11:43:11]: "INF(11:43:11.234):Attempt" 
Debug[11:43:11]: log_breakpoint 
Debug[11:43:11]: 5 
Debug[11:43:11]: signal in logmode 
Debug[11:43:11]: "INF(11:43:11.546):Attempt" 
Debug[11:43:11]: log_breakpoint 
Debug[11:43:11]: 5 
Debug[11:43:11]: signal in logmode 
Debug[11:43:11]: "INF(11:43:11.858):Mode is OK" 
Debug[11:43:11]: log_breakpoint 
Debug[11:43:11]: 5 
Debug[11:43:11]: signal in logmode 
Debug[11:43:11]: "INF(11:43:11.860):Attempt" 
Debug[11:43:11]: log_breakpoint 
Debug[11:43:11]: 5 
Debug[11:43:12]: signal in logmode 
Debug[11:43:12]: "INF(11:43:12.172):Attempt" 
Debug[11:43:12]: log_breakpoint 
Debug[11:43:12]: 5 
Debug[11:43:12]: signal in logmode 
Debug[11:43:12]: "INF(11:43:12.482):Attempt" 
Debug[11:43:12]: log_breakpoint 
Debug[11:43:12]: 5 
Debug[11:43:12]: signal in logmode 
Debug[11:43:12]: "INF(11:43:12.793):Mode is OK" 
Debug[11:43:12]: log_breakpoint 
Debug[11:43:12]: 5 
Debug[11:43:12]: signal in logmode 
Debug[11:43:12]: "INF(11:43:12.797):Attempt" 
Debug[11:43:12]: log_breakpoint 
Debug[11:43:12]: 5 
Debug[11:43:13]: signal in logmode 
Debug[11:43:13]: "INF(11:43:13.106):Attempt" 
Debug[11:43:13]: log_breakpoint 
Debug[11:43:13]: 5 
Debug[11:43:13]: signal in logmode 
Debug[11:43:13]: "INF(11:43:13.419):Attempt" 
Debug[11:43:13]: log_breakpoint 
Debug[11:43:13]: 5 
Debug[11:43:14]: signal in logmode 
Debug[11:43:14]: "INF(11:43:14.516):Mode is OK" 
Debug[11:43:14]: log_breakpoint 
Debug[11:43:14]: 5 
Debug[11:43:14]: signal in logmode 
Debug[11:43:14]: "INF(11:43:14.522):Attempt" 
Debug[11:43:14]: log_breakpoint 
Debug[11:43:14]: 5 
Debug[11:43:14]: signal in logmode 
Debug[11:43:14]: "INF(11:43:14.838):Attempt" 
Debug[11:43:14]: log_breakpoint 
Debug[11:43:14]: 5 
Debug[11:43:15]: signal in logmode 
Debug[11:43:15]: "INF(11:43:15.150):Attempt" 
Debug[11:43:15]: log_breakpoint 
Debug[11:43:15]: 5 
Debug[11:43:15]: signal in logmode 
Debug[11:43:15]: "INF(11:43:15.464):Mode is OK" 
Debug[11:43:15]: log_breakpoint 
Debug[11:43:15]: 5 
Debug[11:43:15]: signal in logmode 
Debug[11:43:15]: "INF(11:43:15.465):Attempt" 
Debug[11:43:15]: log_breakpoint 
Debug[11:43:15]: 5 
Debug[11:43:15]: signal in logmode 
Debug[11:43:15]: "INF(11:43:15.775):Attempt" 
Debug[11:43:15]: log_breakpoint 
Debug[11:43:15]: 5 
Debug[11:43:16]: signal in logmode 
Debug[11:43:16]: "INF(11:43:16.087):Attempt" 
Debug[11:43:16]: log_breakpoint 
Debug[11:43:16]: 5 
Debug[11:43:16]: signal in logmode 
Debug[11:43:16]: "INF(11:43:16.402):Mode is OK" 
Debug[11:43:16]: log_breakpoint 
Debug[11:43:16]: 5 
Debug[11:43:16]: signal in logmode 
Debug[11:43:16]: "INF(11:43:16.404):Attempt" 
Debug[11:43:16]: log_breakpoint 
Debug[11:43:16]: 5 
Debug[11:43:16]: signal in logmode 
Debug[11:43:16]: "INF(11:43:16.415):RDUM master connected" 
Debug[11:43:16]: log_breakpoint 
Debug[11:43:16]: 5 
Debug[11:43:16]: signal in logmode 
Debug[11:43:16]: "INF(11:43:16.419):Connected to \\.\COM36" 
Debug[11:43:16]: log_breakpoint 
Debug[11:43:16]: 5 
Warning[11:43:16]: Could not parse stylesheet of widget 0x3770300
Debug[11:43:16]: "Resume:Logs" 
Debug[11:43:16]: "Resume:Settings" 
Debug[11:43:16]: "Resume:UartUartController" 
Debug[11:43:16]: "Resume:UartSpiController" 
Debug[11:43:16]: "Resume:UartSsiController" 
Debug[11:43:16]: "Resume:DSI3Master" 
Debug[11:43:16]: "Resume:ASICMaster" 
Debug[11:43:16]: "Resume:RDUMMaster" 
Debug[11:43:16]: "Resume:DSI3Slave" 
Debug[11:43:16]: "Resume:Measurement" 
Debug[11:43:16]: "Resume:CFARsim" 
Debug[12:36:57]: "Suspend:Settings" 
Debug[12:36:57]: "Suspend:UartUartController" 
Debug[12:36:57]: "Suspend:UartSpiController" 
Debug[12:36:57]: "Suspend:UartSsiController" 
Debug[12:36:57]: "Suspend:DSI3Master" 
Debug[12:36:57]: "Suspend:ASICMaster" 
Debug[12:36:57]: "Suspend:RDUMMaster" 
Debug[12:36:57]: "Suspend:DSI3Slave" 
Debug[12:36:57]: "Suspend:Measurement" 
Debug[12:36:57]: "Suspend:CFARsim" 
Debug[12:36:57]: signal in logmode 
Debug[12:36:57]: "INF(12:36:57.362):Disconnect by user" 
Debug[12:36:57]: log_breakpoint 
Debug[12:36:57]: 5 
Debug[12:36:57]: signal in logmode 
Debug[12:36:57]: "INF(12:36:57.385):Disconnect by user" 
Debug[12:36:57]: log_breakpoint 
Debug[12:36:57]: 5 
Warning[12:38:35]: QObject::connect: Cannot connect LocalServer::log(int,QString) to (null)::slot_addLog(int,QString)
Debug[12:38:35]: LocalServer:new "\\.\pipe\DSI3PAS" 
Debug[12:38:35]: Register specific 
Debug[12:38:36]: DynScaleCaclulate 
Debug[12:38:36]: "init 2 UartUartController" 
Debug[12:38:36]: Ok 
Debug[12:38:36]: "init 3 UartSpiController" 
Debug[12:38:36]: Ok 
Debug[12:38:36]: "init 4 UartSsiController" 
Debug[12:38:36]: Ok 
Debug[12:38:36]: "init 5 DSI3Master" 
Debug[12:38:36]: Ok 
Debug[12:38:36]: "init 6 ASICMaster" 
Debug[12:38:36]: Ok 
Debug[12:38:36]: "init 7 RDUMMaster" 
Debug[12:38:36]: Ok 
Debug[12:38:36]: "init 8 DSI3Slave" 
Debug[12:38:36]: Ok 
Debug[12:38:36]: "init 9 Measurement" 
Debug[12:38:37]: Ok 
Debug[12:38:37]: "init 10 CFARsim" 
Debug[12:38:37]: Ok 
Debug[12:38:37]: MainApp Starting... 
Debug[12:38:38]: Add applets to MainWindow...
 
Debug[12:38:38]: Initialize Connection... 
Debug[12:38:38]: signal in logmode 
Debug[12:38:38]: "INF(12:38:38.612):Mode is OK" 
Debug[12:38:38]: log_breakpoint 
Debug[12:38:38]: 5 
Debug[12:38:38]: signal in logmode 
Debug[12:38:38]: "INF(12:38:38.615):Attempt" 
Debug[12:38:38]: log_breakpoint 
Debug[12:38:38]: 5 
Debug[12:38:38]: signal in logmode 
Debug[12:38:38]: "INF(12:38:38.936):Attempt" 
Debug[12:38:38]: log_breakpoint 
Debug[12:38:38]: 5 
Debug[12:38:39]: signal in logmode 
Debug[12:38:39]: "INF(12:38:39.250):Attempt" 
Debug[12:38:39]: log_breakpoint 
Debug[12:38:39]: 5 
Debug[12:38:39]: signal in logmode 
Debug[12:38:39]: "INF(12:38:39.562):Mode is OK" 
Debug[12:38:39]: log_breakpoint 
Debug[12:38:39]: 5 
Debug[12:38:39]: signal in logmode 
Debug[12:38:39]: "INF(12:38:39.565):Attempt" 
Debug[12:38:39]: log_breakpoint 
Debug[12:38:39]: 5 
Debug[12:38:39]: signal in logmode 
Debug[12:38:39]: "INF(12:38:39.874):Attempt" 
Debug[12:38:39]: log_breakpoint 
Debug[12:38:39]: 5 
Debug[12:38:40]: signal in logmode 
Debug[12:38:40]: "INF(12:38:40.186):Attempt" 
Debug[12:38:40]: log_breakpoint 
Debug[12:38:40]: 5 
Debug[12:38:40]: signal in logmode 
Debug[12:38:40]: "INF(12:38:40.498):Mode is OK" 
Debug[12:38:40]: log_breakpoint 
Debug[12:38:40]: 5 
Debug[12:38:40]: signal in logmode 
Debug[12:38:40]: "INF(12:38:40.500):Attempt" 
Debug[12:38:40]: log_breakpoint 
Debug[12:38:40]: 5 
Debug[12:38:40]: signal in logmode 
Debug[12:38:40]: "INF(12:38:40.655):Mode is OK" 
Debug[12:38:40]: log_breakpoint 
Debug[12:38:40]: 5 
Debug[12:38:40]: signal in logmode 
Debug[12:38:40]: "INF(12:38:40.658):Attempt" 
Debug[12:38:40]: log_breakpoint 
Debug[12:38:40]: 5 
Debug[12:38:40]: signal in logmode 
Debug[12:38:40]: "INF(12:38:40.966):Attempt" 
Debug[12:38:40]: log_breakpoint 
Debug[12:38:40]: 5 
Debug[12:38:41]: signal in logmode 
Debug[12:38:41]: "INF(12:38:41.278):Attempt" 
Debug[12:38:41]: log_breakpoint 
Debug[12:38:41]: 5 
Debug[12:38:41]: signal in logmode 
Debug[12:38:41]: "INF(12:38:41.590):Mode is OK" 
Debug[12:38:41]: log_breakpoint 
Debug[12:38:41]: 5 
Debug[12:38:41]: signal in logmode 
Debug[12:38:41]: "INF(12:38:41.594):Attempt" 
Debug[12:38:41]: log_breakpoint 
Debug[12:38:41]: 5 
Debug[12:38:41]: signal in logmode 
Debug[12:38:41]: "INF(12:38:41.903):Attempt" 
Debug[12:38:41]: log_breakpoint 
Debug[12:38:41]: 5 
Debug[12:38:42]: signal in logmode 
Debug[12:38:42]: "INF(12:38:42.212):Attempt" 
Debug[12:38:42]: log_breakpoint 
Debug[12:38:42]: 5 
Debug[12:38:42]: signal in logmode 
Debug[12:38:42]: "INF(12:38:42.528):Mode is OK" 
Debug[12:38:42]: log_breakpoint 
Debug[12:38:42]: 5 
Debug[12:38:42]: signal in logmode 
Debug[12:38:42]: "INF(12:38:42.531):Attempt" 
Debug[12:38:42]: log_breakpoint 
Debug[12:38:42]: 5 
Debug[12:38:42]: signal in logmode 
Debug[12:38:42]: "INF(12:38:42.838):Attempt" 
Debug[12:38:42]: log_breakpoint 
Debug[12:38:42]: 5 
Debug[12:38:43]: signal in logmode 
Debug[12:38:43]: "INF(12:38:43.150):Attempt" 
Debug[12:38:43]: log_breakpoint 
Debug[12:38:43]: 5 
Debug[12:38:43]: signal in logmode 
Debug[12:38:43]: "INF(12:38:43.460):Mode is OK" 
Debug[12:38:43]: log_breakpoint 
Debug[12:38:43]: 5 
Debug[12:38:43]: signal in logmode 
Debug[12:38:43]: "INF(12:38:43.465):Attempt" 
Debug[12:38:43]: log_breakpoint 
Debug[12:38:43]: 5 
Debug[12:38:43]: signal in logmode 
Debug[12:38:43]: "INF(12:38:43.773):Attempt" 
Debug[12:38:43]: log_breakpoint 
Debug[12:38:43]: 5 
Debug[12:38:44]: signal in logmode 
Debug[12:38:44]: "INF(12:38:44.086):Attempt" 
Debug[12:38:44]: log_breakpoint 
Debug[12:38:44]: 5 
Debug[12:38:48]: signal in logmode 
Debug[12:38:48]: "INF(12:38:48.025):Mode is OK" 
Debug[12:38:48]: log_breakpoint 
Debug[12:38:48]: 5 
Debug[12:38:48]: signal in logmode 
Debug[12:38:48]: "INF(12:38:48.027):Attempt" 
Debug[12:38:48]: log_breakpoint 
Debug[12:38:48]: 5 
Debug[12:38:48]: signal in logmode 
Debug[12:38:48]: "INF(12:38:48.346):Attempt" 
Debug[12:38:48]: log_breakpoint 
Debug[12:38:48]: 5 
Debug[12:38:48]: signal in logmode 
Debug[12:38:48]: "INF(12:38:48.657):Attempt" 
Debug[12:38:48]: log_breakpoint 
Debug[12:38:48]: 5 
Debug[12:38:48]: signal in logmode 
Debug[12:38:48]: "INF(12:38:48.969):Mode is OK" 
Debug[12:38:48]: log_breakpoint 
Debug[12:38:48]: 5 
Debug[12:38:48]: signal in logmode 
Debug[12:38:48]: "INF(12:38:48.972):Attempt" 
Debug[12:38:48]: log_breakpoint 
Debug[12:38:48]: 5 
Debug[12:38:49]: signal in logmode 
Debug[12:38:49]: "INF(12:38:49.280):Attempt" 
Debug[12:38:49]: log_breakpoint 
Debug[12:38:49]: 5 
Debug[12:38:49]: signal in logmode 
Debug[12:38:49]: "INF(12:38:49.590):Attempt" 
Debug[12:38:49]: log_breakpoint 
Debug[12:38:49]: 5 
Debug[12:38:49]: signal in logmode 
Debug[12:38:49]: "INF(12:38:49.910):Mode is OK" 
Debug[12:38:49]: log_breakpoint 
Debug[12:38:49]: 5 
Debug[12:38:49]: signal in logmode 
Debug[12:38:49]: "INF(12:38:49.915):Attempt" 
Debug[12:38:49]: log_breakpoint 
Debug[12:38:49]: 5 
Debug[12:38:49]: signal in logmode 
Debug[12:38:49]: "INF(12:38:49.941):RDUM master connected" 
Debug[12:38:49]: log_breakpoint 
Debug[12:38:49]: 5 
Debug[12:38:49]: signal in logmode 
Debug[12:38:49]: "INF(12:38:49.944):Connected to \\.\COM36" 
Debug[12:38:49]: log_breakpoint 
Debug[12:38:49]: 5 
Warning[12:38:49]: Could not parse stylesheet of widget 0x298fb40
Debug[12:38:49]: "Resume:Logs" 
Debug[12:38:49]: "Resume:Settings" 
Debug[12:38:49]: "Resume:UartUartController" 
Debug[12:38:49]: "Resume:UartSpiController" 
Debug[12:38:49]: "Resume:UartSsiController" 
Debug[12:38:49]: "Resume:DSI3Master" 
Debug[12:38:49]: "Resume:ASICMaster" 
Debug[12:38:49]: "Resume:RDUMMaster" 
Debug[12:38:49]: "Resume:DSI3Slave" 
Debug[12:38:49]: "Resume:Measurement" 
Debug[12:38:49]: "Resume:CFARsim" 
Debug[14:49:12]: "Suspend:Settings" 
Debug[14:49:12]: "Suspend:UartUartController" 
Debug[14:49:12]: "Suspend:UartSpiController" 
Debug[14:49:12]: "Suspend:UartSsiController" 
Debug[14:49:12]: "Suspend:DSI3Master" 
Debug[14:49:12]: "Suspend:ASICMaster" 
Debug[14:49:12]: "Suspend:RDUMMaster" 
Debug[14:49:12]: "Suspend:DSI3Slave" 
Debug[14:49:12]: "Suspend:Measurement" 
Debug[14:49:12]: "Suspend:CFARsim" 
Debug[14:49:12]: signal in logmode 
Debug[14:49:12]: "INF(14:49:12.274):Disconnect by user" 
Debug[14:49:12]: log_breakpoint 
Debug[14:49:12]: 5 
Debug[14:49:12]: signal in logmode 
Debug[14:49:12]: "INF(14:49:12.308):Disconnect by user" 
Debug[14:49:12]: log_breakpoint 
Debug[14:49:12]: 5 
Warning[14:49:16]: QObject::connect: Cannot connect LocalServer::log(int,QString) to (null)::slot_addLog(int,QString)
Debug[14:49:16]: LocalServer:new "\\.\pipe\DSI3PAS" 
Debug[14:49:16]: Register specific 
Debug[14:49:16]: DynScaleCaclulate 
Debug[14:49:16]: "init 2 UartUartController" 
Debug[14:49:16]: Ok 
Debug[14:49:16]: "init 3 UartSpiController" 
Debug[14:49:16]: Ok 
Debug[14:49:16]: "init 4 UartSsiController" 
Debug[14:49:16]: Ok 
Debug[14:49:16]: "init 5 DSI3Master" 
Debug[14:49:16]: Ok 
Debug[14:49:16]: "init 6 ASICMaster" 
Debug[14:49:16]: Ok 
Debug[14:49:16]: "init 7 RDUMMaster" 
Debug[14:49:16]: Ok 
Debug[14:49:16]: "init 8 DSI3Slave" 
Debug[14:49:17]: Ok 
Debug[14:49:17]: "init 9 Measurement" 
Debug[14:49:18]: Ok 
Debug[14:49:18]: "init 10 CFARsim" 
Debug[14:49:18]: Ok 
Debug[14:49:18]: MainApp Starting... 
Debug[14:49:19]: Add applets to MainWindow...
 
Debug[14:49:19]: Initialize Connection... 
Debug[14:49:19]: signal in logmode 
Debug[14:49:19]: "INF(14:49:19.360):Mode is OK" 
Debug[14:49:19]: log_breakpoint 
Debug[14:49:19]: 5 
Debug[14:49:19]: signal in logmode 
Debug[14:49:19]: "INF(14:49:19.362):Attempt" 
Debug[14:49:19]: log_breakpoint 
Debug[14:49:19]: 5 
Debug[14:49:19]: signal in logmode 
Debug[14:49:19]: "INF(14:49:19.667):Attempt" 
Debug[14:49:19]: log_breakpoint 
Debug[14:49:19]: 5 
Debug[14:49:19]: signal in logmode 
Debug[14:49:19]: "INF(14:49:19.980):Attempt" 
Debug[14:49:19]: log_breakpoint 
Debug[14:49:19]: 5 
Debug[14:49:20]: signal in logmode 
Debug[14:49:20]: "INF(14:49:20.293):Mode is OK" 
Debug[14:49:20]: log_breakpoint 
Debug[14:49:20]: 5 
Debug[14:49:20]: signal in logmode 
Debug[14:49:20]: "INF(14:49:20.296):Attempt" 
Debug[14:49:20]: log_breakpoint 
Debug[14:49:20]: 5 
Debug[14:49:20]: signal in logmode 
Debug[14:49:20]: "INF(14:49:20.605):Attempt" 
Debug[14:49:20]: log_breakpoint 
Debug[14:49:20]: 5 
Debug[14:49:20]: signal in logmode 
Debug[14:49:20]: "INF(14:49:20.916):Attempt" 
Debug[14:49:20]: log_breakpoint 
Debug[14:49:20]: 5 
Debug[14:49:21]: signal in logmode 
Debug[14:49:21]: "INF(14:49:21.229):Mode is OK" 
Debug[14:49:21]: log_breakpoint 
Debug[14:49:21]: 5 
Debug[14:49:21]: signal in logmode 
Debug[14:49:21]: "INF(14:49:21.232):Attempt" 
Debug[14:49:21]: log_breakpoint 
Debug[14:49:21]: 5 
Debug[14:49:21]: signal in logmode 
Debug[14:49:21]: "INF(14:49:21.389):Mode is OK" 
Debug[14:49:21]: log_breakpoint 
Debug[14:49:21]: 5 
Debug[14:49:21]: signal in logmode 
Debug[14:49:21]: "INF(14:49:21.391):Attempt" 
Debug[14:49:21]: log_breakpoint 
Debug[14:49:21]: 5 
Debug[14:49:21]: signal in logmode 
Debug[14:49:21]: "INF(14:49:21.699):Attempt" 
Debug[14:49:21]: log_breakpoint 
Debug[14:49:21]: 5 
Debug[14:49:22]: signal in logmode 
Debug[14:49:22]: "INF(14:49:22.009):Attempt" 
Debug[14:49:22]: log_breakpoint 
Debug[14:49:22]: 5 
Debug[14:49:22]: signal in logmode 
Debug[14:49:22]: "INF(14:49:22.321):Mode is OK" 
Debug[14:49:22]: log_breakpoint 
Debug[14:49:22]: 5 
Debug[14:49:22]: signal in logmode 
Debug[14:49:22]: "INF(14:49:22.325):Attempt" 
Debug[14:49:22]: log_breakpoint 
Debug[14:49:22]: 5 
Debug[14:49:22]: signal in logmode 
Debug[14:49:22]: "INF(14:49:22.630):Attempt" 
Debug[14:49:22]: log_breakpoint 
Debug[14:49:22]: 5 
Debug[14:49:22]: signal in logmode 
Debug[14:49:22]: "INF(14:49:22.945):Attempt" 
Debug[14:49:22]: log_breakpoint 
Debug[14:49:22]: 5 
Debug[14:49:23]: signal in logmode 
Debug[14:49:23]: "INF(14:49:23.257):Mode is OK" 
Debug[14:49:23]: log_breakpoint 
Debug[14:49:23]: 5 
Debug[14:49:23]: signal in logmode 
Debug[14:49:23]: "INF(14:49:23.258):Attempt" 
Debug[14:49:23]: log_breakpoint 
Debug[14:49:23]: 5 
Debug[14:49:23]: signal in logmode 
Debug[14:49:23]: "INF(14:49:23.569):Attempt" 
Debug[14:49:23]: log_breakpoint 
Debug[14:49:23]: 5 
Debug[14:49:23]: signal in logmode 
Debug[14:49:23]: "INF(14:49:23.880):Attempt" 
Debug[14:49:23]: log_breakpoint 
Debug[14:49:23]: 5 
Debug[14:49:24]: signal in logmode 
Debug[14:49:24]: "INF(14:49:24.191):Mode is OK" 
Debug[14:49:24]: log_breakpoint 
Debug[14:49:24]: 5 
Debug[14:49:24]: signal in logmode 
Debug[14:49:24]: "INF(14:49:24.196):Attempt" 
Debug[14:49:24]: log_breakpoint 
Debug[14:49:24]: 5 
Debug[14:49:24]: signal in logmode 
Debug[14:49:24]: "INF(14:49:24.502):Attempt" 
Debug[14:49:24]: log_breakpoint 
Debug[14:49:24]: 5 
Debug[14:49:24]: signal in logmode 
Debug[14:49:24]: "INF(14:49:24.814):Attempt" 
Debug[14:49:24]: log_breakpoint 
Debug[14:49:24]: 5 
Debug[14:49:28]: signal in logmode 
Debug[14:49:28]: "INF(14:49:28.687):Mode is OK" 
Debug[14:49:28]: log_breakpoint 
Debug[14:49:28]: 5 
Debug[14:49:28]: signal in logmode 
Debug[14:49:28]: "INF(14:49:28.688):Attempt" 
Debug[14:49:28]: log_breakpoint 
Debug[14:49:28]: 5 
Debug[14:49:29]: signal in logmode 
Debug[14:49:29]: "INF(14:49:29.010):Attempt" 
Debug[14:49:29]: log_breakpoint 
Debug[14:49:29]: 5 
Debug[14:49:29]: signal in logmode 
Debug[14:49:29]: "INF(14:49:29.320):Attempt" 
Debug[14:49:29]: log_breakpoint 
Debug[14:49:29]: 5 
Debug[14:49:29]: signal in logmode 
Debug[14:49:29]: "INF(14:49:29.633):Mode is OK" 
Debug[14:49:29]: log_breakpoint 
Debug[14:49:29]: 5 
Debug[14:49:29]: signal in logmode 
Debug[14:49:29]: "INF(14:49:29.636):Attempt" 
Debug[14:49:29]: log_breakpoint 
Debug[14:49:29]: 5 
Debug[14:49:29]: signal in logmode 
Debug[14:49:29]: "INF(14:49:29.946):Attempt" 
Debug[14:49:29]: log_breakpoint 
Debug[14:49:29]: 5 
Debug[14:49:30]: signal in logmode 
Debug[14:49:30]: "INF(14:49:30.258):Attempt" 
Debug[14:49:30]: log_breakpoint 
Debug[14:49:30]: 5 
Debug[14:49:30]: signal in logmode 
Debug[14:49:30]: "INF(14:49:30.570):Mode is OK" 
Debug[14:49:30]: log_breakpoint 
Debug[14:49:30]: 5 
Debug[14:49:30]: signal in logmode 
Debug[14:49:30]: "INF(14:49:30.574):Attempt" 
Debug[14:49:30]: log_breakpoint 
Debug[14:49:30]: 5 
Debug[14:49:30]: signal in logmode 
Debug[14:49:30]: "INF(14:49:30.600):RDUM master connected" 
Debug[14:49:30]: log_breakpoint 
Debug[14:49:30]: 5 
Debug[14:49:30]: signal in logmode 
Debug[14:49:30]: "INF(14:49:30.602):Connected to \\.\COM56" 
Debug[14:49:30]: log_breakpoint 
Debug[14:49:30]: 5 
Warning[14:49:30]: Could not parse stylesheet of widget 0x321fa00
Debug[14:49:30]: "Resume:Logs" 
Debug[14:49:30]: "Resume:Settings" 
Debug[14:49:30]: "Resume:UartUartController" 
Debug[14:49:30]: "Resume:UartSpiController" 
Debug[14:49:30]: "Resume:UartSsiController" 
Debug[14:49:30]: "Resume:DSI3Master" 
Debug[14:49:30]: "Resume:ASICMaster" 
Debug[14:49:30]: "Resume:RDUMMaster" 
Debug[14:49:30]: "Resume:DSI3Slave" 
Debug[14:49:30]: "Resume:Measurement" 
Debug[14:49:30]: "Resume:CFARsim" 
Debug[14:56:32]: "Suspend:Settings" 
Debug[14:56:32]: "Suspend:UartUartController" 
Debug[14:56:32]: "Suspend:UartSpiController" 
Debug[14:56:32]: "Suspend:UartSsiController" 
Debug[14:56:32]: "Suspend:DSI3Master" 
Debug[14:56:32]: "Suspend:ASICMaster" 
Debug[14:56:32]: "Suspend:RDUMMaster" 
Debug[14:56:32]: "Suspend:DSI3Slave" 
Debug[14:56:32]: "Suspend:Measurement" 
Debug[14:56:32]: "Suspend:CFARsim" 
Debug[14:56:32]: signal in logmode 
Debug[14:56:32]: "INF(14:56:32.149):Disconnect by user" 
Debug[14:56:32]: log_breakpoint 
Debug[14:56:32]: 5 
Debug[14:56:32]: signal in logmode 
Debug[14:56:32]: "INF(14:56:32.171):Disconnect by user" 
Debug[14:56:32]: log_breakpoint 
Debug[14:56:32]: 5 
Warning[15:10:53]: QObject::connect: Cannot connect LocalServer::log(int,QString) to (null)::slot_addLog(int,QString)
Debug[15:10:53]: LocalServer:new "\\.\pipe\DSI3PAS" 
Debug[15:10:53]: Register specific 
Debug[15:10:54]: DynScaleCaclulate 
Debug[15:10:54]: "init 2 UartUartController" 
Debug[15:10:54]: Ok 
Debug[15:10:54]: "init 3 UartSpiController" 
Debug[15:10:54]: Ok 
Debug[15:10:54]: "init 4 UartSsiController" 
Debug[15:10:54]: Ok 
Debug[15:10:54]: "init 5 DSI3Master" 
Debug[15:10:54]: Ok 
Debug[15:10:54]: "init 6 ASICMaster" 
Debug[15:10:54]: Ok 
Debug[15:10:54]: "init 7 RDUMMaster" 
Debug[15:10:54]: Ok 
Debug[15:10:54]: "init 8 DSI3Slave" 
Debug[15:10:54]: Ok 
Debug[15:10:54]: "init 9 Measurement" 
Debug[15:10:55]: Ok 
Debug[15:10:55]: "init 10 CFARsim" 
Debug[15:10:55]: Ok 
Debug[15:10:55]: MainApp Starting... 
Debug[15:10:56]: Add applets to MainWindow...
 
Debug[15:10:56]: Initialize Connection... 
Debug[15:10:56]: signal in logmode 
Debug[15:10:56]: "INF(15:10:56.635):Mode is OK" 
Debug[15:10:56]: log_breakpoint 
Debug[15:10:56]: 5 
Debug[15:10:56]: signal in logmode 
Debug[15:10:56]: "INF(15:10:56.638):Attempt" 
Debug[15:10:56]: log_breakpoint 
Debug[15:10:56]: 5 
Debug[15:10:56]: signal in logmode 
Debug[15:10:56]: "INF(15:10:56.946):Attempt" 
Debug[15:10:56]: log_breakpoint 
Debug[15:10:56]: 5 
Debug[15:10:57]: signal in logmode 
Debug[15:10:57]: "INF(15:10:57.254):Attempt" 
Debug[15:10:57]: log_breakpoint 
Debug[15:10:57]: 5 
Debug[15:10:57]: signal in logmode 
Debug[15:10:57]: "INF(15:10:57.569):Mode is OK" 
Debug[15:10:57]: log_breakpoint 
Debug[15:10:57]: 5 
Debug[15:10:57]: signal in logmode 
Debug[15:10:57]: "INF(15:10:57.573):Attempt" 
Debug[15:10:57]: log_breakpoint 
Debug[15:10:57]: 5 
Debug[15:10:57]: signal in logmode 
Debug[15:10:57]: "INF(15:10:57.881):Attempt" 
Debug[15:10:57]: log_breakpoint 
Debug[15:10:57]: 5 
Debug[15:10:58]: signal in logmode 
Debug[15:10:58]: "INF(15:10:58.193):Attempt" 
Debug[15:10:58]: log_breakpoint 
Debug[15:10:58]: 5 
Debug[15:10:58]: signal in logmode 
Debug[15:10:58]: "INF(15:10:58.504):Mode is OK" 
Debug[15:10:58]: log_breakpoint 
Debug[15:10:58]: 5 
Debug[15:10:58]: signal in logmode 
Debug[15:10:58]: "INF(15:10:58.510):Attempt" 
Debug[15:10:58]: log_breakpoint 
Debug[15:10:58]: 5 
Debug[15:10:58]: signal in logmode 
Debug[15:10:58]: "INF(15:10:58.665):Mode is OK" 
Debug[15:10:58]: log_breakpoint 
Debug[15:10:58]: 5 
Debug[15:10:58]: signal in logmode 
Debug[15:10:58]: "INF(15:10:58.670):Attempt" 
Debug[15:10:58]: log_breakpoint 
Debug[15:10:58]: 5 
Debug[15:10:58]: signal in logmode 
Debug[15:10:58]: "INF(15:10:58.988):Attempt" 
Debug[15:10:58]: log_breakpoint 
Debug[15:10:58]: 5 
Debug[15:10:59]: signal in logmode 
Debug[15:10:59]: "INF(15:10:59.298):Attempt" 
Debug[15:10:59]: log_breakpoint 
Debug[15:10:59]: 5 
Debug[15:10:59]: signal in logmode 
Debug[15:10:59]: "INF(15:10:59.607):Mode is OK" 
Debug[15:10:59]: log_breakpoint 
Debug[15:10:59]: 5 
Debug[15:10:59]: signal in logmode 
Debug[15:10:59]: "INF(15:10:59.611):Attempt" 
Debug[15:10:59]: log_breakpoint 
Debug[15:10:59]: 5 
Debug[15:10:59]: signal in logmode 
Debug[15:10:59]: "INF(15:10:59.921):Attempt" 
Debug[15:10:59]: log_breakpoint 
Debug[15:10:59]: 5 
Debug[15:11:00]: signal in logmode 
Debug[15:11:00]: "INF(15:11:00.232):Attempt" 
Debug[15:11:00]: log_breakpoint 
Debug[15:11:00]: 5 
Debug[15:11:00]: signal in logmode 
Debug[15:11:00]: "INF(15:11:00.543):Mode is OK" 
Debug[15:11:00]: log_breakpoint 
Debug[15:11:00]: 5 
Debug[15:11:00]: signal in logmode 
Debug[15:11:00]: "INF(15:11:00.548):Attempt" 
Debug[15:11:00]: log_breakpoint 
Debug[15:11:00]: 5 
Debug[15:11:00]: signal in logmode 
Debug[15:11:00]: "INF(15:11:00.855):Attempt" 
Debug[15:11:00]: log_breakpoint 
Debug[15:11:00]: 5 
Debug[15:11:01]: signal in logmode 
Debug[15:11:01]: "INF(15:11:01.168):Attempt" 
Debug[15:11:01]: log_breakpoint 
Debug[15:11:01]: 5 
Debug[15:11:01]: signal in logmode 
Debug[15:11:01]: "INF(15:11:01.482):Mode is OK" 
Debug[15:11:01]: log_breakpoint 
Debug[15:11:01]: 5 
Debug[15:11:01]: signal in logmode 
Debug[15:11:01]: "INF(15:11:01.485):Attempt" 
Debug[15:11:01]: log_breakpoint 
Debug[15:11:01]: 5 
Debug[15:11:01]: signal in logmode 
Debug[15:11:01]: "INF(15:11:01.794):Attempt" 
Debug[15:11:01]: log_breakpoint 
Debug[15:11:01]: 5 
Debug[15:11:02]: signal in logmode 
Debug[15:11:02]: "INF(15:11:02.107):Attempt" 
Debug[15:11:02]: log_breakpoint 
Debug[15:11:02]: 5 
Debug[15:11:05]: signal in logmode 
Debug[15:11:05]: "INF(15:11:05.685):Mode is OK" 
Debug[15:11:05]: log_breakpoint 
Debug[15:11:05]: 5 
Debug[15:11:05]: signal in logmode 
Debug[15:11:05]: "INF(15:11:05.688):Attempt" 
Debug[15:11:05]: log_breakpoint 
Debug[15:11:05]: 5 
Debug[15:11:06]: signal in logmode 
Debug[15:11:06]: "INF(15:11:06.008):Attempt" 
Debug[15:11:06]: log_breakpoint 
Debug[15:11:06]: 5 
Debug[15:11:06]: signal in logmode 
Debug[15:11:06]: "INF(15:11:06.325):Attempt" 
Debug[15:11:06]: log_breakpoint 
Debug[15:11:06]: 5 
Debug[15:11:06]: signal in logmode 
Debug[15:11:06]: "INF(15:11:06.634):Mode is OK" 
Debug[15:11:06]: log_breakpoint 
Debug[15:11:06]: 5 
Debug[15:11:06]: signal in logmode 
Debug[15:11:06]: "INF(15:11:06.638):Attempt" 
Debug[15:11:06]: log_breakpoint 
Debug[15:11:06]: 5 
Debug[15:11:06]: signal in logmode 
Debug[15:11:06]: "INF(15:11:06.947):Attempt" 
Debug[15:11:06]: log_breakpoint 
Debug[15:11:06]: 5 
Debug[15:11:07]: signal in logmode 
Debug[15:11:07]: "INF(15:11:07.257):Attempt" 
Debug[15:11:07]: log_breakpoint 
Debug[15:11:07]: 5 
Debug[15:11:07]: signal in logmode 
Debug[15:11:07]: "INF(15:11:07.568):Mode is OK" 
Debug[15:11:07]: log_breakpoint 
Debug[15:11:07]: 5 
Debug[15:11:07]: signal in logmode 
Debug[15:11:07]: "INF(15:11:07.570):Attempt" 
Debug[15:11:07]: log_breakpoint 
Debug[15:11:07]: 5 
Debug[15:11:07]: signal in logmode 
Debug[15:11:07]: "INF(15:11:07.601):RDUM master connected" 
Debug[15:11:07]: log_breakpoint 
Debug[15:11:07]: 5 
Debug[15:11:07]: signal in logmode 
Debug[15:11:07]: "INF(15:11:07.604):Connected to \\.\COM56" 
Debug[15:11:07]: log_breakpoint 
Debug[15:11:07]: 5 
Warning[15:11:07]: Could not parse stylesheet of widget 0x307ffc0
Debug[15:11:07]: "Resume:Logs" 
Debug[15:11:07]: "Resume:Settings" 
Debug[15:11:07]: "Resume:UartUartController" 
Debug[15:11:07]: "Resume:UartSpiController" 
Debug[15:11:07]: "Resume:UartSsiController" 
Debug[15:11:07]: "Resume:DSI3Master" 
Debug[15:11:07]: "Resume:ASICMaster" 
Debug[15:11:07]: "Resume:RDUMMaster" 
Debug[15:11:07]: "Resume:DSI3Slave" 
Debug[15:11:07]: "Resume:Measurement" 
Debug[15:11:07]: "Resume:CFARsim" 
Debug[15:12:37]: "Suspend:Settings" 
Debug[15:12:37]: "Suspend:UartUartController" 
Debug[15:12:37]: "Suspend:UartSpiController" 
Debug[15:12:37]: "Suspend:UartSsiController" 
Debug[15:12:37]: "Suspend:DSI3Master" 
Debug[15:12:37]: "Suspend:ASICMaster" 
Debug[15:12:37]: "Suspend:RDUMMaster" 
Debug[15:12:37]: "Suspend:DSI3Slave" 
Debug[15:12:37]: "Suspend:Measurement" 
Debug[15:12:37]: "Suspend:CFARsim" 
Debug[15:12:37]: signal in logmode 
Debug[15:12:37]: "INF(15:12:37.394):Disconnect by user" 
Debug[15:12:37]: log_breakpoint 
Debug[15:12:37]: 5 
Debug[15:12:37]: signal in logmode 
Debug[15:12:37]: "INF(15:12:37.553):Disconnect by user" 
Debug[15:12:37]: log_breakpoint 
Debug[15:12:37]: 5 
Warning[15:52:55]: QObject::connect: Cannot connect LocalServer::log(int,QString) to (null)::slot_addLog(int,QString)
Debug[15:52:55]: LocalServer:new "\\.\pipe\DSI3PAS" 
Debug[15:52:55]: Register specific 
Debug[15:52:55]: DynScaleCaclulate 
Debug[15:52:55]: "init 2 UartUartController" 
Debug[15:52:55]: Ok 
Debug[15:52:55]: "init 3 UartSpiController" 
Debug[15:52:55]: Ok 
Debug[15:52:55]: "init 4 UartSsiController" 
Debug[15:52:55]: Ok 
Debug[15:52:55]: "init 5 DSI3Master" 
Debug[15:52:55]: Ok 
Debug[15:52:55]: "init 6 ASICMaster" 
Debug[15:52:55]: Ok 
Debug[15:52:55]: "init 7 RDUMMaster" 
Debug[15:52:55]: Ok 
Debug[15:52:55]: "init 8 DSI3Slave" 
Debug[15:52:56]: Ok 
Debug[15:52:56]: "init 9 Measurement" 
Debug[15:52:57]: Ok 
Debug[15:52:57]: "init 10 CFARsim" 
Debug[15:52:57]: Ok 
Debug[15:52:57]: MainApp Starting... 
Debug[15:52:57]: Add applets to MainWindow...
 
Debug[15:52:57]: Initialize Connection... 
Debug[15:52:58]: signal in logmode 
Debug[15:52:58]: "INF(15:52:58.305):Mode is OK" 
Debug[15:52:58]: log_breakpoint 
Debug[15:52:58]: 5 
Debug[15:52:58]: signal in logmode 
Debug[15:52:58]: "INF(15:52:58.307):Attempt" 
Debug[15:52:58]: log_breakpoint 
Debug[15:52:58]: 5 
Debug[15:52:58]: signal in logmode 
Debug[15:52:58]: "INF(15:52:58.624):Attempt" 
Debug[15:52:58]: log_breakpoint 
Debug[15:52:58]: 5 
Debug[15:52:58]: signal in logmode 
Debug[15:52:58]: "INF(15:52:58.936):Attempt" 
Debug[15:52:58]: log_breakpoint 
Debug[15:52:58]: 5 
Debug[15:52:59]: signal in logmode 
Debug[15:52:59]: "INF(15:52:59.253):Mode is OK" 
Debug[15:52:59]: log_breakpoint 
Debug[15:52:59]: 5 
Debug[15:52:59]: signal in logmode 
Debug[15:52:59]: "INF(15:52:59.256):Attempt" 
Debug[15:52:59]: log_breakpoint 
Debug[15:52:59]: 5 
Debug[15:52:59]: signal in logmode 
Debug[15:52:59]: "INF(15:52:59.566):Attempt" 
Debug[15:52:59]: log_breakpoint 
Debug[15:52:59]: 5 
Debug[15:52:59]: signal in logmode 
Debug[15:52:59]: "INF(15:52:59.875):Attempt" 
Debug[15:52:59]: log_breakpoint 
Debug[15:52:59]: 5 
Debug[15:53:00]: signal in logmode 
Debug[15:53:00]: "INF(15:53:00.190):Mode is OK" 
Debug[15:53:00]: log_breakpoint 
Debug[15:53:00]: 5 
Debug[15:53:00]: signal in logmode 
Debug[15:53:00]: "INF(15:53:00.195):Attempt" 
Debug[15:53:00]: log_breakpoint 
Debug[15:53:00]: 5 
Debug[15:53:00]: signal in logmode 
Debug[15:53:00]: "INF(15:53:00.350):Mode is OK" 
Debug[15:53:00]: log_breakpoint 
Debug[15:53:00]: 5 
Debug[15:53:00]: signal in logmode 
Debug[15:53:00]: "INF(15:53:00.353):Attempt" 
Debug[15:53:00]: log_breakpoint 
Debug[15:53:00]: 5 
Debug[15:53:00]: signal in logmode 
Debug[15:53:00]: "INF(15:53:00.673):Attempt" 
Debug[15:53:00]: log_breakpoint 
Debug[15:53:00]: 5 
Debug[15:53:00]: signal in logmode 
Debug[15:53:00]: "INF(15:53:00.984):Attempt" 
Debug[15:53:00]: log_breakpoint 
Debug[15:53:00]: 5 
Debug[15:53:01]: signal in logmode 
Debug[15:53:01]: "INF(15:53:01.298):Mode is OK" 
Debug[15:53:01]: log_breakpoint 
Debug[15:53:01]: 5 
Debug[15:53:01]: signal in logmode 
Debug[15:53:01]: "INF(15:53:01.306):Attempt" 
Debug[15:53:01]: log_breakpoint 
Debug[15:53:01]: 5 
Debug[15:53:01]: signal in logmode 
Debug[15:53:01]: "INF(15:53:01.627):Attempt" 
Debug[15:53:01]: log_breakpoint 
Debug[15:53:01]: 5 
Debug[15:53:01]: signal in logmode 
Debug[15:53:01]: "INF(15:53:01.940):Attempt" 
Debug[15:53:01]: log_breakpoint 
Debug[15:53:01]: 5 
Debug[15:53:02]: signal in logmode 
Debug[15:53:02]: "INF(15:53:02.257):Mode is OK" 
Debug[15:53:02]: log_breakpoint 
Debug[15:53:02]: 5 
Debug[15:53:02]: signal in logmode 
Debug[15:53:02]: "INF(15:53:02.261):Attempt" 
Debug[15:53:02]: log_breakpoint 
Debug[15:53:02]: 5 
Debug[15:53:02]: signal in logmode 
Debug[15:53:02]: "INF(15:53:02.569):Attempt" 
Debug[15:53:02]: log_breakpoint 
Debug[15:53:02]: 5 
Debug[15:53:02]: signal in logmode 
Debug[15:53:02]: "INF(15:53:02.883):Attempt" 
Debug[15:53:02]: log_breakpoint 
Debug[15:53:02]: 5 
Debug[15:53:03]: signal in logmode 
Debug[15:53:03]: "INF(15:53:03.193):Mode is OK" 
Debug[15:53:03]: log_breakpoint 
Debug[15:53:03]: 5 
Debug[15:53:03]: signal in logmode 
Debug[15:53:03]: "INF(15:53:03.197):Attempt" 
Debug[15:53:03]: log_breakpoint 
Debug[15:53:03]: 5 
Debug[15:53:03]: signal in logmode 
Debug[15:53:03]: "INF(15:53:03.508):Attempt" 
Debug[15:53:03]: log_breakpoint 
Debug[15:53:03]: 5 
Debug[15:53:03]: signal in logmode 
Debug[15:53:03]: "INF(15:53:03.819):Attempt" 
Debug[15:53:03]: log_breakpoint 
Debug[15:53:03]: 5 
Debug[15:53:08]: signal in logmode 
Debug[15:53:08]: "INF(15:53:08.916):Mode is OK" 
Debug[15:53:08]: log_breakpoint 
Debug[15:53:08]: 5 
Debug[15:53:08]: signal in logmode 
Debug[15:53:08]: "INF(15:53:08.918):Attempt" 
Debug[15:53:08]: log_breakpoint 
Debug[15:53:08]: 5 
Debug[15:53:09]: signal in logmode 
Debug[15:53:09]: "INF(15:53:09.235):Attempt" 
Debug[15:53:09]: log_breakpoint 
Debug[15:53:09]: 5 
Debug[15:53:09]: signal in logmode 
Debug[15:53:09]: "INF(15:53:09.556):Attempt" 
Debug[15:53:09]: log_breakpoint 
Debug[15:53:09]: 5 
Debug[15:53:09]: signal in logmode 
Debug[15:53:09]: "INF(15:53:09.874):Mode is OK" 
Debug[15:53:09]: log_breakpoint 
Debug[15:53:09]: 5 
Debug[15:53:09]: signal in logmode 
Debug[15:53:09]: "INF(15:53:09.878):Attempt" 
Debug[15:53:09]: log_breakpoint 
Debug[15:53:09]: 5 
Debug[15:53:10]: signal in logmode 
Debug[15:53:10]: "INF(15:53:10.190):Attempt" 
Debug[15:53:10]: log_breakpoint 
Debug[15:53:10]: 5 
Debug[15:53:10]: signal in logmode 
Debug[15:53:10]: "INF(15:53:10.502):Attempt" 
Debug[15:53:10]: log_breakpoint 
Debug[15:53:10]: 5 
Debug[15:53:10]: signal in logmode 
Debug[15:53:10]: "INF(15:53:10.814):Mode is OK" 
Debug[15:53:10]: log_breakpoint 
Debug[15:53:10]: 5 
Debug[15:53:10]: signal in logmode 
Debug[15:53:10]: "INF(15:53:10.817):Attempt" 
Debug[15:53:10]: log_breakpoint 
Debug[15:53:10]: 5 
Debug[15:53:10]: signal in logmode 
Debug[15:53:10]: "INF(15:53:10.846):RDUM master connected" 
Debug[15:53:10]: log_breakpoint 
Debug[15:53:10]: 5 
Debug[15:53:10]: signal in logmode 
Debug[15:53:10]: "INF(15:53:10.850):Connected to \\.\COM56" 
Debug[15:53:10]: log_breakpoint 
Debug[15:53:10]: 5 
Warning[15:53:10]: Could not parse stylesheet of widget 0x30f0380
Debug[15:53:10]: "Resume:Logs" 
Debug[15:53:10]: "Resume:Settings" 
Debug[15:53:10]: "Resume:UartUartController" 
Debug[15:53:10]: "Resume:UartSpiController" 
Debug[15:53:10]: "Resume:UartSsiController" 
Debug[15:53:10]: "Resume:DSI3Master" 
Debug[15:53:10]: "Resume:ASICMaster" 
Debug[15:53:10]: "Resume:RDUMMaster" 
Debug[15:53:10]: "Resume:DSI3Slave" 
Debug[15:53:10]: "Resume:Measurement" 
Debug[15:53:10]: "Resume:CFARsim" 
Debug[15:56:51]: "Suspend:Settings" 
Debug[15:56:51]: "Suspend:UartUartController" 
Debug[15:56:51]: "Suspend:UartSpiController" 
Debug[15:56:51]: "Suspend:UartSsiController" 
Debug[15:56:51]: "Suspend:DSI3Master" 
Debug[15:56:51]: "Suspend:ASICMaster" 
Debug[15:56:51]: "Suspend:RDUMMaster" 
Debug[15:56:51]: "Suspend:DSI3Slave" 
Debug[15:56:51]: "Suspend:Measurement" 
Debug[15:56:51]: "Suspend:CFARsim" 
Debug[15:56:51]: signal in logmode 
Debug[15:56:51]: "INF(15:56:51.305):Disconnect by user" 
Debug[15:56:51]: log_breakpoint 
Debug[15:56:51]: 5 
Debug[15:56:51]: signal in logmode 
Debug[15:56:51]: "INF(15:56:51.456):Disconnect by user" 
Debug[15:56:51]: log_breakpoint 
Debug[15:56:51]: 5 
Warning[16:32:24]: QObject::connect: Cannot connect LocalServer::log(int,QString) to (null)::slot_addLog(int,QString)
Debug[16:32:24]: LocalServer:new "\\.\pipe\DSI3PAS" 
Debug[16:32:24]: Register specific 
Debug[16:32:24]: DynScaleCaclulate 
Debug[16:32:24]: "init 2 UartUartController" 
Debug[16:32:24]: Ok 
Debug[16:32:24]: "init 3 UartSpiController" 
Debug[16:32:24]: Ok 
Debug[16:32:24]: "init 4 UartSsiController" 
Debug[16:32:24]: Ok 
Debug[16:32:24]: "init 5 DSI3Master" 
Debug[16:32:24]: Ok 
Debug[16:32:24]: "init 6 ASICMaster" 
Debug[16:32:24]: Ok 
Debug[16:32:24]: "init 7 RDUMMaster" 
Debug[16:32:25]: Ok 
Debug[16:32:25]: "init 8 DSI3Slave" 
Debug[16:32:25]: Ok 
Debug[16:32:25]: "init 9 Measurement" 
Debug[16:32:26]: Ok 
Debug[16:32:26]: "init 10 CFARsim" 
Debug[16:32:26]: Ok 
Debug[16:32:26]: MainApp Starting... 
Debug[16:32:27]: Add applets to MainWindow...
 
Debug[16:32:27]: Initialize Connection... 
Debug[16:32:27]: signal in logmode 
Debug[16:32:27]: "INF(16:32:27.560):Mode is OK" 
Debug[16:32:27]: log_breakpoint 
Debug[16:32:27]: 5 
Debug[16:32:27]: signal in logmode 
Debug[16:32:27]: "INF(16:32:27.563):Attempt" 
Debug[16:32:27]: log_breakpoint 
Debug[16:32:27]: 5 
Debug[16:32:27]: signal in logmode 
Debug[16:32:27]: "INF(16:32:27.876):Attempt" 
Debug[16:32:27]: log_breakpoint 
Debug[16:32:27]: 5 
Debug[16:32:28]: signal in logmode 
Debug[16:32:28]: "INF(16:32:28.193):Attempt" 
Debug[16:32:28]: log_breakpoint 
Debug[16:32:28]: 5 
Debug[16:32:28]: signal in logmode 
Debug[16:32:28]: "INF(16:32:28.506):Mode is OK" 
Debug[16:32:28]: log_breakpoint 
Debug[16:32:28]: 5 
Debug[16:32:28]: signal in logmode 
Debug[16:32:28]: "INF(16:32:28.508):Attempt" 
Debug[16:32:28]: log_breakpoint 
Debug[16:32:28]: 5 
Debug[16:32:28]: signal in logmode 
Debug[16:32:28]: "INF(16:32:28.819):Attempt" 
Debug[16:32:28]: log_breakpoint 
Debug[16:32:28]: 5 
Debug[16:32:29]: signal in logmode 
Debug[16:32:29]: "INF(16:32:29.134):Attempt" 
Debug[16:32:29]: log_breakpoint 
Debug[16:32:29]: 5 
Debug[16:32:29]: signal in logmode 
Debug[16:32:29]: "INF(16:32:29.448):Mode is OK" 
Debug[16:32:29]: log_breakpoint 
Debug[16:32:29]: 5 
Debug[16:32:29]: signal in logmode 
Debug[16:32:29]: "INF(16:32:29.451):Attempt" 
Debug[16:32:29]: log_breakpoint 
Debug[16:32:29]: 5 
Debug[16:32:29]: signal in logmode 
Debug[16:32:29]: "INF(16:32:29.608):Mode is OK" 
Debug[16:32:29]: log_breakpoint 
Debug[16:32:29]: 5 
Debug[16:32:29]: signal in logmode 
Debug[16:32:29]: "INF(16:32:29.611):Attempt" 
Debug[16:32:29]: log_breakpoint 
Debug[16:32:29]: 5 
Debug[16:32:29]: signal in logmode 
Debug[16:32:29]: "INF(16:32:29.921):Attempt" 
Debug[16:32:29]: log_breakpoint 
Debug[16:32:29]: 5 
Debug[16:32:30]: signal in logmode 
Debug[16:32:30]: "INF(16:32:30.234):Attempt" 
Debug[16:32:30]: log_breakpoint 
Debug[16:32:30]: 5 
Debug[16:32:30]: signal in logmode 
Debug[16:32:30]: "INF(16:32:30.550):Mode is OK" 
Debug[16:32:30]: log_breakpoint 
Debug[16:32:30]: 5 
Debug[16:32:30]: signal in logmode 
Debug[16:32:30]: "INF(16:32:30.554):Attempt" 
Debug[16:32:30]: log_breakpoint 
Debug[16:32:30]: 5 
Debug[16:32:30]: signal in logmode 
Debug[16:32:30]: "INF(16:32:30.863):Attempt" 
Debug[16:32:30]: log_breakpoint 
Debug[16:32:30]: 5 
Debug[16:32:31]: signal in logmode 
Debug[16:32:31]: "INF(16:32:31.178):Attempt" 
Debug[16:32:31]: log_breakpoint 
Debug[16:32:31]: 5 
Debug[16:32:31]: signal in logmode 
Debug[16:32:31]: "INF(16:32:31.492):Mode is OK" 
Debug[16:32:31]: log_breakpoint 
Debug[16:32:31]: 5 
Debug[16:32:31]: signal in logmode 
Debug[16:32:31]: "INF(16:32:31.495):Attempt" 
Debug[16:32:31]: log_breakpoint 
Debug[16:32:31]: 5 
Debug[16:32:31]: signal in logmode 
Debug[16:32:31]: "INF(16:32:31.810):Attempt" 
Debug[16:32:31]: log_breakpoint 
Debug[16:32:31]: 5 
Debug[16:32:32]: signal in logmode 
Debug[16:32:32]: "INF(16:32:32.122):Attempt" 
Debug[16:32:32]: log_breakpoint 
Debug[16:32:32]: 5 
Debug[16:32:32]: signal in logmode 
Debug[16:32:32]: "INF(16:32:32.434):Mode is OK" 
Debug[16:32:32]: log_breakpoint 
Debug[16:32:32]: 5 
Debug[16:32:32]: signal in logmode 
Debug[16:32:32]: "INF(16:32:32.437):Attempt" 
Debug[16:32:32]: log_breakpoint 
Debug[16:32:32]: 5 
Debug[16:32:32]: signal in logmode 
Debug[16:32:32]: "INF(16:32:32.748):Attempt" 
Debug[16:32:32]: log_breakpoint 
Debug[16:32:32]: 5 
Debug[16:32:33]: signal in logmode 
Debug[16:32:33]: "INF(16:32:33.062):Attempt" 
Debug[16:32:33]: log_breakpoint 
Debug[16:32:33]: 5 
Debug[16:32:36]: signal in logmode 
Debug[16:32:36]: "INF(16:32:36.308):Mode is OK" 
Debug[16:32:36]: log_breakpoint 
Debug[16:32:36]: 5 
Debug[16:32:36]: signal in logmode 
Debug[16:32:36]: "INF(16:32:36.311):Attempt" 
Debug[16:32:36]: log_breakpoint 
Debug[16:32:36]: 5 
Debug[16:32:36]: signal in logmode 
Debug[16:32:36]: "INF(16:32:36.619):Attempt" 
Debug[16:32:36]: log_breakpoint 
Debug[16:32:36]: 5 
Debug[16:32:36]: signal in logmode 
Debug[16:32:36]: "INF(16:32:36.934):Attempt" 
Debug[16:32:36]: log_breakpoint 
Debug[16:32:36]: 5 
Debug[16:32:37]: signal in logmode 
Debug[16:32:37]: "INF(16:32:37.251):Mode is OK" 
Debug[16:32:37]: log_breakpoint 
Debug[16:32:37]: 5 
Debug[16:32:37]: signal in logmode 
Debug[16:32:37]: "INF(16:32:37.256):Attempt" 
Debug[16:32:37]: log_breakpoint 
Debug[16:32:37]: 5 
Debug[16:32:37]: signal in logmode 
Debug[16:32:37]: "INF(16:32:37.561):Attempt" 
Debug[16:32:37]: log_breakpoint 
Debug[16:32:37]: 5 
Debug[16:32:37]: signal in logmode 
Debug[16:32:37]: "INF(16:32:37.874):Attempt" 
Debug[16:32:37]: log_breakpoint 
Debug[16:32:37]: 5 
Debug[16:32:38]: signal in logmode 
Debug[16:32:38]: "INF(16:32:38.186):Mode is OK" 
Debug[16:32:38]: log_breakpoint 
Debug[16:32:38]: 5 
Debug[16:32:38]: signal in logmode 
Debug[16:32:38]: "INF(16:32:38.189):Attempt" 
Debug[16:32:38]: log_breakpoint 
Debug[16:32:38]: 5 
Debug[16:32:38]: signal in logmode 
Debug[16:32:38]: "INF(16:32:38.193):RDUM master connected" 
Debug[16:32:38]: log_breakpoint 
Debug[16:32:38]: 5 
Debug[16:32:38]: signal in logmode 
Debug[16:32:38]: "INF(16:32:38.195):Connected to \\.\COM36" 
Debug[16:32:38]: log_breakpoint 
Debug[16:32:38]: 5 
Warning[16:32:38]: Could not parse stylesheet of widget 0x2efe388
Debug[16:32:38]: "Resume:Logs" 
Debug[16:32:38]: "Resume:Settings" 
Debug[16:32:38]: "Resume:UartUartController" 
Debug[16:32:38]: "Resume:UartSpiController" 
Debug[16:32:38]: "Resume:UartSsiController" 
Debug[16:32:38]: "Resume:DSI3Master" 
Debug[16:32:38]: "Resume:ASICMaster" 
Debug[16:32:38]: "Resume:RDUMMaster" 
Debug[16:32:38]: "Resume:DSI3Slave" 
Debug[16:32:38]: "Resume:Measurement" 
Debug[16:32:38]: "Resume:CFARsim" 
Debug[16:32:42]: "Suspend:Settings" 
Debug[16:32:42]: "Suspend:UartUartController" 
Debug[16:32:42]: "Suspend:UartSpiController" 
Debug[16:32:42]: "Suspend:UartSsiController" 
Debug[16:32:42]: "Suspend:DSI3Master" 
Debug[16:32:42]: "Suspend:ASICMaster" 
Debug[16:32:42]: "Suspend:RDUMMaster" 
Debug[16:32:42]: "Suspend:DSI3Slave" 
Debug[16:32:42]: "Suspend:Measurement" 
Debug[16:32:42]: "Suspend:CFARsim" 
Debug[16:32:42]: signal in logmode 
Debug[16:32:42]: "INF(16:32:42.186):Disconnect by user" 
Debug[16:32:42]: log_breakpoint 
Debug[16:32:42]: 5 
Debug[16:32:42]: signal in logmode 
Debug[16:32:42]: "INF(16:32:42.337):Disconnect by user" 
Debug[16:32:42]: log_breakpoint 
Debug[16:32:42]: 5 
