Warning[13:21:05]: QObject::connect: Cannot connect LocalServer::log(int,QString) to (null)::slot_addLog(int,QString)
Debug[13:21:05]: LocalServer:new "\\.\pipe\DSI3PAS" 
Debug[13:21:05]: Register specific 
Debug[13:21:05]: DynScaleCaclulate 
Debug[13:21:05]: "init 2 UartUartController" 
Debug[13:21:05]: Ok 
Debug[13:21:05]: "init 3 UartSpiController" 
Debug[13:21:05]: Ok 
Debug[13:21:05]: "init 4 UartSsiController" 
Debug[13:21:05]: Ok 
Debug[13:21:05]: "init 5 DSI3Master" 
Debug[13:21:05]: Ok 
Debug[13:21:05]: "init 6 ASICMaster" 
Debug[13:21:05]: Ok 
Debug[13:21:05]: "init 7 RDUMMaster" 
Debug[13:21:05]: Ok 
Debug[13:21:05]: "init 8 DSI3Slave" 
Debug[13:21:06]: Ok 
Debug[13:21:06]: "init 9 Measurement" 
Debug[13:21:06]: Ok 
Debug[13:21:06]: "init 10 CFARsim" 
Debug[13:21:06]: Ok 
Debug[13:21:06]: MainApp Starting... 
Debug[13:21:07]: Add applets to MainWindow...
 
Debug[13:21:07]: Initialize Connection... 
Debug[13:21:07]: signal in logmode 
Debug[13:21:07]: "INF(13:21:07.958):Mode is OK" 
Debug[13:21:07]: log_breakpoint 
Debug[13:21:07]: 5 
Debug[13:21:07]: signal in logmode 
Debug[13:21:07]: "INF(13:21:07.961):Attempt" 
Debug[13:21:07]: log_breakpoint 
Debug[13:21:07]: 5 
Debug[13:21:08]: signal in logmode 
Debug[13:21:08]: "INF(13:21:08.109):Mode is OK" 
Debug[13:21:08]: log_breakpoint 
Debug[13:21:08]: 5 
Debug[13:21:08]: signal in logmode 
Debug[13:21:08]: "INF(13:21:08.112):Attempt" 
Debug[13:21:08]: log_breakpoint 
Debug[13:21:08]: 5 
Debug[13:21:08]: signal in logmode 
Debug[13:21:08]: "INF(13:21:08.416):Attempt" 
Debug[13:21:08]: log_breakpoint 
Debug[13:21:08]: 5 
Debug[13:21:08]: signal in logmode 
Debug[13:21:08]: "INF(13:21:08.727):Attempt" 
Debug[13:21:08]: log_breakpoint 
Debug[13:21:08]: 5 
Debug[13:21:09]: signal in logmode 
Debug[13:21:09]: "INF(13:21:09.038):Mode is OK" 
Debug[13:21:09]: log_breakpoint 
Debug[13:21:09]: 5 
Debug[13:21:09]: signal in logmode 
Debug[13:21:09]: "INF(13:21:09.042):Attempt" 
Debug[13:21:09]: log_breakpoint 
Debug[13:21:09]: 5 
Debug[13:21:09]: signal in logmode 
Debug[13:21:09]: "INF(13:21:09.347):Attempt" 
Debug[13:21:09]: log_breakpoint 
Debug[13:21:09]: 5 
Debug[13:21:09]: signal in logmode 
Debug[13:21:09]: "INF(13:21:09.662):Attempt" 
Debug[13:21:09]: log_breakpoint 
Debug[13:21:09]: 5 
Debug[13:21:09]: signal in logmode 
Debug[13:21:09]: "INF(13:21:09.973):Mode is OK" 
Debug[13:21:09]: log_breakpoint 
Debug[13:21:09]: 5 
Debug[13:21:09]: signal in logmode 
Debug[13:21:09]: "INF(13:21:09.975):Attempt" 
Debug[13:21:09]: log_breakpoint 
Debug[13:21:09]: 5 
Debug[13:21:10]: signal in logmode 
Debug[13:21:10]: "INF(13:21:10.284):Attempt" 
Debug[13:21:10]: log_breakpoint 
Debug[13:21:10]: 5 
Debug[13:21:10]: signal in logmode 
Debug[13:21:10]: "INF(13:21:10.598):Attempt" 
Debug[13:21:10]: log_breakpoint 
Debug[13:21:10]: 5 
Warning[13:21:11]: QFileSystemWatcher: failed to add paths: C:/REPO/DSI3PAS2_workingdir/DSI3PAS2/Software/bin/ULSEverification_configfiles, C:/REPO/DSI3PAS2_workingdir/DSI3PAS2/Software/bin/ConfigFiles_29_1_2021_Jiri_MOBIS, C:/Users/fg6cnq/Desktop/DSI3PAS2_UART_QtSW_20210129_1511, C:/Users/zbdn9w/Desktop/Temp/CFAR QT uprava ToF, C:/Users/zbdn9w/Desktop/Temp/CFAR QT Komprimace do CSV, U:/Dokumenty/MOBIS/Crosstalk 11-2021
Debug[13:21:14]: signal in logmode 
Debug[13:21:14]: "INF(13:21:14.729):Mode is OK" 
Debug[13:21:14]: log_breakpoint 
Debug[13:21:14]: 5 
Debug[13:21:14]: signal in logmode 
Debug[13:21:14]: "INF(13:21:14.732):Attempt" 
Debug[13:21:14]: log_breakpoint 
Debug[13:21:14]: 5 
Debug[13:21:14]: signal in logmode 
Debug[13:21:14]: "INF(13:21:14.740):ASIC master connected" 
Debug[13:21:14]: log_breakpoint 
Debug[13:21:14]: 5 
Debug[13:21:14]: signal in logmode 
Debug[13:21:14]: "INF(13:21:14.743):Connected to \\.\COM56" 
Debug[13:21:14]: log_breakpoint 
Debug[13:21:14]: 5 
Warning[13:21:14]: Could not parse stylesheet of widget 0x3137768
Debug[13:21:14]: "Resume:Logs" 
Debug[13:21:14]: "Resume:Settings" 
Debug[13:21:14]: "Resume:UartUartController" 
Debug[13:21:14]: "Resume:UartSpiController" 
Debug[13:21:14]: "Resume:UartSsiController" 
Debug[13:21:14]: "Resume:DSI3Master" 
Debug[13:21:14]: "Resume:ASICMaster" 
Debug[13:21:14]: "Resume:RDUMMaster" 
Debug[13:21:14]: "Resume:DSI3Slave" 
Debug[13:21:14]: "Resume:Measurement" 
Debug[13:21:14]: "Resume:CFARsim" 
Debug[13:27:50]: "Suspend:Settings" 
Debug[13:27:50]: "Suspend:UartUartController" 
Debug[13:27:50]: "Suspend:UartSpiController" 
Debug[13:27:50]: "Suspend:UartSsiController" 
Debug[13:27:50]: "Suspend:DSI3Master" 
Debug[13:27:50]: "Suspend:ASICMaster" 
Debug[13:27:50]: "Suspend:RDUMMaster" 
Debug[13:27:50]: "Suspend:DSI3Slave" 
Debug[13:27:50]: "Suspend:Measurement" 
Debug[13:27:50]: "Suspend:CFARsim" 
Debug[13:27:50]: signal in logmode 
Debug[13:27:50]: "INF(13:27:50.662):Disconnect by user" 
Debug[13:27:50]: log_breakpoint 
Debug[13:27:50]: 5 
Debug[13:27:50]: signal in logmode 
Debug[13:27:50]: "INF(13:27:50.800):Disconnect by user" 
Debug[13:27:50]: log_breakpoint 
Debug[13:27:50]: 5 
Warning[13:57:23]: QObject::connect: Cannot connect LocalServer::log(int,QString) to (null)::slot_addLog(int,QString)
Debug[13:57:23]: LocalServer:new "\\.\pipe\DSI3PAS" 
Debug[13:57:23]: Register specific 
Debug[13:57:24]: DynScaleCaclulate 
Debug[13:57:24]: "init 2 UartUartController" 
Debug[13:57:24]: Ok 
Debug[13:57:24]: "init 3 UartSpiController" 
Debug[13:57:24]: Ok 
Debug[13:57:24]: "init 4 UartSsiController" 
Debug[13:57:24]: Ok 
Debug[13:57:24]: "init 5 DSI3Master" 
Debug[13:57:24]: Ok 
Debug[13:57:24]: "init 6 ASICMaster" 
Debug[13:57:24]: Ok 
Debug[13:57:24]: "init 7 RDUMMaster" 
Debug[13:57:24]: Ok 
Debug[13:57:24]: "init 8 DSI3Slave" 
Debug[13:57:25]: Ok 
Debug[13:57:25]: "init 9 Measurement" 
Debug[13:57:25]: Ok 
Debug[13:57:25]: "init 10 CFARsim" 
Debug[13:57:25]: Ok 
Debug[13:57:25]: MainApp Starting... 
Debug[13:57:26]: Add applets to MainWindow...
 
Debug[13:57:26]: Initialize Connection... 
Debug[13:57:26]: signal in logmode 
Debug[13:57:26]: "INF(13:57:26.709):Mode is OK" 
Debug[13:57:26]: log_breakpoint 
Debug[13:57:26]: 5 
Debug[13:57:26]: signal in logmode 
Debug[13:57:26]: "INF(13:57:26.713):Attempt" 
Debug[13:57:26]: log_breakpoint 
Debug[13:57:26]: 5 
Debug[13:57:26]: signal in logmode 
Debug[13:57:26]: "INF(13:57:26.863):Mode is OK" 
Debug[13:57:26]: log_breakpoint 
Debug[13:57:26]: 5 
Debug[13:57:26]: signal in logmode 
Debug[13:57:26]: "INF(13:57:26.866):Attempt" 
Debug[13:57:26]: log_breakpoint 
Debug[13:57:26]: 5 
Debug[13:57:27]: signal in logmode 
Debug[13:57:27]: "INF(13:57:27.186):Attempt" 
Debug[13:57:27]: log_breakpoint 
Debug[13:57:27]: 5 
Debug[13:57:27]: signal in logmode 
Debug[13:57:27]: "INF(13:57:27.498):Attempt" 
Debug[13:57:27]: log_breakpoint 
Debug[13:57:27]: 5 
Debug[13:57:27]: signal in logmode 
Debug[13:57:27]: "INF(13:57:27.807):Mode is OK" 
Debug[13:57:27]: log_breakpoint 
Debug[13:57:27]: 5 
Debug[13:57:27]: signal in logmode 
Debug[13:57:27]: "INF(13:57:27.809):Attempt" 
Debug[13:57:27]: log_breakpoint 
Debug[13:57:27]: 5 
Debug[13:57:28]: signal in logmode 
Debug[13:57:28]: "INF(13:57:28.120):Attempt" 
Debug[13:57:28]: log_breakpoint 
Debug[13:57:28]: 5 
Debug[13:57:28]: signal in logmode 
Debug[13:57:28]: "INF(13:57:28.436):Attempt" 
Debug[13:57:28]: log_breakpoint 
Debug[13:57:28]: 5 
Debug[13:57:28]: signal in logmode 
Debug[13:57:28]: "INF(13:57:28.750):Mode is OK" 
Debug[13:57:28]: log_breakpoint 
Debug[13:57:28]: 5 
Debug[13:57:28]: signal in logmode 
Debug[13:57:28]: "INF(13:57:28.753):Attempt" 
Debug[13:57:28]: log_breakpoint 
Debug[13:57:28]: 5 
Debug[13:57:29]: signal in logmode 
Debug[13:57:29]: "INF(13:57:29.061):Attempt" 
Debug[13:57:29]: log_breakpoint 
Debug[13:57:29]: 5 
Debug[13:57:29]: signal in logmode 
Debug[13:57:29]: "INF(13:57:29.370):Attempt" 
Debug[13:57:29]: log_breakpoint 
Debug[13:57:29]: 5 
Warning[13:57:29]: QFileSystemWatcher: failed to add paths: C:/REPO/DSI3PAS2_workingdir/DSI3PAS2/Software/bin/ULSEverification_configfiles, C:/REPO/DSI3PAS2_workingdir/DSI3PAS2/Software/bin/ConfigFiles_29_1_2021_Jiri_MOBIS, C:/Users/fg6cnq/Desktop/DSI3PAS2_UART_QtSW_20210129_1511, C:/Users/zbdn9w/Desktop/Temp/CFAR QT uprava ToF, C:/Users/zbdn9w/Desktop/Temp/CFAR QT Komprimace do CSV, U:/Dokumenty/MOBIS/Crosstalk 11-2021
Debug[13:57:36]: signal in logmode 
Debug[13:57:36]: "INF(13:57:36.134):Mode is OK" 
Debug[13:57:36]: log_breakpoint 
Debug[13:57:36]: 5 
Debug[13:57:36]: signal in logmode 
Debug[13:57:36]: "INF(13:57:36.137):Attempt" 
Debug[13:57:36]: log_breakpoint 
Debug[13:57:36]: 5 
Debug[13:57:36]: signal in logmode 
Debug[13:57:36]: "INF(13:57:36.146):ASIC master connected" 
Debug[13:57:36]: log_breakpoint 
Debug[13:57:36]: 5 
Debug[13:57:36]: signal in logmode 
Debug[13:57:36]: "INF(13:57:36.148):Connected to \\.\COM56" 
Debug[13:57:36]: log_breakpoint 
Debug[13:57:36]: 5 
Warning[13:57:36]: Could not parse stylesheet of widget 0x30671e8
Debug[13:57:36]: "Resume:Logs" 
Debug[13:57:36]: "Resume:Settings" 
Debug[13:57:36]: "Resume:UartUartController" 
Debug[13:57:36]: "Resume:UartSpiController" 
Debug[13:57:36]: "Resume:UartSsiController" 
Debug[13:57:36]: "Resume:DSI3Master" 
Debug[13:57:36]: "Resume:ASICMaster" 
Debug[13:57:36]: "Resume:RDUMMaster" 
Debug[13:57:36]: "Resume:DSI3Slave" 
Debug[13:57:36]: "Resume:Measurement" 
Debug[13:57:36]: "Resume:CFARsim" 
Debug[14:32:18]: "Suspend:Settings" 
Debug[14:32:18]: "Suspend:UartUartController" 
Debug[14:32:18]: "Suspend:UartSpiController" 
Debug[14:32:18]: "Suspend:UartSsiController" 
Debug[14:32:18]: "Suspend:DSI3Master" 
Debug[14:32:18]: "Suspend:ASICMaster" 
Debug[14:32:18]: "Suspend:RDUMMaster" 
Debug[14:32:18]: "Suspend:DSI3Slave" 
Debug[14:32:18]: "Suspend:Measurement" 
Debug[14:32:18]: "Suspend:CFARsim" 
Debug[14:32:18]: signal in logmode 
Debug[14:32:18]: "INF(14:32:18.167):Disconnect by user" 
Debug[14:32:18]: log_breakpoint 
Debug[14:32:18]: 5 
Debug[14:32:18]: signal in logmode 
Debug[14:32:18]: "INF(14:32:18.191):Disconnect by user" 
Debug[14:32:18]: log_breakpoint 
Debug[14:32:18]: 5 
