Warning[09:34:26]: QObject::connect: Cannot connect LocalServer::log(int,QString) to (null)::slot_addLog(int,QString)
Debug[09:34:26]: LocalServer:new "\\.\pipe\DSI3PAS" 
Debug[09:34:26]: Register specific 
Debug[09:34:26]: DynScaleCaclulate 
Debug[09:34:26]: obstacle_colors[ 0 ] =  0 224 224 
Debug[09:34:26]: obstacle_colors[ 1 ] =  224 0 224 
Debug[09:34:26]: obstacle_colors[ 2 ] =  224 224 0 
Debug[09:34:26]: obstacle_colors[ 3 ] =  0 0 224 
Debug[09:34:26]: obstacle_colors[ 4 ] =  0 224 0 
Debug[09:34:26]: obstacle_colors[ 5 ] =  224 0 0 
Debug[09:34:26]: obstacle_colors[ 6 ] =  160 160 160 
Debug[09:34:26]: obstacle_colors[ 7 ] =  0 160 160 
Debug[09:34:26]: obstacle_colors[ 8 ] =  160 0 160 
Debug[09:34:26]: obstacle_colors[ 9 ] =  160 160 0 
Debug[09:34:26]: obstacle_colors[ 10 ] =  0 0 160 
Debug[09:34:26]: obstacle_colors[ 11 ] =  0 160 0 
Debug[09:34:26]: obstacle_colors[ 12 ] =  160 0 0 
Debug[09:34:26]: obstacle_colors[ 13 ] =  96 96 96 
Debug[09:34:26]: obstacle_colors[ 14 ] =  0 96 96 
Debug[09:34:26]: obstacle_colors[ 15 ] =  96 0 96 
Debug[09:34:26]: obstacle_colors[ 16 ] =  96 96 0 
Debug[09:34:26]: obstacle_colors[ 17 ] =  0 0 96 
Debug[09:34:26]: obstacle_colors[ 18 ] =  0 96 0 
Debug[09:34:26]: obstacle_colors[ 19 ] =  96 0 0 
Debug[09:34:26]: obstacle_colors[ 20 ] =  32 32 32 
Debug[09:34:26]: obstacle_colors[ 21 ] =  0 32 32 
Debug[09:34:26]: obstacle_colors[ 22 ] =  32 0 32 
Debug[09:34:26]: obstacle_colors[ 23 ] =  32 32 0 
Debug[09:34:26]: obstacle_colors[ 24 ] =  0 0 32 
Debug[09:34:26]: obstacle_colors[ 25 ] =  0 32 0 
Debug[09:34:26]: obstacle_colors[ 26 ] =  32 0 0 
Debug[09:34:26]: obstacle_colors[ 27 ] =  64 64 64 
Debug[09:34:26]: obstacle_colors[ 28 ] =  0 64 64 
Debug[09:34:26]: obstacle_colors[ 29 ] =  64 0 64 
Debug[09:34:26]: obstacle_colors[ 30 ] =  64 64 0 
Debug[09:34:26]: obstacle_colors[ 31 ] =  0 0 64 
Debug[09:34:26]: obstacle_colors[ 32 ] =  0 64 0 
Debug[09:34:26]: obstacle_colors[ 33 ] =  64 0 0 
Debug[09:34:26]: obstacle_colors[ 34 ] =  192 192 192 
Debug[09:34:26]: obstacle_colors[ 35 ] =  0 192 192 
Debug[09:34:26]: obstacle_colors[ 36 ] =  192 0 192 
Debug[09:34:26]: obstacle_colors[ 37 ] =  192 192 0 
Debug[09:34:26]: obstacle_colors[ 38 ] =  0 0 192 
Debug[09:34:26]: obstacle_colors[ 39 ] =  0 192 0 
Debug[09:34:26]: obstacle_colors[ 40 ] =  192 0 0 
Debug[09:34:26]: obstacle_colors[ 41 ] =  128 128 128 
Debug[09:34:26]: obstacle_colors[ 42 ] =  0 128 128 
Debug[09:34:26]: obstacle_colors[ 43 ] =  128 0 128 
Debug[09:34:26]: obstacle_colors[ 44 ] =  128 128 0 
Debug[09:34:26]: obstacle_colors[ 45 ] =  0 0 128 
Debug[09:34:26]: obstacle_colors[ 46 ] =  0 128 0 
Debug[09:34:26]: obstacle_colors[ 47 ] =  128 0 0 
Debug[09:34:26]: obstacle_colors[ 48 ] =  0 0 0 
Debug[09:34:26]: obstacle_colors[ 49 ] =  0 255 255 
Debug[09:34:26]: obstacle_colors[ 50 ] =  255 0 255 
Debug[09:34:26]: obstacle_colors[ 51 ] =  255 255 0 
Debug[09:34:26]: obstacle_colors[ 52 ] =  0 0 255 
Debug[09:34:26]: obstacle_colors[ 53 ] =  0 255 0 
Debug[09:34:26]: obstacle_colors[ 54 ] =  255 0 0 
Debug[09:34:26]: "init 2 UartUartController" 
Debug[09:34:26]: Ok 
Debug[09:34:26]: "init 3 UartSpiController" 
Debug[09:34:26]: Ok 
Debug[09:34:26]: "init 4 DSI3Master" 
Debug[09:34:26]: Ok 
Debug[09:34:26]: "init 5 ASICMaster" 
Debug[09:34:26]: Ok 
Debug[09:34:26]: "init 6 DSI3Slave" 
Debug[09:34:27]: Ok 
Debug[09:34:27]: "init 7 Measurement" 
Debug[09:34:28]: Ok 
Debug[09:34:28]: "init 8 CFARsim" 
Debug[09:34:28]: Ok 
Debug[09:34:28]: "init 9 Tracking" 
Debug[09:34:28]: Ok 
Debug[09:34:28]: MainApp Starting... 
Debug[09:34:28]: Add applets to MainWindow...
 
Debug[09:34:28]: Initialize Connection... 
Warning[09:34:28]: QFileSystemWatcher: failed to add paths: C:/REPO/DSI3PAS2_workingdir/DSI3PAS2/Software/bin/ULSEverification_configfiles, C:/REPO/DSI3PAS2_workingdir/DSI3PAS2/Software/bin/ConfigFiles_29_1_2021_Jiri_MOBIS, C:/Users/fg6cnq/Desktop/DSI3PAS2_UART_QtSW_20210129_1511, C:/Users/zbdn9w/Desktop/Temp/CFAR QT uprava ToF, C:/Users/zbdn9w/Desktop/Temp/CFAR QT Komprimace do CSV, U:/Dokumenty/MOBIS/Crosstalk 11-2021, S:/DBartos/P516/MOBIS demo comparison dual channel moving complex obstacle
Debug[09:34:31]: signal in logmode 
Debug[09:34:31]: "INF(09:34:31.368):Disconnect by user" 
Debug[09:34:31]: log_breakpoint 
Debug[09:34:31]: 5 
Debug[09:34:31]: signal in logmode 
Debug[09:34:31]: "INF(09:34:31.415):Disconnect by user" 
Debug[09:34:31]: log_breakpoint 
Debug[09:34:31]: 5 
Warning[09:35:34]: QObject::connect: Cannot connect LocalServer::log(int,QString) to (null)::slot_addLog(int,QString)
Debug[09:35:34]: LocalServer:new "\\.\pipe\DSI3PAS" 
Debug[09:35:34]: Register specific 
Debug[09:35:34]: DynScaleCaclulate 
Debug[09:35:34]: "init 2 UartUartController" 
Debug[09:35:34]: Ok 
Debug[09:35:34]: "init 3 UartSpiController" 
Debug[09:35:34]: Ok 
Debug[09:35:34]: "init 4 UartSsiController" 
Debug[09:35:34]: Ok 
Debug[09:35:34]: "init 5 DSI3Master" 
Debug[09:35:34]: Ok 
Debug[09:35:34]: "init 6 ASICMaster" 
Debug[09:35:34]: Ok 
Debug[09:35:34]: "init 7 RDUMMaster" 
Debug[09:35:34]: Ok 
Debug[09:35:34]: "init 8 DSI3Slave" 
Debug[09:35:35]: Ok 
Debug[09:35:35]: "init 9 Measurement" 
Debug[09:35:36]: Ok 
Debug[09:35:36]: "init 10 CFARsim" 
Debug[09:35:36]: Ok 
Debug[09:35:36]: MainApp Starting... 
Debug[09:35:37]: Add applets to MainWindow...
 
Debug[09:35:37]: Initialize Connection... 
Warning[09:35:37]: QFileSystemWatcher: failed to add paths: C:/REPO/DSI3PAS2_workingdir/DSI3PAS2/Software/bin/ULSEverification_configfiles, C:/REPO/DSI3PAS2_workingdir/DSI3PAS2/Software/bin/ConfigFiles_29_1_2021_Jiri_MOBIS, C:/Users/fg6cnq/Desktop/DSI3PAS2_UART_QtSW_20210129_1511, C:/Users/zbdn9w/Desktop/Temp/CFAR QT uprava ToF, C:/Users/zbdn9w/Desktop/Temp/CFAR QT Komprimace do CSV, U:/Dokumenty/MOBIS/Crosstalk 11-2021, S:/DBartos/P516/MOBIS demo comparison dual channel moving complex obstacle
Debug[09:35:40]: Initialize Connection... 
Debug[09:35:41]: signal in logmode 
Debug[09:35:41]: "INF(09:35:41.646):Connected to no_board" 
Debug[09:35:41]: log_breakpoint 
Debug[09:35:41]: 5 
Warning[09:35:41]: Could not parse stylesheet of widget 0x2b766d0
Debug[09:35:41]: "Resume:Logs" 
Debug[09:35:41]: "Resume:Settings" 
Debug[09:35:41]: "Resume:UartUartController" 
Debug[09:35:41]: "Resume:UartSpiController" 
Debug[09:35:41]: "Resume:UartSsiController" 
Debug[09:35:41]: "Resume:DSI3Master" 
Debug[09:35:41]: "Resume:ASICMaster" 
Debug[09:35:41]: "Resume:RDUMMaster" 
Debug[09:35:41]: "Resume:DSI3Slave" 
Debug[09:35:41]: "Resume:Measurement" 
Debug[09:35:41]: "Resume:CFARsim" 
Debug[09:45:15]: "Suspend:Settings" 
Debug[09:45:15]: "Suspend:UartUartController" 
Debug[09:45:15]: "Suspend:UartSpiController" 
Debug[09:45:15]: "Suspend:UartSsiController" 
Debug[09:45:15]: "Suspend:DSI3Master" 
Debug[09:45:15]: "Suspend:ASICMaster" 
Debug[09:45:15]: "Suspend:RDUMMaster" 
Debug[09:45:15]: "Suspend:DSI3Slave" 
Debug[09:45:15]: "Suspend:Measurement" 
Debug[09:45:15]: "Suspend:CFARsim" 
Debug[09:45:15]: signal in logmode 
Debug[09:45:15]: "INF(09:45:15.495):Disconnect by user" 
Debug[09:45:15]: log_breakpoint 
Debug[09:45:15]: 5 
Debug[09:45:15]: signal in logmode 
Debug[09:45:15]: "INF(09:45:15.539):Disconnect by user" 
Debug[09:45:15]: log_breakpoint 
Debug[09:45:15]: 5 
Warning[09:45:23]: QObject::connect: Cannot connect LocalServer::log(int,QString) to (null)::slot_addLog(int,QString)
Debug[09:45:23]: LocalServer:new "\\.\pipe\DSI3PAS" 
Debug[09:45:23]: Register specific 
Debug[09:45:24]: DynScaleCaclulate 
Debug[09:45:24]: "init 2 UartUartController" 
Debug[09:45:24]: Ok 
Debug[09:45:24]: "init 3 UartSpiController" 
Debug[09:45:24]: Ok 
Debug[09:45:24]: "init 4 UartSsiController" 
Debug[09:45:24]: Ok 
Debug[09:45:24]: "init 5 DSI3Master" 
Debug[09:45:24]: Ok 
Debug[09:45:24]: "init 6 ASICMaster" 
Debug[09:45:24]: Ok 
Debug[09:45:24]: "init 7 RDUMMaster" 
Debug[09:45:24]: Ok 
Debug[09:45:24]: "init 8 DSI3Slave" 
Debug[09:45:25]: Ok 
Debug[09:45:25]: "init 9 Measurement" 
Debug[09:45:26]: Ok 
Debug[09:45:26]: "init 10 CFARsim" 
Debug[09:45:26]: Ok 
Debug[09:45:26]: MainApp Starting... 
Debug[09:45:27]: Add applets to MainWindow...
 
Debug[09:45:27]: Initialize Connection... 
Warning[09:45:27]: QFileSystemWatcher: failed to add paths: C:/REPO/DSI3PAS2_workingdir/DSI3PAS2/Software/bin/ULSEverification_configfiles, C:/REPO/DSI3PAS2_workingdir/DSI3PAS2/Software/bin/ConfigFiles_29_1_2021_Jiri_MOBIS, C:/Users/fg6cnq/Desktop/DSI3PAS2_UART_QtSW_20210129_1511, C:/Users/zbdn9w/Desktop/Temp/CFAR QT uprava ToF, C:/Users/zbdn9w/Desktop/Temp/CFAR QT Komprimace do CSV, U:/Dokumenty/MOBIS/Crosstalk 11-2021, S:/DBartos/P516/MOBIS demo comparison dual channel moving complex obstacle
Debug[09:45:45]: Initialize Connection... 
Debug[09:45:45]: signal in logmode 
Debug[09:45:45]: "INF(09:45:45.513):Mode is OK" 
Debug[09:45:45]: log_breakpoint 
Debug[09:45:45]: 5 
Debug[09:45:45]: signal in logmode 
Debug[09:45:45]: "INF(09:45:45.518):Attempt" 
Debug[09:45:45]: log_breakpoint 
Debug[09:45:45]: 5 
Debug[09:45:45]: signal in logmode 
Debug[09:45:45]: "INF(09:45:45.834):Attempt" 
Debug[09:45:45]: log_breakpoint 
Debug[09:45:45]: 5 
Debug[09:45:46]: signal in logmode 
Debug[09:45:46]: "INF(09:45:46.149):Attempt" 
Debug[09:45:46]: log_breakpoint 
Debug[09:45:46]: 5 
Debug[09:45:46]: signal in logmode 
Debug[09:45:46]: "INF(09:45:46.460):Mode is OK" 
Debug[09:45:46]: log_breakpoint 
Debug[09:45:46]: 5 
Debug[09:45:46]: signal in logmode 
Debug[09:45:46]: "INF(09:45:46.465):Attempt" 
Debug[09:45:46]: log_breakpoint 
Debug[09:45:46]: 5 
Debug[09:45:46]: signal in logmode 
Debug[09:45:46]: "INF(09:45:46.786):Attempt" 
Debug[09:45:46]: log_breakpoint 
Debug[09:45:46]: 5 
Debug[09:45:47]: signal in logmode 
Debug[09:45:47]: "INF(09:45:47.107):Attempt" 
Debug[09:45:47]: log_breakpoint 
Debug[09:45:47]: 5 
Debug[09:45:47]: signal in logmode 
Debug[09:45:47]: "INF(09:45:47.429):Mode is OK" 
Debug[09:45:47]: log_breakpoint 
Debug[09:45:47]: 5 
Debug[09:45:47]: signal in logmode 
Debug[09:45:47]: "INF(09:45:47.437):Attempt" 
Debug[09:45:47]: log_breakpoint 
Debug[09:45:47]: 5 
Debug[09:45:47]: signal in logmode 
Debug[09:45:47]: "INF(09:45:47.590):Mode is OK" 
Debug[09:45:47]: log_breakpoint 
Debug[09:45:47]: 5 
Debug[09:45:47]: signal in logmode 
Debug[09:45:47]: "INF(09:45:47.595):Attempt" 
Debug[09:45:47]: log_breakpoint 
Debug[09:45:47]: 5 
Debug[09:45:47]: signal in logmode 
Debug[09:45:47]: "INF(09:45:47.914):Attempt" 
Debug[09:45:47]: log_breakpoint 
Debug[09:45:47]: 5 
Debug[09:45:48]: signal in logmode 
Debug[09:45:48]: "INF(09:45:48.227):Attempt" 
Debug[09:45:48]: log_breakpoint 
Debug[09:45:48]: 5 
Debug[09:45:48]: signal in logmode 
Debug[09:45:48]: "INF(09:45:48.536):Mode is OK" 
Debug[09:45:48]: log_breakpoint 
Debug[09:45:48]: 5 
Debug[09:45:48]: signal in logmode 
Debug[09:45:48]: "INF(09:45:48.540):Attempt" 
Debug[09:45:48]: log_breakpoint 
Debug[09:45:48]: 5 
Debug[09:45:48]: signal in logmode 
Debug[09:45:48]: "INF(09:45:48.851):Attempt" 
Debug[09:45:48]: log_breakpoint 
Debug[09:45:48]: 5 
Debug[09:45:49]: signal in logmode 
Debug[09:45:49]: "INF(09:45:49.162):Attempt" 
Debug[09:45:49]: log_breakpoint 
Debug[09:45:49]: 5 
Debug[09:45:49]: signal in logmode 
Debug[09:45:49]: "INF(09:45:49.473):Mode is OK" 
Debug[09:45:49]: log_breakpoint 
Debug[09:45:49]: 5 
Debug[09:45:49]: signal in logmode 
Debug[09:45:49]: "INF(09:45:49.478):Attempt" 
Debug[09:45:49]: log_breakpoint 
Debug[09:45:49]: 5 
Debug[09:45:49]: signal in logmode 
Debug[09:45:49]: "INF(09:45:49.802):Attempt" 
Debug[09:45:49]: log_breakpoint 
Debug[09:45:49]: 5 
Debug[09:45:50]: signal in logmode 
Debug[09:45:50]: "INF(09:45:50.120):Attempt" 
Debug[09:45:50]: log_breakpoint 
Debug[09:45:50]: 5 
Debug[09:45:51]: signal in logmode 
Debug[09:45:51]: "INF(09:45:51.142):Mode is OK" 
Debug[09:45:51]: log_breakpoint 
Debug[09:45:51]: 5 
Debug[09:45:51]: signal in logmode 
Debug[09:45:51]: "INF(09:45:51.147):Attempt" 
Debug[09:45:51]: log_breakpoint 
Debug[09:45:51]: 5 
Debug[09:45:51]: signal in logmode 
Debug[09:45:51]: "INF(09:45:51.455):Attempt" 
Debug[09:45:51]: log_breakpoint 
Debug[09:45:51]: 5 
Debug[09:45:51]: signal in logmode 
Debug[09:45:51]: "INF(09:45:51.768):Attempt" 
Debug[09:45:51]: log_breakpoint 
Debug[09:45:51]: 5 
Debug[09:45:52]: signal in logmode 
Debug[09:45:52]: "INF(09:45:52.080):Mode is OK" 
Debug[09:45:52]: log_breakpoint 
Debug[09:45:52]: 5 
Debug[09:45:52]: signal in logmode 
Debug[09:45:52]: "INF(09:45:52.087):Attempt" 
Debug[09:45:52]: log_breakpoint 
Debug[09:45:52]: 5 
Debug[09:45:52]: signal in logmode 
Debug[09:45:52]: "INF(09:45:52.410):Attempt" 
Debug[09:45:52]: log_breakpoint 
Debug[09:45:52]: 5 
Debug[09:45:52]: signal in logmode 
Debug[09:45:52]: "INF(09:45:52.724):Attempt" 
Debug[09:45:52]: log_breakpoint 
Debug[09:45:52]: 5 
Debug[09:45:53]: signal in logmode 
Debug[09:45:53]: "INF(09:45:53.033):Mode is OK" 
Debug[09:45:53]: log_breakpoint 
Debug[09:45:53]: 5 
Debug[09:45:53]: signal in logmode 
Debug[09:45:53]: "INF(09:45:53.039):Attempt" 
Debug[09:45:53]: log_breakpoint 
Debug[09:45:53]: 5 
Debug[09:45:53]: signal in logmode 
Debug[09:45:53]: "INF(09:45:53.060):RDUM master connected" 
Debug[09:45:53]: log_breakpoint 
Debug[09:45:53]: 5 
Debug[09:45:53]: signal in logmode 
Debug[09:45:53]: "INF(09:45:53.067):Connected to \\.\COM16" 
Debug[09:45:53]: log_breakpoint 
Debug[09:45:53]: 5 
Warning[09:45:53]: Could not parse stylesheet of widget 0x2e54440
Debug[09:45:53]: "Resume:Logs" 
Debug[09:45:53]: "Resume:Settings" 
Debug[09:45:53]: "Resume:UartUartController" 
Debug[09:45:53]: "Resume:UartSpiController" 
Debug[09:45:53]: "Resume:UartSsiController" 
Debug[09:45:53]: "Resume:DSI3Master" 
Debug[09:45:53]: "Resume:ASICMaster" 
Debug[09:45:53]: "Resume:RDUMMaster" 
Debug[09:45:53]: "Resume:DSI3Slave" 
Debug[09:45:53]: "Resume:Measurement" 
Debug[09:45:53]: "Resume:CFARsim" 
Debug[09:56:59]: "Suspend:Settings" 
Debug[09:56:59]: "Suspend:UartUartController" 
Debug[09:56:59]: "Suspend:UartSpiController" 
Debug[09:56:59]: "Suspend:UartSsiController" 
Debug[09:56:59]: "Suspend:DSI3Master" 
Debug[09:56:59]: "Suspend:ASICMaster" 
Debug[09:56:59]: "Suspend:RDUMMaster" 
Debug[09:56:59]: "Suspend:DSI3Slave" 
Debug[09:56:59]: "Suspend:Measurement" 
Debug[09:56:59]: "Suspend:CFARsim" 
Debug[09:56:59]: signal in logmode 
Debug[09:56:59]: "INF(09:56:59.634):Disconnect by user" 
Debug[09:56:59]: log_breakpoint 
Debug[09:56:59]: 5 
Debug[09:56:59]: signal in logmode 
Debug[09:56:59]: "INF(09:56:59.786):Disconnect by user" 
Debug[09:56:59]: log_breakpoint 
Debug[09:56:59]: 5 
Warning[09:57:11]: QObject::connect: Cannot connect LocalServer::log(int,QString) to (null)::slot_addLog(int,QString)
Debug[09:57:11]: LocalServer:new "\\.\pipe\DSI3PAS" 
Debug[09:57:11]: Register specific 
Debug[09:57:12]: DynScaleCaclulate 
Debug[09:57:12]: "init 2 UartUartController" 
Debug[09:57:12]: Ok 
Debug[09:57:12]: "init 3 UartSpiController" 
Debug[09:57:12]: Ok 
Debug[09:57:12]: "init 4 UartSsiController" 
Debug[09:57:12]: Ok 
Debug[09:57:12]: "init 5 DSI3Master" 
Debug[09:57:12]: Ok 
Debug[09:57:12]: "init 6 ASICMaster" 
Debug[09:57:12]: Ok 
Debug[09:57:12]: "init 7 RDUMMaster" 
Debug[09:57:12]: Ok 
Debug[09:57:12]: "init 8 DSI3Slave" 
Debug[09:57:13]: Ok 
Debug[09:57:13]: "init 9 Measurement" 
Debug[09:57:13]: Ok 
Debug[09:57:13]: "init 10 CFARsim" 
Debug[09:57:13]: Ok 
Debug[09:57:13]: MainApp Starting... 
Debug[09:57:14]: Add applets to MainWindow...
 
Debug[09:57:14]: Initialize Connection... 
Debug[09:57:15]: signal in logmode 
Debug[09:57:15]: "INF(09:57:15.066):Mode is OK" 
Debug[09:57:15]: log_breakpoint 
Debug[09:57:15]: 5 
Debug[09:57:15]: signal in logmode 
Debug[09:57:15]: "INF(09:57:15.071):Attempt" 
Debug[09:57:15]: log_breakpoint 
Debug[09:57:15]: 5 
Debug[09:57:15]: signal in logmode 
Debug[09:57:15]: "INF(09:57:15.390):Attempt" 
Debug[09:57:15]: log_breakpoint 
Debug[09:57:15]: 5 
Debug[09:57:15]: signal in logmode 
Debug[09:57:15]: "INF(09:57:15.701):Attempt" 
Debug[09:57:15]: log_breakpoint 
Debug[09:57:15]: 5 
Debug[09:57:16]: signal in logmode 
Debug[09:57:16]: "INF(09:57:16.016):Mode is OK" 
Debug[09:57:16]: log_breakpoint 
Debug[09:57:16]: 5 
Debug[09:57:16]: signal in logmode 
Debug[09:57:16]: "INF(09:57:16.022):Attempt" 
Debug[09:57:16]: log_breakpoint 
Debug[09:57:16]: 5 
Debug[09:57:16]: signal in logmode 
Debug[09:57:16]: "INF(09:57:16.328):Attempt" 
Debug[09:57:16]: log_breakpoint 
Debug[09:57:16]: 5 
Debug[09:57:16]: signal in logmode 
Debug[09:57:16]: "INF(09:57:16.639):Attempt" 
Debug[09:57:16]: log_breakpoint 
Debug[09:57:16]: 5 
Debug[09:57:16]: signal in logmode 
Debug[09:57:16]: "INF(09:57:16.954):Mode is OK" 
Debug[09:57:16]: log_breakpoint 
Debug[09:57:16]: 5 
Debug[09:57:16]: signal in logmode 
Debug[09:57:16]: "INF(09:57:16.959):Attempt" 
Debug[09:57:16]: log_breakpoint 
Debug[09:57:16]: 5 
Debug[09:57:17]: signal in logmode 
Debug[09:57:17]: "INF(09:57:17.114):Mode is OK" 
Debug[09:57:17]: log_breakpoint 
Debug[09:57:17]: 5 
Debug[09:57:17]: signal in logmode 
Debug[09:57:17]: "INF(09:57:17.119):Attempt" 
Debug[09:57:17]: log_breakpoint 
Debug[09:57:17]: 5 
Debug[09:57:17]: signal in logmode 
Debug[09:57:17]: "INF(09:57:17.441):Attempt" 
Debug[09:57:17]: log_breakpoint 
Debug[09:57:17]: 5 
Debug[09:57:17]: signal in logmode 
Debug[09:57:17]: "INF(09:57:17.751):Attempt" 
Debug[09:57:17]: log_breakpoint 
Debug[09:57:17]: 5 
Debug[09:57:18]: signal in logmode 
Debug[09:57:18]: "INF(09:57:18.066):Mode is OK" 
Debug[09:57:18]: log_breakpoint 
Debug[09:57:18]: 5 
Debug[09:57:18]: signal in logmode 
Debug[09:57:18]: "INF(09:57:18.072):Attempt" 
Debug[09:57:18]: log_breakpoint 
Debug[09:57:18]: 5 
Debug[09:57:18]: signal in logmode 
Debug[09:57:18]: "INF(09:57:18.378):Attempt" 
Debug[09:57:18]: log_breakpoint 
Debug[09:57:18]: 5 
Debug[09:57:18]: signal in logmode 
Debug[09:57:18]: "INF(09:57:18.691):Attempt" 
Debug[09:57:18]: log_breakpoint 
Debug[09:57:18]: 5 
Debug[09:57:19]: signal in logmode 
Debug[09:57:19]: "INF(09:57:19.003):Mode is OK" 
Debug[09:57:19]: log_breakpoint 
Debug[09:57:19]: 5 
Debug[09:57:19]: signal in logmode 
Debug[09:57:19]: "INF(09:57:19.009):Attempt" 
Debug[09:57:19]: log_breakpoint 
Debug[09:57:19]: 5 
Debug[09:57:19]: signal in logmode 
Debug[09:57:19]: "INF(09:57:19.330):Attempt" 
Debug[09:57:19]: log_breakpoint 
Debug[09:57:19]: 5 
Debug[09:57:19]: signal in logmode 
Debug[09:57:19]: "INF(09:57:19.643):Attempt" 
Debug[09:57:19]: log_breakpoint 
Debug[09:57:19]: 5 
Warning[09:57:20]: QFileSystemWatcher: failed to add paths: C:/REPO/DSI3PAS2_workingdir/DSI3PAS2/Software/bin/ULSEverification_configfiles, C:/REPO/DSI3PAS2_workingdir/DSI3PAS2/Software/bin/ConfigFiles_29_1_2021_Jiri_MOBIS, C:/Users/fg6cnq/Desktop/DSI3PAS2_UART_QtSW_20210129_1511, C:/Users/zbdn9w/Desktop/Temp/CFAR QT uprava ToF, C:/Users/zbdn9w/Desktop/Temp/CFAR QT Komprimace do CSV, U:/Dokumenty/MOBIS/Crosstalk 11-2021, S:/DBartos/P516/MOBIS demo comparison dual channel moving complex obstacle
Debug[09:57:21]: signal in logmode 
Debug[09:57:21]: "INF(09:57:21.443):Mode is OK" 
Debug[09:57:21]: log_breakpoint 
Debug[09:57:21]: 5 
Debug[09:57:21]: signal in logmode 
Debug[09:57:21]: "INF(09:57:21.448):Attempt" 
Debug[09:57:21]: log_breakpoint 
Debug[09:57:21]: 5 
Debug[09:57:21]: signal in logmode 
Debug[09:57:21]: "INF(09:57:21.765):Attempt" 
Debug[09:57:21]: log_breakpoint 
Debug[09:57:21]: 5 
Debug[09:57:22]: signal in logmode 
Debug[09:57:22]: "INF(09:57:22.088):Attempt" 
Debug[09:57:22]: log_breakpoint 
Debug[09:57:22]: 5 
Debug[09:57:22]: signal in logmode 
Debug[09:57:22]: "INF(09:57:22.400):Mode is OK" 
Debug[09:57:22]: log_breakpoint 
Debug[09:57:22]: 5 
Debug[09:57:22]: signal in logmode 
Debug[09:57:22]: "INF(09:57:22.405):Attempt" 
Debug[09:57:22]: log_breakpoint 
Debug[09:57:22]: 5 
Debug[09:57:22]: signal in logmode 
Debug[09:57:22]: "INF(09:57:22.727):Attempt" 
Debug[09:57:22]: log_breakpoint 
Debug[09:57:22]: 5 
Debug[09:57:23]: signal in logmode 
Debug[09:57:23]: "INF(09:57:23.040):Attempt" 
Debug[09:57:23]: log_breakpoint 
Debug[09:57:23]: 5 
Debug[09:57:23]: signal in logmode 
Debug[09:57:23]: "INF(09:57:23.351):Mode is OK" 
Debug[09:57:23]: log_breakpoint 
Debug[09:57:23]: 5 
Debug[09:57:23]: signal in logmode 
Debug[09:57:23]: "INF(09:57:23.356):Attempt" 
Debug[09:57:23]: log_breakpoint 
Debug[09:57:23]: 5 
Debug[09:57:23]: signal in logmode 
Debug[09:57:23]: "INF(09:57:23.384):RDUM master connected" 
Debug[09:57:23]: log_breakpoint 
Debug[09:57:23]: 5 
Debug[09:57:23]: signal in logmode 
Debug[09:57:23]: "INF(09:57:23.392):Connected to \\.\COM16" 
Debug[09:57:23]: log_breakpoint 
Debug[09:57:23]: 5 
Warning[09:57:23]: Could not parse stylesheet of widget 0x2f941e0
Debug[09:57:23]: "Resume:Logs" 
Debug[09:57:23]: "Resume:Settings" 
Debug[09:57:23]: "Resume:UartUartController" 
Debug[09:57:23]: "Resume:UartSpiController" 
Debug[09:57:23]: "Resume:UartSsiController" 
Debug[09:57:23]: "Resume:DSI3Master" 
Debug[09:57:23]: "Resume:ASICMaster" 
Debug[09:57:23]: "Resume:RDUMMaster" 
Debug[09:57:23]: "Resume:DSI3Slave" 
Debug[09:57:23]: "Resume:Measurement" 
Debug[09:57:23]: "Resume:CFARsim" 
Debug[10:09:22]: signal in logmode 
Debug[10:09:22]: "RX_ERR(+718s):RX Data without end char" 
Debug[10:09:22]: log_breakpoint 
Debug[10:09:22]: 5 
Debug[10:09:22]: signal in logmode 
Debug[10:09:22]: "UART-UART RX(+1ms):No end char:0106" 
Debug[10:09:22]: log_breakpoint 
Debug[10:09:22]: 5 
Debug[10:09:23]: signal in logmode 
Debug[10:09:23]: "RX_ERR(+800ms):RX Data without end char" 
Debug[10:09:23]: log_breakpoint 
Debug[10:09:23]: 5 
Debug[10:09:23]: signal in logmode 
Debug[10:09:23]: "UART-UART RX(+1ms):No end char:" 
Debug[10:09:23]: log_breakpoint 
Debug[10:09:23]: 5 
Debug[10:09:23]: signal in logmode 
Debug[10:09:23]: "RX_ERR(+815ms):RX Data without end char" 
Debug[10:09:23]: log_breakpoint 
Debug[10:09:23]: 5 
Debug[10:09:23]: signal in logmode 
Debug[10:09:23]: "UART-UART RX(+0ms):No end char:" 
Debug[10:09:23]: log_breakpoint 
Debug[10:09:23]: 5 
Debug[10:09:24]: signal in logmode 
Debug[10:09:24]: "RX_ERR(+801ms):RX Data without end char" 
Debug[10:09:24]: log_breakpoint 
Debug[10:09:24]: 5 
Debug[10:09:24]: signal in logmode 
Debug[10:09:24]: "UART-UART RX(+1ms):No end char:" 
Debug[10:09:24]: log_breakpoint 
Debug[10:09:24]: 5 
Debug[10:09:25]: signal in logmode 
Debug[10:09:25]: "RX_ERR(+801ms):RX Data without end char" 
Debug[10:09:25]: log_breakpoint 
Debug[10:09:25]: 5 
Debug[10:09:25]: signal in logmode 
Debug[10:09:25]: "UART-UART RX(+0ms):No end char:" 
Debug[10:09:25]: log_breakpoint 
Debug[10:09:25]: 5 
Debug[10:09:26]: signal in logmode 
Debug[10:09:26]: "RX_ERR(+801ms):RX Data without end char" 
Debug[10:09:26]: log_breakpoint 
Debug[10:09:26]: 5 
Debug[10:09:26]: signal in logmode 
Debug[10:09:26]: "UART-UART RX(+1ms):No end char:" 
Debug[10:09:26]: log_breakpoint 
Debug[10:09:26]: 5 
Debug[10:09:27]: signal in logmode 
Debug[10:09:27]: "RX_ERR(+801ms):RX Data without end char" 
Debug[10:09:27]: log_breakpoint 
Debug[10:09:27]: 5 
Debug[10:09:27]: signal in logmode 
Debug[10:09:27]: "UART-UART RX(+1ms):No end char:" 
Debug[10:09:27]: log_breakpoint 
Debug[10:09:27]: 5 
Debug[10:09:27]: signal in logmode 
Debug[10:09:27]: "RX_ERR(+800ms):RX Data without end char" 
Debug[10:09:27]: log_breakpoint 
Debug[10:09:27]: 5 
Debug[10:09:27]: signal in logmode 
Debug[10:09:27]: "UART-UART RX(+1ms):No end char:" 
Debug[10:09:27]: log_breakpoint 
Debug[10:09:27]: 5 
Debug[10:09:28]: signal in logmode 
Debug[10:09:28]: "RX_ERR(+800ms):RX Data without end char" 
Debug[10:09:28]: log_breakpoint 
Debug[10:09:28]: 5 
Debug[10:09:28]: signal in logmode 
Debug[10:09:28]: "UART-UART RX(+1ms):No end char:" 
Debug[10:09:28]: log_breakpoint 
Debug[10:09:28]: 5 
Debug[10:09:29]: signal in logmode 
Debug[10:09:29]: "RX_ERR(+801ms):RX Data without end char" 
Debug[10:09:29]: log_breakpoint 
Debug[10:09:29]: 5 
Debug[10:09:29]: signal in logmode 
Debug[10:09:29]: "UART-UART RX(+1ms):No end char:" 
Debug[10:09:29]: log_breakpoint 
Debug[10:09:29]: 5 
Debug[10:09:30]: signal in logmode 
Debug[10:09:30]: "RX_ERR(+801ms):RX Data without end char" 
Debug[10:09:30]: log_breakpoint 
Debug[10:09:30]: 5 
Debug[10:09:30]: signal in logmode 
Debug[10:09:30]: "UART-UART RX(+0ms):No end char:" 
Debug[10:09:30]: log_breakpoint 
Debug[10:09:30]: 5 
Debug[10:09:35]: signal in logmode 
Debug[10:09:35]: "RX_ERR(+5s):RX Data without end char" 
Debug[10:09:35]: log_breakpoint 
Debug[10:09:35]: 5 
Debug[10:09:35]: signal in logmode 
Debug[10:09:35]: "UART-UART RX(+1ms):No end char:" 
Debug[10:09:35]: log_breakpoint 
Debug[10:09:35]: 5 
Debug[10:09:36]: signal in logmode 
Debug[10:09:36]: "RX_ERR(+801ms):RX Data without end char" 
Debug[10:09:36]: log_breakpoint 
Debug[10:09:36]: 5 
Debug[10:09:36]: signal in logmode 
Debug[10:09:36]: "UART-UART RX(+1ms):No end char:" 
Debug[10:09:36]: log_breakpoint 
Debug[10:09:36]: 5 
Debug[10:09:37]: signal in logmode 
Debug[10:09:37]: "RX_ERR(+801ms):RX Data without end char" 
Debug[10:09:37]: log_breakpoint 
Debug[10:09:37]: 5 
Debug[10:09:37]: signal in logmode 
Debug[10:09:37]: "UART-UART RX(+1ms):No end char:" 
Debug[10:09:37]: log_breakpoint 
Debug[10:09:37]: 5 
Debug[10:09:38]: signal in logmode 
Debug[10:09:38]: "RX_ERR(+800ms):RX Data without end char" 
Debug[10:09:38]: log_breakpoint 
Debug[10:09:38]: 5 
Debug[10:09:38]: signal in logmode 
Debug[10:09:38]: "UART-UART RX(+1ms):No end char:" 
Debug[10:09:38]: log_breakpoint 
Debug[10:09:38]: 5 
Debug[10:09:39]: signal in logmode 
Debug[10:09:39]: "RX_ERR(+801ms):RX Data without end char" 
Debug[10:09:39]: log_breakpoint 
Debug[10:09:39]: 5 
Debug[10:09:39]: signal in logmode 
Debug[10:09:39]: "UART-UART RX(+1ms):No end char:" 
Debug[10:09:39]: log_breakpoint 
Debug[10:09:39]: 5 
Debug[10:09:39]: signal in logmode 
Debug[10:09:39]: "RX_ERR(+800ms):RX Data without end char" 
Debug[10:09:39]: log_breakpoint 
Debug[10:09:39]: 5 
Debug[10:09:39]: signal in logmode 
Debug[10:09:39]: "UART-UART RX(+0ms):No end char:" 
Debug[10:09:39]: log_breakpoint 
Debug[10:09:39]: 5 
Debug[10:09:40]: signal in logmode 
Debug[10:09:40]: "RX_ERR(+800ms):RX Data without end char" 
Debug[10:09:40]: log_breakpoint 
Debug[10:09:40]: 5 
Debug[10:09:40]: signal in logmode 
Debug[10:09:40]: "UART-UART RX(+1ms):No end char:" 
Debug[10:09:40]: log_breakpoint 
Debug[10:09:40]: 5 
Debug[10:09:41]: signal in logmode 
Debug[10:09:41]: "RX_ERR(+801ms):RX Data without end char" 
Debug[10:09:41]: log_breakpoint 
Debug[10:09:41]: 5 
Debug[10:09:41]: signal in logmode 
Debug[10:09:41]: "UART-UART RX(+1ms):No end char:" 
Debug[10:09:41]: log_breakpoint 
Debug[10:09:41]: 5 
Debug[10:09:42]: signal in logmode 
Debug[10:09:42]: "RX_ERR(+801ms):RX Data without end char" 
Debug[10:09:42]: log_breakpoint 
Debug[10:09:42]: 5 
Debug[10:09:42]: signal in logmode 
Debug[10:09:42]: "UART-UART RX(+1ms):No end char:" 
Debug[10:09:42]: log_breakpoint 
Debug[10:09:42]: 5 
Debug[10:09:45]: signal in logmode 
Debug[10:09:45]: "RX_ERR(+3s):RX Data without end char" 
Debug[10:09:45]: log_breakpoint 
Debug[10:09:45]: 5 
Debug[10:09:45]: signal in logmode 
Debug[10:09:45]: "UART-UART RX(+0ms):No end char:" 
Debug[10:09:45]: log_breakpoint 
Debug[10:09:45]: 5 
Debug[10:09:46]: signal in logmode 
Debug[10:09:46]: "RX_ERR(+801ms):RX Data without end char" 
Debug[10:09:46]: log_breakpoint 
Debug[10:09:46]: 5 
Debug[10:09:46]: signal in logmode 
Debug[10:09:46]: "UART-UART RX(+0ms):No end char:" 
Debug[10:09:46]: log_breakpoint 
Debug[10:09:46]: 5 
Debug[10:09:47]: signal in logmode 
Debug[10:09:47]: "RX_ERR(+801ms):RX Data without end char" 
Debug[10:09:47]: log_breakpoint 
Debug[10:09:47]: 5 
Debug[10:09:47]: signal in logmode 
Debug[10:09:47]: "UART-UART RX(+0ms):No end char:" 
Debug[10:09:47]: log_breakpoint 
Debug[10:09:47]: 5 
Debug[10:09:48]: signal in logmode 
Debug[10:09:48]: "RX_ERR(+801ms):RX Data without end char" 
Debug[10:09:48]: log_breakpoint 
Debug[10:09:48]: 5 
Debug[10:09:48]: signal in logmode 
Debug[10:09:48]: "UART-UART RX(+0ms):No end char:" 
Debug[10:09:48]: log_breakpoint 
Debug[10:09:48]: 5 
Debug[10:09:49]: signal in logmode 
Debug[10:09:49]: "RX_ERR(+801ms):RX Data without end char" 
Debug[10:09:49]: log_breakpoint 
Debug[10:09:49]: 5 
Debug[10:09:49]: signal in logmode 
Debug[10:09:49]: "UART-UART RX(+1ms):No end char:" 
Debug[10:09:49]: log_breakpoint 
Debug[10:09:49]: 5 
Debug[10:09:49]: signal in logmode 
Debug[10:09:49]: "RX_ERR(+801ms):RX Data without end char" 
Debug[10:09:49]: log_breakpoint 
Debug[10:09:49]: 5 
Debug[10:09:49]: signal in logmode 
Debug[10:09:49]: "UART-UART RX(+0ms):No end char:" 
Debug[10:09:49]: log_breakpoint 
Debug[10:09:49]: 5 
Debug[10:09:50]: signal in logmode 
Debug[10:09:50]: "RX_ERR(+801ms):RX Data without end char" 
Debug[10:09:50]: log_breakpoint 
Debug[10:09:50]: 5 
Debug[10:09:50]: signal in logmode 
Debug[10:09:50]: "UART-UART RX(+1ms):No end char:" 
Debug[10:09:50]: log_breakpoint 
Debug[10:09:50]: 5 
Debug[10:09:51]: signal in logmode 
Debug[10:09:51]: "RX_ERR(+801ms):RX Data without end char" 
Debug[10:09:51]: log_breakpoint 
Debug[10:09:51]: 5 
Debug[10:09:51]: signal in logmode 
Debug[10:09:51]: "UART-UART RX(+1ms):No end char:" 
Debug[10:09:51]: log_breakpoint 
Debug[10:09:51]: 5 
Debug[10:09:52]: signal in logmode 
Debug[10:09:52]: "RX_ERR(+802ms):RX Data without end char" 
Debug[10:09:52]: log_breakpoint 
Debug[10:09:52]: 5 
Debug[10:09:52]: signal in logmode 
Debug[10:09:52]: "UART-UART RX(+1ms):No end char:" 
Debug[10:09:52]: log_breakpoint 
Debug[10:09:52]: 5 
Debug[10:09:54]: "Suspend:Settings" 
Debug[10:09:54]: "Suspend:UartUartController" 
Debug[10:09:54]: "Suspend:UartSpiController" 
Debug[10:09:54]: "Suspend:UartSsiController" 
Debug[10:09:54]: "Suspend:DSI3Master" 
Debug[10:09:54]: "Suspend:ASICMaster" 
Debug[10:09:54]: "Suspend:RDUMMaster" 
Debug[10:09:54]: "Suspend:DSI3Slave" 
Debug[10:09:54]: "Suspend:Measurement" 
Debug[10:09:54]: "Suspend:CFARsim" 
Debug[10:09:54]: signal in logmode 
Debug[10:09:54]: "INF(10:09:54.621):Disconnect by user" 
Debug[10:09:54]: log_breakpoint 
Debug[10:09:54]: 5 
Debug[10:09:54]: signal in logmode 
Debug[10:09:54]: "INF(10:09:54.765):Disconnect by user" 
Debug[10:09:54]: log_breakpoint 
Debug[10:09:54]: 5 
Warning[10:10:06]: QObject::connect: Cannot connect LocalServer::log(int,QString) to (null)::slot_addLog(int,QString)
Debug[10:10:06]: LocalServer:new "\\.\pipe\DSI3PAS" 
Debug[10:10:06]: Register specific 
Debug[10:10:07]: DynScaleCaclulate 
Debug[10:10:07]: "init 2 UartUartController" 
Debug[10:10:07]: Ok 
Debug[10:10:07]: "init 3 UartSpiController" 
Debug[10:10:07]: Ok 
Debug[10:10:07]: "init 4 UartSsiController" 
Debug[10:10:07]: Ok 
Debug[10:10:07]: "init 5 DSI3Master" 
Debug[10:10:07]: Ok 
Debug[10:10:07]: "init 6 ASICMaster" 
Debug[10:10:07]: Ok 
Debug[10:10:07]: "init 7 RDUMMaster" 
Debug[10:10:07]: Ok 
Debug[10:10:07]: "init 8 DSI3Slave" 
Debug[10:10:08]: Ok 
Debug[10:10:08]: "init 9 Measurement" 
Debug[10:10:08]: Ok 
Debug[10:10:08]: "init 10 CFARsim" 
Debug[10:10:08]: Ok 
Debug[10:10:08]: MainApp Starting... 
Debug[10:10:09]: Add applets to MainWindow...
 
Debug[10:10:09]: Initialize Connection... 
Debug[10:10:09]: signal in logmode 
Debug[10:10:09]: "INF(10:10:09.888):Mode is OK" 
Debug[10:10:09]: log_breakpoint 
Debug[10:10:09]: 5 
Debug[10:10:09]: signal in logmode 
Debug[10:10:09]: "INF(10:10:09.892):Attempt" 
Debug[10:10:09]: log_breakpoint 
Debug[10:10:09]: 5 
Debug[10:10:10]: signal in logmode 
Debug[10:10:10]: "INF(10:10:10.207):Attempt" 
Debug[10:10:10]: log_breakpoint 
Debug[10:10:10]: 5 
Debug[10:10:10]: signal in logmode 
Debug[10:10:10]: "INF(10:10:10.520):Attempt" 
Debug[10:10:10]: log_breakpoint 
Debug[10:10:10]: 5 
Debug[10:10:10]: signal in logmode 
Debug[10:10:10]: "INF(10:10:10.838):Mode is OK" 
Debug[10:10:10]: log_breakpoint 
Debug[10:10:10]: 5 
Debug[10:10:10]: signal in logmode 
Debug[10:10:10]: "INF(10:10:10.841):Attempt" 
Debug[10:10:10]: log_breakpoint 
Debug[10:10:10]: 5 
Debug[10:10:11]: signal in logmode 
Debug[10:10:11]: "INF(10:10:11.153):Attempt" 
Debug[10:10:11]: log_breakpoint 
Debug[10:10:11]: 5 
Debug[10:10:11]: signal in logmode 
Debug[10:10:11]: "INF(10:10:11.467):Attempt" 
Debug[10:10:11]: log_breakpoint 
Debug[10:10:11]: 5 
Debug[10:10:11]: signal in logmode 
Debug[10:10:11]: "INF(10:10:11.781):Mode is OK" 
Debug[10:10:11]: log_breakpoint 
Debug[10:10:11]: 5 
Debug[10:10:11]: signal in logmode 
Debug[10:10:11]: "INF(10:10:11.784):Attempt" 
Debug[10:10:11]: log_breakpoint 
Debug[10:10:11]: 5 
Debug[10:10:11]: signal in logmode 
Debug[10:10:11]: "INF(10:10:11.927):Mode is OK" 
Debug[10:10:11]: log_breakpoint 
Debug[10:10:11]: 5 
Debug[10:10:11]: signal in logmode 
Debug[10:10:11]: "INF(10:10:11.932):Attempt" 
Debug[10:10:11]: log_breakpoint 
Debug[10:10:11]: 5 
Debug[10:10:12]: signal in logmode 
Debug[10:10:12]: "INF(10:10:12.254):Attempt" 
Debug[10:10:12]: log_breakpoint 
Debug[10:10:12]: 5 
Debug[10:10:12]: signal in logmode 
Debug[10:10:12]: "INF(10:10:12.572):Attempt" 
Debug[10:10:12]: log_breakpoint 
Debug[10:10:12]: 5 
Debug[10:10:12]: signal in logmode 
Debug[10:10:12]: "INF(10:10:12.901):Mode is OK" 
Debug[10:10:12]: log_breakpoint 
Debug[10:10:12]: 5 
Debug[10:10:12]: signal in logmode 
Debug[10:10:12]: "INF(10:10:12.904):Attempt" 
Debug[10:10:12]: log_breakpoint 
Debug[10:10:12]: 5 
Debug[10:10:13]: signal in logmode 
Debug[10:10:13]: "INF(10:10:13.212):Attempt" 
Debug[10:10:13]: log_breakpoint 
Debug[10:10:13]: 5 
Debug[10:10:13]: signal in logmode 
Debug[10:10:13]: "INF(10:10:13.531):Attempt" 
Debug[10:10:13]: log_breakpoint 
Debug[10:10:13]: 5 
Debug[10:10:13]: signal in logmode 
Debug[10:10:13]: "INF(10:10:13.844):Mode is OK" 
Debug[10:10:13]: log_breakpoint 
Debug[10:10:13]: 5 
Debug[10:10:13]: signal in logmode 
Debug[10:10:13]: "INF(10:10:13.848):Attempt" 
Debug[10:10:13]: log_breakpoint 
Debug[10:10:13]: 5 
Debug[10:10:14]: signal in logmode 
Debug[10:10:14]: "INF(10:10:14.159):Attempt" 
Debug[10:10:14]: log_breakpoint 
Debug[10:10:14]: 5 
Debug[10:10:14]: signal in logmode 
Debug[10:10:14]: "INF(10:10:14.469):Attempt" 
Debug[10:10:14]: log_breakpoint 
Debug[10:10:14]: 5 
Warning[10:10:14]: QFileSystemWatcher: failed to add paths: C:/REPO/DSI3PAS2_workingdir/DSI3PAS2/Software/bin/ULSEverification_configfiles, C:/REPO/DSI3PAS2_workingdir/DSI3PAS2/Software/bin/ConfigFiles_29_1_2021_Jiri_MOBIS, C:/Users/fg6cnq/Desktop/DSI3PAS2_UART_QtSW_20210129_1511, C:/Users/zbdn9w/Desktop/Temp/CFAR QT uprava ToF, C:/Users/zbdn9w/Desktop/Temp/CFAR QT Komprimace do CSV, U:/Dokumenty/MOBIS/Crosstalk 11-2021, S:/DBartos/P516/MOBIS demo comparison dual channel moving complex obstacle
Debug[10:10:21]: signal in logmode 
Debug[10:10:21]: "INF(10:10:21.148):Mode is OK" 
Debug[10:10:21]: log_breakpoint 
Debug[10:10:21]: 5 
Debug[10:10:21]: signal in logmode 
Debug[10:10:21]: "INF(10:10:21.154):Attempt" 
Debug[10:10:21]: log_breakpoint 
Debug[10:10:21]: 5 
Debug[10:10:21]: signal in logmode 
Debug[10:10:21]: "INF(10:10:21.467):Attempt" 
Debug[10:10:21]: log_breakpoint 
Debug[10:10:21]: 5 
Debug[10:10:21]: signal in logmode 
Debug[10:10:21]: "INF(10:10:21.778):Attempt" 
Debug[10:10:21]: log_breakpoint 
Debug[10:10:21]: 5 
Debug[10:10:22]: signal in logmode 
Debug[10:10:22]: "INF(10:10:22.089):Mode is OK" 
Debug[10:10:22]: log_breakpoint 
Debug[10:10:22]: 5 
Debug[10:10:22]: signal in logmode 
Debug[10:10:22]: "INF(10:10:22.096):Attempt" 
Debug[10:10:22]: log_breakpoint 
Debug[10:10:22]: 5 
Debug[10:10:22]: signal in logmode 
Debug[10:10:22]: "INF(10:10:22.418):Attempt" 
Debug[10:10:22]: log_breakpoint 
Debug[10:10:22]: 5 
Debug[10:10:22]: signal in logmode 
Debug[10:10:22]: "INF(10:10:22.729):Attempt" 
Debug[10:10:22]: log_breakpoint 
Debug[10:10:22]: 5 
Debug[10:10:23]: signal in logmode 
Debug[10:10:23]: "INF(10:10:23.044):Mode is OK" 
Debug[10:10:23]: log_breakpoint 
Debug[10:10:23]: 5 
Debug[10:10:23]: signal in logmode 
Debug[10:10:23]: "INF(10:10:23.051):Attempt" 
Debug[10:10:23]: log_breakpoint 
Debug[10:10:23]: 5 
Debug[10:10:23]: signal in logmode 
Debug[10:10:23]: "INF(10:10:23.065):RDUM master connected" 
Debug[10:10:23]: log_breakpoint 
Debug[10:10:23]: 5 
Debug[10:10:23]: signal in logmode 
Debug[10:10:23]: "INF(10:10:23.071):Connected to \\.\COM16" 
Debug[10:10:23]: log_breakpoint 
Debug[10:10:23]: 5 
Warning[10:10:23]: Could not parse stylesheet of widget 0x2f24a00
Debug[10:10:23]: "Resume:Logs" 
Debug[10:10:23]: "Resume:Settings" 
Debug[10:10:23]: "Resume:UartUartController" 
Debug[10:10:23]: "Resume:UartSpiController" 
Debug[10:10:23]: "Resume:UartSsiController" 
Debug[10:10:23]: "Resume:DSI3Master" 
Debug[10:10:23]: "Resume:ASICMaster" 
Debug[10:10:23]: "Resume:RDUMMaster" 
Debug[10:10:23]: "Resume:DSI3Slave" 
Debug[10:10:23]: "Resume:Measurement" 
Debug[10:10:23]: "Resume:CFARsim" 
Debug[10:14:46]: "Suspend:Settings" 
Debug[10:14:46]: "Suspend:UartUartController" 
Debug[10:14:46]: "Suspend:UartSpiController" 
Debug[10:14:46]: "Suspend:UartSsiController" 
Debug[10:14:46]: "Suspend:DSI3Master" 
Debug[10:14:46]: "Suspend:ASICMaster" 
Debug[10:14:46]: "Suspend:RDUMMaster" 
Debug[10:14:46]: "Suspend:DSI3Slave" 
Debug[10:14:46]: "Suspend:Measurement" 
Debug[10:14:46]: "Suspend:CFARsim" 
Debug[10:14:46]: signal in logmode 
Debug[10:14:47]: "INF(10:14:47.000):Disconnect by user" 
Debug[10:14:47]: log_breakpoint 
Debug[10:14:47]: 5 
Debug[10:14:47]: signal in logmode 
Debug[10:14:47]: "INF(10:14:47.169):Disconnect by user" 
Debug[10:14:47]: log_breakpoint 
Debug[10:14:47]: 5 
Warning[10:15:01]: QObject::connect: Cannot connect LocalServer::log(int,QString) to (null)::slot_addLog(int,QString)
Debug[10:15:01]: LocalServer:new "\\.\pipe\DSI3PAS" 
Debug[10:15:01]: Register specific 
Debug[10:15:01]: DynScaleCaclulate 
Debug[10:15:01]: "init 2 UartUartController" 
Debug[10:15:01]: Ok 
Debug[10:15:01]: "init 3 UartSpiController" 
Debug[10:15:01]: Ok 
Debug[10:15:01]: "init 4 UartSsiController" 
Debug[10:15:01]: Ok 
Debug[10:15:01]: "init 5 DSI3Master" 
Debug[10:15:01]: Ok 
Debug[10:15:01]: "init 6 ASICMaster" 
Debug[10:15:01]: Ok 
Debug[10:15:01]: "init 7 RDUMMaster" 
Debug[10:15:01]: Ok 
Debug[10:15:01]: "init 8 DSI3Slave" 
Debug[10:15:02]: Ok 
Debug[10:15:02]: "init 9 Measurement" 
Debug[10:15:03]: Ok 
Debug[10:15:03]: "init 10 CFARsim" 
Debug[10:15:03]: Ok 
Debug[10:15:03]: MainApp Starting... 
Debug[10:15:04]: Add applets to MainWindow...
 
Debug[10:15:04]: Initialize Connection... 
Debug[10:15:04]: signal in logmode 
Debug[10:15:04]: "INF(10:15:04.564):Mode is OK" 
Debug[10:15:04]: log_breakpoint 
Debug[10:15:04]: 5 
Debug[10:15:04]: signal in logmode 
Debug[10:15:04]: "INF(10:15:04.569):Attempt" 
Debug[10:15:04]: log_breakpoint 
Debug[10:15:04]: 5 
Debug[10:15:04]: signal in logmode 
Debug[10:15:04]: "INF(10:15:04.884):Attempt" 
Debug[10:15:04]: log_breakpoint 
Debug[10:15:04]: 5 
Debug[10:15:05]: signal in logmode 
Debug[10:15:05]: "INF(10:15:05.197):Attempt" 
Debug[10:15:05]: log_breakpoint 
Debug[10:15:05]: 5 
Debug[10:15:05]: signal in logmode 
Debug[10:15:05]: "INF(10:15:05.510):Mode is OK" 
Debug[10:15:05]: log_breakpoint 
Debug[10:15:05]: 5 
Debug[10:15:05]: signal in logmode 
Debug[10:15:05]: "INF(10:15:05.514):Attempt" 
Debug[10:15:05]: log_breakpoint 
Debug[10:15:05]: 5 
Debug[10:15:05]: signal in logmode 
Debug[10:15:05]: "INF(10:15:05.825):Attempt" 
Debug[10:15:05]: log_breakpoint 
Debug[10:15:05]: 5 
Debug[10:15:06]: signal in logmode 
Debug[10:15:06]: "INF(10:15:06.137):Attempt" 
Debug[10:15:06]: log_breakpoint 
Debug[10:15:06]: 5 
Debug[10:15:06]: signal in logmode 
Debug[10:15:06]: "INF(10:15:06.451):Mode is OK" 
Debug[10:15:06]: log_breakpoint 
Debug[10:15:06]: 5 
Debug[10:15:06]: signal in logmode 
Debug[10:15:06]: "INF(10:15:06.456):Attempt" 
Debug[10:15:06]: log_breakpoint 
Debug[10:15:06]: 5 
Debug[10:15:06]: signal in logmode 
Debug[10:15:06]: "INF(10:15:06.610):Mode is OK" 
Debug[10:15:06]: log_breakpoint 
Debug[10:15:06]: 5 
Debug[10:15:06]: signal in logmode 
Debug[10:15:06]: "INF(10:15:06.615):Attempt" 
Debug[10:15:06]: log_breakpoint 
Debug[10:15:06]: 5 
Debug[10:15:06]: signal in logmode 
Debug[10:15:06]: "INF(10:15:06.935):Attempt" 
Debug[10:15:06]: log_breakpoint 
Debug[10:15:06]: 5 
Debug[10:15:07]: signal in logmode 
Debug[10:15:07]: "INF(10:15:07.249):Attempt" 
Debug[10:15:07]: log_breakpoint 
Debug[10:15:07]: 5 
Debug[10:15:07]: signal in logmode 
Debug[10:15:07]: "INF(10:15:07.558):Mode is OK" 
Debug[10:15:07]: log_breakpoint 
Debug[10:15:07]: 5 
Debug[10:15:07]: signal in logmode 
Debug[10:15:07]: "INF(10:15:07.564):Attempt" 
Debug[10:15:07]: log_breakpoint 
Debug[10:15:07]: 5 
Debug[10:15:07]: signal in logmode 
Debug[10:15:07]: "INF(10:15:07.885):Attempt" 
Debug[10:15:07]: log_breakpoint 
Debug[10:15:07]: 5 
Debug[10:15:08]: signal in logmode 
Debug[10:15:08]: "INF(10:15:08.194):Attempt" 
Debug[10:15:08]: log_breakpoint 
Debug[10:15:08]: 5 
Debug[10:15:08]: signal in logmode 
Debug[10:15:08]: "INF(10:15:08.507):Mode is OK" 
Debug[10:15:08]: log_breakpoint 
Debug[10:15:08]: 5 
Debug[10:15:08]: signal in logmode 
Debug[10:15:08]: "INF(10:15:08.513):Attempt" 
Debug[10:15:08]: log_breakpoint 
Debug[10:15:08]: 5 
Debug[10:15:08]: signal in logmode 
Debug[10:15:08]: "INF(10:15:08.818):Attempt" 
Debug[10:15:08]: log_breakpoint 
Debug[10:15:08]: 5 
Debug[10:15:09]: signal in logmode 
Debug[10:15:09]: "INF(10:15:09.129):Attempt" 
Debug[10:15:09]: log_breakpoint 
Debug[10:15:09]: 5 
Warning[10:15:09]: QFileSystemWatcher: failed to add paths: C:/REPO/DSI3PAS2_workingdir/DSI3PAS2/Software/bin/ULSEverification_configfiles, C:/REPO/DSI3PAS2_workingdir/DSI3PAS2/Software/bin/ConfigFiles_29_1_2021_Jiri_MOBIS, C:/Users/fg6cnq/Desktop/DSI3PAS2_UART_QtSW_20210129_1511, C:/Users/zbdn9w/Desktop/Temp/CFAR QT uprava ToF, C:/Users/zbdn9w/Desktop/Temp/CFAR QT Komprimace do CSV, U:/Dokumenty/MOBIS/Crosstalk 11-2021, S:/DBartos/P516/MOBIS demo comparison dual channel moving complex obstacle
Debug[10:15:11]: signal in logmode 
Debug[10:15:11]: "INF(10:15:11.382):Mode is OK" 
Debug[10:15:11]: log_breakpoint 
Debug[10:15:11]: 5 
Debug[10:15:11]: signal in logmode 
Debug[10:15:11]: "INF(10:15:11.387):Attempt" 
Debug[10:15:11]: log_breakpoint 
Debug[10:15:11]: 5 
Debug[10:15:11]: signal in logmode 
Debug[10:15:11]: "INF(10:15:11.708):Attempt" 
Debug[10:15:11]: log_breakpoint 
Debug[10:15:11]: 5 
Debug[10:15:12]: signal in logmode 
Debug[10:15:12]: "INF(10:15:12.021):Attempt" 
Debug[10:15:12]: log_breakpoint 
Debug[10:15:12]: 5 
Debug[10:15:12]: signal in logmode 
Debug[10:15:12]: "INF(10:15:12.331):Mode is OK" 
Debug[10:15:12]: log_breakpoint 
Debug[10:15:12]: 5 
Debug[10:15:12]: signal in logmode 
Debug[10:15:12]: "INF(10:15:12.337):Attempt" 
Debug[10:15:12]: log_breakpoint 
Debug[10:15:12]: 5 
Debug[10:15:12]: signal in logmode 
Debug[10:15:12]: "INF(10:15:12.664):Attempt" 
Debug[10:15:12]: log_breakpoint 
Debug[10:15:12]: 5 
Debug[10:15:12]: signal in logmode 
Debug[10:15:12]: "INF(10:15:12.973):Attempt" 
Debug[10:15:12]: log_breakpoint 
Debug[10:15:12]: 5 
Debug[10:15:13]: signal in logmode 
Debug[10:15:13]: "INF(10:15:13.286):Mode is OK" 
Debug[10:15:13]: log_breakpoint 
Debug[10:15:13]: 5 
Debug[10:15:13]: signal in logmode 
Debug[10:15:13]: "INF(10:15:13.292):Attempt" 
Debug[10:15:13]: log_breakpoint 
Debug[10:15:13]: 5 
Debug[10:15:13]: signal in logmode 
Debug[10:15:13]: "INF(10:15:13.298):RDUM master connected" 
Debug[10:15:13]: log_breakpoint 
Debug[10:15:13]: 5 
Debug[10:15:13]: signal in logmode 
Debug[10:15:13]: "INF(10:15:13.303):Connected to \\.\COM16" 
Debug[10:15:13]: log_breakpoint 
Debug[10:15:13]: 5 
Warning[10:15:13]: Could not parse stylesheet of widget 0x3294620
Debug[10:15:13]: "Resume:Logs" 
Debug[10:15:13]: "Resume:Settings" 
Debug[10:15:13]: "Resume:UartUartController" 
Debug[10:15:13]: "Resume:UartSpiController" 
Debug[10:15:13]: "Resume:UartSsiController" 
Debug[10:15:13]: "Resume:DSI3Master" 
Debug[10:15:13]: "Resume:ASICMaster" 
Debug[10:15:13]: "Resume:RDUMMaster" 
Debug[10:15:13]: "Resume:DSI3Slave" 
Debug[10:15:13]: "Resume:Measurement" 
Debug[10:15:13]: "Resume:CFARsim" 
Debug[12:02:01]: "Suspend:Settings" 
Debug[12:02:01]: "Suspend:UartUartController" 
Debug[12:02:01]: "Suspend:UartSpiController" 
Debug[12:02:01]: "Suspend:UartSsiController" 
Debug[12:02:01]: "Suspend:DSI3Master" 
Debug[12:02:01]: "Suspend:ASICMaster" 
Debug[12:02:01]: "Suspend:RDUMMaster" 
Debug[12:02:01]: "Suspend:DSI3Slave" 
Debug[12:02:01]: "Suspend:Measurement" 
Debug[12:02:01]: "Suspend:CFARsim" 
Debug[12:02:01]: signal in logmode 
Debug[12:02:01]: "INF(12:02:01.132):Disconnect by user" 
Debug[12:02:01]: log_breakpoint 
Debug[12:02:01]: 5 
Debug[12:02:01]: signal in logmode 
Debug[12:02:01]: "INF(12:02:01.160):Disconnect by user" 
Debug[12:02:01]: log_breakpoint 
Debug[12:02:01]: 5 
