Warning[08:25:05]: QObject::connect: Cannot connect LocalServer::log(int,QString) to (null)::slot_addLog(int,QString)
Debug[08:25:05]: LocalServer:new "\\.\pipe\DSI3PAS" 
Debug[08:25:05]: Register specific 
Debug[08:25:06]: DynScaleCaclulate 
Debug[08:25:06]: "init 2 UartUartController" 
Debug[08:25:06]: Ok 
Debug[08:25:06]: "init 3 UartSpiController" 
Debug[08:25:06]: Ok 
Debug[08:25:06]: "init 4 UartSsiController" 
Debug[08:25:06]: Ok 
Debug[08:25:06]: "init 5 DSI3Master" 
Debug[08:25:06]: Ok 
Debug[08:25:06]: "init 6 ASICMaster" 
Debug[08:25:06]: Ok 
Debug[08:25:06]: "init 7 RDUMMaster" 
Debug[08:25:06]: Ok 
Debug[08:25:06]: "init 8 DSI3Slave" 
Debug[08:25:07]: Ok 
Debug[08:25:07]: "init 9 Measurement" 
Debug[08:25:08]: Ok 
Debug[08:25:08]: "init 10 CFARsim" 
Debug[08:25:08]: Ok 
Debug[08:25:08]: MainApp Starting... 
Debug[08:25:08]: Add applets to MainWindow...
 
Debug[08:25:08]: Initialize Connection... 
Warning[08:25:34]: QObject::connect: Cannot connect LocalServer::log(int,QString) to (null)::slot_addLog(int,QString)
Debug[08:25:36]: LocalServer:new "" 
Debug[08:25:39]: signal in logmode 
Debug[08:25:39]: "INF(08:25:39.509):Disconnect by user" 
Debug[08:25:39]: log_breakpoint 
Debug[08:25:39]: 5 
Debug[08:25:39]: signal in logmode 
Debug[08:25:39]: "INF(08:25:39.536):Disconnect by user" 
Debug[08:25:39]: log_breakpoint 
Debug[08:25:39]: 5 
Warning[08:25:42]: QObject::connect: Cannot connect LocalServer::log(int,QString) to (null)::slot_addLog(int,QString)
Debug[08:25:42]: LocalServer:new "\\.\pipe\DSI3PAS" 
Debug[08:25:42]: Register specific 
Debug[08:25:42]: DynScaleCaclulate 
Debug[08:25:42]: "init 2 UartUartController" 
Debug[08:25:42]: Ok 
Debug[08:25:42]: "init 3 UartSpiController" 
Debug[08:25:42]: Ok 
Debug[08:25:42]: "init 4 UartSsiController" 
Debug[08:25:42]: Ok 
Debug[08:25:42]: "init 5 DSI3Master" 
Debug[08:25:42]: Ok 
Debug[08:25:42]: "init 6 ASICMaster" 
Debug[08:25:42]: Ok 
Debug[08:25:42]: "init 7 RDUMMaster" 
Debug[08:25:43]: Ok 
Debug[08:25:43]: "init 8 DSI3Slave" 
Debug[08:25:43]: Ok 
Debug[08:25:43]: "init 9 Measurement" 
Debug[08:25:44]: Ok 
Debug[08:25:44]: "init 10 CFARsim" 
Debug[08:25:44]: Ok 
Debug[08:25:44]: MainApp Starting... 
Debug[08:25:45]: Add applets to MainWindow...
 
Debug[08:25:45]: Initialize Connection... 
Debug[08:25:54]: Initialize Connection... 
Debug[08:25:55]: Initialize Connection... 
Debug[08:26:10]: Initialize Connection... 
Debug[08:26:10]: signal in logmode 
Debug[08:26:10]: "INF(08:26:10.628):Mode is OK" 
Debug[08:26:10]: log_breakpoint 
Debug[08:26:10]: 5 
Debug[08:26:10]: signal in logmode 
Debug[08:26:10]: "INF(08:26:10.636):Attempt" 
Debug[08:26:10]: log_breakpoint 
Debug[08:26:10]: 5 
Debug[08:26:10]: signal in logmode 
Debug[08:26:10]: "INF(08:26:10.955):Attempt" 
Debug[08:26:10]: log_breakpoint 
Debug[08:26:10]: 5 
Debug[08:26:11]: signal in logmode 
Debug[08:26:11]: "INF(08:26:11.270):Attempt" 
Debug[08:26:11]: log_breakpoint 
Debug[08:26:11]: 5 
Debug[08:26:11]: signal in logmode 
Debug[08:26:11]: "INF(08:26:11.584):Mode is OK" 
Debug[08:26:11]: log_breakpoint 
Debug[08:26:11]: 5 
Debug[08:26:11]: signal in logmode 
Debug[08:26:11]: "INF(08:26:11.588):Attempt" 
Debug[08:26:11]: log_breakpoint 
Debug[08:26:11]: 5 
Debug[08:26:11]: signal in logmode 
Debug[08:26:11]: "INF(08:26:11.895):Attempt" 
Debug[08:26:11]: log_breakpoint 
Debug[08:26:11]: 5 
Debug[08:26:12]: signal in logmode 
Debug[08:26:12]: "INF(08:26:12.209):Attempt" 
Debug[08:26:12]: log_breakpoint 
Debug[08:26:12]: 5 
Debug[08:26:12]: signal in logmode 
Debug[08:26:12]: "INF(08:26:12.521):Mode is OK" 
Debug[08:26:12]: log_breakpoint 
Debug[08:26:12]: 5 
Debug[08:26:12]: signal in logmode 
Debug[08:26:12]: "INF(08:26:12.523):Attempt" 
Debug[08:26:12]: log_breakpoint 
Debug[08:26:12]: 5 
Debug[08:26:12]: signal in logmode 
Debug[08:26:12]: "INF(08:26:12.675):Mode is OK" 
Debug[08:26:12]: log_breakpoint 
Debug[08:26:12]: 5 
Debug[08:26:12]: signal in logmode 
Debug[08:26:12]: "INF(08:26:12.681):Attempt" 
Debug[08:26:12]: log_breakpoint 
Debug[08:26:12]: 5 
Debug[08:26:12]: signal in logmode 
Debug[08:26:12]: "INF(08:26:12.987):Attempt" 
Debug[08:26:12]: log_breakpoint 
Debug[08:26:12]: 5 
Debug[08:26:13]: signal in logmode 
Debug[08:26:13]: "INF(08:26:13.301):Attempt" 
Debug[08:26:13]: log_breakpoint 
Debug[08:26:13]: 5 
Debug[08:26:13]: signal in logmode 
Debug[08:26:13]: "INF(08:26:13.611):Mode is OK" 
Debug[08:26:13]: log_breakpoint 
Debug[08:26:13]: 5 
Debug[08:26:13]: signal in logmode 
Debug[08:26:13]: "INF(08:26:13.621):Attempt" 
Debug[08:26:13]: log_breakpoint 
Debug[08:26:13]: 5 
Debug[08:26:13]: signal in logmode 
Debug[08:26:13]: "INF(08:26:13.937):Attempt" 
Debug[08:26:13]: log_breakpoint 
Debug[08:26:13]: 5 
Debug[08:26:14]: signal in logmode 
Debug[08:26:14]: "INF(08:26:14.251):Attempt" 
Debug[08:26:14]: log_breakpoint 
Debug[08:26:14]: 5 
Debug[08:26:14]: signal in logmode 
Debug[08:26:14]: "INF(08:26:14.563):Mode is OK" 
Debug[08:26:14]: log_breakpoint 
Debug[08:26:14]: 5 
Debug[08:26:14]: signal in logmode 
Debug[08:26:14]: "INF(08:26:14.567):Attempt" 
Debug[08:26:14]: log_breakpoint 
Debug[08:26:14]: 5 
Debug[08:26:14]: signal in logmode 
Debug[08:26:14]: "INF(08:26:14.877):Attempt" 
Debug[08:26:14]: log_breakpoint 
Debug[08:26:14]: 5 
Debug[08:26:15]: signal in logmode 
Debug[08:26:15]: "INF(08:26:15.194):Attempt" 
Debug[08:26:15]: log_breakpoint 
Debug[08:26:15]: 5 
Debug[08:26:15]: signal in logmode 
Debug[08:26:15]: "INF(08:26:15.506):Mode is OK" 
Debug[08:26:15]: log_breakpoint 
Debug[08:26:15]: 5 
Debug[08:26:15]: signal in logmode 
Debug[08:26:15]: "INF(08:26:15.512):Attempt" 
Debug[08:26:15]: log_breakpoint 
Debug[08:26:15]: 5 
Debug[08:26:15]: signal in logmode 
Debug[08:26:15]: "INF(08:26:15.817):Attempt" 
Debug[08:26:15]: log_breakpoint 
Debug[08:26:15]: 5 
Debug[08:26:16]: signal in logmode 
Debug[08:26:16]: "INF(08:26:16.131):Attempt" 
Debug[08:26:16]: log_breakpoint 
Debug[08:26:16]: 5 
Debug[08:26:17]: signal in logmode 
Debug[08:26:17]: "INF(08:26:17.196):Mode is OK" 
Debug[08:26:17]: log_breakpoint 
Debug[08:26:17]: 5 
Debug[08:26:17]: signal in logmode 
Debug[08:26:17]: "INF(08:26:17.201):Attempt" 
Debug[08:26:17]: log_breakpoint 
Debug[08:26:17]: 5 
Debug[08:26:17]: signal in logmode 
Debug[08:26:17]: "INF(08:26:17.519):Attempt" 
Debug[08:26:17]: log_breakpoint 
Debug[08:26:17]: 5 
Debug[08:26:17]: signal in logmode 
Debug[08:26:17]: "INF(08:26:17.830):Attempt" 
Debug[08:26:17]: log_breakpoint 
Debug[08:26:17]: 5 
Debug[08:26:18]: signal in logmode 
Debug[08:26:18]: "INF(08:26:18.140):Mode is OK" 
Debug[08:26:18]: log_breakpoint 
Debug[08:26:18]: 5 
Debug[08:26:18]: signal in logmode 
Debug[08:26:18]: "INF(08:26:18.146):Attempt" 
Debug[08:26:18]: log_breakpoint 
Debug[08:26:18]: 5 
Debug[08:26:18]: signal in logmode 
Debug[08:26:18]: "INF(08:26:18.468):Attempt" 
Debug[08:26:18]: log_breakpoint 
Debug[08:26:18]: 5 
Debug[08:26:18]: signal in logmode 
Debug[08:26:18]: "INF(08:26:18.778):Attempt" 
Debug[08:26:18]: log_breakpoint 
Debug[08:26:18]: 5 
Debug[08:26:19]: signal in logmode 
Debug[08:26:19]: "INF(08:26:19.093):Mode is OK" 
Debug[08:26:19]: log_breakpoint 
Debug[08:26:19]: 5 
Debug[08:26:19]: signal in logmode 
Debug[08:26:19]: "INF(08:26:19.098):Attempt" 
Debug[08:26:19]: log_breakpoint 
Debug[08:26:19]: 5 
Debug[08:26:19]: signal in logmode 
Debug[08:26:19]: "INF(08:26:19.123):RDUM master connected" 
Debug[08:26:19]: log_breakpoint 
Debug[08:26:19]: 5 
Debug[08:26:19]: signal in logmode 
Debug[08:26:19]: "INF(08:26:19.128):Connected to \\.\COM36" 
Debug[08:26:19]: log_breakpoint 
Debug[08:26:19]: 5 
Warning[08:26:19]: Could not parse stylesheet of widget 0x29ef560
Debug[08:26:19]: "Resume:Logs" 
Debug[08:26:19]: "Resume:Settings" 
Debug[08:26:19]: "Resume:UartUartController" 
Debug[08:26:19]: "Resume:UartSpiController" 
Debug[08:26:19]: "Resume:UartSsiController" 
Debug[08:26:19]: "Resume:DSI3Master" 
Debug[08:26:19]: "Resume:ASICMaster" 
Debug[08:26:19]: "Resume:RDUMMaster" 
Debug[08:26:19]: "Resume:DSI3Slave" 
Debug[08:26:19]: "Resume:Measurement" 
Debug[08:26:19]: "Resume:CFARsim" 
Debug[15:52:47]: "Suspend:Settings" 
Debug[15:52:47]: "Suspend:UartUartController" 
Debug[15:52:47]: "Suspend:UartSpiController" 
Debug[15:52:47]: "Suspend:UartSsiController" 
Debug[15:52:47]: "Suspend:DSI3Master" 
Debug[15:52:47]: "Suspend:ASICMaster" 
Debug[15:52:47]: "Suspend:RDUMMaster" 
Debug[15:52:47]: "Suspend:DSI3Slave" 
Debug[15:52:47]: "Suspend:Measurement" 
Debug[15:52:47]: "Suspend:CFARsim" 
Debug[15:52:47]: signal in logmode 
Debug[15:52:47]: "INF(15:52:47.277):Disconnect by user" 
Debug[15:52:47]: log_breakpoint 
Debug[15:52:47]: 5 
Debug[15:52:47]: signal in logmode 
Debug[15:52:47]: "INF(15:52:47.473):Disconnect by user" 
Debug[15:52:47]: log_breakpoint 
Debug[15:52:47]: 5 
