Warning[09:45:43]: QObject::connect: Cannot connect LocalServer::log(int,QString) to (null)::slot_addLog(int,QString)
Debug[09:45:43]: LocalServer:new "\\.\pipe\DSI3PAS" 
Debug[09:45:43]: Register specific 
Debug[09:45:43]: DynScaleCaclulate 
Debug[09:45:43]: "init 2 UartUartController" 
Debug[09:45:43]: Ok 
Debug[09:45:43]: "init 3 UartSpiController" 
Debug[09:45:43]: Ok 
Debug[09:45:43]: "init 4 UartSsiController" 
Debug[09:45:43]: Ok 
Debug[09:45:43]: "init 5 DSI3Master" 
Debug[09:45:43]: Ok 
Debug[09:45:43]: "init 6 ASICMaster" 
Debug[09:45:43]: Ok 
Debug[09:45:43]: "init 7 RDUMMaster" 
Debug[09:45:43]: Ok 
Debug[09:45:43]: "init 8 DSI3Slave" 
Debug[09:45:44]: Ok 
Debug[09:45:44]: "init 9 Measurement" 
Debug[09:45:45]: Ok 
Debug[09:45:45]: "init 10 CFARsim" 
Debug[09:45:45]: Ok 
Debug[09:45:45]: MainApp Starting... 
Debug[09:45:46]: Add applets to MainWindow...
 
Debug[09:45:46]: Initialize Connection... 
Debug[09:46:04]: signal in logmode 
Debug[09:46:04]: "INF(09:46:04.095):Connected to no_board" 
Debug[09:46:04]: log_breakpoint 
Debug[09:46:04]: 5 
Warning[09:46:04]: Could not parse stylesheet of widget 0x2b76558
Debug[09:46:04]: "Resume:Logs" 
Debug[09:46:04]: "Resume:Settings" 
Debug[09:46:04]: "Resume:UartUartController" 
Debug[09:46:04]: "Resume:UartSpiController" 
Debug[09:46:04]: "Resume:UartSsiController" 
Debug[09:46:04]: "Resume:DSI3Master" 
Debug[09:46:04]: "Resume:ASICMaster" 
Debug[09:46:04]: "Resume:RDUMMaster" 
Debug[09:46:04]: "Resume:DSI3Slave" 
Debug[09:46:04]: "Resume:Measurement" 
Debug[09:46:04]: "Resume:CFARsim" 
Debug[10:07:29]: "Suspend:Settings" 
Debug[10:07:29]: "Suspend:UartUartController" 
Debug[10:07:29]: "Suspend:UartSpiController" 
Debug[10:07:29]: "Suspend:UartSsiController" 
Debug[10:07:29]: "Suspend:DSI3Master" 
Debug[10:07:29]: "Suspend:ASICMaster" 
Debug[10:07:29]: "Suspend:RDUMMaster" 
Debug[10:07:29]: "Suspend:DSI3Slave" 
Debug[10:07:29]: "Suspend:Measurement" 
Debug[10:07:29]: "Suspend:CFARsim" 
Debug[10:07:29]: signal in logmode 
Debug[10:07:29]: "INF(10:07:29.111):Disconnect by user" 
Debug[10:07:29]: log_breakpoint 
Debug[10:07:29]: 5 
Debug[10:07:29]: signal in logmode 
Debug[10:07:29]: "INF(10:07:29.155):Disconnect by user" 
Debug[10:07:29]: log_breakpoint 
Debug[10:07:29]: 5 
Warning[13:16:04]: QObject::connect: Cannot connect LocalServer::log(int,QString) to (null)::slot_addLog(int,QString)
Debug[13:16:04]: LocalServer:new "\\.\pipe\DSI3PAS" 
Debug[13:16:04]: Register specific 
Debug[13:16:05]: DynScaleCaclulate 
Debug[13:16:05]: "init 2 UartUartController" 
Debug[13:16:05]: Ok 
Debug[13:16:05]: "init 3 UartSpiController" 
Debug[13:16:05]: Ok 
Debug[13:16:05]: "init 4 UartSsiController" 
Debug[13:16:05]: Ok 
Debug[13:16:05]: "init 5 DSI3Master" 
Debug[13:16:05]: Ok 
Debug[13:16:05]: "init 6 ASICMaster" 
Debug[13:16:05]: Ok 
Debug[13:16:05]: "init 7 RDUMMaster" 
Debug[13:16:05]: Ok 
Debug[13:16:05]: "init 8 DSI3Slave" 
Debug[13:16:06]: Ok 
Debug[13:16:06]: "init 9 Measurement" 
Debug[13:16:07]: Ok 
Debug[13:16:07]: "init 10 CFARsim" 
Debug[13:16:07]: Ok 
Debug[13:16:07]: MainApp Starting... 
Debug[13:16:08]: Add applets to MainWindow...
 
Debug[13:16:08]: Initialize Connection... 
Debug[13:16:08]: signal in logmode 
Debug[13:16:08]: "INF(13:16:08.325):Mode is OK" 
Debug[13:16:08]: log_breakpoint 
Debug[13:16:08]: 5 
Debug[13:16:08]: signal in logmode 
Debug[13:16:08]: "INF(13:16:08.327):Attempt" 
Debug[13:16:08]: log_breakpoint 
Debug[13:16:08]: 5 
Debug[13:16:08]: signal in logmode 
Debug[13:16:08]: "INF(13:16:08.633):Attempt" 
Debug[13:16:08]: log_breakpoint 
Debug[13:16:08]: 5 
Debug[13:16:08]: signal in logmode 
Debug[13:16:08]: "INF(13:16:08.947):Attempt" 
Debug[13:16:08]: log_breakpoint 
Debug[13:16:08]: 5 
Debug[13:16:09]: signal in logmode 
Debug[13:16:09]: "INF(13:16:09.259):Mode is OK" 
Debug[13:16:09]: log_breakpoint 
Debug[13:16:09]: 5 
Debug[13:16:09]: signal in logmode 
Debug[13:16:09]: "INF(13:16:09.271):Attempt" 
Debug[13:16:09]: log_breakpoint 
Debug[13:16:09]: 5 
Debug[13:16:09]: signal in logmode 
Debug[13:16:09]: "INF(13:16:09.586):Attempt" 
Debug[13:16:09]: log_breakpoint 
Debug[13:16:09]: 5 
Debug[13:16:09]: signal in logmode 
Debug[13:16:09]: "INF(13:16:09.898):Attempt" 
Debug[13:16:09]: log_breakpoint 
Debug[13:16:09]: 5 
Debug[13:16:10]: signal in logmode 
Debug[13:16:10]: "INF(13:16:10.209):Mode is OK" 
Debug[13:16:10]: log_breakpoint 
Debug[13:16:10]: 5 
Debug[13:16:10]: signal in logmode 
Debug[13:16:10]: "INF(13:16:10.213):Attempt" 
Debug[13:16:10]: log_breakpoint 
Debug[13:16:10]: 5 
Debug[13:16:10]: signal in logmode 
Debug[13:16:10]: "INF(13:16:10.372):Mode is OK" 
Debug[13:16:10]: log_breakpoint 
Debug[13:16:10]: 5 
Debug[13:16:10]: signal in logmode 
Debug[13:16:10]: "INF(13:16:10.373):Attempt" 
Debug[13:16:10]: log_breakpoint 
Debug[13:16:10]: 5 
Debug[13:16:10]: signal in logmode 
Debug[13:16:10]: "INF(13:16:10.678):Attempt" 
Debug[13:16:10]: log_breakpoint 
Debug[13:16:10]: 5 
Debug[13:16:10]: signal in logmode 
Debug[13:16:10]: "INF(13:16:10.989):Attempt" 
Debug[13:16:10]: log_breakpoint 
Debug[13:16:10]: 5 
Debug[13:16:11]: signal in logmode 
Debug[13:16:11]: "INF(13:16:11.301):Mode is OK" 
Debug[13:16:11]: log_breakpoint 
Debug[13:16:11]: 5 
Debug[13:16:11]: signal in logmode 
Debug[13:16:11]: "INF(13:16:11.304):Attempt" 
Debug[13:16:11]: log_breakpoint 
Debug[13:16:11]: 5 
Debug[13:16:11]: signal in logmode 
Debug[13:16:11]: "INF(13:16:11.613):Attempt" 
Debug[13:16:11]: log_breakpoint 
Debug[13:16:11]: 5 
Debug[13:16:11]: signal in logmode 
Debug[13:16:11]: "INF(13:16:11.924):Attempt" 
Debug[13:16:11]: log_breakpoint 
Debug[13:16:11]: 5 
Debug[13:16:12]: signal in logmode 
Debug[13:16:12]: "INF(13:16:12.238):Mode is OK" 
Debug[13:16:12]: log_breakpoint 
Debug[13:16:12]: 5 
Debug[13:16:12]: signal in logmode 
Debug[13:16:12]: "INF(13:16:12.241):Attempt" 
Debug[13:16:12]: log_breakpoint 
Debug[13:16:12]: 5 
Debug[13:16:12]: signal in logmode 
Debug[13:16:12]: "INF(13:16:12.553):Attempt" 
Debug[13:16:12]: log_breakpoint 
Debug[13:16:12]: 5 
Debug[13:16:12]: signal in logmode 
Debug[13:16:12]: "INF(13:16:12.862):Attempt" 
Debug[13:16:12]: log_breakpoint 
Debug[13:16:12]: 5 
Debug[13:16:27]: signal in logmode 
Debug[13:16:27]: "INF(13:16:27.194):Mode is OK" 
Debug[13:16:27]: log_breakpoint 
Debug[13:16:27]: 5 
Debug[13:16:27]: signal in logmode 
Debug[13:16:27]: "INF(13:16:27.196):Attempt" 
Debug[13:16:27]: log_breakpoint 
Debug[13:16:27]: 5 
Debug[13:16:27]: signal in logmode 
Debug[13:16:27]: "INF(13:16:27.505):Attempt" 
Debug[13:16:27]: log_breakpoint 
Debug[13:16:27]: 5 
Debug[13:16:27]: signal in logmode 
Debug[13:16:27]: "INF(13:16:27.816):Attempt" 
Debug[13:16:27]: log_breakpoint 
Debug[13:16:27]: 5 
Debug[13:16:28]: signal in logmode 
Debug[13:16:28]: "INF(13:16:28.128):Mode is OK" 
Debug[13:16:28]: log_breakpoint 
Debug[13:16:28]: 5 
Debug[13:16:28]: signal in logmode 
Debug[13:16:28]: "INF(13:16:28.134):Attempt" 
Debug[13:16:28]: log_breakpoint 
Debug[13:16:28]: 5 
Debug[13:16:28]: signal in logmode 
Debug[13:16:28]: "INF(13:16:28.441):Attempt" 
Debug[13:16:28]: log_breakpoint 
Debug[13:16:28]: 5 
Debug[13:16:28]: signal in logmode 
Debug[13:16:28]: "INF(13:16:28.756):Attempt" 
Debug[13:16:28]: log_breakpoint 
Debug[13:16:28]: 5 
Debug[13:16:29]: signal in logmode 
Debug[13:16:29]: "INF(13:16:29.070):Mode is OK" 
Debug[13:16:29]: log_breakpoint 
Debug[13:16:29]: 5 
Debug[13:16:29]: signal in logmode 
Debug[13:16:29]: "INF(13:16:29.073):Attempt" 
Debug[13:16:29]: log_breakpoint 
Debug[13:16:29]: 5 
Debug[13:16:29]: signal in logmode 
Debug[13:16:29]: "INF(13:16:29.078):RDUM master connected" 
Debug[13:16:29]: log_breakpoint 
Debug[13:16:29]: 5 
Debug[13:16:29]: signal in logmode 
Debug[13:16:29]: "INF(13:16:29.080):Connected to \\.\COM36" 
Debug[13:16:29]: log_breakpoint 
Debug[13:16:29]: 5 
Warning[13:16:29]: Could not parse stylesheet of widget 0x3148470
Debug[13:16:29]: "Resume:Logs" 
Debug[13:16:29]: "Resume:Settings" 
Debug[13:16:29]: "Resume:UartUartController" 
Debug[13:16:29]: "Resume:UartSpiController" 
Debug[13:16:29]: "Resume:UartSsiController" 
Debug[13:16:29]: "Resume:DSI3Master" 
Debug[13:16:29]: "Resume:ASICMaster" 
Debug[13:16:29]: "Resume:RDUMMaster" 
Debug[13:16:29]: "Resume:DSI3Slave" 
Debug[13:16:29]: "Resume:Measurement" 
Debug[13:16:29]: "Resume:CFARsim" 
Debug[13:16:58]: "Suspend:Settings" 
Debug[13:16:58]: "Suspend:UartUartController" 
Debug[13:16:58]: "Suspend:UartSpiController" 
Debug[13:16:58]: "Suspend:UartSsiController" 
Debug[13:16:58]: "Suspend:DSI3Master" 
Debug[13:16:58]: "Suspend:ASICMaster" 
Debug[13:16:58]: "Suspend:RDUMMaster" 
Debug[13:16:58]: "Suspend:DSI3Slave" 
Debug[13:16:58]: "Suspend:Measurement" 
Debug[13:16:58]: "Suspend:CFARsim" 
Debug[13:16:58]: signal in logmode 
Debug[13:16:58]: "INF(13:16:58.486):Disconnect by user" 
Debug[13:16:58]: log_breakpoint 
Debug[13:16:58]: 5 
Debug[13:16:58]: signal in logmode 
Debug[13:16:58]: "INF(13:16:58.647):Disconnect by user" 
Debug[13:16:58]: log_breakpoint 
Debug[13:16:58]: 5 
Warning[13:17:10]: QObject::connect: Cannot connect LocalServer::log(int,QString) to (null)::slot_addLog(int,QString)
Debug[13:17:10]: LocalServer:new "\\.\pipe\DSI3PAS" 
Debug[13:17:10]: Register specific 
Debug[13:17:11]: DynScaleCaclulate 
Debug[13:17:11]: "init 2 UartUartController" 
Debug[13:17:11]: Ok 
Debug[13:17:11]: "init 3 UartSpiController" 
Debug[13:17:11]: Ok 
Debug[13:17:11]: "init 4 UartSsiController" 
Debug[13:17:11]: Ok 
Debug[13:17:11]: "init 5 DSI3Master" 
Debug[13:17:11]: Ok 
Debug[13:17:11]: "init 6 ASICMaster" 
Debug[13:17:11]: Ok 
Debug[13:17:11]: "init 7 RDUMMaster" 
Debug[13:17:11]: Ok 
Debug[13:17:11]: "init 8 DSI3Slave" 
Debug[13:17:12]: Ok 
Debug[13:17:12]: "init 9 Measurement" 
Debug[13:17:12]: Ok 
Debug[13:17:12]: "init 10 CFARsim" 
Debug[13:17:12]: Ok 
Debug[13:17:12]: MainApp Starting... 
Debug[13:17:13]: Add applets to MainWindow...
 
Debug[13:17:13]: Initialize Connection... 
Debug[13:17:14]: signal in logmode 
Debug[13:17:14]: "INF(13:17:14.076):Mode is OK" 
Debug[13:17:14]: log_breakpoint 
Debug[13:17:14]: 5 
Debug[13:17:14]: signal in logmode 
Debug[13:17:14]: "INF(13:17:14.078):Attempt" 
Debug[13:17:14]: log_breakpoint 
Debug[13:17:14]: 5 
Debug[13:17:14]: signal in logmode 
Debug[13:17:14]: "INF(13:17:14.387):Attempt" 
Debug[13:17:14]: log_breakpoint 
Debug[13:17:14]: 5 
Debug[13:17:14]: signal in logmode 
Debug[13:17:14]: "INF(13:17:14.696):Attempt" 
Debug[13:17:14]: log_breakpoint 
Debug[13:17:14]: 5 
Debug[13:17:15]: signal in logmode 
Debug[13:17:15]: "INF(13:17:15.006):Mode is OK" 
Debug[13:17:15]: log_breakpoint 
Debug[13:17:15]: 5 
Debug[13:17:15]: signal in logmode 
Debug[13:17:15]: "INF(13:17:15.011):Attempt" 
Debug[13:17:15]: log_breakpoint 
Debug[13:17:15]: 5 
Debug[13:17:15]: signal in logmode 
Debug[13:17:15]: "INF(13:17:15.316):Attempt" 
Debug[13:17:15]: log_breakpoint 
Debug[13:17:15]: 5 
Debug[13:17:15]: signal in logmode 
Debug[13:17:15]: "INF(13:17:15.628):Attempt" 
Debug[13:17:15]: log_breakpoint 
Debug[13:17:15]: 5 
Debug[13:17:15]: signal in logmode 
Debug[13:17:15]: "INF(13:17:15.942):Mode is OK" 
Debug[13:17:15]: log_breakpoint 
Debug[13:17:15]: 5 
Debug[13:17:15]: signal in logmode 
Debug[13:17:15]: "INF(13:17:15.947):Attempt" 
Debug[13:17:15]: log_breakpoint 
Debug[13:17:15]: 5 
Debug[13:17:16]: signal in logmode 
Debug[13:17:16]: "INF(13:17:16.101):Mode is OK" 
Debug[13:17:16]: log_breakpoint 
Debug[13:17:16]: 5 
Debug[13:17:16]: signal in logmode 
Debug[13:17:16]: "INF(13:17:16.105):Attempt" 
Debug[13:17:16]: log_breakpoint 
Debug[13:17:16]: 5 
Debug[13:17:16]: signal in logmode 
Debug[13:17:16]: "INF(13:17:16.424):Attempt" 
Debug[13:17:16]: log_breakpoint 
Debug[13:17:16]: 5 
Debug[13:17:16]: signal in logmode 
Debug[13:17:16]: "INF(13:17:16.736):Attempt" 
Debug[13:17:16]: log_breakpoint 
Debug[13:17:16]: 5 
Debug[13:17:17]: signal in logmode 
Debug[13:17:17]: "INF(13:17:17.046):Mode is OK" 
Debug[13:17:17]: log_breakpoint 
Debug[13:17:17]: 5 
Debug[13:17:17]: signal in logmode 
Debug[13:17:17]: "INF(13:17:17.051):Attempt" 
Debug[13:17:17]: log_breakpoint 
Debug[13:17:17]: 5 
Debug[13:17:17]: signal in logmode 
Debug[13:17:17]: "INF(13:17:17.357):Attempt" 
Debug[13:17:17]: log_breakpoint 
Debug[13:17:17]: 5 
Debug[13:17:17]: signal in logmode 
Debug[13:17:17]: "INF(13:17:17.672):Attempt" 
Debug[13:17:17]: log_breakpoint 
Debug[13:17:17]: 5 
Debug[13:17:17]: signal in logmode 
Debug[13:17:17]: "INF(13:17:17.981):Mode is OK" 
Debug[13:17:17]: log_breakpoint 
Debug[13:17:17]: 5 
Debug[13:17:17]: signal in logmode 
Debug[13:17:17]: "INF(13:17:17.983):Attempt" 
Debug[13:17:17]: log_breakpoint 
Debug[13:17:17]: 5 
Debug[13:17:18]: signal in logmode 
Debug[13:17:18]: "INF(13:17:18.294):Attempt" 
Debug[13:17:18]: log_breakpoint 
Debug[13:17:18]: 5 
Debug[13:17:18]: signal in logmode 
Debug[13:17:18]: "INF(13:17:18.604):Attempt" 
Debug[13:17:18]: log_breakpoint 
Debug[13:17:18]: 5 
Debug[13:17:26]: signal in logmode 
Debug[13:17:26]: "INF(13:17:26.835):Mode is OK" 
Debug[13:17:26]: log_breakpoint 
Debug[13:17:26]: 5 
Debug[13:17:26]: signal in logmode 
Debug[13:17:26]: "INF(13:17:26.838):Attempt" 
Debug[13:17:26]: log_breakpoint 
Debug[13:17:26]: 5 
Debug[13:17:27]: signal in logmode 
Debug[13:17:27]: "INF(13:17:27.151):Attempt" 
Debug[13:17:27]: log_breakpoint 
Debug[13:17:27]: 5 
Debug[13:17:27]: signal in logmode 
Debug[13:17:27]: "INF(13:17:27.463):Attempt" 
Debug[13:17:27]: log_breakpoint 
Debug[13:17:27]: 5 
Debug[13:17:27]: signal in logmode 
Debug[13:17:27]: "INF(13:17:27.776):Mode is OK" 
Debug[13:17:27]: log_breakpoint 
Debug[13:17:27]: 5 
Debug[13:17:27]: signal in logmode 
Debug[13:17:27]: "INF(13:17:27.779):Attempt" 
Debug[13:17:27]: log_breakpoint 
Debug[13:17:27]: 5 
Debug[13:17:28]: signal in logmode 
Debug[13:17:28]: "INF(13:17:28.087):Attempt" 
Debug[13:17:28]: log_breakpoint 
Debug[13:17:28]: 5 
Debug[13:17:28]: signal in logmode 
Debug[13:17:28]: "INF(13:17:28.398):Attempt" 
Debug[13:17:28]: log_breakpoint 
Debug[13:17:28]: 5 
Debug[13:17:28]: signal in logmode 
Debug[13:17:28]: "INF(13:17:28.709):Mode is OK" 
Debug[13:17:28]: log_breakpoint 
Debug[13:17:28]: 5 
Debug[13:17:28]: signal in logmode 
Debug[13:17:28]: "INF(13:17:28.712):Attempt" 
Debug[13:17:28]: log_breakpoint 
Debug[13:17:28]: 5 
Debug[13:17:28]: signal in logmode 
Debug[13:17:28]: "INF(13:17:28.719):RDUM master connected" 
Debug[13:17:28]: log_breakpoint 
Debug[13:17:28]: 5 
Debug[13:17:28]: signal in logmode 
Debug[13:17:28]: "INF(13:17:28.721):Connected to \\.\COM36" 
Debug[13:17:28]: log_breakpoint 
Debug[13:17:28]: 5 
Warning[13:17:28]: Could not parse stylesheet of widget 0x2eb7e90
Debug[13:17:28]: "Resume:Logs" 
Debug[13:17:28]: "Resume:Settings" 
Debug[13:17:28]: "Resume:UartUartController" 
Debug[13:17:28]: "Resume:UartSpiController" 
Debug[13:17:28]: "Resume:UartSsiController" 
Debug[13:17:28]: "Resume:DSI3Master" 
Debug[13:17:28]: "Resume:ASICMaster" 
Debug[13:17:28]: "Resume:RDUMMaster" 
Debug[13:17:28]: "Resume:DSI3Slave" 
Debug[13:17:28]: "Resume:Measurement" 
Debug[13:17:28]: "Resume:CFARsim" 
Debug[13:17:58]: "Suspend:Settings" 
Debug[13:17:58]: "Suspend:UartUartController" 
Debug[13:17:58]: "Suspend:UartSpiController" 
Debug[13:17:58]: "Suspend:UartSsiController" 
Debug[13:17:58]: "Suspend:DSI3Master" 
Debug[13:17:58]: "Suspend:ASICMaster" 
Debug[13:17:58]: "Suspend:RDUMMaster" 
Debug[13:17:58]: "Suspend:DSI3Slave" 
Debug[13:17:58]: "Suspend:Measurement" 
Debug[13:17:58]: "Suspend:CFARsim" 
Debug[13:17:58]: signal in logmode 
Debug[13:17:58]: "INF(13:17:58.953):Disconnect by user" 
Debug[13:17:58]: log_breakpoint 
Debug[13:17:58]: 5 
Debug[13:17:59]: signal in logmode 
Debug[13:17:59]: "INF(13:17:59.092):Disconnect by user" 
Debug[13:17:59]: log_breakpoint 
Debug[13:17:59]: 5 
Warning[13:18:31]: QObject::connect: Cannot connect LocalServer::log(int,QString) to (null)::slot_addLog(int,QString)
Debug[13:18:31]: LocalServer:new "\\.\pipe\DSI3PAS" 
Debug[13:18:31]: Register specific 
Debug[13:18:32]: DynScaleCaclulate 
Debug[13:18:32]: "init 2 UartUartController" 
Debug[13:18:32]: Ok 
Debug[13:18:32]: "init 3 UartSpiController" 
Debug[13:18:32]: Ok 
Debug[13:18:32]: "init 4 UartSsiController" 
Debug[13:18:32]: Ok 
Debug[13:18:32]: "init 5 DSI3Master" 
Debug[13:18:32]: Ok 
Debug[13:18:32]: "init 6 ASICMaster" 
Debug[13:18:32]: Ok 
Debug[13:18:32]: "init 7 RDUMMaster" 
Debug[13:18:32]: Ok 
Debug[13:18:32]: "init 8 DSI3Slave" 
Debug[13:18:32]: Ok 
Debug[13:18:32]: "init 9 Measurement" 
Debug[13:18:33]: Ok 
Debug[13:18:33]: "init 10 CFARsim" 
Debug[13:18:33]: Ok 
Debug[13:18:33]: MainApp Starting... 
Debug[13:18:34]: Add applets to MainWindow...
 
Debug[13:18:34]: Initialize Connection... 
Debug[13:18:35]: signal in logmode 
Debug[13:18:35]: "INF(13:18:35.010):Mode is OK" 
Debug[13:18:35]: log_breakpoint 
Debug[13:18:35]: 5 
Debug[13:18:35]: signal in logmode 
Debug[13:18:35]: "INF(13:18:35.012):Attempt" 
Debug[13:18:35]: log_breakpoint 
Debug[13:18:35]: 5 
Debug[13:18:35]: signal in logmode 
Debug[13:18:35]: "INF(13:18:35.319):Attempt" 
Debug[13:18:35]: log_breakpoint 
Debug[13:18:35]: 5 
Debug[13:18:35]: signal in logmode 
Debug[13:18:35]: "INF(13:18:35.630):Attempt" 
Debug[13:18:35]: log_breakpoint 
Debug[13:18:35]: 5 
Debug[13:18:35]: signal in logmode 
Debug[13:18:35]: "INF(13:18:35.943):Mode is OK" 
Debug[13:18:35]: log_breakpoint 
Debug[13:18:35]: 5 
Debug[13:18:35]: signal in logmode 
Debug[13:18:35]: "INF(13:18:35.945):Attempt" 
Debug[13:18:35]: log_breakpoint 
Debug[13:18:35]: 5 
Debug[13:18:36]: signal in logmode 
Debug[13:18:36]: "INF(13:18:36.255):Attempt" 
Debug[13:18:36]: log_breakpoint 
Debug[13:18:36]: 5 
Debug[13:18:36]: signal in logmode 
Debug[13:18:36]: "INF(13:18:36.566):Attempt" 
Debug[13:18:36]: log_breakpoint 
Debug[13:18:36]: 5 
Debug[13:18:36]: signal in logmode 
Debug[13:18:36]: "INF(13:18:36.876):Mode is OK" 
Debug[13:18:36]: log_breakpoint 
Debug[13:18:36]: 5 
Debug[13:18:36]: signal in logmode 
Debug[13:18:36]: "INF(13:18:36.880):Attempt" 
Debug[13:18:36]: log_breakpoint 
Debug[13:18:36]: 5 
Debug[13:18:37]: signal in logmode 
Debug[13:18:37]: "INF(13:18:37.037):Mode is OK" 
Debug[13:18:37]: log_breakpoint 
Debug[13:18:37]: 5 
Debug[13:18:37]: signal in logmode 
Debug[13:18:37]: "INF(13:18:37.041):Attempt" 
Debug[13:18:37]: log_breakpoint 
Debug[13:18:37]: 5 
Debug[13:18:37]: signal in logmode 
Debug[13:18:37]: "INF(13:18:37.347):Attempt" 
Debug[13:18:37]: log_breakpoint 
Debug[13:18:37]: 5 
Debug[13:18:37]: signal in logmode 
Debug[13:18:37]: "INF(13:18:37.659):Attempt" 
Debug[13:18:37]: log_breakpoint 
Debug[13:18:37]: 5 
Debug[13:18:37]: signal in logmode 
Debug[13:18:37]: "INF(13:18:37.970):Mode is OK" 
Debug[13:18:37]: log_breakpoint 
Debug[13:18:37]: 5 
Debug[13:18:37]: signal in logmode 
Debug[13:18:37]: "INF(13:18:37.971):Attempt" 
Debug[13:18:37]: log_breakpoint 
Debug[13:18:37]: 5 
Debug[13:18:38]: signal in logmode 
Debug[13:18:38]: "INF(13:18:38.281):Attempt" 
Debug[13:18:38]: log_breakpoint 
Debug[13:18:38]: 5 
Debug[13:18:38]: signal in logmode 
Debug[13:18:38]: "INF(13:18:38.593):Attempt" 
Debug[13:18:38]: log_breakpoint 
Debug[13:18:38]: 5 
Debug[13:18:38]: signal in logmode 
Debug[13:18:38]: "INF(13:18:38.905):Mode is OK" 
Debug[13:18:38]: log_breakpoint 
Debug[13:18:38]: 5 
Debug[13:18:38]: signal in logmode 
Debug[13:18:38]: "INF(13:18:38.908):Attempt" 
Debug[13:18:38]: log_breakpoint 
Debug[13:18:38]: 5 
Debug[13:18:39]: signal in logmode 
Debug[13:18:39]: "INF(13:18:39.216):Attempt" 
Debug[13:18:39]: log_breakpoint 
Debug[13:18:39]: 5 
Debug[13:18:39]: signal in logmode 
Debug[13:18:39]: "INF(13:18:39.527):Attempt" 
Debug[13:18:39]: log_breakpoint 
Debug[13:18:39]: 5 
Debug[13:38:31]: signal in logmode 
Debug[13:38:31]: "INF(13:38:31.629):Mode is OK" 
Debug[13:38:31]: log_breakpoint 
Debug[13:38:31]: 5 
Debug[13:38:31]: signal in logmode 
Debug[13:38:31]: "INF(13:38:31.632):Attempt" 
Debug[13:38:31]: log_breakpoint 
Debug[13:38:31]: 5 
Debug[13:38:31]: signal in logmode 
Debug[13:38:31]: "INF(13:38:31.940):Attempt" 
Debug[13:38:31]: log_breakpoint 
Debug[13:38:31]: 5 
Debug[13:38:32]: signal in logmode 
Debug[13:38:32]: "INF(13:38:32.253):Attempt" 
Debug[13:38:32]: log_breakpoint 
Debug[13:38:32]: 5 
Debug[13:38:32]: signal in logmode 
Debug[13:38:32]: "INF(13:38:32.566):Mode is OK" 
Debug[13:38:32]: log_breakpoint 
Debug[13:38:32]: 5 
Debug[13:38:32]: signal in logmode 
Debug[13:38:32]: "INF(13:38:32.573):Attempt" 
Debug[13:38:32]: log_breakpoint 
Debug[13:38:32]: 5 
Debug[13:38:32]: signal in logmode 
Debug[13:38:32]: "INF(13:38:32.892):Attempt" 
Debug[13:38:32]: log_breakpoint 
Debug[13:38:32]: 5 
Debug[13:38:33]: signal in logmode 
Debug[13:38:33]: "INF(13:38:33.207):Attempt" 
Debug[13:38:33]: log_breakpoint 
Debug[13:38:33]: 5 
Debug[13:38:33]: signal in logmode 
Debug[13:38:33]: "INF(13:38:33.519):Mode is OK" 
Debug[13:38:33]: log_breakpoint 
Debug[13:38:33]: 5 
Debug[13:38:33]: signal in logmode 
Debug[13:38:33]: "INF(13:38:33.524):Attempt" 
Debug[13:38:33]: log_breakpoint 
Debug[13:38:33]: 5 
Debug[13:38:33]: signal in logmode 
Debug[13:38:33]: "INF(13:38:33.531):RDUM master connected" 
Debug[13:38:33]: log_breakpoint 
Debug[13:38:33]: 5 
Debug[13:38:33]: signal in logmode 
Debug[13:38:33]: "INF(13:38:33.535):Connected to \\.\COM36" 
Debug[13:38:33]: log_breakpoint 
Debug[13:38:33]: 5 
Warning[13:38:33]: Could not parse stylesheet of widget 0x2c27cf0
Debug[13:38:33]: "Resume:Logs" 
Debug[13:38:33]: "Resume:Settings" 
Debug[13:38:33]: "Resume:UartUartController" 
Debug[13:38:33]: "Resume:UartSpiController" 
Debug[13:38:33]: "Resume:UartSsiController" 
Debug[13:38:33]: "Resume:DSI3Master" 
Debug[13:38:33]: "Resume:ASICMaster" 
Debug[13:38:33]: "Resume:RDUMMaster" 
Debug[13:38:33]: "Resume:DSI3Slave" 
Debug[13:38:33]: "Resume:Measurement" 
Debug[13:38:33]: "Resume:CFARsim" 
Debug[13:39:19]: "Suspend:Settings" 
Debug[13:39:19]: "Suspend:UartUartController" 
Debug[13:39:19]: "Suspend:UartSpiController" 
Debug[13:39:19]: "Suspend:UartSsiController" 
Debug[13:39:19]: "Suspend:DSI3Master" 
Debug[13:39:19]: "Suspend:ASICMaster" 
Debug[13:39:19]: "Suspend:RDUMMaster" 
Debug[13:39:19]: "Suspend:DSI3Slave" 
Debug[13:39:19]: "Suspend:Measurement" 
Debug[13:39:19]: "Suspend:CFARsim" 
Debug[13:39:19]: signal in logmode 
Debug[13:39:19]: "INF(13:39:19.071):Disconnect by user" 
Debug[13:39:19]: log_breakpoint 
Debug[13:39:19]: 5 
Debug[13:39:19]: signal in logmode 
Debug[13:39:19]: "INF(13:39:19.219):Disconnect by user" 
Debug[13:39:19]: log_breakpoint 
Debug[13:39:19]: 5 
Warning[13:39:38]: QObject::connect: Cannot connect LocalServer::log(int,QString) to (null)::slot_addLog(int,QString)
Debug[13:39:38]: LocalServer:new "\\.\pipe\DSI3PAS" 
Debug[13:39:38]: Register specific 
Debug[13:39:38]: DynScaleCaclulate 
Debug[13:39:39]: "init 2 UartUartController" 
Debug[13:39:39]: Ok 
Debug[13:39:39]: "init 3 UartSpiController" 
Debug[13:39:39]: Ok 
Debug[13:39:39]: "init 4 UartSsiController" 
Debug[13:39:39]: Ok 
Debug[13:39:39]: "init 5 DSI3Master" 
Debug[13:39:39]: Ok 
Debug[13:39:39]: "init 6 ASICMaster" 
Debug[13:39:39]: Ok 
Debug[13:39:39]: "init 7 RDUMMaster" 
Debug[13:39:39]: Ok 
Debug[13:39:39]: "init 8 DSI3Slave" 
Debug[13:39:39]: Ok 
Debug[13:39:39]: "init 9 Measurement" 
Debug[13:39:40]: Ok 
Debug[13:39:40]: "init 10 CFARsim" 
Debug[13:39:40]: Ok 
Debug[13:39:40]: MainApp Starting... 
Debug[13:39:41]: Add applets to MainWindow...
 
Debug[13:39:41]: Initialize Connection... 
Debug[13:39:41]: signal in logmode 
Debug[13:39:41]: "INF(13:39:41.940):Mode is OK" 
Debug[13:39:41]: log_breakpoint 
Debug[13:39:41]: 5 
Debug[13:39:41]: signal in logmode 
Debug[13:39:41]: "INF(13:39:41.942):Attempt" 
Debug[13:39:41]: log_breakpoint 
Debug[13:39:41]: 5 
Debug[13:39:42]: signal in logmode 
Debug[13:39:42]: "INF(13:39:42.249):Attempt" 
Debug[13:39:42]: log_breakpoint 
Debug[13:39:42]: 5 
Debug[13:39:42]: signal in logmode 
Debug[13:39:42]: "INF(13:39:42.561):Attempt" 
Debug[13:39:42]: log_breakpoint 
Debug[13:39:42]: 5 
Debug[13:39:42]: signal in logmode 
Debug[13:39:42]: "INF(13:39:42.872):Mode is OK" 
Debug[13:39:42]: log_breakpoint 
Debug[13:39:42]: 5 
Debug[13:39:42]: signal in logmode 
Debug[13:39:42]: "INF(13:39:42.873):Attempt" 
Debug[13:39:42]: log_breakpoint 
Debug[13:39:42]: 5 
Debug[13:39:43]: signal in logmode 
Debug[13:39:43]: "INF(13:39:43.185):Attempt" 
Debug[13:39:43]: log_breakpoint 
Debug[13:39:43]: 5 
Debug[13:39:43]: signal in logmode 
Debug[13:39:43]: "INF(13:39:43.498):Attempt" 
Debug[13:39:43]: log_breakpoint 
Debug[13:39:43]: 5 
Debug[13:39:43]: signal in logmode 
Debug[13:39:43]: "INF(13:39:43.811):Mode is OK" 
Debug[13:39:43]: log_breakpoint 
Debug[13:39:43]: 5 
Debug[13:39:43]: signal in logmode 
Debug[13:39:43]: "INF(13:39:43.815):Attempt" 
Debug[13:39:43]: log_breakpoint 
Debug[13:39:43]: 5 
Debug[13:39:43]: signal in logmode 
Debug[13:39:43]: "INF(13:39:43.969):Mode is OK" 
Debug[13:39:43]: log_breakpoint 
Debug[13:39:43]: 5 
Debug[13:39:43]: signal in logmode 
Debug[13:39:43]: "INF(13:39:43.971):Attempt" 
Debug[13:39:43]: log_breakpoint 
Debug[13:39:43]: 5 
Debug[13:39:44]: signal in logmode 
Debug[13:39:44]: "INF(13:39:44.281):Attempt" 
Debug[13:39:44]: log_breakpoint 
Debug[13:39:44]: 5 
Debug[13:39:44]: signal in logmode 
Debug[13:39:44]: "INF(13:39:44.597):Attempt" 
Debug[13:39:44]: log_breakpoint 
Debug[13:39:44]: 5 
Debug[13:39:44]: signal in logmode 
Debug[13:39:44]: "INF(13:39:44.908):Mode is OK" 
Debug[13:39:44]: log_breakpoint 
Debug[13:39:44]: 5 
Debug[13:39:44]: signal in logmode 
Debug[13:39:44]: "INF(13:39:44.910):Attempt" 
Debug[13:39:44]: log_breakpoint 
Debug[13:39:44]: 5 
Debug[13:39:45]: signal in logmode 
Debug[13:39:45]: "INF(13:39:45.222):Attempt" 
Debug[13:39:45]: log_breakpoint 
Debug[13:39:45]: 5 
Debug[13:39:45]: signal in logmode 
Debug[13:39:45]: "INF(13:39:45.530):Attempt" 
Debug[13:39:45]: log_breakpoint 
Debug[13:39:45]: 5 
Debug[13:39:45]: signal in logmode 
Debug[13:39:45]: "INF(13:39:45.843):Mode is OK" 
Debug[13:39:45]: log_breakpoint 
Debug[13:39:45]: 5 
Debug[13:39:45]: signal in logmode 
Debug[13:39:45]: "INF(13:39:45.847):Attempt" 
Debug[13:39:45]: log_breakpoint 
Debug[13:39:45]: 5 
Debug[13:39:46]: signal in logmode 
Debug[13:39:46]: "INF(13:39:46.158):Attempt" 
Debug[13:39:46]: log_breakpoint 
Debug[13:39:46]: 5 
Debug[13:39:46]: signal in logmode 
Debug[13:39:46]: "INF(13:39:46.471):Attempt" 
Debug[13:39:46]: log_breakpoint 
Debug[13:39:46]: 5 
Debug[13:40:01]: signal in logmode 
Debug[13:40:01]: "INF(13:40:01.472):Mode is OK" 
Debug[13:40:01]: log_breakpoint 
Debug[13:40:01]: 5 
Debug[13:40:01]: signal in logmode 
Debug[13:40:01]: "INF(13:40:01.473):Attempt" 
Debug[13:40:01]: log_breakpoint 
Debug[13:40:01]: 5 
Debug[13:40:01]: signal in logmode 
Debug[13:40:01]: "INF(13:40:01.779):Attempt" 
Debug[13:40:01]: log_breakpoint 
Debug[13:40:01]: 5 
Debug[13:40:02]: signal in logmode 
Debug[13:40:02]: "INF(13:40:02.092):Attempt" 
Debug[13:40:02]: log_breakpoint 
Debug[13:40:02]: 5 
Debug[13:40:02]: signal in logmode 
Debug[13:40:02]: "INF(13:40:02.402):Mode is OK" 
Debug[13:40:02]: log_breakpoint 
Debug[13:40:02]: 5 
Debug[13:40:02]: signal in logmode 
Debug[13:40:02]: "INF(13:40:02.405):Attempt" 
Debug[13:40:02]: log_breakpoint 
Debug[13:40:02]: 5 
Debug[13:40:02]: signal in logmode 
Debug[13:40:02]: "INF(13:40:02.717):Attempt" 
Debug[13:40:02]: log_breakpoint 
Debug[13:40:02]: 5 
Debug[13:40:03]: signal in logmode 
Debug[13:40:03]: "INF(13:40:03.026):Attempt" 
Debug[13:40:03]: log_breakpoint 
Debug[13:40:03]: 5 
Debug[13:40:03]: signal in logmode 
Debug[13:40:03]: "INF(13:40:03.338):Mode is OK" 
Debug[13:40:03]: log_breakpoint 
Debug[13:40:03]: 5 
Debug[13:40:03]: signal in logmode 
Debug[13:40:03]: "INF(13:40:03.341):Attempt" 
Debug[13:40:03]: log_breakpoint 
Debug[13:40:03]: 5 
Debug[13:40:03]: signal in logmode 
Debug[13:40:03]: "INF(13:40:03.370):RDUM master connected" 
Debug[13:40:03]: log_breakpoint 
Debug[13:40:03]: 5 
Debug[13:40:03]: signal in logmode 
Debug[13:40:03]: "INF(13:40:03.372):Connected to \\.\COM36" 
Debug[13:40:03]: log_breakpoint 
Debug[13:40:03]: 5 
Warning[13:40:03]: Could not parse stylesheet of widget 0x2f47af0
Debug[13:40:03]: "Resume:Logs" 
Debug[13:40:03]: "Resume:Settings" 
Debug[13:40:03]: "Resume:UartUartController" 
Debug[13:40:03]: "Resume:UartSpiController" 
Debug[13:40:03]: "Resume:UartSsiController" 
Debug[13:40:03]: "Resume:DSI3Master" 
Debug[13:40:03]: "Resume:ASICMaster" 
Debug[13:40:03]: "Resume:RDUMMaster" 
Debug[13:40:03]: "Resume:DSI3Slave" 
Debug[13:40:03]: "Resume:Measurement" 
Debug[13:40:03]: "Resume:CFARsim" 
Debug[13:49:53]: "Suspend:Settings" 
Debug[13:49:53]: "Suspend:UartUartController" 
Debug[13:49:53]: "Suspend:UartSpiController" 
Debug[13:49:53]: "Suspend:UartSsiController" 
Debug[13:49:53]: "Suspend:DSI3Master" 
Debug[13:49:53]: "Suspend:ASICMaster" 
Debug[13:49:53]: "Suspend:RDUMMaster" 
Debug[13:49:53]: "Suspend:DSI3Slave" 
Debug[13:49:53]: "Suspend:Measurement" 
Debug[13:49:53]: "Suspend:CFARsim" 
Debug[13:49:53]: signal in logmode 
Debug[13:49:53]: "INF(13:49:53.349):Disconnect by user" 
Debug[13:49:53]: log_breakpoint 
Debug[13:49:53]: 5 
Debug[13:49:53]: signal in logmode 
Debug[13:49:53]: "INF(13:49:53.497):Disconnect by user" 
Debug[13:49:53]: log_breakpoint 
Debug[13:49:53]: 5 
Warning[13:50:37]: QObject::connect: Cannot connect LocalServer::log(int,QString) to (null)::slot_addLog(int,QString)
Debug[13:50:37]: LocalServer:new "\\.\pipe\DSI3PAS" 
Debug[13:50:37]: Register specific 
Debug[13:50:38]: DynScaleCaclulate 
Debug[13:50:38]: "init 2 UartUartController" 
Debug[13:50:38]: Ok 
Debug[13:50:38]: "init 3 UartSpiController" 
Debug[13:50:38]: Ok 
Debug[13:50:38]: "init 4 UartSsiController" 
Debug[13:50:38]: Ok 
Debug[13:50:38]: "init 5 DSI3Master" 
Debug[13:50:38]: Ok 
Debug[13:50:38]: "init 6 ASICMaster" 
Debug[13:50:38]: Ok 
Debug[13:50:38]: "init 7 RDUMMaster" 
Debug[13:50:38]: Ok 
Debug[13:50:38]: "init 8 DSI3Slave" 
Debug[13:50:39]: Ok 
Debug[13:50:39]: "init 9 Measurement" 
Debug[13:50:40]: Ok 
Debug[13:50:40]: "init 10 CFARsim" 
Debug[13:50:40]: Ok 
Debug[13:50:40]: MainApp Starting... 
Debug[13:50:41]: Add applets to MainWindow...
 
Debug[13:50:41]: Initialize Connection... 
Debug[13:50:41]: signal in logmode 
Debug[13:50:41]: "INF(13:50:41.521):Mode is OK" 
Debug[13:50:41]: log_breakpoint 
Debug[13:50:41]: 5 
Debug[13:50:41]: signal in logmode 
Debug[13:50:41]: "INF(13:50:41.523):Attempt" 
Debug[13:50:41]: log_breakpoint 
Debug[13:50:41]: 5 
Debug[13:50:41]: signal in logmode 
Debug[13:50:41]: "INF(13:50:41.832):Attempt" 
Debug[13:50:41]: log_breakpoint 
Debug[13:50:41]: 5 
Debug[13:50:42]: signal in logmode 
Debug[13:50:42]: "INF(13:50:42.143):Attempt" 
Debug[13:50:42]: log_breakpoint 
Debug[13:50:42]: 5 
Debug[13:50:42]: signal in logmode 
Debug[13:50:42]: "INF(13:50:42.457):Mode is OK" 
Debug[13:50:42]: log_breakpoint 
Debug[13:50:42]: 5 
Debug[13:50:42]: signal in logmode 
Debug[13:50:42]: "INF(13:50:42.460):Attempt" 
Debug[13:50:42]: log_breakpoint 
Debug[13:50:42]: 5 
Debug[13:50:42]: signal in logmode 
Debug[13:50:42]: "INF(13:50:42.769):Attempt" 
Debug[13:50:42]: log_breakpoint 
Debug[13:50:42]: 5 
Debug[13:50:43]: signal in logmode 
Debug[13:50:43]: "INF(13:50:43.082):Attempt" 
Debug[13:50:43]: log_breakpoint 
Debug[13:50:43]: 5 
Debug[13:50:43]: signal in logmode 
Debug[13:50:43]: "INF(13:50:43.394):Mode is OK" 
Debug[13:50:43]: log_breakpoint 
Debug[13:50:43]: 5 
Debug[13:50:43]: signal in logmode 
Debug[13:50:43]: "INF(13:50:43.397):Attempt" 
Debug[13:50:43]: log_breakpoint 
Debug[13:50:43]: 5 
Debug[13:50:43]: signal in logmode 
Debug[13:50:43]: "INF(13:50:43.556):Mode is OK" 
Debug[13:50:43]: log_breakpoint 
Debug[13:50:43]: 5 
Debug[13:50:43]: signal in logmode 
Debug[13:50:43]: "INF(13:50:43.558):Attempt" 
Debug[13:50:43]: log_breakpoint 
Debug[13:50:43]: 5 
Debug[13:50:43]: signal in logmode 
Debug[13:50:43]: "INF(13:50:43.864):Attempt" 
Debug[13:50:43]: log_breakpoint 
Debug[13:50:43]: 5 
Debug[13:50:44]: signal in logmode 
Debug[13:50:44]: "INF(13:50:44.174):Attempt" 
Debug[13:50:44]: log_breakpoint 
Debug[13:50:44]: 5 
Debug[13:50:44]: signal in logmode 
Debug[13:50:44]: "INF(13:50:44.489):Mode is OK" 
Debug[13:50:44]: log_breakpoint 
Debug[13:50:44]: 5 
Debug[13:50:44]: signal in logmode 
Debug[13:50:44]: "INF(13:50:44.491):Attempt" 
Debug[13:50:44]: log_breakpoint 
Debug[13:50:44]: 5 
Debug[13:50:44]: signal in logmode 
Debug[13:50:44]: "INF(13:50:44.804):Attempt" 
Debug[13:50:44]: log_breakpoint 
Debug[13:50:44]: 5 
Debug[13:50:45]: signal in logmode 
Debug[13:50:45]: "INF(13:50:45.115):Attempt" 
Debug[13:50:45]: log_breakpoint 
Debug[13:50:45]: 5 
Debug[13:50:45]: signal in logmode 
Debug[13:50:45]: "INF(13:50:45.425):Mode is OK" 
Debug[13:50:45]: log_breakpoint 
Debug[13:50:45]: 5 
Debug[13:50:45]: signal in logmode 
Debug[13:50:45]: "INF(13:50:45.427):Attempt" 
Debug[13:50:45]: log_breakpoint 
Debug[13:50:45]: 5 
Debug[13:50:45]: signal in logmode 
Debug[13:50:45]: "INF(13:50:45.737):Attempt" 
Debug[13:50:45]: log_breakpoint 
Debug[13:50:45]: 5 
Debug[13:50:46]: signal in logmode 
Debug[13:50:46]: "INF(13:50:46.049):Attempt" 
Debug[13:50:46]: log_breakpoint 
Debug[13:50:46]: 5 
Debug[13:50:52]: signal in logmode 
Debug[13:50:52]: "INF(13:50:52.676):Mode is OK" 
Debug[13:50:52]: log_breakpoint 
Debug[13:50:52]: 5 
Debug[13:50:52]: signal in logmode 
Debug[13:50:52]: "INF(13:50:52.679):Attempt" 
Debug[13:50:52]: log_breakpoint 
Debug[13:50:52]: 5 
Debug[13:50:52]: signal in logmode 
Debug[13:50:52]: "INF(13:50:52.990):Attempt" 
Debug[13:50:52]: log_breakpoint 
Debug[13:50:52]: 5 
Debug[13:50:53]: signal in logmode 
Debug[13:50:53]: "INF(13:50:53.302):Attempt" 
Debug[13:50:53]: log_breakpoint 
Debug[13:50:53]: 5 
Debug[13:50:53]: signal in logmode 
Debug[13:50:53]: "INF(13:50:53.613):Mode is OK" 
Debug[13:50:53]: log_breakpoint 
Debug[13:50:53]: 5 
Debug[13:50:53]: signal in logmode 
Debug[13:50:53]: "INF(13:50:53.618):Attempt" 
Debug[13:50:53]: log_breakpoint 
Debug[13:50:53]: 5 
Debug[13:50:53]: signal in logmode 
Debug[13:50:53]: "INF(13:50:53.925):Attempt" 
Debug[13:50:53]: log_breakpoint 
Debug[13:50:53]: 5 
Debug[13:50:54]: signal in logmode 
Debug[13:50:54]: "INF(13:50:54.237):Attempt" 
Debug[13:50:54]: log_breakpoint 
Debug[13:50:54]: 5 
Debug[13:50:54]: signal in logmode 
Debug[13:50:54]: "INF(13:50:54.550):Mode is OK" 
Debug[13:50:54]: log_breakpoint 
Debug[13:50:54]: 5 
Debug[13:50:54]: signal in logmode 
Debug[13:50:54]: "INF(13:50:54.553):Attempt" 
Debug[13:50:54]: log_breakpoint 
Debug[13:50:54]: 5 
Debug[13:50:54]: signal in logmode 
Debug[13:50:54]: "INF(13:50:54.562):RDUM master connected" 
Debug[13:50:54]: log_breakpoint 
Debug[13:50:54]: 5 
Debug[13:50:54]: signal in logmode 
Debug[13:50:54]: "INF(13:50:54.565):Connected to \\.\COM36" 
Debug[13:50:54]: log_breakpoint 
Debug[13:50:54]: 5 
Warning[13:50:54]: Could not parse stylesheet of widget 0x2fb7950
Debug[13:50:54]: "Resume:Logs" 
Debug[13:50:54]: "Resume:Settings" 
Debug[13:50:54]: "Resume:UartUartController" 
Debug[13:50:54]: "Resume:UartSpiController" 
Debug[13:50:54]: "Resume:UartSsiController" 
Debug[13:50:54]: "Resume:DSI3Master" 
Debug[13:50:54]: "Resume:ASICMaster" 
Debug[13:50:54]: "Resume:RDUMMaster" 
Debug[13:50:54]: "Resume:DSI3Slave" 
Debug[13:50:54]: "Resume:Measurement" 
Debug[13:50:54]: "Resume:CFARsim" 
Debug[13:51:17]: "Suspend:Settings" 
Debug[13:51:17]: "Suspend:UartUartController" 
Debug[13:51:17]: "Suspend:UartSpiController" 
Debug[13:51:17]: "Suspend:UartSsiController" 
Debug[13:51:17]: "Suspend:DSI3Master" 
Debug[13:51:17]: "Suspend:ASICMaster" 
Debug[13:51:17]: "Suspend:RDUMMaster" 
Debug[13:51:17]: "Suspend:DSI3Slave" 
Debug[13:51:17]: "Suspend:Measurement" 
Debug[13:51:17]: "Suspend:CFARsim" 
Debug[13:51:17]: signal in logmode 
Debug[13:51:17]: "INF(13:51:17.779):Disconnect by user" 
Debug[13:51:17]: log_breakpoint 
Debug[13:51:17]: 5 
Debug[13:51:17]: signal in logmode 
Debug[13:51:17]: "INF(13:51:17.924):Disconnect by user" 
Debug[13:51:17]: log_breakpoint 
Debug[13:51:17]: 5 
Warning[13:51:29]: QObject::connect: Cannot connect LocalServer::log(int,QString) to (null)::slot_addLog(int,QString)
Debug[13:51:29]: LocalServer:new "\\.\pipe\DSI3PAS" 
Debug[13:51:29]: Register specific 
Debug[13:51:29]: DynScaleCaclulate 
Debug[13:51:29]: "init 2 UartUartController" 
Debug[13:51:29]: Ok 
Debug[13:51:29]: "init 3 UartSpiController" 
Debug[13:51:29]: Ok 
Debug[13:51:29]: "init 4 UartSsiController" 
Debug[13:51:29]: Ok 
Debug[13:51:29]: "init 5 DSI3Master" 
Debug[13:51:29]: Ok 
Debug[13:51:29]: "init 6 ASICMaster" 
Debug[13:51:29]: Ok 
Debug[13:51:29]: "init 7 RDUMMaster" 
Debug[13:51:29]: Ok 
Debug[13:51:29]: "init 8 DSI3Slave" 
Debug[13:51:30]: Ok 
Debug[13:51:30]: "init 9 Measurement" 
Debug[13:51:31]: Ok 
Debug[13:51:31]: "init 10 CFARsim" 
Debug[13:51:31]: Ok 
Debug[13:51:31]: MainApp Starting... 
Debug[13:51:32]: Add applets to MainWindow...
 
Debug[13:51:32]: Initialize Connection... 
Debug[13:51:32]: signal in logmode 
Debug[13:51:32]: "INF(13:51:32.715):Mode is OK" 
Debug[13:51:32]: log_breakpoint 
Debug[13:51:32]: 5 
Debug[13:51:32]: signal in logmode 
Debug[13:51:32]: "INF(13:51:32.717):Attempt" 
Debug[13:51:32]: log_breakpoint 
Debug[13:51:32]: 5 
Debug[13:51:33]: signal in logmode 
Debug[13:51:33]: "INF(13:51:33.022):Attempt" 
Debug[13:51:33]: log_breakpoint 
Debug[13:51:33]: 5 
Debug[13:51:33]: signal in logmode 
Debug[13:51:33]: "INF(13:51:33.332):Attempt" 
Debug[13:51:33]: log_breakpoint 
Debug[13:51:33]: 5 
Debug[13:51:33]: signal in logmode 
Debug[13:51:33]: "INF(13:51:33.643):Mode is OK" 
Debug[13:51:33]: log_breakpoint 
Debug[13:51:33]: 5 
Debug[13:51:33]: signal in logmode 
Debug[13:51:33]: "INF(13:51:33.646):Attempt" 
Debug[13:51:33]: log_breakpoint 
Debug[13:51:33]: 5 
Debug[13:51:33]: signal in logmode 
Debug[13:51:33]: "INF(13:51:33.958):Attempt" 
Debug[13:51:33]: log_breakpoint 
Debug[13:51:33]: 5 
Debug[13:51:34]: signal in logmode 
Debug[13:51:34]: "INF(13:51:34.272):Attempt" 
Debug[13:51:34]: log_breakpoint 
Debug[13:51:34]: 5 
Debug[13:51:34]: signal in logmode 
Debug[13:51:34]: "INF(13:51:34.578):Mode is OK" 
Debug[13:51:34]: log_breakpoint 
Debug[13:51:34]: 5 
Debug[13:51:34]: signal in logmode 
Debug[13:51:34]: "INF(13:51:34.584):Attempt" 
Debug[13:51:34]: log_breakpoint 
Debug[13:51:34]: 5 
Debug[13:51:34]: signal in logmode 
Debug[13:51:34]: "INF(13:51:34.753):Mode is OK" 
Debug[13:51:34]: log_breakpoint 
Debug[13:51:34]: 5 
Debug[13:51:34]: signal in logmode 
Debug[13:51:34]: "INF(13:51:34.758):Attempt" 
Debug[13:51:34]: log_breakpoint 
Debug[13:51:34]: 5 
Debug[13:51:35]: signal in logmode 
Debug[13:51:35]: "INF(13:51:35.075):Attempt" 
Debug[13:51:35]: log_breakpoint 
Debug[13:51:35]: 5 
Debug[13:51:35]: signal in logmode 
Debug[13:51:35]: "INF(13:51:35.390):Attempt" 
Debug[13:51:35]: log_breakpoint 
Debug[13:51:35]: 5 
Debug[13:51:35]: signal in logmode 
Debug[13:51:35]: "INF(13:51:35.706):Mode is OK" 
Debug[13:51:35]: log_breakpoint 
Debug[13:51:35]: 5 
Debug[13:51:35]: signal in logmode 
Debug[13:51:35]: "INF(13:51:35.711):Attempt" 
Debug[13:51:35]: log_breakpoint 
Debug[13:51:35]: 5 
Debug[13:51:36]: signal in logmode 
Debug[13:51:36]: "INF(13:51:36.018):Attempt" 
Debug[13:51:36]: log_breakpoint 
Debug[13:51:36]: 5 
Debug[13:51:36]: signal in logmode 
Debug[13:51:36]: "INF(13:51:36.329):Attempt" 
Debug[13:51:36]: log_breakpoint 
Debug[13:51:36]: 5 
Debug[13:51:36]: signal in logmode 
Debug[13:51:36]: "INF(13:51:36.639):Mode is OK" 
Debug[13:51:36]: log_breakpoint 
Debug[13:51:36]: 5 
Debug[13:51:36]: signal in logmode 
Debug[13:51:36]: "INF(13:51:36.643):Attempt" 
Debug[13:51:36]: log_breakpoint 
Debug[13:51:36]: 5 
Debug[13:51:36]: signal in logmode 
Debug[13:51:36]: "INF(13:51:36.951):Attempt" 
Debug[13:51:36]: log_breakpoint 
Debug[13:51:36]: 5 
Debug[13:51:37]: signal in logmode 
Debug[13:51:37]: "INF(13:51:37.262):Attempt" 
Debug[13:51:37]: log_breakpoint 
Debug[13:51:37]: 5 
Debug[13:51:43]: signal in logmode 
Debug[13:51:43]: "INF(13:51:43.663):Mode is OK" 
Debug[13:51:43]: log_breakpoint 
Debug[13:51:43]: 5 
Debug[13:51:43]: signal in logmode 
Debug[13:51:43]: "INF(13:51:43.666):Attempt" 
Debug[13:51:43]: log_breakpoint 
Debug[13:51:43]: 5 
Debug[13:51:43]: signal in logmode 
Debug[13:51:43]: "INF(13:51:43.985):Attempt" 
Debug[13:51:43]: log_breakpoint 
Debug[13:51:43]: 5 
Debug[13:51:44]: signal in logmode 
Debug[13:51:44]: "INF(13:51:44.298):Attempt" 
Debug[13:51:44]: log_breakpoint 
Debug[13:51:44]: 5 
Debug[13:51:44]: signal in logmode 
Debug[13:51:44]: "INF(13:51:44.610):Mode is OK" 
Debug[13:51:44]: log_breakpoint 
Debug[13:51:44]: 5 
Debug[13:51:44]: signal in logmode 
Debug[13:51:44]: "INF(13:51:44.615):Attempt" 
Debug[13:51:44]: log_breakpoint 
Debug[13:51:44]: 5 
Debug[13:51:44]: signal in logmode 
Debug[13:51:44]: "INF(13:51:44.923):Attempt" 
Debug[13:51:44]: log_breakpoint 
Debug[13:51:44]: 5 
Debug[13:51:45]: signal in logmode 
Debug[13:51:45]: "INF(13:51:45.233):Attempt" 
Debug[13:51:45]: log_breakpoint 
Debug[13:51:45]: 5 
Debug[13:51:45]: signal in logmode 
Debug[13:51:45]: "INF(13:51:45.548):Mode is OK" 
Debug[13:51:45]: log_breakpoint 
Debug[13:51:45]: 5 
Debug[13:51:45]: signal in logmode 
Debug[13:51:45]: "INF(13:51:45.550):Attempt" 
Debug[13:51:45]: log_breakpoint 
Debug[13:51:45]: 5 
Debug[13:51:45]: signal in logmode 
Debug[13:51:45]: "INF(13:51:45.578):RDUM master connected" 
Debug[13:51:45]: log_breakpoint 
Debug[13:51:45]: 5 
Debug[13:51:45]: signal in logmode 
Debug[13:51:45]: "INF(13:51:45.581):Connected to \\.\COM36" 
Debug[13:51:45]: log_breakpoint 
Debug[13:51:45]: 5 
Warning[13:51:45]: Could not parse stylesheet of widget 0x2e47df0
Debug[13:51:45]: "Resume:Logs" 
Debug[13:51:45]: "Resume:Settings" 
Debug[13:51:45]: "Resume:UartUartController" 
Debug[13:51:45]: "Resume:UartSpiController" 
Debug[13:51:45]: "Resume:UartSsiController" 
Debug[13:51:45]: "Resume:DSI3Master" 
Debug[13:51:45]: "Resume:ASICMaster" 
Debug[13:51:45]: "Resume:RDUMMaster" 
Debug[13:51:45]: "Resume:DSI3Slave" 
Debug[13:51:45]: "Resume:Measurement" 
Debug[13:51:45]: "Resume:CFARsim" 
Debug[13:52:09]: "Suspend:Settings" 
Debug[13:52:09]: "Suspend:UartUartController" 
Debug[13:52:09]: "Suspend:UartSpiController" 
Debug[13:52:09]: "Suspend:UartSsiController" 
Debug[13:52:09]: "Suspend:DSI3Master" 
Debug[13:52:09]: "Suspend:ASICMaster" 
Debug[13:52:09]: "Suspend:RDUMMaster" 
Debug[13:52:09]: "Suspend:DSI3Slave" 
Debug[13:52:09]: "Suspend:Measurement" 
Debug[13:52:09]: "Suspend:CFARsim" 
Debug[13:52:09]: signal in logmode 
Debug[13:52:09]: "INF(13:52:09.971):Disconnect by user" 
Debug[13:52:09]: log_breakpoint 
Debug[13:52:09]: 5 
Debug[13:52:10]: signal in logmode 
Debug[13:52:10]: "INF(13:52:10.107):Disconnect by user" 
Debug[13:52:10]: log_breakpoint 
Debug[13:52:10]: 5 
