Warning[11:38:19]: QObject::connect: Cannot connect LocalServer::log(int,QString) to (null)::slot_addLog(int,QString)
Debug[11:38:19]: LocalServer:new "\\.\pipe\DSI3PAS" 
Debug[11:38:19]: Register specific 
Debug[11:38:19]: DynScaleCaclulate 
Debug[11:38:19]: "init 2 UartUartController" 
Debug[11:38:19]: Ok 
Debug[11:38:19]: "init 3 UartSpiController" 
Debug[11:38:19]: Ok 
Debug[11:38:19]: "init 4 UartSsiController" 
Debug[11:38:19]: Ok 
Debug[11:38:19]: "init 5 DSI3Master" 
Debug[11:38:19]: Ok 
Debug[11:38:19]: "init 6 ASICMaster" 
Debug[11:38:19]: Ok 
Debug[11:38:19]: "init 7 RDUMMaster" 
Debug[11:38:19]: Ok 
Debug[11:38:19]: "init 8 DSI3Slave" 
Debug[11:38:20]: Ok 
Debug[11:38:20]: "init 9 Measurement" 
Debug[11:38:21]: Ok 
Debug[11:38:21]: "init 10 CFARsim" 
Debug[11:38:21]: Ok 
Debug[11:38:21]: MainApp Starting... 
Debug[11:38:23]: Add applets to MainWindow...
 
Debug[11:38:23]: Initialize Connection... 
Debug[11:38:27]: signal in logmode 
Debug[11:38:27]: "INF(11:38:27.159):Mode is OK" 
Debug[11:38:27]: log_breakpoint 
Debug[11:38:27]: 5 
Debug[11:38:27]: signal in logmode 
Debug[11:38:27]: "INF(11:38:27.165):Attempt" 
Debug[11:38:27]: log_breakpoint 
Debug[11:38:27]: 5 
Debug[11:38:27]: signal in logmode 
Debug[11:38:27]: "INF(11:38:27.480):Attempt" 
Debug[11:38:27]: log_breakpoint 
Debug[11:38:27]: 5 
Debug[11:38:27]: signal in logmode 
Debug[11:38:27]: "INF(11:38:27.792):Attempt" 
Debug[11:38:27]: log_breakpoint 
Debug[11:38:27]: 5 
Debug[11:38:28]: signal in logmode 
Debug[11:38:28]: "INF(11:38:28.106):Mode is OK" 
Debug[11:38:28]: log_breakpoint 
Debug[11:38:28]: 5 
Debug[11:38:28]: signal in logmode 
Debug[11:38:28]: "INF(11:38:28.111):Attempt" 
Debug[11:38:28]: log_breakpoint 
Debug[11:38:28]: 5 
Debug[11:38:28]: signal in logmode 
Debug[11:38:28]: "INF(11:38:28.431):Attempt" 
Debug[11:38:28]: log_breakpoint 
Debug[11:38:28]: 5 
Debug[11:38:28]: signal in logmode 
Debug[11:38:28]: "INF(11:38:28.745):Attempt" 
Debug[11:38:28]: log_breakpoint 
Debug[11:38:28]: 5 
Debug[11:38:29]: signal in logmode 
Debug[11:38:29]: "INF(11:38:29.055):Mode is OK" 
Debug[11:38:29]: log_breakpoint 
Debug[11:38:29]: 5 
Debug[11:38:29]: signal in logmode 
Debug[11:38:29]: "INF(11:38:29.060):Attempt" 
Debug[11:38:29]: log_breakpoint 
Debug[11:38:29]: 5 
Debug[11:38:29]: signal in logmode 
Debug[11:38:29]: "INF(11:38:29.218):Mode is OK" 
Debug[11:38:29]: log_breakpoint 
Debug[11:38:29]: 5 
Debug[11:38:29]: signal in logmode 
Debug[11:38:29]: "INF(11:38:29.224):Attempt" 
Debug[11:38:29]: log_breakpoint 
Debug[11:38:29]: 5 
Debug[11:38:29]: signal in logmode 
Debug[11:38:29]: "INF(11:38:29.540):Attempt" 
Debug[11:38:29]: log_breakpoint 
Debug[11:38:29]: 5 
Debug[11:38:29]: signal in logmode 
Debug[11:38:29]: "INF(11:38:29.852):Attempt" 
Debug[11:38:29]: log_breakpoint 
Debug[11:38:29]: 5 
Debug[11:38:30]: signal in logmode 
Debug[11:38:30]: "INF(11:38:30.166):Mode is OK" 
Debug[11:38:30]: log_breakpoint 
Debug[11:38:30]: 5 
Debug[11:38:30]: signal in logmode 
Debug[11:38:30]: "INF(11:38:30.172):Attempt" 
Debug[11:38:30]: log_breakpoint 
Debug[11:38:30]: 5 
Debug[11:38:30]: signal in logmode 
Debug[11:38:30]: "INF(11:38:30.493):Attempt" 
Debug[11:38:30]: log_breakpoint 
Debug[11:38:30]: 5 
Debug[11:38:30]: signal in logmode 
Debug[11:38:30]: "INF(11:38:30.807):Attempt" 
Debug[11:38:30]: log_breakpoint 
Debug[11:38:30]: 5 
Debug[11:38:31]: signal in logmode 
Debug[11:38:31]: "INF(11:38:31.119):Mode is OK" 
Debug[11:38:31]: log_breakpoint 
Debug[11:38:31]: 5 
Debug[11:38:31]: signal in logmode 
Debug[11:38:31]: "INF(11:38:31.123):Attempt" 
Debug[11:38:31]: log_breakpoint 
Debug[11:38:31]: 5 
Debug[11:38:31]: signal in logmode 
Debug[11:38:31]: "INF(11:38:31.432):Attempt" 
Debug[11:38:31]: log_breakpoint 
Debug[11:38:31]: 5 
Debug[11:38:31]: signal in logmode 
Debug[11:38:31]: "INF(11:38:31.743):Attempt" 
Debug[11:38:31]: log_breakpoint 
Debug[11:38:31]: 5 
Debug[11:38:34]: signal in logmode 
Debug[11:38:34]: "INF(11:38:34.973):Mode is OK" 
Debug[11:38:34]: log_breakpoint 
Debug[11:38:34]: 5 
Debug[11:38:34]: signal in logmode 
Debug[11:38:34]: "INF(11:38:34.980):Attempt" 
Debug[11:38:34]: log_breakpoint 
Debug[11:38:34]: 5 
Debug[11:38:35]: signal in logmode 
Debug[11:38:35]: "INF(11:38:35.296):Attempt" 
Debug[11:38:35]: log_breakpoint 
Debug[11:38:35]: 5 
Debug[11:38:35]: signal in logmode 
Debug[11:38:35]: "INF(11:38:35.609):Attempt" 
Debug[11:38:35]: log_breakpoint 
Debug[11:38:35]: 5 
Debug[11:38:35]: signal in logmode 
Debug[11:38:35]: "INF(11:38:35.921):Mode is OK" 
Debug[11:38:35]: log_breakpoint 
Debug[11:38:35]: 5 
Debug[11:38:35]: signal in logmode 
Debug[11:38:35]: "INF(11:38:35.931):Attempt" 
Debug[11:38:35]: log_breakpoint 
Debug[11:38:35]: 5 
Debug[11:38:36]: signal in logmode 
Debug[11:38:36]: "INF(11:38:36.249):Attempt" 
Debug[11:38:36]: log_breakpoint 
Debug[11:38:36]: 5 
Debug[11:38:36]: signal in logmode 
Debug[11:38:36]: "INF(11:38:36.575):Attempt" 
Debug[11:38:36]: log_breakpoint 
Debug[11:38:36]: 5 
Debug[11:38:36]: signal in logmode 
Debug[11:38:36]: "INF(11:38:36.889):Mode is OK" 
Debug[11:38:36]: log_breakpoint 
Debug[11:38:36]: 5 
Debug[11:38:36]: signal in logmode 
Debug[11:38:36]: "INF(11:38:36.897):Attempt" 
Debug[11:38:36]: log_breakpoint 
Debug[11:38:36]: 5 
Debug[11:38:36]: signal in logmode 
Debug[11:38:36]: "INF(11:38:36.904):RDUM master connected" 
Debug[11:38:36]: log_breakpoint 
Debug[11:38:36]: 5 
Debug[11:38:36]: signal in logmode 
Debug[11:38:36]: "INF(11:38:36.911):Connected to \\.\COM32" 
Debug[11:38:36]: log_breakpoint 
Debug[11:38:36]: 5 
Warning[11:38:36]: Could not parse stylesheet of widget 0x2dcb5a8
Debug[11:38:36]: "Resume:Logs" 
Debug[11:38:36]: "Resume:Settings" 
Debug[11:38:36]: "Resume:UartUartController" 
Debug[11:38:36]: "Resume:UartSpiController" 
Debug[11:38:36]: "Resume:UartSsiController" 
Debug[11:38:36]: "Resume:DSI3Master" 
Debug[11:38:36]: "Resume:ASICMaster" 
Debug[11:38:36]: "Resume:RDUMMaster" 
Debug[11:38:36]: "Resume:DSI3Slave" 
Debug[11:38:36]: "Resume:Measurement" 
Debug[11:38:36]: "Resume:CFARsim" 
Debug[12:23:39]: "Suspend:Settings" 
Debug[12:23:39]: "Suspend:UartUartController" 
Debug[12:23:39]: "Suspend:UartSpiController" 
Debug[12:23:39]: "Suspend:UartSsiController" 
Debug[12:23:39]: "Suspend:DSI3Master" 
Debug[12:23:39]: "Suspend:ASICMaster" 
Debug[12:23:39]: "Suspend:RDUMMaster" 
Debug[12:23:39]: "Suspend:DSI3Slave" 
Debug[12:23:39]: "Suspend:Measurement" 
Debug[12:23:39]: "Suspend:CFARsim" 
Debug[12:23:39]: signal in logmode 
Debug[12:23:39]: "INF(12:23:39.503):Disconnect by user" 
Debug[12:23:39]: log_breakpoint 
Debug[12:23:39]: 5 
Debug[12:23:39]: signal in logmode 
Debug[12:23:39]: "INF(12:23:39.524):Disconnect by user" 
Debug[12:23:39]: log_breakpoint 
Debug[12:23:39]: 5 
