Warning[09:14:09]: QObject::connect: Cannot connect LocalServer::log(int,QString) to (null)::slot_addLog(int,QString)
Debug[09:14:09]: LocalServer:new "\\.\pipe\DSI3PAS" 
Debug[09:14:09]: Register specific 
Debug[09:14:09]: DynScaleCaclulate 
Debug[09:14:09]: "init 2 UartUartController" 
Debug[09:14:09]: Ok 
Debug[09:14:09]: "init 3 UartSpiController" 
Debug[09:14:09]: Ok 
Debug[09:14:09]: "init 4 UartSsiController" 
Debug[09:14:09]: Ok 
Debug[09:14:09]: "init 5 DSI3Master" 
Debug[09:14:09]: Ok 
Debug[09:14:09]: "init 6 ASICMaster" 
Debug[09:14:09]: Ok 
Debug[09:14:09]: "init 7 RDUMMaster" 
Debug[09:14:10]: Ok 
Debug[09:14:10]: "init 8 DSI3Slave" 
Debug[09:14:10]: Ok 
Debug[09:14:10]: "init 9 Measurement" 
Debug[09:14:11]: Ok 
Debug[09:14:11]: "init 10 CFARsim" 
Debug[09:14:11]: Ok 
Debug[09:14:11]: MainApp Starting... 
Debug[09:14:12]: Add applets to MainWindow...
 
Debug[09:14:12]: Initialize Connection... 
Debug[09:14:12]: signal in logmode 
Debug[09:14:12]: "INF(09:14:12.649):Mode is OK" 
Debug[09:14:12]: log_breakpoint 
Debug[09:14:12]: 5 
Debug[09:14:12]: signal in logmode 
Debug[09:14:12]: "INF(09:14:12.652):Attempt" 
Debug[09:14:12]: log_breakpoint 
Debug[09:14:12]: 5 
Debug[09:14:12]: signal in logmode 
Debug[09:14:12]: "INF(09:14:12.961):Attempt" 
Debug[09:14:12]: log_breakpoint 
Debug[09:14:12]: 5 
Debug[09:14:13]: signal in logmode 
Debug[09:14:13]: "INF(09:14:13.273):Attempt" 
Debug[09:14:13]: log_breakpoint 
Debug[09:14:13]: 5 
Debug[09:14:13]: signal in logmode 
Debug[09:14:13]: "INF(09:14:13.585):Mode is OK" 
Debug[09:14:13]: log_breakpoint 
Debug[09:14:13]: 5 
Debug[09:14:13]: signal in logmode 
Debug[09:14:13]: "INF(09:14:13.586):Attempt" 
Debug[09:14:13]: log_breakpoint 
Debug[09:14:13]: 5 
Debug[09:14:13]: signal in logmode 
Debug[09:14:13]: "INF(09:14:13.895):Attempt" 
Debug[09:14:13]: log_breakpoint 
Debug[09:14:13]: 5 
Debug[09:14:14]: signal in logmode 
Debug[09:14:14]: "INF(09:14:14.207):Attempt" 
Debug[09:14:14]: log_breakpoint 
Debug[09:14:14]: 5 
Debug[09:14:14]: signal in logmode 
Debug[09:14:14]: "INF(09:14:14.521):Mode is OK" 
Debug[09:14:14]: log_breakpoint 
Debug[09:14:14]: 5 
Debug[09:14:14]: signal in logmode 
Debug[09:14:14]: "INF(09:14:14.525):Attempt" 
Debug[09:14:14]: log_breakpoint 
Debug[09:14:14]: 5 
Debug[09:14:14]: signal in logmode 
Debug[09:14:14]: "INF(09:14:14.676):Mode is OK" 
Debug[09:14:14]: log_breakpoint 
Debug[09:14:14]: 5 
Debug[09:14:14]: signal in logmode 
Debug[09:14:14]: "INF(09:14:14.678):Attempt" 
Debug[09:14:14]: log_breakpoint 
Debug[09:14:14]: 5 
Debug[09:14:14]: signal in logmode 
Debug[09:14:14]: "INF(09:14:14.986):Attempt" 
Debug[09:14:14]: log_breakpoint 
Debug[09:14:14]: 5 
Debug[09:14:15]: signal in logmode 
Debug[09:14:15]: "INF(09:14:15.299):Attempt" 
Debug[09:14:15]: log_breakpoint 
Debug[09:14:15]: 5 
Debug[09:14:15]: signal in logmode 
Debug[09:14:15]: "INF(09:14:15.613):Mode is OK" 
Debug[09:14:15]: log_breakpoint 
Debug[09:14:15]: 5 
Debug[09:14:15]: signal in logmode 
Debug[09:14:15]: "INF(09:14:15.616):Attempt" 
Debug[09:14:15]: log_breakpoint 
Debug[09:14:15]: 5 
Debug[09:14:15]: signal in logmode 
Debug[09:14:15]: "INF(09:14:15.925):Attempt" 
Debug[09:14:15]: log_breakpoint 
Debug[09:14:15]: 5 
Debug[09:14:16]: signal in logmode 
Debug[09:14:16]: "INF(09:14:16.240):Attempt" 
Debug[09:14:16]: log_breakpoint 
Debug[09:14:16]: 5 
Debug[09:14:16]: signal in logmode 
Debug[09:14:16]: "INF(09:14:16.555):Mode is OK" 
Debug[09:14:16]: log_breakpoint 
Debug[09:14:16]: 5 
Debug[09:14:16]: signal in logmode 
Debug[09:14:16]: "INF(09:14:16.558):Attempt" 
Debug[09:14:16]: log_breakpoint 
Debug[09:14:16]: 5 
Debug[09:14:16]: signal in logmode 
Debug[09:14:16]: "INF(09:14:16.869):Attempt" 
Debug[09:14:16]: log_breakpoint 
Debug[09:14:16]: 5 
Debug[09:14:17]: signal in logmode 
Debug[09:14:17]: "INF(09:14:17.177):Attempt" 
Debug[09:14:17]: log_breakpoint 
Debug[09:14:17]: 5 
Debug[09:14:17]: signal in logmode 
Debug[09:14:17]: "INF(09:14:17.490):Mode is OK" 
Debug[09:14:17]: log_breakpoint 
Debug[09:14:17]: 5 
Debug[09:14:17]: signal in logmode 
Debug[09:14:17]: "INF(09:14:17.493):Attempt" 
Debug[09:14:17]: log_breakpoint 
Debug[09:14:17]: 5 
Debug[09:14:17]: signal in logmode 
Debug[09:14:17]: "INF(09:14:17.804):Attempt" 
Debug[09:14:17]: log_breakpoint 
Debug[09:14:17]: 5 
Debug[09:14:18]: signal in logmode 
Debug[09:14:18]: "INF(09:14:18.114):Attempt" 
Debug[09:14:18]: log_breakpoint 
Debug[09:14:18]: 5 
Debug[09:14:21]: signal in logmode 
Debug[09:14:21]: "INF(09:14:21.621):Mode is OK" 
Debug[09:14:21]: log_breakpoint 
Debug[09:14:21]: 5 
Debug[09:14:21]: signal in logmode 
Debug[09:14:21]: "INF(09:14:21.623):Attempt" 
Debug[09:14:21]: log_breakpoint 
Debug[09:14:21]: 5 
Debug[09:14:21]: signal in logmode 
Debug[09:14:21]: "INF(09:14:21.942):Attempt" 
Debug[09:14:21]: log_breakpoint 
Debug[09:14:21]: 5 
Debug[09:14:22]: signal in logmode 
Debug[09:14:22]: "INF(09:14:22.250):Attempt" 
Debug[09:14:22]: log_breakpoint 
Debug[09:14:22]: 5 
Debug[09:14:22]: signal in logmode 
Debug[09:14:22]: "INF(09:14:22.561):Mode is OK" 
Debug[09:14:22]: log_breakpoint 
Debug[09:14:22]: 5 
Debug[09:14:22]: signal in logmode 
Debug[09:14:22]: "INF(09:14:22.567):Attempt" 
Debug[09:14:22]: log_breakpoint 
Debug[09:14:22]: 5 
Debug[09:14:22]: signal in logmode 
Debug[09:14:22]: "INF(09:14:22.874):Attempt" 
Debug[09:14:22]: log_breakpoint 
Debug[09:14:22]: 5 
Debug[09:14:23]: signal in logmode 
Debug[09:14:23]: "INF(09:14:23.186):Attempt" 
Debug[09:14:23]: log_breakpoint 
Debug[09:14:23]: 5 
Debug[09:14:23]: signal in logmode 
Debug[09:14:23]: "INF(09:14:23.497):Mode is OK" 
Debug[09:14:23]: log_breakpoint 
Debug[09:14:23]: 5 
Debug[09:14:23]: signal in logmode 
Debug[09:14:23]: "INF(09:14:23.501):Attempt" 
Debug[09:14:23]: log_breakpoint 
Debug[09:14:23]: 5 
Debug[09:14:23]: signal in logmode 
Debug[09:14:23]: "INF(09:14:23.523):RDUM master connected" 
Debug[09:14:23]: log_breakpoint 
Debug[09:14:23]: 5 
Debug[09:14:23]: signal in logmode 
Debug[09:14:23]: "INF(09:14:23.526):Connected to \\.\COM82" 
Debug[09:14:23]: log_breakpoint 
Debug[09:14:23]: 5 
Warning[09:14:23]: Could not parse stylesheet of widget 0x2ee6ae8
Debug[09:14:23]: "Resume:Logs" 
Debug[09:14:23]: "Resume:Settings" 
Debug[09:14:23]: "Resume:UartUartController" 
Debug[09:14:23]: "Resume:UartSpiController" 
Debug[09:14:23]: "Resume:UartSsiController" 
Debug[09:14:23]: "Resume:DSI3Master" 
Debug[09:14:23]: "Resume:ASICMaster" 
Debug[09:14:23]: "Resume:RDUMMaster" 
Debug[09:14:23]: "Resume:DSI3Slave" 
Debug[09:14:23]: "Resume:Measurement" 
Debug[09:14:23]: "Resume:CFARsim" 
Debug[09:14:59]: "Suspend:Settings" 
Debug[09:14:59]: "Suspend:UartUartController" 
Debug[09:14:59]: "Suspend:UartSpiController" 
Debug[09:14:59]: "Suspend:UartSsiController" 
Debug[09:14:59]: "Suspend:DSI3Master" 
Debug[09:14:59]: "Suspend:ASICMaster" 
Debug[09:14:59]: "Suspend:RDUMMaster" 
Debug[09:14:59]: "Suspend:DSI3Slave" 
Debug[09:14:59]: "Suspend:Measurement" 
Debug[09:14:59]: "Suspend:CFARsim" 
Debug[09:14:59]: signal in logmode 
Debug[09:14:59]: "INF(09:14:59.840):Disconnect by user" 
Debug[09:14:59]: log_breakpoint 
Debug[09:14:59]: 5 
Debug[09:14:59]: signal in logmode 
Debug[09:14:59]: "INF(09:14:59.997):Disconnect by user" 
Debug[09:14:59]: log_breakpoint 
Debug[09:14:59]: 5 
Warning[09:15:38]: QObject::connect: Cannot connect LocalServer::log(int,QString) to (null)::slot_addLog(int,QString)
Debug[09:15:38]: LocalServer:new "\\.\pipe\DSI3PASd" 
Debug[09:15:38]: Register specific 
Debug[09:15:39]: DynScaleCaclulate 
Debug[09:15:39]: "init 2 UartUartController" 
Debug[09:15:39]: Ok 
Debug[09:15:39]: "init 3 UartSpiController" 
Debug[09:15:39]: Ok 
Debug[09:15:39]: "init 4 UartSsiController" 
Debug[09:15:39]: Ok 
Debug[09:15:39]: "init 5 DSI3Master" 
Debug[09:15:39]: Ok 
Debug[09:15:39]: "init 6 ASICMaster" 
Debug[09:15:39]: Ok 
Debug[09:15:39]: "init 7 RDUMMaster" 
Debug[09:15:39]: Ok 
Debug[09:15:39]: "init 8 DSI3Slave" 
Debug[09:15:41]: Ok 
Debug[09:15:41]: "init 9 Measurement" 
Debug[09:15:43]: Ok 
Debug[09:15:43]: "init 10 CFARsim" 
Debug[09:15:43]: Ok 
Debug[09:15:43]: Using SERPORT
Debug[09:15:43]: MainApp Starting... 
Debug[09:15:45]: Add applets to MainWindow...
 
Debug[09:15:45]: Initialize Connection... 
Debug[09:15:46]: signal in logmode 
Debug[09:15:46]: "INF(09:15:46.212):Mode is OK" 
Debug[09:15:46]: log_breakpoint 
Debug[09:15:46]: 5 
Debug[09:15:46]: signal in logmode 
Debug[09:15:46]: "INF(09:15:46.216):Attempt" 
Debug[09:15:46]: log_breakpoint 
Debug[09:15:46]: 5 
Debug[09:15:46]: signal in logmode 
Debug[09:15:46]: "INF(09:15:46.531):Attempt" 
Debug[09:15:46]: log_breakpoint 
Debug[09:15:46]: 5 
Debug[09:15:46]: signal in logmode 
Debug[09:15:46]: "INF(09:15:46.840):Attempt" 
Debug[09:15:46]: log_breakpoint 
Debug[09:15:46]: 5 
Debug[09:15:47]: signal in logmode 
Debug[09:15:47]: "INF(09:15:47.153):Mode is OK" 
Debug[09:15:47]: log_breakpoint 
Debug[09:15:47]: 5 
Debug[09:15:47]: signal in logmode 
Debug[09:15:47]: "INF(09:15:47.156):Attempt" 
Debug[09:15:47]: log_breakpoint 
Debug[09:15:47]: 5 
Debug[09:15:47]: signal in logmode 
Debug[09:15:47]: "INF(09:15:47.463):Attempt" 
Debug[09:15:47]: log_breakpoint 
Debug[09:15:47]: 5 
Debug[09:15:47]: signal in logmode 
Debug[09:15:47]: "INF(09:15:47.778):Attempt" 
Debug[09:15:47]: log_breakpoint 
Debug[09:15:47]: 5 
Debug[09:15:48]: signal in logmode 
Debug[09:15:48]: "INF(09:15:48.089):Mode is OK" 
Debug[09:15:48]: log_breakpoint 
Debug[09:15:48]: 5 
Debug[09:15:48]: signal in logmode 
Debug[09:15:48]: "INF(09:15:48.093):Attempt" 
Debug[09:15:48]: log_breakpoint 
Debug[09:15:48]: 5 
Debug[09:15:48]: signal in logmode 
Debug[09:15:48]: "INF(09:15:48.250):Mode is OK" 
Debug[09:15:48]: log_breakpoint 
Debug[09:15:48]: 5 
Debug[09:15:48]: signal in logmode 
Debug[09:15:48]: "INF(09:15:48.253):Attempt" 
Debug[09:15:48]: log_breakpoint 
Debug[09:15:48]: 5 
Debug[09:15:48]: signal in logmode 
Debug[09:15:48]: "INF(09:15:48.560):Attempt" 
Debug[09:15:48]: log_breakpoint 
Debug[09:15:48]: 5 
Debug[09:15:48]: signal in logmode 
Debug[09:15:48]: "INF(09:15:48.874):Attempt" 
Debug[09:15:48]: log_breakpoint 
Debug[09:15:48]: 5 
Debug[09:15:49]: signal in logmode 
Debug[09:15:49]: "INF(09:15:49.185):Mode is OK" 
Debug[09:15:49]: log_breakpoint 
Debug[09:15:49]: 5 
Debug[09:15:49]: signal in logmode 
Debug[09:15:49]: "INF(09:15:49.187):Attempt" 
Debug[09:15:49]: log_breakpoint 
Debug[09:15:49]: 5 
Debug[09:15:49]: signal in logmode 
Debug[09:15:49]: "INF(09:15:49.497):Attempt" 
Debug[09:15:49]: log_breakpoint 
Debug[09:15:49]: 5 
Debug[09:15:49]: signal in logmode 
Debug[09:15:49]: "INF(09:15:49.809):Attempt" 
Debug[09:15:49]: log_breakpoint 
Debug[09:15:49]: 5 
Debug[09:15:50]: signal in logmode 
Debug[09:15:50]: "INF(09:15:50.122):Mode is OK" 
Debug[09:15:50]: log_breakpoint 
Debug[09:15:50]: 5 
Debug[09:15:50]: signal in logmode 
Debug[09:15:50]: "INF(09:15:50.127):Attempt" 
Debug[09:15:50]: log_breakpoint 
Debug[09:15:50]: 5 
Debug[09:15:50]: signal in logmode 
Debug[09:15:50]: "INF(09:15:50.436):Attempt" 
Debug[09:15:50]: log_breakpoint 
Debug[09:15:50]: 5 
Debug[09:15:50]: signal in logmode 
Debug[09:15:50]: "INF(09:15:50.754):Attempt" 
Debug[09:15:50]: log_breakpoint 
Debug[09:15:50]: 5 
Debug[09:15:51]: signal in logmode 
Debug[09:15:51]: "INF(09:15:51.064):Mode is OK" 
Debug[09:15:51]: log_breakpoint 
Debug[09:15:51]: 5 
Debug[09:15:51]: signal in logmode 
Debug[09:15:51]: "INF(09:15:51.066):Attempt" 
Debug[09:15:51]: log_breakpoint 
Debug[09:15:51]: 5 
Debug[09:15:51]: signal in logmode 
Debug[09:15:51]: "INF(09:15:51.374):Attempt" 
Debug[09:15:51]: log_breakpoint 
Debug[09:15:51]: 5 
Debug[09:15:51]: signal in logmode 
Debug[09:15:51]: "INF(09:15:51.686):Attempt" 
Debug[09:15:51]: log_breakpoint 
Debug[09:15:51]: 5 
Debug[09:15:55]: signal in logmode 
Debug[09:15:55]: "INF(09:15:55.284):Mode is OK" 
Debug[09:15:55]: log_breakpoint 
Debug[09:15:55]: 5 
Debug[09:15:55]: signal in logmode 
Debug[09:15:55]: "INF(09:15:55.287):Attempt" 
Debug[09:15:55]: log_breakpoint 
Debug[09:15:55]: 5 
Debug[09:15:55]: signal in logmode 
Debug[09:15:55]: "INF(09:15:55.599):Attempt" 
Debug[09:15:55]: log_breakpoint 
Debug[09:15:55]: 5 
Debug[09:15:55]: signal in logmode 
Debug[09:15:55]: "INF(09:15:55.909):Attempt" 
Debug[09:15:55]: log_breakpoint 
Debug[09:15:55]: 5 
Debug[09:15:56]: signal in logmode 
Debug[09:15:56]: "INF(09:15:56.224):Mode is OK" 
Debug[09:15:56]: log_breakpoint 
Debug[09:15:56]: 5 
Debug[09:15:56]: signal in logmode 
Debug[09:15:56]: "INF(09:15:56.229):Attempt" 
Debug[09:15:56]: log_breakpoint 
Debug[09:15:56]: 5 
Debug[09:15:56]: signal in logmode 
Debug[09:15:56]: "INF(09:15:56.540):Attempt" 
Debug[09:15:56]: log_breakpoint 
Debug[09:15:56]: 5 
Debug[09:15:56]: signal in logmode 
Debug[09:15:56]: "INF(09:15:56.850):Attempt" 
Debug[09:15:56]: log_breakpoint 
Debug[09:15:56]: 5 
Debug[09:15:57]: signal in logmode 
Debug[09:15:57]: "INF(09:15:57.162):Mode is OK" 
Debug[09:15:57]: log_breakpoint 
Debug[09:15:57]: 5 
Debug[09:15:57]: signal in logmode 
Debug[09:15:57]: "INF(09:15:57.166):Attempt" 
Debug[09:15:57]: log_breakpoint 
Debug[09:15:57]: 5 
Debug[09:15:57]: signal in logmode 
Debug[09:15:57]: "INF(09:15:57.193):RDUM master connected" 
Debug[09:15:57]: log_breakpoint 
Debug[09:15:57]: 5 
Debug[09:15:57]: signal in logmode 
Debug[09:15:57]: "INF(09:15:57.196):Connected to \\.\COM82" 
Debug[09:15:57]: log_breakpoint 
Debug[09:15:57]: 5 
Warning[09:15:57]: Could not parse stylesheet of widget 0x32ff1a0
Debug[09:15:57]: "Resume:Logs" 
Debug[09:15:57]: "Resume:Settings" 
Debug[09:15:57]: "Resume:UartUartController" 
Debug[09:15:57]: "Resume:UartSpiController" 
Debug[09:15:57]: "Resume:UartSsiController" 
Debug[09:15:57]: "Resume:DSI3Master" 
Debug[09:15:57]: "Resume:ASICMaster" 
Debug[09:15:57]: "Resume:RDUMMaster" 
Debug[09:15:57]: "Resume:DSI3Slave" 
Debug[09:15:57]: "Resume:Measurement" 
Debug[09:15:57]: "Resume:CFARsim" 
Debug[13:00:20]: signal in logmode 
Debug[13:00:20]: "RX_ERR(+13463s):RX Data without end char" 
Debug[13:00:20]: log_breakpoint 
Debug[13:00:20]: 5 
Debug[13:00:20]: signal in logmode 
Debug[13:00:20]: "UART-UART RX(+1ms):No end char:" 
Debug[13:00:20]: log_breakpoint 
Debug[13:00:20]: 5 
Debug[13:00:21]: signal in logmode 
Debug[13:00:21]: "RX_ERR(+804ms):RX Data without end char" 
Debug[13:00:21]: log_breakpoint 
Debug[13:00:21]: 5 
Debug[13:00:21]: signal in logmode 
Debug[13:00:21]: "UART-UART RX(+1ms):No end char:" 
Debug[13:00:21]: log_breakpoint 
Debug[13:00:21]: 5 
Debug[13:00:22]: signal in logmode 
Debug[13:00:22]: "RX_ERR(+802ms):RX Data without end char" 
Debug[13:00:22]: log_breakpoint 
Debug[13:00:22]: 5 
Debug[13:00:22]: signal in logmode 
Debug[13:00:22]: "UART-UART RX(+1ms):No end char:" 
Debug[13:00:22]: log_breakpoint 
Debug[13:00:22]: 5 
Debug[13:00:22]: signal in logmode 
Debug[13:00:22]: "RX_ERR(+803ms):RX Data without end char" 
Debug[13:00:22]: log_breakpoint 
Debug[13:00:22]: 5 
Debug[13:00:22]: signal in logmode 
Debug[13:00:22]: "UART-UART RX(+1ms):No end char:" 
Debug[13:00:22]: log_breakpoint 
Debug[13:00:22]: 5 
Debug[13:00:23]: signal in logmode 
Debug[13:00:23]: "RX_ERR(+804ms):RX Data without end char" 
Debug[13:00:23]: log_breakpoint 
Debug[13:00:23]: 5 
Debug[13:00:23]: signal in logmode 
Debug[13:00:23]: "UART-UART RX(+1ms):No end char:" 
Debug[13:00:23]: log_breakpoint 
Debug[13:00:23]: 5 
Debug[13:00:24]: signal in logmode 
Debug[13:00:24]: "RX_ERR(+801ms):RX Data without end char" 
Debug[13:00:24]: log_breakpoint 
Debug[13:00:24]: 5 
Debug[13:00:24]: signal in logmode 
Debug[13:00:24]: "UART-UART RX(+0ms):No end char:" 
Debug[13:00:24]: log_breakpoint 
Debug[13:00:24]: 5 
Debug[13:00:25]: signal in logmode 
Debug[13:00:25]: "RX_ERR(+802ms):RX Data without end char" 
Debug[13:00:25]: log_breakpoint 
Debug[13:00:25]: 5 
Debug[13:00:25]: signal in logmode 
Debug[13:00:25]: "UART-UART RX(+0ms):No end char:" 
Debug[13:00:25]: log_breakpoint 
Debug[13:00:25]: 5 
Debug[13:00:26]: signal in logmode 
Debug[13:00:26]: "RX_ERR(+810ms):RX Data without end char" 
Debug[13:00:26]: log_breakpoint 
Debug[13:00:26]: 5 
Debug[13:00:26]: signal in logmode 
Debug[13:00:26]: "UART-UART RX(+0ms):No end char:" 
Debug[13:00:26]: log_breakpoint 
Debug[13:00:26]: 5 
Debug[13:00:26]: signal in logmode 
Debug[13:00:26]: "RX_ERR(+801ms):RX Data without end char" 
Debug[13:00:26]: log_breakpoint 
Debug[13:00:26]: 5 
Debug[13:00:26]: signal in logmode 
Debug[13:00:26]: "UART-UART RX(+0ms):No end char:" 
Debug[13:00:26]: log_breakpoint 
Debug[13:00:26]: 5 
Debug[13:00:27]: signal in logmode 
Debug[13:00:27]: "RX_ERR(+873ms):RX Data without end char" 
Debug[13:00:27]: log_breakpoint 
Debug[13:00:27]: 5 
Debug[13:00:27]: signal in logmode 
Debug[13:00:27]: "UART-UART RX(+1ms):No end char:" 
Debug[13:00:27]: log_breakpoint 
Debug[13:00:27]: 5 
Debug[13:00:28]: signal in logmode 
Debug[13:00:28]: "RX_ERR(+805ms):RX Data without end char" 
Debug[13:00:28]: log_breakpoint 
Debug[13:00:28]: 5 
Debug[13:00:28]: signal in logmode 
Debug[13:00:28]: "UART-UART RX(+0ms):No end char:" 
Debug[13:00:28]: log_breakpoint 
Debug[13:00:28]: 5 
Debug[13:00:29]: signal in logmode 
Debug[13:00:29]: "RX_ERR(+802ms):RX Data without end char" 
Debug[13:00:29]: log_breakpoint 
Debug[13:00:29]: 5 
Debug[13:00:29]: signal in logmode 
Debug[13:00:29]: "UART-UART RX(+0ms):No end char:" 
Debug[13:00:29]: log_breakpoint 
Debug[13:00:29]: 5 
Debug[13:00:30]: signal in logmode 
Debug[13:00:30]: "RX_ERR(+802ms):RX Data without end char" 
Debug[13:00:30]: log_breakpoint 
Debug[13:00:30]: 5 
Debug[13:00:30]: signal in logmode 
Debug[13:00:30]: "UART-UART RX(+2ms):No end char:" 
Debug[13:00:30]: log_breakpoint 
Debug[13:00:30]: 5 
Debug[13:00:31]: signal in logmode 
Debug[13:00:31]: "RX_ERR(+803ms):RX Data without end char" 
Debug[13:00:31]: log_breakpoint 
Debug[13:00:31]: 5 
Debug[13:00:31]: signal in logmode 
Debug[13:00:31]: "UART-UART RX(+0ms):No end char:" 
Debug[13:00:31]: log_breakpoint 
Debug[13:00:31]: 5 
Debug[13:00:31]: signal in logmode 
Debug[13:00:31]: "RX_ERR(+802ms):RX Data without end char" 
Debug[13:00:31]: log_breakpoint 
Debug[13:00:31]: 5 
Debug[13:00:31]: signal in logmode 
Debug[13:00:31]: "UART-UART RX(+0ms):No end char:" 
Debug[13:00:31]: log_breakpoint 
Debug[13:00:31]: 5 
Debug[13:00:32]: signal in logmode 
Debug[13:00:32]: "RX_ERR(+804ms):RX Data without end char" 
Debug[13:00:32]: log_breakpoint 
Debug[13:00:32]: 5 
Debug[13:00:32]: signal in logmode 
Debug[13:00:32]: "UART-UART RX(+3ms):No end char:" 
Debug[13:00:32]: log_breakpoint 
Debug[13:00:32]: 5 
Debug[13:00:33]: signal in logmode 
Debug[13:00:33]: "RX_ERR(+812ms):RX Data without end char" 
Debug[13:00:33]: log_breakpoint 
Debug[13:00:33]: 5 
Debug[13:00:33]: signal in logmode 
Debug[13:00:33]: "UART-UART RX(+3ms):No end char:" 
Debug[13:00:33]: log_breakpoint 
Debug[13:00:33]: 5 
Debug[13:00:34]: signal in logmode 
Debug[13:00:34]: "RX_ERR(+806ms):RX Data without end char" 
Debug[13:00:34]: log_breakpoint 
Debug[13:00:34]: 5 
Debug[13:00:34]: signal in logmode 
Debug[13:00:34]: "UART-UART RX(+2ms):No end char:" 
Debug[13:00:34]: log_breakpoint 
Debug[13:00:34]: 5 
Debug[13:00:35]: signal in logmode 
Debug[13:00:35]: "RX_ERR(+927ms):RX Data without end char" 
Debug[13:00:35]: log_breakpoint 
Debug[13:00:35]: 5 
Debug[13:00:35]: signal in logmode 
Debug[13:00:35]: "UART-UART RX(+2ms):No end char:" 
Debug[13:00:35]: log_breakpoint 
Debug[13:00:35]: 5 
Debug[13:00:36]: signal in logmode 
Debug[13:00:36]: "RX_ERR(+806ms):RX Data without end char" 
Debug[13:00:36]: log_breakpoint 
Debug[13:00:36]: 5 
Debug[13:00:36]: signal in logmode 
Debug[13:00:36]: "UART-UART RX(+1ms):No end char:" 
Debug[13:00:36]: log_breakpoint 
Debug[13:00:36]: 5 
Debug[13:00:36]: signal in logmode 
Debug[13:00:36]: "RX_ERR(+806ms):RX Data without end char" 
Debug[13:00:36]: log_breakpoint 
Debug[13:00:36]: 5 
Debug[13:00:36]: signal in logmode 
Debug[13:00:36]: "UART-UART RX(+2ms):No end char:" 
Debug[13:00:36]: log_breakpoint 
Debug[13:00:36]: 5 
Debug[13:00:37]: signal in logmode 
Debug[13:00:37]: "RX_ERR(+804ms):RX Data without end char" 
Debug[13:00:37]: log_breakpoint 
Debug[13:00:37]: 5 
Debug[13:00:37]: signal in logmode 
Debug[13:00:37]: "UART-UART RX(+2ms):No end char:" 
Debug[13:00:37]: log_breakpoint 
Debug[13:00:37]: 5 
Debug[13:00:38]: signal in logmode 
Debug[13:00:38]: "RX_ERR(+807ms):RX Data without end char" 
Debug[13:00:38]: log_breakpoint 
Debug[13:00:38]: 5 
Debug[13:00:38]: signal in logmode 
Debug[13:00:38]: "UART-UART RX(+2ms):No end char:" 
Debug[13:00:38]: log_breakpoint 
Debug[13:00:38]: 5 
Debug[13:00:39]: signal in logmode 
Debug[13:00:39]: "RX_ERR(+806ms):RX Data without end char" 
Debug[13:00:39]: log_breakpoint 
Debug[13:00:39]: 5 
Debug[13:00:39]: signal in logmode 
Debug[13:00:39]: "UART-UART RX(+1ms):No end char:" 
Debug[13:00:39]: log_breakpoint 
Debug[13:00:39]: 5 
Debug[13:00:40]: signal in logmode 
Debug[13:00:40]: "RX_ERR(+809ms):RX Data without end char" 
Debug[13:00:40]: log_breakpoint 
Debug[13:00:40]: 5 
Debug[13:00:40]: signal in logmode 
Debug[13:00:40]: "UART-UART RX(+3ms):No end char:" 
Debug[13:00:40]: log_breakpoint 
Debug[13:00:40]: 5 
Debug[13:00:40]: signal in logmode 
Debug[13:00:40]: "RX_ERR(+811ms):RX Data without end char" 
Debug[13:00:40]: log_breakpoint 
Debug[13:00:41]: 5 
Debug[13:00:41]: signal in logmode 
Debug[13:00:41]: "UART-UART RX(+2ms):No end char:" 
Debug[13:00:41]: log_breakpoint 
Debug[13:00:41]: 5 
Debug[13:00:41]: signal in logmode 
Debug[13:00:41]: "RX_ERR(+804ms):RX Data without end char" 
Debug[13:00:41]: log_breakpoint 
Debug[13:00:41]: 5 
Debug[13:00:41]: signal in logmode 
Debug[13:00:41]: "UART-UART RX(+2ms):No end char:" 
Debug[13:00:41]: log_breakpoint 
Debug[13:00:41]: 5 
Debug[13:35:09]: "Suspend:Settings" 
Debug[13:35:09]: "Suspend:UartUartController" 
Debug[13:35:09]: "Suspend:UartSpiController" 
Debug[13:35:09]: "Suspend:UartSsiController" 
Debug[13:35:09]: "Suspend:DSI3Master" 
Debug[13:35:09]: "Suspend:ASICMaster" 
Debug[13:35:09]: "Suspend:RDUMMaster" 
Debug[13:35:09]: "Suspend:DSI3Slave" 
Debug[13:35:09]: "Suspend:Measurement" 
Debug[13:35:09]: "Suspend:CFARsim" 
Debug[13:35:09]: signal in logmode 
Debug[13:35:09]: "INF(13:35:09.276):Disconnect by user" 
Debug[13:35:09]: log_breakpoint 
Debug[13:35:09]: 5 
Debug[13:35:09]: signal in logmode 
Debug[13:35:09]: "INF(13:35:09.329):Disconnect by user" 
Debug[13:35:09]: log_breakpoint 
Debug[13:35:09]: 5 
Warning[13:36:02]: QObject::connect: Cannot connect LocalServer::log(int,QString) to (null)::slot_addLog(int,QString)
Debug[13:36:02]: LocalServer:new "\\.\pipe\DSI3PASd" 
Debug[13:36:02]: Register specific 
Debug[13:36:03]: DynScaleCaclulate 
Debug[13:36:03]: "init 2 UartUartController" 
Debug[13:36:03]: Ok 
Debug[13:36:03]: "init 3 UartSpiController" 
Debug[13:36:03]: Ok 
Debug[13:36:03]: "init 4 UartSsiController" 
Debug[13:36:03]: Ok 
Debug[13:36:03]: "init 5 DSI3Master" 
Debug[13:36:03]: Ok 
Debug[13:36:03]: "init 6 ASICMaster" 
Debug[13:36:04]: Ok 
Debug[13:36:04]: "init 7 RDUMMaster" 
Debug[13:36:04]: Ok 
Debug[13:36:04]: "init 8 DSI3Slave" 
Debug[13:36:05]: Ok 
Debug[13:36:05]: "init 9 Measurement" 
Debug[13:36:07]: Ok 
Debug[13:36:07]: "init 10 CFARsim" 
Debug[13:36:07]: Ok 
Debug[13:36:07]: Using SERPORT
Debug[13:36:07]: MainApp Starting... 
Debug[13:36:10]: Add applets to MainWindow...
 
Debug[13:36:10]: Initialize Connection... 
Debug[13:36:10]: signal in logmode 
Debug[13:36:10]: "INF(13:36:10.348):Mode is OK" 
Debug[13:36:10]: log_breakpoint 
Debug[13:36:10]: 5 
Debug[13:36:10]: signal in logmode 
Debug[13:36:10]: "INF(13:36:10.352):Attempt" 
Debug[13:36:10]: log_breakpoint 
Debug[13:36:10]: 5 
Debug[13:36:10]: signal in logmode 
Debug[13:36:10]: "INF(13:36:10.672):Attempt" 
Debug[13:36:10]: log_breakpoint 
Debug[13:36:10]: 5 
Debug[13:36:10]: signal in logmode 
Debug[13:36:10]: "INF(13:36:10.985):Attempt" 
Debug[13:36:10]: log_breakpoint 
Debug[13:36:10]: 5 
Debug[13:36:11]: signal in logmode 
Debug[13:36:11]: "INF(13:36:11.297):Mode is OK" 
Debug[13:36:11]: log_breakpoint 
Debug[13:36:11]: 5 
Debug[13:36:11]: signal in logmode 
Debug[13:36:11]: "INF(13:36:11.302):Attempt" 
Debug[13:36:11]: log_breakpoint 
Debug[13:36:11]: 5 
Debug[13:36:11]: signal in logmode 
Debug[13:36:11]: "INF(13:36:11.609):Attempt" 
Debug[13:36:11]: log_breakpoint 
Debug[13:36:11]: 5 
Debug[13:36:11]: signal in logmode 
Debug[13:36:11]: "INF(13:36:11.922):Attempt" 
Debug[13:36:11]: log_breakpoint 
Debug[13:36:11]: 5 
Debug[13:36:12]: signal in logmode 
Debug[13:36:12]: "INF(13:36:12.236):Mode is OK" 
Debug[13:36:12]: log_breakpoint 
Debug[13:36:12]: 5 
Debug[13:36:12]: signal in logmode 
Debug[13:36:12]: "INF(13:36:12.245):Attempt" 
Debug[13:36:12]: log_breakpoint 
Debug[13:36:12]: 5 
Debug[13:36:12]: signal in logmode 
Debug[13:36:12]: "INF(13:36:12.410):Mode is OK" 
Debug[13:36:12]: log_breakpoint 
Debug[13:36:12]: 5 
Debug[13:36:12]: signal in logmode 
Debug[13:36:12]: "INF(13:36:12.417):Attempt" 
Debug[13:36:12]: log_breakpoint 
Debug[13:36:12]: 5 
Debug[13:36:12]: signal in logmode 
Debug[13:36:12]: "INF(13:36:12.734):Attempt" 
Debug[13:36:12]: log_breakpoint 
Debug[13:36:12]: 5 
Debug[13:36:13]: signal in logmode 
Debug[13:36:13]: "INF(13:36:13.045):Attempt" 
Debug[13:36:13]: log_breakpoint 
Debug[13:36:13]: 5 
Debug[13:36:13]: signal in logmode 
Debug[13:36:13]: "INF(13:36:13.357):Mode is OK" 
Debug[13:36:13]: log_breakpoint 
Debug[13:36:13]: 5 
Debug[13:36:13]: signal in logmode 
Debug[13:36:13]: "INF(13:36:13.364):Attempt" 
Debug[13:36:13]: log_breakpoint 
Debug[13:36:13]: 5 
Debug[13:36:13]: signal in logmode 
Debug[13:36:13]: "INF(13:36:13.685):Attempt" 
Debug[13:36:13]: log_breakpoint 
Debug[13:36:13]: 5 
Debug[13:36:13]: signal in logmode 
Debug[13:36:13]: "INF(13:36:13.997):Attempt" 
Debug[13:36:13]: log_breakpoint 
Debug[13:36:14]: 5 
Debug[13:36:14]: signal in logmode 
Debug[13:36:14]: "INF(13:36:14.307):Mode is OK" 
Debug[13:36:14]: log_breakpoint 
Debug[13:36:14]: 5 
Debug[13:36:14]: signal in logmode 
Debug[13:36:14]: "INF(13:36:14.313):Attempt" 
Debug[13:36:14]: log_breakpoint 
Debug[13:36:14]: 5 
Debug[13:36:14]: signal in logmode 
Debug[13:36:14]: "INF(13:36:14.637):Attempt" 
Debug[13:36:14]: log_breakpoint 
Debug[13:36:14]: 5 
Debug[13:36:14]: signal in logmode 
Debug[13:36:14]: "INF(13:36:14.949):Attempt" 
Debug[13:36:14]: log_breakpoint 
Debug[13:36:14]: 5 
Debug[13:36:15]: signal in logmode 
Debug[13:36:15]: "INF(13:36:15.277):Mode is OK" 
Debug[13:36:15]: log_breakpoint 
Debug[13:36:15]: 5 
Debug[13:36:15]: signal in logmode 
Debug[13:36:15]: "INF(13:36:15.282):Attempt" 
Debug[13:36:15]: log_breakpoint 
Debug[13:36:15]: 5 
Debug[13:36:15]: signal in logmode 
Debug[13:36:15]: "INF(13:36:15.602):Attempt" 
Debug[13:36:15]: log_breakpoint 
Debug[13:36:15]: 5 
Debug[13:36:15]: signal in logmode 
Debug[13:36:15]: "INF(13:36:15.911):Attempt" 
Debug[13:36:15]: log_breakpoint 
Debug[13:36:15]: 5 
Debug[13:36:34]: signal in logmode 
Debug[13:36:34]: "INF(13:36:34.222):Mode is OK" 
Debug[13:36:34]: log_breakpoint 
Debug[13:36:34]: 5 
Debug[13:36:34]: signal in logmode 
Debug[13:36:34]: "INF(13:36:34.226):Attempt" 
Debug[13:36:34]: log_breakpoint 
Debug[13:36:34]: 5 
Debug[13:36:34]: signal in logmode 
Debug[13:36:34]: "INF(13:36:34.537):Attempt" 
Debug[13:36:34]: log_breakpoint 
Debug[13:36:34]: 5 
Debug[13:36:34]: signal in logmode 
Debug[13:36:34]: "INF(13:36:34.848):Attempt" 
Debug[13:36:34]: log_breakpoint 
Debug[13:36:34]: 5 
Debug[13:36:35]: signal in logmode 
Debug[13:36:35]: "INF(13:36:35.161):Mode is OK" 
Debug[13:36:35]: log_breakpoint 
Debug[13:36:35]: 5 
Debug[13:36:35]: signal in logmode 
Debug[13:36:35]: "INF(13:36:35.166):Attempt" 
Debug[13:36:35]: log_breakpoint 
Debug[13:36:35]: 5 
Debug[13:36:35]: signal in logmode 
Debug[13:36:35]: "INF(13:36:35.488):Attempt" 
Debug[13:36:35]: log_breakpoint 
Debug[13:36:35]: 5 
Debug[13:36:35]: signal in logmode 
Debug[13:36:35]: "INF(13:36:35.800):Attempt" 
Debug[13:36:35]: log_breakpoint 
Debug[13:36:35]: 5 
Debug[13:36:36]: signal in logmode 
Debug[13:36:36]: "INF(13:36:36.113):Mode is OK" 
Debug[13:36:36]: log_breakpoint 
Debug[13:36:36]: 5 
Debug[13:36:36]: signal in logmode 
Debug[13:36:36]: "INF(13:36:36.118):Attempt" 
Debug[13:36:36]: log_breakpoint 
Debug[13:36:36]: 5 
Debug[13:36:36]: signal in logmode 
Debug[13:36:36]: "INF(13:36:36.122):RDUM master connected" 
Debug[13:36:36]: log_breakpoint 
Debug[13:36:36]: 5 
Debug[13:36:36]: signal in logmode 
Debug[13:36:36]: "INF(13:36:36.125):Connected to \\.\COM82" 
Debug[13:36:36]: log_breakpoint 
Debug[13:36:36]: 5 
Warning[13:36:36]: Could not parse stylesheet of widget 0x315ede0
Debug[13:36:36]: "Resume:Logs" 
Debug[13:36:36]: "Resume:Settings" 
Debug[13:36:36]: "Resume:UartUartController" 
Debug[13:36:36]: "Resume:UartSpiController" 
Debug[13:36:36]: "Resume:UartSsiController" 
Debug[13:36:36]: "Resume:DSI3Master" 
Debug[13:36:36]: "Resume:ASICMaster" 
Debug[13:36:36]: "Resume:RDUMMaster" 
Debug[13:36:36]: "Resume:DSI3Slave" 
Debug[13:36:36]: "Resume:Measurement" 
Debug[13:36:36]: "Resume:CFARsim" 
Debug[15:21:40]: "Suspend:Settings" 
Debug[15:21:40]: "Suspend:UartUartController" 
Debug[15:21:40]: "Suspend:UartSpiController" 
Debug[15:21:40]: "Suspend:UartSsiController" 
Debug[15:21:40]: "Suspend:DSI3Master" 
Debug[15:21:40]: "Suspend:ASICMaster" 
Debug[15:21:40]: "Suspend:RDUMMaster" 
Debug[15:21:40]: "Suspend:DSI3Slave" 
Debug[15:21:40]: "Suspend:Measurement" 
Debug[15:21:40]: "Suspend:CFARsim" 
Debug[15:21:40]: signal in logmode 
Debug[15:21:40]: "INF(15:21:40.170):Disconnect by user" 
Debug[15:21:40]: log_breakpoint 
Debug[15:21:40]: 5 
Debug[15:21:40]: signal in logmode 
Debug[15:21:40]: "INF(15:21:40.339):Disconnect by user" 
Debug[15:21:40]: log_breakpoint 
Debug[15:21:40]: 5 
