Warning[09:46:37]: QObject::connect: Cannot connect LocalServer::log(int,QString) to (null)::slot_addLog(int,QString)
Debug[09:46:37]: LocalServer:new "\\.\pipe\DSI3PAS" 
Debug[09:46:37]: Register specific 
Debug[09:46:37]: DynScaleCaclulate 
Debug[09:46:37]: "init 2 UartUartController" 
Debug[09:46:37]: Ok 
Debug[09:46:37]: "init 3 UartSpiController" 
Debug[09:46:37]: Ok 
Debug[09:46:37]: "init 4 UartSsiController" 
Debug[09:46:37]: Ok 
Debug[09:46:37]: "init 5 DSI3Master" 
Debug[09:46:37]: Ok 
Debug[09:46:37]: "init 6 ASICMaster" 
Debug[09:46:37]: Ok 
Debug[09:46:37]: "init 7 RDUMMaster" 
Debug[09:46:37]: Ok 
Debug[09:46:37]: "init 8 DSI3Slave" 
Debug[09:46:38]: Ok 
Debug[09:46:38]: "init 9 Measurement" 
Debug[09:46:39]: Ok 
Debug[09:46:39]: "init 10 CFARsim" 
Debug[09:46:39]: Ok 
Debug[09:46:39]: MainApp Starting... 
Debug[09:46:40]: Add applets to MainWindow...
 
Debug[09:46:40]: Initialize Connection... 
Debug[09:46:40]: signal in logmode 
Debug[09:46:40]: "INF(09:46:40.394):Mode is OK" 
Debug[09:46:40]: log_breakpoint 
Debug[09:46:40]: 5 
Debug[09:46:40]: signal in logmode 
Debug[09:46:40]: "INF(09:46:40.396):Attempt" 
Debug[09:46:40]: log_breakpoint 
Debug[09:46:40]: 5 
Debug[09:46:40]: signal in logmode 
Debug[09:46:40]: "INF(09:46:40.714):Attempt" 
Debug[09:46:40]: log_breakpoint 
Debug[09:46:40]: 5 
Debug[09:46:41]: signal in logmode 
Debug[09:46:41]: "INF(09:46:41.025):Attempt" 
Debug[09:46:41]: log_breakpoint 
Debug[09:46:41]: 5 
Debug[09:46:41]: signal in logmode 
Debug[09:46:41]: "INF(09:46:41.338):Mode is OK" 
Debug[09:46:41]: log_breakpoint 
Debug[09:46:41]: 5 
Debug[09:46:41]: signal in logmode 
Debug[09:46:41]: "INF(09:46:41.343):Attempt" 
Debug[09:46:41]: log_breakpoint 
Debug[09:46:41]: 5 
Debug[09:46:41]: signal in logmode 
Debug[09:46:41]: "INF(09:46:41.650):Attempt" 
Debug[09:46:41]: log_breakpoint 
Debug[09:46:41]: 5 
Debug[09:46:41]: signal in logmode 
Debug[09:46:41]: "INF(09:46:41.960):Attempt" 
Debug[09:46:41]: log_breakpoint 
Debug[09:46:41]: 5 
Debug[09:46:42]: signal in logmode 
Debug[09:46:42]: "INF(09:46:42.272):Mode is OK" 
Debug[09:46:42]: log_breakpoint 
Debug[09:46:42]: 5 
Debug[09:46:42]: signal in logmode 
Debug[09:46:42]: "INF(09:46:42.277):Attempt" 
Debug[09:46:42]: log_breakpoint 
Debug[09:46:42]: 5 
Debug[09:46:42]: signal in logmode 
Debug[09:46:42]: "INF(09:46:42.428):Mode is OK" 
Debug[09:46:42]: log_breakpoint 
Debug[09:46:42]: 5 
Debug[09:46:42]: signal in logmode 
Debug[09:46:42]: "INF(09:46:42.433):Attempt" 
Debug[09:46:42]: log_breakpoint 
Debug[09:46:42]: 5 
Debug[09:46:42]: signal in logmode 
Debug[09:46:42]: "INF(09:46:42.747):Attempt" 
Debug[09:46:42]: log_breakpoint 
Debug[09:46:42]: 5 
Debug[09:46:43]: signal in logmode 
Debug[09:46:43]: "INF(09:46:43.057):Attempt" 
Debug[09:46:43]: log_breakpoint 
Debug[09:46:43]: 5 
Debug[09:46:43]: signal in logmode 
Debug[09:46:43]: "INF(09:46:43.371):Mode is OK" 
Debug[09:46:43]: log_breakpoint 
Debug[09:46:43]: 5 
Debug[09:46:43]: signal in logmode 
Debug[09:46:43]: "INF(09:46:43.376):Attempt" 
Debug[09:46:43]: log_breakpoint 
Debug[09:46:43]: 5 
Debug[09:46:43]: signal in logmode 
Debug[09:46:43]: "INF(09:46:43.697):Attempt" 
Debug[09:46:43]: log_breakpoint 
Debug[09:46:43]: 5 
Debug[09:46:44]: signal in logmode 
Debug[09:46:44]: "INF(09:46:44.012):Attempt" 
Debug[09:46:44]: log_breakpoint 
Debug[09:46:44]: 5 
Debug[09:46:44]: signal in logmode 
Debug[09:46:44]: "INF(09:46:44.323):Mode is OK" 
Debug[09:46:44]: log_breakpoint 
Debug[09:46:44]: 5 
Debug[09:46:44]: signal in logmode 
Debug[09:46:44]: "INF(09:46:44.328):Attempt" 
Debug[09:46:44]: log_breakpoint 
Debug[09:46:44]: 5 
Debug[09:46:44]: signal in logmode 
Debug[09:46:44]: "INF(09:46:44.632):Attempt" 
Debug[09:46:44]: log_breakpoint 
Debug[09:46:44]: 5 
Debug[09:46:44]: signal in logmode 
Debug[09:46:44]: "INF(09:46:44.947):Attempt" 
Debug[09:46:44]: log_breakpoint 
Debug[09:46:44]: 5 
Warning[09:46:45]: QFileSystemWatcher: failed to add paths: C:/REPO/DSI3PAS2_workingdir/DSI3PAS2/Software/bin/ULSEverification_configfiles, C:/REPO/DSI3PAS2_workingdir/DSI3PAS2/Software/bin/ConfigFiles_29_1_2021_Jiri_MOBIS, C:/Users/fg6cnq/Desktop/DSI3PAS2_UART_QtSW_20210129_1511, C:/Users/zbdn9w/Desktop/Temp/CFAR QT uprava ToF, C:/Users/zbdn9w/Desktop/Temp/CFAR QT Komprimace do CSV, U:/Dokumenty/MOBIS/Crosstalk 11-2021
Debug[09:46:47]: signal in logmode 
Debug[09:46:47]: "INF(09:46:47.894):Mode is OK" 
Debug[09:46:47]: log_breakpoint 
Debug[09:46:47]: 5 
Debug[09:46:47]: signal in logmode 
Debug[09:46:47]: "INF(09:46:47.899):Attempt" 
Debug[09:46:47]: log_breakpoint 
Debug[09:46:47]: 5 
Debug[09:46:48]: signal in logmode 
Debug[09:46:48]: "INF(09:46:48.219):Attempt" 
Debug[09:46:48]: log_breakpoint 
Debug[09:46:48]: 5 
Debug[09:46:48]: signal in logmode 
Debug[09:46:48]: "INF(09:46:48.532):Attempt" 
Debug[09:46:48]: log_breakpoint 
Debug[09:46:48]: 5 
Debug[09:46:48]: signal in logmode 
Debug[09:46:48]: "INF(09:46:48.844):Mode is OK" 
Debug[09:46:48]: log_breakpoint 
Debug[09:46:48]: 5 
Debug[09:46:48]: signal in logmode 
Debug[09:46:48]: "INF(09:46:48.847):Attempt" 
Debug[09:46:48]: log_breakpoint 
Debug[09:46:48]: 5 
Debug[09:46:49]: signal in logmode 
Debug[09:46:49]: "INF(09:46:49.154):Attempt" 
Debug[09:46:49]: log_breakpoint 
Debug[09:46:49]: 5 
Debug[09:46:49]: signal in logmode 
Debug[09:46:49]: "INF(09:46:49.463):Attempt" 
Debug[09:46:49]: log_breakpoint 
Debug[09:46:49]: 5 
Debug[09:46:49]: signal in logmode 
Debug[09:46:49]: "INF(09:46:49.773):Mode is OK" 
Debug[09:46:49]: log_breakpoint 
Debug[09:46:49]: 5 
Debug[09:46:49]: signal in logmode 
Debug[09:46:49]: "INF(09:46:49.776):Attempt" 
Debug[09:46:49]: log_breakpoint 
Debug[09:46:49]: 5 
Debug[09:46:49]: signal in logmode 
Debug[09:46:49]: "INF(09:46:49.803):RDUM master connected" 
Debug[09:46:49]: log_breakpoint 
Debug[09:46:49]: 5 
Debug[09:46:49]: signal in logmode 
Debug[09:46:49]: "INF(09:46:49.806):Connected to \\.\COM16" 
Debug[09:46:49]: log_breakpoint 
Debug[09:46:49]: 5 
Warning[09:46:49]: Could not parse stylesheet of widget 0x32d3f38
Debug[09:46:49]: "Resume:Logs" 
Debug[09:46:49]: "Resume:Settings" 
Debug[09:46:49]: "Resume:UartUartController" 
Debug[09:46:49]: "Resume:UartSpiController" 
Debug[09:46:49]: "Resume:UartSsiController" 
Debug[09:46:49]: "Resume:DSI3Master" 
Debug[09:46:49]: "Resume:ASICMaster" 
Debug[09:46:49]: "Resume:RDUMMaster" 
Debug[09:46:49]: "Resume:DSI3Slave" 
Debug[09:46:49]: "Resume:Measurement" 
Debug[09:46:49]: "Resume:CFARsim" 
Debug[10:30:52]: "Suspend:Settings" 
Debug[10:30:52]: "Suspend:UartUartController" 
Debug[10:30:52]: "Suspend:UartSpiController" 
Debug[10:30:52]: "Suspend:UartSsiController" 
Debug[10:30:52]: "Suspend:DSI3Master" 
Debug[10:30:52]: "Suspend:ASICMaster" 
Debug[10:30:52]: "Suspend:RDUMMaster" 
Debug[10:30:52]: "Suspend:DSI3Slave" 
Debug[10:30:52]: "Suspend:Measurement" 
Debug[10:30:52]: "Suspend:CFARsim" 
Debug[10:30:52]: signal in logmode 
Debug[10:30:52]: "INF(10:30:52.327):Disconnect by user" 
Debug[10:30:52]: log_breakpoint 
Debug[10:30:52]: 5 
Debug[10:30:52]: signal in logmode 
Debug[10:30:52]: "INF(10:30:52.490):Disconnect by user" 
Debug[10:30:52]: log_breakpoint 
Debug[10:30:52]: 5 
Warning[10:36:55]: QObject::connect: Cannot connect LocalServer::log(int,QString) to (null)::slot_addLog(int,QString)
Debug[10:36:55]: LocalServer:new "\\.\pipe\DSI3PAS" 
Debug[10:36:55]: Register specific 
Debug[10:36:56]: DynScaleCaclulate 
Debug[10:36:56]: "init 2 UartUartController" 
Debug[10:36:56]: Ok 
Debug[10:36:56]: "init 3 UartSpiController" 
Debug[10:36:56]: Ok 
Debug[10:36:56]: "init 4 UartSsiController" 
Debug[10:36:56]: Ok 
Debug[10:36:56]: "init 5 DSI3Master" 
Debug[10:36:56]: Ok 
Debug[10:36:56]: "init 6 ASICMaster" 
Debug[10:36:56]: Ok 
Debug[10:36:56]: "init 7 RDUMMaster" 
Debug[10:36:56]: Ok 
Debug[10:36:56]: "init 8 DSI3Slave" 
Debug[10:36:57]: Ok 
Debug[10:36:57]: "init 9 Measurement" 
Debug[10:36:57]: Ok 
Debug[10:36:57]: "init 10 CFARsim" 
Debug[10:36:57]: Ok 
Debug[10:36:57]: MainApp Starting... 
Debug[10:36:58]: Add applets to MainWindow...
 
Debug[10:36:58]: Initialize Connection... 
Debug[10:36:58]: signal in logmode 
Debug[10:36:58]: "INF(10:36:58.982):Mode is OK" 
Debug[10:36:58]: log_breakpoint 
Debug[10:36:58]: 5 
Debug[10:36:58]: signal in logmode 
Debug[10:36:58]: "INF(10:36:58.984):Attempt" 
Debug[10:36:58]: log_breakpoint 
Debug[10:36:58]: 5 
Debug[10:36:59]: signal in logmode 
Debug[10:36:59]: "INF(10:36:59.291):Attempt" 
Debug[10:36:59]: log_breakpoint 
Debug[10:36:59]: 5 
Debug[10:36:59]: signal in logmode 
Debug[10:36:59]: "INF(10:36:59.607):Attempt" 
Debug[10:36:59]: log_breakpoint 
Debug[10:36:59]: 5 
Debug[10:36:59]: signal in logmode 
Debug[10:36:59]: "INF(10:36:59.920):Mode is OK" 
Debug[10:36:59]: log_breakpoint 
Debug[10:36:59]: 5 
Debug[10:36:59]: signal in logmode 
Debug[10:36:59]: "INF(10:36:59.925):Attempt" 
Debug[10:36:59]: log_breakpoint 
Debug[10:36:59]: 5 
Debug[10:37:00]: signal in logmode 
Debug[10:37:00]: "INF(10:37:00.235):Attempt" 
Debug[10:37:00]: log_breakpoint 
Debug[10:37:00]: 5 
Debug[10:37:00]: signal in logmode 
Debug[10:37:00]: "INF(10:37:00.544):Attempt" 
Debug[10:37:00]: log_breakpoint 
Debug[10:37:00]: 5 
Debug[10:37:00]: signal in logmode 
Debug[10:37:00]: "INF(10:37:00.856):Mode is OK" 
Debug[10:37:00]: log_breakpoint 
Debug[10:37:00]: 5 
Debug[10:37:00]: signal in logmode 
Debug[10:37:00]: "INF(10:37:00.861):Attempt" 
Debug[10:37:00]: log_breakpoint 
Debug[10:37:00]: 5 
Debug[10:37:01]: signal in logmode 
Debug[10:37:01]: "INF(10:37:01.014):Mode is OK" 
Debug[10:37:01]: log_breakpoint 
Debug[10:37:01]: 5 
Debug[10:37:01]: signal in logmode 
Debug[10:37:01]: "INF(10:37:01.020):Attempt" 
Debug[10:37:01]: log_breakpoint 
Debug[10:37:01]: 5 
Debug[10:37:01]: signal in logmode 
Debug[10:37:01]: "INF(10:37:01.337):Attempt" 
Debug[10:37:01]: log_breakpoint 
Debug[10:37:01]: 5 
Debug[10:37:01]: signal in logmode 
Debug[10:37:01]: "INF(10:37:01.645):Attempt" 
Debug[10:37:01]: log_breakpoint 
Debug[10:37:01]: 5 
Debug[10:37:01]: signal in logmode 
Debug[10:37:01]: "INF(10:37:01.957):Mode is OK" 
Debug[10:37:01]: log_breakpoint 
Debug[10:37:01]: 5 
Debug[10:37:01]: signal in logmode 
Debug[10:37:01]: "INF(10:37:01.962):Attempt" 
Debug[10:37:01]: log_breakpoint 
Debug[10:37:01]: 5 
Debug[10:37:02]: signal in logmode 
Debug[10:37:02]: "INF(10:37:02.286):Attempt" 
Debug[10:37:02]: log_breakpoint 
Debug[10:37:02]: 5 
Debug[10:37:02]: signal in logmode 
Debug[10:37:02]: "INF(10:37:02.600):Attempt" 
Debug[10:37:02]: log_breakpoint 
Debug[10:37:02]: 5 
Debug[10:37:02]: signal in logmode 
Debug[10:37:02]: "INF(10:37:02.913):Mode is OK" 
Debug[10:37:02]: log_breakpoint 
Debug[10:37:02]: 5 
Debug[10:37:02]: signal in logmode 
Debug[10:37:02]: "INF(10:37:02.918):Attempt" 
Debug[10:37:02]: log_breakpoint 
Debug[10:37:02]: 5 
Debug[10:37:03]: signal in logmode 
Debug[10:37:03]: "INF(10:37:03.224):Attempt" 
Debug[10:37:03]: log_breakpoint 
Debug[10:37:03]: 5 
Debug[10:37:03]: signal in logmode 
Debug[10:37:03]: "INF(10:37:03.535):Attempt" 
Debug[10:37:03]: log_breakpoint 
Debug[10:37:03]: 5 
Warning[10:37:04]: QFileSystemWatcher: failed to add paths: C:/REPO/DSI3PAS2_workingdir/DSI3PAS2/Software/bin/ULSEverification_configfiles, C:/REPO/DSI3PAS2_workingdir/DSI3PAS2/Software/bin/ConfigFiles_29_1_2021_Jiri_MOBIS, C:/Users/fg6cnq/Desktop/DSI3PAS2_UART_QtSW_20210129_1511, C:/Users/zbdn9w/Desktop/Temp/CFAR QT uprava ToF, C:/Users/zbdn9w/Desktop/Temp/CFAR QT Komprimace do CSV, U:/Dokumenty/MOBIS/Crosstalk 11-2021
Debug[10:37:07]: signal in logmode 
Debug[10:37:07]: "INF(10:37:07.103):Mode is OK" 
Debug[10:37:07]: log_breakpoint 
Debug[10:37:07]: 5 
Debug[10:37:07]: signal in logmode 
Debug[10:37:07]: "INF(10:37:07.105):Attempt" 
Debug[10:37:07]: log_breakpoint 
Debug[10:37:07]: 5 
Debug[10:37:07]: signal in logmode 
Debug[10:37:07]: "INF(10:37:07.416):Attempt" 
Debug[10:37:07]: log_breakpoint 
Debug[10:37:07]: 5 
Debug[10:37:07]: signal in logmode 
Debug[10:37:07]: "INF(10:37:07.733):Attempt" 
Debug[10:37:07]: log_breakpoint 
Debug[10:37:07]: 5 
Debug[10:37:08]: signal in logmode 
Debug[10:37:08]: "INF(10:37:08.050):Mode is OK" 
Debug[10:37:08]: log_breakpoint 
Debug[10:37:08]: 5 
Debug[10:37:08]: signal in logmode 
Debug[10:37:08]: "INF(10:37:08.055):Attempt" 
Debug[10:37:08]: log_breakpoint 
Debug[10:37:08]: 5 
Debug[10:37:08]: signal in logmode 
Debug[10:37:08]: "INF(10:37:08.366):Attempt" 
Debug[10:37:08]: log_breakpoint 
Debug[10:37:08]: 5 
Debug[10:37:08]: signal in logmode 
Debug[10:37:08]: "INF(10:37:08.682):Attempt" 
Debug[10:37:08]: log_breakpoint 
Debug[10:37:08]: 5 
Debug[10:37:08]: signal in logmode 
Debug[10:37:08]: "INF(10:37:08.997):Mode is OK" 
Debug[10:37:08]: log_breakpoint 
Debug[10:37:09]: 5 
Debug[10:37:09]: signal in logmode 
Debug[10:37:09]: "INF(10:37:09.001):Attempt" 
Debug[10:37:09]: log_breakpoint 
Debug[10:37:09]: 5 
Debug[10:37:09]: signal in logmode 
Debug[10:37:09]: "INF(10:37:09.005):RDUM master connected" 
Debug[10:37:09]: log_breakpoint 
Debug[10:37:09]: 5 
Debug[10:37:09]: signal in logmode 
Debug[10:37:09]: "INF(10:37:09.008):Connected to \\.\COM16" 
Debug[10:37:09]: log_breakpoint 
Debug[10:37:09]: 5 
Warning[10:37:09]: Could not parse stylesheet of widget 0x32c79b0
Debug[10:37:09]: "Resume:Logs" 
Debug[10:37:09]: "Resume:Settings" 
Debug[10:37:09]: "Resume:UartUartController" 
Debug[10:37:09]: "Resume:UartSpiController" 
Debug[10:37:09]: "Resume:UartSsiController" 
Debug[10:37:09]: "Resume:DSI3Master" 
Debug[10:37:09]: "Resume:ASICMaster" 
Debug[10:37:09]: "Resume:RDUMMaster" 
Debug[10:37:09]: "Resume:DSI3Slave" 
Debug[10:37:09]: "Resume:Measurement" 
Debug[10:37:09]: "Resume:CFARsim" 
Debug[10:50:01]: "Suspend:Settings" 
Debug[10:50:01]: "Suspend:UartUartController" 
Debug[10:50:01]: "Suspend:UartSpiController" 
Debug[10:50:01]: "Suspend:UartSsiController" 
Debug[10:50:01]: "Suspend:DSI3Master" 
Debug[10:50:01]: "Suspend:ASICMaster" 
Debug[10:50:01]: "Suspend:RDUMMaster" 
Debug[10:50:01]: "Suspend:DSI3Slave" 
Debug[10:50:01]: "Suspend:Measurement" 
Debug[10:50:02]: "Suspend:CFARsim" 
Debug[10:50:02]: signal in logmode 
Debug[10:50:02]: "INF(10:50:02.039):Disconnect by user" 
Debug[10:50:02]: log_breakpoint 
Debug[10:50:02]: 5 
Debug[10:50:02]: signal in logmode 
Debug[10:50:02]: "INF(10:50:02.098):Disconnect by user" 
Debug[10:50:02]: log_breakpoint 
Debug[10:50:02]: 5 
Warning[13:15:17]: QObject::connect: Cannot connect LocalServer::log(int,QString) to (null)::slot_addLog(int,QString)
Debug[13:15:17]: LocalServer:new "\\.\pipe\DSI3PASd" 
Debug[13:15:17]: Register specific 
Debug[13:15:18]: DynScaleCaclulate 
Debug[13:15:19]: "init 2 UartUartController" 
Debug[13:15:19]: Ok 
Debug[13:15:19]: "init 3 UartSpiController" 
Debug[13:15:19]: Ok 
Debug[13:15:19]: "init 4 UartSsiController" 
Debug[13:15:19]: Ok 
Debug[13:15:19]: "init 5 DSI3Master" 
Debug[13:15:19]: Ok 
Debug[13:15:19]: "init 6 ASICMaster" 
Debug[13:15:19]: Ok 
Debug[13:15:19]: "init 7 RDUMMaster" 
Debug[13:15:19]: Ok 
Debug[13:15:19]: "init 8 DSI3Slave" 
Debug[13:15:21]: Ok 
Debug[13:15:21]: "init 9 Measurement" 
Debug[13:15:22]: Ok 
Debug[13:15:22]: "init 10 CFARsim" 
Debug[13:15:22]: Ok 
Debug[13:15:22]: Using SERPORT
Debug[13:15:22]: MainApp Starting... 
Debug[13:15:24]: Add applets to MainWindow...
 
Debug[13:15:24]: Initialize Connection... 
Debug[13:15:32]: signal in logmode 
Debug[13:15:32]: "INF(13:15:32.134):Connected to no_board" 
Debug[13:15:32]: log_breakpoint 
Debug[13:15:32]: 5 
Warning[13:15:32]: Could not parse stylesheet of widget 0x3fa93c8
Debug[13:15:32]: "Resume:Logs" 
Debug[13:15:32]: "Resume:Settings" 
Debug[13:15:32]: "Resume:UartUartController" 
Debug[13:15:32]: "Resume:UartSpiController" 
Debug[13:15:32]: "Resume:UartSsiController" 
Debug[13:15:32]: "Resume:DSI3Master" 
Debug[13:15:32]: "Resume:ASICMaster" 
Debug[13:15:32]: "Resume:RDUMMaster" 
Debug[13:15:32]: "Resume:DSI3Slave" 
Debug[13:15:32]: "Resume:Measurement" 
Debug[13:15:32]: "Resume:CFARsim" 
Debug[13:26:09]: "Suspend:Settings" 
Debug[13:26:09]: "Suspend:UartUartController" 
Debug[13:26:09]: "Suspend:UartSpiController" 
Debug[13:26:09]: "Suspend:UartSsiController" 
Debug[13:26:09]: "Suspend:DSI3Master" 
Debug[13:26:09]: "Suspend:ASICMaster" 
Debug[13:26:09]: "Suspend:RDUMMaster" 
Debug[13:26:09]: "Suspend:DSI3Slave" 
Debug[13:26:09]: "Suspend:Measurement" 
Debug[13:26:09]: "Suspend:CFARsim" 
Debug[13:26:09]: signal in logmode 
Debug[13:26:09]: "INF(13:26:09.603):Disconnect by user" 
Debug[13:26:09]: log_breakpoint 
Debug[13:26:09]: 5 
Debug[13:26:09]: signal in logmode 
Debug[13:26:09]: "INF(13:26:09.626):Disconnect by user" 
Debug[13:26:09]: log_breakpoint 
Debug[13:26:09]: 5 
Warning[13:38:13]: QObject::connect: Cannot connect LocalServer::log(int,QString) to (null)::slot_addLog(int,QString)
Debug[13:38:13]: LocalServer:new "\\.\pipe\DSI3PASd" 
Debug[13:38:13]: Register specific 
Debug[13:38:14]: DynScaleCaclulate 
Debug[13:38:14]: "init 2 UartUartController" 
Debug[13:38:14]: Ok 
Debug[13:38:14]: "init 3 UartSpiController" 
Debug[13:38:14]: Ok 
Debug[13:38:14]: "init 4 UartSsiController" 
Debug[13:38:14]: Ok 
Debug[13:38:14]: "init 5 DSI3Master" 
Debug[13:38:14]: Ok 
Debug[13:38:14]: "init 6 ASICMaster" 
Debug[13:38:14]: Ok 
Debug[13:38:14]: "init 7 RDUMMaster" 
Debug[13:38:14]: Ok 
Debug[13:38:14]: "init 8 DSI3Slave" 
Debug[13:38:16]: Ok 
Debug[13:38:16]: "init 9 Measurement" 
Debug[13:38:17]: Ok 
Debug[13:38:17]: "init 10 CFARsim" 
Debug[13:38:17]: Ok 
Debug[13:38:17]: Using SERPORT
Debug[13:38:17]: MainApp Starting... 
Debug[13:38:20]: Add applets to MainWindow...
 
Debug[13:38:20]: Initialize Connection... 
Debug[13:38:20]: signal in logmode 
Debug[13:38:20]: "INF(13:38:20.365):Mode is OK" 
Debug[13:38:20]: log_breakpoint 
Debug[13:38:20]: 5 
Debug[13:38:20]: signal in logmode 
Debug[13:38:20]: "INF(13:38:20.367):Attempt" 
Debug[13:38:20]: log_breakpoint 
Debug[13:38:20]: 5 
Debug[13:38:20]: signal in logmode 
Debug[13:38:20]: "INF(13:38:20.512):Mode is OK" 
Debug[13:38:20]: log_breakpoint 
Debug[13:38:20]: 5 
Debug[13:38:20]: signal in logmode 
Debug[13:38:20]: "INF(13:38:20.517):Attempt" 
Debug[13:38:20]: log_breakpoint 
Debug[13:38:20]: 5 
Debug[13:38:20]: signal in logmode 
Debug[13:38:20]: "INF(13:38:20.824):Attempt" 
Debug[13:38:20]: log_breakpoint 
Debug[13:38:20]: 5 
Debug[13:38:21]: signal in logmode 
Debug[13:38:21]: "INF(13:38:21.135):Attempt" 
Debug[13:38:21]: log_breakpoint 
Debug[13:38:21]: 5 
Debug[13:38:21]: signal in logmode 
Debug[13:38:21]: "INF(13:38:21.444):Mode is OK" 
Debug[13:38:21]: log_breakpoint 
Debug[13:38:21]: 5 
Debug[13:38:21]: signal in logmode 
Debug[13:38:21]: "INF(13:38:21.446):Attempt" 
Debug[13:38:21]: log_breakpoint 
Debug[13:38:21]: 5 
Debug[13:38:21]: signal in logmode 
Debug[13:38:21]: "INF(13:38:21.752):Attempt" 
Debug[13:38:21]: log_breakpoint 
Debug[13:38:21]: 5 
Debug[13:38:22]: signal in logmode 
Debug[13:38:22]: "INF(13:38:22.061):Attempt" 
Debug[13:38:22]: log_breakpoint 
Debug[13:38:22]: 5 
Debug[13:38:22]: signal in logmode 
Debug[13:38:22]: "INF(13:38:22.369):Mode is OK" 
Debug[13:38:22]: log_breakpoint 
Debug[13:38:22]: 5 
Debug[13:38:22]: signal in logmode 
Debug[13:38:22]: "INF(13:38:22.373):Attempt" 
Debug[13:38:22]: log_breakpoint 
Debug[13:38:22]: 5 
Debug[13:38:22]: signal in logmode 
Debug[13:38:22]: "INF(13:38:22.676):Attempt" 
Debug[13:38:22]: log_breakpoint 
Debug[13:38:22]: 5 
Debug[13:38:22]: signal in logmode 
Debug[13:38:22]: "INF(13:38:22.997):Attempt" 
Debug[13:38:22]: log_breakpoint 
Debug[13:38:22]: 5 
Debug[13:38:28]: signal in logmode 
Debug[13:38:28]: "INF(13:38:28.702):Mode is OK" 
Debug[13:38:28]: log_breakpoint 
Debug[13:38:28]: 5 
Debug[13:38:28]: signal in logmode 
Debug[13:38:28]: "INF(13:38:28.704):Attempt" 
Debug[13:38:28]: log_breakpoint 
Debug[13:38:28]: 5 
Debug[13:38:28]: signal in logmode 
Debug[13:38:28]: "INF(13:38:28.716):ASIC master connected" 
Debug[13:38:28]: log_breakpoint 
Debug[13:38:28]: 5 
Debug[13:38:28]: signal in logmode 
Debug[13:38:28]: "INF(13:38:28.718):Connected to \\.\COM56" 
Debug[13:38:28]: log_breakpoint 
Debug[13:38:28]: 5 
Warning[13:38:28]: Could not parse stylesheet of widget 0x4159648
Debug[13:38:28]: "Resume:Logs" 
Debug[13:38:28]: "Resume:Settings" 
Debug[13:38:28]: "Resume:UartUartController" 
Debug[13:38:28]: "Resume:UartSpiController" 
Debug[13:38:28]: "Resume:UartSsiController" 
Debug[13:38:28]: "Resume:DSI3Master" 
Debug[13:38:28]: "Resume:ASICMaster" 
Debug[13:38:28]: "Resume:RDUMMaster" 
Debug[13:38:28]: "Resume:DSI3Slave" 
Debug[13:38:28]: "Resume:Measurement" 
Debug[13:38:28]: "Resume:CFARsim" 
Debug[13:38:59]: "Suspend:Settings" 
Debug[13:38:59]: "Suspend:UartUartController" 
Debug[13:38:59]: "Suspend:UartSpiController" 
Debug[13:38:59]: "Suspend:UartSsiController" 
Debug[13:38:59]: "Suspend:DSI3Master" 
Debug[13:38:59]: "Suspend:ASICMaster" 
Debug[13:38:59]: "Suspend:RDUMMaster" 
Debug[13:38:59]: "Suspend:DSI3Slave" 
Debug[13:38:59]: "Suspend:Measurement" 
Debug[13:38:59]: "Suspend:CFARsim" 
Debug[13:38:59]: signal in logmode 
Debug[13:38:59]: "INF(13:38:59.161):Disconnect by user" 
Debug[13:38:59]: log_breakpoint 
Debug[13:38:59]: 5 
Debug[13:38:59]: signal in logmode 
Debug[13:38:59]: "INF(13:38:59.328):Disconnect by user" 
Debug[13:38:59]: log_breakpoint 
Debug[13:38:59]: 5 
Warning[13:39:06]: QObject::connect: Cannot connect LocalServer::log(int,QString) to (null)::slot_addLog(int,QString)
Debug[13:39:06]: LocalServer:new "\\.\pipe\DSI3PASd" 
Debug[13:39:06]: Register specific 
Debug[13:39:08]: DynScaleCaclulate 
Debug[13:39:08]: "init 2 UartUartController" 
Debug[13:39:08]: Ok 
Debug[13:39:08]: "init 3 UartSpiController" 
Debug[13:39:08]: Ok 
Debug[13:39:08]: "init 4 UartSsiController" 
Debug[13:39:08]: Ok 
Debug[13:39:08]: "init 5 DSI3Master" 
Debug[13:39:08]: Ok 
Debug[13:39:08]: "init 6 ASICMaster" 
Debug[13:39:08]: Ok 
Debug[13:39:08]: "init 7 RDUMMaster" 
Debug[13:39:08]: Ok 
Debug[13:39:08]: "init 8 DSI3Slave" 
Debug[13:39:10]: Ok 
Debug[13:39:10]: "init 9 Measurement" 
Debug[13:39:11]: Ok 
Debug[13:39:11]: "init 10 CFARsim" 
Debug[13:39:11]: Ok 
Debug[13:39:11]: Using SERPORT
Debug[13:39:11]: MainApp Starting... 
Debug[13:39:13]: Add applets to MainWindow...
 
Debug[13:39:13]: Initialize Connection... 
Debug[13:39:13]: signal in logmode 
Debug[13:39:13]: "INF(13:39:13.875):Mode is OK" 
Debug[13:39:13]: log_breakpoint 
Debug[13:39:13]: 5 
Debug[13:39:13]: signal in logmode 
Debug[13:39:13]: "INF(13:39:13.878):Attempt" 
Debug[13:39:13]: log_breakpoint 
Debug[13:39:13]: 5 
Debug[13:39:14]: signal in logmode 
Debug[13:39:14]: "INF(13:39:14.038):Mode is OK" 
Debug[13:39:14]: log_breakpoint 
Debug[13:39:14]: 5 
Debug[13:39:14]: signal in logmode 
Debug[13:39:14]: "INF(13:39:14.041):Attempt" 
Debug[13:39:14]: log_breakpoint 
Debug[13:39:14]: 5 
Debug[13:39:14]: signal in logmode 
Debug[13:39:14]: "INF(13:39:14.361):Attempt" 
Debug[13:39:14]: log_breakpoint 
Debug[13:39:14]: 5 
Debug[13:39:14]: signal in logmode 
Debug[13:39:14]: "INF(13:39:14.676):Attempt" 
Debug[13:39:14]: log_breakpoint 
Debug[13:39:14]: 5 
Debug[13:39:14]: signal in logmode 
Debug[13:39:14]: "INF(13:39:14.989):Mode is OK" 
Debug[13:39:14]: log_breakpoint 
Debug[13:39:14]: 5 
Debug[13:39:14]: signal in logmode 
Debug[13:39:14]: "INF(13:39:14.991):Attempt" 
Debug[13:39:14]: log_breakpoint 
Debug[13:39:14]: 5 
Debug[13:39:15]: signal in logmode 
Debug[13:39:15]: "INF(13:39:15.301):Attempt" 
Debug[13:39:15]: log_breakpoint 
Debug[13:39:15]: 5 
Debug[13:39:15]: signal in logmode 
Debug[13:39:15]: "INF(13:39:15.609):Attempt" 
Debug[13:39:15]: log_breakpoint 
Debug[13:39:15]: 5 
Debug[13:39:15]: signal in logmode 
Debug[13:39:15]: "INF(13:39:15.916):Mode is OK" 
Debug[13:39:15]: log_breakpoint 
Debug[13:39:15]: 5 
Debug[13:39:15]: signal in logmode 
Debug[13:39:15]: "INF(13:39:15.920):Attempt" 
Debug[13:39:15]: log_breakpoint 
Debug[13:39:15]: 5 
Debug[13:39:16]: signal in logmode 
Debug[13:39:16]: "INF(13:39:16.223):Attempt" 
Debug[13:39:16]: log_breakpoint 
Debug[13:39:16]: 5 
Debug[13:39:16]: signal in logmode 
Debug[13:39:16]: "INF(13:39:16.532):Attempt" 
Debug[13:39:16]: log_breakpoint 
Debug[13:39:16]: 5 
Debug[13:39:20]: signal in logmode 
Debug[13:39:20]: "INF(13:39:20.018):Mode is OK" 
Debug[13:39:20]: log_breakpoint 
Debug[13:39:20]: 5 
Debug[13:39:20]: signal in logmode 
Debug[13:39:20]: "INF(13:39:20.021):Attempt" 
Debug[13:39:20]: log_breakpoint 
Debug[13:39:20]: 5 
Debug[13:39:20]: signal in logmode 
Debug[13:39:20]: "INF(13:39:20.031):ASIC master connected" 
Debug[13:39:20]: log_breakpoint 
Debug[13:39:20]: 5 
Debug[13:39:20]: signal in logmode 
Debug[13:39:20]: "INF(13:39:20.035):Connected to \\.\COM56" 
Debug[13:39:20]: log_breakpoint 
Debug[13:39:20]: 5 
Warning[13:39:20]: Could not parse stylesheet of widget 0x414a588
Debug[13:39:20]: "Resume:Logs" 
Debug[13:39:20]: "Resume:Settings" 
Debug[13:39:20]: "Resume:UartUartController" 
Debug[13:39:20]: "Resume:UartSpiController" 
Debug[13:39:20]: "Resume:UartSsiController" 
Debug[13:39:20]: "Resume:DSI3Master" 
Debug[13:39:20]: "Resume:ASICMaster" 
Debug[13:39:20]: "Resume:RDUMMaster" 
Debug[13:39:20]: "Resume:DSI3Slave" 
Debug[13:39:20]: "Resume:Measurement" 
Debug[13:39:20]: "Resume:CFARsim" 
Debug[13:43:34]: "Suspend:Settings" 
Debug[13:43:34]: "Suspend:UartUartController" 
Debug[13:43:34]: "Suspend:UartSpiController" 
Debug[13:43:34]: "Suspend:UartSsiController" 
Debug[13:43:34]: "Suspend:DSI3Master" 
Debug[13:43:34]: "Suspend:ASICMaster" 
Debug[13:43:34]: "Suspend:RDUMMaster" 
Debug[13:43:34]: "Suspend:DSI3Slave" 
Debug[13:43:34]: "Suspend:Measurement" 
Debug[13:43:34]: "Suspend:CFARsim" 
Debug[13:43:34]: signal in logmode 
Debug[13:43:34]: "INF(13:43:34.247):Disconnect by user" 
Debug[13:43:34]: log_breakpoint 
Debug[13:43:34]: 5 
Debug[13:43:34]: signal in logmode 
Debug[13:43:34]: "INF(13:43:34.376):Disconnect by user" 
Debug[13:43:34]: log_breakpoint 
Debug[13:43:34]: 5 
Warning[13:43:50]: QObject::connect: Cannot connect LocalServer::log(int,QString) to (null)::slot_addLog(int,QString)
Debug[13:43:50]: LocalServer:new "\\.\pipe\DSI3PASd" 
Debug[13:43:50]: Register specific 
Debug[13:43:51]: DynScaleCaclulate 
Debug[13:43:51]: "init 2 UartUartController" 
Debug[13:43:51]: Ok 
Debug[13:43:51]: "init 3 UartSpiController" 
Debug[13:43:51]: Ok 
Debug[13:43:51]: "init 4 UartSsiController" 
Debug[13:43:51]: Ok 
Debug[13:43:51]: "init 5 DSI3Master" 
Debug[13:43:51]: Ok 
Debug[13:43:51]: "init 6 ASICMaster" 
Debug[13:43:51]: Ok 
Debug[13:43:51]: "init 7 RDUMMaster" 
Debug[13:43:51]: Ok 
Debug[13:43:51]: "init 8 DSI3Slave" 
Debug[13:43:53]: Ok 
Debug[13:43:53]: "init 9 Measurement" 
Debug[13:43:54]: Ok 
Debug[13:43:54]: "init 10 CFARsim" 
Debug[13:43:54]: Ok 
Debug[13:43:54]: Using SERPORT
Debug[13:43:54]: MainApp Starting... 
Debug[13:43:57]: Add applets to MainWindow...
 
Debug[13:43:57]: Initialize Connection... 
Debug[13:43:57]: signal in logmode 
Debug[13:43:57]: "INF(13:43:57.320):Mode is OK" 
Debug[13:43:57]: log_breakpoint 
Debug[13:43:57]: 5 
Debug[13:43:57]: signal in logmode 
Debug[13:43:57]: "INF(13:43:57.323):Attempt" 
Debug[13:43:57]: log_breakpoint 
Debug[13:43:57]: 5 
Debug[13:43:57]: signal in logmode 
Debug[13:43:57]: "INF(13:43:57.477):Mode is OK" 
Debug[13:43:57]: log_breakpoint 
Debug[13:43:57]: 5 
Debug[13:43:57]: signal in logmode 
Debug[13:43:57]: "INF(13:43:57.480):Attempt" 
Debug[13:43:57]: log_breakpoint 
Debug[13:43:57]: 5 
Debug[13:43:57]: signal in logmode 
Debug[13:43:57]: "INF(13:43:57.787):Attempt" 
Debug[13:43:57]: log_breakpoint 
Debug[13:43:57]: 5 
Debug[13:43:58]: signal in logmode 
Debug[13:43:58]: "INF(13:43:58.097):Attempt" 
Debug[13:43:58]: log_breakpoint 
Debug[13:43:58]: 5 
Debug[13:43:58]: signal in logmode 
Debug[13:43:58]: "INF(13:43:58.407):Mode is OK" 
Debug[13:43:58]: log_breakpoint 
Debug[13:43:58]: 5 
Debug[13:43:58]: signal in logmode 
Debug[13:43:58]: "INF(13:43:58.410):Attempt" 
Debug[13:43:58]: log_breakpoint 
Debug[13:43:58]: 5 
Debug[13:43:58]: signal in logmode 
Debug[13:43:58]: "INF(13:43:58.719):Attempt" 
Debug[13:43:58]: log_breakpoint 
Debug[13:43:58]: 5 
Debug[13:43:59]: signal in logmode 
Debug[13:43:59]: "INF(13:43:59.032):Attempt" 
Debug[13:43:59]: log_breakpoint 
Debug[13:43:59]: 5 
Debug[13:43:59]: signal in logmode 
Debug[13:43:59]: "INF(13:43:59.341):Mode is OK" 
Debug[13:43:59]: log_breakpoint 
Debug[13:43:59]: 5 
Debug[13:43:59]: signal in logmode 
Debug[13:43:59]: "INF(13:43:59.346):Attempt" 
Debug[13:43:59]: log_breakpoint 
Debug[13:43:59]: 5 
Debug[13:43:59]: signal in logmode 
Debug[13:43:59]: "INF(13:43:59.654):Attempt" 
Debug[13:43:59]: log_breakpoint 
Debug[13:43:59]: 5 
Debug[13:43:59]: signal in logmode 
Debug[13:43:59]: "INF(13:43:59.965):Attempt" 
Debug[13:43:59]: log_breakpoint 
Debug[13:43:59]: 5 
Debug[13:44:05]: signal in logmode 
Debug[13:44:05]: "INF(13:44:05.436):Mode is OK" 
Debug[13:44:05]: log_breakpoint 
Debug[13:44:05]: 5 
Debug[13:44:05]: signal in logmode 
Debug[13:44:05]: "INF(13:44:05.438):Attempt" 
Debug[13:44:05]: log_breakpoint 
Debug[13:44:05]: 5 
Debug[13:44:05]: signal in logmode 
Debug[13:44:05]: "INF(13:44:05.463):ASIC master connected" 
Debug[13:44:05]: log_breakpoint 
Debug[13:44:05]: 5 
Debug[13:44:05]: signal in logmode 
Debug[13:44:05]: "INF(13:44:05.466):Connected to \\.\COM56" 
Debug[13:44:05]: log_breakpoint 
Debug[13:44:05]: 5 
Warning[13:44:05]: Could not parse stylesheet of widget 0x42d8f08
Debug[13:44:05]: "Resume:Logs" 
Debug[13:44:05]: "Resume:Settings" 
Debug[13:44:05]: "Resume:UartUartController" 
Debug[13:44:05]: "Resume:UartSpiController" 
Debug[13:44:05]: "Resume:UartSsiController" 
Debug[13:44:05]: "Resume:DSI3Master" 
Debug[13:44:05]: "Resume:ASICMaster" 
Debug[13:44:05]: "Resume:RDUMMaster" 
Debug[13:44:05]: "Resume:DSI3Slave" 
Debug[13:44:05]: "Resume:Measurement" 
Debug[13:44:05]: "Resume:CFARsim" 
Debug[13:49:49]: "Suspend:Settings" 
Debug[13:49:49]: "Suspend:UartUartController" 
Debug[13:49:49]: "Suspend:UartSpiController" 
Debug[13:49:49]: "Suspend:UartSsiController" 
Debug[13:49:49]: "Suspend:DSI3Master" 
Debug[13:49:49]: "Suspend:ASICMaster" 
Debug[13:49:49]: "Suspend:RDUMMaster" 
Debug[13:49:49]: "Suspend:DSI3Slave" 
Debug[13:49:49]: "Suspend:Measurement" 
Debug[13:49:49]: "Suspend:CFARsim" 
Debug[13:49:49]: signal in logmode 
Debug[13:49:49]: "INF(13:49:49.654):Disconnect by user" 
Debug[13:49:49]: log_breakpoint 
Debug[13:49:49]: 5 
Debug[13:49:49]: signal in logmode 
Debug[13:49:49]: "INF(13:49:49.802):Reconnect" 
Debug[13:49:49]: log_breakpoint 
Debug[13:49:49]: 5 
Debug[13:49:49]: signal in logmode 
Debug[13:49:49]: "INF(13:49:49.815):Auto reconnecting..." 
Debug[13:49:49]: log_breakpoint 
Debug[13:49:49]: 5 
Debug[13:49:49]: signal in logmode 
Debug[13:49:49]: "INF(13:49:49.836):Disconnect by user" 
Debug[13:49:49]: signal in logmode 
Debug[13:49:49]: "INF(13:49:49.845):Mode is OK" 
Debug[13:49:49]: log_breakpoint 
Debug[13:49:49]: 5 
Debug[13:49:49]: 5 
nal in logmode 
Debug[13:49:49]: "INF(13:49:49.854):Attempt" 
Debug[13:49:49]: log_breakpoint 
Debug[13:49:49]: 5 
Debug[13:49:50]: signal in logmode 
Debug[13:49:50]: "INF(13:49:50.020):Attempt" 
Debug[13:49:50]: log_breakpoint 
Debug[13:49:50]: 5 
Debug[13:49:50]: signal in logmode 
Debug[13:49:50]: "INF(13:49:50.179):Attempt" 
Debug[13:49:50]: log_breakpoint 
Debug[13:49:50]: 5 
Warning[13:49:53]: QObject::connect: Cannot connect LocalServer::log(int,QString) to (null)::slot_addLog(int,QString)
Debug[13:49:53]: LocalServer:new "\\.\pipe\DSI3PASd" 
Debug[13:49:53]: Register specific 
Debug[13:49:54]: DynScaleCaclulate 
Debug[13:49:55]: "init 2 UartUartController" 
Debug[13:49:55]: Ok 
Debug[13:49:55]: "init 3 UartSpiController" 
Debug[13:49:55]: Ok 
Debug[13:49:55]: "init 4 UartSsiController" 
Debug[13:49:55]: Ok 
Debug[13:49:55]: "init 5 DSI3Master" 
Debug[13:49:55]: Ok 
Debug[13:49:55]: "init 6 ASICMaster" 
Debug[13:49:55]: Ok 
Debug[13:49:55]: "init 7 RDUMMaster" 
Debug[13:49:55]: Ok 
Debug[13:49:55]: "init 8 DSI3Slave" 
Debug[13:49:57]: Ok 
Debug[13:49:57]: "init 9 Measurement" 
Debug[13:49:58]: Ok 
Debug[13:49:58]: "init 10 CFARsim" 
Debug[13:49:58]: Ok 
Debug[13:49:58]: Using SERPORT
Debug[13:49:58]: MainApp Starting... 
Debug[13:50:00]: Add applets to MainWindow...
 
Debug[13:50:00]: Initialize Connection... 
Debug[13:50:00]: signal in logmode 
Debug[13:50:00]: "INF(13:50:00.703):Mode is OK" 
Debug[13:50:00]: log_breakpoint 
Debug[13:50:00]: 5 
Debug[13:50:00]: signal in logmode 
Debug[13:50:00]: "INF(13:50:00.705):Attempt" 
Debug[13:50:00]: log_breakpoint 
Debug[13:50:00]: 5 
Debug[13:50:00]: signal in logmode 
Debug[13:50:00]: "INF(13:50:00.849):Mode is OK" 
Debug[13:50:00]: log_breakpoint 
Debug[13:50:00]: 5 
Debug[13:50:00]: signal in logmode 
Debug[13:50:00]: "INF(13:50:00.854):Attempt" 
Debug[13:50:00]: log_breakpoint 
Debug[13:50:00]: 5 
Debug[13:50:01]: signal in logmode 
Debug[13:50:01]: "INF(13:50:01.153):Attempt" 
Debug[13:50:01]: log_breakpoint 
Debug[13:50:01]: 5 
Debug[13:50:01]: signal in logmode 
Debug[13:50:01]: "INF(13:50:01.456):Attempt" 
Debug[13:50:01]: log_breakpoint 
Debug[13:50:01]: 5 
Debug[13:50:01]: signal in logmode 
Debug[13:50:01]: "INF(13:50:01.755):Mode is OK" 
Debug[13:50:01]: log_breakpoint 
Debug[13:50:01]: 5 
Debug[13:50:01]: signal in logmode 
Debug[13:50:01]: "INF(13:50:01.762):Attempt" 
Debug[13:50:01]: log_breakpoint 
Debug[13:50:01]: 5 
Debug[13:50:02]: signal in logmode 
Debug[13:50:02]: "INF(13:50:02.071):Attempt" 
Debug[13:50:02]: log_breakpoint 
Debug[13:50:02]: 5 
Debug[13:50:02]: signal in logmode 
Debug[13:50:02]: "INF(13:50:02.376):Attempt" 
Debug[13:50:02]: log_breakpoint 
Debug[13:50:02]: 5 
Debug[13:50:02]: signal in logmode 
Debug[13:50:02]: "INF(13:50:02.676):Mode is OK" 
Debug[13:50:02]: log_breakpoint 
Debug[13:50:02]: 5 
Debug[13:50:02]: signal in logmode 
Debug[13:50:02]: "INF(13:50:02.680):Attempt" 
Debug[13:50:02]: log_breakpoint 
Debug[13:50:02]: 5 
Debug[13:50:02]: signal in logmode 
Debug[13:50:02]: "INF(13:50:02.978):Attempt" 
Debug[13:50:02]: log_breakpoint 
Debug[13:50:02]: 5 
Debug[13:50:03]: signal in logmode 
Debug[13:50:03]: "INF(13:50:03.280):Attempt" 
Debug[13:50:03]: log_breakpoint 
Debug[13:50:03]: 5 
Debug[13:50:12]: signal in logmode 
Debug[13:50:12]: "INF(13:50:12.586):Mode is OK" 
Debug[13:50:12]: log_breakpoint 
Debug[13:50:12]: 5 
Debug[13:50:12]: signal in logmode 
Debug[13:50:12]: "INF(13:50:12.589):Attempt" 
Debug[13:50:12]: log_breakpoint 
Debug[13:50:12]: 5 
Debug[13:50:12]: signal in logmode 
Debug[13:50:12]: "INF(13:50:12.599):ASIC master connected" 
Debug[13:50:12]: log_breakpoint 
Debug[13:50:12]: 5 
Debug[13:50:12]: signal in logmode 
Debug[13:50:12]: "INF(13:50:12.601):Connected to \\.\COM56" 
Debug[13:50:12]: log_breakpoint 
Debug[13:50:12]: 5 
Warning[13:50:12]: Could not parse stylesheet of widget 0x3e98828
Debug[13:50:12]: "Resume:Logs" 
Debug[13:50:12]: "Resume:Settings" 
Debug[13:50:12]: "Resume:UartUartController" 
Debug[13:50:12]: "Resume:UartSpiController" 
Debug[13:50:12]: "Resume:UartSsiController" 
Debug[13:50:12]: "Resume:DSI3Master" 
Debug[13:50:12]: "Resume:ASICMaster" 
Debug[13:50:12]: "Resume:RDUMMaster" 
Debug[13:50:12]: "Resume:DSI3Slave" 
Debug[13:50:12]: "Resume:Measurement" 
Debug[13:50:12]: "Resume:CFARsim" 
Debug[13:50:18]: "Suspend:Settings" 
Debug[13:50:18]: "Suspend:UartUartController" 
Debug[13:50:18]: "Suspend:UartSpiController" 
Debug[13:50:18]: "Suspend:UartSsiController" 
Debug[13:50:18]: "Suspend:DSI3Master" 
Debug[13:50:18]: "Suspend:ASICMaster" 
Debug[13:50:18]: "Suspend:RDUMMaster" 
Debug[13:50:18]: "Suspend:DSI3Slave" 
Debug[13:50:18]: "Suspend:Measurement" 
Debug[13:50:18]: "Suspend:CFARsim" 
Debug[13:50:18]: signal in logmode 
Debug[13:50:18]: "INF(13:50:18.701):Disconnect by user" 
Debug[13:50:18]: log_breakpoint 
Debug[13:50:18]: 5 
Debug[13:50:18]: signal in logmode 
Debug[13:50:18]: "INF(13:50:18.854):Disconnect by user" 
Debug[13:50:18]: log_breakpoint 
Debug[13:50:18]: 5 
Warning[15:00:03]: QObject::connect: Cannot connect LocalServer::log(int,QString) to (null)::slot_addLog(int,QString)
Debug[15:00:03]: LocalServer:new "\\.\pipe\DSI3PAS" 
Debug[15:00:03]: Register specific 
Debug[15:00:03]: DynScaleCaclulate 
Debug[15:00:03]: "init 2 UartUartController" 
Debug[15:00:03]: Ok 
Debug[15:00:03]: "init 3 UartSpiController" 
Debug[15:00:03]: Ok 
Debug[15:00:03]: "init 4 UartSsiController" 
Debug[15:00:03]: Ok 
Debug[15:00:03]: "init 5 DSI3Master" 
Debug[15:00:03]: Ok 
Debug[15:00:03]: "init 6 ASICMaster" 
Debug[15:00:03]: Ok 
Debug[15:00:03]: "init 7 RDUMMaster" 
Debug[15:00:03]: Ok 
Debug[15:00:03]: "init 8 DSI3Slave" 
Debug[15:00:04]: Ok 
Debug[15:00:04]: "init 9 Measurement" 
Debug[15:00:04]: Ok 
Debug[15:00:04]: "init 10 CFARsim" 
Debug[15:00:04]: Ok 
Debug[15:00:04]: MainApp Starting... 
Debug[15:00:05]: Add applets to MainWindow...
 
Debug[15:00:05]: Initialize Connection... 
Warning[15:00:05]: QFileSystemWatcher: failed to add paths: C:/REPO/DSI3PAS2_workingdir/DSI3PAS2/Software/bin/ULSEverification_configfiles, C:/REPO/DSI3PAS2_workingdir/DSI3PAS2/Software/bin/ConfigFiles_29_1_2021_Jiri_MOBIS, C:/Users/fg6cnq/Desktop/DSI3PAS2_UART_QtSW_20210129_1511, C:/Users/zbdn9w/Desktop/Temp/CFAR QT uprava ToF, C:/Users/zbdn9w/Desktop/Temp/CFAR QT Komprimace do CSV, U:/Dokumenty/MOBIS/Crosstalk 11-2021
Debug[15:06:04]: signal in logmode 
Debug[15:06:04]: "INF(15:06:04.817):Disconnect by user" 
Debug[15:06:04]: log_breakpoint 
Debug[15:06:04]: 5 
Debug[15:06:04]: signal in logmode 
Debug[15:06:04]: "INF(15:06:04.843):Disconnect by user" 
Debug[15:06:04]: log_breakpoint 
Debug[15:06:04]: 5 
Warning[15:51:28]: QObject::connect: Cannot connect LocalServer::log(int,QString) to (null)::slot_addLog(int,QString)
Debug[15:51:28]: LocalServer:new "\\.\pipe\DSI3PAS" 
Debug[15:51:28]: Register specific 
Debug[15:51:29]: DynScaleCaclulate 
Debug[15:51:29]: "init 2 UartUartController" 
Debug[15:51:29]: Ok 
Debug[15:51:29]: "init 3 UartSpiController" 
Debug[15:51:29]: Ok 
Debug[15:51:29]: "init 4 UartSsiController" 
Debug[15:51:29]: Ok 
Debug[15:51:29]: "init 5 DSI3Master" 
Debug[15:51:29]: Ok 
Debug[15:51:29]: "init 6 ASICMaster" 
Debug[15:51:29]: Ok 
Debug[15:51:29]: "init 7 RDUMMaster" 
Debug[15:51:29]: Ok 
Debug[15:51:29]: "init 8 DSI3Slave" 
Debug[15:51:30]: Ok 
Debug[15:51:30]: "init 9 Measurement" 
Debug[15:51:30]: Ok 
Debug[15:51:30]: "init 10 CFARsim" 
Debug[15:51:30]: Ok 
Debug[15:51:30]: MainApp Starting... 
Debug[15:51:31]: Add applets to MainWindow...
 
Debug[15:51:31]: Initialize Connection... 
Warning[15:51:31]: QFileSystemWatcher: failed to add paths: C:/REPO/DSI3PAS2_workingdir/DSI3PAS2/Software/bin/ULSEverification_configfiles, C:/REPO/DSI3PAS2_workingdir/DSI3PAS2/Software/bin/ConfigFiles_29_1_2021_Jiri_MOBIS, C:/Users/fg6cnq/Desktop/DSI3PAS2_UART_QtSW_20210129_1511, C:/Users/zbdn9w/Desktop/Temp/CFAR QT uprava ToF, C:/Users/zbdn9w/Desktop/Temp/CFAR QT Komprimace do CSV, U:/Dokumenty/MOBIS/Crosstalk 11-2021
Debug[15:51:38]: signal in logmode 
Debug[15:51:38]: "INF(15:51:38.386):Connected to no_board" 
Debug[15:51:38]: log_breakpoint 
Debug[15:51:38]: 5 
Warning[15:51:38]: Could not parse stylesheet of widget 0x32f3608
Debug[15:51:38]: "Resume:Logs" 
Debug[15:51:38]: "Resume:Settings" 
Debug[15:51:38]: "Resume:UartUartController" 
Debug[15:51:38]: "Resume:UartSpiController" 
Debug[15:51:38]: "Resume:UartSsiController" 
Debug[15:51:38]: "Resume:DSI3Master" 
Debug[15:51:38]: "Resume:ASICMaster" 
Debug[15:51:38]: "Resume:RDUMMaster" 
Debug[15:51:38]: "Resume:DSI3Slave" 
Debug[15:51:38]: "Resume:Measurement" 
Debug[15:51:38]: "Resume:CFARsim" 
Debug[15:53:47]: "Suspend:Settings" 
Debug[15:53:47]: "Suspend:UartUartController" 
Debug[15:53:47]: "Suspend:UartSpiController" 
Debug[15:53:47]: "Suspend:UartSsiController" 
Debug[15:53:47]: "Suspend:DSI3Master" 
Debug[15:53:47]: "Suspend:ASICMaster" 
Debug[15:53:47]: "Suspend:RDUMMaster" 
Debug[15:53:47]: "Suspend:DSI3Slave" 
Debug[15:53:47]: "Suspend:Measurement" 
Debug[15:53:47]: "Suspend:CFARsim" 
Debug[15:53:47]: signal in logmode 
Debug[15:53:47]: "INF(15:53:47.463):Disconnect by user" 
Debug[15:53:47]: log_breakpoint 
Debug[15:53:47]: 5 
Debug[15:53:47]: signal in logmode 
Debug[15:53:47]: "INF(15:53:47.485):Disconnect by user" 
Debug[15:53:47]: log_breakpoint 
Debug[15:53:47]: 5 
