Warning[07:33:01]: QObject::connect: Cannot connect LocalServer::log(int,QString) to (null)::slot_addLog(int,QString)
Debug[07:33:01]: LocalServer:new "\\.\pipe\DSI3PAS" 
Debug[07:33:01]: Register specific 
Debug[07:33:02]: DynScaleCaclulate 
Debug[07:33:02]: "init 2 UartUartController" 
Debug[07:33:02]: Ok 
Debug[07:33:02]: "init 3 UartSpiController" 
Debug[07:33:02]: Ok 
Debug[07:33:02]: "init 4 UartSsiController" 
Debug[07:33:02]: Ok 
Debug[07:33:02]: "init 5 DSI3Master" 
Debug[07:33:02]: Ok 
Debug[07:33:02]: "init 6 ASICMaster" 
Debug[07:33:02]: Ok 
Debug[07:33:02]: "init 7 RDUMMaster" 
Debug[07:33:02]: Ok 
Debug[07:33:02]: "init 8 DSI3Slave" 
Debug[07:33:02]: Ok 
Debug[07:33:02]: "init 9 Measurement" 
Debug[07:33:03]: Ok 
Debug[07:33:03]: "init 10 CFARsim" 
Debug[07:33:03]: Ok 
Debug[07:33:03]: MainApp Starting... 
Debug[07:33:04]: Add applets to MainWindow...
 
Debug[07:33:04]: Initialize Connection... 
Warning[07:33:04]: QFileSystemWatcher: failed to add paths: C:/REPO/DSI3PAS2_workingdir/DSI3PAS2/Software/bin/ULSEverification_configfiles, C:/REPO/DSI3PAS2_workingdir/DSI3PAS2/Software/bin/ConfigFiles_29_1_2021_Jiri_MOBIS, C:/Users/fg6cnq/Desktop/DSI3PAS2_UART_QtSW_20210129_1511, C:/Users/zbdn9w/Desktop/Temp/CFAR QT uprava ToF, C:/Users/zbdn9w/Desktop/Temp/CFAR QT Komprimace do CSV, U:/Dokumenty/MOBIS/Crosstalk 11-2021
Debug[07:33:08]: signal in logmode 
Debug[07:33:08]: "INF(07:33:08.309):Connected to no_board" 
Debug[07:33:08]: log_breakpoint 
Debug[07:33:08]: 5 
Warning[07:33:08]: Could not parse stylesheet of widget 0x2fbb080
Debug[07:33:08]: "Resume:Logs" 
Debug[07:33:08]: "Resume:Settings" 
Debug[07:33:08]: "Resume:UartUartController" 
Debug[07:33:08]: "Resume:UartSpiController" 
Debug[07:33:08]: "Resume:UartSsiController" 
Debug[07:33:08]: "Resume:DSI3Master" 
Debug[07:33:08]: "Resume:ASICMaster" 
Debug[07:33:08]: "Resume:RDUMMaster" 
Debug[07:33:08]: "Resume:DSI3Slave" 
Debug[07:33:08]: "Resume:Measurement" 
Debug[07:33:08]: "Resume:CFARsim" 
Debug[07:34:08]: "Suspend:Settings" 
Debug[07:34:08]: "Suspend:UartUartController" 
Debug[07:34:08]: "Suspend:UartSpiController" 
Debug[07:34:08]: "Suspend:UartSsiController" 
Debug[07:34:08]: "Suspend:DSI3Master" 
Debug[07:34:08]: "Suspend:ASICMaster" 
Debug[07:34:08]: "Suspend:RDUMMaster" 
Debug[07:34:08]: "Suspend:DSI3Slave" 
Debug[07:34:08]: "Suspend:Measurement" 
Debug[07:34:08]: "Suspend:CFARsim" 
Debug[07:34:08]: signal in logmode 
Debug[07:34:08]: "INF(07:34:08.820):Disconnect by user" 
Debug[07:34:08]: log_breakpoint 
Debug[07:34:08]: 5 
Debug[07:34:08]: signal in logmode 
Debug[07:34:08]: "INF(07:34:08.838):Disconnect by user" 
Debug[07:34:08]: log_breakpoint 
Debug[07:34:08]: 5 
Warning[09:24:25]: QObject::connect: Cannot connect LocalServer::log(int,QString) to (null)::slot_addLog(int,QString)
Debug[09:24:25]: LocalServer:new "\\.\pipe\DSI3PAS" 
Debug[09:24:25]: Register specific 
Debug[09:24:25]: DynScaleCaclulate 
Debug[09:24:25]: "init 2 UartUartController" 
Debug[09:24:25]: Ok 
Debug[09:24:25]: "init 3 UartSpiController" 
Debug[09:24:25]: Ok 
Debug[09:24:25]: "init 4 UartSsiController" 
Debug[09:24:25]: Ok 
Debug[09:24:25]: "init 5 DSI3Master" 
Debug[09:24:25]: Ok 
Debug[09:24:25]: "init 6 ASICMaster" 
Debug[09:24:25]: Ok 
Debug[09:24:25]: "init 7 RDUMMaster" 
Debug[09:24:25]: Ok 
Debug[09:24:25]: "init 8 DSI3Slave" 
Debug[09:24:26]: Ok 
Debug[09:24:26]: "init 9 Measurement" 
Debug[09:24:27]: Ok 
Debug[09:24:27]: "init 10 CFARsim" 
Debug[09:24:27]: Ok 
Debug[09:24:27]: MainApp Starting... 
Debug[09:24:27]: Add applets to MainWindow...
 
Debug[09:24:27]: Initialize Connection... 
Warning[09:24:28]: QFileSystemWatcher: failed to add paths: C:/REPO/DSI3PAS2_workingdir/DSI3PAS2/Software/bin/ULSEverification_configfiles, C:/REPO/DSI3PAS2_workingdir/DSI3PAS2/Software/bin/ConfigFiles_29_1_2021_Jiri_MOBIS, C:/Users/fg6cnq/Desktop/DSI3PAS2_UART_QtSW_20210129_1511, C:/Users/zbdn9w/Desktop/Temp/CFAR QT uprava ToF, C:/Users/zbdn9w/Desktop/Temp/CFAR QT Komprimace do CSV, U:/Dokumenty/MOBIS/Crosstalk 11-2021
Debug[09:24:32]: signal in logmode 
Debug[09:24:32]: "INF(09:24:32.747):Disconnect by user" 
Debug[09:24:32]: log_breakpoint 
Debug[09:24:32]: 5 
Debug[09:24:32]: signal in logmode 
Debug[09:24:32]: "INF(09:24:32.773):Disconnect by user" 
Debug[09:24:32]: log_breakpoint 
Debug[09:24:32]: 5 
Warning[09:29:06]: QObject::connect: Cannot connect LocalServer::log(int,QString) to (null)::slot_addLog(int,QString)
Debug[09:29:06]: LocalServer:new "\\.\pipe\DSI3PAS" 
Debug[09:29:06]: Register specific 
Debug[09:29:07]: DynScaleCaclulate 
Debug[09:29:07]: "init 2 UartUartController" 
Debug[09:29:07]: Ok 
Debug[09:29:07]: "init 3 UartSpiController" 
Debug[09:29:07]: Ok 
Debug[09:29:07]: "init 4 UartSsiController" 
Debug[09:29:07]: Ok 
Debug[09:29:07]: "init 5 DSI3Master" 
Debug[09:29:07]: Ok 
Debug[09:29:07]: "init 6 ASICMaster" 
Debug[09:29:07]: Ok 
Debug[09:29:07]: "init 7 RDUMMaster" 
Debug[09:29:07]: Ok 
Debug[09:29:07]: "init 8 DSI3Slave" 
Debug[09:29:08]: Ok 
Debug[09:29:08]: "init 9 Measurement" 
Debug[09:29:08]: Ok 
Debug[09:29:08]: "init 10 CFARsim" 
Debug[09:29:08]: Ok 
Debug[09:29:08]: MainApp Starting... 
Debug[09:29:09]: Add applets to MainWindow...
 
Debug[09:29:09]: Initialize Connection... 
Warning[09:29:09]: QFileSystemWatcher: failed to add paths: C:/REPO/DSI3PAS2_workingdir/DSI3PAS2/Software/bin/ULSEverification_configfiles, C:/REPO/DSI3PAS2_workingdir/DSI3PAS2/Software/bin/ConfigFiles_29_1_2021_Jiri_MOBIS, C:/Users/fg6cnq/Desktop/DSI3PAS2_UART_QtSW_20210129_1511, C:/Users/zbdn9w/Desktop/Temp/CFAR QT uprava ToF, C:/Users/zbdn9w/Desktop/Temp/CFAR QT Komprimace do CSV, U:/Dokumenty/MOBIS/Crosstalk 11-2021
Debug[09:29:12]: signal in logmode 
Debug[09:29:12]: "INF(09:29:12.707):Connected to no_board" 
Debug[09:29:12]: log_breakpoint 
Debug[09:29:12]: 5 
Warning[09:29:12]: Could not parse stylesheet of widget 0x3162238
Debug[09:29:12]: "Resume:Logs" 
Debug[09:29:12]: "Resume:Settings" 
Debug[09:29:12]: "Resume:UartUartController" 
Debug[09:29:12]: "Resume:UartSpiController" 
Debug[09:29:12]: "Resume:UartSsiController" 
Debug[09:29:12]: "Resume:DSI3Master" 
Debug[09:29:12]: "Resume:ASICMaster" 
Debug[09:29:12]: "Resume:RDUMMaster" 
Debug[09:29:12]: "Resume:DSI3Slave" 
Debug[09:29:12]: "Resume:Measurement" 
Debug[09:29:12]: "Resume:CFARsim" 
Debug[09:29:29]: "Suspend:Settings" 
Debug[09:29:29]: "Suspend:UartUartController" 
Debug[09:29:29]: "Suspend:UartSpiController" 
Debug[09:29:29]: "Suspend:UartSsiController" 
Debug[09:29:29]: "Suspend:DSI3Master" 
Debug[09:29:29]: "Suspend:ASICMaster" 
Debug[09:29:29]: "Suspend:RDUMMaster" 
Debug[09:29:29]: "Suspend:DSI3Slave" 
Debug[09:29:29]: "Suspend:Measurement" 
Debug[09:29:29]: "Suspend:CFARsim" 
Debug[09:29:29]: signal in logmode 
Debug[09:29:29]: "INF(09:29:29.656):Disconnect by user" 
Debug[09:29:29]: log_breakpoint 
Debug[09:29:29]: 5 
Debug[09:29:29]: signal in logmode 
Debug[09:29:29]: "INF(09:29:29.680):Disconnect by user" 
Debug[09:29:29]: log_breakpoint 
Debug[09:29:29]: 5 
Warning[10:12:08]: QObject::connect: Cannot connect LocalServer::log(int,QString) to (null)::slot_addLog(int,QString)
Debug[10:12:08]: LocalServer:new "\\.\pipe\DSI3PAS" 
Debug[10:12:08]: Register specific 
Debug[10:12:08]: DynScaleCaclulate 
Debug[10:12:09]: "init 2 UartUartController" 
Debug[10:12:09]: Ok 
Debug[10:12:09]: "init 3 UartSpiController" 
Debug[10:12:09]: Ok 
Debug[10:12:09]: "init 4 UartSsiController" 
Debug[10:12:09]: Ok 
Debug[10:12:09]: "init 5 DSI3Master" 
Debug[10:12:09]: Ok 
Debug[10:12:09]: "init 6 ASICMaster" 
Debug[10:12:09]: Ok 
Debug[10:12:09]: "init 7 RDUMMaster" 
Debug[10:12:09]: Ok 
Debug[10:12:09]: "init 8 DSI3Slave" 
Debug[10:12:09]: Ok 
Debug[10:12:09]: "init 9 Measurement" 
Debug[10:12:10]: Ok 
Debug[10:12:10]: "init 10 CFARsim" 
Debug[10:12:10]: Ok 
Debug[10:12:10]: MainApp Starting... 
Debug[10:12:11]: Add applets to MainWindow...
 
Debug[10:12:11]: Initialize Connection... 
Debug[10:12:11]: signal in logmode 
Debug[10:12:11]: "INF(10:12:11.307):Mode is OK" 
Debug[10:12:11]: log_breakpoint 
Debug[10:12:11]: 5 
Debug[10:12:11]: signal in logmode 
Debug[10:12:11]: "INF(10:12:11.310):Attempt" 
Debug[10:12:11]: log_breakpoint 
Debug[10:12:11]: 5 
Debug[10:12:11]: signal in logmode 
Debug[10:12:11]: "INF(10:12:11.629):Attempt" 
Debug[10:12:11]: log_breakpoint 
Debug[10:12:11]: 5 
Debug[10:12:11]: signal in logmode 
Debug[10:12:11]: "INF(10:12:11.940):Attempt" 
Debug[10:12:11]: log_breakpoint 
Debug[10:12:11]: 5 
Debug[10:12:12]: signal in logmode 
Debug[10:12:12]: "INF(10:12:12.254):Mode is OK" 
Debug[10:12:12]: log_breakpoint 
Debug[10:12:12]: 5 
Debug[10:12:12]: signal in logmode 
Debug[10:12:12]: "INF(10:12:12.256):Attempt" 
Debug[10:12:12]: log_breakpoint 
Debug[10:12:12]: 5 
Debug[10:12:12]: signal in logmode 
Debug[10:12:12]: "INF(10:12:12.261):6e" 
Debug[10:12:12]: log_breakpoint 
Debug[10:12:12]: 5 
Debug[10:12:12]: signal in logmode 
Debug[10:12:12]: "INF(10:12:12.413):Mode is OK" 
Debug[10:12:12]: log_breakpoint 
Debug[10:12:12]: 5 
Debug[10:12:12]: signal in logmode 
Debug[10:12:12]: "INF(10:12:12.414):Attempt" 
Debug[10:12:12]: log_breakpoint 
Debug[10:12:12]: 5 
Debug[10:12:12]: signal in logmode 
Debug[10:12:12]: "INF(10:12:12.724):Attempt" 
Debug[10:12:12]: log_breakpoint 
Debug[10:12:12]: 5 
Debug[10:12:13]: signal in logmode 
Debug[10:12:13]: "INF(10:12:13.036):Attempt" 
Debug[10:12:13]: log_breakpoint 
Debug[10:12:13]: 5 
Debug[10:12:13]: signal in logmode 
Debug[10:12:13]: "INF(10:12:13.344):Mode is OK" 
Debug[10:12:13]: log_breakpoint 
Debug[10:12:13]: 5 
Debug[10:12:13]: signal in logmode 
Debug[10:12:13]: "INF(10:12:13.348):Attempt" 
Debug[10:12:13]: log_breakpoint 
Debug[10:12:13]: 5 
Debug[10:12:13]: signal in logmode 
Debug[10:12:13]: "INF(10:12:13.660):Attempt" 
Debug[10:12:13]: log_breakpoint 
Debug[10:12:13]: 5 
Debug[10:12:13]: signal in logmode 
Debug[10:12:13]: "INF(10:12:13.973):Attempt" 
Debug[10:12:13]: log_breakpoint 
Debug[10:12:13]: 5 
Debug[10:12:14]: signal in logmode 
Debug[10:12:14]: "INF(10:12:14.284):Mode is OK" 
Debug[10:12:14]: log_breakpoint 
Debug[10:12:14]: 5 
Debug[10:12:14]: signal in logmode 
Debug[10:12:14]: "INF(10:12:14.288):Attempt" 
Debug[10:12:14]: log_breakpoint 
Debug[10:12:14]: 5 
Debug[10:12:14]: signal in logmode 
Debug[10:12:14]: "INF(10:12:14.596):Attempt" 
Debug[10:12:14]: log_breakpoint 
Debug[10:12:14]: 5 
Debug[10:12:14]: signal in logmode 
Debug[10:12:14]: "INF(10:12:14.907):Attempt" 
Debug[10:12:14]: log_breakpoint 
Debug[10:12:14]: 5 
Warning[10:12:15]: QFileSystemWatcher: failed to add paths: C:/REPO/DSI3PAS2_workingdir/DSI3PAS2/Software/bin/ULSEverification_configfiles, C:/REPO/DSI3PAS2_workingdir/DSI3PAS2/Software/bin/ConfigFiles_29_1_2021_Jiri_MOBIS, C:/Users/fg6cnq/Desktop/DSI3PAS2_UART_QtSW_20210129_1511, C:/Users/zbdn9w/Desktop/Temp/CFAR QT uprava ToF, C:/Users/zbdn9w/Desktop/Temp/CFAR QT Komprimace do CSV, U:/Dokumenty/MOBIS/Crosstalk 11-2021
Debug[10:12:18]: signal in logmode 
Debug[10:12:18]: "INF(10:12:18.133):Disconnect by user" 
Debug[10:12:18]: log_breakpoint 
Debug[10:12:18]: 5 
Debug[10:12:18]: signal in logmode 
Debug[10:12:18]: "INF(10:12:18.156):Disconnect by user" 
Debug[10:12:18]: log_breakpoint 
Debug[10:12:18]: 5 
Warning[10:17:51]: QObject::connect: Cannot connect LocalServer::log(int,QString) to (null)::slot_addLog(int,QString)
Debug[10:17:51]: LocalServer:new "\\.\pipe\DSI3PAS" 
Debug[10:17:51]: Register specific 
Debug[10:17:51]: DynScaleCaclulate 
Debug[10:17:51]: "init 2 UartUartController" 
Debug[10:17:51]: Ok 
Debug[10:17:51]: "init 3 UartSpiController" 
Debug[10:17:51]: Ok 
Debug[10:17:51]: "init 4 UartSsiController" 
Debug[10:17:51]: Ok 
Debug[10:17:51]: "init 5 DSI3Master" 
Debug[10:17:51]: Ok 
Debug[10:17:51]: "init 6 ASICMaster" 
Debug[10:17:51]: Ok 
Debug[10:17:51]: "init 7 RDUMMaster" 
Debug[10:17:51]: Ok 
Debug[10:17:51]: "init 8 DSI3Slave" 
Debug[10:17:52]: Ok 
Debug[10:17:52]: "init 9 Measurement" 
Debug[10:17:53]: Ok 
Debug[10:17:53]: "init 10 CFARsim" 
Debug[10:17:53]: Ok 
Debug[10:17:53]: MainApp Starting... 
Debug[10:17:53]: Add applets to MainWindow...
 
Debug[10:17:53]: Initialize Connection... 
Debug[10:17:54]: signal in logmode 
Debug[10:17:54]: "INF(10:17:54.220):Mode is OK" 
Debug[10:17:54]: log_breakpoint 
Debug[10:17:54]: 5 
Debug[10:17:54]: signal in logmode 
Debug[10:17:54]: "INF(10:17:54.222):Attempt" 
Debug[10:17:54]: log_breakpoint 
Debug[10:17:54]: 5 
Debug[10:17:54]: signal in logmode 
Debug[10:17:54]: "INF(10:17:54.527):Attempt" 
Debug[10:17:54]: log_breakpoint 
Debug[10:17:54]: 5 
Debug[10:17:54]: signal in logmode 
Debug[10:17:54]: "INF(10:17:54.837):Attempt" 
Debug[10:17:54]: log_breakpoint 
Debug[10:17:54]: 5 
Debug[10:17:55]: signal in logmode 
Debug[10:17:55]: "INF(10:17:55.151):Mode is OK" 
Debug[10:17:55]: log_breakpoint 
Debug[10:17:55]: 5 
Debug[10:17:55]: signal in logmode 
Debug[10:17:55]: "INF(10:17:55.154):Attempt" 
Debug[10:17:55]: log_breakpoint 
Debug[10:17:55]: 5 
Debug[10:17:55]: signal in logmode 
Debug[10:17:55]: "INF(10:17:55.460):Attempt" 
Debug[10:17:55]: log_breakpoint 
Debug[10:17:55]: 5 
Debug[10:17:55]: signal in logmode 
Debug[10:17:55]: "INF(10:17:55.774):Attempt" 
Debug[10:17:55]: log_breakpoint 
Debug[10:17:55]: 5 
Debug[10:17:56]: signal in logmode 
Debug[10:17:56]: "INF(10:17:56.084):Mode is OK" 
Debug[10:17:56]: log_breakpoint 
Debug[10:17:56]: 5 
Debug[10:17:56]: signal in logmode 
Debug[10:17:56]: "INF(10:17:56.087):Attempt" 
Debug[10:17:56]: log_breakpoint 
Debug[10:17:56]: 5 
Debug[10:17:56]: signal in logmode 
Debug[10:17:56]: "INF(10:17:56.243):Mode is OK" 
Debug[10:17:56]: log_breakpoint 
Debug[10:17:56]: 5 
Debug[10:17:56]: signal in logmode 
Debug[10:17:56]: "INF(10:17:56.247):Attempt" 
Debug[10:17:56]: log_breakpoint 
Debug[10:17:56]: 5 
Debug[10:17:56]: signal in logmode 
Debug[10:17:56]: "INF(10:17:56.556):Attempt" 
Debug[10:17:56]: log_breakpoint 
Debug[10:17:56]: 5 
Debug[10:17:56]: signal in logmode 
Debug[10:17:56]: "INF(10:17:56.867):Attempt" 
Debug[10:17:56]: log_breakpoint 
Debug[10:17:56]: 5 
Debug[10:17:57]: signal in logmode 
Debug[10:17:57]: "INF(10:17:57.180):Mode is OK" 
Debug[10:17:57]: log_breakpoint 
Debug[10:17:57]: 5 
Debug[10:17:57]: signal in logmode 
Debug[10:17:57]: "INF(10:17:57.185):Attempt" 
Debug[10:17:57]: log_breakpoint 
Debug[10:17:57]: 5 
Debug[10:17:57]: signal in logmode 
Debug[10:17:57]: "INF(10:17:57.491):Attempt" 
Debug[10:17:57]: log_breakpoint 
Debug[10:17:57]: 5 
Debug[10:17:57]: signal in logmode 
Debug[10:17:57]: "INF(10:17:57.804):Attempt" 
Debug[10:17:57]: log_breakpoint 
Debug[10:17:57]: 5 
Debug[10:17:58]: signal in logmode 
Debug[10:17:58]: "INF(10:17:58.115):Mode is OK" 
Debug[10:17:58]: log_breakpoint 
Debug[10:17:58]: 5 
Debug[10:17:58]: signal in logmode 
Debug[10:17:58]: "INF(10:17:58.118):Attempt" 
Debug[10:17:58]: log_breakpoint 
Debug[10:17:58]: 5 
Debug[10:17:58]: signal in logmode 
Debug[10:17:58]: "INF(10:17:58.425):Attempt" 
Debug[10:17:58]: log_breakpoint 
Debug[10:17:58]: 5 
Debug[10:17:58]: signal in logmode 
Debug[10:17:58]: "INF(10:17:58.741):Attempt" 
Debug[10:17:58]: log_breakpoint 
Debug[10:17:58]: 5 
Warning[10:17:59]: QFileSystemWatcher: failed to add paths: C:/REPO/DSI3PAS2_workingdir/DSI3PAS2/Software/bin/ULSEverification_configfiles, C:/REPO/DSI3PAS2_workingdir/DSI3PAS2/Software/bin/ConfigFiles_29_1_2021_Jiri_MOBIS, C:/Users/fg6cnq/Desktop/DSI3PAS2_UART_QtSW_20210129_1511, C:/Users/zbdn9w/Desktop/Temp/CFAR QT uprava ToF, C:/Users/zbdn9w/Desktop/Temp/CFAR QT Komprimace do CSV, U:/Dokumenty/MOBIS/Crosstalk 11-2021
Debug[10:18:02]: signal in logmode 
Debug[10:18:02]: "INF(10:18:02.492):Mode is OK" 
Debug[10:18:02]: log_breakpoint 
Debug[10:18:02]: 5 
Debug[10:18:02]: signal in logmode 
Debug[10:18:02]: "INF(10:18:02.495):Attempt" 
Debug[10:18:02]: log_breakpoint 
Debug[10:18:02]: 5 
Debug[10:18:02]: signal in logmode 
Debug[10:18:02]: "INF(10:18:02.804):Attempt" 
Debug[10:18:02]: log_breakpoint 
Debug[10:18:02]: 5 
Debug[10:18:03]: signal in logmode 
Debug[10:18:03]: "INF(10:18:03.115):Attempt" 
Debug[10:18:03]: log_breakpoint 
Debug[10:18:03]: 5 
Debug[10:18:03]: signal in logmode 
Debug[10:18:03]: "INF(10:18:03.427):Mode is OK" 
Debug[10:18:03]: log_breakpoint 
Debug[10:18:03]: 5 
Debug[10:18:03]: signal in logmode 
Debug[10:18:03]: "INF(10:18:03.431):Attempt" 
Debug[10:18:03]: log_breakpoint 
Debug[10:18:03]: 5 
Debug[10:18:03]: signal in logmode 
Debug[10:18:03]: "INF(10:18:03.740):Attempt" 
Debug[10:18:03]: log_breakpoint 
Debug[10:18:03]: 5 
Debug[10:18:04]: signal in logmode 
Debug[10:18:04]: "INF(10:18:04.050):Attempt" 
Debug[10:18:04]: log_breakpoint 
Debug[10:18:04]: 5 
Debug[10:18:04]: signal in logmode 
Debug[10:18:04]: "INF(10:18:04.363):Mode is OK" 
Debug[10:18:04]: log_breakpoint 
Debug[10:18:04]: 5 
Debug[10:18:04]: signal in logmode 
Debug[10:18:04]: "INF(10:18:04.366):Attempt" 
Debug[10:18:04]: log_breakpoint 
Debug[10:18:04]: 5 
Debug[10:18:04]: signal in logmode 
Debug[10:18:04]: "INF(10:18:04.377):RDUM master connected" 
Debug[10:18:04]: log_breakpoint 
Debug[10:18:04]: 5 
Debug[10:18:04]: signal in logmode 
Debug[10:18:04]: "INF(10:18:04.379):Connected to \\.\COM32" 
Debug[10:18:04]: log_breakpoint 
Debug[10:18:04]: 5 
Warning[10:18:04]: Could not parse stylesheet of widget 0x2dd32f0
Debug[10:18:04]: "Resume:Logs" 
Debug[10:18:04]: "Resume:Settings" 
Debug[10:18:04]: "Resume:UartUartController" 
Debug[10:18:04]: "Resume:UartSpiController" 
Debug[10:18:04]: "Resume:UartSsiController" 
Debug[10:18:04]: "Resume:DSI3Master" 
Debug[10:18:04]: "Resume:ASICMaster" 
Debug[10:18:04]: "Resume:RDUMMaster" 
Debug[10:18:04]: "Resume:DSI3Slave" 
Debug[10:18:04]: "Resume:Measurement" 
Debug[10:18:04]: "Resume:CFARsim" 
Debug[10:18:13]: "Suspend:Settings" 
Debug[10:18:13]: "Suspend:UartUartController" 
Debug[10:18:13]: "Suspend:UartSpiController" 
Debug[10:18:13]: "Suspend:UartSsiController" 
Debug[10:18:13]: "Suspend:DSI3Master" 
Debug[10:18:13]: "Suspend:ASICMaster" 
Debug[10:18:13]: "Suspend:RDUMMaster" 
Debug[10:18:13]: "Suspend:DSI3Slave" 
Debug[10:18:13]: "Suspend:Measurement" 
Debug[10:18:13]: "Suspend:CFARsim" 
Debug[10:18:13]: signal in logmode 
Debug[10:18:13]: "INF(10:18:13.818):Disconnect by user" 
Debug[10:18:13]: log_breakpoint 
Debug[10:18:13]: 5 
Debug[10:18:13]: signal in logmode 
Debug[10:18:13]: "INF(10:18:13.961):Disconnect by user" 
Debug[10:18:13]: log_breakpoint 
Debug[10:18:13]: 5 
Warning[10:18:17]: QObject::connect: Cannot connect LocalServer::log(int,QString) to (null)::slot_addLog(int,QString)
Debug[10:18:17]: LocalServer:new "\\.\pipe\DSI3PAS" 
Debug[10:18:17]: Register specific 
Debug[10:18:18]: DynScaleCaclulate 
Debug[10:18:18]: "init 2 UartUartController" 
Debug[10:18:18]: Ok 
Debug[10:18:18]: "init 3 UartSpiController" 
Debug[10:18:18]: Ok 
Debug[10:18:18]: "init 4 UartSsiController" 
Debug[10:18:18]: Ok 
Debug[10:18:18]: "init 5 DSI3Master" 
Debug[10:18:18]: Ok 
Debug[10:18:18]: "init 6 ASICMaster" 
Debug[10:18:18]: Ok 
Debug[10:18:18]: "init 7 RDUMMaster" 
Debug[10:18:18]: Ok 
Debug[10:18:18]: "init 8 DSI3Slave" 
Debug[10:18:18]: Ok 
Debug[10:18:18]: "init 9 Measurement" 
Debug[10:18:19]: Ok 
Debug[10:18:19]: "init 10 CFARsim" 
Debug[10:18:19]: Ok 
Debug[10:18:19]: MainApp Starting... 
Debug[10:18:20]: Add applets to MainWindow...
 
Debug[10:18:20]: Initialize Connection... 
Debug[10:18:20]: signal in logmode 
Debug[10:18:20]: "INF(10:18:20.494):Mode is OK" 
Debug[10:18:20]: log_breakpoint 
Debug[10:18:20]: 5 
Debug[10:18:20]: signal in logmode 
Debug[10:18:20]: "INF(10:18:20.497):Attempt" 
Debug[10:18:20]: log_breakpoint 
Debug[10:18:20]: 5 
Debug[10:18:20]: signal in logmode 
Debug[10:18:20]: "INF(10:18:20.805):Attempt" 
Debug[10:18:20]: log_breakpoint 
Debug[10:18:20]: 5 
Debug[10:18:21]: signal in logmode 
Debug[10:18:21]: "INF(10:18:21.116):Attempt" 
Debug[10:18:21]: log_breakpoint 
Debug[10:18:21]: 5 
Debug[10:18:21]: signal in logmode 
Debug[10:18:21]: "INF(10:18:21.429):Mode is OK" 
Debug[10:18:21]: log_breakpoint 
Debug[10:18:21]: 5 
Debug[10:18:21]: signal in logmode 
Debug[10:18:21]: "INF(10:18:21.433):Attempt" 
Debug[10:18:21]: log_breakpoint 
Debug[10:18:21]: 5 
Debug[10:18:21]: signal in logmode 
Debug[10:18:21]: "INF(10:18:21.741):Attempt" 
Debug[10:18:21]: log_breakpoint 
Debug[10:18:21]: 5 
Debug[10:18:22]: signal in logmode 
Debug[10:18:22]: "INF(10:18:22.052):Attempt" 
Debug[10:18:22]: log_breakpoint 
Debug[10:18:22]: 5 
Debug[10:18:22]: signal in logmode 
Debug[10:18:22]: "INF(10:18:22.366):Mode is OK" 
Debug[10:18:22]: log_breakpoint 
Debug[10:18:22]: 5 
Debug[10:18:22]: signal in logmode 
Debug[10:18:22]: "INF(10:18:22.368):Attempt" 
Debug[10:18:22]: log_breakpoint 
Debug[10:18:22]: 5 
Debug[10:18:22]: signal in logmode 
Debug[10:18:22]: "INF(10:18:22.524):Mode is OK" 
Debug[10:18:22]: log_breakpoint 
Debug[10:18:22]: 5 
Debug[10:18:22]: signal in logmode 
Debug[10:18:22]: "INF(10:18:22.525):Attempt" 
Debug[10:18:22]: log_breakpoint 
Debug[10:18:22]: 5 
Debug[10:18:22]: signal in logmode 
Debug[10:18:22]: "INF(10:18:22.832):Attempt" 
Debug[10:18:22]: log_breakpoint 
Debug[10:18:22]: 5 
Debug[10:18:23]: signal in logmode 
Debug[10:18:23]: "INF(10:18:23.145):Attempt" 
Debug[10:18:23]: log_breakpoint 
Debug[10:18:23]: 5 
Debug[10:18:23]: signal in logmode 
Debug[10:18:23]: "INF(10:18:23.455):Mode is OK" 
Debug[10:18:23]: log_breakpoint 
Debug[10:18:23]: 5 
Debug[10:18:23]: signal in logmode 
Debug[10:18:23]: "INF(10:18:23.456):Attempt" 
Debug[10:18:23]: log_breakpoint 
Debug[10:18:23]: 5 
Debug[10:18:23]: signal in logmode 
Debug[10:18:23]: "INF(10:18:23.768):Attempt" 
Debug[10:18:23]: log_breakpoint 
Debug[10:18:23]: 5 
Debug[10:18:24]: signal in logmode 
Debug[10:18:24]: "INF(10:18:24.079):Attempt" 
Debug[10:18:24]: log_breakpoint 
Debug[10:18:24]: 5 
Debug[10:18:24]: signal in logmode 
Debug[10:18:24]: "INF(10:18:24.392):Mode is OK" 
Debug[10:18:24]: log_breakpoint 
Debug[10:18:24]: 5 
Debug[10:18:24]: signal in logmode 
Debug[10:18:24]: "INF(10:18:24.395):Attempt" 
Debug[10:18:24]: log_breakpoint 
Debug[10:18:24]: 5 
Debug[10:18:24]: signal in logmode 
Debug[10:18:24]: "INF(10:18:24.706):Attempt" 
Debug[10:18:24]: log_breakpoint 
Debug[10:18:24]: 5 
Debug[10:18:25]: signal in logmode 
Debug[10:18:25]: "INF(10:18:25.018):Attempt" 
Debug[10:18:25]: log_breakpoint 
Debug[10:18:25]: 5 
Warning[10:18:25]: QFileSystemWatcher: failed to add paths: C:/REPO/DSI3PAS2_workingdir/DSI3PAS2/Software/bin/ULSEverification_configfiles, C:/REPO/DSI3PAS2_workingdir/DSI3PAS2/Software/bin/ConfigFiles_29_1_2021_Jiri_MOBIS, C:/Users/fg6cnq/Desktop/DSI3PAS2_UART_QtSW_20210129_1511, C:/Users/zbdn9w/Desktop/Temp/CFAR QT uprava ToF, C:/Users/zbdn9w/Desktop/Temp/CFAR QT Komprimace do CSV, U:/Dokumenty/MOBIS/Crosstalk 11-2021
Debug[10:18:31]: Initialize Connection... 
Debug[10:18:33]: signal in logmode 
Debug[10:18:33]: "INF(10:18:33.711):Mode is OK" 
Debug[10:18:33]: log_breakpoint 
Debug[10:18:33]: 5 
Debug[10:18:33]: signal in logmode 
Debug[10:18:33]: "INF(10:18:33.715):Attempt" 
Debug[10:18:33]: log_breakpoint 
Debug[10:18:33]: 5 
Debug[10:18:34]: signal in logmode 
Debug[10:18:34]: "INF(10:18:34.018):Attempt" 
Debug[10:18:34]: log_breakpoint 
Debug[10:18:34]: 5 
Debug[10:18:34]: signal in logmode 
Debug[10:18:34]: "INF(10:18:34.329):Attempt" 
Debug[10:18:34]: log_breakpoint 
Debug[10:18:34]: 5 
Debug[10:18:34]: signal in logmode 
Debug[10:18:34]: "INF(10:18:34.642):Mode is OK" 
Debug[10:18:34]: log_breakpoint 
Debug[10:18:34]: 5 
Debug[10:18:34]: signal in logmode 
Debug[10:18:34]: "INF(10:18:34.644):Attempt" 
Debug[10:18:34]: log_breakpoint 
Debug[10:18:34]: 5 
Debug[10:18:34]: signal in logmode 
Debug[10:18:34]: "INF(10:18:34.953):Attempt" 
Debug[10:18:34]: log_breakpoint 
Debug[10:18:34]: 5 
Debug[10:18:35]: signal in logmode 
Debug[10:18:35]: "INF(10:18:35.264):Attempt" 
Debug[10:18:35]: log_breakpoint 
Debug[10:18:35]: 5 
Debug[10:18:35]: signal in logmode 
Debug[10:18:35]: "INF(10:18:35.577):Mode is OK" 
Debug[10:18:35]: log_breakpoint 
Debug[10:18:35]: 5 
Debug[10:18:35]: signal in logmode 
Debug[10:18:35]: "INF(10:18:35.580):Attempt" 
Debug[10:18:35]: log_breakpoint 
Debug[10:18:35]: 5 
Debug[10:18:35]: signal in logmode 
Debug[10:18:35]: "INF(10:18:35.735):Mode is OK" 
Debug[10:18:35]: log_breakpoint 
Debug[10:18:35]: 5 
Debug[10:18:35]: signal in logmode 
Debug[10:18:35]: "INF(10:18:35.737):Attempt" 
Debug[10:18:35]: log_breakpoint 
Debug[10:18:35]: 5 
Debug[10:18:36]: signal in logmode 
Debug[10:18:36]: "INF(10:18:36.046):Attempt" 
Debug[10:18:36]: log_breakpoint 
Debug[10:18:36]: 5 
Debug[10:18:36]: signal in logmode 
Debug[10:18:36]: "INF(10:18:36.359):Attempt" 
Debug[10:18:36]: log_breakpoint 
Debug[10:18:36]: 5 
Debug[10:18:36]: signal in logmode 
Debug[10:18:36]: "INF(10:18:36.671):Mode is OK" 
Debug[10:18:36]: log_breakpoint 
Debug[10:18:36]: 5 
Debug[10:18:36]: signal in logmode 
Debug[10:18:36]: "INF(10:18:36.672):Attempt" 
Debug[10:18:36]: log_breakpoint 
Debug[10:18:36]: 5 
Debug[10:18:36]: signal in logmode 
Debug[10:18:36]: "INF(10:18:36.983):Attempt" 
Debug[10:18:36]: log_breakpoint 
Debug[10:18:36]: 5 
Debug[10:18:37]: signal in logmode 
Debug[10:18:37]: "INF(10:18:37.294):Attempt" 
Debug[10:18:37]: log_breakpoint 
Debug[10:18:37]: 5 
Debug[10:18:37]: signal in logmode 
Debug[10:18:37]: "INF(10:18:37.608):Mode is OK" 
Debug[10:18:37]: log_breakpoint 
Debug[10:18:37]: 5 
Debug[10:18:37]: signal in logmode 
Debug[10:18:37]: "INF(10:18:37.609):Attempt" 
Debug[10:18:37]: log_breakpoint 
Debug[10:18:37]: 5 
Debug[10:18:37]: signal in logmode 
Debug[10:18:37]: "INF(10:18:37.918):Attempt" 
Debug[10:18:37]: log_breakpoint 
Debug[10:18:37]: 5 
Debug[10:18:38]: signal in logmode 
Debug[10:18:38]: "INF(10:18:38.231):Attempt" 
Debug[10:18:38]: log_breakpoint 
Debug[10:18:38]: 5 
Debug[10:18:39]: signal in logmode 
Debug[10:18:39]: "INF(10:18:39.890):Mode is OK" 
Debug[10:18:39]: log_breakpoint 
Debug[10:18:39]: 5 
Debug[10:18:39]: signal in logmode 
Debug[10:18:39]: "INF(10:18:39.894):Attempt" 
Debug[10:18:39]: log_breakpoint 
Debug[10:18:39]: 5 
Debug[10:18:40]: signal in logmode 
Debug[10:18:40]: "INF(10:18:40.198):Attempt" 
Debug[10:18:40]: log_breakpoint 
Debug[10:18:40]: 5 
Debug[10:18:40]: signal in logmode 
Debug[10:18:40]: "INF(10:18:40.511):Attempt" 
Debug[10:18:40]: log_breakpoint 
Debug[10:18:40]: 5 
Debug[10:18:40]: signal in logmode 
Debug[10:18:40]: "INF(10:18:40.820):Mode is OK" 
Debug[10:18:40]: log_breakpoint 
Debug[10:18:40]: 5 
Debug[10:18:40]: signal in logmode 
Debug[10:18:40]: "INF(10:18:40.825):Attempt" 
Debug[10:18:40]: log_breakpoint 
Debug[10:18:40]: 5 
Debug[10:18:41]: signal in logmode 
Debug[10:18:41]: "INF(10:18:41.133):Attempt" 
Debug[10:18:41]: log_breakpoint 
Debug[10:18:41]: 5 
Debug[10:18:41]: signal in logmode 
Debug[10:18:41]: "INF(10:18:41.447):Attempt" 
Debug[10:18:41]: log_breakpoint 
Debug[10:18:41]: 5 
Debug[10:18:41]: signal in logmode 
Debug[10:18:41]: "INF(10:18:41.758):Mode is OK" 
Debug[10:18:41]: log_breakpoint 
Debug[10:18:41]: 5 
Debug[10:18:41]: signal in logmode 
Debug[10:18:41]: "INF(10:18:41.763):Attempt" 
Debug[10:18:41]: log_breakpoint 
Debug[10:18:41]: 5 
Debug[10:18:41]: signal in logmode 
Debug[10:18:41]: "INF(10:18:41.789):RDUM master connected" 
Debug[10:18:41]: log_breakpoint 
Debug[10:18:41]: 5 
Debug[10:18:41]: signal in logmode 
Debug[10:18:41]: "INF(10:18:41.794):Connected to \\.\COM32" 
Debug[10:18:41]: log_breakpoint 
Debug[10:18:41]: 5 
Warning[10:18:41]: Could not parse stylesheet of widget 0x2bb3d10
Debug[10:18:41]: "Resume:Logs" 
Debug[10:18:41]: "Resume:Settings" 
Debug[10:18:41]: "Resume:UartUartController" 
Debug[10:18:41]: "Resume:UartSpiController" 
Debug[10:18:41]: "Resume:UartSsiController" 
Debug[10:18:41]: "Resume:DSI3Master" 
Debug[10:18:41]: "Resume:ASICMaster" 
Debug[10:18:41]: "Resume:RDUMMaster" 
Debug[10:18:41]: "Resume:DSI3Slave" 
Debug[10:18:41]: "Resume:Measurement" 
Debug[10:18:41]: "Resume:CFARsim" 
Debug[10:26:08]: "Suspend:Settings" 
Debug[10:26:08]: "Suspend:UartUartController" 
Debug[10:26:08]: "Suspend:UartSpiController" 
Debug[10:26:08]: "Suspend:UartSsiController" 
Debug[10:26:08]: "Suspend:DSI3Master" 
Debug[10:26:08]: "Suspend:ASICMaster" 
Debug[10:26:08]: "Suspend:RDUMMaster" 
Debug[10:26:08]: "Suspend:DSI3Slave" 
Debug[10:26:08]: "Suspend:Measurement" 
Debug[10:26:08]: "Suspend:CFARsim" 
Debug[10:26:08]: signal in logmode 
Debug[10:26:08]: "INF(10:26:08.976):Disconnect by user" 
Debug[10:26:08]: log_breakpoint 
Debug[10:26:08]: 5 
Debug[10:26:09]: signal in logmode 
Debug[10:26:09]: "INF(10:26:09.119):Disconnect by user" 
Debug[10:26:09]: log_breakpoint 
Debug[10:26:09]: 5 
Warning[10:26:13]: QObject::connect: Cannot connect LocalServer::log(int,QString) to (null)::slot_addLog(int,QString)
Debug[10:26:13]: LocalServer:new "\\.\pipe\DSI3PAS" 
Debug[10:26:13]: Register specific 
Debug[10:26:14]: DynScaleCaclulate 
Debug[10:26:14]: "init 2 UartUartController" 
Debug[10:26:14]: Ok 
Debug[10:26:14]: "init 3 UartSpiController" 
Debug[10:26:14]: Ok 
Debug[10:26:14]: "init 4 UartSsiController" 
Debug[10:26:14]: Ok 
Debug[10:26:14]: "init 5 DSI3Master" 
Debug[10:26:14]: Ok 
Debug[10:26:14]: "init 6 ASICMaster" 
Debug[10:26:14]: Ok 
Debug[10:26:14]: "init 7 RDUMMaster" 
Debug[10:26:14]: Ok 
Debug[10:26:14]: "init 8 DSI3Slave" 
Debug[10:26:14]: Ok 
Debug[10:26:14]: "init 9 Measurement" 
Debug[10:26:15]: Ok 
Debug[10:26:15]: "init 10 CFARsim" 
Debug[10:26:15]: Ok 
Debug[10:26:15]: MainApp Starting... 
Debug[10:26:16]: Add applets to MainWindow...
 
Debug[10:26:16]: Initialize Connection... 
Debug[10:26:16]: signal in logmode 
Debug[10:26:16]: "INF(10:26:16.594):Mode is OK" 
Debug[10:26:16]: log_breakpoint 
Debug[10:26:16]: 5 
Debug[10:26:16]: signal in logmode 
Debug[10:26:16]: "INF(10:26:16.597):Attempt" 
Debug[10:26:16]: log_breakpoint 
Debug[10:26:16]: 5 
Debug[10:26:16]: signal in logmode 
Debug[10:26:16]: "INF(10:26:16.907):Attempt" 
Debug[10:26:16]: log_breakpoint 
Debug[10:26:16]: 5 
Debug[10:26:17]: signal in logmode 
Debug[10:26:17]: "INF(10:26:17.220):Attempt" 
Debug[10:26:17]: log_breakpoint 
Debug[10:26:17]: 5 
Debug[10:26:17]: signal in logmode 
Debug[10:26:17]: "INF(10:26:17.528):Mode is OK" 
Debug[10:26:17]: log_breakpoint 
Debug[10:26:17]: 5 
Debug[10:26:17]: signal in logmode 
Debug[10:26:17]: "INF(10:26:17.531):Attempt" 
Debug[10:26:17]: log_breakpoint 
Debug[10:26:17]: 5 
Debug[10:26:17]: signal in logmode 
Debug[10:26:17]: "INF(10:26:17.839):Attempt" 
Debug[10:26:17]: log_breakpoint 
Debug[10:26:17]: 5 
Debug[10:26:18]: signal in logmode 
Debug[10:26:18]: "INF(10:26:18.153):Attempt" 
Debug[10:26:18]: log_breakpoint 
Debug[10:26:18]: 5 
Debug[10:26:18]: signal in logmode 
Debug[10:26:18]: "INF(10:26:18.466):Mode is OK" 
Debug[10:26:18]: log_breakpoint 
Debug[10:26:18]: 5 
Debug[10:26:18]: signal in logmode 
Debug[10:26:18]: "INF(10:26:18.470):Attempt" 
Debug[10:26:18]: log_breakpoint 
Debug[10:26:18]: 5 
Debug[10:26:18]: signal in logmode 
Debug[10:26:18]: "INF(10:26:18.622):Mode is OK" 
Debug[10:26:18]: log_breakpoint 
Debug[10:26:18]: 5 
Debug[10:26:18]: signal in logmode 
Debug[10:26:18]: "INF(10:26:18.626):Attempt" 
Debug[10:26:18]: log_breakpoint 
Debug[10:26:18]: 5 
Debug[10:26:18]: signal in logmode 
Debug[10:26:18]: "INF(10:26:18.946):Attempt" 
Debug[10:26:18]: log_breakpoint 
Debug[10:26:18]: 5 
Debug[10:26:19]: signal in logmode 
Debug[10:26:19]: "INF(10:26:19.258):Attempt" 
Debug[10:26:19]: log_breakpoint 
Debug[10:26:19]: 5 
Debug[10:26:19]: signal in logmode 
Debug[10:26:19]: "INF(10:26:19.571):Mode is OK" 
Debug[10:26:19]: log_breakpoint 
Debug[10:26:19]: 5 
Debug[10:26:19]: signal in logmode 
Debug[10:26:19]: "INF(10:26:19.576):Attempt" 
Debug[10:26:19]: log_breakpoint 
Debug[10:26:19]: 5 
Debug[10:26:19]: signal in logmode 
Debug[10:26:19]: "INF(10:26:19.883):Attempt" 
Debug[10:26:19]: log_breakpoint 
Debug[10:26:19]: 5 
Debug[10:26:20]: signal in logmode 
Debug[10:26:20]: "INF(10:26:20.180):Attempt" 
Debug[10:26:20]: log_breakpoint 
Debug[10:26:20]: 5 
Debug[10:26:20]: signal in logmode 
Debug[10:26:20]: "INF(10:26:20.353):Mode is OK" 
Debug[10:26:20]: log_breakpoint 
Debug[10:26:20]: 5 
Debug[10:26:20]: signal in logmode 
Debug[10:26:20]: "INF(10:26:20.354):Attempt" 
Debug[10:26:20]: log_breakpoint 
Debug[10:26:20]: 5 
Debug[10:26:20]: signal in logmode 
Debug[10:26:20]: "INF(10:26:20.508):Attempt" 
Debug[10:26:20]: log_breakpoint 
Debug[10:26:20]: 5 
Debug[10:26:20]: signal in logmode 
Debug[10:26:20]: "INF(10:26:20.663):Attempt" 
Debug[10:26:20]: log_breakpoint 
Debug[10:26:20]: 5 
Warning[10:26:20]: QFileSystemWatcher: failed to add paths: C:/REPO/DSI3PAS2_workingdir/DSI3PAS2/Software/bin/ULSEverification_configfiles, C:/REPO/DSI3PAS2_workingdir/DSI3PAS2/Software/bin/ConfigFiles_29_1_2021_Jiri_MOBIS, C:/Users/fg6cnq/Desktop/DSI3PAS2_UART_QtSW_20210129_1511, C:/Users/zbdn9w/Desktop/Temp/CFAR QT uprava ToF, C:/Users/zbdn9w/Desktop/Temp/CFAR QT Komprimace do CSV, U:/Dokumenty/MOBIS/Crosstalk 11-2021
Debug[10:26:26]: Initialize Connection... 
Debug[10:26:27]: signal in logmode 
Debug[10:26:27]: "INF(10:26:27.322):Mode is OK" 
Debug[10:26:27]: log_breakpoint 
Debug[10:26:27]: 5 
Debug[10:26:27]: signal in logmode 
Debug[10:26:27]: "INF(10:26:27.325):Attempt" 
Debug[10:26:27]: log_breakpoint 
Debug[10:26:27]: 5 
Debug[10:26:27]: signal in logmode 
Debug[10:26:27]: "INF(10:26:27.640):Attempt" 
Debug[10:26:27]: log_breakpoint 
Debug[10:26:27]: 5 
Debug[10:26:27]: signal in logmode 
Debug[10:26:27]: "INF(10:26:27.952):Attempt" 
Debug[10:26:27]: log_breakpoint 
Debug[10:26:27]: 5 
Debug[10:26:28]: signal in logmode 
Debug[10:26:28]: "INF(10:26:28.262):Mode is OK" 
Debug[10:26:28]: log_breakpoint 
Debug[10:26:28]: 5 
Debug[10:26:28]: signal in logmode 
Debug[10:26:28]: "INF(10:26:28.264):Attempt" 
Debug[10:26:28]: log_breakpoint 
Debug[10:26:28]: 5 
Debug[10:26:28]: signal in logmode 
Debug[10:26:28]: "INF(10:26:28.575):Attempt" 
Debug[10:26:28]: log_breakpoint 
Debug[10:26:28]: 5 
Debug[10:26:28]: signal in logmode 
Debug[10:26:28]: "INF(10:26:28.887):Attempt" 
Debug[10:26:28]: log_breakpoint 
Debug[10:26:28]: 5 
Debug[10:26:29]: signal in logmode 
Debug[10:26:29]: "INF(10:26:29.199):Mode is OK" 
Debug[10:26:29]: log_breakpoint 
Debug[10:26:29]: 5 
Debug[10:26:29]: signal in logmode 
Debug[10:26:29]: "INF(10:26:29.203):Attempt" 
Debug[10:26:29]: log_breakpoint 
Debug[10:26:29]: 5 
Debug[10:26:29]: signal in logmode 
Debug[10:26:29]: "INF(10:26:29.357):Mode is OK" 
Debug[10:26:29]: log_breakpoint 
Debug[10:26:29]: 5 
Debug[10:26:29]: signal in logmode 
Debug[10:26:29]: "INF(10:26:29.360):Attempt" 
Debug[10:26:29]: log_breakpoint 
Debug[10:26:29]: 5 
Debug[10:26:29]: signal in logmode 
Debug[10:26:29]: "INF(10:26:29.667):Attempt" 
Debug[10:26:29]: log_breakpoint 
Debug[10:26:29]: 5 
Debug[10:26:29]: signal in logmode 
Debug[10:26:29]: "INF(10:26:29.976):Attempt" 
Debug[10:26:29]: log_breakpoint 
Debug[10:26:29]: 5 
Debug[10:26:30]: signal in logmode 
Debug[10:26:30]: "INF(10:26:30.288):Mode is OK" 
Debug[10:26:30]: log_breakpoint 
Debug[10:26:30]: 5 
Debug[10:26:30]: signal in logmode 
Debug[10:26:30]: "INF(10:26:30.290):Attempt" 
Debug[10:26:30]: log_breakpoint 
Debug[10:26:30]: 5 
Debug[10:26:30]: signal in logmode 
Debug[10:26:30]: "INF(10:26:30.599):Attempt" 
Debug[10:26:30]: log_breakpoint 
Debug[10:26:30]: 5 
Debug[10:26:30]: signal in logmode 
Debug[10:26:30]: "INF(10:26:30.910):Attempt" 
Debug[10:26:30]: log_breakpoint 
Debug[10:26:30]: 5 
Debug[10:26:31]: signal in logmode 
Debug[10:26:31]: "INF(10:26:31.224):Mode is OK" 
Debug[10:26:31]: log_breakpoint 
Debug[10:26:31]: 5 
Debug[10:26:31]: signal in logmode 
Debug[10:26:31]: "INF(10:26:31.228):Attempt" 
Debug[10:26:31]: log_breakpoint 
Debug[10:26:31]: 5 
Debug[10:26:31]: signal in logmode 
Debug[10:26:31]: "INF(10:26:31.539):Attempt" 
Debug[10:26:31]: log_breakpoint 
Debug[10:26:31]: 5 
Debug[10:26:31]: signal in logmode 
Debug[10:26:31]: "INF(10:26:31.846):Attempt" 
Debug[10:26:31]: log_breakpoint 
Debug[10:26:31]: 5 
Debug[10:26:32]: signal in logmode 
Debug[10:26:32]: "INF(10:26:32.746):Mode is OK" 
Debug[10:26:32]: log_breakpoint 
Debug[10:26:32]: 5 
Debug[10:26:32]: signal in logmode 
Debug[10:26:32]: "INF(10:26:32.749):Attempt" 
Debug[10:26:32]: log_breakpoint 
Debug[10:26:32]: 5 
Debug[10:26:33]: signal in logmode 
Debug[10:26:33]: "INF(10:26:33.058):Attempt" 
Debug[10:26:33]: log_breakpoint 
Debug[10:26:33]: 5 
Debug[10:26:33]: signal in logmode 
Debug[10:26:33]: "INF(10:26:33.367):Attempt" 
Debug[10:26:33]: log_breakpoint 
Debug[10:26:33]: 5 
Debug[10:26:33]: signal in logmode 
Debug[10:26:33]: "INF(10:26:33.678):Mode is OK" 
Debug[10:26:33]: log_breakpoint 
Debug[10:26:33]: 5 
Debug[10:26:33]: signal in logmode 
Debug[10:26:33]: "INF(10:26:33.680):Attempt" 
Debug[10:26:33]: log_breakpoint 
Debug[10:26:33]: 5 
Debug[10:26:33]: signal in logmode 
Debug[10:26:33]: "INF(10:26:33.992):Attempt" 
Debug[10:26:33]: log_breakpoint 
Debug[10:26:33]: 5 
Debug[10:26:34]: signal in logmode 
Debug[10:26:34]: "INF(10:26:34.307):Attempt" 
Debug[10:26:34]: log_breakpoint 
Debug[10:26:34]: 5 
Debug[10:26:34]: signal in logmode 
Debug[10:26:34]: "INF(10:26:34.617):Mode is OK" 
Debug[10:26:34]: log_breakpoint 
Debug[10:26:34]: 5 
Debug[10:26:34]: signal in logmode 
Debug[10:26:34]: "INF(10:26:34.622):Attempt" 
Debug[10:26:34]: log_breakpoint 
Debug[10:26:34]: 5 
Debug[10:26:34]: signal in logmode 
Debug[10:26:34]: "INF(10:26:34.632):RDUM master connected" 
Debug[10:26:34]: log_breakpoint 
Debug[10:26:34]: 5 
Debug[10:26:34]: signal in logmode 
Debug[10:26:34]: "INF(10:26:34.635):Connected to \\.\COM32" 
Debug[10:26:34]: log_breakpoint 
Debug[10:26:34]: 5 
Warning[10:26:34]: Could not parse stylesheet of widget 0x2fb3b90
Debug[10:26:34]: "Resume:Logs" 
Debug[10:26:34]: "Resume:Settings" 
Debug[10:26:34]: "Resume:UartUartController" 
Debug[10:26:34]: "Resume:UartSpiController" 
Debug[10:26:34]: "Resume:UartSsiController" 
Debug[10:26:34]: "Resume:DSI3Master" 
Debug[10:26:34]: "Resume:ASICMaster" 
Debug[10:26:34]: "Resume:RDUMMaster" 
Debug[10:26:34]: "Resume:DSI3Slave" 
Debug[10:26:34]: "Resume:Measurement" 
Debug[10:26:34]: "Resume:CFARsim" 
Debug[10:28:02]: "Suspend:Settings" 
Debug[10:28:02]: "Suspend:UartUartController" 
Debug[10:28:02]: "Suspend:UartSpiController" 
Debug[10:28:02]: "Suspend:UartSsiController" 
Debug[10:28:02]: "Suspend:DSI3Master" 
Debug[10:28:02]: "Suspend:ASICMaster" 
Debug[10:28:02]: "Suspend:RDUMMaster" 
Debug[10:28:02]: "Suspend:DSI3Slave" 
Debug[10:28:02]: "Suspend:Measurement" 
Debug[10:28:02]: "Suspend:CFARsim" 
Debug[10:28:02]: signal in logmode 
Debug[10:28:02]: "INF(10:28:02.632):Disconnect by user" 
Debug[10:28:02]: log_breakpoint 
Debug[10:28:02]: 5 
Debug[10:28:02]: signal in logmode 
Debug[10:28:02]: "INF(10:28:02.780):Disconnect by user" 
Debug[10:28:02]: log_breakpoint 
Debug[10:28:02]: 5 
Warning[10:28:07]: QObject::connect: Cannot connect LocalServer::log(int,QString) to (null)::slot_addLog(int,QString)
Debug[10:28:07]: LocalServer:new "\\.\pipe\DSI3PAS" 
Debug[10:28:07]: Register specific 
Debug[10:28:08]: DynScaleCaclulate 
Debug[10:28:08]: "init 2 UartUartController" 
Debug[10:28:08]: Ok 
Debug[10:28:08]: "init 3 UartSpiController" 
Debug[10:28:08]: Ok 
Debug[10:28:08]: "init 4 UartSsiController" 
Debug[10:28:08]: Ok 
Debug[10:28:08]: "init 5 DSI3Master" 
Debug[10:28:08]: Ok 
Debug[10:28:08]: "init 6 ASICMaster" 
Debug[10:28:08]: Ok 
Debug[10:28:08]: "init 7 RDUMMaster" 
Debug[10:28:08]: Ok 
Debug[10:28:08]: "init 8 DSI3Slave" 
Debug[10:28:09]: Ok 
Debug[10:28:09]: "init 9 Measurement" 
Debug[10:28:09]: Ok 
Debug[10:28:09]: "init 10 CFARsim" 
Debug[10:28:09]: Ok 
Debug[10:28:09]: MainApp Starting... 
Debug[10:28:10]: Add applets to MainWindow...
 
Debug[10:28:10]: Initialize Connection... 
Debug[10:28:11]: signal in logmode 
Debug[10:28:11]: "INF(10:28:11.452):Mode is OK" 
Debug[10:28:11]: log_breakpoint 
Debug[10:28:11]: 5 
Debug[10:28:11]: signal in logmode 
Debug[10:28:11]: "INF(10:28:11.455):Attempt" 
Debug[10:28:11]: log_breakpoint 
Debug[10:28:11]: 5 
Debug[10:28:11]: signal in logmode 
Debug[10:28:11]: "INF(10:28:11.760):Attempt" 
Debug[10:28:11]: log_breakpoint 
Debug[10:28:11]: 5 
Debug[10:28:12]: signal in logmode 
Debug[10:28:12]: "INF(10:28:12.071):Attempt" 
Debug[10:28:12]: log_breakpoint 
Debug[10:28:12]: 5 
Debug[10:28:12]: signal in logmode 
Debug[10:28:12]: "INF(10:28:12.382):Mode is OK" 
Debug[10:28:12]: log_breakpoint 
Debug[10:28:12]: 5 
Debug[10:28:12]: signal in logmode 
Debug[10:28:12]: "INF(10:28:12.384):Attempt" 
Debug[10:28:12]: log_breakpoint 
Debug[10:28:12]: 5 
Debug[10:28:12]: signal in logmode 
Debug[10:28:12]: "INF(10:28:12.693):Attempt" 
Debug[10:28:12]: log_breakpoint 
Debug[10:28:12]: 5 
Debug[10:28:13]: signal in logmode 
Debug[10:28:13]: "INF(10:28:13.004):Attempt" 
Debug[10:28:13]: log_breakpoint 
Debug[10:28:13]: 5 
Debug[10:28:13]: signal in logmode 
Debug[10:28:13]: "INF(10:28:13.313):Mode is OK" 
Debug[10:28:13]: log_breakpoint 
Debug[10:28:13]: 5 
Debug[10:28:13]: signal in logmode 
Debug[10:28:13]: "INF(10:28:13.317):Attempt" 
Debug[10:28:13]: log_breakpoint 
Debug[10:28:13]: 5 
Debug[10:28:13]: signal in logmode 
Debug[10:28:13]: "INF(10:28:13.456):Mode is OK" 
Debug[10:28:13]: log_breakpoint 
Debug[10:28:13]: 5 
Debug[10:28:13]: signal in logmode 
Debug[10:28:13]: "INF(10:28:13.457):Attempt" 
Debug[10:28:13]: log_breakpoint 
Debug[10:28:13]: 5 
Debug[10:28:13]: signal in logmode 
Debug[10:28:13]: "INF(10:28:13.765):Attempt" 
Debug[10:28:13]: log_breakpoint 
Debug[10:28:13]: 5 
Debug[10:28:14]: signal in logmode 
Debug[10:28:14]: "INF(10:28:14.077):Attempt" 
Debug[10:28:14]: log_breakpoint 
Debug[10:28:14]: 5 
Debug[10:28:14]: signal in logmode 
Debug[10:28:14]: "INF(10:28:14.389):Mode is OK" 
Debug[10:28:14]: log_breakpoint 
Debug[10:28:14]: 5 
Debug[10:28:14]: signal in logmode 
Debug[10:28:14]: "INF(10:28:14.391):Attempt" 
Debug[10:28:14]: log_breakpoint 
Debug[10:28:14]: 5 
Debug[10:28:14]: signal in logmode 
Debug[10:28:14]: "INF(10:28:14.702):Attempt" 
Debug[10:28:14]: log_breakpoint 
Debug[10:28:14]: 5 
Debug[10:28:15]: signal in logmode 
Debug[10:28:15]: "INF(10:28:15.013):Attempt" 
Debug[10:28:15]: log_breakpoint 
Debug[10:28:15]: 5 
Debug[10:28:15]: signal in logmode 
Debug[10:28:15]: "INF(10:28:15.326):Mode is OK" 
Debug[10:28:15]: log_breakpoint 
Debug[10:28:15]: 5 
Debug[10:28:15]: signal in logmode 
Debug[10:28:15]: "INF(10:28:15.328):Attempt" 
Debug[10:28:15]: log_breakpoint 
Debug[10:28:15]: 5 
Debug[10:28:15]: signal in logmode 
Debug[10:28:15]: "INF(10:28:15.637):Attempt" 
Debug[10:28:15]: log_breakpoint 
Debug[10:28:15]: 5 
Debug[10:28:15]: signal in logmode 
Debug[10:28:15]: "INF(10:28:15.949):Attempt" 
Debug[10:28:15]: log_breakpoint 
Debug[10:28:15]: 5 
Warning[10:28:16]: QFileSystemWatcher: failed to add paths: C:/REPO/DSI3PAS2_workingdir/DSI3PAS2/Software/bin/ULSEverification_configfiles, C:/REPO/DSI3PAS2_workingdir/DSI3PAS2/Software/bin/ConfigFiles_29_1_2021_Jiri_MOBIS, C:/Users/fg6cnq/Desktop/DSI3PAS2_UART_QtSW_20210129_1511, C:/Users/zbdn9w/Desktop/Temp/CFAR QT uprava ToF, C:/Users/zbdn9w/Desktop/Temp/CFAR QT Komprimace do CSV, U:/Dokumenty/MOBIS/Crosstalk 11-2021
Debug[10:28:51]: signal in logmode 
Debug[10:28:51]: "INF(10:28:51.591):Mode is OK" 
Debug[10:28:51]: log_breakpoint 
Debug[10:28:51]: 5 
Debug[10:28:51]: signal in logmode 
Debug[10:28:51]: "INF(10:28:51.594):Attempt" 
Debug[10:28:51]: log_breakpoint 
Debug[10:28:51]: 5 
Debug[10:28:51]: signal in logmode 
Debug[10:28:51]: "INF(10:28:51.910):Attempt" 
Debug[10:28:51]: log_breakpoint 
Debug[10:28:51]: 5 
Debug[10:28:52]: signal in logmode 
Debug[10:28:52]: "INF(10:28:52.220):Attempt" 
Debug[10:28:52]: log_breakpoint 
Debug[10:28:52]: 5 
Debug[10:28:52]: signal in logmode 
Debug[10:28:52]: "INF(10:28:52.531):Mode is OK" 
Debug[10:28:52]: log_breakpoint 
Debug[10:28:52]: 5 
Debug[10:28:52]: signal in logmode 
Debug[10:28:52]: "INF(10:28:52.534):Attempt" 
Debug[10:28:52]: log_breakpoint 
Debug[10:28:52]: 5 
Debug[10:28:52]: signal in logmode 
Debug[10:28:52]: "INF(10:28:52.844):Attempt" 
Debug[10:28:52]: log_breakpoint 
Debug[10:28:52]: 5 
Debug[10:28:53]: signal in logmode 
Debug[10:28:53]: "INF(10:28:53.156):Attempt" 
Debug[10:28:53]: log_breakpoint 
Debug[10:28:53]: 5 
Debug[10:28:53]: signal in logmode 
Debug[10:28:53]: "INF(10:28:53.467):Mode is OK" 
Debug[10:28:53]: log_breakpoint 
Debug[10:28:53]: 5 
Debug[10:28:53]: signal in logmode 
Debug[10:28:53]: "INF(10:28:53.469):Attempt" 
Debug[10:28:53]: log_breakpoint 
Debug[10:28:53]: 5 
Debug[10:28:53]: signal in logmode 
Debug[10:28:53]: "INF(10:28:53.476):RDUM master connected" 
Debug[10:28:53]: log_breakpoint 
Debug[10:28:53]: 5 
Debug[10:28:53]: signal in logmode 
Debug[10:28:53]: "INF(10:28:53.477):Connected to \\.\COM32" 
Debug[10:28:53]: log_breakpoint 
Debug[10:28:53]: 5 
Warning[10:28:53]: Could not parse stylesheet of widget 0x2923cf0
Debug[10:28:53]: "Resume:Logs" 
Debug[10:28:53]: "Resume:Settings" 
Debug[10:28:53]: "Resume:UartUartController" 
Debug[10:28:53]: "Resume:UartSpiController" 
Debug[10:28:53]: "Resume:UartSsiController" 
Debug[10:28:53]: "Resume:DSI3Master" 
Debug[10:28:53]: "Resume:ASICMaster" 
Debug[10:28:53]: "Resume:RDUMMaster" 
Debug[10:28:53]: "Resume:DSI3Slave" 
Debug[10:28:53]: "Resume:Measurement" 
Debug[10:28:53]: "Resume:CFARsim" 
Debug[10:42:39]: "Suspend:Settings" 
Debug[10:42:39]: "Suspend:UartUartController" 
Debug[10:42:39]: "Suspend:UartSpiController" 
Debug[10:42:39]: "Suspend:UartSsiController" 
Debug[10:42:39]: "Suspend:DSI3Master" 
Debug[10:42:39]: "Suspend:ASICMaster" 
Debug[10:42:39]: "Suspend:RDUMMaster" 
Debug[10:42:39]: "Suspend:DSI3Slave" 
Debug[10:42:39]: "Suspend:Measurement" 
Debug[10:42:39]: "Suspend:CFARsim" 
Debug[10:42:39]: signal in logmode 
Debug[10:42:39]: "INF(10:42:39.942):Disconnect by user" 
Debug[10:42:39]: log_breakpoint 
Debug[10:42:39]: 5 
Debug[10:42:40]: signal in logmode 
Debug[10:42:40]: "INF(10:42:40.087):Disconnect by user" 
Debug[10:42:40]: log_breakpoint 
Debug[10:42:40]: 5 
Warning[10:42:56]: QObject::connect: Cannot connect LocalServer::log(int,QString) to (null)::slot_addLog(int,QString)
Debug[10:42:56]: LocalServer:new "\\.\pipe\DSI3PAS" 
Debug[10:42:56]: Register specific 
Debug[10:42:57]: DynScaleCaclulate 
Debug[10:42:57]: "init 2 UartUartController" 
Debug[10:42:57]: Ok 
Debug[10:42:57]: "init 3 UartSpiController" 
Debug[10:42:57]: Ok 
Debug[10:42:57]: "init 4 UartSsiController" 
Debug[10:42:57]: Ok 
Debug[10:42:57]: "init 5 DSI3Master" 
Debug[10:42:57]: Ok 
Debug[10:42:57]: "init 6 ASICMaster" 
Debug[10:42:57]: Ok 
Debug[10:42:57]: "init 7 RDUMMaster" 
Debug[10:42:57]: Ok 
Debug[10:42:57]: "init 8 DSI3Slave" 
Debug[10:42:58]: Ok 
Debug[10:42:58]: "init 9 Measurement" 
Debug[10:42:58]: Ok 
Debug[10:42:58]: "init 10 CFARsim" 
Debug[10:42:58]: Ok 
Debug[10:42:58]: MainApp Starting... 
Debug[10:42:59]: Add applets to MainWindow...
 
Debug[10:42:59]: Initialize Connection... 
Debug[10:42:59]: signal in logmode 
Debug[10:42:59]: "INF(10:42:59.702):Mode is OK" 
Debug[10:42:59]: log_breakpoint 
Debug[10:42:59]: 5 
Debug[10:42:59]: signal in logmode 
Debug[10:42:59]: "INF(10:42:59.705):Attempt" 
Debug[10:42:59]: log_breakpoint 
Debug[10:42:59]: 5 
Debug[10:43:00]: signal in logmode 
Debug[10:43:00]: "INF(10:43:00.011):Attempt" 
Debug[10:43:00]: log_breakpoint 
Debug[10:43:00]: 5 
Debug[10:43:00]: signal in logmode 
Debug[10:43:00]: "INF(10:43:00.322):Attempt" 
Debug[10:43:00]: log_breakpoint 
Debug[10:43:00]: 5 
Debug[10:43:00]: signal in logmode 
Debug[10:43:00]: "INF(10:43:00.634):Mode is OK" 
Debug[10:43:00]: log_breakpoint 
Debug[10:43:00]: 5 
Debug[10:43:00]: signal in logmode 
Debug[10:43:00]: "INF(10:43:00.637):Attempt" 
Debug[10:43:00]: log_breakpoint 
Debug[10:43:00]: 5 
Debug[10:43:00]: signal in logmode 
Debug[10:43:00]: "INF(10:43:00.944):Attempt" 
Debug[10:43:00]: log_breakpoint 
Debug[10:43:00]: 5 
Debug[10:43:01]: signal in logmode 
Debug[10:43:01]: "INF(10:43:01.255):Attempt" 
Debug[10:43:01]: log_breakpoint 
Debug[10:43:01]: 5 
Debug[10:43:01]: signal in logmode 
Debug[10:43:01]: "INF(10:43:01.567):Mode is OK" 
Debug[10:43:01]: log_breakpoint 
Debug[10:43:01]: 5 
Debug[10:43:01]: signal in logmode 
Debug[10:43:01]: "INF(10:43:01.571):Attempt" 
Debug[10:43:01]: log_breakpoint 
Debug[10:43:01]: 5 
Debug[10:43:01]: signal in logmode 
Debug[10:43:01]: "INF(10:43:01.726):Mode is OK" 
Debug[10:43:01]: log_breakpoint 
Debug[10:43:01]: 5 
Debug[10:43:01]: signal in logmode 
Debug[10:43:01]: "INF(10:43:01.729):Attempt" 
Debug[10:43:01]: log_breakpoint 
Debug[10:43:01]: 5 
Debug[10:43:02]: signal in logmode 
Debug[10:43:02]: "INF(10:43:02.033):Attempt" 
Debug[10:43:02]: log_breakpoint 
Debug[10:43:02]: 5 
Debug[10:43:02]: signal in logmode 
Debug[10:43:02]: "INF(10:43:02.344):Attempt" 
Debug[10:43:02]: log_breakpoint 
Debug[10:43:02]: 5 
Debug[10:43:02]: signal in logmode 
Debug[10:43:02]: "INF(10:43:02.658):Mode is OK" 
Debug[10:43:02]: log_breakpoint 
Debug[10:43:02]: 5 
Debug[10:43:02]: signal in logmode 
Debug[10:43:02]: "INF(10:43:02.661):Attempt" 
Debug[10:43:02]: log_breakpoint 
Debug[10:43:02]: 5 
Debug[10:43:02]: signal in logmode 
Debug[10:43:02]: "INF(10:43:02.967):Attempt" 
Debug[10:43:02]: log_breakpoint 
Debug[10:43:02]: 5 
Debug[10:43:03]: signal in logmode 
Debug[10:43:03]: "INF(10:43:03.281):Attempt" 
Debug[10:43:03]: log_breakpoint 
Debug[10:43:03]: 5 
Debug[10:43:03]: signal in logmode 
Debug[10:43:03]: "INF(10:43:03.590):Mode is OK" 
Debug[10:43:03]: log_breakpoint 
Debug[10:43:03]: 5 
Debug[10:43:03]: signal in logmode 
Debug[10:43:03]: "INF(10:43:03.593):Attempt" 
Debug[10:43:03]: log_breakpoint 
Debug[10:43:03]: 5 
Debug[10:43:03]: signal in logmode 
Debug[10:43:03]: "INF(10:43:03.901):Attempt" 
Debug[10:43:03]: log_breakpoint 
Debug[10:43:03]: 5 
Debug[10:43:04]: signal in logmode 
Debug[10:43:04]: "INF(10:43:04.216):Attempt" 
Debug[10:43:04]: log_breakpoint 
Debug[10:43:04]: 5 
Warning[10:43:04]: QFileSystemWatcher: failed to add paths: C:/REPO/DSI3PAS2_workingdir/DSI3PAS2/Software/bin/ULSEverification_configfiles, C:/REPO/DSI3PAS2_workingdir/DSI3PAS2/Software/bin/ConfigFiles_29_1_2021_Jiri_MOBIS, C:/Users/fg6cnq/Desktop/DSI3PAS2_UART_QtSW_20210129_1511, C:/Users/zbdn9w/Desktop/Temp/CFAR QT uprava ToF, C:/Users/zbdn9w/Desktop/Temp/CFAR QT Komprimace do CSV, U:/Dokumenty/MOBIS/Crosstalk 11-2021
Debug[10:43:07]: signal in logmode 
Debug[10:43:07]: "INF(10:43:07.630):Mode is OK" 
Debug[10:43:07]: log_breakpoint 
Debug[10:43:07]: 5 
Debug[10:43:07]: signal in logmode 
Debug[10:43:07]: "INF(10:43:07.632):Attempt" 
Debug[10:43:07]: log_breakpoint 
Debug[10:43:07]: 5 
Debug[10:43:07]: signal in logmode 
Debug[10:43:07]: "INF(10:43:07.938):Attempt" 
Debug[10:43:07]: log_breakpoint 
Debug[10:43:07]: 5 
Debug[10:43:08]: signal in logmode 
Debug[10:43:08]: "INF(10:43:08.252):Attempt" 
Debug[10:43:08]: log_breakpoint 
Debug[10:43:08]: 5 
Debug[10:43:08]: signal in logmode 
Debug[10:43:08]: "INF(10:43:08.566):Mode is OK" 
Debug[10:43:08]: log_breakpoint 
Debug[10:43:08]: 5 
Debug[10:43:08]: signal in logmode 
Debug[10:43:08]: "INF(10:43:08.569):Attempt" 
Debug[10:43:08]: log_breakpoint 
Debug[10:43:08]: 5 
Debug[10:43:08]: signal in logmode 
Debug[10:43:08]: "INF(10:43:08.878):Attempt" 
Debug[10:43:08]: log_breakpoint 
Debug[10:43:08]: 5 
Debug[10:43:09]: signal in logmode 
Debug[10:43:09]: "INF(10:43:09.186):Attempt" 
Debug[10:43:09]: log_breakpoint 
Debug[10:43:09]: 5 
Debug[10:43:09]: signal in logmode 
Debug[10:43:09]: "INF(10:43:09.500):Mode is OK" 
Debug[10:43:09]: log_breakpoint 
Debug[10:43:09]: 5 
Debug[10:43:09]: signal in logmode 
Debug[10:43:09]: "INF(10:43:09.502):Attempt" 
Debug[10:43:09]: log_breakpoint 
Debug[10:43:09]: 5 
Debug[10:43:09]: signal in logmode 
Debug[10:43:09]: "INF(10:43:09.532):RDUM master connected" 
Debug[10:43:09]: log_breakpoint 
Debug[10:43:09]: 5 
Debug[10:43:09]: signal in logmode 
Debug[10:43:09]: "INF(10:43:09.536):Connected to \\.\COM32" 
Debug[10:43:09]: log_breakpoint 
Debug[10:43:09]: 5 
Warning[10:43:09]: Could not parse stylesheet of widget 0x2bc3230
Debug[10:43:09]: "Resume:Logs" 
Debug[10:43:09]: "Resume:Settings" 
Debug[10:43:09]: "Resume:UartUartController" 
Debug[10:43:09]: "Resume:UartSpiController" 
Debug[10:43:09]: "Resume:UartSsiController" 
Debug[10:43:09]: "Resume:DSI3Master" 
Debug[10:43:09]: "Resume:ASICMaster" 
Debug[10:43:09]: "Resume:RDUMMaster" 
Debug[10:43:09]: "Resume:DSI3Slave" 
Debug[10:43:09]: "Resume:Measurement" 
Debug[10:43:09]: "Resume:CFARsim" 
Critical[12:09:39]: QFileSystemWatcher: FindNextChangeNotification failed!! (The specified network name is no longer available.)
Debug[12:12:24]: signal in logmode 
Debug[12:12:24]: "RX_ERR(+5354s):RX Data without end char" 
Debug[12:12:24]: log_breakpoint 
Debug[12:12:24]: 5 
Debug[12:12:24]: signal in logmode 
Debug[12:12:24]: "UART-UART RX(+1ms):No end char:" 
Debug[12:12:24]: log_breakpoint 
Debug[12:12:24]: 5 
Debug[12:12:25]: signal in logmode 
Debug[12:12:25]: "RX_ERR(+801ms):RX Data without end char" 
Debug[12:12:25]: log_breakpoint 
Debug[12:12:25]: 5 
Debug[12:12:25]: signal in logmode 
Debug[12:12:25]: "UART-UART RX(+0ms):No end char:" 
Debug[12:12:25]: log_breakpoint 
Debug[12:12:25]: 5 
Debug[12:12:25]: signal in logmode 
Debug[12:12:25]: "RX_ERR(+801ms):RX Data without end char" 
Debug[12:12:25]: log_breakpoint 
Debug[12:12:25]: 5 
Debug[12:12:25]: signal in logmode 
Debug[12:12:25]: "UART-UART RX(+0ms):No end char:" 
Debug[12:12:25]: log_breakpoint 
Debug[12:12:25]: 5 
Debug[12:12:26]: signal in logmode 
Debug[12:12:26]: "RX_ERR(+801ms):RX Data without end char" 
Debug[12:12:26]: log_breakpoint 
Debug[12:12:26]: 5 
Debug[12:12:26]: signal in logmode 
Debug[12:12:26]: "UART-UART RX(+1ms):No end char:" 
Debug[12:12:26]: log_breakpoint 
Debug[12:12:26]: 5 
Debug[12:12:27]: signal in logmode 
Debug[12:12:27]: "RX_ERR(+800ms):RX Data without end char" 
Debug[12:12:27]: log_breakpoint 
Debug[12:12:27]: 5 
Debug[12:12:27]: signal in logmode 
Debug[12:12:27]: "UART-UART RX(+1ms):No end char:" 
Debug[12:12:27]: log_breakpoint 
Debug[12:12:27]: 5 
Debug[12:12:28]: signal in logmode 
Debug[12:12:28]: "RX_ERR(+801ms):RX Data without end char" 
Debug[12:12:28]: log_breakpoint 
Debug[12:12:28]: 5 
Debug[12:12:28]: signal in logmode 
Debug[12:12:28]: "UART-UART RX(+0ms):No end char:" 
Debug[12:12:28]: log_breakpoint 
Debug[12:12:28]: 5 
Debug[12:12:29]: signal in logmode 
Debug[12:12:29]: "RX_ERR(+802ms):RX Data without end char" 
Debug[12:12:29]: log_breakpoint 
Debug[12:12:29]: 5 
Debug[12:12:29]: signal in logmode 
Debug[12:12:29]: "UART-UART RX(+0ms):No end char:" 
Debug[12:12:29]: log_breakpoint 
Debug[12:12:29]: 5 
Debug[12:12:29]: signal in logmode 
Debug[12:12:29]: "RX_ERR(+800ms):RX Data without end char" 
Debug[12:12:29]: log_breakpoint 
Debug[12:12:29]: 5 
Debug[12:12:29]: signal in logmode 
Debug[12:12:29]: "UART-UART RX(+1ms):No end char:" 
Debug[12:12:29]: log_breakpoint 
Debug[12:12:29]: 5 
Debug[12:12:30]: signal in logmode 
Debug[12:12:30]: "RX_ERR(+801ms):RX Data without end char" 
Debug[12:12:30]: log_breakpoint 
Debug[12:12:30]: 5 
Debug[12:12:30]: signal in logmode 
Debug[12:12:30]: "UART-UART RX(+0ms):No end char:" 
Debug[12:12:30]: log_breakpoint 
Debug[12:12:30]: 5 
Debug[12:12:31]: signal in logmode 
Debug[12:12:31]: "RX_ERR(+801ms):RX Data without end char" 
Debug[12:12:31]: log_breakpoint 
Debug[12:12:31]: 5 
Debug[12:12:31]: signal in logmode 
Debug[12:12:31]: "UART-UART RX(+1ms):No end char:" 
Debug[12:12:31]: log_breakpoint 
Debug[12:12:31]: 5 
Debug[12:12:32]: signal in logmode 
Debug[12:12:32]: "RX_ERR(+801ms):RX Data without end char" 
Debug[12:12:32]: log_breakpoint 
Debug[12:12:32]: 5 
Debug[12:12:32]: signal in logmode 
Debug[12:12:32]: "UART-UART RX(+0ms):No end char:" 
Debug[12:12:32]: log_breakpoint 
Debug[12:12:32]: 5 
Debug[12:12:33]: signal in logmode 
Debug[12:12:33]: "RX_ERR(+801ms):RX Data without end char" 
Debug[12:12:33]: log_breakpoint 
Debug[12:12:33]: 5 
Debug[12:12:33]: signal in logmode 
Debug[12:12:33]: "UART-UART RX(+0ms):No end char:" 
Debug[12:12:33]: log_breakpoint 
Debug[12:12:33]: 5 
Debug[12:12:33]: signal in logmode 
Debug[12:12:33]: "RX_ERR(+801ms):RX Data without end char" 
Debug[12:12:33]: log_breakpoint 
Debug[12:12:33]: 5 
Debug[12:12:33]: signal in logmode 
Debug[12:12:33]: "UART-UART RX(+0ms):No end char:" 
Debug[12:12:33]: log_breakpoint 
Debug[12:12:33]: 5 
Debug[12:12:34]: signal in logmode 
Debug[12:12:34]: "RX_ERR(+800ms):RX Data without end char" 
Debug[12:12:34]: log_breakpoint 
Debug[12:12:34]: 5 
Debug[12:12:34]: signal in logmode 
Debug[12:12:34]: "UART-UART RX(+1ms):No end char:" 
Debug[12:12:34]: log_breakpoint 
Debug[12:12:34]: 5 
Debug[12:12:35]: signal in logmode 
Debug[12:12:35]: "RX_ERR(+802ms):RX Data without end char" 
Debug[12:12:35]: log_breakpoint 
Debug[12:12:35]: 5 
Debug[12:12:35]: signal in logmode 
Debug[12:12:35]: "UART-UART RX(+1ms):No end char:" 
Debug[12:12:35]: log_breakpoint 
Debug[12:12:35]: 5 
Debug[12:12:36]: signal in logmode 
Debug[12:12:36]: "RX_ERR(+802ms):RX Data without end char" 
Debug[12:12:36]: log_breakpoint 
Debug[12:12:36]: 5 
Debug[12:12:36]: signal in logmode 
Debug[12:12:36]: "UART-UART RX(+1ms):No end char:" 
Debug[12:12:36]: log_breakpoint 
Debug[12:12:36]: 5 
Debug[12:12:37]: signal in logmode 
Debug[12:12:37]: "RX_ERR(+801ms):RX Data without end char" 
Debug[12:12:37]: log_breakpoint 
Debug[12:12:37]: 5 
Debug[12:12:37]: signal in logmode 
Debug[12:12:37]: "UART-UART RX(+0ms):No end char:" 
Debug[12:12:37]: log_breakpoint 
Debug[12:12:37]: 5 
Debug[12:12:38]: signal in logmode 
Debug[12:12:38]: "RX_ERR(+802ms):RX Data without end char" 
Debug[12:12:38]: log_breakpoint 
Debug[12:12:38]: 5 
Debug[12:12:38]: signal in logmode 
Debug[12:12:38]: "UART-UART RX(+0ms):No end char:" 
Debug[12:12:38]: log_breakpoint 
Debug[12:12:38]: 5 
Debug[12:12:38]: signal in logmode 
Debug[12:12:38]: "RX_ERR(+802ms):RX Data without end char" 
Debug[12:12:38]: log_breakpoint 
Debug[12:12:38]: 5 
Debug[12:12:38]: signal in logmode 
Debug[12:12:38]: "UART-UART RX(+0ms):No end char:" 
Debug[12:12:38]: log_breakpoint 
Debug[12:12:38]: 5 
Debug[12:12:39]: signal in logmode 
Debug[12:12:39]: "RX_ERR(+801ms):RX Data without end char" 
Debug[12:12:39]: log_breakpoint 
Debug[12:12:39]: 5 
Debug[12:12:39]: signal in logmode 
Debug[12:12:39]: "UART-UART RX(+2ms):No end char:" 
Debug[12:12:39]: log_breakpoint 
Debug[12:12:39]: 5 
Debug[12:12:40]: signal in logmode 
Debug[12:12:40]: "RX_ERR(+802ms):RX Data without end char" 
Debug[12:12:40]: log_breakpoint 
Debug[12:12:40]: 5 
Debug[12:12:40]: signal in logmode 
Debug[12:12:40]: "UART-UART RX(+0ms):No end char:" 
Debug[12:12:40]: log_breakpoint 
Debug[12:12:40]: 5 
Debug[12:12:41]: signal in logmode 
Debug[12:12:41]: "RX_ERR(+802ms):RX Data without end char" 
Debug[12:12:41]: log_breakpoint 
Debug[12:12:41]: 5 
Debug[12:12:41]: signal in logmode 
Debug[12:12:41]: "UART-UART RX(+1ms):No end char:" 
Debug[12:12:41]: log_breakpoint 
Debug[12:12:41]: 5 
Debug[12:12:42]: signal in logmode 
Debug[12:12:42]: "RX_ERR(+802ms):RX Data without end char" 
Debug[12:12:42]: log_breakpoint 
Debug[12:12:42]: 5 
Debug[12:12:42]: signal in logmode 
Debug[12:12:42]: "UART-UART RX(+0ms):No end char:" 
Debug[12:12:42]: log_breakpoint 
Debug[12:12:42]: 5 
Debug[12:12:42]: signal in logmode 
Debug[12:12:42]: "RX_ERR(+802ms):RX Data without end char" 
Debug[12:12:42]: log_breakpoint 
Debug[12:12:42]: 5 
Debug[12:12:42]: signal in logmode 
Debug[12:12:42]: "UART-UART RX(+1ms):No end char:" 
Debug[12:12:42]: log_breakpoint 
Debug[12:12:42]: 5 
Debug[12:12:43]: signal in logmode 
Debug[12:12:43]: "RX_ERR(+802ms):RX Data without end char" 
Debug[12:12:43]: log_breakpoint 
Debug[12:12:43]: 5 
Debug[12:12:43]: signal in logmode 
Debug[12:12:43]: "UART-UART RX(+1ms):No end char:" 
Debug[12:12:43]: log_breakpoint 
Debug[12:12:43]: 5 
Debug[12:12:44]: signal in logmode 
Debug[12:12:44]: "RX_ERR(+801ms):RX Data without end char" 
Debug[12:12:44]: log_breakpoint 
Debug[12:12:44]: 5 
Debug[12:12:44]: signal in logmode 
Debug[12:12:44]: "UART-UART RX(+1ms):No end char:" 
Debug[12:12:44]: log_breakpoint 
Debug[12:12:44]: 5 
Debug[12:12:45]: signal in logmode 
Debug[12:12:45]: "RX_ERR(+801ms):RX Data without end char" 
Debug[12:12:45]: log_breakpoint 
Debug[12:12:45]: 5 
Debug[12:12:45]: signal in logmode 
Debug[12:12:45]: "UART-UART RX(+1ms):No end char:" 
Debug[12:12:45]: log_breakpoint 
Debug[12:12:45]: 5 
Debug[12:12:46]: signal in logmode 
Debug[12:12:46]: "RX_ERR(+806ms):RX Data without end char" 
Debug[12:12:46]: log_breakpoint 
Debug[12:12:46]: 5 
Debug[12:12:46]: signal in logmode 
Debug[12:12:46]: "UART-UART RX(+0ms):No end char:" 
Debug[12:12:46]: log_breakpoint 
Debug[12:12:46]: 5 
Debug[12:12:46]: signal in logmode 
Debug[12:12:46]: "RX_ERR(+801ms):RX Data without end char" 
Debug[12:12:46]: log_breakpoint 
Debug[12:12:46]: 5 
Debug[12:12:46]: signal in logmode 
Debug[12:12:46]: "UART-UART RX(+1ms):No end char:" 
Debug[12:12:46]: log_breakpoint 
Debug[12:12:46]: 5 
Debug[12:12:47]: signal in logmode 
Debug[12:12:47]: "RX_ERR(+801ms):RX Data without end char" 
Debug[12:12:47]: log_breakpoint 
Debug[12:12:47]: 5 
Debug[12:12:47]: signal in logmode 
Debug[12:12:47]: "UART-UART RX(+0ms):No end char:" 
Debug[12:12:47]: log_breakpoint 
Debug[12:12:47]: 5 
Debug[12:12:48]: signal in logmode 
Debug[12:12:48]: "RX_ERR(+801ms):RX Data without end char" 
Debug[12:12:48]: log_breakpoint 
Debug[12:12:48]: 5 
Debug[12:12:48]: signal in logmode 
Debug[12:12:48]: "UART-UART RX(+0ms):No end char:" 
Debug[12:12:48]: log_breakpoint 
Debug[12:12:48]: 5 
Debug[12:12:49]: signal in logmode 
Debug[12:12:49]: "RX_ERR(+801ms):RX Data without end char" 
Debug[12:12:49]: log_breakpoint 
Debug[12:12:49]: 5 
Debug[12:12:49]: signal in logmode 
Debug[12:12:49]: "UART-UART RX(+1ms):No end char:" 
Debug[12:12:49]: log_breakpoint 
Debug[12:12:49]: 5 
Debug[12:12:50]: signal in logmode 
Debug[12:12:50]: "RX_ERR(+802ms):RX Data without end char" 
Debug[12:12:50]: log_breakpoint 
Debug[12:12:50]: 5 
Debug[12:12:50]: signal in logmode 
Debug[12:12:50]: "UART-UART RX(+1ms):No end char:" 
Debug[12:12:50]: log_breakpoint 
Debug[12:12:50]: 5 
Debug[12:12:50]: signal in logmode 
Debug[12:12:50]: "RX_ERR(+802ms):RX Data without end char" 
Debug[12:12:50]: log_breakpoint 
Debug[12:12:50]: 5 
Debug[12:12:50]: signal in logmode 
Debug[12:12:50]: "UART-UART RX(+2ms):No end char:" 
Debug[12:12:50]: log_breakpoint 
Debug[12:12:50]: 5 
Debug[12:12:51]: signal in logmode 
Debug[12:12:51]: "RX_ERR(+811ms):RX Data without end char" 
Debug[12:12:51]: log_breakpoint 
Debug[12:12:51]: 5 
Debug[12:12:51]: signal in logmode 
Debug[12:12:51]: "UART-UART RX(+1ms):No end char:" 
Debug[12:12:51]: log_breakpoint 
Debug[12:12:51]: 5 
Debug[12:12:52]: signal in logmode 
Debug[12:12:52]: "RX_ERR(+801ms):RX Data without end char" 
Debug[12:12:52]: log_breakpoint 
Debug[12:12:52]: 5 
Debug[12:12:52]: signal in logmode 
Debug[12:12:52]: "UART-UART RX(+1ms):No end char:" 
Debug[12:12:52]: log_breakpoint 
Debug[12:12:52]: 5 
Debug[12:12:53]: signal in logmode 
Debug[12:12:53]: "RX_ERR(+803ms):RX Data without end char" 
Debug[12:12:53]: log_breakpoint 
Debug[12:12:53]: 5 
Debug[12:12:53]: signal in logmode 
Debug[12:12:53]: "UART-UART RX(+0ms):No end char:" 
Debug[12:12:53]: log_breakpoint 
Debug[12:12:53]: 5 
Debug[12:12:54]: signal in logmode 
Debug[12:12:54]: "RX_ERR(+802ms):RX Data without end char" 
Debug[12:12:54]: log_breakpoint 
Debug[12:12:54]: 5 
Debug[12:12:54]: signal in logmode 
Debug[12:12:54]: "UART-UART RX(+0ms):No end char:" 
Debug[12:12:54]: log_breakpoint 
Debug[12:12:54]: 5 
Debug[12:12:54]: signal in logmode 
Debug[12:12:54]: "RX_ERR(+802ms):RX Data without end char" 
Debug[12:12:54]: log_breakpoint 
Debug[12:12:54]: 5 
Debug[12:12:54]: signal in logmode 
Debug[12:12:54]: "UART-UART RX(+2ms):No end char:" 
Debug[12:12:54]: log_breakpoint 
Debug[12:12:54]: 5 
Debug[12:12:55]: signal in logmode 
Debug[12:12:55]: "RX_ERR(+802ms):RX Data without end char" 
Debug[12:12:55]: log_breakpoint 
Debug[12:12:55]: 5 
Debug[12:12:55]: signal in logmode 
Debug[12:12:55]: "UART-UART RX(+1ms):No end char:" 
Debug[12:12:55]: log_breakpoint 
Debug[12:12:55]: 5 
Debug[12:12:56]: signal in logmode 
Debug[12:12:56]: "RX_ERR(+801ms):RX Data without end char" 
Debug[12:12:56]: log_breakpoint 
Debug[12:12:56]: 5 
Debug[12:12:56]: signal in logmode 
Debug[12:12:56]: "UART-UART RX(+1ms):No end char:" 
Debug[12:12:56]: log_breakpoint 
Debug[12:12:56]: 5 
Debug[12:12:57]: signal in logmode 
Debug[12:12:57]: "RX_ERR(+802ms):RX Data without end char" 
Debug[12:12:57]: log_breakpoint 
Debug[12:12:57]: 5 
Debug[12:12:57]: signal in logmode 
Debug[12:12:57]: "UART-UART RX(+0ms):No end char:" 
Debug[12:12:57]: log_breakpoint 
Debug[12:12:57]: 5 
Debug[12:12:58]: signal in logmode 
Debug[12:12:58]: "RX_ERR(+802ms):RX Data without end char" 
Debug[12:12:58]: log_breakpoint 
Debug[12:12:58]: 5 
Debug[12:12:58]: signal in logmode 
Debug[12:12:58]: "UART-UART RX(+1ms):No end char:" 
Debug[12:12:58]: log_breakpoint 
Debug[12:12:58]: 5 
Debug[12:12:59]: signal in logmode 
Debug[12:12:59]: "RX_ERR(+802ms):RX Data without end char" 
Debug[12:12:59]: log_breakpoint 
Debug[12:12:59]: 5 
Debug[12:12:59]: signal in logmode 
Debug[12:12:59]: "UART-UART RX(+1ms):No end char:" 
Debug[12:12:59]: log_breakpoint 
Debug[12:12:59]: 5 
Debug[12:12:59]: signal in logmode 
Debug[12:12:59]: "RX_ERR(+801ms):RX Data without end char" 
Debug[12:12:59]: log_breakpoint 
Debug[12:12:59]: 5 
Debug[12:12:59]: signal in logmode 
Debug[12:12:59]: "UART-UART RX(+0ms):No end char:" 
Debug[12:12:59]: log_breakpoint 
Debug[12:12:59]: 5 
Debug[12:13:00]: signal in logmode 
Debug[12:13:00]: "RX_ERR(+801ms):RX Data without end char" 
Debug[12:13:00]: log_breakpoint 
Debug[12:13:00]: 5 
Debug[12:13:00]: signal in logmode 
Debug[12:13:00]: "UART-UART RX(+1ms):No end char:" 
Debug[12:13:00]: log_breakpoint 
Debug[12:13:00]: 5 
Debug[12:13:01]: signal in logmode 
Debug[12:13:01]: "RX_ERR(+801ms):RX Data without end char" 
Debug[12:13:01]: log_breakpoint 
Debug[12:13:01]: 5 
Debug[12:13:01]: signal in logmode 
Debug[12:13:01]: "UART-UART RX(+0ms):No end char:" 
Debug[12:13:01]: log_breakpoint 
Debug[12:13:01]: 5 
Debug[12:13:02]: signal in logmode 
Debug[12:13:02]: "RX_ERR(+801ms):RX Data without end char" 
Debug[12:13:02]: log_breakpoint 
Debug[12:13:02]: 5 
Debug[12:13:02]: signal in logmode 
Debug[12:13:02]: "UART-UART RX(+1ms):No end char:" 
Debug[12:13:02]: log_breakpoint 
Debug[12:13:02]: 5 
Debug[12:13:03]: signal in logmode 
Debug[12:13:03]: "RX_ERR(+801ms):RX Data without end char" 
Debug[12:13:03]: log_breakpoint 
Debug[12:13:03]: 5 
Debug[12:13:03]: signal in logmode 
Debug[12:13:03]: "UART-UART RX(+1ms):No end char:" 
Debug[12:13:03]: log_breakpoint 
Debug[12:13:03]: 5 
Debug[12:13:03]: signal in logmode 
Debug[12:13:03]: "RX_ERR(+801ms):RX Data without end char" 
Debug[12:13:03]: log_breakpoint 
Debug[12:13:03]: 5 
Debug[12:13:03]: signal in logmode 
Debug[12:13:03]: "UART-UART RX(+1ms):No end char:" 
Debug[12:13:03]: log_breakpoint 
Debug[12:13:03]: 5 
Debug[12:13:04]: signal in logmode 
Debug[12:13:04]: "RX_ERR(+803ms):RX Data without end char" 
Debug[12:13:04]: log_breakpoint 
Debug[12:13:04]: 5 
Debug[12:13:04]: signal in logmode 
Debug[12:13:04]: "UART-UART RX(+1ms):No end char:" 
Debug[12:13:04]: log_breakpoint 
Debug[12:13:04]: 5 
Debug[12:13:05]: signal in logmode 
Debug[12:13:05]: "RX_ERR(+801ms):RX Data without end char" 
Debug[12:13:05]: log_breakpoint 
Debug[12:13:05]: 5 
Debug[12:13:05]: signal in logmode 
Debug[12:13:05]: "UART-UART RX(+1ms):No end char:" 
Debug[12:13:05]: log_breakpoint 
Debug[12:13:05]: 5 
Debug[12:13:06]: signal in logmode 
Debug[12:13:06]: "RX_ERR(+801ms):RX Data without end char" 
Debug[12:13:06]: log_breakpoint 
Debug[12:13:06]: 5 
Debug[12:13:06]: signal in logmode 
Debug[12:13:06]: "UART-UART RX(+2ms):No end char:" 
Debug[12:13:06]: log_breakpoint 
Debug[12:13:06]: 5 
Debug[12:13:07]: signal in logmode 
Debug[12:13:07]: "RX_ERR(+801ms):RX Data without end char" 
Debug[12:13:07]: log_breakpoint 
Debug[12:13:07]: 5 
Debug[12:13:07]: signal in logmode 
Debug[12:13:07]: "UART-UART RX(+0ms):No end char:" 
Debug[12:13:07]: log_breakpoint 
Debug[12:13:07]: 5 
Debug[12:13:07]: signal in logmode 
Debug[12:13:07]: "RX_ERR(+801ms):RX Data without end char" 
Debug[12:13:07]: log_breakpoint 
Debug[12:13:07]: 5 
Debug[12:13:07]: signal in logmode 
Debug[12:13:07]: "UART-UART RX(+1ms):No end char:" 
Debug[12:13:07]: log_breakpoint 
Debug[12:13:07]: 5 
Debug[12:13:08]: signal in logmode 
Debug[12:13:08]: "RX_ERR(+801ms):RX Data without end char" 
Debug[12:13:08]: log_breakpoint 
Debug[12:13:08]: 5 
Debug[12:13:08]: signal in logmode 
Debug[12:13:08]: "UART-UART RX(+1ms):No end char:" 
Debug[12:13:08]: log_breakpoint 
Debug[12:13:08]: 5 
Debug[12:13:09]: signal in logmode 
Debug[12:13:09]: "RX_ERR(+801ms):RX Data without end char" 
Debug[12:13:09]: log_breakpoint 
Debug[12:13:09]: 5 
Debug[12:13:09]: signal in logmode 
Debug[12:13:09]: "UART-UART RX(+1ms):No end char:" 
Debug[12:13:09]: log_breakpoint 
Debug[12:13:09]: 5 
Debug[12:13:10]: signal in logmode 
Debug[12:13:10]: "RX_ERR(+802ms):RX Data without end char" 
Debug[12:13:10]: log_breakpoint 
Debug[12:13:10]: 5 
Debug[12:13:10]: signal in logmode 
Debug[12:13:10]: "UART-UART RX(+1ms):No end char:" 
Debug[12:13:10]: log_breakpoint 
Debug[12:13:10]: 5 
Debug[12:13:11]: signal in logmode 
Debug[12:13:11]: "RX_ERR(+803ms):RX Data without end char" 
Debug[12:13:11]: log_breakpoint 
Debug[12:13:11]: 5 
Debug[12:13:11]: signal in logmode 
Debug[12:13:11]: "UART-UART RX(+1ms):No end char:" 
Debug[12:13:11]: log_breakpoint 
Debug[12:13:11]: 5 
Debug[12:13:11]: signal in logmode 
Debug[12:13:11]: "RX_ERR(+801ms):RX Data without end char" 
Debug[12:13:11]: log_breakpoint 
Debug[12:13:11]: 5 
Debug[12:13:11]: signal in logmode 
Debug[12:13:11]: "UART-UART RX(+1ms):No end char:" 
Debug[12:13:11]: log_breakpoint 
Debug[12:13:11]: 5 
Debug[12:13:12]: signal in logmode 
Debug[12:13:12]: "RX_ERR(+801ms):RX Data without end char" 
Debug[12:13:12]: log_breakpoint 
Debug[12:13:12]: 5 
Debug[12:13:12]: signal in logmode 
Debug[12:13:12]: "UART-UART RX(+0ms):No end char:" 
Debug[12:13:12]: log_breakpoint 
Debug[12:13:12]: 5 
Debug[12:13:13]: signal in logmode 
Debug[12:13:13]: "RX_ERR(+801ms):RX Data without end char" 
Debug[12:13:13]: log_breakpoint 
Debug[12:13:13]: 5 
Debug[12:13:13]: signal in logmode 
Debug[12:13:13]: "UART-UART RX(+1ms):No end char:" 
Debug[12:13:13]: log_breakpoint 
Debug[12:13:13]: 5 
Debug[12:13:14]: signal in logmode 
Debug[12:13:14]: "RX_ERR(+801ms):RX Data without end char" 
Debug[12:13:14]: log_breakpoint 
Debug[12:13:14]: 5 
Debug[12:13:14]: signal in logmode 
Debug[12:13:14]: "UART-UART RX(+0ms):No end char:" 
Debug[12:13:14]: log_breakpoint 
Debug[12:13:14]: 5 
Debug[12:13:15]: signal in logmode 
Debug[12:13:15]: "RX_ERR(+802ms):RX Data without end char" 
Debug[12:13:15]: log_breakpoint 
Debug[12:13:15]: 5 
Debug[12:13:15]: signal in logmode 
Debug[12:13:15]: "UART-UART RX(+0ms):No end char:" 
Debug[12:13:15]: log_breakpoint 
Debug[12:13:15]: 5 
Debug[12:13:15]: signal in logmode 
Debug[12:13:15]: "RX_ERR(+801ms):RX Data without end char" 
Debug[12:13:15]: log_breakpoint 
Debug[12:13:15]: 5 
Debug[12:13:15]: signal in logmode 
Debug[12:13:15]: "UART-UART RX(+0ms):No end char:" 
Debug[12:13:15]: log_breakpoint 
Debug[12:13:15]: 5 
Debug[12:13:16]: signal in logmode 
Debug[12:13:16]: "RX_ERR(+801ms):RX Data without end char" 
Debug[12:13:16]: log_breakpoint 
Debug[12:13:16]: 5 
Debug[12:13:16]: signal in logmode 
Debug[12:13:16]: "UART-UART RX(+0ms):No end char:" 
Debug[12:13:16]: log_breakpoint 
Debug[12:13:16]: 5 
Warning[12:14:23]: QObject::connect: Cannot connect LocalServer::log(int,QString) to (null)::slot_addLog(int,QString)
Debug[12:14:23]: LocalServer:new "\\.\pipe\DSI3PAS" 
Debug[12:14:23]: Register specific 
Debug[12:14:24]: DynScaleCaclulate 
Debug[12:14:24]: "init 2 UartUartController" 
Debug[12:14:24]: Ok 
Debug[12:14:24]: "init 3 UartSpiController" 
Debug[12:14:24]: Ok 
Debug[12:14:24]: "init 4 UartSsiController" 
Debug[12:14:24]: Ok 
Debug[12:14:24]: "init 5 DSI3Master" 
Debug[12:14:24]: Ok 
Debug[12:14:24]: "init 6 ASICMaster" 
Debug[12:14:24]: Ok 
Debug[12:14:24]: "init 7 RDUMMaster" 
Debug[12:14:24]: Ok 
Debug[12:14:24]: "init 8 DSI3Slave" 
Debug[12:14:24]: Ok 
Debug[12:14:24]: "init 9 Measurement" 
Debug[12:14:25]: Ok 
Debug[12:14:25]: "init 10 CFARsim" 
Debug[12:14:25]: Ok 
Debug[12:14:25]: MainApp Starting... 
Debug[12:14:26]: Add applets to MainWindow...
 
Debug[12:14:26]: Initialize Connection... 
Debug[12:14:26]: signal in logmode 
Debug[12:14:26]: "INF(12:14:26.748):Mode is OK" 
Debug[12:14:26]: log_breakpoint 
Debug[12:14:26]: 5 
Debug[12:14:26]: signal in logmode 
Debug[12:14:26]: "INF(12:14:26.750):Attempt" 
Debug[12:14:26]: log_breakpoint 
Debug[12:14:26]: 5 
Debug[12:14:27]: signal in logmode 
Debug[12:14:27]: "INF(12:14:27.060):Attempt" 
Debug[12:14:27]: log_breakpoint 
Debug[12:14:27]: 5 
Debug[12:14:27]: signal in logmode 
Debug[12:14:27]: "INF(12:14:27.371):Attempt" 
Debug[12:14:27]: log_breakpoint 
Debug[12:14:27]: 5 
Debug[12:14:27]: signal in logmode 
Debug[12:14:27]: "INF(12:14:27.683):Mode is OK" 
Debug[12:14:27]: log_breakpoint 
Debug[12:14:27]: 5 
Debug[12:14:27]: signal in logmode 
Debug[12:14:27]: "INF(12:14:27.687):Attempt" 
Debug[12:14:27]: log_breakpoint 
Debug[12:14:27]: 5 
Debug[12:14:27]: signal in logmode 
Debug[12:14:27]: "INF(12:14:27.993):Attempt" 
Debug[12:14:27]: log_breakpoint 
Debug[12:14:27]: 5 
Debug[12:14:28]: signal in logmode 
Debug[12:14:28]: "INF(12:14:28.307):Attempt" 
Debug[12:14:28]: log_breakpoint 
Debug[12:14:28]: 5 
Debug[12:14:28]: signal in logmode 
Debug[12:14:28]: "INF(12:14:28.619):Mode is OK" 
Debug[12:14:28]: log_breakpoint 
Debug[12:14:28]: 5 
Debug[12:14:28]: signal in logmode 
Debug[12:14:28]: "INF(12:14:28.622):Attempt" 
Debug[12:14:28]: log_breakpoint 
Debug[12:14:28]: 5 
Debug[12:14:28]: signal in logmode 
Debug[12:14:28]: "INF(12:14:28.776):Mode is OK" 
Debug[12:14:28]: log_breakpoint 
Debug[12:14:28]: 5 
Debug[12:14:28]: signal in logmode 
Debug[12:14:28]: "INF(12:14:28.778):Attempt" 
Debug[12:14:28]: log_breakpoint 
Debug[12:14:28]: 5 
Debug[12:14:29]: signal in logmode 
Debug[12:14:29]: "INF(12:14:29.085):Attempt" 
Debug[12:14:29]: log_breakpoint 
Debug[12:14:29]: 5 
Debug[12:14:29]: signal in logmode 
Debug[12:14:29]: "INF(12:14:29.396):Attempt" 
Debug[12:14:29]: log_breakpoint 
Debug[12:14:29]: 5 
Debug[12:14:29]: signal in logmode 
Debug[12:14:29]: "INF(12:14:29.707):Mode is OK" 
Debug[12:14:29]: log_breakpoint 
Debug[12:14:29]: 5 
Debug[12:14:29]: signal in logmode 
Debug[12:14:29]: "INF(12:14:29.708):Attempt" 
Debug[12:14:29]: log_breakpoint 
Debug[12:14:29]: 5 
Debug[12:14:30]: signal in logmode 
Debug[12:14:30]: "INF(12:14:30.020):Attempt" 
Debug[12:14:30]: log_breakpoint 
Debug[12:14:30]: 5 
Debug[12:14:30]: signal in logmode 
Debug[12:14:30]: "INF(12:14:30.331):Attempt" 
Debug[12:14:30]: log_breakpoint 
Debug[12:14:30]: 5 
Debug[12:14:30]: signal in logmode 
Debug[12:14:30]: "INF(12:14:30.641):Mode is OK" 
Debug[12:14:30]: log_breakpoint 
Debug[12:14:30]: 5 
Debug[12:14:30]: signal in logmode 
Debug[12:14:30]: "INF(12:14:30.642):Attempt" 
Debug[12:14:30]: log_breakpoint 
Debug[12:14:30]: 5 
Debug[12:14:30]: signal in logmode 
Debug[12:14:30]: "INF(12:14:30.955):Attempt" 
Debug[12:14:30]: log_breakpoint 
Debug[12:14:30]: 5 
Debug[12:14:31]: signal in logmode 
Debug[12:14:31]: "INF(12:14:31.265):Attempt" 
Debug[12:14:31]: log_breakpoint 
Debug[12:14:31]: 5 
Warning[12:14:31]: QFileSystemWatcher: failed to add paths: C:/REPO/DSI3PAS2_workingdir/DSI3PAS2/Software/bin/ULSEverification_configfiles, C:/REPO/DSI3PAS2_workingdir/DSI3PAS2/Software/bin/ConfigFiles_29_1_2021_Jiri_MOBIS, C:/Users/fg6cnq/Desktop/DSI3PAS2_UART_QtSW_20210129_1511, C:/Users/zbdn9w/Desktop/Temp/CFAR QT uprava ToF, C:/Users/zbdn9w/Desktop/Temp/CFAR QT Komprimace do CSV, U:/Dokumenty/MOBIS/Crosstalk 11-2021
Debug[12:14:35]: signal in logmode 
Debug[12:14:35]: "INF(12:14:35.478):Mode is OK" 
Debug[12:14:35]: log_breakpoint 
Debug[12:14:35]: 5 
Debug[12:14:35]: signal in logmode 
Debug[12:14:35]: "INF(12:14:35.479):Attempt" 
Debug[12:14:35]: log_breakpoint 
Debug[12:14:35]: 5 
Debug[12:14:35]: signal in logmode 
Debug[12:14:35]: "INF(12:14:35.786):Attempt" 
Debug[12:14:35]: log_breakpoint 
Debug[12:14:35]: 5 
Debug[12:14:36]: signal in logmode 
Debug[12:14:36]: "INF(12:14:36.096):Attempt" 
Debug[12:14:36]: log_breakpoint 
Debug[12:14:36]: 5 
Debug[12:14:36]: signal in logmode 
Debug[12:14:36]: "INF(12:14:36.409):Mode is OK" 
Debug[12:14:36]: log_breakpoint 
Debug[12:14:36]: 5 
Debug[12:14:36]: signal in logmode 
Debug[12:14:36]: "INF(12:14:36.412):Attempt" 
Debug[12:14:36]: log_breakpoint 
Debug[12:14:36]: 5 
Debug[12:14:36]: signal in logmode 
Debug[12:14:36]: "INF(12:14:36.719):Attempt" 
Debug[12:14:36]: log_breakpoint 
Debug[12:14:36]: 5 
Debug[12:14:37]: signal in logmode 
Debug[12:14:37]: "INF(12:14:37.031):Attempt" 
Debug[12:14:37]: log_breakpoint 
Debug[12:14:37]: 5 
Debug[12:14:37]: signal in logmode 
Debug[12:14:37]: "INF(12:14:37.340):Mode is OK" 
Debug[12:14:37]: log_breakpoint 
Debug[12:14:37]: 5 
Debug[12:14:37]: signal in logmode 
Debug[12:14:37]: "INF(12:14:37.342):Attempt" 
Debug[12:14:37]: log_breakpoint 
Debug[12:14:37]: 5 
Debug[12:14:37]: signal in logmode 
Debug[12:14:37]: "INF(12:14:37.348):RDUM master connected" 
Debug[12:14:37]: log_breakpoint 
Debug[12:14:37]: 5 
Debug[12:14:37]: signal in logmode 
Debug[12:14:37]: "INF(12:14:37.350):Connected to \\.\COM32" 
Debug[12:14:37]: log_breakpoint 
Debug[12:14:37]: 5 
Warning[12:14:37]: Could not parse stylesheet of widget 0x3563b10
Debug[12:14:37]: "Resume:Logs" 
Debug[12:14:37]: "Resume:Settings" 
Debug[12:14:37]: "Resume:UartUartController" 
Debug[12:14:37]: "Resume:UartSpiController" 
Debug[12:14:37]: "Resume:UartSsiController" 
Debug[12:14:37]: "Resume:DSI3Master" 
Debug[12:14:37]: "Resume:ASICMaster" 
Debug[12:14:37]: "Resume:RDUMMaster" 
Debug[12:14:37]: "Resume:DSI3Slave" 
Debug[12:14:37]: "Resume:Measurement" 
Debug[12:14:37]: "Resume:CFARsim" 
Debug[12:56:14]: "Suspend:Settings" 
Debug[12:56:14]: "Suspend:UartUartController" 
Debug[12:56:14]: "Suspend:UartSpiController" 
Debug[12:56:14]: "Suspend:UartSsiController" 
Debug[12:56:14]: "Suspend:DSI3Master" 
Debug[12:56:14]: "Suspend:ASICMaster" 
Debug[12:56:14]: "Suspend:RDUMMaster" 
Debug[12:56:14]: "Suspend:DSI3Slave" 
Debug[12:56:14]: "Suspend:Measurement" 
Debug[12:56:14]: "Suspend:CFARsim" 
Debug[12:56:14]: signal in logmode 
Debug[12:56:14]: "INF(12:56:14.261):Disconnect by user" 
Debug[12:56:14]: log_breakpoint 
Debug[12:56:14]: 5 
Debug[12:56:14]: signal in logmode 
Debug[12:56:14]: "INF(12:56:14.397):Disconnect by user" 
Debug[12:56:14]: log_breakpoint 
Debug[12:56:14]: 5 
Warning[12:56:20]: QObject::connect: Cannot connect LocalServer::log(int,QString) to (null)::slot_addLog(int,QString)
Debug[12:56:20]: LocalServer:new "\\.\pipe\DSI3PAS" 
Debug[12:56:20]: Register specific 
Debug[12:56:21]: DynScaleCaclulate 
Debug[12:56:21]: "init 2 UartUartController" 
Debug[12:56:21]: Ok 
Debug[12:56:21]: "init 3 UartSpiController" 
Debug[12:56:21]: Ok 
Debug[12:56:21]: "init 4 UartSsiController" 
Debug[12:56:21]: Ok 
Debug[12:56:21]: "init 5 DSI3Master" 
Debug[12:56:21]: Ok 
Debug[12:56:21]: "init 6 ASICMaster" 
Debug[12:56:21]: Ok 
Debug[12:56:21]: "init 7 RDUMMaster" 
Debug[12:56:21]: Ok 
Debug[12:56:21]: "init 8 DSI3Slave" 
Debug[12:56:22]: Ok 
Debug[12:56:22]: "init 9 Measurement" 
Debug[12:56:22]: Ok 
Debug[12:56:22]: "init 10 CFARsim" 
Debug[12:56:22]: Ok 
Debug[12:56:22]: MainApp Starting... 
Debug[12:56:23]: Add applets to MainWindow...
 
Debug[12:56:23]: Initialize Connection... 
Debug[12:56:24]: signal in logmode 
Debug[12:56:24]: "INF(12:56:24.030):Mode is OK" 
Debug[12:56:24]: log_breakpoint 
Debug[12:56:24]: 5 
Debug[12:56:24]: signal in logmode 
Debug[12:56:24]: "INF(12:56:24.032):Attempt" 
Debug[12:56:24]: log_breakpoint 
Debug[12:56:24]: 5 
Debug[12:56:24]: signal in logmode 
Debug[12:56:24]: "INF(12:56:24.339):Attempt" 
Debug[12:56:24]: log_breakpoint 
Debug[12:56:24]: 5 
Debug[12:56:24]: signal in logmode 
Debug[12:56:24]: "INF(12:56:24.649):Attempt" 
Debug[12:56:24]: log_breakpoint 
Debug[12:56:24]: 5 
Debug[12:56:24]: signal in logmode 
Debug[12:56:24]: "INF(12:56:24.962):Mode is OK" 
Debug[12:56:24]: log_breakpoint 
Debug[12:56:24]: 5 
Debug[12:56:24]: signal in logmode 
Debug[12:56:24]: "INF(12:56:24.966):Attempt" 
Debug[12:56:24]: log_breakpoint 
Debug[12:56:24]: 5 
Debug[12:56:25]: signal in logmode 
Debug[12:56:25]: "INF(12:56:25.274):Attempt" 
Debug[12:56:25]: log_breakpoint 
Debug[12:56:25]: 5 
Debug[12:56:25]: signal in logmode 
Debug[12:56:25]: "INF(12:56:25.586):Attempt" 
Debug[12:56:25]: log_breakpoint 
Debug[12:56:25]: 5 
Debug[12:56:25]: signal in logmode 
Debug[12:56:25]: "INF(12:56:25.899):Mode is OK" 
Debug[12:56:25]: log_breakpoint 
Debug[12:56:25]: 5 
Debug[12:56:25]: signal in logmode 
Debug[12:56:25]: "INF(12:56:25.902):Attempt" 
Debug[12:56:25]: log_breakpoint 
Debug[12:56:25]: 5 
Debug[12:56:26]: signal in logmode 
Debug[12:56:26]: "INF(12:56:26.057):Mode is OK" 
Debug[12:56:26]: log_breakpoint 
Debug[12:56:26]: 5 
Debug[12:56:26]: signal in logmode 
Debug[12:56:26]: "INF(12:56:26.061):Attempt" 
Debug[12:56:26]: log_breakpoint 
Debug[12:56:26]: 5 
Debug[12:56:26]: signal in logmode 
Debug[12:56:26]: "INF(12:56:26.380):Attempt" 
Debug[12:56:26]: log_breakpoint 
Debug[12:56:26]: 5 
Debug[12:56:26]: signal in logmode 
Debug[12:56:26]: "INF(12:56:26.691):Attempt" 
Debug[12:56:26]: log_breakpoint 
Debug[12:56:26]: 5 
Debug[12:56:27]: signal in logmode 
Debug[12:56:27]: "INF(12:56:27.001):Mode is OK" 
Debug[12:56:27]: log_breakpoint 
Debug[12:56:27]: 5 
Debug[12:56:27]: signal in logmode 
Debug[12:56:27]: "INF(12:56:27.005):Attempt" 
Debug[12:56:27]: log_breakpoint 
Debug[12:56:27]: 5 
Debug[12:56:27]: signal in logmode 
Debug[12:56:27]: "INF(12:56:27.312):Attempt" 
Debug[12:56:27]: log_breakpoint 
Debug[12:56:27]: 5 
Debug[12:56:27]: signal in logmode 
Debug[12:56:27]: "INF(12:56:27.624):Attempt" 
Debug[12:56:27]: log_breakpoint 
Debug[12:56:27]: 5 
Debug[12:56:27]: signal in logmode 
Debug[12:56:27]: "INF(12:56:27.936):Mode is OK" 
Debug[12:56:27]: log_breakpoint 
Debug[12:56:27]: 5 
Debug[12:56:27]: signal in logmode 
Debug[12:56:27]: "INF(12:56:27.939):Attempt" 
Debug[12:56:27]: log_breakpoint 
Debug[12:56:27]: 5 
Debug[12:56:28]: signal in logmode 
Debug[12:56:28]: "INF(12:56:28.246):Attempt" 
Debug[12:56:28]: log_breakpoint 
Debug[12:56:28]: 5 
Debug[12:56:28]: signal in logmode 
Debug[12:56:28]: "INF(12:56:28.558):Attempt" 
Debug[12:56:28]: log_breakpoint 
Debug[12:56:28]: 5 
Warning[12:56:29]: QFileSystemWatcher: failed to add paths: C:/REPO/DSI3PAS2_workingdir/DSI3PAS2/Software/bin/ULSEverification_configfiles, C:/REPO/DSI3PAS2_workingdir/DSI3PAS2/Software/bin/ConfigFiles_29_1_2021_Jiri_MOBIS, C:/Users/fg6cnq/Desktop/DSI3PAS2_UART_QtSW_20210129_1511, C:/Users/zbdn9w/Desktop/Temp/CFAR QT uprava ToF, C:/Users/zbdn9w/Desktop/Temp/CFAR QT Komprimace do CSV, U:/Dokumenty/MOBIS/Crosstalk 11-2021
Debug[12:56:43]: signal in logmode 
Debug[12:56:43]: "INF(12:56:43.593):Mode is OK" 
Debug[12:56:43]: log_breakpoint 
Debug[12:56:43]: 5 
Debug[12:56:43]: signal in logmode 
Debug[12:56:43]: "INF(12:56:43.596):Attempt" 
Debug[12:56:43]: log_breakpoint 
Debug[12:56:43]: 5 
Debug[12:56:43]: signal in logmode 
Debug[12:56:43]: "INF(12:56:43.905):Attempt" 
Debug[12:56:43]: log_breakpoint 
Debug[12:56:43]: 5 
Debug[12:56:44]: signal in logmode 
Debug[12:56:44]: "INF(12:56:44.216):Attempt" 
Debug[12:56:44]: log_breakpoint 
Debug[12:56:44]: 5 
Debug[12:56:44]: signal in logmode 
Debug[12:56:44]: "INF(12:56:44.528):Mode is OK" 
Debug[12:56:44]: log_breakpoint 
Debug[12:56:44]: 5 
Debug[12:56:44]: signal in logmode 
Debug[12:56:44]: "INF(12:56:44.532):Attempt" 
Debug[12:56:44]: log_breakpoint 
Debug[12:56:44]: 5 
Debug[12:56:44]: signal in logmode 
Debug[12:56:44]: "INF(12:56:44.840):Attempt" 
Debug[12:56:44]: log_breakpoint 
Debug[12:56:44]: 5 
Debug[12:56:45]: signal in logmode 
Debug[12:56:45]: "INF(12:56:45.151):Attempt" 
Debug[12:56:45]: log_breakpoint 
Debug[12:56:45]: 5 
Debug[12:56:45]: signal in logmode 
Debug[12:56:45]: "INF(12:56:45.462):Mode is OK" 
Debug[12:56:45]: log_breakpoint 
Debug[12:56:45]: 5 
Debug[12:56:45]: signal in logmode 
Debug[12:56:45]: "INF(12:56:45.464):Attempt" 
Debug[12:56:45]: log_breakpoint 
Debug[12:56:45]: 5 
Debug[12:56:45]: signal in logmode 
Debug[12:56:45]: "INF(12:56:45.476):RDUM master connected" 
Debug[12:56:45]: log_breakpoint 
Debug[12:56:45]: 5 
Debug[12:56:45]: signal in logmode 
Debug[12:56:45]: "INF(12:56:45.479):Connected to \\.\COM32" 
Debug[12:56:45]: log_breakpoint 
Debug[12:56:45]: 5 
Warning[12:56:45]: Could not parse stylesheet of widget 0x2dd30b0
Debug[12:56:45]: "Resume:Logs" 
Debug[12:56:45]: "Resume:Settings" 
Debug[12:56:45]: "Resume:UartUartController" 
Debug[12:56:45]: "Resume:UartSpiController" 
Debug[12:56:45]: "Resume:UartSsiController" 
Debug[12:56:45]: "Resume:DSI3Master" 
Debug[12:56:45]: "Resume:ASICMaster" 
Debug[12:56:45]: "Resume:RDUMMaster" 
Debug[12:56:45]: "Resume:DSI3Slave" 
Debug[12:56:45]: "Resume:Measurement" 
Debug[12:56:45]: "Resume:CFARsim" 
Debug[12:59:20]: "Suspend:Settings" 
Debug[12:59:20]: "Suspend:UartUartController" 
Debug[12:59:20]: "Suspend:UartSpiController" 
Debug[12:59:20]: "Suspend:UartSsiController" 
Debug[12:59:20]: "Suspend:DSI3Master" 
Debug[12:59:20]: "Suspend:ASICMaster" 
Debug[12:59:20]: "Suspend:RDUMMaster" 
Debug[12:59:20]: "Suspend:DSI3Slave" 
Debug[12:59:20]: "Suspend:Measurement" 
Debug[12:59:20]: "Suspend:CFARsim" 
Debug[12:59:20]: signal in logmode 
Debug[12:59:20]: "INF(12:59:20.105):Disconnect by user" 
Debug[12:59:20]: log_breakpoint 
Debug[12:59:20]: 5 
Debug[12:59:20]: signal in logmode 
Debug[12:59:20]: "INF(12:59:20.127):Disconnect by user" 
Debug[12:59:20]: log_breakpoint 
Debug[12:59:20]: 5 
Warning[12:59:26]: QObject::connect: Cannot connect LocalServer::log(int,QString) to (null)::slot_addLog(int,QString)
Debug[12:59:26]: LocalServer:new "\\.\pipe\DSI3PAS" 
Debug[12:59:26]: Register specific 
Debug[12:59:26]: DynScaleCaclulate 
Debug[12:59:26]: "init 2 UartUartController" 
Debug[12:59:26]: Ok 
Debug[12:59:26]: "init 3 UartSpiController" 
Debug[12:59:26]: Ok 
Debug[12:59:26]: "init 4 UartSsiController" 
Debug[12:59:26]: Ok 
Debug[12:59:26]: "init 5 DSI3Master" 
Debug[12:59:26]: Ok 
Debug[12:59:26]: "init 6 ASICMaster" 
Debug[12:59:26]: Ok 
Debug[12:59:26]: "init 7 RDUMMaster" 
Debug[12:59:26]: Ok 
Debug[12:59:26]: "init 8 DSI3Slave" 
Debug[12:59:27]: Ok 
Debug[12:59:27]: "init 9 Measurement" 
Debug[12:59:28]: Ok 
Debug[12:59:28]: "init 10 CFARsim" 
Debug[12:59:28]: Ok 
Debug[12:59:28]: MainApp Starting... 
Debug[12:59:28]: Add applets to MainWindow...
 
Debug[12:59:28]: Initialize Connection... 
Debug[12:59:29]: signal in logmode 
Debug[12:59:29]: "INF(12:59:29.300):Mode is OK" 
Debug[12:59:29]: log_breakpoint 
Debug[12:59:29]: 5 
Debug[12:59:29]: signal in logmode 
Debug[12:59:29]: "INF(12:59:29.301):Attempt" 
Debug[12:59:29]: log_breakpoint 
Debug[12:59:29]: 5 
Debug[12:59:29]: signal in logmode 
Debug[12:59:29]: "INF(12:59:29.610):Attempt" 
Debug[12:59:29]: log_breakpoint 
Debug[12:59:29]: 5 
Debug[12:59:29]: signal in logmode 
Debug[12:59:29]: "INF(12:59:29.922):Attempt" 
Debug[12:59:29]: log_breakpoint 
Debug[12:59:29]: 5 
Debug[12:59:30]: signal in logmode 
Debug[12:59:30]: "INF(12:59:30.233):Mode is OK" 
Debug[12:59:30]: log_breakpoint 
Debug[12:59:30]: 5 
Debug[12:59:30]: signal in logmode 
Debug[12:59:30]: "INF(12:59:30.236):Attempt" 
Debug[12:59:30]: log_breakpoint 
Debug[12:59:30]: 5 
Debug[12:59:30]: signal in logmode 
Debug[12:59:30]: "INF(12:59:30.547):Attempt" 
Debug[12:59:30]: log_breakpoint 
Debug[12:59:30]: 5 
Debug[12:59:30]: signal in logmode 
Debug[12:59:30]: "INF(12:59:30.860):Attempt" 
Debug[12:59:30]: log_breakpoint 
Debug[12:59:30]: 5 
Debug[12:59:31]: signal in logmode 
Debug[12:59:31]: "INF(12:59:31.174):Mode is OK" 
Debug[12:59:31]: log_breakpoint 
Debug[12:59:31]: 5 
Debug[12:59:31]: signal in logmode 
Debug[12:59:31]: "INF(12:59:31.175):Attempt" 
Debug[12:59:31]: log_breakpoint 
Debug[12:59:31]: 5 
Debug[12:59:31]: signal in logmode 
Debug[12:59:31]: "INF(12:59:31.332):Mode is OK" 
Debug[12:59:31]: log_breakpoint 
Debug[12:59:31]: 5 
Debug[12:59:31]: signal in logmode 
Debug[12:59:31]: "INF(12:59:31.333):Attempt" 
Debug[12:59:31]: log_breakpoint 
Debug[12:59:31]: 5 
Debug[12:59:31]: signal in logmode 
Debug[12:59:31]: "INF(12:59:31.641):Attempt" 
Debug[12:59:31]: log_breakpoint 
Debug[12:59:31]: 5 
Debug[12:59:31]: signal in logmode 
Debug[12:59:31]: "INF(12:59:31.955):Attempt" 
Debug[12:59:31]: log_breakpoint 
Debug[12:59:31]: 5 
Debug[12:59:32]: signal in logmode 
Debug[12:59:32]: "INF(12:59:32.269):Mode is OK" 
Debug[12:59:32]: log_breakpoint 
Debug[12:59:32]: 5 
Debug[12:59:32]: signal in logmode 
Debug[12:59:32]: "INF(12:59:32.272):Attempt" 
Debug[12:59:32]: log_breakpoint 
Debug[12:59:32]: 5 
Debug[12:59:32]: signal in logmode 
Debug[12:59:32]: "INF(12:59:32.583):Attempt" 
Debug[12:59:32]: log_breakpoint 
Debug[12:59:32]: 5 
Debug[12:59:32]: signal in logmode 
Debug[12:59:32]: "INF(12:59:32.893):Attempt" 
Debug[12:59:32]: log_breakpoint 
Debug[12:59:32]: 5 
Debug[12:59:33]: signal in logmode 
Debug[12:59:33]: "INF(12:59:33.204):Mode is OK" 
Debug[12:59:33]: log_breakpoint 
Debug[12:59:33]: 5 
Debug[12:59:33]: signal in logmode 
Debug[12:59:33]: "INF(12:59:33.208):Attempt" 
Debug[12:59:33]: log_breakpoint 
Debug[12:59:33]: 5 
Debug[12:59:33]: signal in logmode 
Debug[12:59:33]: "INF(12:59:33.514):Attempt" 
Debug[12:59:33]: log_breakpoint 
Debug[12:59:33]: 5 
Debug[12:59:33]: signal in logmode 
Debug[12:59:33]: "INF(12:59:33.825):Attempt" 
Debug[12:59:33]: log_breakpoint 
Debug[12:59:33]: 5 
Warning[12:59:34]: QFileSystemWatcher: failed to add paths: C:/REPO/DSI3PAS2_workingdir/DSI3PAS2/Software/bin/ULSEverification_configfiles, C:/REPO/DSI3PAS2_workingdir/DSI3PAS2/Software/bin/ConfigFiles_29_1_2021_Jiri_MOBIS, C:/Users/fg6cnq/Desktop/DSI3PAS2_UART_QtSW_20210129_1511, C:/Users/zbdn9w/Desktop/Temp/CFAR QT uprava ToF, C:/Users/zbdn9w/Desktop/Temp/CFAR QT Komprimace do CSV, U:/Dokumenty/MOBIS/Crosstalk 11-2021
Debug[12:59:38]: signal in logmode 
Debug[12:59:38]: "INF(12:59:38.060):Mode is OK" 
Debug[12:59:38]: log_breakpoint 
Debug[12:59:38]: 5 
Debug[12:59:38]: signal in logmode 
Debug[12:59:38]: "INF(12:59:38.062):Attempt" 
Debug[12:59:38]: log_breakpoint 
Debug[12:59:38]: 5 
Debug[12:59:38]: signal in logmode 
Debug[12:59:38]: "INF(12:59:38.366):Attempt" 
Debug[12:59:38]: log_breakpoint 
Debug[12:59:38]: 5 
Debug[12:59:38]: signal in logmode 
Debug[12:59:38]: "INF(12:59:38.678):Attempt" 
Debug[12:59:38]: log_breakpoint 
Debug[12:59:38]: 5 
Debug[12:59:38]: signal in logmode 
Debug[12:59:38]: "INF(12:59:38.990):Mode is OK" 
Debug[12:59:38]: log_breakpoint 
Debug[12:59:38]: 5 
Debug[12:59:38]: signal in logmode 
Debug[12:59:38]: "INF(12:59:38.994):Attempt" 
Debug[12:59:38]: log_breakpoint 
Debug[12:59:38]: 5 
Debug[12:59:39]: signal in logmode 
Debug[12:59:39]: "INF(12:59:39.301):Attempt" 
Debug[12:59:39]: log_breakpoint 
Debug[12:59:39]: 5 
Debug[12:59:39]: signal in logmode 
Debug[12:59:39]: "INF(12:59:39.612):Attempt" 
Debug[12:59:39]: log_breakpoint 
Debug[12:59:39]: 5 
Debug[12:59:39]: signal in logmode 
Debug[12:59:39]: "INF(12:59:39.925):Mode is OK" 
Debug[12:59:39]: log_breakpoint 
Debug[12:59:39]: 5 
Debug[12:59:39]: signal in logmode 
Debug[12:59:39]: "INF(12:59:39.928):Attempt" 
Debug[12:59:39]: log_breakpoint 
Debug[12:59:39]: 5 
Debug[12:59:39]: signal in logmode 
Debug[12:59:39]: "INF(12:59:39.931):RDUM master connected" 
Debug[12:59:39]: log_breakpoint 
Debug[12:59:39]: 5 
Debug[12:59:39]: signal in logmode 
Debug[12:59:39]: "INF(12:59:39.933):Connected to \\.\COM32" 
Debug[12:59:39]: log_breakpoint 
Debug[12:59:39]: 5 
Warning[12:59:39]: Could not parse stylesheet of widget 0x3363a30
Debug[12:59:39]: "Resume:Logs" 
Debug[12:59:39]: "Resume:Settings" 
Debug[12:59:39]: "Resume:UartUartController" 
Debug[12:59:39]: "Resume:UartSpiController" 
Debug[12:59:39]: "Resume:UartSsiController" 
Debug[12:59:39]: "Resume:DSI3Master" 
Debug[12:59:39]: "Resume:ASICMaster" 
Debug[12:59:39]: "Resume:RDUMMaster" 
Debug[12:59:39]: "Resume:DSI3Slave" 
Debug[12:59:39]: "Resume:Measurement" 
Debug[12:59:39]: "Resume:CFARsim" 
Debug[13:21:13]: "Suspend:Settings" 
Debug[13:21:13]: "Suspend:UartUartController" 
Debug[13:21:13]: "Suspend:UartSpiController" 
Debug[13:21:13]: "Suspend:UartSsiController" 
Debug[13:21:13]: "Suspend:DSI3Master" 
Debug[13:21:13]: "Suspend:ASICMaster" 
Debug[13:21:13]: "Suspend:RDUMMaster" 
Debug[13:21:13]: "Suspend:DSI3Slave" 
Debug[13:21:13]: "Suspend:Measurement" 
Debug[13:21:13]: "Suspend:CFARsim" 
Debug[13:21:13]: signal in logmode 
Debug[13:21:13]: "INF(13:21:13.147):Disconnect by user" 
Debug[13:21:13]: log_breakpoint 
Debug[13:21:13]: 5 
Debug[13:21:13]: signal in logmode 
Debug[13:21:13]: "INF(13:21:13.281):Disconnect by user" 
Debug[13:21:13]: log_breakpoint 
Debug[13:21:13]: 5 
