Warning[09:24:58]: QObject::connect: Cannot connect LocalServer::log(int,QString) to (null)::slot_addLog(int,QString)
Debug[09:24:58]: LocalServer:new "\\.\pipe\DSI3PAS" 
Debug[09:24:59]: Register specific 
Debug[09:24:59]: DynScaleCaclulate 
Debug[09:24:59]: "init 2 UartUartController" 
Debug[09:24:59]: Ok 
Debug[09:24:59]: "init 3 UartSpiController" 
Debug[09:24:59]: Ok 
Debug[09:24:59]: "init 4 UartSsiController" 
Debug[09:24:59]: Ok 
Debug[09:24:59]: "init 5 DSI3Master" 
Debug[09:24:59]: Ok 
Debug[09:24:59]: "init 6 ASICMaster" 
Debug[09:24:59]: Ok 
Debug[09:24:59]: "init 7 RDUMMaster" 
Debug[09:24:59]: Ok 
Debug[09:24:59]: "init 8 DSI3Slave" 
Debug[09:25:00]: Ok 
Debug[09:25:00]: "init 9 Measurement" 
Debug[09:25:00]: Ok 
Debug[09:25:00]: "init 10 CFARsim" 
Debug[09:25:00]: Ok 
Debug[09:25:00]: MainApp Starting... 
Debug[09:25:01]: Add applets to MainWindow...
 
Debug[09:25:01]: Initialize Connection... 
Warning[09:25:01]: QFileSystemWatcher: failed to add paths: C:/REPO/DSI3PAS2_workingdir/DSI3PAS2/Software/bin/ULSEverification_configfiles, C:/REPO/DSI3PAS2_workingdir/DSI3PAS2/Software/bin/ConfigFiles_29_1_2021_Jiri_MOBIS, C:/Users/fg6cnq/Desktop/DSI3PAS2_UART_QtSW_20210129_1511, C:/Users/zbdn9w/Desktop/Temp/CFAR QT uprava ToF, C:/Users/zbdn9w/Desktop/Temp/CFAR QT Komprimace do CSV, U:/Dokumenty/MOBIS/Crosstalk 11-2021
Debug[09:25:07]: Initialize Connection... 
Debug[09:25:29]: signal in logmode 
Debug[09:25:29]: "INF(09:25:29.380):Disconnect by user" 
Debug[09:25:29]: log_breakpoint 
Debug[09:25:29]: 5 
Debug[09:25:29]: signal in logmode 
Debug[09:25:29]: "INF(09:25:29.406):Disconnect by user" 
Debug[09:25:29]: log_breakpoint 
Debug[09:25:29]: 5 
Warning[09:25:46]: QObject::connect: Cannot connect LocalServer::log(int,QString) to (null)::slot_addLog(int,QString)
Debug[09:25:46]: LocalServer:new "\\.\pipe\DSI3PAS" 
Debug[09:25:46]: Register specific 
Debug[09:25:46]: DynScaleCaclulate 
Debug[09:25:47]: "init 2 UartUartController" 
Debug[09:25:47]: Ok 
Debug[09:25:47]: "init 3 UartSpiController" 
Debug[09:25:47]: Ok 
Debug[09:25:47]: "init 4 UartSsiController" 
Debug[09:25:47]: Ok 
Debug[09:25:47]: "init 5 DSI3Master" 
Debug[09:25:47]: Ok 
Debug[09:25:47]: "init 6 ASICMaster" 
Debug[09:25:47]: Ok 
Debug[09:25:47]: "init 7 RDUMMaster" 
Debug[09:25:47]: Ok 
Debug[09:25:47]: "init 8 DSI3Slave" 
Debug[09:25:47]: Ok 
Debug[09:25:47]: "init 9 Measurement" 
Debug[09:25:48]: Ok 
Debug[09:25:48]: "init 10 CFARsim" 
Debug[09:25:48]: Ok 
Debug[09:25:48]: MainApp Starting... 
Debug[09:25:48]: Add applets to MainWindow...
 
Debug[09:25:48]: Initialize Connection... 
Warning[09:25:48]: QFileSystemWatcher: failed to add paths: C:/REPO/DSI3PAS2_workingdir/DSI3PAS2/Software/bin/ULSEverification_configfiles, C:/REPO/DSI3PAS2_workingdir/DSI3PAS2/Software/bin/ConfigFiles_29_1_2021_Jiri_MOBIS, C:/Users/fg6cnq/Desktop/DSI3PAS2_UART_QtSW_20210129_1511, C:/Users/zbdn9w/Desktop/Temp/CFAR QT uprava ToF, C:/Users/zbdn9w/Desktop/Temp/CFAR QT Komprimace do CSV, U:/Dokumenty/MOBIS/Crosstalk 11-2021
Debug[09:26:16]: signal in logmode 
Debug[09:26:16]: "INF(09:26:16.687):Disconnect by user" 
Debug[09:26:16]: log_breakpoint 
Debug[09:26:16]: 5 
Debug[09:26:16]: signal in logmode 
Debug[09:26:16]: "INF(09:26:16.705):Disconnect by user" 
Debug[09:26:16]: log_breakpoint 
Debug[09:26:16]: 5 
Warning[09:31:06]: QObject::connect: Cannot connect LocalServer::log(int,QString) to (null)::slot_addLog(int,QString)
Debug[09:31:06]: LocalServer:new "\\.\pipe\DSI3PAS" 
Debug[09:31:06]: Register specific 
Debug[09:31:07]: DynScaleCaclulate 
Debug[09:31:07]: "init 2 UartUartController" 
Debug[09:31:07]: Ok 
Debug[09:31:07]: "init 3 UartSpiController" 
Debug[09:31:07]: Ok 
Debug[09:31:07]: "init 4 UartSsiController" 
Debug[09:31:07]: Ok 
Debug[09:31:07]: "init 5 DSI3Master" 
Debug[09:31:07]: Ok 
Debug[09:31:07]: "init 6 ASICMaster" 
Debug[09:31:07]: Ok 
Debug[09:31:07]: "init 7 RDUMMaster" 
Debug[09:31:07]: Ok 
Debug[09:31:07]: "init 8 DSI3Slave" 
Debug[09:31:08]: Ok 
Debug[09:31:08]: "init 9 Measurement" 
Debug[09:31:08]: Ok 
Debug[09:31:08]: "init 10 CFARsim" 
Debug[09:31:08]: Ok 
Debug[09:31:08]: MainApp Starting... 
Debug[09:31:09]: Add applets to MainWindow...
 
Debug[09:31:09]: Initialize Connection... 
Debug[09:31:09]: signal in logmode 
Debug[09:31:09]: "INF(09:31:09.561):Mode is OK" 
Debug[09:31:09]: log_breakpoint 
Debug[09:31:09]: 5 
Debug[09:31:09]: signal in logmode 
Debug[09:31:09]: "INF(09:31:09.564):Attempt" 
Debug[09:31:09]: log_breakpoint 
Debug[09:31:09]: 5 
Debug[09:31:09]: signal in logmode 
Debug[09:31:09]: "INF(09:31:09.884):Attempt" 
Debug[09:31:09]: log_breakpoint 
Debug[09:31:09]: 5 
Debug[09:31:10]: signal in logmode 
Debug[09:31:10]: "INF(09:31:10.201):Attempt" 
Debug[09:31:10]: log_breakpoint 
Debug[09:31:10]: 5 
Debug[09:31:10]: signal in logmode 
Debug[09:31:10]: "INF(09:31:10.515):Mode is OK" 
Debug[09:31:10]: log_breakpoint 
Debug[09:31:10]: 5 
Debug[09:31:10]: signal in logmode 
Debug[09:31:10]: "INF(09:31:10.519):Attempt" 
Debug[09:31:10]: log_breakpoint 
Debug[09:31:10]: 5 
Debug[09:31:10]: signal in logmode 
Debug[09:31:10]: "INF(09:31:10.826):Attempt" 
Debug[09:31:10]: log_breakpoint 
Debug[09:31:10]: 5 
Debug[09:31:11]: signal in logmode 
Debug[09:31:11]: "INF(09:31:11.138):Attempt" 
Debug[09:31:11]: log_breakpoint 
Debug[09:31:11]: 5 
Debug[09:31:11]: signal in logmode 
Debug[09:31:11]: "INF(09:31:11.450):Mode is OK" 
Debug[09:31:11]: log_breakpoint 
Debug[09:31:11]: 5 
Debug[09:31:11]: signal in logmode 
Debug[09:31:11]: "INF(09:31:11.454):Attempt" 
Debug[09:31:11]: log_breakpoint 
Debug[09:31:11]: 5 
Debug[09:31:11]: signal in logmode 
Debug[09:31:11]: "INF(09:31:11.606):Mode is OK" 
Debug[09:31:11]: log_breakpoint 
Debug[09:31:11]: 5 
Debug[09:31:11]: signal in logmode 
Debug[09:31:11]: "INF(09:31:11.610):Attempt" 
Debug[09:31:11]: log_breakpoint 
Debug[09:31:11]: 5 
Debug[09:31:11]: signal in logmode 
Debug[09:31:11]: "INF(09:31:11.913):Attempt" 
Debug[09:31:11]: log_breakpoint 
Debug[09:31:11]: 5 
Debug[09:31:12]: signal in logmode 
Debug[09:31:12]: "INF(09:31:12.227):Attempt" 
Debug[09:31:12]: log_breakpoint 
Debug[09:31:12]: 5 
Debug[09:31:12]: signal in logmode 
Debug[09:31:12]: "INF(09:31:12.539):Mode is OK" 
Debug[09:31:12]: log_breakpoint 
Debug[09:31:12]: 5 
Debug[09:31:12]: signal in logmode 
Debug[09:31:12]: "INF(09:31:12.541):Attempt" 
Debug[09:31:12]: log_breakpoint 
Debug[09:31:12]: 5 
Debug[09:31:12]: signal in logmode 
Debug[09:31:12]: "INF(09:31:12.852):Attempt" 
Debug[09:31:12]: log_breakpoint 
Debug[09:31:12]: 5 
Debug[09:31:13]: signal in logmode 
Debug[09:31:13]: "INF(09:31:13.162):Attempt" 
Debug[09:31:13]: log_breakpoint 
Debug[09:31:13]: 5 
Debug[09:31:13]: signal in logmode 
Debug[09:31:13]: "INF(09:31:13.475):Mode is OK" 
Debug[09:31:13]: log_breakpoint 
Debug[09:31:13]: 5 
Debug[09:31:13]: signal in logmode 
Debug[09:31:13]: "INF(09:31:13.479):Attempt" 
Debug[09:31:13]: log_breakpoint 
Debug[09:31:13]: 5 
Debug[09:31:13]: signal in logmode 
Debug[09:31:13]: "INF(09:31:13.786):Attempt" 
Debug[09:31:13]: log_breakpoint 
Debug[09:31:13]: 5 
Debug[09:31:14]: signal in logmode 
Debug[09:31:14]: "INF(09:31:14.098):Attempt" 
Debug[09:31:14]: log_breakpoint 
Debug[09:31:14]: 5 
Warning[09:31:14]: QFileSystemWatcher: failed to add paths: C:/REPO/DSI3PAS2_workingdir/DSI3PAS2/Software/bin/ULSEverification_configfiles, C:/REPO/DSI3PAS2_workingdir/DSI3PAS2/Software/bin/ConfigFiles_29_1_2021_Jiri_MOBIS, C:/Users/fg6cnq/Desktop/DSI3PAS2_UART_QtSW_20210129_1511, C:/Users/zbdn9w/Desktop/Temp/CFAR QT uprava ToF, C:/Users/zbdn9w/Desktop/Temp/CFAR QT Komprimace do CSV, U:/Dokumenty/MOBIS/Crosstalk 11-2021
Debug[09:31:21]: signal in logmode 
Debug[09:31:21]: "INF(09:31:21.430):Mode is OK" 
Debug[09:31:21]: log_breakpoint 
Debug[09:31:21]: 5 
Debug[09:31:21]: signal in logmode 
Debug[09:31:21]: "INF(09:31:21.433):Attempt" 
Debug[09:31:21]: log_breakpoint 
Debug[09:31:21]: 5 
Debug[09:31:21]: signal in logmode 
Debug[09:31:21]: "INF(09:31:21.740):Attempt" 
Debug[09:31:21]: log_breakpoint 
Debug[09:31:21]: 5 
Debug[09:31:22]: signal in logmode 
Debug[09:31:22]: "INF(09:31:22.055):Attempt" 
Debug[09:31:22]: log_breakpoint 
Debug[09:31:22]: 5 
Debug[09:31:22]: signal in logmode 
Debug[09:31:22]: "INF(09:31:22.368):Mode is OK" 
Debug[09:31:22]: log_breakpoint 
Debug[09:31:22]: 5 
Debug[09:31:22]: signal in logmode 
Debug[09:31:22]: "INF(09:31:22.370):Attempt" 
Debug[09:31:22]: log_breakpoint 
Debug[09:31:22]: 5 
Debug[09:31:22]: signal in logmode 
Debug[09:31:22]: "INF(09:31:22.686):Attempt" 
Debug[09:31:22]: log_breakpoint 
Debug[09:31:22]: 5 
Debug[09:31:22]: signal in logmode 
Debug[09:31:22]: "INF(09:31:22.998):Attempt" 
Debug[09:31:22]: log_breakpoint 
Debug[09:31:23]: 5 
Debug[09:31:23]: signal in logmode 
Debug[09:31:23]: "INF(09:31:23.312):Mode is OK" 
Debug[09:31:23]: log_breakpoint 
Debug[09:31:23]: 5 
Debug[09:31:23]: signal in logmode 
Debug[09:31:23]: "INF(09:31:23.316):Attempt" 
Debug[09:31:23]: log_breakpoint 
Debug[09:31:23]: 5 
Debug[09:31:23]: signal in logmode 
Debug[09:31:23]: "INF(09:31:23.344):RDUM master connected" 
Debug[09:31:23]: log_breakpoint 
Debug[09:31:23]: 5 
Debug[09:31:23]: signal in logmode 
Debug[09:31:23]: "INF(09:31:23.349):Connected to \\.\COM26" 
Debug[09:31:23]: log_breakpoint 
Debug[09:31:23]: 5 
Warning[09:31:23]: Could not parse stylesheet of widget 0x2f86a40
Debug[09:31:23]: "Resume:Logs" 
Debug[09:31:23]: "Resume:Settings" 
Debug[09:31:23]: "Resume:UartUartController" 
Debug[09:31:23]: "Resume:UartSpiController" 
Debug[09:31:23]: "Resume:UartSsiController" 
Debug[09:31:23]: "Resume:DSI3Master" 
Debug[09:31:23]: "Resume:ASICMaster" 
Debug[09:31:23]: "Resume:RDUMMaster" 
Debug[09:31:23]: "Resume:DSI3Slave" 
Debug[09:31:23]: "Resume:Measurement" 
Debug[09:31:23]: "Resume:CFARsim" 
Debug[09:36:29]: "Suspend:Settings" 
Debug[09:36:29]: "Suspend:UartUartController" 
Debug[09:36:29]: "Suspend:UartSpiController" 
Debug[09:36:29]: "Suspend:UartSsiController" 
Debug[09:36:29]: "Suspend:DSI3Master" 
Debug[09:36:29]: "Suspend:ASICMaster" 
Debug[09:36:29]: "Suspend:RDUMMaster" 
Debug[09:36:29]: "Suspend:DSI3Slave" 
Debug[09:36:29]: "Suspend:Measurement" 
Debug[09:36:29]: "Suspend:CFARsim" 
Debug[09:36:29]: signal in logmode 
Debug[09:36:29]: "INF(09:36:29.460):Disconnect by user" 
Debug[09:36:29]: log_breakpoint 
Debug[09:36:29]: 5 
Debug[09:36:29]: signal in logmode 
Debug[09:36:29]: "INF(09:36:29.612):Disconnect by user" 
Debug[09:36:29]: log_breakpoint 
Debug[09:36:29]: 5 
Warning[09:39:32]: QObject::connect: Cannot connect LocalServer::log(int,QString) to (null)::slot_addLog(int,QString)
Debug[09:39:32]: LocalServer:new "\\.\pipe\DSI3PAS" 
Debug[09:39:32]: Register specific 
Debug[09:39:32]: DynScaleCaclulate 
Debug[09:39:32]: "init 2 UartUartController" 
Debug[09:39:32]: Ok 
Debug[09:39:32]: "init 3 UartSpiController" 
Debug[09:39:32]: Ok 
Debug[09:39:32]: "init 4 UartSsiController" 
Debug[09:39:32]: Ok 
Debug[09:39:32]: "init 5 DSI3Master" 
Debug[09:39:32]: Ok 
Debug[09:39:32]: "init 6 ASICMaster" 
Debug[09:39:32]: Ok 
Debug[09:39:32]: "init 7 RDUMMaster" 
Debug[09:39:32]: Ok 
Debug[09:39:32]: "init 8 DSI3Slave" 
Debug[09:39:33]: Ok 
Debug[09:39:33]: "init 9 Measurement" 
Debug[09:39:34]: Ok 
Debug[09:39:34]: "init 10 CFARsim" 
Debug[09:39:34]: Ok 
Debug[09:39:34]: MainApp Starting... 
Debug[09:39:35]: Add applets to MainWindow...
 
Debug[09:39:35]: Initialize Connection... 
Debug[09:39:35]: signal in logmode 
Debug[09:39:35]: "INF(09:39:35.787):Mode is OK" 
Debug[09:39:35]: log_breakpoint 
Debug[09:39:35]: 5 
Debug[09:39:35]: signal in logmode 
Debug[09:39:35]: "INF(09:39:35.789):Attempt" 
Debug[09:39:35]: log_breakpoint 
Debug[09:39:35]: 5 
Debug[09:39:36]: signal in logmode 
Debug[09:39:36]: "INF(09:39:36.115):Attempt" 
Debug[09:39:36]: log_breakpoint 
Debug[09:39:36]: 5 
Debug[09:39:36]: signal in logmode 
Debug[09:39:36]: "INF(09:39:36.429):Attempt" 
Debug[09:39:36]: log_breakpoint 
Debug[09:39:36]: 5 
Debug[09:39:36]: signal in logmode 
Debug[09:39:36]: "INF(09:39:36.747):Mode is OK" 
Debug[09:39:36]: log_breakpoint 
Debug[09:39:36]: 5 
Debug[09:39:36]: signal in logmode 
Debug[09:39:36]: "INF(09:39:36.749):Attempt" 
Debug[09:39:36]: log_breakpoint 
Debug[09:39:36]: 5 
Debug[09:39:37]: signal in logmode 
Debug[09:39:37]: "INF(09:39:37.059):Attempt" 
Debug[09:39:37]: log_breakpoint 
Debug[09:39:37]: 5 
Debug[09:39:37]: signal in logmode 
Debug[09:39:37]: "INF(09:39:37.370):Attempt" 
Debug[09:39:37]: log_breakpoint 
Debug[09:39:37]: 5 
Debug[09:39:37]: signal in logmode 
Debug[09:39:37]: "INF(09:39:37.681):Mode is OK" 
Debug[09:39:37]: log_breakpoint 
Debug[09:39:37]: 5 
Debug[09:39:37]: signal in logmode 
Debug[09:39:37]: "INF(09:39:37.685):Attempt" 
Debug[09:39:37]: log_breakpoint 
Debug[09:39:37]: 5 
Debug[09:39:37]: signal in logmode 
Debug[09:39:37]: "INF(09:39:37.838):Mode is OK" 
Debug[09:39:37]: log_breakpoint 
Debug[09:39:37]: 5 
Debug[09:39:37]: signal in logmode 
Debug[09:39:37]: "INF(09:39:37.840):Attempt" 
Debug[09:39:37]: log_breakpoint 
Debug[09:39:37]: 5 
Debug[09:39:38]: signal in logmode 
Debug[09:39:38]: "INF(09:39:38.150):Attempt" 
Debug[09:39:38]: log_breakpoint 
Debug[09:39:38]: 5 
Debug[09:39:38]: signal in logmode 
Debug[09:39:38]: "INF(09:39:38.463):Attempt" 
Debug[09:39:38]: log_breakpoint 
Debug[09:39:38]: 5 
Debug[09:39:38]: signal in logmode 
Debug[09:39:38]: "INF(09:39:38.773):Mode is OK" 
Debug[09:39:38]: log_breakpoint 
Debug[09:39:38]: 5 
Debug[09:39:38]: signal in logmode 
Debug[09:39:38]: "INF(09:39:38.777):Attempt" 
Debug[09:39:38]: log_breakpoint 
Debug[09:39:38]: 5 
Debug[09:39:39]: signal in logmode 
Debug[09:39:39]: "INF(09:39:39.087):Attempt" 
Debug[09:39:39]: log_breakpoint 
Debug[09:39:39]: 5 
Debug[09:39:39]: signal in logmode 
Debug[09:39:39]: "INF(09:39:39.396):Attempt" 
Debug[09:39:39]: log_breakpoint 
Debug[09:39:39]: 5 
Debug[09:39:39]: signal in logmode 
Debug[09:39:39]: "INF(09:39:39.708):Mode is OK" 
Debug[09:39:39]: log_breakpoint 
Debug[09:39:39]: 5 
Debug[09:39:39]: signal in logmode 
Debug[09:39:39]: "INF(09:39:39.709):Attempt" 
Debug[09:39:39]: log_breakpoint 
Debug[09:39:39]: 5 
Debug[09:39:40]: signal in logmode 
Debug[09:39:40]: "INF(09:39:40.020):Attempt" 
Debug[09:39:40]: log_breakpoint 
Debug[09:39:40]: 5 
Debug[09:39:40]: signal in logmode 
Debug[09:39:40]: "INF(09:39:40.332):Attempt" 
Debug[09:39:40]: log_breakpoint 
Debug[09:39:40]: 5 
Warning[09:39:40]: QFileSystemWatcher: failed to add paths: C:/REPO/DSI3PAS2_workingdir/DSI3PAS2/Software/bin/ULSEverification_configfiles, C:/REPO/DSI3PAS2_workingdir/DSI3PAS2/Software/bin/ConfigFiles_29_1_2021_Jiri_MOBIS, C:/Users/fg6cnq/Desktop/DSI3PAS2_UART_QtSW_20210129_1511, C:/Users/zbdn9w/Desktop/Temp/CFAR QT uprava ToF, C:/Users/zbdn9w/Desktop/Temp/CFAR QT Komprimace do CSV, U:/Dokumenty/MOBIS/Crosstalk 11-2021
Debug[09:39:44]: signal in logmode 
Debug[09:39:44]: "INF(09:39:44.169):Mode is OK" 
Debug[09:39:44]: log_breakpoint 
Debug[09:39:44]: 5 
Debug[09:39:44]: signal in logmode 
Debug[09:39:44]: "INF(09:39:44.173):Attempt" 
Debug[09:39:44]: log_breakpoint 
Debug[09:39:44]: 5 
Debug[09:39:44]: signal in logmode 
Debug[09:39:44]: "INF(09:39:44.491):Attempt" 
Debug[09:39:44]: log_breakpoint 
Debug[09:39:44]: 5 
Debug[09:39:44]: signal in logmode 
Debug[09:39:44]: "INF(09:39:44.803):Attempt" 
Debug[09:39:44]: log_breakpoint 
Debug[09:39:44]: 5 
Debug[09:39:45]: signal in logmode 
Debug[09:39:45]: "INF(09:39:45.116):Mode is OK" 
Debug[09:39:45]: log_breakpoint 
Debug[09:39:45]: 5 
Debug[09:39:45]: signal in logmode 
Debug[09:39:45]: "INF(09:39:45.121):Attempt" 
Debug[09:39:45]: log_breakpoint 
Debug[09:39:45]: 5 
Debug[09:39:45]: signal in logmode 
Debug[09:39:45]: "INF(09:39:45.430):Attempt" 
Debug[09:39:45]: log_breakpoint 
Debug[09:39:45]: 5 
Debug[09:39:45]: signal in logmode 
Debug[09:39:45]: "INF(09:39:45.740):Attempt" 
Debug[09:39:45]: log_breakpoint 
Debug[09:39:45]: 5 
Debug[09:39:46]: signal in logmode 
Debug[09:39:46]: "INF(09:39:46.051):Mode is OK" 
Debug[09:39:46]: log_breakpoint 
Debug[09:39:46]: 5 
Debug[09:39:46]: signal in logmode 
Debug[09:39:46]: "INF(09:39:46.055):Attempt" 
Debug[09:39:46]: log_breakpoint 
Debug[09:39:46]: 5 
Debug[09:39:46]: signal in logmode 
Debug[09:39:46]: "INF(09:39:46.081):RDUM master connected" 
Debug[09:39:46]: log_breakpoint 
Debug[09:39:46]: 5 
Debug[09:39:46]: signal in logmode 
Debug[09:39:46]: "INF(09:39:46.084):Connected to \\.\COM26" 
Debug[09:39:46]: log_breakpoint 
Debug[09:39:46]: 5 
Warning[09:39:46]: Could not parse stylesheet of widget 0x29a6cc0
Debug[09:39:46]: "Resume:Logs" 
Debug[09:39:46]: "Resume:Settings" 
Debug[09:39:46]: "Resume:UartUartController" 
Debug[09:39:46]: "Resume:UartSpiController" 
Debug[09:39:46]: "Resume:UartSsiController" 
Debug[09:39:46]: "Resume:DSI3Master" 
Debug[09:39:46]: "Resume:ASICMaster" 
Debug[09:39:46]: "Resume:RDUMMaster" 
Debug[09:39:46]: "Resume:DSI3Slave" 
Debug[09:39:46]: "Resume:Measurement" 
Debug[09:39:46]: "Resume:CFARsim" 
Debug[09:40:08]: "Suspend:Settings" 
Debug[09:40:08]: "Suspend:UartUartController" 
Debug[09:40:08]: "Suspend:UartSpiController" 
Debug[09:40:08]: "Suspend:UartSsiController" 
Debug[09:40:08]: "Suspend:DSI3Master" 
Debug[09:40:08]: "Suspend:ASICMaster" 
Debug[09:40:08]: "Suspend:RDUMMaster" 
Debug[09:40:08]: "Suspend:DSI3Slave" 
Debug[09:40:08]: "Suspend:Measurement" 
Debug[09:40:08]: "Suspend:CFARsim" 
Debug[09:40:08]: signal in logmode 
Debug[09:40:08]: "INF(09:40:08.348):Disconnect by user" 
Debug[09:40:08]: log_breakpoint 
Debug[09:40:08]: 5 
Debug[09:40:08]: signal in logmode 
Debug[09:40:08]: "INF(09:40:08.496):Disconnect by user" 
Debug[09:40:08]: log_breakpoint 
Debug[09:40:08]: 5 
Warning[09:40:33]: QObject::connect: Cannot connect LocalServer::log(int,QString) to (null)::slot_addLog(int,QString)
Debug[09:40:33]: LocalServer:new "\\.\pipe\DSI3PAS" 
Debug[09:40:34]: Register specific 
Debug[09:40:34]: DynScaleCaclulate 
Debug[09:40:34]: "init 2 UartUartController" 
Debug[09:40:34]: Ok 
Debug[09:40:34]: "init 3 UartSpiController" 
Debug[09:40:34]: Ok 
Debug[09:40:34]: "init 4 UartSsiController" 
Debug[09:40:34]: Ok 
Debug[09:40:34]: "init 5 DSI3Master" 
Debug[09:40:34]: Ok 
Debug[09:40:34]: "init 6 ASICMaster" 
Debug[09:40:34]: Ok 
Debug[09:40:34]: "init 7 RDUMMaster" 
Debug[09:40:34]: Ok 
Debug[09:40:34]: "init 8 DSI3Slave" 
Debug[09:40:35]: Ok 
Debug[09:40:35]: "init 9 Measurement" 
Debug[09:40:35]: Ok 
Debug[09:40:35]: "init 10 CFARsim" 
Debug[09:40:35]: Ok 
Debug[09:40:35]: MainApp Starting... 
Debug[09:40:36]: Add applets to MainWindow...
 
Debug[09:40:36]: Initialize Connection... 
Debug[09:40:36]: signal in logmode 
Debug[09:40:36]: "INF(09:40:36.717):Mode is OK" 
Debug[09:40:36]: log_breakpoint 
Debug[09:40:36]: 5 
Debug[09:40:36]: signal in logmode 
Debug[09:40:36]: "INF(09:40:36.720):Attempt" 
Debug[09:40:36]: log_breakpoint 
Debug[09:40:36]: 5 
Debug[09:40:37]: signal in logmode 
Debug[09:40:37]: "INF(09:40:37.041):Attempt" 
Debug[09:40:37]: log_breakpoint 
Debug[09:40:37]: 5 
Debug[09:40:37]: signal in logmode 
Debug[09:40:37]: "INF(09:40:37.358):Attempt" 
Debug[09:40:37]: log_breakpoint 
Debug[09:40:37]: 5 
Debug[09:40:37]: signal in logmode 
Debug[09:40:37]: "INF(09:40:37.676):Mode is OK" 
Debug[09:40:37]: log_breakpoint 
Debug[09:40:37]: 5 
Debug[09:40:37]: signal in logmode 
Debug[09:40:37]: "INF(09:40:37.678):Attempt" 
Debug[09:40:37]: log_breakpoint 
Debug[09:40:37]: 5 
Debug[09:40:37]: signal in logmode 
Debug[09:40:37]: "INF(09:40:37.994):Attempt" 
Debug[09:40:37]: log_breakpoint 
Debug[09:40:37]: 5 
Debug[09:40:38]: signal in logmode 
Debug[09:40:38]: "INF(09:40:38.312):Attempt" 
Debug[09:40:38]: log_breakpoint 
Debug[09:40:38]: 5 
Debug[09:40:38]: signal in logmode 
Debug[09:40:38]: "INF(09:40:38.621):Mode is OK" 
Debug[09:40:38]: log_breakpoint 
Debug[09:40:38]: 5 
Debug[09:40:38]: signal in logmode 
Debug[09:40:38]: "INF(09:40:38.623):Attempt" 
Debug[09:40:38]: log_breakpoint 
Debug[09:40:38]: 5 
Debug[09:40:38]: signal in logmode 
Debug[09:40:38]: "INF(09:40:38.785):Mode is OK" 
Debug[09:40:38]: log_breakpoint 
Debug[09:40:38]: 5 
Debug[09:40:38]: signal in logmode 
Debug[09:40:38]: "INF(09:40:38.788):Attempt" 
Debug[09:40:38]: log_breakpoint 
Debug[09:40:38]: 5 
Debug[09:40:39]: signal in logmode 
Debug[09:40:39]: "INF(09:40:39.106):Attempt" 
Debug[09:40:39]: log_breakpoint 
Debug[09:40:39]: 5 
Debug[09:40:39]: signal in logmode 
Debug[09:40:39]: "INF(09:40:39.417):Attempt" 
Debug[09:40:39]: log_breakpoint 
Debug[09:40:39]: 5 
Debug[09:40:39]: signal in logmode 
Debug[09:40:39]: "INF(09:40:39.729):Mode is OK" 
Debug[09:40:39]: log_breakpoint 
Debug[09:40:39]: 5 
Debug[09:40:39]: signal in logmode 
Debug[09:40:39]: "INF(09:40:39.733):Attempt" 
Debug[09:40:39]: log_breakpoint 
Debug[09:40:39]: 5 
Debug[09:40:40]: signal in logmode 
Debug[09:40:40]: "INF(09:40:40.043):Attempt" 
Debug[09:40:40]: log_breakpoint 
Debug[09:40:40]: 5 
Debug[09:40:40]: signal in logmode 
Debug[09:40:40]: "INF(09:40:40.354):Attempt" 
Debug[09:40:40]: log_breakpoint 
Debug[09:40:40]: 5 
Debug[09:40:40]: signal in logmode 
Debug[09:40:40]: "INF(09:40:40.666):Mode is OK" 
Debug[09:40:40]: log_breakpoint 
Debug[09:40:40]: 5 
Debug[09:40:40]: signal in logmode 
Debug[09:40:40]: "INF(09:40:40.670):Attempt" 
Debug[09:40:40]: log_breakpoint 
Debug[09:40:40]: 5 
Debug[09:40:40]: signal in logmode 
Debug[09:40:40]: "INF(09:40:40.975):Attempt" 
Debug[09:40:40]: log_breakpoint 
Debug[09:40:40]: 5 
Debug[09:40:41]: signal in logmode 
Debug[09:40:41]: "INF(09:40:41.289):Attempt" 
Debug[09:40:41]: log_breakpoint 
Debug[09:40:41]: 5 
Warning[09:40:41]: QFileSystemWatcher: failed to add paths: C:/REPO/DSI3PAS2_workingdir/DSI3PAS2/Software/bin/ULSEverification_configfiles, C:/REPO/DSI3PAS2_workingdir/DSI3PAS2/Software/bin/ConfigFiles_29_1_2021_Jiri_MOBIS, C:/Users/fg6cnq/Desktop/DSI3PAS2_UART_QtSW_20210129_1511, C:/Users/zbdn9w/Desktop/Temp/CFAR QT uprava ToF, C:/Users/zbdn9w/Desktop/Temp/CFAR QT Komprimace do CSV, U:/Dokumenty/MOBIS/Crosstalk 11-2021
Debug[09:40:47]: signal in logmode 
Debug[09:40:47]: "INF(09:40:47.432):Mode is OK" 
Debug[09:40:47]: log_breakpoint 
Debug[09:40:47]: 5 
Debug[09:40:47]: signal in logmode 
Debug[09:40:47]: "INF(09:40:47.434):Attempt" 
Debug[09:40:47]: log_breakpoint 
Debug[09:40:47]: 5 
Debug[09:40:47]: signal in logmode 
Debug[09:40:47]: "INF(09:40:47.737):Attempt" 
Debug[09:40:47]: log_breakpoint 
Debug[09:40:47]: 5 
Debug[09:40:48]: signal in logmode 
Debug[09:40:48]: "INF(09:40:48.049):Attempt" 
Debug[09:40:48]: log_breakpoint 
Debug[09:40:48]: 5 
Debug[09:40:48]: signal in logmode 
Debug[09:40:48]: "INF(09:40:48.361):Mode is OK" 
Debug[09:40:48]: log_breakpoint 
Debug[09:40:48]: 5 
Debug[09:40:48]: signal in logmode 
Debug[09:40:48]: "INF(09:40:48.364):Attempt" 
Debug[09:40:48]: log_breakpoint 
Debug[09:40:48]: 5 
Debug[09:40:48]: signal in logmode 
Debug[09:40:48]: "INF(09:40:48.671):Attempt" 
Debug[09:40:48]: log_breakpoint 
Debug[09:40:48]: 5 
Debug[09:40:48]: signal in logmode 
Debug[09:40:48]: "INF(09:40:48.982):Attempt" 
Debug[09:40:48]: log_breakpoint 
Debug[09:40:48]: 5 
Debug[09:40:49]: signal in logmode 
Debug[09:40:49]: "INF(09:40:49.296):Mode is OK" 
Debug[09:40:49]: log_breakpoint 
Debug[09:40:49]: 5 
Debug[09:40:49]: signal in logmode 
Debug[09:40:49]: "INF(09:40:49.299):Attempt" 
Debug[09:40:49]: log_breakpoint 
Debug[09:40:49]: 5 
Debug[09:40:49]: signal in logmode 
Debug[09:40:49]: "INF(09:40:49.325):RDUM master connected" 
Debug[09:40:49]: log_breakpoint 
Debug[09:40:49]: 5 
Debug[09:40:49]: signal in logmode 
Debug[09:40:49]: "INF(09:40:49.328):Connected to \\.\COM26" 
Debug[09:40:49]: log_breakpoint 
Debug[09:40:49]: 5 
Warning[09:40:49]: Could not parse stylesheet of widget 0x2b365e0
Debug[09:40:49]: "Resume:Logs" 
Debug[09:40:49]: "Resume:Settings" 
Debug[09:40:49]: "Resume:UartUartController" 
Debug[09:40:49]: "Resume:UartSpiController" 
Debug[09:40:49]: "Resume:UartSsiController" 
Debug[09:40:49]: "Resume:DSI3Master" 
Debug[09:40:49]: "Resume:ASICMaster" 
Debug[09:40:49]: "Resume:RDUMMaster" 
Debug[09:40:49]: "Resume:DSI3Slave" 
Debug[09:40:49]: "Resume:Measurement" 
Debug[09:40:49]: "Resume:CFARsim" 
Debug[09:42:21]: "Suspend:Settings" 
Debug[09:42:21]: "Suspend:UartUartController" 
Debug[09:42:21]: "Suspend:UartSpiController" 
Debug[09:42:21]: "Suspend:UartSsiController" 
Debug[09:42:21]: "Suspend:DSI3Master" 
Debug[09:42:21]: "Suspend:ASICMaster" 
Debug[09:42:21]: "Suspend:RDUMMaster" 
Debug[09:42:21]: "Suspend:DSI3Slave" 
Debug[09:42:21]: "Suspend:Measurement" 
Debug[09:42:21]: "Suspend:CFARsim" 
Debug[09:42:21]: signal in logmode 
Debug[09:42:21]: "INF(09:42:21.291):Disconnect by user" 
Debug[09:42:21]: log_breakpoint 
Debug[09:42:21]: 5 
Debug[09:42:21]: signal in logmode 
Debug[09:42:21]: "INF(09:42:21.432):Disconnect by user" 
Debug[09:42:21]: log_breakpoint 
Debug[09:42:21]: 5 
Warning[09:42:28]: QObject::connect: Cannot connect LocalServer::log(int,QString) to (null)::slot_addLog(int,QString)
Debug[09:42:28]: LocalServer:new "\\.\pipe\DSI3PAS" 
Debug[09:42:28]: Register specific 
Debug[09:42:28]: DynScaleCaclulate 
Debug[09:42:28]: "init 2 UartUartController" 
Debug[09:42:28]: Ok 
Debug[09:42:28]: "init 3 UartSpiController" 
Debug[09:42:28]: Ok 
Debug[09:42:28]: "init 4 UartSsiController" 
Debug[09:42:28]: Ok 
Debug[09:42:28]: "init 5 DSI3Master" 
Debug[09:42:28]: Ok 
Debug[09:42:28]: "init 6 ASICMaster" 
Debug[09:42:28]: Ok 
Debug[09:42:28]: "init 7 RDUMMaster" 
Debug[09:42:28]: Ok 
Debug[09:42:28]: "init 8 DSI3Slave" 
Debug[09:42:29]: Ok 
Debug[09:42:29]: "init 9 Measurement" 
Debug[09:42:30]: Ok 
Debug[09:42:30]: "init 10 CFARsim" 
Debug[09:42:30]: Ok 
Debug[09:42:30]: MainApp Starting... 
Debug[09:42:30]: Add applets to MainWindow...
 
Debug[09:42:30]: Initialize Connection... 
Debug[09:42:31]: signal in logmode 
Debug[09:42:31]: "INF(09:42:31.008):Mode is OK" 
Debug[09:42:31]: log_breakpoint 
Debug[09:42:31]: 5 
Debug[09:42:31]: signal in logmode 
Debug[09:42:31]: "INF(09:42:31.010):Attempt" 
Debug[09:42:31]: log_breakpoint 
Debug[09:42:31]: 5 
Debug[09:42:31]: signal in logmode 
Debug[09:42:31]: "INF(09:42:31.315):Attempt" 
Debug[09:42:31]: log_breakpoint 
Debug[09:42:31]: 5 
Debug[09:42:31]: signal in logmode 
Debug[09:42:31]: "INF(09:42:31.629):Attempt" 
Debug[09:42:31]: log_breakpoint 
Debug[09:42:31]: 5 
Debug[09:42:31]: signal in logmode 
Debug[09:42:31]: "INF(09:42:31.939):Mode is OK" 
Debug[09:42:31]: log_breakpoint 
Debug[09:42:31]: 5 
Debug[09:42:31]: signal in logmode 
Debug[09:42:31]: "INF(09:42:31.940):Attempt" 
Debug[09:42:31]: log_breakpoint 
Debug[09:42:31]: 5 
Debug[09:42:32]: signal in logmode 
Debug[09:42:32]: "INF(09:42:32.249):Attempt" 
Debug[09:42:32]: log_breakpoint 
Debug[09:42:32]: 5 
Debug[09:42:32]: signal in logmode 
Debug[09:42:32]: "INF(09:42:32.564):Attempt" 
Debug[09:42:32]: log_breakpoint 
Debug[09:42:32]: 5 
Debug[09:42:32]: signal in logmode 
Debug[09:42:32]: "INF(09:42:32.878):Mode is OK" 
Debug[09:42:32]: log_breakpoint 
Debug[09:42:32]: 5 
Debug[09:42:32]: signal in logmode 
Debug[09:42:32]: "INF(09:42:32.881):Attempt" 
Debug[09:42:32]: log_breakpoint 
Debug[09:42:32]: 5 
Debug[09:42:33]: signal in logmode 
Debug[09:42:33]: "INF(09:42:33.037):Mode is OK" 
Debug[09:42:33]: log_breakpoint 
Debug[09:42:33]: 5 
Debug[09:42:33]: signal in logmode 
Debug[09:42:33]: "INF(09:42:33.040):Attempt" 
Debug[09:42:33]: log_breakpoint 
Debug[09:42:33]: 5 
Debug[09:42:33]: signal in logmode 
Debug[09:42:33]: "INF(09:42:33.358):Attempt" 
Debug[09:42:33]: log_breakpoint 
Debug[09:42:33]: 5 
Debug[09:42:33]: signal in logmode 
Debug[09:42:33]: "INF(09:42:33.669):Attempt" 
Debug[09:42:33]: log_breakpoint 
Debug[09:42:33]: 5 
Debug[09:42:33]: signal in logmode 
Debug[09:42:33]: "INF(09:42:33.983):Mode is OK" 
Debug[09:42:33]: log_breakpoint 
Debug[09:42:33]: 5 
Debug[09:42:33]: signal in logmode 
Debug[09:42:33]: "INF(09:42:33.987):Attempt" 
Debug[09:42:33]: log_breakpoint 
Debug[09:42:33]: 5 
Debug[09:42:34]: signal in logmode 
Debug[09:42:34]: "INF(09:42:34.296):Attempt" 
Debug[09:42:34]: log_breakpoint 
Debug[09:42:34]: 5 
Debug[09:42:34]: signal in logmode 
Debug[09:42:34]: "INF(09:42:34.609):Attempt" 
Debug[09:42:34]: log_breakpoint 
Debug[09:42:34]: 5 
Debug[09:42:34]: signal in logmode 
Debug[09:42:34]: "INF(09:42:34.920):Mode is OK" 
Debug[09:42:34]: log_breakpoint 
Debug[09:42:34]: 5 
Debug[09:42:34]: signal in logmode 
Debug[09:42:34]: "INF(09:42:34.924):Attempt" 
Debug[09:42:34]: log_breakpoint 
Debug[09:42:34]: 5 
Debug[09:42:35]: signal in logmode 
Debug[09:42:35]: "INF(09:42:35.234):Attempt" 
Debug[09:42:35]: log_breakpoint 
Debug[09:42:35]: 5 
Debug[09:42:35]: signal in logmode 
Debug[09:42:35]: "INF(09:42:35.544):Attempt" 
Debug[09:42:35]: log_breakpoint 
Debug[09:42:35]: 5 
Warning[09:42:36]: QFileSystemWatcher: failed to add paths: C:/REPO/DSI3PAS2_workingdir/DSI3PAS2/Software/bin/ULSEverification_configfiles, C:/REPO/DSI3PAS2_workingdir/DSI3PAS2/Software/bin/ConfigFiles_29_1_2021_Jiri_MOBIS, C:/Users/fg6cnq/Desktop/DSI3PAS2_UART_QtSW_20210129_1511, C:/Users/zbdn9w/Desktop/Temp/CFAR QT uprava ToF, C:/Users/zbdn9w/Desktop/Temp/CFAR QT Komprimace do CSV, U:/Dokumenty/MOBIS/Crosstalk 11-2021
Debug[09:42:38]: signal in logmode 
Debug[09:42:38]: "INF(09:42:38.850):Mode is OK" 
Debug[09:42:38]: log_breakpoint 
Debug[09:42:38]: 5 
Debug[09:42:38]: signal in logmode 
Debug[09:42:38]: "INF(09:42:38.852):Attempt" 
Debug[09:42:38]: log_breakpoint 
Debug[09:42:38]: 5 
Debug[09:42:39]: signal in logmode 
Debug[09:42:39]: "INF(09:42:39.158):Attempt" 
Debug[09:42:39]: log_breakpoint 
Debug[09:42:39]: 5 
Debug[09:42:39]: signal in logmode 
Debug[09:42:39]: "INF(09:42:39.469):Attempt" 
Debug[09:42:39]: log_breakpoint 
Debug[09:42:39]: 5 
Debug[09:42:39]: signal in logmode 
Debug[09:42:39]: "INF(09:42:39.781):Mode is OK" 
Debug[09:42:39]: log_breakpoint 
Debug[09:42:39]: 5 
Debug[09:42:39]: signal in logmode 
Debug[09:42:39]: "INF(09:42:39.785):Attempt" 
Debug[09:42:39]: log_breakpoint 
Debug[09:42:39]: 5 
Debug[09:42:40]: signal in logmode 
Debug[09:42:40]: "INF(09:42:40.094):Attempt" 
Debug[09:42:40]: log_breakpoint 
Debug[09:42:40]: 5 
Debug[09:42:40]: signal in logmode 
Debug[09:42:40]: "INF(09:42:40.404):Attempt" 
Debug[09:42:40]: log_breakpoint 
Debug[09:42:40]: 5 
Debug[09:42:40]: signal in logmode 
Debug[09:42:40]: "INF(09:42:40.718):Mode is OK" 
Debug[09:42:40]: log_breakpoint 
Debug[09:42:40]: 5 
Debug[09:42:40]: signal in logmode 
Debug[09:42:40]: "INF(09:42:40.721):Attempt" 
Debug[09:42:40]: log_breakpoint 
Debug[09:42:40]: 5 
Debug[09:42:40]: signal in logmode 
Debug[09:42:40]: "INF(09:42:40.749):RDUM master connected" 
Debug[09:42:40]: log_breakpoint 
Debug[09:42:40]: 5 
Debug[09:42:40]: signal in logmode 
Debug[09:42:40]: "INF(09:42:40.751):Connected to \\.\COM26" 
Debug[09:42:40]: log_breakpoint 
Debug[09:42:40]: 5 
Warning[09:42:40]: Could not parse stylesheet of widget 0x2b45fa0
Debug[09:42:40]: "Resume:Logs" 
Debug[09:42:40]: "Resume:Settings" 
Debug[09:42:40]: "Resume:UartUartController" 
Debug[09:42:40]: "Resume:UartSpiController" 
Debug[09:42:40]: "Resume:UartSsiController" 
Debug[09:42:40]: "Resume:DSI3Master" 
Debug[09:42:40]: "Resume:ASICMaster" 
Debug[09:42:40]: "Resume:RDUMMaster" 
Debug[09:42:40]: "Resume:DSI3Slave" 
Debug[09:42:40]: "Resume:Measurement" 
Debug[09:42:40]: "Resume:CFARsim" 
Debug[09:47:31]: "Suspend:Settings" 
Debug[09:47:31]: "Suspend:UartUartController" 
Debug[09:47:31]: "Suspend:UartSpiController" 
Debug[09:47:31]: "Suspend:UartSsiController" 
Debug[09:47:31]: "Suspend:DSI3Master" 
Debug[09:47:31]: "Suspend:ASICMaster" 
Debug[09:47:31]: "Suspend:RDUMMaster" 
Debug[09:47:31]: "Suspend:DSI3Slave" 
Debug[09:47:31]: "Suspend:Measurement" 
Debug[09:47:31]: "Suspend:CFARsim" 
Debug[09:47:31]: signal in logmode 
Debug[09:47:31]: "INF(09:47:31.362):Disconnect by user" 
Debug[09:47:31]: log_breakpoint 
Debug[09:47:31]: 5 
Debug[09:47:31]: signal in logmode 
Debug[09:47:31]: "INF(09:47:31.501):Disconnect by user" 
Debug[09:47:31]: log_breakpoint 
Debug[09:47:31]: 5 
Warning[09:50:11]: QObject::connect: Cannot connect LocalServer::log(int,QString) to (null)::slot_addLog(int,QString)
Debug[09:50:11]: LocalServer:new "\\.\pipe\DSI3PAS" 
Debug[09:50:11]: Register specific 
Debug[09:50:11]: DynScaleCaclulate 
Debug[09:50:11]: "init 2 UartUartController" 
Debug[09:50:11]: Ok 
Debug[09:50:11]: "init 3 UartSpiController" 
Debug[09:50:11]: Ok 
Debug[09:50:11]: "init 4 UartSsiController" 
Debug[09:50:11]: Ok 
Debug[09:50:11]: "init 5 DSI3Master" 
Debug[09:50:11]: Ok 
Debug[09:50:11]: "init 6 ASICMaster" 
Debug[09:50:11]: Ok 
Debug[09:50:11]: "init 7 RDUMMaster" 
Debug[09:50:11]: Ok 
Debug[09:50:11]: "init 8 DSI3Slave" 
Debug[09:50:12]: Ok 
Debug[09:50:12]: "init 9 Measurement" 
Debug[09:50:12]: Ok 
Debug[09:50:12]: "init 10 CFARsim" 
Debug[09:50:12]: Ok 
Debug[09:50:12]: MainApp Starting... 
Debug[09:50:13]: Add applets to MainWindow...
 
Debug[09:50:13]: Initialize Connection... 
Debug[09:50:13]: signal in logmode 
Debug[09:50:13]: "INF(09:50:13.868):Mode is OK" 
Debug[09:50:13]: log_breakpoint 
Debug[09:50:13]: 5 
Debug[09:50:13]: signal in logmode 
Debug[09:50:13]: "INF(09:50:13.869):Attempt" 
Debug[09:50:13]: log_breakpoint 
Debug[09:50:13]: 5 
Debug[09:50:14]: signal in logmode 
Debug[09:50:14]: "INF(09:50:14.178):Attempt" 
Debug[09:50:14]: log_breakpoint 
Debug[09:50:14]: 5 
Debug[09:50:14]: signal in logmode 
Debug[09:50:14]: "INF(09:50:14.491):Attempt" 
Debug[09:50:14]: log_breakpoint 
Debug[09:50:14]: 5 
Debug[09:50:14]: signal in logmode 
Debug[09:50:14]: "INF(09:50:14.803):Mode is OK" 
Debug[09:50:14]: log_breakpoint 
Debug[09:50:14]: 5 
Debug[09:50:14]: signal in logmode 
Debug[09:50:14]: "INF(09:50:14.806):Attempt" 
Debug[09:50:14]: log_breakpoint 
Debug[09:50:14]: 5 
Debug[09:50:15]: signal in logmode 
Debug[09:50:15]: "INF(09:50:15.113):Attempt" 
Debug[09:50:15]: log_breakpoint 
Debug[09:50:15]: 5 
Debug[09:50:15]: signal in logmode 
Debug[09:50:15]: "INF(09:50:15.427):Attempt" 
Debug[09:50:15]: log_breakpoint 
Debug[09:50:15]: 5 
Debug[09:50:15]: signal in logmode 
Debug[09:50:15]: "INF(09:50:15.740):Mode is OK" 
Debug[09:50:15]: log_breakpoint 
Debug[09:50:15]: 5 
Debug[09:50:15]: signal in logmode 
Debug[09:50:15]: "INF(09:50:15.743):Attempt" 
Debug[09:50:15]: log_breakpoint 
Debug[09:50:15]: 5 
Debug[09:50:15]: signal in logmode 
Debug[09:50:15]: "INF(09:50:15.894):Mode is OK" 
Debug[09:50:15]: log_breakpoint 
Debug[09:50:15]: 5 
Debug[09:50:15]: signal in logmode 
Debug[09:50:15]: "INF(09:50:15.896):Attempt" 
Debug[09:50:15]: log_breakpoint 
Debug[09:50:15]: 5 
Debug[09:50:16]: signal in logmode 
Debug[09:50:16]: "INF(09:50:16.201):Attempt" 
Debug[09:50:16]: log_breakpoint 
Debug[09:50:16]: 5 
Debug[09:50:16]: signal in logmode 
Debug[09:50:16]: "INF(09:50:16.513):Attempt" 
Debug[09:50:16]: log_breakpoint 
Debug[09:50:16]: 5 
Debug[09:50:16]: signal in logmode 
Debug[09:50:16]: "INF(09:50:16.826):Mode is OK" 
Debug[09:50:16]: log_breakpoint 
Debug[09:50:16]: 5 
Debug[09:50:16]: signal in logmode 
Debug[09:50:16]: "INF(09:50:16.830):Attempt" 
Debug[09:50:16]: log_breakpoint 
Debug[09:50:16]: 5 
Debug[09:50:17]: signal in logmode 
Debug[09:50:17]: "INF(09:50:17.136):Attempt" 
Debug[09:50:17]: log_breakpoint 
Debug[09:50:17]: 5 
Debug[09:50:17]: signal in logmode 
Debug[09:50:17]: "INF(09:50:17.450):Attempt" 
Debug[09:50:17]: log_breakpoint 
Debug[09:50:17]: 5 
Debug[09:50:17]: signal in logmode 
Debug[09:50:17]: "INF(09:50:17.761):Mode is OK" 
Debug[09:50:17]: log_breakpoint 
Debug[09:50:17]: 5 
Debug[09:50:17]: signal in logmode 
Debug[09:50:17]: "INF(09:50:17.765):Attempt" 
Debug[09:50:17]: log_breakpoint 
Debug[09:50:17]: 5 
Debug[09:50:18]: signal in logmode 
Debug[09:50:18]: "INF(09:50:18.073):Attempt" 
Debug[09:50:18]: log_breakpoint 
Debug[09:50:18]: 5 
Debug[09:50:18]: signal in logmode 
Debug[09:50:18]: "INF(09:50:18.385):Attempt" 
Debug[09:50:18]: log_breakpoint 
Debug[09:50:18]: 5 
Warning[09:50:18]: QFileSystemWatcher: failed to add paths: C:/REPO/DSI3PAS2_workingdir/DSI3PAS2/Software/bin/ULSEverification_configfiles, C:/REPO/DSI3PAS2_workingdir/DSI3PAS2/Software/bin/ConfigFiles_29_1_2021_Jiri_MOBIS, C:/Users/fg6cnq/Desktop/DSI3PAS2_UART_QtSW_20210129_1511, C:/Users/zbdn9w/Desktop/Temp/CFAR QT uprava ToF, C:/Users/zbdn9w/Desktop/Temp/CFAR QT Komprimace do CSV, U:/Dokumenty/MOBIS/Crosstalk 11-2021
Debug[09:50:22]: signal in logmode 
Debug[09:50:22]: "INF(09:50:22.478):Mode is OK" 
Debug[09:50:22]: log_breakpoint 
Debug[09:50:22]: 5 
Debug[09:50:22]: signal in logmode 
Debug[09:50:22]: "INF(09:50:22.481):Attempt" 
Debug[09:50:22]: log_breakpoint 
Debug[09:50:22]: 5 
Debug[09:50:22]: signal in logmode 
Debug[09:50:22]: "INF(09:50:22.805):Attempt" 
Debug[09:50:22]: log_breakpoint 
Debug[09:50:22]: 5 
Debug[09:50:23]: signal in logmode 
Debug[09:50:23]: "INF(09:50:23.124):Attempt" 
Debug[09:50:23]: log_breakpoint 
Debug[09:50:23]: 5 
Debug[09:50:23]: signal in logmode 
Debug[09:50:23]: "INF(09:50:23.442):Mode is OK" 
Debug[09:50:23]: log_breakpoint 
Debug[09:50:23]: 5 
Debug[09:50:23]: signal in logmode 
Debug[09:50:23]: "INF(09:50:23.444):Attempt" 
Debug[09:50:23]: log_breakpoint 
Debug[09:50:23]: 5 
Debug[09:50:23]: signal in logmode 
Debug[09:50:23]: "INF(09:50:23.757):Attempt" 
Debug[09:50:23]: log_breakpoint 
Debug[09:50:23]: 5 
Debug[09:50:24]: signal in logmode 
Debug[09:50:24]: "INF(09:50:24.074):Attempt" 
Debug[09:50:24]: log_breakpoint 
Debug[09:50:24]: 5 
Debug[09:50:24]: signal in logmode 
Debug[09:50:24]: "INF(09:50:24.393):Mode is OK" 
Debug[09:50:24]: log_breakpoint 
Debug[09:50:24]: 5 
Debug[09:50:24]: signal in logmode 
Debug[09:50:24]: "INF(09:50:24.394):Attempt" 
Debug[09:50:24]: log_breakpoint 
Debug[09:50:24]: 5 
Debug[09:50:24]: signal in logmode 
Debug[09:50:24]: "INF(09:50:24.424):RDUM master connected" 
Debug[09:50:24]: log_breakpoint 
Debug[09:50:24]: 5 
Debug[09:50:24]: signal in logmode 
Debug[09:50:24]: "INF(09:50:24.426):Connected to \\.\COM26" 
Debug[09:50:24]: log_breakpoint 
Debug[09:50:24]: 5 
Warning[09:50:24]: Could not parse stylesheet of widget 0x2b262e0
Debug[09:50:24]: "Resume:Logs" 
Debug[09:50:24]: "Resume:Settings" 
Debug[09:50:24]: "Resume:UartUartController" 
Debug[09:50:24]: "Resume:UartSpiController" 
Debug[09:50:24]: "Resume:UartSsiController" 
Debug[09:50:24]: "Resume:DSI3Master" 
Debug[09:50:24]: "Resume:ASICMaster" 
Debug[09:50:24]: "Resume:RDUMMaster" 
Debug[09:50:24]: "Resume:DSI3Slave" 
Debug[09:50:24]: "Resume:Measurement" 
Debug[09:50:24]: "Resume:CFARsim" 
Warning[10:18:41]: QObject::connect: Cannot connect LocalServer::log(int,QString) to (null)::slot_addLog(int,QString)
Debug[10:18:44]: LocalServer:new "" 
Debug[10:18:46]: "Suspend:Settings" 
Debug[10:18:46]: "Suspend:UartUartController" 
Debug[10:18:46]: "Suspend:UartSpiController" 
Debug[10:18:46]: "Suspend:UartSsiController" 
Debug[10:18:46]: "Suspend:DSI3Master" 
Debug[10:18:46]: "Suspend:ASICMaster" 
Debug[10:18:46]: "Suspend:RDUMMaster" 
Debug[10:18:46]: "Suspend:DSI3Slave" 
Debug[10:18:46]: "Suspend:Measurement" 
Debug[10:18:46]: "Suspend:CFARsim" 
Debug[10:18:46]: signal in logmode 
Debug[10:18:46]: "INF(10:18:46.946):Disconnect by user" 
Debug[10:18:46]: log_breakpoint 
Debug[10:18:46]: 5 
Debug[10:18:47]: signal in logmode 
Debug[10:18:47]: "INF(10:18:47.086):Disconnect by user" 
Debug[10:18:47]: log_breakpoint 
Debug[10:18:47]: 5 
Warning[10:18:48]: QObject::connect: Cannot connect LocalServer::log(int,QString) to (null)::slot_addLog(int,QString)
Debug[10:18:48]: LocalServer:new "\\.\pipe\DSI3PAS" 
Debug[10:18:48]: Register specific 
Debug[10:18:49]: DynScaleCaclulate 
Debug[10:18:49]: "init 2 UartUartController" 
Debug[10:18:49]: Ok 
Debug[10:18:49]: "init 3 UartSpiController" 
Debug[10:18:49]: Ok 
Debug[10:18:49]: "init 4 UartSsiController" 
Debug[10:18:49]: Ok 
Debug[10:18:49]: "init 5 DSI3Master" 
Debug[10:18:49]: Ok 
Debug[10:18:49]: "init 6 ASICMaster" 
Debug[10:18:49]: Ok 
Debug[10:18:49]: "init 7 RDUMMaster" 
Debug[10:18:49]: Ok 
Debug[10:18:49]: "init 8 DSI3Slave" 
Debug[10:18:49]: Ok 
Debug[10:18:49]: "init 9 Measurement" 
Debug[10:18:50]: Ok 
Debug[10:18:50]: "init 10 CFARsim" 
Debug[10:18:50]: Ok 
Debug[10:18:50]: MainApp Starting... 
Debug[10:18:51]: Add applets to MainWindow...
 
Debug[10:18:51]: Initialize Connection... 
Debug[10:18:51]: signal in logmode 
Debug[10:18:51]: "INF(10:18:51.290):Mode is OK" 
Debug[10:18:51]: log_breakpoint 
Debug[10:18:51]: 5 
Debug[10:18:51]: signal in logmode 
Debug[10:18:51]: "INF(10:18:51.292):Attempt" 
Debug[10:18:51]: log_breakpoint 
Debug[10:18:51]: 5 
Debug[10:18:51]: signal in logmode 
Debug[10:18:51]: "INF(10:18:51.599):Attempt" 
Debug[10:18:51]: log_breakpoint 
Debug[10:18:51]: 5 
Debug[10:18:51]: signal in logmode 
Debug[10:18:51]: "INF(10:18:51.910):Attempt" 
Debug[10:18:51]: log_breakpoint 
Debug[10:18:51]: 5 
Debug[10:18:52]: signal in logmode 
Debug[10:18:52]: "INF(10:18:52.224):Mode is OK" 
Debug[10:18:52]: log_breakpoint 
Debug[10:18:52]: 5 
Debug[10:18:52]: signal in logmode 
Debug[10:18:52]: "INF(10:18:52.227):Attempt" 
Debug[10:18:52]: log_breakpoint 
Debug[10:18:52]: 5 
Debug[10:18:52]: signal in logmode 
Debug[10:18:52]: "INF(10:18:52.531):Attempt" 
Debug[10:18:52]: log_breakpoint 
Debug[10:18:52]: 5 
Debug[10:18:52]: signal in logmode 
Debug[10:18:52]: "INF(10:18:52.844):Attempt" 
Debug[10:18:52]: log_breakpoint 
Debug[10:18:52]: 5 
Debug[10:18:53]: signal in logmode 
Debug[10:18:53]: "INF(10:18:53.156):Mode is OK" 
Debug[10:18:53]: log_breakpoint 
Debug[10:18:53]: 5 
Debug[10:18:53]: signal in logmode 
Debug[10:18:53]: "INF(10:18:53.160):Attempt" 
Debug[10:18:53]: log_breakpoint 
Debug[10:18:53]: 5 
Debug[10:18:53]: signal in logmode 
Debug[10:18:53]: "INF(10:18:53.315):Mode is OK" 
Debug[10:18:53]: log_breakpoint 
Debug[10:18:53]: 5 
Debug[10:18:53]: signal in logmode 
Debug[10:18:53]: "INF(10:18:53.318):Attempt" 
Debug[10:18:53]: log_breakpoint 
Debug[10:18:53]: 5 
Debug[10:18:53]: signal in logmode 
Debug[10:18:53]: "INF(10:18:53.635):Attempt" 
Debug[10:18:53]: log_breakpoint 
Debug[10:18:53]: 5 
Debug[10:18:53]: signal in logmode 
Debug[10:18:53]: "INF(10:18:53.945):Attempt" 
Debug[10:18:53]: log_breakpoint 
Debug[10:18:53]: 5 
Debug[10:18:54]: signal in logmode 
Debug[10:18:54]: "INF(10:18:54.258):Mode is OK" 
Debug[10:18:54]: log_breakpoint 
Debug[10:18:54]: 5 
Debug[10:18:54]: signal in logmode 
Debug[10:18:54]: "INF(10:18:54.261):Attempt" 
Debug[10:18:54]: log_breakpoint 
Debug[10:18:54]: 5 
Debug[10:18:54]: signal in logmode 
Debug[10:18:54]: "INF(10:18:54.570):Attempt" 
Debug[10:18:54]: log_breakpoint 
Debug[10:18:54]: 5 
Debug[10:18:54]: signal in logmode 
Debug[10:18:54]: "INF(10:18:54.879):Attempt" 
Debug[10:18:54]: log_breakpoint 
Debug[10:18:54]: 5 
Debug[10:18:55]: signal in logmode 
Debug[10:18:55]: "INF(10:18:55.191):Mode is OK" 
Debug[10:18:55]: log_breakpoint 
Debug[10:18:55]: 5 
Debug[10:18:55]: signal in logmode 
Debug[10:18:55]: "INF(10:18:55.196):Attempt" 
Debug[10:18:55]: log_breakpoint 
Debug[10:18:55]: 5 
Debug[10:18:55]: signal in logmode 
Debug[10:18:55]: "INF(10:18:55.503):Attempt" 
Debug[10:18:55]: log_breakpoint 
Debug[10:18:55]: 5 
Debug[10:18:55]: signal in logmode 
Debug[10:18:55]: "INF(10:18:55.814):Attempt" 
Debug[10:18:55]: log_breakpoint 
Debug[10:18:55]: 5 
Warning[10:18:56]: QFileSystemWatcher: failed to add paths: C:/REPO/DSI3PAS2_workingdir/DSI3PAS2/Software/bin/ULSEverification_configfiles, C:/REPO/DSI3PAS2_workingdir/DSI3PAS2/Software/bin/ConfigFiles_29_1_2021_Jiri_MOBIS, C:/Users/fg6cnq/Desktop/DSI3PAS2_UART_QtSW_20210129_1511, C:/Users/zbdn9w/Desktop/Temp/CFAR QT uprava ToF, C:/Users/zbdn9w/Desktop/Temp/CFAR QT Komprimace do CSV, U:/Dokumenty/MOBIS/Crosstalk 11-2021
Debug[10:18:59]: signal in logmode 
Debug[10:18:59]: "INF(10:18:59.849):Mode is OK" 
Debug[10:18:59]: log_breakpoint 
Debug[10:18:59]: 5 
Debug[10:18:59]: signal in logmode 
Debug[10:18:59]: "INF(10:18:59.852):Attempt" 
Debug[10:18:59]: log_breakpoint 
Debug[10:18:59]: 5 
Debug[10:19:00]: signal in logmode 
Debug[10:19:00]: "INF(10:19:00.169):Attempt" 
Debug[10:19:00]: log_breakpoint 
Debug[10:19:00]: 5 
Debug[10:19:00]: signal in logmode 
Debug[10:19:00]: "INF(10:19:00.477):Attempt" 
Debug[10:19:00]: log_breakpoint 
Debug[10:19:00]: 5 
Debug[10:19:00]: signal in logmode 
Debug[10:19:00]: "INF(10:19:00.791):Mode is OK" 
Debug[10:19:00]: log_breakpoint 
Debug[10:19:00]: 5 
Debug[10:19:00]: signal in logmode 
Debug[10:19:00]: "INF(10:19:00.794):Attempt" 
Debug[10:19:00]: log_breakpoint 
Debug[10:19:00]: 5 
Debug[10:19:01]: signal in logmode 
Debug[10:19:01]: "INF(10:19:01.101):Attempt" 
Debug[10:19:01]: log_breakpoint 
Debug[10:19:01]: 5 
Debug[10:19:01]: signal in logmode 
Debug[10:19:01]: "INF(10:19:01.413):Attempt" 
Debug[10:19:01]: log_breakpoint 
Debug[10:19:01]: 5 
Debug[10:19:01]: signal in logmode 
Debug[10:19:01]: "INF(10:19:01.723):Mode is OK" 
Debug[10:19:01]: log_breakpoint 
Debug[10:19:01]: 5 
Debug[10:19:01]: signal in logmode 
Debug[10:19:01]: "INF(10:19:01.726):Attempt" 
Debug[10:19:01]: log_breakpoint 
Debug[10:19:01]: 5 
Debug[10:19:01]: signal in logmode 
Debug[10:19:01]: "INF(10:19:01.733):RDUM master connected" 
Debug[10:19:01]: log_breakpoint 
Debug[10:19:01]: 5 
Debug[10:19:01]: signal in logmode 
Debug[10:19:01]: "INF(10:19:01.735):Connected to \\.\COM26" 
Debug[10:19:01]: log_breakpoint 
Debug[10:19:01]: 5 
Warning[10:19:01]: Could not parse stylesheet of widget 0x3256900
Debug[10:19:01]: "Resume:Logs" 
Debug[10:19:01]: "Resume:Settings" 
Debug[10:19:01]: "Resume:UartUartController" 
Debug[10:19:01]: "Resume:UartSpiController" 
Debug[10:19:01]: "Resume:UartSsiController" 
Debug[10:19:01]: "Resume:DSI3Master" 
Debug[10:19:01]: "Resume:ASICMaster" 
Debug[10:19:01]: "Resume:RDUMMaster" 
Debug[10:19:01]: "Resume:DSI3Slave" 
Debug[10:19:01]: "Resume:Measurement" 
Debug[10:19:01]: "Resume:CFARsim" 
Warning[10:20:30]: QObject::connect: Cannot connect LocalServer::log(int,QString) to (null)::slot_addLog(int,QString)
Debug[10:20:32]: LocalServer:new "\\.\pipe\aaa" 
Debug[10:20:32]: Register specific 
Debug[10:20:33]: DynScaleCaclulate 
Debug[10:20:33]: "init 2 UartUartController" 
Debug[10:20:33]: Ok 
Debug[10:20:33]: "init 3 UartSpiController" 
Debug[10:20:33]: Ok 
Debug[10:20:33]: "init 4 UartSsiController" 
Debug[10:20:33]: Ok 
Debug[10:20:33]: "init 5 DSI3Master" 
Debug[10:20:33]: Ok 
Debug[10:20:33]: "init 6 ASICMaster" 
Debug[10:20:33]: Ok 
Debug[10:20:33]: "init 7 RDUMMaster" 
Debug[10:20:33]: Ok 
Debug[10:20:33]: "init 8 DSI3Slave" 
Debug[10:20:33]: Ok 
Debug[10:20:33]: "init 9 Measurement" 
Debug[10:20:34]: Ok 
Debug[10:20:34]: "init 10 CFARsim" 
Debug[10:20:34]: Ok 
Debug[10:20:34]: MainApp Starting... 
Debug[10:20:35]: Add applets to MainWindow...
 
Debug[10:20:35]: Initialize Connection... 
Debug[10:20:35]: signal in logmode 
Debug[10:20:35]: "INF(10:20:35.225):Mode is OK" 
Debug[10:20:35]: log_breakpoint 
Debug[10:20:35]: 5 
Debug[10:20:35]: signal in logmode 
Debug[10:20:35]: "INF(10:20:35.228):Attempt" 
Debug[10:20:35]: log_breakpoint 
Debug[10:20:35]: 5 
Debug[10:20:35]: signal in logmode 
Debug[10:20:35]: "INF(10:20:35.541):Attempt" 
Debug[10:20:35]: log_breakpoint 
Debug[10:20:35]: 5 
Debug[10:20:35]: signal in logmode 
Debug[10:20:35]: "INF(10:20:35.853):Attempt" 
Debug[10:20:35]: log_breakpoint 
Debug[10:20:35]: 5 
Debug[10:20:36]: signal in logmode 
Debug[10:20:36]: "INF(10:20:36.165):Mode is OK" 
Debug[10:20:36]: log_breakpoint 
Debug[10:20:36]: 5 
Debug[10:20:36]: signal in logmode 
Debug[10:20:36]: "INF(10:20:36.169):Attempt" 
Debug[10:20:36]: log_breakpoint 
Debug[10:20:36]: 5 
Debug[10:20:36]: signal in logmode 
Debug[10:20:36]: "INF(10:20:36.474):Attempt" 
Debug[10:20:36]: log_breakpoint 
Debug[10:20:36]: 5 
Debug[10:20:36]: signal in logmode 
Debug[10:20:36]: "INF(10:20:36.786):Attempt" 
Debug[10:20:36]: log_breakpoint 
Debug[10:20:36]: 5 
Debug[10:20:37]: signal in logmode 
Debug[10:20:37]: "INF(10:20:37.099):Mode is OK" 
Debug[10:20:37]: log_breakpoint 
Debug[10:20:37]: 5 
Debug[10:20:37]: signal in logmode 
Debug[10:20:37]: "INF(10:20:37.102):Attempt" 
Debug[10:20:37]: log_breakpoint 
Debug[10:20:37]: 5 
Debug[10:20:37]: signal in logmode 
Debug[10:20:37]: "INF(10:20:37.411):Attempt" 
Debug[10:20:37]: log_breakpoint 
Debug[10:20:37]: 5 
Debug[10:20:37]: signal in logmode 
Debug[10:20:37]: "INF(10:20:37.722):Attempt" 
Debug[10:20:37]: log_breakpoint 
Debug[10:20:37]: 5 
Warning[10:20:38]: QFileSystemWatcher: failed to add paths: C:/REPO/DSI3PAS2_workingdir/DSI3PAS2/Software/bin/ULSEverification_configfiles, C:/REPO/DSI3PAS2_workingdir/DSI3PAS2/Software/bin/ConfigFiles_29_1_2021_Jiri_MOBIS, C:/Users/fg6cnq/Desktop/DSI3PAS2_UART_QtSW_20210129_1511, C:/Users/zbdn9w/Desktop/Temp/CFAR QT uprava ToF, C:/Users/zbdn9w/Desktop/Temp/CFAR QT Komprimace do CSV, U:/Dokumenty/MOBIS/Crosstalk 11-2021
Debug[10:20:41]: signal in logmode 
Debug[10:20:41]: "INF(10:20:41.185):Connected to no_board" 
Debug[10:20:41]: log_breakpoint 
Debug[10:20:41]: 5 
Warning[10:20:41]: Could not parse stylesheet of widget 0x3e0f4a8
Debug[10:20:41]: "Resume:Logs" 
Debug[10:20:41]: "Resume:Settings" 
Debug[10:20:41]: "Resume:UartUartController" 
Debug[10:20:41]: "Resume:UartSpiController" 
Debug[10:20:41]: "Resume:UartSsiController" 
Debug[10:20:41]: "Resume:DSI3Master" 
Debug[10:20:41]: "Resume:ASICMaster" 
Debug[10:20:41]: "Resume:RDUMMaster" 
Debug[10:20:41]: "Resume:DSI3Slave" 
Debug[10:20:41]: "Resume:Measurement" 
Debug[10:20:41]: "Resume:CFARsim" 
Debug[10:22:58]: "Suspend:Settings" 
Debug[10:22:58]: "Suspend:UartUartController" 
Debug[10:22:58]: "Suspend:UartSpiController" 
Debug[10:22:58]: "Suspend:UartSsiController" 
Debug[10:22:58]: "Suspend:DSI3Master" 
Debug[10:22:58]: "Suspend:ASICMaster" 
Debug[10:22:58]: "Suspend:RDUMMaster" 
Debug[10:22:58]: "Suspend:DSI3Slave" 
Debug[10:22:58]: "Suspend:Measurement" 
Debug[10:22:58]: "Suspend:CFARsim" 
Debug[10:22:58]: signal in logmode 
Debug[10:22:58]: "INF(10:22:58.540):Disconnect by user" 
Debug[10:22:58]: log_breakpoint 
Debug[10:22:58]: 5 
Debug[10:22:58]: signal in logmode 
Debug[10:22:58]: "INF(10:22:58.696):Disconnect by user" 
Debug[10:22:58]: log_breakpoint 
Debug[10:22:58]: 5 
Debug[10:38:44]: "Suspend:Settings" 
Debug[10:38:44]: "Suspend:UartUartController" 
Debug[10:38:44]: "Suspend:UartSpiController" 
Debug[10:38:44]: "Suspend:UartSsiController" 
Debug[10:38:44]: "Suspend:DSI3Master" 
Debug[10:38:44]: "Suspend:ASICMaster" 
Debug[10:38:44]: "Suspend:RDUMMaster" 
Debug[10:38:44]: "Suspend:DSI3Slave" 
Debug[10:38:44]: "Suspend:Measurement" 
Debug[10:38:44]: "Suspend:CFARsim" 
Debug[10:38:44]: signal in logmode 
Debug[10:38:44]: "INF(10:38:44.606):Disconnect by user" 
Debug[10:38:44]: log_breakpoint 
Debug[10:38:44]: 5 
Debug[10:38:44]: signal in logmode 
Debug[10:38:44]: "INF(10:38:44.626):Disconnect by user" 
Debug[10:38:44]: log_breakpoint 
Debug[10:38:44]: 5 
Warning[10:38:48]: QObject::connect: Cannot connect LocalServer::log(int,QString) to (null)::slot_addLog(int,QString)
Debug[10:38:48]: LocalServer:new "\\.\pipe\DSI3PAS" 
Debug[10:38:48]: Register specific 
Debug[10:38:49]: DynScaleCaclulate 
Debug[10:38:49]: "init 2 UartUartController" 
Debug[10:38:49]: Ok 
Debug[10:38:49]: "init 3 UartSpiController" 
Debug[10:38:49]: Ok 
Debug[10:38:49]: "init 4 UartSsiController" 
Debug[10:38:49]: Ok 
Debug[10:38:49]: "init 5 DSI3Master" 
Debug[10:38:49]: Ok 
Debug[10:38:49]: "init 6 ASICMaster" 
Debug[10:38:49]: Ok 
Debug[10:38:49]: "init 7 RDUMMaster" 
Debug[10:38:49]: Ok 
Debug[10:38:49]: "init 8 DSI3Slave" 
Debug[10:38:50]: Ok 
Debug[10:38:50]: "init 9 Measurement" 
Debug[10:38:50]: Ok 
Debug[10:38:50]: "init 10 CFARsim" 
Debug[10:38:50]: Ok 
Debug[10:38:50]: MainApp Starting... 
Debug[10:38:51]: Add applets to MainWindow...
 
Debug[10:38:51]: Initialize Connection... 
Debug[10:38:51]: signal in logmode 
Debug[10:38:51]: "INF(10:38:51.597):Mode is OK" 
Debug[10:38:51]: log_breakpoint 
Debug[10:38:51]: 5 
Debug[10:38:51]: signal in logmode 
Debug[10:38:51]: "INF(10:38:51.600):Attempt" 
Debug[10:38:51]: log_breakpoint 
Debug[10:38:51]: 5 
Debug[10:38:51]: signal in logmode 
Debug[10:38:51]: "INF(10:38:51.923):Attempt" 
Debug[10:38:51]: log_breakpoint 
Debug[10:38:51]: 5 
Debug[10:38:52]: signal in logmode 
Debug[10:38:52]: "INF(10:38:52.237):Attempt" 
Debug[10:38:52]: log_breakpoint 
Debug[10:38:52]: 5 
Debug[10:38:52]: signal in logmode 
Debug[10:38:52]: "INF(10:38:52.546):Mode is OK" 
Debug[10:38:52]: log_breakpoint 
Debug[10:38:52]: 5 
Debug[10:38:52]: signal in logmode 
Debug[10:38:52]: "INF(10:38:52.547):Attempt" 
Debug[10:38:52]: log_breakpoint 
Debug[10:38:52]: 5 
Debug[10:38:52]: signal in logmode 
Debug[10:38:52]: "INF(10:38:52.857):Attempt" 
Debug[10:38:52]: log_breakpoint 
Debug[10:38:52]: 5 
Debug[10:38:53]: signal in logmode 
Debug[10:38:53]: "INF(10:38:53.169):Attempt" 
Debug[10:38:53]: log_breakpoint 
Debug[10:38:53]: 5 
Debug[10:38:53]: signal in logmode 
Debug[10:38:53]: "INF(10:38:53.479):Mode is OK" 
Debug[10:38:53]: log_breakpoint 
Debug[10:38:53]: 5 
Debug[10:38:53]: signal in logmode 
Debug[10:38:53]: "INF(10:38:53.483):Attempt" 
Debug[10:38:53]: log_breakpoint 
Debug[10:38:53]: 5 
Debug[10:38:53]: signal in logmode 
Debug[10:38:53]: "INF(10:38:53.642):Mode is OK" 
Debug[10:38:53]: log_breakpoint 
Debug[10:38:53]: 5 
Debug[10:38:53]: signal in logmode 
Debug[10:38:53]: "INF(10:38:53.645):Attempt" 
Debug[10:38:53]: log_breakpoint 
Debug[10:38:53]: 5 
Debug[10:38:53]: signal in logmode 
Debug[10:38:53]: "INF(10:38:53.966):Attempt" 
Debug[10:38:53]: log_breakpoint 
Debug[10:38:53]: 5 
Debug[10:38:54]: signal in logmode 
Debug[10:38:54]: "INF(10:38:54.278):Attempt" 
Debug[10:38:54]: log_breakpoint 
Debug[10:38:54]: 5 
Debug[10:38:54]: signal in logmode 
Debug[10:38:54]: "INF(10:38:54.589):Mode is OK" 
Debug[10:38:54]: log_breakpoint 
Debug[10:38:54]: 5 
Debug[10:38:54]: signal in logmode 
Debug[10:38:54]: "INF(10:38:54.592):Attempt" 
Debug[10:38:54]: log_breakpoint 
Debug[10:38:54]: 5 
Debug[10:38:54]: signal in logmode 
Debug[10:38:54]: "INF(10:38:54.899):Attempt" 
Debug[10:38:54]: log_breakpoint 
Debug[10:38:54]: 5 
Debug[10:38:55]: signal in logmode 
Debug[10:38:55]: "INF(10:38:55.212):Attempt" 
Debug[10:38:55]: log_breakpoint 
Debug[10:38:55]: 5 
Debug[10:38:55]: signal in logmode 
Debug[10:38:55]: "INF(10:38:55.526):Mode is OK" 
Debug[10:38:55]: log_breakpoint 
Debug[10:38:55]: 5 
Debug[10:38:55]: signal in logmode 
Debug[10:38:55]: "INF(10:38:55.529):Attempt" 
Debug[10:38:55]: log_breakpoint 
Debug[10:38:55]: 5 
Debug[10:38:55]: signal in logmode 
Debug[10:38:55]: "INF(10:38:55.838):Attempt" 
Debug[10:38:55]: log_breakpoint 
Debug[10:38:55]: 5 
Debug[10:38:56]: signal in logmode 
Debug[10:38:56]: "INF(10:38:56.147):Attempt" 
Debug[10:38:56]: log_breakpoint 
Debug[10:38:56]: 5 
Warning[10:38:56]: QFileSystemWatcher: failed to add paths: C:/REPO/DSI3PAS2_workingdir/DSI3PAS2/Software/bin/ULSEverification_configfiles, C:/REPO/DSI3PAS2_workingdir/DSI3PAS2/Software/bin/ConfigFiles_29_1_2021_Jiri_MOBIS, C:/Users/fg6cnq/Desktop/DSI3PAS2_UART_QtSW_20210129_1511, C:/Users/zbdn9w/Desktop/Temp/CFAR QT uprava ToF, C:/Users/zbdn9w/Desktop/Temp/CFAR QT Komprimace do CSV, U:/Dokumenty/MOBIS/Crosstalk 11-2021
Debug[10:38:59]: signal in logmode 
Debug[10:38:59]: "INF(10:38:59.824):Mode is OK" 
Debug[10:38:59]: log_breakpoint 
Debug[10:38:59]: 5 
Debug[10:38:59]: signal in logmode 
Debug[10:38:59]: "INF(10:38:59.826):Attempt" 
Debug[10:38:59]: log_breakpoint 
Debug[10:38:59]: 5 
Debug[10:39:00]: signal in logmode 
Debug[10:39:00]: "INF(10:39:00.142):Attempt" 
Debug[10:39:00]: log_breakpoint 
Debug[10:39:00]: 5 
Debug[10:39:00]: signal in logmode 
Debug[10:39:00]: "INF(10:39:00.455):Attempt" 
Debug[10:39:00]: log_breakpoint 
Debug[10:39:00]: 5 
Debug[10:39:00]: signal in logmode 
Debug[10:39:00]: "INF(10:39:00.771):Mode is OK" 
Debug[10:39:00]: log_breakpoint 
Debug[10:39:00]: 5 
Debug[10:39:00]: signal in logmode 
Debug[10:39:00]: "INF(10:39:00.773):Attempt" 
Debug[10:39:00]: log_breakpoint 
Debug[10:39:00]: 5 
Debug[10:39:01]: signal in logmode 
Debug[10:39:01]: "INF(10:39:01.090):Attempt" 
Debug[10:39:01]: log_breakpoint 
Debug[10:39:01]: 5 
Debug[10:39:01]: signal in logmode 
Debug[10:39:01]: "INF(10:39:01.406):Attempt" 
Debug[10:39:01]: log_breakpoint 
Debug[10:39:01]: 5 
Debug[10:39:01]: signal in logmode 
Debug[10:39:01]: "INF(10:39:01.724):Mode is OK" 
Debug[10:39:01]: log_breakpoint 
Debug[10:39:01]: 5 
Debug[10:39:01]: signal in logmode 
Debug[10:39:01]: "INF(10:39:01.727):Attempt" 
Debug[10:39:01]: log_breakpoint 
Debug[10:39:01]: 5 
Debug[10:39:01]: signal in logmode 
Debug[10:39:01]: "INF(10:39:01.755):RDUM master connected" 
Debug[10:39:01]: log_breakpoint 
Debug[10:39:01]: 5 
Debug[10:39:01]: signal in logmode 
Debug[10:39:01]: "INF(10:39:01.758):Connected to \\.\COM26" 
Debug[10:39:01]: log_breakpoint 
Debug[10:39:01]: 5 
Warning[10:39:01]: Could not parse stylesheet of widget 0x33366c0
Debug[10:39:01]: "Resume:Logs" 
Debug[10:39:01]: "Resume:Settings" 
Debug[10:39:01]: "Resume:UartUartController" 
Debug[10:39:01]: "Resume:UartSpiController" 
Debug[10:39:01]: "Resume:UartSsiController" 
Debug[10:39:01]: "Resume:DSI3Master" 
Debug[10:39:01]: "Resume:ASICMaster" 
Debug[10:39:01]: "Resume:RDUMMaster" 
Debug[10:39:01]: "Resume:DSI3Slave" 
Debug[10:39:01]: "Resume:Measurement" 
Debug[10:39:01]: "Resume:CFARsim" 
Debug[13:06:02]: "Suspend:Settings" 
Debug[13:06:02]: "Suspend:UartUartController" 
Debug[13:06:02]: "Suspend:UartSpiController" 
Debug[13:06:02]: "Suspend:UartSsiController" 
Debug[13:06:02]: "Suspend:DSI3Master" 
Debug[13:06:02]: "Suspend:ASICMaster" 
Debug[13:06:02]: "Suspend:RDUMMaster" 
Debug[13:06:02]: "Suspend:DSI3Slave" 
Debug[13:06:02]: "Suspend:Measurement" 
Debug[13:06:02]: "Suspend:CFARsim" 
Debug[13:06:02]: signal in logmode 
Debug[13:06:02]: "INF(13:06:02.333):Disconnect by user" 
Debug[13:06:02]: log_breakpoint 
Debug[13:06:02]: 5 
Debug[13:06:02]: signal in logmode 
Debug[13:06:02]: "INF(13:06:02.352):Disconnect by user" 
Debug[13:06:02]: log_breakpoint 
Debug[13:06:02]: 5 
Warning[13:06:05]: QObject::connect: Cannot connect LocalServer::log(int,QString) to (null)::slot_addLog(int,QString)
Debug[13:06:05]: LocalServer:new "\\.\pipe\DSI3PAS" 
Debug[13:06:05]: Register specific 
Debug[13:06:05]: DynScaleCaclulate 
Debug[13:06:05]: "init 2 UartUartController" 
Debug[13:06:06]: Ok 
Debug[13:06:06]: "init 3 UartSpiController" 
Debug[13:06:06]: Ok 
Debug[13:06:06]: "init 4 UartSsiController" 
Debug[13:06:06]: Ok 
Debug[13:06:06]: "init 5 DSI3Master" 
Debug[13:06:06]: Ok 
Debug[13:06:06]: "init 6 ASICMaster" 
Debug[13:06:06]: Ok 
Debug[13:06:06]: "init 7 RDUMMaster" 
Debug[13:06:06]: Ok 
Debug[13:06:06]: "init 8 DSI3Slave" 
Debug[13:06:06]: Ok 
Debug[13:06:06]: "init 9 Measurement" 
Debug[13:06:07]: Ok 
Debug[13:06:07]: "init 10 CFARsim" 
Debug[13:06:07]: Ok 
Debug[13:06:07]: MainApp Starting... 
Debug[13:06:07]: Add applets to MainWindow...
 
Debug[13:06:07]: Initialize Connection... 
Debug[13:06:08]: signal in logmode 
Debug[13:06:08]: "INF(13:06:08.145):Mode is OK" 
Debug[13:06:08]: log_breakpoint 
Debug[13:06:08]: 5 
Debug[13:06:08]: signal in logmode 
Debug[13:06:08]: "INF(13:06:08.146):Attempt" 
Debug[13:06:08]: log_breakpoint 
Debug[13:06:08]: 5 
Debug[13:06:08]: signal in logmode 
Debug[13:06:08]: "INF(13:06:08.456):Attempt" 
Debug[13:06:08]: log_breakpoint 
Debug[13:06:08]: 5 
Debug[13:06:08]: signal in logmode 
Debug[13:06:08]: "INF(13:06:08.765):Attempt" 
Debug[13:06:08]: log_breakpoint 
Debug[13:06:08]: 5 
Debug[13:06:09]: signal in logmode 
Debug[13:06:09]: "INF(13:06:09.078):Mode is OK" 
Debug[13:06:09]: log_breakpoint 
Debug[13:06:09]: 5 
Debug[13:06:09]: signal in logmode 
Debug[13:06:09]: "INF(13:06:09.080):Attempt" 
Debug[13:06:09]: log_breakpoint 
Debug[13:06:09]: 5 
Debug[13:06:09]: signal in logmode 
Debug[13:06:09]: "INF(13:06:09.394):Attempt" 
Debug[13:06:09]: log_breakpoint 
Debug[13:06:09]: 5 
Debug[13:06:09]: signal in logmode 
Debug[13:06:09]: "INF(13:06:09.708):Attempt" 
Debug[13:06:09]: log_breakpoint 
Debug[13:06:09]: 5 
Debug[13:06:10]: signal in logmode 
Debug[13:06:10]: "INF(13:06:10.021):Mode is OK" 
Debug[13:06:10]: log_breakpoint 
Debug[13:06:10]: 5 
Debug[13:06:10]: signal in logmode 
Debug[13:06:10]: "INF(13:06:10.026):Attempt" 
Debug[13:06:10]: log_breakpoint 
Debug[13:06:10]: 5 
Debug[13:06:10]: signal in logmode 
Debug[13:06:10]: "INF(13:06:10.166):Mode is OK" 
Debug[13:06:10]: log_breakpoint 
Debug[13:06:10]: 5 
Debug[13:06:10]: signal in logmode 
Debug[13:06:10]: "INF(13:06:10.167):Attempt" 
Debug[13:06:10]: log_breakpoint 
Debug[13:06:10]: 5 
Debug[13:06:10]: signal in logmode 
Debug[13:06:10]: "INF(13:06:10.472):Attempt" 
Debug[13:06:10]: log_breakpoint 
Debug[13:06:10]: 5 
Debug[13:06:10]: signal in logmode 
Debug[13:06:10]: "INF(13:06:10.785):Attempt" 
Debug[13:06:10]: log_breakpoint 
Debug[13:06:10]: 5 
Debug[13:06:11]: signal in logmode 
Debug[13:06:11]: "INF(13:06:11.096):Mode is OK" 
Debug[13:06:11]: log_breakpoint 
Debug[13:06:11]: 5 
Debug[13:06:11]: signal in logmode 
Debug[13:06:11]: "INF(13:06:11.099):Attempt" 
Debug[13:06:11]: log_breakpoint 
Debug[13:06:11]: 5 
Debug[13:06:11]: signal in logmode 
Debug[13:06:11]: "INF(13:06:11.410):Attempt" 
Debug[13:06:11]: log_breakpoint 
Debug[13:06:11]: 5 
Debug[13:06:11]: signal in logmode 
Debug[13:06:11]: "INF(13:06:11.721):Attempt" 
Debug[13:06:11]: log_breakpoint 
Debug[13:06:11]: 5 
Debug[13:06:12]: signal in logmode 
Debug[13:06:12]: "INF(13:06:12.032):Mode is OK" 
Debug[13:06:12]: log_breakpoint 
Debug[13:06:12]: 5 
Debug[13:06:12]: signal in logmode 
Debug[13:06:12]: "INF(13:06:12.036):Attempt" 
Debug[13:06:12]: log_breakpoint 
Debug[13:06:12]: 5 
Debug[13:06:12]: signal in logmode 
Debug[13:06:12]: "INF(13:06:12.342):Attempt" 
Debug[13:06:12]: log_breakpoint 
Debug[13:06:12]: 5 
Debug[13:06:12]: signal in logmode 
Debug[13:06:12]: "INF(13:06:12.655):Attempt" 
Debug[13:06:12]: log_breakpoint 
Debug[13:06:12]: 5 
Warning[13:06:13]: QFileSystemWatcher: failed to add paths: C:/REPO/DSI3PAS2_workingdir/DSI3PAS2/Software/bin/ULSEverification_configfiles, C:/REPO/DSI3PAS2_workingdir/DSI3PAS2/Software/bin/ConfigFiles_29_1_2021_Jiri_MOBIS, C:/Users/fg6cnq/Desktop/DSI3PAS2_UART_QtSW_20210129_1511, C:/Users/zbdn9w/Desktop/Temp/CFAR QT uprava ToF, C:/Users/zbdn9w/Desktop/Temp/CFAR QT Komprimace do CSV, U:/Dokumenty/MOBIS/Crosstalk 11-2021
Debug[13:06:16]: signal in logmode 
Debug[13:06:16]: "INF(13:06:16.680):Mode is OK" 
Debug[13:06:16]: log_breakpoint 
Debug[13:06:16]: 5 
Debug[13:06:16]: signal in logmode 
Debug[13:06:16]: "INF(13:06:16.683):Attempt" 
Debug[13:06:16]: log_breakpoint 
Debug[13:06:16]: 5 
Debug[13:06:16]: signal in logmode 
Debug[13:06:16]: "INF(13:06:16.990):Attempt" 
Debug[13:06:16]: log_breakpoint 
Debug[13:06:16]: 5 
Debug[13:06:17]: signal in logmode 
Debug[13:06:17]: "INF(13:06:17.306):Attempt" 
Debug[13:06:17]: log_breakpoint 
Debug[13:06:17]: 5 
Debug[13:06:17]: signal in logmode 
Debug[13:06:17]: "INF(13:06:17.622):Mode is OK" 
Debug[13:06:17]: log_breakpoint 
Debug[13:06:17]: 5 
Debug[13:06:17]: signal in logmode 
Debug[13:06:17]: "INF(13:06:17.626):Attempt" 
Debug[13:06:17]: log_breakpoint 
Debug[13:06:17]: 5 
Debug[13:06:17]: signal in logmode 
Debug[13:06:17]: "INF(13:06:17.932):Attempt" 
Debug[13:06:17]: log_breakpoint 
Debug[13:06:17]: 5 
Debug[13:06:18]: signal in logmode 
Debug[13:06:18]: "INF(13:06:18.246):Attempt" 
Debug[13:06:18]: log_breakpoint 
Debug[13:06:18]: 5 
Debug[13:06:18]: signal in logmode 
Debug[13:06:18]: "INF(13:06:18.558):Mode is OK" 
Debug[13:06:18]: log_breakpoint 
Debug[13:06:18]: 5 
Debug[13:06:18]: signal in logmode 
Debug[13:06:18]: "INF(13:06:18.561):Attempt" 
Debug[13:06:18]: log_breakpoint 
Debug[13:06:18]: 5 
Debug[13:06:18]: signal in logmode 
Debug[13:06:18]: "INF(13:06:18.564):RDUM master connected" 
Debug[13:06:18]: log_breakpoint 
Debug[13:06:18]: 5 
Debug[13:06:18]: signal in logmode 
Debug[13:06:18]: "INF(13:06:18.567):Connected to \\.\COM26" 
Debug[13:06:18]: log_breakpoint 
Debug[13:06:18]: 5 
Warning[13:06:18]: Could not parse stylesheet of widget 0x2e564a0
Debug[13:06:18]: "Resume:Logs" 
Debug[13:06:18]: "Resume:Settings" 
Debug[13:06:18]: "Resume:UartUartController" 
Debug[13:06:18]: "Resume:UartSpiController" 
Debug[13:06:18]: "Resume:UartSsiController" 
Debug[13:06:18]: "Resume:DSI3Master" 
Debug[13:06:18]: "Resume:ASICMaster" 
Debug[13:06:18]: "Resume:RDUMMaster" 
Debug[13:06:18]: "Resume:DSI3Slave" 
Debug[13:06:18]: "Resume:Measurement" 
Debug[13:06:18]: "Resume:CFARsim" 
Debug[13:11:39]: "Suspend:Settings" 
Debug[13:11:39]: "Suspend:UartUartController" 
Debug[13:11:39]: "Suspend:UartSpiController" 
Debug[13:11:39]: "Suspend:UartSsiController" 
Debug[13:11:39]: "Suspend:DSI3Master" 
Debug[13:11:39]: "Suspend:ASICMaster" 
Debug[13:11:39]: "Suspend:RDUMMaster" 
Debug[13:11:39]: "Suspend:DSI3Slave" 
Debug[13:11:39]: "Suspend:Measurement" 
Debug[13:11:39]: "Suspend:CFARsim" 
Debug[13:11:39]: signal in logmode 
Debug[13:11:39]: "INF(13:11:39.081):Disconnect by user" 
Debug[13:11:39]: log_breakpoint 
Debug[13:11:39]: 5 
Debug[13:11:39]: signal in logmode 
Debug[13:11:39]: "INF(13:11:39.220):Disconnect by user" 
Debug[13:11:39]: log_breakpoint 
Debug[13:11:39]: 5 
Warning[13:14:43]: QObject::connect: Cannot connect LocalServer::log(int,QString) to (null)::slot_addLog(int,QString)
Debug[13:14:43]: LocalServer:new "\\.\pipe\DSI3PAS" 
Debug[13:14:43]: Register specific 
Debug[13:14:44]: DynScaleCaclulate 
Debug[13:14:44]: "init 2 UartUartController" 
Debug[13:14:44]: Ok 
Debug[13:14:44]: "init 3 UartSpiController" 
Debug[13:14:44]: Ok 
Debug[13:14:44]: "init 4 UartSsiController" 
Debug[13:14:44]: Ok 
Debug[13:14:44]: "init 5 DSI3Master" 
Debug[13:14:44]: Ok 
Debug[13:14:44]: "init 6 ASICMaster" 
Debug[13:14:44]: Ok 
Debug[13:14:44]: "init 7 RDUMMaster" 
Debug[13:14:44]: Ok 
Debug[13:14:44]: "init 8 DSI3Slave" 
Debug[13:14:45]: Ok 
Debug[13:14:45]: "init 9 Measurement" 
Debug[13:14:45]: Ok 
Debug[13:14:45]: "init 10 CFARsim" 
Debug[13:14:45]: Ok 
Debug[13:14:45]: MainApp Starting... 
Debug[13:14:46]: Add applets to MainWindow...
 
Debug[13:14:46]: Initialize Connection... 
Debug[13:14:46]: signal in logmode 
Debug[13:14:46]: "INF(13:14:46.523):Mode is OK" 
Debug[13:14:46]: log_breakpoint 
Debug[13:14:46]: 5 
Debug[13:14:46]: signal in logmode 
Debug[13:14:46]: "INF(13:14:46.525):Attempt" 
Debug[13:14:46]: log_breakpoint 
Debug[13:14:46]: 5 
Debug[13:14:46]: signal in logmode 
Debug[13:14:46]: "INF(13:14:46.834):Attempt" 
Debug[13:14:46]: log_breakpoint 
Debug[13:14:46]: 5 
Debug[13:14:47]: signal in logmode 
Debug[13:14:47]: "INF(13:14:47.144):Attempt" 
Debug[13:14:47]: log_breakpoint 
Debug[13:14:47]: 5 
Debug[13:14:47]: signal in logmode 
Debug[13:14:47]: "INF(13:14:47.456):Mode is OK" 
Debug[13:14:47]: log_breakpoint 
Debug[13:14:47]: 5 
Debug[13:14:47]: signal in logmode 
Debug[13:14:47]: "INF(13:14:47.459):Attempt" 
Debug[13:14:47]: log_breakpoint 
Debug[13:14:47]: 5 
Debug[13:14:47]: signal in logmode 
Debug[13:14:47]: "INF(13:14:47.765):Attempt" 
Debug[13:14:47]: log_breakpoint 
Debug[13:14:47]: 5 
Debug[13:14:48]: signal in logmode 
Debug[13:14:48]: "INF(13:14:48.081):Attempt" 
Debug[13:14:48]: log_breakpoint 
Debug[13:14:48]: 5 
Debug[13:14:48]: signal in logmode 
Debug[13:14:48]: "INF(13:14:48.388):Mode is OK" 
Debug[13:14:48]: log_breakpoint 
Debug[13:14:48]: 5 
Debug[13:14:48]: signal in logmode 
Debug[13:14:48]: "INF(13:14:48.390):Attempt" 
Debug[13:14:48]: log_breakpoint 
Debug[13:14:48]: 5 
Debug[13:14:48]: signal in logmode 
Debug[13:14:48]: "INF(13:14:48.519):Mode is OK" 
Debug[13:14:48]: log_breakpoint 
Debug[13:14:48]: 5 
Debug[13:14:48]: signal in logmode 
Debug[13:14:48]: "INF(13:14:48.521):Attempt" 
Debug[13:14:48]: log_breakpoint 
Debug[13:14:48]: 5 
Debug[13:14:48]: signal in logmode 
Debug[13:14:48]: "INF(13:14:48.825):Attempt" 
Debug[13:14:48]: log_breakpoint 
Debug[13:14:48]: 5 
Debug[13:14:49]: signal in logmode 
Debug[13:14:49]: "INF(13:14:49.140):Attempt" 
Debug[13:14:49]: log_breakpoint 
Debug[13:14:49]: 5 
Debug[13:14:49]: signal in logmode 
Debug[13:14:49]: "INF(13:14:49.449):Mode is OK" 
Debug[13:14:49]: log_breakpoint 
Debug[13:14:49]: 5 
Debug[13:14:49]: signal in logmode 
Debug[13:14:49]: "INF(13:14:49.453):Attempt" 
Debug[13:14:49]: log_breakpoint 
Debug[13:14:49]: 5 
Debug[13:14:49]: signal in logmode 
Debug[13:14:49]: "INF(13:14:49.763):Attempt" 
Debug[13:14:49]: log_breakpoint 
Debug[13:14:49]: 5 
Debug[13:14:50]: signal in logmode 
Debug[13:14:50]: "INF(13:14:50.073):Attempt" 
Debug[13:14:50]: log_breakpoint 
Debug[13:14:50]: 5 
Debug[13:14:50]: signal in logmode 
Debug[13:14:50]: "INF(13:14:50.385):Mode is OK" 
Debug[13:14:50]: log_breakpoint 
Debug[13:14:50]: 5 
Debug[13:14:50]: signal in logmode 
Debug[13:14:50]: "INF(13:14:50.387):Attempt" 
Debug[13:14:50]: log_breakpoint 
Debug[13:14:50]: 5 
Debug[13:14:50]: signal in logmode 
Debug[13:14:50]: "INF(13:14:50.696):Attempt" 
Debug[13:14:50]: log_breakpoint 
Debug[13:14:50]: 5 
Debug[13:14:51]: signal in logmode 
Debug[13:14:51]: "INF(13:14:51.003):Attempt" 
Debug[13:14:51]: log_breakpoint 
Debug[13:14:51]: 5 
Warning[13:14:51]: QFileSystemWatcher: failed to add paths: C:/REPO/DSI3PAS2_workingdir/DSI3PAS2/Software/bin/ULSEverification_configfiles, C:/REPO/DSI3PAS2_workingdir/DSI3PAS2/Software/bin/ConfigFiles_29_1_2021_Jiri_MOBIS, C:/Users/fg6cnq/Desktop/DSI3PAS2_UART_QtSW_20210129_1511, C:/Users/zbdn9w/Desktop/Temp/CFAR QT uprava ToF, C:/Users/zbdn9w/Desktop/Temp/CFAR QT Komprimace do CSV, U:/Dokumenty/MOBIS/Crosstalk 11-2021
Debug[13:14:55]: signal in logmode 
Debug[13:14:55]: "INF(13:14:55.495):Mode is OK" 
Debug[13:14:55]: log_breakpoint 
Debug[13:14:55]: 5 
Debug[13:14:55]: signal in logmode 
Debug[13:14:55]: "INF(13:14:55.497):Attempt" 
Debug[13:14:55]: log_breakpoint 
Debug[13:14:55]: 5 
Debug[13:14:55]: signal in logmode 
Debug[13:14:55]: "INF(13:14:55.806):Attempt" 
Debug[13:14:55]: log_breakpoint 
Debug[13:14:55]: 5 
Debug[13:14:56]: signal in logmode 
Debug[13:14:56]: "INF(13:14:56.117):Attempt" 
Debug[13:14:56]: log_breakpoint 
Debug[13:14:56]: 5 
Debug[13:14:56]: signal in logmode 
Debug[13:14:56]: "INF(13:14:56.431):Mode is OK" 
Debug[13:14:56]: log_breakpoint 
Debug[13:14:56]: 5 
Debug[13:14:56]: signal in logmode 
Debug[13:14:56]: "INF(13:14:56.434):Attempt" 
Debug[13:14:56]: log_breakpoint 
Debug[13:14:56]: 5 
Debug[13:14:56]: signal in logmode 
Debug[13:14:56]: "INF(13:14:56.742):Attempt" 
Debug[13:14:56]: log_breakpoint 
Debug[13:14:56]: 5 
Debug[13:14:57]: signal in logmode 
Debug[13:14:57]: "INF(13:14:57.053):Attempt" 
Debug[13:14:57]: log_breakpoint 
Debug[13:14:57]: 5 
Debug[13:14:57]: signal in logmode 
Debug[13:14:57]: "INF(13:14:57.367):Mode is OK" 
Debug[13:14:57]: log_breakpoint 
Debug[13:14:57]: 5 
Debug[13:14:57]: signal in logmode 
Debug[13:14:57]: "INF(13:14:57.371):Attempt" 
Debug[13:14:57]: log_breakpoint 
Debug[13:14:57]: 5 
Debug[13:14:57]: signal in logmode 
Debug[13:14:57]: "INF(13:14:57.380):RDUM master connected" 
Debug[13:14:57]: log_breakpoint 
Debug[13:14:57]: 5 
Debug[13:14:57]: signal in logmode 
Debug[13:14:57]: "INF(13:14:57.382):Connected to \\.\COM26" 
Debug[13:14:57]: log_breakpoint 
Debug[13:14:57]: 5 
Warning[13:14:57]: Could not parse stylesheet of widget 0x2b06d80
Debug[13:14:57]: "Resume:Logs" 
Debug[13:14:57]: "Resume:Settings" 
Debug[13:14:57]: "Resume:UartUartController" 
Debug[13:14:57]: "Resume:UartSpiController" 
Debug[13:14:57]: "Resume:UartSsiController" 
Debug[13:14:57]: "Resume:DSI3Master" 
Debug[13:14:57]: "Resume:ASICMaster" 
Debug[13:14:57]: "Resume:RDUMMaster" 
Debug[13:14:57]: "Resume:DSI3Slave" 
Debug[13:14:57]: "Resume:Measurement" 
Debug[13:14:57]: "Resume:CFARsim" 
Debug[13:15:28]: "Suspend:Settings" 
Debug[13:15:28]: "Suspend:UartUartController" 
Debug[13:15:28]: "Suspend:UartSpiController" 
Debug[13:15:28]: "Suspend:UartSsiController" 
Debug[13:15:28]: "Suspend:DSI3Master" 
Debug[13:15:28]: "Suspend:ASICMaster" 
Debug[13:15:28]: "Suspend:RDUMMaster" 
Debug[13:15:28]: "Suspend:DSI3Slave" 
Debug[13:15:28]: "Suspend:Measurement" 
Debug[13:15:28]: "Suspend:CFARsim" 
Debug[13:15:28]: signal in logmode 
Debug[13:15:28]: "INF(13:15:28.291):Disconnect by user" 
Debug[13:15:28]: log_breakpoint 
Debug[13:15:28]: 5 
Debug[13:15:28]: signal in logmode 
Debug[13:15:28]: "INF(13:15:28.455):Disconnect by user" 
Debug[13:15:28]: log_breakpoint 
Debug[13:15:28]: 5 
