Warning[15:07:43]: QObject::connect: Cannot connect LocalServer::log(int,QString) to (null)::slot_addLog(int,QString)
Debug[15:07:43]: LocalServer:new "\\.\pipe\DSI3PAS" 
Debug[15:07:43]: Register specific 
Debug[15:07:44]: DynScaleCaclulate 
Debug[15:07:44]: "init 2 UartUartController" 
Debug[15:07:44]: Ok 
Debug[15:07:44]: "init 3 UartSpiController" 
Debug[15:07:44]: Ok 
Debug[15:07:44]: "init 4 UartSsiController" 
Debug[15:07:44]: Ok 
Debug[15:07:44]: "init 5 DSI3Master" 
Debug[15:07:44]: Ok 
Debug[15:07:44]: "init 6 ASICMaster" 
Debug[15:07:44]: Ok 
Debug[15:07:44]: "init 7 RDUMMaster" 
Debug[15:07:44]: Ok 
Debug[15:07:44]: "init 8 DSI3Slave" 
Debug[15:07:44]: Ok 
Debug[15:07:44]: "init 9 Measurement" 
Debug[15:07:45]: Ok 
Debug[15:07:45]: "init 10 CFARsim" 
Debug[15:07:45]: Ok 
Debug[15:07:45]: MainApp Starting... 
Debug[15:07:46]: Add applets to MainWindow...
 
Debug[15:07:46]: Initialize Connection... 
Warning[15:07:46]: QFileSystemWatcher: failed to add paths: C:/REPO/DSI3PAS2_workingdir/DSI3PAS2/Software/bin/ULSEverification_configfiles, C:/REPO/DSI3PAS2_workingdir/DSI3PAS2/Software/bin/ConfigFiles_29_1_2021_Jiri_MOBIS, C:/Users/fg6cnq/Desktop/DSI3PAS2_UART_QtSW_20210129_1511, C:/Users/zbdn9w/Desktop/Temp/CFAR QT uprava ToF, C:/Users/zbdn9w/Desktop/Temp/CFAR QT Komprimace do CSV, U:/Dokumenty/MOBIS/Crosstalk 11-2021
Debug[15:07:50]: signal in logmode 
Debug[15:07:50]: "INF(15:07:50.802):Connected to no_board" 
Debug[15:07:50]: log_breakpoint 
Debug[15:07:50]: 5 
Warning[15:07:50]: Could not parse stylesheet of widget 0x2f26d68
Debug[15:07:50]: "Resume:Logs" 
Debug[15:07:50]: "Resume:Settings" 
Debug[15:07:50]: "Resume:UartUartController" 
Debug[15:07:50]: "Resume:UartSpiController" 
Debug[15:07:50]: "Resume:UartSsiController" 
Debug[15:07:50]: "Resume:DSI3Master" 
Debug[15:07:50]: "Resume:ASICMaster" 
Debug[15:07:50]: "Resume:RDUMMaster" 
Debug[15:07:50]: "Resume:DSI3Slave" 
Debug[15:07:50]: "Resume:Measurement" 
Debug[15:07:50]: "Resume:CFARsim" 
Debug[15:08:46]: "Suspend:Settings" 
Debug[15:08:46]: "Suspend:UartUartController" 
Debug[15:08:46]: "Suspend:UartSpiController" 
Debug[15:08:46]: "Suspend:UartSsiController" 
Debug[15:08:46]: "Suspend:DSI3Master" 
Debug[15:08:46]: "Suspend:ASICMaster" 
Debug[15:08:46]: "Suspend:RDUMMaster" 
Debug[15:08:46]: "Suspend:DSI3Slave" 
Debug[15:08:46]: "Suspend:Measurement" 
Debug[15:08:46]: "Suspend:CFARsim" 
Debug[15:08:46]: signal in logmode 
Debug[15:08:46]: "INF(15:08:46.343):Disconnect by user" 
Debug[15:08:46]: log_breakpoint 
Debug[15:08:46]: 5 
Debug[15:08:46]: signal in logmode 
Debug[15:08:46]: "INF(15:08:46.365):Disconnect by user" 
Debug[15:08:46]: log_breakpoint 
Debug[15:08:46]: 5 
