Warning[08:16:53]: QObject::connect: Cannot connect LocalServer::log(int,QString) to (null)::slot_addLog(int,QString)
Debug[08:16:53]: LocalServer:new "\\.\pipe\DSI3PAS" 
Debug[08:16:53]: Register specific 
Debug[08:16:53]: DynScaleCaclulate 
Debug[08:16:53]: "init 2 UartUartController" 
Debug[08:16:53]: Ok 
Debug[08:16:53]: "init 3 UartSpiController" 
Debug[08:16:53]: Ok 
Debug[08:16:53]: "init 4 UartSsiController" 
Debug[08:16:53]: Ok 
Debug[08:16:53]: "init 5 DSI3Master" 
Debug[08:16:53]: Ok 
Debug[08:16:53]: "init 6 ASICMaster" 
Debug[08:16:53]: Ok 
Debug[08:16:53]: "init 7 RDUMMaster" 
Debug[08:16:53]: Ok 
Debug[08:16:53]: "init 8 DSI3Slave" 
Debug[08:16:54]: Ok 
Debug[08:16:54]: "init 9 Measurement" 
Debug[08:16:54]: Ok 
Debug[08:16:54]: "init 10 CFARsim" 
Debug[08:16:54]: Ok 
Debug[08:16:54]: MainApp Starting... 
Debug[08:16:55]: Add applets to MainWindow...
 
Debug[08:16:55]: Initialize Connection... 
Warning[08:16:55]: QFileSystemWatcher: failed to add paths: C:/REPO/DSI3PAS2_workingdir/DSI3PAS2/Software/bin/ULSEverification_configfiles, C:/REPO/DSI3PAS2_workingdir/DSI3PAS2/Software/bin/ConfigFiles_29_1_2021_Jiri_MOBIS, C:/Users/fg6cnq/Desktop/DSI3PAS2_UART_QtSW_20210129_1511, C:/Users/zbdn9w/Desktop/Temp/CFAR QT uprava ToF, C:/Users/zbdn9w/Desktop/Temp/CFAR QT Komprimace do CSV, U:/Dokumenty/MOBIS/Crosstalk 11-2021
Debug[08:17:08]: signal in logmode 
Debug[08:17:08]: "INF(08:17:08.611):Disconnect by user" 
Debug[08:17:08]: log_breakpoint 
Debug[08:17:08]: 5 
Debug[08:17:08]: signal in logmode 
Debug[08:17:08]: "INF(08:17:08.642):Disconnect by user" 
Debug[08:17:08]: log_breakpoint 
Debug[08:17:08]: 5 
