Warning[12:51:00]: QObject::connect: Cannot connect LocalServer::log(int,QString) to (null)::slot_addLog(int,QString)
Debug[12:51:00]: LocalServer:new "\\.\pipe\DSI3PASd" 
Debug[12:51:00]: Register specific 
Debug[12:51:02]: DynScaleCaclulate 
Debug[12:51:03]: "init 2 UartUartController" 
Debug[12:51:03]: Ok 
Debug[12:51:03]: "init 3 UartSpiController" 
Debug[12:51:03]: Ok 
Debug[12:51:03]: "init 4 UartSsiController" 
Debug[12:51:03]: Ok 
Debug[12:51:03]: "init 5 DSI3Master" 
Debug[12:51:03]: Ok 
Debug[12:51:03]: "init 6 ASICMaster" 
Debug[12:51:03]: Ok 
Debug[12:51:03]: "init 7 RDUMMaster" 
Debug[12:51:03]: Ok 
Debug[12:51:03]: "init 8 DSI3Slave" 
Debug[12:51:06]: Ok 
Debug[12:51:06]: "init 9 Measurement" 
Debug[12:51:09]: Ok 
Debug[12:51:09]: "init 10 CFARsim" 
Debug[12:51:09]: Ok 
Debug[12:51:09]: Using SERPORT
Debug[12:51:09]: MainApp Starting... 
Debug[12:51:13]: Add applets to MainWindow...
 
Debug[12:51:13]: Initialize Connection... 
Debug[12:51:52]: signal in logmode 
Debug[12:51:52]: "INF(12:51:52.816):Connected to no_board" 
Debug[12:51:52]: log_breakpoint 
Debug[12:51:52]: 5 
Warning[12:51:52]: Could not parse stylesheet of widget 0x50818f8
Debug[12:51:52]: "Resume:Logs" 
Debug[12:51:52]: "Resume:Settings" 
Debug[12:51:52]: "Resume:UartUartController" 
Debug[12:51:52]: "Resume:UartSpiController" 
Debug[12:51:52]: "Resume:UartSsiController" 
Debug[12:51:52]: "Resume:DSI3Master" 
Debug[12:51:52]: "Resume:ASICMaster" 
Debug[12:51:52]: "Resume:RDUMMaster" 
Debug[12:51:52]: "Resume:DSI3Slave" 
Debug[12:51:52]: "Resume:Measurement" 
Debug[12:51:52]: "Resume:CFARsim" 
Warning[13:26:31]: QObject::connect: Cannot connect LocalServer::log(int,QString) to (null)::slot_addLog(int,QString)
Debug[13:26:31]: LocalServer:new "\\.\pipe\DSI3PASd" 
Debug[13:26:31]: Register specific 
Debug[13:26:32]: DynScaleCaclulate 
Debug[13:26:33]: "init 2 UartUartController" 
Debug[13:26:33]: Ok 
Debug[13:26:33]: "init 3 UartSpiController" 
Debug[13:26:33]: Ok 
Debug[13:26:33]: "init 4 UartSsiController" 
Debug[13:26:33]: Ok 
Debug[13:26:33]: "init 5 DSI3Master" 
Debug[13:26:33]: Ok 
Debug[13:26:33]: "init 6 ASICMaster" 
Debug[13:26:33]: Ok 
Debug[13:26:33]: "init 7 RDUMMaster" 
Debug[13:26:33]: Ok 
Debug[13:26:33]: "init 8 DSI3Slave" 
Debug[13:26:35]: Ok 
Debug[13:26:35]: "init 9 Measurement" 
Debug[13:26:38]: Ok 
Debug[13:26:38]: "init 10 CFARsim" 
Debug[13:26:38]: Ok 
Debug[13:26:38]: Using SERPORT
Debug[13:26:38]: MainApp Starting... 
Debug[13:26:42]: Add applets to MainWindow...
 
Debug[13:26:42]: Initialize Connection... 
Debug[13:27:00]: signal in logmode 
Debug[13:27:00]: "INF(13:27:00.716):Connected to no_board" 
Debug[13:27:00]: log_breakpoint 
Debug[13:27:00]: 5 
Warning[13:27:00]: Could not parse stylesheet of widget 0x44fb250
Debug[13:27:00]: "Resume:Logs" 
Debug[13:27:00]: "Resume:Settings" 
Debug[13:27:00]: "Resume:UartUartController" 
Debug[13:27:00]: "Resume:UartSpiController" 
Debug[13:27:00]: "Resume:UartSsiController" 
Debug[13:27:00]: "Resume:DSI3Master" 
Debug[13:27:00]: "Resume:ASICMaster" 
Debug[13:27:00]: "Resume:RDUMMaster" 
Debug[13:27:00]: "Resume:DSI3Slave" 
Debug[13:27:00]: "Resume:Measurement" 
Debug[13:27:00]: "Resume:CFARsim" 
Debug[13:27:26]: "Suspend:Settings" 
Debug[13:27:26]: "Suspend:UartUartController" 
Debug[13:27:26]: "Suspend:UartSpiController" 
Debug[13:27:26]: "Suspend:UartSsiController" 
Debug[13:27:26]: "Suspend:DSI3Master" 
Debug[13:27:26]: "Suspend:ASICMaster" 
Debug[13:27:26]: "Suspend:RDUMMaster" 
Debug[13:27:26]: "Suspend:DSI3Slave" 
Debug[13:27:26]: "Suspend:Measurement" 
Debug[13:27:26]: "Suspend:CFARsim" 
Debug[13:27:26]: signal in logmode 
Debug[13:27:26]: "INF(13:27:26.577):Disconnect by user" 
Debug[13:27:26]: log_breakpoint 
Debug[13:27:26]: 5 
Debug[13:27:26]: signal in logmode 
Debug[13:27:26]: "INF(13:27:26.614):Disconnect by user" 
Debug[13:27:26]: log_breakpoint 
Debug[13:27:26]: 5 
Warning[13:27:47]: QObject::connect: Cannot connect LocalServer::log(int,QString) to (null)::slot_addLog(int,QString)
Debug[13:27:47]: LocalServer:new "\\.\pipe\DSI3PASd" 
Debug[13:27:47]: Register specific 
Debug[13:27:49]: DynScaleCaclulate 
Debug[13:27:49]: "init 2 UartUartController" 
Debug[13:27:49]: Ok 
Debug[13:27:49]: "init 3 UartSpiController" 
Debug[13:27:49]: Ok 
Debug[13:27:49]: "init 4 UartSsiController" 
Debug[13:27:49]: Ok 
Debug[13:27:49]: "init 5 DSI3Master" 
Debug[13:27:49]: Ok 
Debug[13:27:49]: "init 6 ASICMaster" 
Debug[13:27:49]: Ok 
Debug[13:27:49]: "init 7 RDUMMaster" 
Debug[13:27:49]: Ok 
Debug[13:27:49]: "init 8 DSI3Slave" 
Debug[13:27:51]: Ok 
Debug[13:27:51]: "init 9 Measurement" 
Debug[13:27:53]: Ok 
Debug[13:27:53]: "init 10 CFARsim" 
Debug[13:27:53]: Ok 
Debug[13:27:53]: Using SERPORT
Debug[13:27:53]: MainApp Starting... 
Debug[13:27:55]: Add applets to MainWindow...
 
Debug[13:27:55]: Initialize Connection... 
Debug[13:28:04]: signal in logmode 
Debug[13:28:04]: "INF(13:28:04.614):Connected to no_board" 
Debug[13:28:04]: log_breakpoint 
Debug[13:28:04]: 5 
Warning[13:28:04]: Could not parse stylesheet of widget 0x453b3d0
Debug[13:28:04]: "Resume:Logs" 
Debug[13:28:04]: "Resume:Settings" 
Debug[13:28:04]: "Resume:UartUartController" 
Debug[13:28:04]: "Resume:UartSpiController" 
Debug[13:28:04]: "Resume:UartSsiController" 
Debug[13:28:04]: "Resume:DSI3Master" 
Debug[13:28:04]: "Resume:ASICMaster" 
Debug[13:28:04]: "Resume:RDUMMaster" 
Debug[13:28:04]: "Resume:DSI3Slave" 
Debug[13:28:04]: "Resume:Measurement" 
Debug[13:28:04]: "Resume:CFARsim" 
Debug[13:28:47]: "Suspend:Settings" 
Debug[13:28:47]: "Suspend:UartUartController" 
Debug[13:28:47]: "Suspend:UartSpiController" 
Debug[13:28:47]: "Suspend:UartSsiController" 
Debug[13:28:47]: "Suspend:DSI3Master" 
Debug[13:28:47]: "Suspend:ASICMaster" 
Debug[13:28:47]: "Suspend:RDUMMaster" 
Debug[13:28:47]: "Suspend:DSI3Slave" 
Debug[13:28:47]: "Suspend:Measurement" 
Debug[13:28:47]: "Suspend:CFARsim" 
Debug[13:28:47]: signal in logmode 
Debug[13:28:47]: "INF(13:28:47.292):Disconnect by user" 
Debug[13:28:47]: log_breakpoint 
Debug[13:28:47]: 5 
Debug[13:28:47]: signal in logmode 
Debug[13:28:47]: "INF(13:28:47.328):Disconnect by user" 
Debug[13:28:47]: log_breakpoint 
Debug[13:28:47]: 5 
Warning[13:29:06]: QObject::connect: Cannot connect LocalServer::log(int,QString) to (null)::slot_addLog(int,QString)
Debug[13:29:06]: LocalServer:new "\\.\pipe\DSI3PASd" 
Debug[13:29:06]: Register specific 
Debug[13:29:08]: DynScaleCaclulate 
Debug[13:29:08]: "init 2 UartUartController" 
Debug[13:29:08]: Ok 
Debug[13:29:08]: "init 3 UartSpiController" 
Debug[13:29:08]: Ok 
Debug[13:29:08]: "init 4 UartSsiController" 
Debug[13:29:08]: Ok 
Debug[13:29:08]: "init 5 DSI3Master" 
Debug[13:29:08]: Ok 
Debug[13:29:08]: "init 6 ASICMaster" 
Debug[13:29:08]: Ok 
Debug[13:29:08]: "init 7 RDUMMaster" 
Debug[13:29:08]: Ok 
Debug[13:29:08]: "init 8 DSI3Slave" 
Debug[13:29:10]: Ok 
Debug[13:29:10]: "init 9 Measurement" 
Debug[13:29:12]: Ok 
Debug[13:29:12]: "init 10 CFARsim" 
Debug[13:29:12]: Ok 
Debug[13:29:12]: Using SERPORT
Debug[13:29:12]: MainApp Starting... 
Debug[13:29:14]: Add applets to MainWindow...
 
Debug[13:29:14]: Initialize Connection... 
Debug[13:30:07]: signal in logmode 
Debug[13:30:07]: "INF(13:30:07.804):Connected to no_board" 
Debug[13:30:07]: log_breakpoint 
Debug[13:30:07]: 5 
Warning[13:30:07]: Could not parse stylesheet of widget 0x4dfbe10
Debug[13:30:07]: "Resume:Logs" 
Debug[13:30:07]: "Resume:Settings" 
Debug[13:30:07]: "Resume:UartUartController" 
Debug[13:30:07]: "Resume:UartSpiController" 
Debug[13:30:07]: "Resume:UartSsiController" 
Debug[13:30:07]: "Resume:DSI3Master" 
Debug[13:30:07]: "Resume:ASICMaster" 
Debug[13:30:07]: "Resume:RDUMMaster" 
Debug[13:30:07]: "Resume:DSI3Slave" 
Debug[13:30:07]: "Resume:Measurement" 
Debug[13:30:07]: "Resume:CFARsim" 
Debug[13:42:05]: "Suspend:Settings" 
Debug[13:42:05]: "Suspend:UartUartController" 
Debug[13:42:05]: "Suspend:UartSpiController" 
Debug[13:42:05]: "Suspend:UartSsiController" 
Debug[13:42:05]: "Suspend:DSI3Master" 
Debug[13:42:05]: "Suspend:ASICMaster" 
Debug[13:42:05]: "Suspend:RDUMMaster" 
Debug[13:42:05]: "Suspend:DSI3Slave" 
Debug[13:42:05]: "Suspend:Measurement" 
Debug[13:42:05]: "Suspend:CFARsim" 
Debug[13:42:05]: signal in logmode 
Debug[13:42:05]: "INF(13:42:05.281):Disconnect by user" 
Debug[13:42:05]: log_breakpoint 
Debug[13:42:05]: 5 
Debug[13:42:05]: signal in logmode 
Debug[13:42:05]: "INF(13:42:05.298):Disconnect by user" 
Debug[13:42:05]: log_breakpoint 
Debug[13:42:05]: 5 
Warning[13:42:13]: QObject::connect: Cannot connect LocalServer::log(int,QString) to (null)::slot_addLog(int,QString)
Debug[13:42:13]: LocalServer:new "\\.\pipe\DSI3PASd" 
Debug[13:42:13]: Register specific 
Debug[13:42:14]: DynScaleCaclulate 
Debug[13:42:14]: "init 2 UartUartController" 
Debug[13:42:14]: Ok 
Debug[13:42:14]: "init 3 UartSpiController" 
Debug[13:42:14]: Ok 
Debug[13:42:14]: "init 4 UartSsiController" 
Debug[13:42:14]: Ok 
Debug[13:42:14]: "init 5 DSI3Master" 
Debug[13:42:14]: Ok 
Debug[13:42:14]: "init 6 ASICMaster" 
Debug[13:42:14]: Ok 
Debug[13:42:14]: "init 7 RDUMMaster" 
Debug[13:42:14]: Ok 
Debug[13:42:14]: "init 8 DSI3Slave" 
Debug[13:42:16]: Ok 
Debug[13:42:16]: "init 9 Measurement" 
Debug[13:42:18]: Ok 
Debug[13:42:18]: "init 10 CFARsim" 
Debug[13:42:18]: Ok 
Debug[13:42:18]: Using SERPORT
Debug[13:42:18]: MainApp Starting... 
Debug[13:42:21]: Add applets to MainWindow...
 
Debug[13:42:21]: Initialize Connection... 
Debug[13:42:28]: signal in logmode 
Debug[13:42:28]: "INF(13:42:28.645):Connected to no_board" 
Debug[13:42:28]: log_breakpoint 
Debug[13:42:28]: 5 
Warning[13:42:28]: Could not parse stylesheet of widget 0x468ece8
Debug[13:42:28]: "Resume:Logs" 
Debug[13:42:28]: "Resume:Settings" 
Debug[13:42:28]: "Resume:UartUartController" 
Debug[13:42:28]: "Resume:UartSpiController" 
Debug[13:42:28]: "Resume:UartSsiController" 
Debug[13:42:28]: "Resume:DSI3Master" 
Debug[13:42:28]: "Resume:ASICMaster" 
Debug[13:42:28]: "Resume:RDUMMaster" 
Debug[13:42:28]: "Resume:DSI3Slave" 
Debug[13:42:28]: "Resume:Measurement" 
Debug[13:42:28]: "Resume:CFARsim" 
Debug[13:43:35]: "Suspend:Settings" 
Debug[13:43:35]: "Suspend:UartUartController" 
Debug[13:43:35]: "Suspend:UartSpiController" 
Debug[13:43:35]: "Suspend:UartSsiController" 
Debug[13:43:35]: "Suspend:DSI3Master" 
Debug[13:43:35]: "Suspend:ASICMaster" 
Debug[13:43:35]: "Suspend:RDUMMaster" 
Debug[13:43:35]: "Suspend:DSI3Slave" 
Debug[13:43:35]: "Suspend:Measurement" 
Debug[13:43:35]: "Suspend:CFARsim" 
Debug[13:43:35]: signal in logmode 
Debug[13:43:35]: "INF(13:43:35.727):Disconnect by user" 
Debug[13:43:35]: log_breakpoint 
Debug[13:43:35]: 5 
Debug[13:43:35]: signal in logmode 
Debug[13:43:35]: "INF(13:43:35.763):Disconnect by user" 
Debug[13:43:35]: log_breakpoint 
Debug[13:43:35]: 5 
Warning[13:46:28]: QObject::connect: Cannot connect LocalServer::log(int,QString) to (null)::slot_addLog(int,QString)
Debug[13:46:28]: LocalServer:new "\\.\pipe\DSI3PASd" 
Debug[13:46:29]: Register specific 
Debug[13:46:30]: DynScaleCaclulate 
Debug[13:46:30]: "init 2 UartUartController" 
Debug[13:46:30]: Ok 
Debug[13:46:30]: "init 3 UartSpiController" 
Debug[13:46:30]: Ok 
Debug[13:46:30]: "init 4 UartSsiController" 
Debug[13:46:30]: Ok 
Debug[13:46:30]: "init 5 DSI3Master" 
Debug[13:46:30]: Ok 
Debug[13:46:30]: "init 6 ASICMaster" 
Debug[13:46:30]: Ok 
Debug[13:46:30]: "init 7 RDUMMaster" 
Debug[13:46:30]: Ok 
Debug[13:46:30]: "init 8 DSI3Slave" 
Debug[13:46:32]: Ok 
Debug[13:46:32]: "init 9 Measurement" 
Debug[13:46:34]: Ok 
Debug[13:46:34]: "init 10 CFARsim" 
Debug[13:46:34]: Ok 
Debug[13:46:34]: Using SERPORT
Debug[13:46:34]: MainApp Starting... 
Debug[13:46:36]: Add applets to MainWindow...
 
Debug[13:46:36]: Initialize Connection... 
Debug[13:46:44]: signal in logmode 
Debug[13:46:44]: "INF(13:46:44.497):Connected to no_board" 
Debug[13:46:44]: log_breakpoint 
Debug[13:46:44]: 5 
Warning[13:46:44]: Could not parse stylesheet of widget 0x44eb2d0
Debug[13:46:44]: "Resume:Logs" 
Debug[13:46:44]: "Resume:Settings" 
Debug[13:46:44]: "Resume:UartUartController" 
Debug[13:46:44]: "Resume:UartSpiController" 
Debug[13:46:44]: "Resume:UartSsiController" 
Debug[13:46:44]: "Resume:DSI3Master" 
Debug[13:46:44]: "Resume:ASICMaster" 
Debug[13:46:44]: "Resume:RDUMMaster" 
Debug[13:46:44]: "Resume:DSI3Slave" 
Debug[13:46:44]: "Resume:Measurement" 
Debug[13:46:44]: "Resume:CFARsim" 
Debug[13:47:17]: "Suspend:Settings" 
Debug[13:47:17]: "Suspend:UartUartController" 
Debug[13:47:17]: "Suspend:UartSpiController" 
Debug[13:47:17]: "Suspend:UartSsiController" 
Debug[13:47:17]: "Suspend:DSI3Master" 
Debug[13:47:17]: "Suspend:ASICMaster" 
Debug[13:47:17]: "Suspend:RDUMMaster" 
Debug[13:47:17]: "Suspend:DSI3Slave" 
Debug[13:47:17]: "Suspend:Measurement" 
Debug[13:47:17]: "Suspend:CFARsim" 
Debug[13:47:17]: signal in logmode 
Debug[13:47:17]: "INF(13:47:17.443):Disconnect by user" 
Debug[13:47:17]: log_breakpoint 
Debug[13:47:17]: 5 
Debug[13:47:17]: signal in logmode 
Debug[13:47:17]: "INF(13:47:17.467):Disconnect by user" 
Debug[13:47:17]: log_breakpoint 
Debug[13:47:17]: 5 
Warning[13:49:36]: QObject::connect: Cannot connect LocalServer::log(int,QString) to (null)::slot_addLog(int,QString)
Debug[13:49:36]: LocalServer:new "\\.\pipe\DSI3PASd" 
Debug[13:49:36]: Register specific 
Debug[13:49:37]: DynScaleCaclulate 
Debug[13:49:37]: "init 2 UartUartController" 
Debug[13:49:37]: Ok 
Debug[13:49:37]: "init 3 UartSpiController" 
Debug[13:49:37]: Ok 
Debug[13:49:37]: "init 4 UartSsiController" 
Debug[13:49:37]: Ok 
Debug[13:49:37]: "init 5 DSI3Master" 
Debug[13:49:37]: Ok 
Debug[13:49:37]: "init 6 ASICMaster" 
Debug[13:49:38]: Ok 
Debug[13:49:38]: "init 7 RDUMMaster" 
Debug[13:49:38]: Ok 
Debug[13:49:38]: "init 8 DSI3Slave" 
Debug[13:49:40]: Ok 
Debug[13:49:40]: "init 9 Measurement" 
Debug[13:49:42]: Ok 
Debug[13:49:42]: "init 10 CFARsim" 
Debug[13:49:42]: Ok 
Debug[13:49:42]: Using SERPORT
Debug[13:49:42]: MainApp Starting... 
Debug[13:49:44]: Add applets to MainWindow...
 
Debug[13:49:44]: Initialize Connection... 
Debug[19:31:00]: signal in logmode 
Debug[19:31:00]: "INF(19:31:00.477):Disconnect by user" 
Debug[19:31:00]: log_breakpoint 
Debug[19:31:00]: 5 
Debug[19:31:00]: signal in logmode 
Debug[19:31:00]: "INF(19:31:00.641):Disconnect by user" 
Debug[19:31:00]: log_breakpoint 
Debug[19:31:00]: 5 
