Warning[08:09:40]: QObject::connect: Cannot connect LocalServer::log(int,QString) to (null)::slot_addLog(int,QString)
Debug[08:09:40]: LocalServer:new "\\.\pipe\DSI3PAS" 
Debug[08:09:40]: Register specific 
Debug[08:09:40]: DynScaleCaclulate 
Debug[08:09:40]: "init 2 UartUartController" 
Debug[08:09:40]: Ok 
Debug[08:09:40]: "init 3 UartSpiController" 
Debug[08:09:40]: Ok 
Debug[08:09:40]: "init 4 UartSsiController" 
Debug[08:09:40]: Ok 
Debug[08:09:40]: "init 5 DSI3Master" 
Debug[08:09:40]: Ok 
Debug[08:09:40]: "init 6 ASICMaster" 
Debug[08:09:40]: Ok 
Debug[08:09:40]: "init 7 RDUMMaster" 
Debug[08:09:40]: Ok 
Debug[08:09:40]: "init 8 DSI3Slave" 
Debug[08:09:41]: Ok 
Debug[08:09:41]: "init 9 Measurement" 
Debug[08:09:41]: Ok 
Debug[08:09:41]: "init 10 CFARsim" 
Debug[08:09:41]: Ok 
Debug[08:09:41]: MainApp Starting... 
Debug[08:09:42]: Add applets to MainWindow...
 
Debug[08:09:42]: Initialize Connection... 
Warning[08:09:42]: QFileSystemWatcher: failed to add paths: C:/REPO/DSI3PAS2_workingdir/DSI3PAS2/Software/bin/ULSEverification_configfiles, C:/REPO/DSI3PAS2_workingdir/DSI3PAS2/Software/bin/ConfigFiles_29_1_2021_Jiri_MOBIS, C:/Users/fg6cnq/Desktop/DSI3PAS2_UART_QtSW_20210129_1511, C:/Users/zbdn9w/Desktop/Temp/CFAR QT uprava ToF, C:/Users/zbdn9w/Desktop/Temp/CFAR QT Komprimace do CSV, U:/Dokumenty/MOBIS/Crosstalk 11-2021
Debug[08:09:45]: signal in logmode 
Debug[08:09:45]: "INF(08:09:45.298):Connected to no_board" 
Debug[08:09:45]: log_breakpoint 
Debug[08:09:45]: 5 
Warning[08:09:45]: Could not parse stylesheet of widget 0x2c33e88
Debug[08:09:45]: "Resume:Logs" 
Debug[08:09:45]: "Resume:Settings" 
Debug[08:09:45]: "Resume:UartUartController" 
Debug[08:09:45]: "Resume:UartSpiController" 
Debug[08:09:45]: "Resume:UartSsiController" 
Debug[08:09:45]: "Resume:DSI3Master" 
Debug[08:09:45]: "Resume:ASICMaster" 
Debug[08:09:45]: "Resume:RDUMMaster" 
Debug[08:09:45]: "Resume:DSI3Slave" 
Debug[08:09:45]: "Resume:Measurement" 
Debug[08:09:45]: "Resume:CFARsim" 
Debug[08:10:04]: "Suspend:Settings" 
Debug[08:10:04]: "Suspend:UartUartController" 
Debug[08:10:04]: "Suspend:UartSpiController" 
Debug[08:10:04]: "Suspend:UartSsiController" 
Debug[08:10:04]: "Suspend:DSI3Master" 
Debug[08:10:04]: "Suspend:ASICMaster" 
Debug[08:10:04]: "Suspend:RDUMMaster" 
Debug[08:10:04]: "Suspend:DSI3Slave" 
Debug[08:10:04]: "Suspend:Measurement" 
Debug[08:10:04]: "Suspend:CFARsim" 
Debug[08:10:04]: signal in logmode 
Debug[08:10:04]: "INF(08:10:04.317):Disconnect by user" 
Debug[08:10:04]: log_breakpoint 
Debug[08:10:04]: 5 
Debug[08:10:04]: signal in logmode 
Debug[08:10:04]: "INF(08:10:04.329):Disconnect by user" 
Debug[08:10:04]: log_breakpoint 
Debug[08:10:04]: 5 
