Warning[09:24:03]: QObject::connect: Cannot connect LocalServer::log(int,QString) to (null)::slot_addLog(int,QString)
Debug[09:24:03]: LocalServer:new "\\.\pipe\DSI3PASd" 
Debug[09:24:03]: Register specific 
Debug[09:24:04]: DynScaleCaclulate 
Debug[09:24:04]: "init 2 UartUartController" 
Debug[09:24:04]: Ok 
Debug[09:24:04]: "init 3 UartSpiController" 
Debug[09:24:04]: Ok 
Debug[09:24:04]: "init 4 UartSsiController" 
Debug[09:24:04]: Ok 
Debug[09:24:04]: "init 5 DSI3Master" 
Debug[09:24:04]: Ok 
Debug[09:24:04]: "init 6 ASICMaster" 
Debug[09:24:04]: Ok 
Debug[09:24:04]: "init 7 RDUMMaster" 
Debug[09:24:04]: Ok 
Debug[09:24:04]: "init 8 DSI3Slave" 
Debug[09:24:06]: Ok 
Debug[09:24:06]: "init 9 Measurement" 
Debug[09:24:08]: Ok 
Debug[09:24:08]: "init 10 CFARsim" 
Debug[09:24:08]: Ok 
Debug[09:24:08]: Using SERPORT
Debug[09:24:08]: MainApp Starting... 
Debug[09:24:11]: Add applets to MainWindow...
 
Debug[09:24:11]: Initialize Connection... 
Debug[09:24:11]: signal in logmode 
Debug[09:24:11]: "INF(09:24:11.644):Mode is OK" 
Debug[09:24:11]: log_breakpoint 
Debug[09:24:11]: 5 
Debug[09:24:11]: signal in logmode 
Debug[09:24:11]: "INF(09:24:11.648):Attempt" 
Debug[09:24:11]: log_breakpoint 
Debug[09:24:11]: 5 
Debug[09:24:11]: signal in logmode 
Debug[09:24:11]: "INF(09:24:11.958):Attempt" 
Debug[09:24:11]: log_breakpoint 
Debug[09:24:11]: 5 
Debug[09:24:12]: signal in logmode 
Debug[09:24:12]: "INF(09:24:12.273):Attempt" 
Debug[09:24:12]: log_breakpoint 
Debug[09:24:12]: 5 
Debug[09:24:12]: signal in logmode 
Debug[09:24:12]: "INF(09:24:12.602):Mode is OK" 
Debug[09:24:12]: log_breakpoint 
Debug[09:24:12]: 5 
Debug[09:24:12]: signal in logmode 
Debug[09:24:12]: "INF(09:24:12.605):Attempt" 
Debug[09:24:12]: log_breakpoint 
Debug[09:24:12]: 5 
Debug[09:24:12]: signal in logmode 
Debug[09:24:12]: "INF(09:24:12.918):Attempt" 
Debug[09:24:12]: log_breakpoint 
Debug[09:24:12]: 5 
Debug[09:24:13]: signal in logmode 
Debug[09:24:13]: "INF(09:24:13.229):Attempt" 
Debug[09:24:13]: log_breakpoint 
Debug[09:24:13]: 5 
Debug[09:24:13]: signal in logmode 
Debug[09:24:13]: "INF(09:24:13.542):Mode is OK" 
Debug[09:24:13]: log_breakpoint 
Debug[09:24:13]: 5 
Debug[09:24:13]: signal in logmode 
Debug[09:24:13]: "INF(09:24:13.545):Attempt" 
Debug[09:24:13]: log_breakpoint 
Debug[09:24:13]: 5 
Debug[09:24:13]: signal in logmode 
Debug[09:24:13]: "INF(09:24:13.703):Mode is OK" 
Debug[09:24:13]: log_breakpoint 
Debug[09:24:13]: 5 
Debug[09:24:13]: signal in logmode 
Debug[09:24:13]: "INF(09:24:13.708):Attempt" 
Debug[09:24:13]: log_breakpoint 
Debug[09:24:13]: 5 
Debug[09:24:14]: signal in logmode 
Debug[09:24:14]: "INF(09:24:14.024):Attempt" 
Debug[09:24:14]: log_breakpoint 
Debug[09:24:14]: 5 
Debug[09:24:14]: signal in logmode 
Debug[09:24:14]: "INF(09:24:14.338):Attempt" 
Debug[09:24:14]: log_breakpoint 
Debug[09:24:14]: 5 
Debug[09:24:14]: signal in logmode 
Debug[09:24:14]: "INF(09:24:14.648):Mode is OK" 
Debug[09:24:14]: log_breakpoint 
Debug[09:24:14]: 5 
Debug[09:24:14]: signal in logmode 
Debug[09:24:14]: "INF(09:24:14.653):Attempt" 
Debug[09:24:14]: log_breakpoint 
Debug[09:24:14]: 5 
Debug[09:24:14]: signal in logmode 
Debug[09:24:14]: "INF(09:24:14.961):Attempt" 
Debug[09:24:14]: log_breakpoint 
Debug[09:24:14]: 5 
Debug[09:24:15]: signal in logmode 
Debug[09:24:15]: "INF(09:24:15.274):Attempt" 
Debug[09:24:15]: log_breakpoint 
Debug[09:24:15]: 5 
Debug[09:24:15]: signal in logmode 
Debug[09:24:15]: "INF(09:24:15.583):Mode is OK" 
Debug[09:24:15]: log_breakpoint 
Debug[09:24:15]: 5 
Debug[09:24:15]: signal in logmode 
Debug[09:24:15]: "INF(09:24:15.587):Attempt" 
Debug[09:24:15]: log_breakpoint 
Debug[09:24:15]: 5 
Debug[09:24:15]: signal in logmode 
Debug[09:24:15]: "INF(09:24:15.895):Attempt" 
Debug[09:24:15]: log_breakpoint 
Debug[09:24:15]: 5 
Debug[09:24:16]: signal in logmode 
Debug[09:24:16]: "INF(09:24:16.205):Attempt" 
Debug[09:24:16]: log_breakpoint 
Debug[09:24:16]: 5 
Debug[09:24:16]: signal in logmode 
Debug[09:24:16]: "INF(09:24:16.518):Mode is OK" 
Debug[09:24:16]: log_breakpoint 
Debug[09:24:16]: 5 
Debug[09:24:16]: signal in logmode 
Debug[09:24:16]: "INF(09:24:16.523):Attempt" 
Debug[09:24:16]: log_breakpoint 
Debug[09:24:16]: 5 
Debug[09:24:16]: signal in logmode 
Debug[09:24:16]: "INF(09:24:16.831):Attempt" 
Debug[09:24:16]: log_breakpoint 
Debug[09:24:16]: 5 
Debug[09:24:17]: signal in logmode 
Debug[09:24:17]: "INF(09:24:17.143):Attempt" 
Debug[09:24:17]: log_breakpoint 
Debug[09:24:17]: 5 
Debug[09:24:35]: signal in logmode 
Debug[09:24:35]: "INF(09:24:35.605):Mode is OK" 
Debug[09:24:35]: log_breakpoint 
Debug[09:24:35]: 5 
Debug[09:24:35]: signal in logmode 
Debug[09:24:35]: "INF(09:24:35.613):Attempt" 
Debug[09:24:35]: log_breakpoint 
Debug[09:24:35]: 5 
Debug[09:24:35]: signal in logmode 
Debug[09:24:35]: "INF(09:24:35.922):Attempt" 
Debug[09:24:35]: log_breakpoint 
Debug[09:24:35]: 5 
Debug[09:24:36]: signal in logmode 
Debug[09:24:36]: "INF(09:24:36.233):Attempt" 
Debug[09:24:36]: log_breakpoint 
Debug[09:24:36]: 5 
Debug[09:24:36]: signal in logmode 
Debug[09:24:36]: "INF(09:24:36.546):Mode is OK" 
Debug[09:24:36]: log_breakpoint 
Debug[09:24:36]: 5 
Debug[09:24:36]: signal in logmode 
Debug[09:24:36]: "INF(09:24:36.552):Attempt" 
Debug[09:24:36]: log_breakpoint 
Debug[09:24:36]: 5 
Debug[09:24:36]: signal in logmode 
Debug[09:24:36]: "INF(09:24:36.871):Attempt" 
Debug[09:24:36]: log_breakpoint 
Debug[09:24:36]: 5 
Debug[09:24:37]: signal in logmode 
Debug[09:24:37]: "INF(09:24:37.185):Attempt" 
Debug[09:24:37]: log_breakpoint 
Debug[09:24:37]: 5 
Debug[09:24:37]: signal in logmode 
Debug[09:24:37]: "INF(09:24:37.496):Mode is OK" 
Debug[09:24:37]: log_breakpoint 
Debug[09:24:37]: 5 
Debug[09:24:37]: signal in logmode 
Debug[09:24:37]: "INF(09:24:37.501):Attempt" 
Debug[09:24:37]: log_breakpoint 
Debug[09:24:37]: 5 
Debug[09:24:37]: signal in logmode 
Debug[09:24:37]: "INF(09:24:37.520):RDUM master connected" 
Debug[09:24:37]: log_breakpoint 
Debug[09:24:37]: 5 
Debug[09:24:37]: signal in logmode 
Debug[09:24:37]: "INF(09:24:37.526):Connected to \\.\COM36" 
Debug[09:24:37]: log_breakpoint 
Debug[09:24:37]: 5 
Warning[09:24:37]: Could not parse stylesheet of widget 0x469a0d0
Debug[09:24:37]: "Resume:Logs" 
Debug[09:24:37]: "Resume:Settings" 
Debug[09:24:37]: "Resume:UartUartController" 
Debug[09:24:37]: "Resume:UartSpiController" 
Debug[09:24:37]: "Resume:UartSsiController" 
Debug[09:24:37]: "Resume:DSI3Master" 
Debug[09:24:37]: "Resume:ASICMaster" 
Debug[09:24:37]: "Resume:RDUMMaster" 
Debug[09:24:37]: "Resume:DSI3Slave" 
Debug[09:24:37]: "Resume:Measurement" 
Debug[09:24:37]: "Resume:CFARsim" 
Debug[10:26:06]: "Suspend:Settings" 
Debug[10:26:06]: "Suspend:UartUartController" 
Debug[10:26:06]: "Suspend:UartSpiController" 
Debug[10:26:06]: "Suspend:UartSsiController" 
Debug[10:26:06]: "Suspend:DSI3Master" 
Debug[10:26:06]: "Suspend:ASICMaster" 
Debug[10:26:06]: "Suspend:RDUMMaster" 
Debug[10:26:06]: "Suspend:DSI3Slave" 
Debug[10:26:06]: "Suspend:Measurement" 
Debug[10:26:06]: "Suspend:CFARsim" 
Debug[10:26:06]: signal in logmode 
Debug[10:26:06]: "INF(10:26:06.442):Disconnect by user" 
Debug[10:26:06]: log_breakpoint 
Debug[10:26:06]: 5 
Debug[10:26:06]: signal in logmode 
Debug[10:26:06]: "INF(10:26:06.567):Disconnect by user" 
Debug[10:26:06]: log_breakpoint 
Debug[10:26:06]: 5 
Warning[10:53:23]: QObject::connect: Cannot connect LocalServer::log(int,QString) to (null)::slot_addLog(int,QString)
Debug[10:53:23]: LocalServer:new "\\.\pipe\DSI3PASd" 
Debug[10:53:23]: Register specific 
Debug[10:53:24]: DynScaleCaclulate 
Debug[10:53:25]: "init 2 UartUartController" 
Debug[10:53:25]: Ok 
Debug[10:53:25]: "init 3 UartSpiController" 
Debug[10:53:25]: Ok 
Debug[10:53:25]: "init 4 UartSsiController" 
Debug[10:53:25]: Ok 
Debug[10:53:25]: "init 5 DSI3Master" 
Debug[10:53:25]: Ok 
Debug[10:53:25]: "init 6 ASICMaster" 
Debug[10:53:25]: Ok 
Debug[10:53:25]: "init 7 RDUMMaster" 
Debug[10:53:25]: Ok 
Debug[10:53:25]: "init 8 DSI3Slave" 
Debug[10:53:27]: Ok 
Debug[10:53:27]: "init 9 Measurement" 
Debug[10:53:28]: Ok 
Debug[10:53:28]: "init 10 Graph" 
Debug[10:53:28]: Ok 
Debug[10:53:28]: "init 11 CFARsim" 
Debug[10:53:28]: Ok 
Debug[10:53:28]: Using SERPORT
Debug[10:53:28]: MainApp Starting... 
Debug[10:53:30]: Add applets to MainWindow...
 
Debug[10:53:30]: Initialize Connection... 
Debug[10:53:33]: signal in logmode 
Debug[10:53:33]: "INF(10:53:33.660):Connected to no_board" 
Debug[10:53:33]: log_breakpoint 
Debug[10:53:33]: 5 
Warning[10:53:33]: Could not parse stylesheet of widget 0x3611198
Debug[10:53:33]: "Resume:Logs" 
Debug[10:53:33]: "Resume:Settings" 
Debug[10:53:33]: "Resume:UartUartController" 
Debug[10:53:33]: "Resume:UartSpiController" 
Debug[10:53:33]: "Resume:UartSsiController" 
Debug[10:53:33]: "Resume:DSI3Master" 
Debug[10:53:33]: "Resume:ASICMaster" 
Debug[10:53:33]: "Resume:RDUMMaster" 
Debug[10:53:33]: "Resume:DSI3Slave" 
Debug[10:53:33]: "Resume:Measurement" 
Debug[10:53:33]: "Resume:Graph" 
Debug[10:53:33]: "Resume:CFARsim" 
Debug[10:56:28]: "Suspend:Settings" 
Debug[10:56:28]: "Suspend:UartUartController" 
Debug[10:56:28]: "Suspend:UartSpiController" 
Debug[10:56:28]: "Suspend:UartSsiController" 
Debug[10:56:28]: "Suspend:DSI3Master" 
Debug[10:56:28]: "Suspend:ASICMaster" 
Debug[10:56:28]: "Suspend:RDUMMaster" 
Debug[10:56:28]: "Suspend:DSI3Slave" 
Debug[10:56:28]: "Suspend:Measurement" 
Debug[10:56:28]: "Suspend:Graph" 
Debug[10:56:28]: "Suspend:CFARsim" 
Debug[10:56:28]: signal in logmode 
Debug[10:56:28]: "INF(10:56:28.355):Disconnect by user" 
Debug[10:56:28]: log_breakpoint 
Debug[10:56:28]: 5 
Debug[10:56:28]: signal in logmode 
Debug[10:56:28]: "INF(10:56:28.400):Disconnect by user" 
Debug[10:56:28]: log_breakpoint 
Debug[10:56:28]: 5 
Warning[10:56:35]: QObject::connect: Cannot connect LocalServer::log(int,QString) to (null)::slot_addLog(int,QString)
Debug[10:56:35]: LocalServer:new "\\.\pipe\DSI3PASd" 
Debug[10:56:35]: Register specific 
Debug[10:56:36]: DynScaleCaclulate 
Debug[10:56:36]: "init 2 UartUartController" 
Debug[10:56:36]: Ok 
Debug[10:56:36]: "init 3 UartSpiController" 
Debug[10:56:36]: Ok 
Debug[10:56:36]: "init 4 UartSsiController" 
Debug[10:56:36]: Ok 
Debug[10:56:36]: "init 5 DSI3Master" 
Debug[10:56:37]: Ok 
Debug[10:56:37]: "init 6 ASICMaster" 
Debug[10:56:37]: Ok 
Debug[10:56:37]: "init 7 RDUMMaster" 
Debug[10:56:37]: Ok 
Debug[10:56:37]: "init 8 DSI3Slave" 
Debug[10:56:39]: Ok 
Debug[10:56:39]: "init 9 Measurement" 
Debug[10:56:40]: Ok 
Debug[10:56:40]: "init 10 Graph" 
Debug[10:56:40]: Ok 
Debug[10:56:40]: "init 11 CFARsim" 
Debug[10:56:40]: Ok 
Debug[10:56:40]: Using SERPORT
Debug[10:56:40]: MainApp Starting... 
Debug[10:56:42]: Add applets to MainWindow...
 
Debug[10:56:42]: Initialize Connection... 
Debug[10:56:49]: signal in logmode 
Debug[10:56:49]: "INF(10:56:49.714):Connected to no_board" 
Debug[10:56:49]: log_breakpoint 
Debug[10:56:49]: 5 
Warning[10:56:49]: Could not parse stylesheet of widget 0x2eb07d8
Debug[10:56:49]: "Resume:Logs" 
Debug[10:56:49]: "Resume:Settings" 
Debug[10:56:49]: "Resume:UartUartController" 
Debug[10:56:49]: "Resume:UartSpiController" 
Debug[10:56:49]: "Resume:UartSsiController" 
Debug[10:56:49]: "Resume:DSI3Master" 
Debug[10:56:49]: "Resume:ASICMaster" 
Debug[10:56:49]: "Resume:RDUMMaster" 
Debug[10:56:49]: "Resume:DSI3Slave" 
Debug[10:56:49]: "Resume:Measurement" 
Debug[10:56:49]: "Resume:Graph" 
Debug[10:56:49]: "Resume:CFARsim" 
Debug[10:57:01]: "Suspend:Settings" 
Debug[10:57:01]: "Suspend:UartUartController" 
Debug[10:57:01]: "Suspend:UartSpiController" 
Debug[10:57:01]: "Suspend:UartSsiController" 
Debug[10:57:01]: "Suspend:DSI3Master" 
Debug[10:57:01]: "Suspend:ASICMaster" 
Debug[10:57:01]: "Suspend:RDUMMaster" 
Debug[10:57:01]: "Suspend:DSI3Slave" 
Debug[10:57:01]: "Suspend:Measurement" 
Debug[10:57:01]: "Suspend:Graph" 
Debug[10:57:01]: "Suspend:CFARsim" 
Debug[10:57:01]: signal in logmode 
Debug[10:57:01]: "INF(10:57:01.959):Disconnect by user" 
Debug[10:57:01]: log_breakpoint 
Debug[10:57:01]: 5 
Debug[10:57:02]: signal in logmode 
Debug[10:57:02]: "INF(10:57:02.005):Disconnect by user" 
Debug[10:57:02]: log_breakpoint 
Debug[10:57:02]: 5 
Warning[12:23:17]: QObject::connect: Cannot connect LocalServer::log(int,QString) to (null)::slot_addLog(int,QString)
Debug[12:23:17]: LocalServer:new "\\.\pipe\DSI3PAS" 
Debug[12:23:17]: Register specific 
Debug[12:23:17]: DynScaleCaclulate 
Debug[12:23:18]: "init 2 UartUartController" 
Debug[12:23:18]: Ok 
Debug[12:23:18]: "init 3 UartSpiController" 
Debug[12:23:18]: Ok 
Debug[12:23:18]: "init 4 UartSsiController" 
Debug[12:23:18]: Ok 
Debug[12:23:18]: "init 5 DSI3Master" 
Debug[12:23:18]: Ok 
Debug[12:23:18]: "init 6 ASICMaster" 
Debug[12:23:18]: Ok 
Debug[12:23:18]: "init 7 RDUMMaster" 
Debug[12:23:18]: Ok 
Debug[12:23:18]: "init 8 DSI3Slave" 
Debug[12:23:18]: Ok 
Debug[12:23:18]: "init 9 Measurement" 
Debug[12:23:19]: Ok 
Debug[12:23:19]: "init 10 Graph" 
Debug[12:23:19]: Ok 
Debug[12:23:19]: "init 11 CFARsim" 
Debug[12:23:19]: Ok 
Debug[12:23:19]: MainApp Starting... 
Debug[12:23:20]: Add applets to MainWindow...
 
Debug[12:23:20]: Initialize Connection... 
Debug[13:30:10]: signal in logmode 
Debug[13:30:11]: "INF(13:30:11.001):Disconnect by user" 
Debug[13:30:11]: log_breakpoint 
Debug[13:30:11]: 5 
Debug[13:30:11]: signal in logmode 
Debug[13:30:11]: "INF(13:30:11.045):Disconnect by user" 
Debug[13:30:11]: log_breakpoint 
Debug[13:30:11]: 5 
