Warning[13:07:00]: QObject::connect: Cannot connect LocalServer::log(int,QString) to (null)::slot_addLog(int,QString)
Debug[13:07:00]: LocalServer:new "\\.\pipe\DSI3PAS" 
Debug[13:07:00]: Register specific 
Debug[13:07:00]: DynScaleCaclulate 
Debug[13:07:00]: "init 2 UartUartController" 
Debug[13:07:00]: Ok 
Debug[13:07:00]: "init 3 UartSpiController" 
Debug[13:07:00]: Ok 
Debug[13:07:00]: "init 4 UartSsiController" 
Debug[13:07:00]: Ok 
Debug[13:07:00]: "init 5 DSI3Master" 
Debug[13:07:01]: Ok 
Debug[13:07:01]: "init 6 ASICMaster" 
Debug[13:07:01]: Ok 
Debug[13:07:01]: "init 7 RDUMMaster" 
Debug[13:07:01]: Ok 
Debug[13:07:01]: "init 8 DSI3Slave" 
Debug[13:07:01]: Ok 
Debug[13:07:01]: "init 9 Measurement" 
Debug[13:07:02]: Ok 
Debug[13:07:02]: "init 10 CFARsim" 
Debug[13:07:02]: Ok 
Debug[13:07:02]: MainApp Starting... 
Debug[13:07:03]: Add applets to MainWindow...
 
Debug[13:07:03]: Initialize Connection... 
Warning[13:07:03]: QFileSystemWatcher: failed to add paths: C:/REPO/DSI3PAS2_workingdir/DSI3PAS2/Software/bin/ULSEverification_configfiles, C:/REPO/DSI3PAS2_workingdir/DSI3PAS2/Software/bin/ConfigFiles_29_1_2021_Jiri_MOBIS, C:/Users/fg6cnq/Desktop/DSI3PAS2_UART_QtSW_20210129_1511, C:/Users/zbdn9w/Desktop/Temp/CFAR QT uprava ToF, C:/Users/zbdn9w/Desktop/Temp/CFAR QT Komprimace do CSV, U:/Dokumenty/MOBIS/Crosstalk 11-2021
Debug[13:07:59]: Initialize Connection... 
Debug[13:08:01]: Initialize Connection... 
Debug[13:08:01]: Initialize Connection... 
Debug[13:08:02]: signal in logmode 
Debug[13:08:02]: "INF(13:08:02.938):Disconnect by user" 
Debug[13:08:02]: log_breakpoint 
Debug[13:08:02]: 5 
Debug[13:08:02]: signal in logmode 
Debug[13:08:02]: "INF(13:08:02.985):Disconnect by user" 
Debug[13:08:02]: log_breakpoint 
Debug[13:08:02]: 5 
Warning[13:08:23]: QObject::connect: Cannot connect LocalServer::log(int,QString) to (null)::slot_addLog(int,QString)
Debug[13:08:23]: LocalServer:new "\\.\pipe\DSI3PAS" 
Debug[13:08:23]: Register specific 
Debug[13:08:24]: DynScaleCaclulate 
Debug[13:08:24]: "init 2 UartUartController" 
Debug[13:08:24]: Ok 
Debug[13:08:24]: "init 3 UartSpiController" 
Debug[13:08:24]: Ok 
Debug[13:08:24]: "init 4 UartSsiController" 
Debug[13:08:24]: Ok 
Debug[13:08:24]: "init 5 DSI3Master" 
Debug[13:08:24]: Ok 
Debug[13:08:24]: "init 6 ASICMaster" 
Debug[13:08:24]: Ok 
Debug[13:08:24]: "init 7 RDUMMaster" 
Debug[13:08:24]: Ok 
Debug[13:08:24]: "init 8 DSI3Slave" 
Debug[13:08:25]: Ok 
Debug[13:08:25]: "init 9 Measurement" 
Debug[13:08:25]: Ok 
Debug[13:08:25]: "init 10 CFARsim" 
Debug[13:08:25]: Ok 
Debug[13:08:25]: MainApp Starting... 
Debug[13:08:26]: Add applets to MainWindow...
 
Debug[13:08:26]: Initialize Connection... 
Debug[13:08:26]: signal in logmode 
Debug[13:08:26]: "INF(13:08:26.907):Mode is OK" 
Debug[13:08:26]: log_breakpoint 
Debug[13:08:26]: 5 
Debug[13:08:26]: signal in logmode 
Debug[13:08:26]: "INF(13:08:26.912):Attempt" 
Debug[13:08:26]: log_breakpoint 
Debug[13:08:26]: 5 
Debug[13:08:27]: signal in logmode 
Debug[13:08:27]: "INF(13:08:27.229):Attempt" 
Debug[13:08:27]: log_breakpoint 
Debug[13:08:27]: 5 
Debug[13:08:27]: signal in logmode 
Debug[13:08:27]: "INF(13:08:27.541):Attempt" 
Debug[13:08:27]: log_breakpoint 
Debug[13:08:27]: 5 
Debug[13:08:27]: signal in logmode 
Debug[13:08:27]: "INF(13:08:27.852):Mode is OK" 
Debug[13:08:27]: log_breakpoint 
Debug[13:08:27]: 5 
Debug[13:08:27]: signal in logmode 
Debug[13:08:27]: "INF(13:08:27.854):Attempt" 
Debug[13:08:27]: log_breakpoint 
Debug[13:08:27]: 5 
Debug[13:08:28]: signal in logmode 
Debug[13:08:28]: "INF(13:08:28.164):Attempt" 
Debug[13:08:28]: log_breakpoint 
Debug[13:08:28]: 5 
Debug[13:08:28]: signal in logmode 
Debug[13:08:28]: "INF(13:08:28.477):Attempt" 
Debug[13:08:28]: log_breakpoint 
Debug[13:08:28]: 5 
Debug[13:08:28]: signal in logmode 
Debug[13:08:28]: "INF(13:08:28.788):Mode is OK" 
Debug[13:08:28]: log_breakpoint 
Debug[13:08:28]: 5 
Debug[13:08:28]: signal in logmode 
Debug[13:08:28]: "INF(13:08:28.793):Attempt" 
Debug[13:08:28]: log_breakpoint 
Debug[13:08:28]: 5 
Debug[13:08:28]: signal in logmode 
Debug[13:08:28]: "INF(13:08:28.948):Mode is OK" 
Debug[13:08:28]: log_breakpoint 
Debug[13:08:28]: 5 
Debug[13:08:28]: signal in logmode 
Debug[13:08:28]: "INF(13:08:28.953):Attempt" 
Debug[13:08:28]: log_breakpoint 
Debug[13:08:28]: 5 
Debug[13:08:29]: signal in logmode 
Debug[13:08:29]: "INF(13:08:29.272):Attempt" 
Debug[13:08:29]: log_breakpoint 
Debug[13:08:29]: 5 
Debug[13:08:29]: signal in logmode 
Debug[13:08:29]: "INF(13:08:29.585):Attempt" 
Debug[13:08:29]: log_breakpoint 
Debug[13:08:29]: 5 
Debug[13:08:29]: signal in logmode 
Debug[13:08:29]: "INF(13:08:29.895):Mode is OK" 
Debug[13:08:29]: log_breakpoint 
Debug[13:08:29]: 5 
Debug[13:08:29]: signal in logmode 
Debug[13:08:29]: "INF(13:08:29.901):Attempt" 
Debug[13:08:29]: log_breakpoint 
Debug[13:08:29]: 5 
Debug[13:08:30]: signal in logmode 
Debug[13:08:30]: "INF(13:08:30.223):Attempt" 
Debug[13:08:30]: log_breakpoint 
Debug[13:08:30]: 5 
Debug[13:08:30]: signal in logmode 
Debug[13:08:30]: "INF(13:08:30.536):Attempt" 
Debug[13:08:30]: log_breakpoint 
Debug[13:08:30]: 5 
Debug[13:08:30]: signal in logmode 
Debug[13:08:30]: "INF(13:08:30.847):Mode is OK" 
Debug[13:08:30]: log_breakpoint 
Debug[13:08:30]: 5 
Debug[13:08:30]: signal in logmode 
Debug[13:08:30]: "INF(13:08:30.849):Attempt" 
Debug[13:08:30]: log_breakpoint 
Debug[13:08:30]: 5 
Debug[13:08:31]: signal in logmode 
Debug[13:08:31]: "INF(13:08:31.159):Attempt" 
Debug[13:08:31]: log_breakpoint 
Debug[13:08:31]: 5 
Debug[13:08:31]: signal in logmode 
Debug[13:08:31]: "INF(13:08:31.473):Attempt" 
Debug[13:08:31]: log_breakpoint 
Debug[13:08:31]: 5 
Warning[13:08:31]: QFileSystemWatcher: failed to add paths: C:/REPO/DSI3PAS2_workingdir/DSI3PAS2/Software/bin/ULSEverification_configfiles, C:/REPO/DSI3PAS2_workingdir/DSI3PAS2/Software/bin/ConfigFiles_29_1_2021_Jiri_MOBIS, C:/Users/fg6cnq/Desktop/DSI3PAS2_UART_QtSW_20210129_1511, C:/Users/zbdn9w/Desktop/Temp/CFAR QT uprava ToF, C:/Users/zbdn9w/Desktop/Temp/CFAR QT Komprimace do CSV, U:/Dokumenty/MOBIS/Crosstalk 11-2021
Debug[13:08:35]: signal in logmode 
Debug[13:08:35]: "INF(13:08:35.445):Mode is OK" 
Debug[13:08:35]: log_breakpoint 
Debug[13:08:35]: 5 
Debug[13:08:35]: signal in logmode 
Debug[13:08:35]: "INF(13:08:35.449):Attempt" 
Debug[13:08:35]: log_breakpoint 
Debug[13:08:35]: 5 
Debug[13:08:35]: signal in logmode 
Debug[13:08:35]: "INF(13:08:35.755):Attempt" 
Debug[13:08:35]: log_breakpoint 
Debug[13:08:35]: 5 
Debug[13:08:36]: signal in logmode 
Debug[13:08:36]: "INF(13:08:36.066):Attempt" 
Debug[13:08:36]: log_breakpoint 
Debug[13:08:36]: 5 
Debug[13:08:36]: signal in logmode 
Debug[13:08:36]: "INF(13:08:36.379):Mode is OK" 
Debug[13:08:36]: log_breakpoint 
Debug[13:08:36]: 5 
Debug[13:08:36]: signal in logmode 
Debug[13:08:36]: "INF(13:08:36.385):Attempt" 
Debug[13:08:36]: log_breakpoint 
Debug[13:08:36]: 5 
Debug[13:08:36]: signal in logmode 
Debug[13:08:36]: "INF(13:08:36.703):Attempt" 
Debug[13:08:36]: log_breakpoint 
Debug[13:08:36]: 5 
Debug[13:08:37]: signal in logmode 
Debug[13:08:37]: "INF(13:08:37.017):Attempt" 
Debug[13:08:37]: log_breakpoint 
Debug[13:08:37]: 5 
Debug[13:08:37]: signal in logmode 
Debug[13:08:37]: "INF(13:08:37.329):Mode is OK" 
Debug[13:08:37]: log_breakpoint 
Debug[13:08:37]: 5 
Debug[13:08:37]: signal in logmode 
Debug[13:08:37]: "INF(13:08:37.334):Attempt" 
Debug[13:08:37]: log_breakpoint 
Debug[13:08:37]: 5 
Debug[13:08:37]: signal in logmode 
Debug[13:08:37]: "INF(13:08:37.345):RDUM master connected" 
Debug[13:08:37]: log_breakpoint 
Debug[13:08:37]: 5 
Debug[13:08:37]: signal in logmode 
Debug[13:08:37]: "INF(13:08:37.350):Connected to \\.\COM26" 
Debug[13:08:37]: log_breakpoint 
Debug[13:08:37]: 5 
Warning[13:08:37]: Could not parse stylesheet of widget 0x2cb74f0
Debug[13:08:37]: "Resume:Logs" 
Debug[13:08:37]: "Resume:Settings" 
Debug[13:08:37]: "Resume:UartUartController" 
Debug[13:08:37]: "Resume:UartSpiController" 
Debug[13:08:37]: "Resume:UartSsiController" 
Debug[13:08:37]: "Resume:DSI3Master" 
Debug[13:08:37]: "Resume:ASICMaster" 
Debug[13:08:37]: "Resume:RDUMMaster" 
Debug[13:08:37]: "Resume:DSI3Slave" 
Debug[13:08:37]: "Resume:Measurement" 
Debug[13:08:37]: "Resume:CFARsim" 
Debug[13:39:50]: "Suspend:Settings" 
Debug[13:39:50]: "Suspend:UartUartController" 
Debug[13:39:50]: "Suspend:UartSpiController" 
Debug[13:39:50]: "Suspend:UartSsiController" 
Debug[13:39:50]: "Suspend:DSI3Master" 
Debug[13:39:50]: "Suspend:ASICMaster" 
Debug[13:39:50]: "Suspend:RDUMMaster" 
Debug[13:39:50]: "Suspend:DSI3Slave" 
Debug[13:39:50]: "Suspend:Measurement" 
Debug[13:39:50]: "Suspend:CFARsim" 
Debug[13:39:50]: signal in logmode 
Debug[13:39:50]: "INF(13:39:50.505):Disconnect by user" 
Debug[13:39:50]: log_breakpoint 
Debug[13:39:50]: 5 
Debug[13:39:50]: signal in logmode 
Debug[13:39:50]: "INF(13:39:50.684):Disconnect by user" 
Debug[13:39:50]: log_breakpoint 
Debug[13:39:50]: 5 
Warning[13:43:50]: QObject::connect: Cannot connect LocalServer::log(int,QString) to (null)::slot_addLog(int,QString)
Debug[13:43:50]: LocalServer:new "\\.\pipe\DSI3PAS" 
Debug[13:43:50]: Register specific 
Debug[13:43:50]: DynScaleCaclulate 
Debug[13:43:50]: "init 2 UartUartController" 
Debug[13:43:50]: Ok 
Debug[13:43:50]: "init 3 UartSpiController" 
Debug[13:43:50]: Ok 
Debug[13:43:50]: "init 4 UartSsiController" 
Debug[13:43:50]: Ok 
Debug[13:43:50]: "init 5 DSI3Master" 
Debug[13:43:51]: Ok 
Debug[13:43:51]: "init 6 ASICMaster" 
Debug[13:43:51]: Ok 
Debug[13:43:51]: "init 7 RDUMMaster" 
Debug[13:43:51]: Ok 
Debug[13:43:51]: "init 8 DSI3Slave" 
Debug[13:43:51]: Ok 
Debug[13:43:51]: "init 9 Measurement" 
Debug[13:43:52]: Ok 
Debug[13:43:52]: "init 10 CFARsim" 
Debug[13:43:52]: Ok 
Debug[13:43:52]: MainApp Starting... 
Debug[13:43:53]: Add applets to MainWindow...
 
Debug[13:43:53]: Initialize Connection... 
Debug[13:43:53]: signal in logmode 
Debug[13:43:53]: "INF(13:43:53.747):Mode is OK" 
Debug[13:43:53]: log_breakpoint 
Debug[13:43:53]: 5 
Debug[13:43:53]: signal in logmode 
Debug[13:43:53]: "INF(13:43:53.751):Attempt" 
Debug[13:43:53]: log_breakpoint 
Debug[13:43:53]: 5 
Debug[13:43:54]: signal in logmode 
Debug[13:43:54]: "INF(13:43:54.056):Attempt" 
Debug[13:43:54]: log_breakpoint 
Debug[13:43:54]: 5 
Debug[13:43:54]: signal in logmode 
Debug[13:43:54]: "INF(13:43:54.367):Attempt" 
Debug[13:43:54]: log_breakpoint 
Debug[13:43:54]: 5 
Debug[13:43:54]: signal in logmode 
Debug[13:43:54]: "INF(13:43:54.679):Mode is OK" 
Debug[13:43:54]: log_breakpoint 
Debug[13:43:54]: 5 
Debug[13:43:54]: signal in logmode 
Debug[13:43:54]: "INF(13:43:54.687):Attempt" 
Debug[13:43:54]: log_breakpoint 
Debug[13:43:54]: 5 
Debug[13:43:55]: signal in logmode 
Debug[13:43:55]: "INF(13:43:55.007):Attempt" 
Debug[13:43:55]: log_breakpoint 
Debug[13:43:55]: 5 
Debug[13:43:55]: signal in logmode 
Debug[13:43:55]: "INF(13:43:55.323):Attempt" 
Debug[13:43:55]: log_breakpoint 
Debug[13:43:55]: 5 
Debug[13:43:55]: signal in logmode 
Debug[13:43:55]: "INF(13:43:55.638):Mode is OK" 
Debug[13:43:55]: log_breakpoint 
Debug[13:43:55]: 5 
Debug[13:43:55]: signal in logmode 
Debug[13:43:55]: "INF(13:43:55.643):Attempt" 
Debug[13:43:55]: log_breakpoint 
Debug[13:43:55]: 5 
Debug[13:43:55]: signal in logmode 
Debug[13:43:55]: "INF(13:43:55.798):Mode is OK" 
Debug[13:43:55]: log_breakpoint 
Debug[13:43:55]: 5 
Debug[13:43:55]: signal in logmode 
Debug[13:43:55]: "INF(13:43:55.803):Attempt" 
Debug[13:43:55]: log_breakpoint 
Debug[13:43:55]: 5 
Debug[13:43:56]: signal in logmode 
Debug[13:43:56]: "INF(13:43:56.121):Attempt" 
Debug[13:43:56]: log_breakpoint 
Debug[13:43:56]: 5 
Debug[13:43:56]: signal in logmode 
Debug[13:43:56]: "INF(13:43:56.436):Attempt" 
Debug[13:43:56]: log_breakpoint 
Debug[13:43:56]: 5 
Debug[13:43:56]: signal in logmode 
Debug[13:43:56]: "INF(13:43:56.748):Mode is OK" 
Debug[13:43:56]: log_breakpoint 
Debug[13:43:56]: 5 
Debug[13:43:56]: signal in logmode 
Debug[13:43:56]: "INF(13:43:56.753):Attempt" 
Debug[13:43:56]: log_breakpoint 
Debug[13:43:56]: 5 
Debug[13:43:57]: signal in logmode 
Debug[13:43:57]: "INF(13:43:57.077):Attempt" 
Debug[13:43:57]: log_breakpoint 
Debug[13:43:57]: 5 
Debug[13:43:57]: signal in logmode 
Debug[13:43:57]: "INF(13:43:57.389):Attempt" 
Debug[13:43:57]: log_breakpoint 
Debug[13:43:57]: 5 
Debug[13:43:57]: signal in logmode 
Debug[13:43:57]: "INF(13:43:57.702):Mode is OK" 
Debug[13:43:57]: log_breakpoint 
Debug[13:43:57]: 5 
Debug[13:43:57]: signal in logmode 
Debug[13:43:57]: "INF(13:43:57.707):Attempt" 
Debug[13:43:57]: log_breakpoint 
Debug[13:43:57]: 5 
Debug[13:43:58]: signal in logmode 
Debug[13:43:58]: "INF(13:43:58.012):Attempt" 
Debug[13:43:58]: log_breakpoint 
Debug[13:43:58]: 5 
Debug[13:43:58]: signal in logmode 
Debug[13:43:58]: "INF(13:43:58.324):Attempt" 
Debug[13:43:58]: log_breakpoint 
Debug[13:43:58]: 5 
Warning[13:43:58]: QFileSystemWatcher: failed to add paths: C:/REPO/DSI3PAS2_workingdir/DSI3PAS2/Software/bin/ULSEverification_configfiles, C:/REPO/DSI3PAS2_workingdir/DSI3PAS2/Software/bin/ConfigFiles_29_1_2021_Jiri_MOBIS, C:/Users/fg6cnq/Desktop/DSI3PAS2_UART_QtSW_20210129_1511, C:/Users/zbdn9w/Desktop/Temp/CFAR QT uprava ToF, C:/Users/zbdn9w/Desktop/Temp/CFAR QT Komprimace do CSV, U:/Dokumenty/MOBIS/Crosstalk 11-2021
Debug[13:44:00]: signal in logmode 
Debug[13:44:00]: "INF(13:44:00.292):Mode is OK" 
Debug[13:44:00]: log_breakpoint 
Debug[13:44:00]: 5 
Debug[13:44:00]: signal in logmode 
Debug[13:44:00]: "INF(13:44:00.298):Attempt" 
Debug[13:44:00]: log_breakpoint 
Debug[13:44:00]: 5 
Debug[13:44:00]: signal in logmode 
Debug[13:44:00]: "INF(13:44:00.611):Attempt" 
Debug[13:44:00]: log_breakpoint 
Debug[13:44:00]: 5 
Debug[13:44:00]: signal in logmode 
Debug[13:44:00]: "INF(13:44:00.923):Attempt" 
Debug[13:44:00]: log_breakpoint 
Debug[13:44:00]: 5 
Debug[13:44:01]: signal in logmode 
Debug[13:44:01]: "INF(13:44:01.237):Mode is OK" 
Debug[13:44:01]: log_breakpoint 
Debug[13:44:01]: 5 
Debug[13:44:01]: signal in logmode 
Debug[13:44:01]: "INF(13:44:01.242):Attempt" 
Debug[13:44:01]: log_breakpoint 
Debug[13:44:01]: 5 
Debug[13:44:01]: signal in logmode 
Debug[13:44:01]: "INF(13:44:01.564):Attempt" 
Debug[13:44:01]: log_breakpoint 
Debug[13:44:01]: 5 
Debug[13:44:01]: signal in logmode 
Debug[13:44:01]: "INF(13:44:01.878):Attempt" 
Debug[13:44:01]: log_breakpoint 
Debug[13:44:01]: 5 
Debug[13:44:02]: signal in logmode 
Debug[13:44:02]: "INF(13:44:02.191):Mode is OK" 
Debug[13:44:02]: log_breakpoint 
Debug[13:44:02]: 5 
Debug[13:44:02]: signal in logmode 
Debug[13:44:02]: "INF(13:44:02.195):Attempt" 
Debug[13:44:02]: log_breakpoint 
Debug[13:44:02]: 5 
Debug[13:44:02]: signal in logmode 
Debug[13:44:02]: "INF(13:44:02.223):RDUM master connected" 
Debug[13:44:02]: log_breakpoint 
Debug[13:44:02]: 5 
Debug[13:44:02]: signal in logmode 
Debug[13:44:02]: "INF(13:44:02.228):Connected to \\.\COM26" 
Debug[13:44:02]: log_breakpoint 
Debug[13:44:02]: 5 
Warning[13:44:02]: Could not parse stylesheet of widget 0x34374b0
Debug[13:44:02]: "Resume:Logs" 
Debug[13:44:02]: "Resume:Settings" 
Debug[13:44:02]: "Resume:UartUartController" 
Debug[13:44:02]: "Resume:UartSpiController" 
Debug[13:44:02]: "Resume:UartSsiController" 
Debug[13:44:02]: "Resume:DSI3Master" 
Debug[13:44:02]: "Resume:ASICMaster" 
Debug[13:44:02]: "Resume:RDUMMaster" 
Debug[13:44:02]: "Resume:DSI3Slave" 
Debug[13:44:02]: "Resume:Measurement" 
Debug[13:44:02]: "Resume:CFARsim" 
Debug[13:44:40]: "Suspend:Settings" 
Debug[13:44:40]: "Suspend:UartUartController" 
Debug[13:44:40]: "Suspend:UartSpiController" 
Debug[13:44:40]: "Suspend:UartSsiController" 
Debug[13:44:40]: "Suspend:DSI3Master" 
Debug[13:44:40]: "Suspend:ASICMaster" 
Debug[13:44:40]: "Suspend:RDUMMaster" 
Debug[13:44:40]: "Suspend:DSI3Slave" 
Debug[13:44:40]: "Suspend:Measurement" 
Debug[13:44:40]: "Suspend:CFARsim" 
Debug[13:44:40]: signal in logmode 
Debug[13:44:40]: "INF(13:44:40.103):Disconnect by user" 
Debug[13:44:40]: log_breakpoint 
Debug[13:44:40]: 5 
Debug[13:44:40]: signal in logmode 
Debug[13:44:40]: "INF(13:44:40.251):Disconnect by user" 
Debug[13:44:40]: log_breakpoint 
Debug[13:44:40]: 5 
Warning[13:44:52]: QObject::connect: Cannot connect LocalServer::log(int,QString) to (null)::slot_addLog(int,QString)
Debug[13:44:52]: LocalServer:new "\\.\pipe\DSI3PAS" 
Debug[13:44:53]: Register specific 
Debug[13:44:53]: DynScaleCaclulate 
Debug[13:44:53]: "init 2 UartUartController" 
Debug[13:44:53]: Ok 
Debug[13:44:53]: "init 3 UartSpiController" 
Debug[13:44:53]: Ok 
Debug[13:44:53]: "init 4 UartSsiController" 
Debug[13:44:53]: Ok 
Debug[13:44:53]: "init 5 DSI3Master" 
Debug[13:44:53]: Ok 
Debug[13:44:53]: "init 6 ASICMaster" 
Debug[13:44:53]: Ok 
Debug[13:44:53]: "init 7 RDUMMaster" 
Debug[13:44:53]: Ok 
Debug[13:44:53]: "init 8 DSI3Slave" 
Debug[13:44:54]: Ok 
Debug[13:44:54]: "init 9 Measurement" 
Debug[13:44:54]: Ok 
Debug[13:44:54]: "init 10 CFARsim" 
Debug[13:44:54]: Ok 
Debug[13:44:54]: MainApp Starting... 
Debug[13:44:55]: Add applets to MainWindow...
 
Debug[13:44:55]: Initialize Connection... 
Debug[13:44:56]: signal in logmode 
Debug[13:44:56]: "INF(13:44:56.123):Mode is OK" 
Debug[13:44:56]: log_breakpoint 
Debug[13:44:56]: 5 
Debug[13:44:56]: signal in logmode 
Debug[13:44:56]: "INF(13:44:56.125):Attempt" 
Debug[13:44:56]: log_breakpoint 
Debug[13:44:56]: 5 
Debug[13:44:56]: signal in logmode 
Debug[13:44:56]: "INF(13:44:56.433):Attempt" 
Debug[13:44:56]: log_breakpoint 
Debug[13:44:56]: 5 
Debug[13:44:56]: signal in logmode 
Debug[13:44:56]: "INF(13:44:56.747):Attempt" 
Debug[13:44:56]: log_breakpoint 
Debug[13:44:56]: 5 
Debug[13:44:57]: signal in logmode 
Debug[13:44:57]: "INF(13:44:57.058):Mode is OK" 
Debug[13:44:57]: log_breakpoint 
Debug[13:44:57]: 5 
Debug[13:44:57]: signal in logmode 
Debug[13:44:57]: "INF(13:44:57.059):Attempt" 
Debug[13:44:57]: log_breakpoint 
Debug[13:44:57]: 5 
Debug[13:44:57]: signal in logmode 
Debug[13:44:57]: "INF(13:44:57.372):Attempt" 
Debug[13:44:57]: log_breakpoint 
Debug[13:44:57]: 5 
Debug[13:44:57]: signal in logmode 
Debug[13:44:57]: "INF(13:44:57.689):Attempt" 
Debug[13:44:57]: log_breakpoint 
Debug[13:44:57]: 5 
Debug[13:44:57]: signal in logmode 
Debug[13:44:58]: "INF(13:44:58.000):Mode is OK" 
Debug[13:44:58]: log_breakpoint 
Debug[13:44:58]: 5 
Debug[13:44:58]: signal in logmode 
Debug[13:44:58]: "INF(13:44:58.005):Attempt" 
Debug[13:44:58]: log_breakpoint 
Debug[13:44:58]: 5 
Debug[13:44:58]: signal in logmode 
Debug[13:44:58]: "INF(13:44:58.176):Mode is OK" 
Debug[13:44:58]: log_breakpoint 
Debug[13:44:58]: 5 
Debug[13:44:58]: signal in logmode 
Debug[13:44:58]: "INF(13:44:58.181):Attempt" 
Debug[13:44:58]: log_breakpoint 
Debug[13:44:58]: 5 
Debug[13:44:58]: signal in logmode 
Debug[13:44:58]: "INF(13:44:58.500):Attempt" 
Debug[13:44:58]: log_breakpoint 
Debug[13:44:58]: 5 
Debug[13:44:58]: signal in logmode 
Debug[13:44:58]: "INF(13:44:58.811):Attempt" 
Debug[13:44:58]: log_breakpoint 
Debug[13:44:58]: 5 
Debug[13:44:59]: signal in logmode 
Debug[13:44:59]: "INF(13:44:59.126):Mode is OK" 
Debug[13:44:59]: log_breakpoint 
Debug[13:44:59]: 5 
Debug[13:44:59]: signal in logmode 
Debug[13:44:59]: "INF(13:44:59.134):Attempt" 
Debug[13:44:59]: log_breakpoint 
Debug[13:44:59]: 5 
Debug[13:44:59]: signal in logmode 
Debug[13:44:59]: "INF(13:44:59.452):Attempt" 
Debug[13:44:59]: log_breakpoint 
Debug[13:44:59]: 5 
Debug[13:44:59]: signal in logmode 
Debug[13:44:59]: "INF(13:44:59.765):Attempt" 
Debug[13:44:59]: log_breakpoint 
Debug[13:44:59]: 5 
Debug[13:45:00]: signal in logmode 
Debug[13:45:00]: "INF(13:45:00.075):Mode is OK" 
Debug[13:45:00]: log_breakpoint 
Debug[13:45:00]: 5 
Debug[13:45:00]: signal in logmode 
Debug[13:45:00]: "INF(13:45:00.077):Attempt" 
Debug[13:45:00]: log_breakpoint 
Debug[13:45:00]: 5 
Debug[13:45:00]: signal in logmode 
Debug[13:45:00]: "INF(13:45:00.387):Attempt" 
Debug[13:45:00]: log_breakpoint 
Debug[13:45:00]: 5 
Debug[13:45:00]: signal in logmode 
Debug[13:45:00]: "INF(13:45:00.699):Attempt" 
Debug[13:45:00]: log_breakpoint 
Debug[13:45:00]: 5 
Warning[13:45:01]: QFileSystemWatcher: failed to add paths: C:/REPO/DSI3PAS2_workingdir/DSI3PAS2/Software/bin/ULSEverification_configfiles, C:/REPO/DSI3PAS2_workingdir/DSI3PAS2/Software/bin/ConfigFiles_29_1_2021_Jiri_MOBIS, C:/Users/fg6cnq/Desktop/DSI3PAS2_UART_QtSW_20210129_1511, C:/Users/zbdn9w/Desktop/Temp/CFAR QT uprava ToF, C:/Users/zbdn9w/Desktop/Temp/CFAR QT Komprimace do CSV, U:/Dokumenty/MOBIS/Crosstalk 11-2021
Debug[13:45:01]: QWindowsFileSystemWatcherEngine: unknown message '
Debug[13:45:02]: signal in logmode 
Debug[13:45:02]: "INF(13:45:02.473):Mode is OK" 
Debug[13:45:02]: log_breakpoint 
Debug[13:45:02]: 5 
Debug[13:45:02]: signal in logmode 
Debug[13:45:02]: "INF(13:45:02.479):Attempt" 
Debug[13:45:02]: log_breakpoint 
Debug[13:45:02]: 5 
Debug[13:45:02]: signal in logmode 
Debug[13:45:02]: "INF(13:45:02.794):Attempt" 
Debug[13:45:02]: log_breakpoint 
Debug[13:45:02]: 5 
Debug[13:45:03]: signal in logmode 
Debug[13:45:03]: "INF(13:45:03.109):Attempt" 
Debug[13:45:03]: log_breakpoint 
Debug[13:45:03]: 5 
Debug[13:45:03]: signal in logmode 
Debug[13:45:03]: "INF(13:45:03.423):Mode is OK" 
Debug[13:45:03]: log_breakpoint 
Debug[13:45:03]: 5 
Debug[13:45:03]: signal in logmode 
Debug[13:45:03]: "INF(13:45:03.429):Attempt" 
Debug[13:45:03]: log_breakpoint 
Debug[13:45:03]: 5 
Debug[13:45:03]: signal in logmode 
Debug[13:45:03]: "INF(13:45:03.750):Attempt" 
Debug[13:45:03]: log_breakpoint 
Debug[13:45:03]: 5 
Debug[13:45:04]: signal in logmode 
Debug[13:45:04]: "INF(13:45:04.062):Attempt" 
Debug[13:45:04]: log_breakpoint 
Debug[13:45:04]: 5 
Debug[13:45:04]: signal in logmode 
Debug[13:45:04]: "INF(13:45:04.375):Mode is OK" 
Debug[13:45:04]: log_breakpoint 
Debug[13:45:04]: 5 
Debug[13:45:04]: signal in logmode 
Debug[13:45:04]: "INF(13:45:04.380):Attempt" 
Debug[13:45:04]: log_breakpoint 
Debug[13:45:04]: 5 
Debug[13:45:04]: signal in logmode 
Debug[13:45:04]: "INF(13:45:04.389):RDUM master connected" 
Debug[13:45:04]: log_breakpoint 
Debug[13:45:04]: 5 
Debug[13:45:04]: signal in logmode 
Debug[13:45:04]: "INF(13:45:04.395):Connected to \\.\COM26" 
Debug[13:45:04]: log_breakpoint 
Debug[13:45:04]: 5 
Warning[13:45:04]: Could not parse stylesheet of widget 0x2d66e10
Debug[13:45:04]: "Resume:Logs" 
Debug[13:45:04]: "Resume:Settings" 
Debug[13:45:04]: "Resume:UartUartController" 
Debug[13:45:04]: "Resume:UartSpiController" 
Debug[13:45:04]: "Resume:UartSsiController" 
Debug[13:45:04]: "Resume:DSI3Master" 
Debug[13:45:04]: "Resume:ASICMaster" 
Debug[13:45:04]: "Resume:RDUMMaster" 
Debug[13:45:04]: "Resume:DSI3Slave" 
Debug[13:45:04]: "Resume:Measurement" 
Debug[13:45:04]: "Resume:CFARsim" 
Debug[13:46:28]: "Suspend:Settings" 
Debug[13:46:28]: "Suspend:UartUartController" 
Debug[13:46:28]: "Suspend:UartSpiController" 
Debug[13:46:28]: "Suspend:UartSsiController" 
Debug[13:46:28]: "Suspend:DSI3Master" 
Debug[13:46:28]: "Suspend:ASICMaster" 
Debug[13:46:28]: "Suspend:RDUMMaster" 
Debug[13:46:28]: "Suspend:DSI3Slave" 
Debug[13:46:28]: "Suspend:Measurement" 
Debug[13:46:28]: "Suspend:CFARsim" 
Debug[13:46:28]: signal in logmode 
Debug[13:46:28]: "INF(13:46:28.987):Disconnect by user" 
Debug[13:46:28]: log_breakpoint 
Debug[13:46:28]: 5 
Debug[13:46:29]: signal in logmode 
Debug[13:46:29]: "INF(13:46:29.143):Disconnect by user" 
Debug[13:46:29]: log_breakpoint 
Debug[13:46:29]: 5 
