Warning[09:38:14]: QObject::connect: Cannot connect LocalServer::log(int,QString) to (null)::slot_addLog(int,QString)
Debug[09:38:14]: LocalServer:new "\\.\pipe\DSI3PAS" 
Debug[09:38:14]: Register specific 
Debug[09:38:14]: DynScaleCaclulate 
Debug[09:38:14]: "init 2 UartUartController" 
Debug[09:38:14]: Ok 
Debug[09:38:14]: "init 3 UartSpiController" 
Debug[09:38:14]: Ok 
Debug[09:38:14]: "init 4 UartSsiController" 
Debug[09:38:14]: Ok 
Debug[09:38:14]: "init 5 DSI3Master" 
Debug[09:38:14]: Ok 
Debug[09:38:14]: "init 6 ASICMaster" 
Debug[09:38:14]: Ok 
Debug[09:38:14]: "init 7 RDUMMaster" 
Debug[09:38:14]: Ok 
Debug[09:38:14]: "init 8 DSI3Slave" 
Debug[09:38:15]: Ok 
Debug[09:38:15]: "init 9 Measurement" 
Debug[09:38:16]: Ok 
Debug[09:38:16]: "init 10 CFARsim" 
Debug[09:38:16]: Ok 
Debug[09:38:16]: MainApp Starting... 
Debug[09:38:16]: Add applets to MainWindow...
 
Debug[09:38:16]: Initialize Connection... 
Warning[09:38:16]: QFileSystemWatcher: failed to add paths: C:/REPO/DSI3PAS2_workingdir/DSI3PAS2/Software/bin/ULSEverification_configfiles, C:/REPO/DSI3PAS2_workingdir/DSI3PAS2/Software/bin/ConfigFiles_29_1_2021_Jiri_MOBIS, C:/Users/fg6cnq/Desktop/DSI3PAS2_UART_QtSW_20210129_1511, C:/Users/zbdn9w/Desktop/Temp/CFAR QT uprava ToF, C:/Users/zbdn9w/Desktop/Temp/CFAR QT Komprimace do CSV, U:/Dokumenty/MOBIS/Crosstalk 11-2021
Debug[09:38:19]: signal in logmode 
Debug[09:38:19]: "INF(09:38:19.599):Connected to no_board" 
Debug[09:38:19]: log_breakpoint 
Debug[09:38:19]: 5 
Warning[09:38:19]: Could not parse stylesheet of widget 0x30d1a28
Debug[09:38:19]: "Resume:Logs" 
Debug[09:38:19]: "Resume:Settings" 
Debug[09:38:19]: "Resume:UartUartController" 
Debug[09:38:19]: "Resume:UartSpiController" 
Debug[09:38:19]: "Resume:UartSsiController" 
Debug[09:38:19]: "Resume:DSI3Master" 
Debug[09:38:19]: "Resume:ASICMaster" 
Debug[09:38:19]: "Resume:RDUMMaster" 
Debug[09:38:19]: "Resume:DSI3Slave" 
Debug[09:38:19]: "Resume:Measurement" 
Debug[09:38:19]: "Resume:CFARsim" 
Warning[11:05:07]: QObject::connect: Cannot connect LocalServer::log(int,QString) to (null)::slot_addLog(int,QString)
Debug[11:05:08]: LocalServer:new "" 
Debug[11:05:10]: "Suspend:Settings" 
Debug[11:05:10]: "Suspend:UartUartController" 
Debug[11:05:10]: "Suspend:UartSpiController" 
Debug[11:05:10]: "Suspend:UartSsiController" 
Debug[11:05:10]: "Suspend:DSI3Master" 
Debug[11:05:10]: "Suspend:ASICMaster" 
Debug[11:05:10]: "Suspend:RDUMMaster" 
Debug[11:05:10]: "Suspend:DSI3Slave" 
Debug[11:05:10]: "Suspend:Measurement" 
Debug[11:05:10]: "Suspend:CFARsim" 
Debug[11:05:10]: signal in logmode 
Debug[11:05:10]: "INF(11:05:10.689):Disconnect by user" 
Debug[11:05:10]: log_breakpoint 
Debug[11:05:10]: 5 
Debug[11:05:10]: signal in logmode 
Debug[11:05:10]: "INF(11:05:10.727):Disconnect by user" 
Debug[11:05:10]: log_breakpoint 
Debug[11:05:10]: 5 
Warning[11:05:12]: QObject::connect: Cannot connect LocalServer::log(int,QString) to (null)::slot_addLog(int,QString)
Debug[11:05:12]: LocalServer:new "\\.\pipe\DSI3PAS" 
Debug[11:05:12]: Register specific 
Debug[11:05:13]: DynScaleCaclulate 
Debug[11:05:13]: "init 2 UartUartController" 
Debug[11:05:13]: Ok 
Debug[11:05:13]: "init 3 UartSpiController" 
Debug[11:05:13]: Ok 
Debug[11:05:13]: "init 4 UartSsiController" 
Debug[11:05:13]: Ok 
Debug[11:05:13]: "init 5 DSI3Master" 
Debug[11:05:13]: Ok 
Debug[11:05:13]: "init 6 ASICMaster" 
Debug[11:05:13]: Ok 
Debug[11:05:13]: "init 7 RDUMMaster" 
Debug[11:05:13]: Ok 
Debug[11:05:13]: "init 8 DSI3Slave" 
Debug[11:05:14]: Ok 
Debug[11:05:14]: "init 9 Measurement" 
Debug[11:05:14]: Ok 
Debug[11:05:14]: "init 10 CFARsim" 
Debug[11:05:14]: Ok 
Debug[11:05:14]: MainApp Starting... 
Debug[11:05:15]: Add applets to MainWindow...
 
Debug[11:05:15]: Initialize Connection... 
Debug[11:05:15]: signal in logmode 
Debug[11:05:15]: "INF(11:05:15.813):Mode is OK" 
Debug[11:05:15]: log_breakpoint 
Debug[11:05:15]: 5 
Debug[11:05:15]: signal in logmode 
Debug[11:05:15]: "INF(11:05:15.817):Attempt" 
Debug[11:05:15]: log_breakpoint 
Debug[11:05:15]: 5 
Debug[11:05:15]: signal in logmode 
Debug[11:05:15]: "INF(11:05:15.968):Mode is OK" 
Debug[11:05:15]: log_breakpoint 
Debug[11:05:15]: 5 
Debug[11:05:15]: signal in logmode 
Debug[11:05:15]: "INF(11:05:15.971):Attempt" 
Debug[11:05:15]: log_breakpoint 
Debug[11:05:15]: 5 
Debug[11:05:16]: signal in logmode 
Debug[11:05:16]: "INF(11:05:16.292):Attempt" 
Debug[11:05:16]: log_breakpoint 
Debug[11:05:16]: 5 
Debug[11:05:16]: signal in logmode 
Debug[11:05:16]: "INF(11:05:16.606):Attempt" 
Debug[11:05:16]: log_breakpoint 
Debug[11:05:16]: 5 
Debug[11:05:16]: signal in logmode 
Debug[11:05:16]: "INF(11:05:16.923):Mode is OK" 
Debug[11:05:16]: log_breakpoint 
Debug[11:05:16]: 5 
Debug[11:05:16]: signal in logmode 
Debug[11:05:16]: "INF(11:05:16.925):Attempt" 
Debug[11:05:16]: log_breakpoint 
Debug[11:05:16]: 5 
Debug[11:05:17]: signal in logmode 
Debug[11:05:17]: "INF(11:05:17.233):Attempt" 
Debug[11:05:17]: log_breakpoint 
Debug[11:05:17]: 5 
Debug[11:05:17]: signal in logmode 
Debug[11:05:17]: "INF(11:05:17.542):Attempt" 
Debug[11:05:17]: log_breakpoint 
Debug[11:05:17]: 5 
Debug[11:05:17]: signal in logmode 
Debug[11:05:17]: "INF(11:05:17.855):Mode is OK" 
Debug[11:05:17]: log_breakpoint 
Debug[11:05:17]: 5 
Debug[11:05:17]: signal in logmode 
Debug[11:05:17]: "INF(11:05:17.859):Attempt" 
Debug[11:05:17]: log_breakpoint 
Debug[11:05:17]: 5 
Debug[11:05:18]: signal in logmode 
Debug[11:05:18]: "INF(11:05:18.166):Attempt" 
Debug[11:05:18]: log_breakpoint 
Debug[11:05:18]: 5 
Debug[11:05:18]: signal in logmode 
Debug[11:05:18]: "INF(11:05:18.477):Attempt" 
Debug[11:05:18]: log_breakpoint 
Debug[11:05:18]: 5 
Warning[11:05:18]: QFileSystemWatcher: failed to add paths: C:/REPO/DSI3PAS2_workingdir/DSI3PAS2/Software/bin/ULSEverification_configfiles, C:/REPO/DSI3PAS2_workingdir/DSI3PAS2/Software/bin/ConfigFiles_29_1_2021_Jiri_MOBIS, C:/Users/fg6cnq/Desktop/DSI3PAS2_UART_QtSW_20210129_1511, C:/Users/zbdn9w/Desktop/Temp/CFAR QT uprava ToF, C:/Users/zbdn9w/Desktop/Temp/CFAR QT Komprimace do CSV, U:/Dokumenty/MOBIS/Crosstalk 11-2021
Debug[11:05:22]: signal in logmode 
Debug[11:05:22]: "INF(11:05:22.494):Mode is OK" 
Debug[11:05:22]: log_breakpoint 
Debug[11:05:22]: 5 
Debug[11:05:22]: signal in logmode 
Debug[11:05:22]: "INF(11:05:22.497):Attempt" 
Debug[11:05:22]: log_breakpoint 
Debug[11:05:22]: 5 
Debug[11:05:22]: signal in logmode 
Debug[11:05:22]: "INF(11:05:22.506):ASIC master connected" 
Debug[11:05:22]: log_breakpoint 
Debug[11:05:22]: 5 
Debug[11:05:22]: signal in logmode 
Debug[11:05:22]: "INF(11:05:22.508):Connected to \\.\COM56" 
Debug[11:05:22]: log_breakpoint 
Debug[11:05:22]: 5 
Warning[11:05:22]: Could not parse stylesheet of widget 0x2d51f68
Debug[11:05:22]: "Resume:Logs" 
Debug[11:05:22]: "Resume:Settings" 
Debug[11:05:22]: "Resume:UartUartController" 
Debug[11:05:22]: "Resume:UartSpiController" 
Debug[11:05:22]: "Resume:UartSsiController" 
Debug[11:05:22]: "Resume:DSI3Master" 
Debug[11:05:22]: "Resume:ASICMaster" 
Debug[11:05:22]: "Resume:RDUMMaster" 
Debug[11:05:22]: "Resume:DSI3Slave" 
Debug[11:05:22]: "Resume:Measurement" 
Debug[11:05:22]: "Resume:CFARsim" 
Debug[11:14:52]: "Suspend:Settings" 
Debug[11:14:52]: "Suspend:UartUartController" 
Debug[11:14:52]: "Suspend:UartSpiController" 
Debug[11:14:52]: "Suspend:UartSsiController" 
Debug[11:14:52]: "Suspend:DSI3Master" 
Debug[11:14:52]: "Suspend:ASICMaster" 
Debug[11:14:52]: "Suspend:RDUMMaster" 
Debug[11:14:52]: "Suspend:DSI3Slave" 
Debug[11:14:52]: "Suspend:Measurement" 
Debug[11:14:52]: "Suspend:CFARsim" 
Debug[11:14:52]: signal in logmode 
Debug[11:14:52]: "INF(11:14:52.541):Disconnect by user" 
Debug[11:14:52]: log_breakpoint 
Debug[11:14:52]: 5 
Debug[11:14:52]: signal in logmode 
Debug[11:14:52]: "INF(11:14:52.674):Disconnect by user" 
Debug[11:14:52]: log_breakpoint 
Debug[11:14:52]: 5 
Warning[12:08:49]: QObject::connect: Cannot connect LocalServer::log(int,QString) to (null)::slot_addLog(int,QString)
Debug[12:08:49]: LocalServer:new "\\.\pipe\DSI3PAS" 
Debug[12:08:49]: Register specific 
Debug[12:08:49]: DynScaleCaclulate 
Debug[12:08:49]: "init 2 UartUartController" 
Debug[12:08:49]: Ok 
Debug[12:08:49]: "init 3 UartSpiController" 
Debug[12:08:49]: Ok 
Debug[12:08:49]: "init 4 UartSsiController" 
Debug[12:08:49]: Ok 
Debug[12:08:49]: "init 5 DSI3Master" 
Debug[12:08:49]: Ok 
Debug[12:08:49]: "init 6 ASICMaster" 
Debug[12:08:49]: Ok 
Debug[12:08:49]: "init 7 RDUMMaster" 
Debug[12:08:49]: Ok 
Debug[12:08:49]: "init 8 DSI3Slave" 
Debug[12:08:50]: Ok 
Debug[12:08:50]: "init 9 Measurement" 
Debug[12:08:51]: Ok 
Debug[12:08:51]: "init 10 CFARsim" 
Debug[12:08:51]: Ok 
Debug[12:08:51]: MainApp Starting... 
Debug[12:08:52]: Add applets to MainWindow...
 
Debug[12:08:52]: Initialize Connection... 
Warning[12:08:52]: QFileSystemWatcher: failed to add paths: C:/REPO/DSI3PAS2_workingdir/DSI3PAS2/Software/bin/ULSEverification_configfiles, C:/REPO/DSI3PAS2_workingdir/DSI3PAS2/Software/bin/ConfigFiles_29_1_2021_Jiri_MOBIS, C:/Users/fg6cnq/Desktop/DSI3PAS2_UART_QtSW_20210129_1511, C:/Users/zbdn9w/Desktop/Temp/CFAR QT uprava ToF, C:/Users/zbdn9w/Desktop/Temp/CFAR QT Komprimace do CSV, U:/Dokumenty/MOBIS/Crosstalk 11-2021
Debug[12:09:00]: Initialize Connection... 
Debug[12:09:00]: signal in logmode 
Debug[12:09:00]: "INF(12:09:00.468):Mode is OK" 
Debug[12:09:00]: log_breakpoint 
Debug[12:09:00]: 5 
Debug[12:09:00]: signal in logmode 
Debug[12:09:00]: "INF(12:09:00.472):Attempt" 
Debug[12:09:00]: log_breakpoint 
Debug[12:09:00]: 5 
Debug[12:09:00]: signal in logmode 
Debug[12:09:00]: "INF(12:09:00.627):Mode is OK" 
Debug[12:09:00]: log_breakpoint 
Debug[12:09:00]: 5 
Debug[12:09:00]: signal in logmode 
Debug[12:09:00]: "INF(12:09:00.631):Attempt" 
Debug[12:09:00]: log_breakpoint 
Debug[12:09:00]: 5 
Debug[12:09:00]: signal in logmode 
Debug[12:09:00]: "INF(12:09:00.937):Attempt" 
Debug[12:09:00]: log_breakpoint 
Debug[12:09:00]: 5 
Debug[12:09:01]: signal in logmode 
Debug[12:09:01]: "INF(12:09:01.255):Attempt" 
Debug[12:09:01]: log_breakpoint 
Debug[12:09:01]: 5 
Debug[12:09:01]: signal in logmode 
Debug[12:09:01]: "INF(12:09:01.571):Mode is OK" 
Debug[12:09:01]: log_breakpoint 
Debug[12:09:01]: 5 
Debug[12:09:01]: signal in logmode 
Debug[12:09:01]: "INF(12:09:01.574):Attempt" 
Debug[12:09:01]: log_breakpoint 
Debug[12:09:01]: 5 
Debug[12:09:01]: signal in logmode 
Debug[12:09:01]: "INF(12:09:01.888):Attempt" 
Debug[12:09:01]: log_breakpoint 
Debug[12:09:01]: 5 
Debug[12:09:02]: signal in logmode 
Debug[12:09:02]: "INF(12:09:02.203):Attempt" 
Debug[12:09:02]: log_breakpoint 
Debug[12:09:02]: 5 
Debug[12:09:02]: signal in logmode 
Debug[12:09:02]: "INF(12:09:02.519):Mode is OK" 
Debug[12:09:02]: log_breakpoint 
Debug[12:09:02]: 5 
Debug[12:09:02]: signal in logmode 
Debug[12:09:02]: "INF(12:09:02.523):Attempt" 
Debug[12:09:02]: log_breakpoint 
Debug[12:09:02]: 5 
Debug[12:09:02]: signal in logmode 
Debug[12:09:02]: "INF(12:09:02.836):Attempt" 
Debug[12:09:02]: log_breakpoint 
Debug[12:09:02]: 5 
Debug[12:09:03]: signal in logmode 
Debug[12:09:03]: "INF(12:09:03.152):Attempt" 
Debug[12:09:03]: log_breakpoint 
Debug[12:09:03]: 5 
Debug[12:09:04]: signal in logmode 
Debug[12:09:04]: "INF(12:09:04.109):Mode is OK" 
Debug[12:09:04]: log_breakpoint 
Debug[12:09:04]: 5 
Debug[12:09:04]: signal in logmode 
Debug[12:09:04]: "INF(12:09:04.112):Attempt" 
Debug[12:09:04]: log_breakpoint 
Debug[12:09:04]: 5 
Debug[12:09:04]: signal in logmode 
Debug[12:09:04]: "INF(12:09:04.122):ASIC master connected" 
Debug[12:09:04]: log_breakpoint 
Debug[12:09:04]: 5 
Debug[12:09:04]: signal in logmode 
Debug[12:09:04]: "INF(12:09:04.125):Connected to \\.\COM56" 
Debug[12:09:04]: log_breakpoint 
Debug[12:09:04]: 5 
Warning[12:09:04]: Could not parse stylesheet of widget 0x2cf21e8
Debug[12:09:04]: "Resume:Logs" 
Debug[12:09:04]: "Resume:Settings" 
Debug[12:09:04]: "Resume:UartUartController" 
Debug[12:09:04]: "Resume:UartSpiController" 
Debug[12:09:04]: "Resume:UartSsiController" 
Debug[12:09:04]: "Resume:DSI3Master" 
Debug[12:09:04]: "Resume:ASICMaster" 
Debug[12:09:04]: "Resume:RDUMMaster" 
Debug[12:09:04]: "Resume:DSI3Slave" 
Debug[12:09:04]: "Resume:Measurement" 
Debug[12:09:04]: "Resume:CFARsim" 
Debug[12:24:45]: "Suspend:Settings" 
Debug[12:24:45]: "Suspend:UartUartController" 
Debug[12:24:45]: "Suspend:UartSpiController" 
Debug[12:24:45]: "Suspend:UartSsiController" 
Debug[12:24:45]: "Suspend:DSI3Master" 
Debug[12:24:45]: "Suspend:ASICMaster" 
Debug[12:24:45]: "Suspend:RDUMMaster" 
Debug[12:24:45]: "Suspend:DSI3Slave" 
Debug[12:24:45]: "Suspend:Measurement" 
Debug[12:24:45]: "Suspend:CFARsim" 
Debug[12:24:45]: signal in logmode 
Debug[12:24:45]: "INF(12:24:45.492):Disconnect by user" 
Debug[12:24:45]: log_breakpoint 
Debug[12:24:45]: 5 
Debug[12:24:45]: signal in logmode 
Debug[12:24:45]: "INF(12:24:45.652):Disconnect by user" 
Debug[12:24:45]: log_breakpoint 
Debug[12:24:45]: 5 
Warning[12:47:08]: QObject::connect: Cannot connect LocalServer::log(int,QString) to (null)::slot_addLog(int,QString)
Debug[12:47:08]: LocalServer:new "\\.\pipe\DSI3PASd" 
Debug[12:47:09]: Register specific 
Debug[12:47:10]: DynScaleCaclulate 
Debug[12:47:10]: "init 2 UartUartController" 
Debug[12:47:10]: Ok 
Debug[12:47:10]: "init 3 UartSpiController" 
Debug[12:47:10]: Ok 
Debug[12:47:10]: "init 4 UartSsiController" 
Debug[12:47:10]: Ok 
Debug[12:47:10]: "init 5 DSI3Master" 
Debug[12:47:10]: Ok 
Debug[12:47:10]: "init 6 ASICMaster" 
Debug[12:47:10]: Ok 
Debug[12:47:10]: "init 7 RDUMMaster" 
Debug[12:47:10]: Ok 
Debug[12:47:10]: "init 8 DSI3Slave" 
Debug[12:47:12]: Ok 
Debug[12:47:12]: "init 9 Measurement" 
Debug[12:47:13]: Ok 
Debug[12:47:13]: "init 10 CFARsim" 
Debug[12:47:13]: Ok 
Debug[12:47:13]: Using SERPORT
Debug[12:47:13]: MainApp Starting... 
Debug[12:47:15]: Add applets to MainWindow...
 
Debug[12:47:15]: Initialize Connection... 
Debug[12:47:37]: Initialize Connection... 
Debug[12:47:38]: signal in logmode 
Debug[12:47:38]: "INF(12:47:38.189):Mode is OK" 
Debug[12:47:38]: log_breakpoint 
Debug[12:47:38]: 5 
Debug[12:47:38]: signal in logmode 
Debug[12:47:38]: "INF(12:47:38.193):Attempt" 
Debug[12:47:38]: log_breakpoint 
Debug[12:47:38]: 5 
Debug[12:47:38]: signal in logmode 
Debug[12:47:38]: "INF(12:47:38.342):Mode is OK" 
Debug[12:47:38]: log_breakpoint 
Debug[12:47:38]: 5 
Debug[12:47:38]: signal in logmode 
Debug[12:47:38]: "INF(12:47:38.345):Attempt" 
Debug[12:47:38]: log_breakpoint 
Debug[12:47:38]: 5 
Debug[12:47:38]: signal in logmode 
Debug[12:47:38]: "INF(12:47:38.668):Attempt" 
Debug[12:47:38]: log_breakpoint 
Debug[12:47:38]: 5 
Debug[12:47:38]: signal in logmode 
Debug[12:47:38]: "INF(12:47:38.982):Attempt" 
Debug[12:47:38]: log_breakpoint 
Debug[12:47:38]: 5 
Debug[12:47:39]: signal in logmode 
Debug[12:47:39]: "INF(12:47:39.299):Mode is OK" 
Debug[12:47:39]: log_breakpoint 
Debug[12:47:39]: 5 
Debug[12:47:39]: signal in logmode 
Debug[12:47:39]: "INF(12:47:39.303):Attempt" 
Debug[12:47:39]: log_breakpoint 
Debug[12:47:39]: 5 
Debug[12:47:39]: signal in logmode 
Debug[12:47:39]: "INF(12:47:39.616):Attempt" 
Debug[12:47:39]: log_breakpoint 
Debug[12:47:39]: 5 
Debug[12:47:39]: signal in logmode 
Debug[12:47:39]: "INF(12:47:39.931):Attempt" 
Debug[12:47:39]: log_breakpoint 
Debug[12:47:39]: 5 
Debug[12:47:40]: signal in logmode 
Debug[12:47:40]: "INF(12:47:40.247):Mode is OK" 
Debug[12:47:40]: log_breakpoint 
Debug[12:47:40]: 5 
Debug[12:47:40]: signal in logmode 
Debug[12:47:40]: "INF(12:47:40.249):Attempt" 
Debug[12:47:40]: log_breakpoint 
Debug[12:47:40]: 5 
Debug[12:47:40]: signal in logmode 
Debug[12:47:40]: "INF(12:47:40.564):Attempt" 
Debug[12:47:40]: log_breakpoint 
Debug[12:47:40]: 5 
Debug[12:47:40]: signal in logmode 
Debug[12:47:40]: "INF(12:47:40.881):Attempt" 
Debug[12:47:40]: log_breakpoint 
Debug[12:47:40]: 5 
Debug[12:47:42]: signal in logmode 
Debug[12:47:42]: "INF(12:47:42.697):Mode is OK" 
Debug[12:47:42]: log_breakpoint 
Debug[12:47:42]: 5 
Debug[12:47:42]: signal in logmode 
Debug[12:47:42]: "INF(12:47:42.699):Attempt" 
Debug[12:47:42]: log_breakpoint 
Debug[12:47:42]: 5 
Debug[12:47:42]: signal in logmode 
Debug[12:47:42]: "INF(12:47:42.711):ASIC master connected" 
Debug[12:47:42]: log_breakpoint 
Debug[12:47:42]: 5 
Debug[12:47:42]: signal in logmode 
Debug[12:47:42]: "INF(12:47:42.714):Connected to \\.\COM56" 
Debug[12:47:42]: log_breakpoint 
Debug[12:47:42]: 5 
Warning[12:47:42]: Could not parse stylesheet of widget 0x3651f28
Debug[12:47:42]: "Resume:Logs" 
Debug[12:47:42]: "Resume:Settings" 
Debug[12:47:42]: "Resume:UartUartController" 
Debug[12:47:42]: "Resume:UartSpiController" 
Debug[12:47:42]: "Resume:UartSsiController" 
Debug[12:47:42]: "Resume:DSI3Master" 
Debug[12:47:42]: "Resume:ASICMaster" 
Debug[12:47:42]: "Resume:RDUMMaster" 
Debug[12:47:42]: "Resume:DSI3Slave" 
Debug[12:47:42]: "Resume:Measurement" 
Debug[12:47:42]: "Resume:CFARsim" 
Debug[13:46:17]: "Suspend:Settings" 
Debug[13:46:17]: "Suspend:UartUartController" 
Debug[13:46:18]: "Suspend:UartSpiController" 
Debug[13:46:18]: "Suspend:UartSsiController" 
Debug[13:46:18]: "Suspend:DSI3Master" 
Debug[13:46:18]: "Suspend:ASICMaster" 
Debug[13:46:18]: "Suspend:RDUMMaster" 
Debug[13:46:18]: "Suspend:DSI3Slave" 
Debug[13:46:18]: "Suspend:Measurement" 
Debug[13:46:18]: "Suspend:CFARsim" 
Debug[13:46:18]: signal in logmode 
Debug[13:46:18]: "INF(13:46:18.020):Disconnect by user" 
Debug[13:46:18]: log_breakpoint 
Debug[13:46:18]: 5 
Debug[13:46:18]: signal in logmode 
Debug[13:46:18]: "INF(13:46:18.046):Disconnect by user" 
Debug[13:46:18]: log_breakpoint 
Debug[13:46:18]: 5 
Warning[13:46:21]: QObject::connect: Cannot connect LocalServer::log(int,QString) to (null)::slot_addLog(int,QString)
Debug[13:46:21]: LocalServer:new "\\.\pipe\DSI3PASd" 
Debug[13:46:21]: Register specific 
Debug[13:46:22]: DynScaleCaclulate 
Debug[13:46:23]: "init 2 UartUartController" 
Debug[13:46:23]: Ok 
Debug[13:46:23]: "init 3 UartSpiController" 
Debug[13:46:23]: Ok 
Debug[13:46:23]: "init 4 UartSsiController" 
Debug[13:46:23]: Ok 
Debug[13:46:23]: "init 5 DSI3Master" 
Debug[13:46:23]: Ok 
Debug[13:46:23]: "init 6 ASICMaster" 
Debug[13:46:23]: Ok 
Debug[13:46:23]: "init 7 RDUMMaster" 
Debug[13:46:23]: Ok 
Debug[13:46:23]: "init 8 DSI3Slave" 
Debug[13:46:24]: Ok 
Debug[13:46:24]: "init 9 Measurement" 
Debug[13:46:26]: Ok 
Debug[13:46:26]: "init 10 CFARsim" 
Debug[13:46:26]: Ok 
Debug[13:46:26]: Using SERPORT
Debug[13:46:26]: MainApp Starting... 
Debug[13:46:28]: Add applets to MainWindow...
 
Debug[13:46:28]: Initialize Connection... 
Debug[13:46:28]: signal in logmode 
Debug[13:46:28]: "INF(13:46:28.487):Mode is OK" 
Debug[13:46:28]: log_breakpoint 
Debug[13:46:28]: 5 
Debug[13:46:28]: signal in logmode 
Debug[13:46:28]: "INF(13:46:28.490):Attempt" 
Debug[13:46:28]: log_breakpoint 
Debug[13:46:28]: 5 
Debug[13:46:28]: signal in logmode 
Debug[13:46:28]: "INF(13:46:28.811):Attempt" 
Debug[13:46:28]: log_breakpoint 
Debug[13:46:28]: 5 
Debug[13:46:29]: signal in logmode 
Debug[13:46:29]: "INF(13:46:29.125):Attempt" 
Debug[13:46:29]: log_breakpoint 
Debug[13:46:29]: 5 
Debug[13:46:29]: signal in logmode 
Debug[13:46:29]: "INF(13:46:29.437):Mode is OK" 
Debug[13:46:29]: log_breakpoint 
Debug[13:46:29]: 5 
Debug[13:46:29]: signal in logmode 
Debug[13:46:29]: "INF(13:46:29.440):Attempt" 
Debug[13:46:29]: log_breakpoint 
Debug[13:46:29]: 5 
Debug[13:46:29]: signal in logmode 
Debug[13:46:29]: "INF(13:46:29.748):Attempt" 
Debug[13:46:29]: log_breakpoint 
Debug[13:46:29]: 5 
Debug[13:46:30]: signal in logmode 
Debug[13:46:30]: "INF(13:46:30.060):Attempt" 
Debug[13:46:30]: log_breakpoint 
Debug[13:46:30]: 5 
Debug[13:46:30]: signal in logmode 
Debug[13:46:30]: "INF(13:46:30.372):Mode is OK" 
Debug[13:46:30]: log_breakpoint 
Debug[13:46:30]: 5 
Debug[13:46:30]: signal in logmode 
Debug[13:46:30]: "INF(13:46:30.374):Attempt" 
Debug[13:46:30]: log_breakpoint 
Debug[13:46:30]: 5 
Debug[13:46:30]: signal in logmode 
Debug[13:46:30]: "INF(13:46:30.531):Mode is OK" 
Debug[13:46:30]: log_breakpoint 
Debug[13:46:30]: 5 
Debug[13:46:30]: signal in logmode 
Debug[13:46:30]: "INF(13:46:30.535):Attempt" 
Debug[13:46:30]: log_breakpoint 
Debug[13:46:30]: 5 
Debug[13:46:30]: signal in logmode 
Debug[13:46:30]: "INF(13:46:30.854):Attempt" 
Debug[13:46:30]: log_breakpoint 
Debug[13:46:30]: 5 
Debug[13:46:31]: signal in logmode 
Debug[13:46:31]: "INF(13:46:31.162):Attempt" 
Debug[13:46:31]: log_breakpoint 
Debug[13:46:31]: 5 
Debug[13:46:31]: signal in logmode 
Debug[13:46:31]: "INF(13:46:31.472):Mode is OK" 
Debug[13:46:31]: log_breakpoint 
Debug[13:46:31]: 5 
Debug[13:46:31]: signal in logmode 
Debug[13:46:31]: "INF(13:46:31.474):Attempt" 
Debug[13:46:31]: log_breakpoint 
Debug[13:46:31]: 5 
Debug[13:46:31]: signal in logmode 
Debug[13:46:31]: "INF(13:46:31.787):Attempt" 
Debug[13:46:31]: log_breakpoint 
Debug[13:46:31]: 5 
Debug[13:46:32]: signal in logmode 
Debug[13:46:32]: "INF(13:46:32.102):Attempt" 
Debug[13:46:32]: log_breakpoint 
Debug[13:46:32]: 5 
Debug[13:46:32]: signal in logmode 
Debug[13:46:32]: "INF(13:46:32.416):Mode is OK" 
Debug[13:46:32]: log_breakpoint 
Debug[13:46:32]: 5 
Debug[13:46:32]: signal in logmode 
Debug[13:46:32]: "INF(13:46:32.420):Attempt" 
Debug[13:46:32]: log_breakpoint 
Debug[13:46:32]: 5 
Debug[13:46:32]: signal in logmode 
Debug[13:46:32]: "INF(13:46:32.728):Attempt" 
Debug[13:46:32]: log_breakpoint 
Debug[13:46:32]: 5 
Debug[13:46:33]: signal in logmode 
Debug[13:46:33]: "INF(13:46:33.039):Attempt" 
Debug[13:46:33]: log_breakpoint 
Debug[13:46:33]: 5 
Debug[13:46:38]: signal in logmode 
Debug[13:46:38]: "INF(13:46:38.811):Mode is OK" 
Debug[13:46:38]: log_breakpoint 
Debug[13:46:38]: 5 
Debug[13:46:38]: signal in logmode 
Debug[13:46:38]: "INF(13:46:38.814):Attempt" 
Debug[13:46:38]: log_breakpoint 
Debug[13:46:38]: 5 
Debug[13:46:39]: signal in logmode 
Debug[13:46:39]: "INF(13:46:39.126):Attempt" 
Debug[13:46:39]: log_breakpoint 
Debug[13:46:39]: 5 
Debug[13:46:39]: signal in logmode 
Debug[13:46:39]: "INF(13:46:39.438):Attempt" 
Debug[13:46:39]: log_breakpoint 
Debug[13:46:39]: 5 
Debug[13:46:39]: signal in logmode 
Debug[13:46:39]: "INF(13:46:39.752):Mode is OK" 
Debug[13:46:39]: log_breakpoint 
Debug[13:46:39]: 5 
Debug[13:46:39]: signal in logmode 
Debug[13:46:39]: "INF(13:46:39.757):Attempt" 
Debug[13:46:39]: log_breakpoint 
Debug[13:46:39]: 5 
Debug[13:46:40]: signal in logmode 
Debug[13:46:40]: "INF(13:46:40.062):Attempt" 
Debug[13:46:40]: log_breakpoint 
Debug[13:46:40]: 5 
Debug[13:46:40]: signal in logmode 
Debug[13:46:40]: "INF(13:46:40.377):Attempt" 
Debug[13:46:40]: log_breakpoint 
Debug[13:46:40]: 5 
Debug[13:46:40]: signal in logmode 
Debug[13:46:40]: "INF(13:46:40.685):Mode is OK" 
Debug[13:46:40]: log_breakpoint 
Debug[13:46:40]: 5 
Debug[13:46:40]: signal in logmode 
Debug[13:46:40]: "INF(13:46:40.690):Attempt" 
Debug[13:46:40]: log_breakpoint 
Debug[13:46:40]: 5 
Debug[13:46:40]: signal in logmode 
Debug[13:46:40]: "INF(13:46:40.695):RDUM master connected" 
Debug[13:46:40]: log_breakpoint 
Debug[13:46:40]: 5 
Debug[13:46:40]: signal in logmode 
Debug[13:46:40]: "INF(13:46:40.698):Connected to \\.\COM56" 
Debug[13:46:40]: log_breakpoint 
Debug[13:46:40]: 5 
Warning[13:46:40]: Could not parse stylesheet of widget 0x3291aa8
Debug[13:46:40]: "Resume:Logs" 
Debug[13:46:40]: "Resume:Settings" 
Debug[13:46:40]: "Resume:UartUartController" 
Debug[13:46:40]: "Resume:UartSpiController" 
Debug[13:46:40]: "Resume:UartSsiController" 
Debug[13:46:40]: "Resume:DSI3Master" 
Debug[13:46:40]: "Resume:ASICMaster" 
Debug[13:46:40]: "Resume:RDUMMaster" 
Debug[13:46:40]: "Resume:DSI3Slave" 
Debug[13:46:40]: "Resume:Measurement" 
Debug[13:46:40]: "Resume:CFARsim" 
Debug[13:47:31]: "Suspend:Settings" 
Debug[13:47:31]: "Suspend:UartUartController" 
Debug[13:47:31]: "Suspend:UartSpiController" 
Debug[13:47:31]: "Suspend:UartSsiController" 
Debug[13:47:31]: "Suspend:DSI3Master" 
Debug[13:47:31]: "Suspend:ASICMaster" 
Debug[13:47:31]: "Suspend:RDUMMaster" 
Debug[13:47:31]: "Suspend:DSI3Slave" 
Debug[13:47:31]: "Suspend:Measurement" 
Debug[13:47:31]: "Suspend:CFARsim" 
Debug[13:47:31]: signal in logmode 
Debug[13:47:31]: "INF(13:47:31.233):Disconnect by user" 
Debug[13:47:31]: log_breakpoint 
Debug[13:47:31]: 5 
Debug[13:47:31]: signal in logmode 
Debug[13:47:31]: "INF(13:47:31.394):Disconnect by user" 
Debug[13:47:31]: log_breakpoint 
Debug[13:47:31]: 5 
Warning[13:47:46]: QObject::connect: Cannot connect LocalServer::log(int,QString) to (null)::slot_addLog(int,QString)
Debug[13:47:46]: LocalServer:new "\\.\pipe\DSI3PASd" 
Debug[13:47:46]: Register specific 
Debug[13:47:47]: DynScaleCaclulate 
Debug[13:47:47]: "init 2 UartUartController" 
Debug[13:47:47]: Ok 
Debug[13:47:47]: "init 3 UartSpiController" 
Debug[13:47:47]: Ok 
Debug[13:47:47]: "init 4 UartSsiController" 
Debug[13:47:47]: Ok 
Debug[13:47:47]: "init 5 DSI3Master" 
Debug[13:47:47]: Ok 
Debug[13:47:47]: "init 6 ASICMaster" 
Debug[13:47:47]: Ok 
Debug[13:47:47]: "init 7 RDUMMaster" 
Debug[13:47:47]: Ok 
Debug[13:47:47]: "init 8 DSI3Slave" 
Debug[13:47:49]: Ok 
Debug[13:47:49]: "init 9 Measurement" 
Debug[13:47:50]: Ok 
Debug[13:47:50]: "init 10 CFARsim" 
Debug[13:47:50]: Ok 
Debug[13:47:50]: Using SERPORT
Debug[13:47:50]: MainApp Starting... 
Debug[13:47:52]: Add applets to MainWindow...
 
Debug[13:47:52]: Initialize Connection... 
Debug[13:47:52]: signal in logmode 
Debug[13:47:52]: "INF(13:47:52.806):Mode is OK" 
Debug[13:47:52]: log_breakpoint 
Debug[13:47:52]: 5 
Debug[13:47:52]: signal in logmode 
Debug[13:47:52]: "INF(13:47:52.810):Attempt" 
Debug[13:47:52]: log_breakpoint 
Debug[13:47:52]: 5 
Debug[13:47:53]: signal in logmode 
Debug[13:47:53]: "INF(13:47:53.127):Attempt" 
Debug[13:47:53]: log_breakpoint 
Debug[13:47:53]: 5 
Debug[13:47:53]: signal in logmode 
Debug[13:47:53]: "INF(13:47:53.438):Attempt" 
Debug[13:47:53]: log_breakpoint 
Debug[13:47:53]: 5 
Debug[13:47:53]: signal in logmode 
Debug[13:47:53]: "INF(13:47:53.750):Mode is OK" 
Debug[13:47:53]: log_breakpoint 
Debug[13:47:53]: 5 
Debug[13:47:53]: signal in logmode 
Debug[13:47:53]: "INF(13:47:53.754):Attempt" 
Debug[13:47:53]: log_breakpoint 
Debug[13:47:53]: 5 
Debug[13:47:54]: signal in logmode 
Debug[13:47:54]: "INF(13:47:54.063):Attempt" 
Debug[13:47:54]: log_breakpoint 
Debug[13:47:54]: 5 
Debug[13:47:54]: signal in logmode 
Debug[13:47:54]: "INF(13:47:54.375):Attempt" 
Debug[13:47:54]: log_breakpoint 
Debug[13:47:54]: 5 
Debug[13:47:54]: signal in logmode 
Debug[13:47:54]: "INF(13:47:54.689):Mode is OK" 
Debug[13:47:54]: log_breakpoint 
Debug[13:47:54]: 5 
Debug[13:47:54]: signal in logmode 
Debug[13:47:54]: "INF(13:47:54.695):Attempt" 
Debug[13:47:54]: log_breakpoint 
Debug[13:47:54]: 5 
Debug[13:47:54]: signal in logmode 
Debug[13:47:54]: "INF(13:47:54.849):Mode is OK" 
Debug[13:47:54]: log_breakpoint 
Debug[13:47:54]: 5 
Debug[13:47:54]: signal in logmode 
Debug[13:47:54]: "INF(13:47:54.854):Attempt" 
Debug[13:47:54]: log_breakpoint 
Debug[13:47:54]: 5 
Debug[13:47:55]: signal in logmode 
Debug[13:47:55]: "INF(13:47:55.172):Attempt" 
Debug[13:47:55]: log_breakpoint 
Debug[13:47:55]: 5 
Debug[13:47:55]: signal in logmode 
Debug[13:47:55]: "INF(13:47:55.483):Attempt" 
Debug[13:47:55]: log_breakpoint 
Debug[13:47:55]: 5 
Debug[13:47:55]: signal in logmode 
Debug[13:47:55]: "INF(13:47:55.792):Mode is OK" 
Debug[13:47:55]: log_breakpoint 
Debug[13:47:55]: 5 
Debug[13:47:55]: signal in logmode 
Debug[13:47:55]: "INF(13:47:55.797):Attempt" 
Debug[13:47:55]: log_breakpoint 
Debug[13:47:55]: 5 
Debug[13:47:56]: signal in logmode 
Debug[13:47:56]: "INF(13:47:56.104):Attempt" 
Debug[13:47:56]: log_breakpoint 
Debug[13:47:56]: 5 
Debug[13:47:56]: signal in logmode 
Debug[13:47:56]: "INF(13:47:56.417):Attempt" 
Debug[13:47:56]: log_breakpoint 
Debug[13:47:56]: 5 
Debug[13:47:56]: signal in logmode 
Debug[13:47:56]: "INF(13:47:56.727):Mode is OK" 
Debug[13:47:56]: log_breakpoint 
Debug[13:47:56]: 5 
Debug[13:47:56]: signal in logmode 
Debug[13:47:56]: "INF(13:47:56.731):Attempt" 
Debug[13:47:56]: log_breakpoint 
Debug[13:47:56]: 5 
Debug[13:47:57]: signal in logmode 
Debug[13:47:57]: "INF(13:47:57.040):Attempt" 
Debug[13:47:57]: log_breakpoint 
Debug[13:47:57]: 5 
Debug[13:47:57]: signal in logmode 
Debug[13:47:57]: "INF(13:47:57.352):Attempt" 
Debug[13:47:57]: log_breakpoint 
Debug[13:47:57]: 5 
Debug[13:48:01]: signal in logmode 
Debug[13:48:01]: "INF(13:48:01.044):Mode is OK" 
Debug[13:48:01]: log_breakpoint 
Debug[13:48:01]: 5 
Debug[13:48:01]: signal in logmode 
Debug[13:48:01]: "INF(13:48:01.047):Attempt" 
Debug[13:48:01]: log_breakpoint 
Debug[13:48:01]: 5 
Debug[13:48:01]: signal in logmode 
Debug[13:48:01]: "INF(13:48:01.362):Attempt" 
Debug[13:48:01]: log_breakpoint 
Debug[13:48:01]: 5 
Debug[13:48:01]: signal in logmode 
Debug[13:48:01]: "INF(13:48:01.675):Attempt" 
Debug[13:48:01]: log_breakpoint 
Debug[13:48:01]: 5 
Debug[13:48:01]: signal in logmode 
Debug[13:48:01]: "INF(13:48:01.985):Mode is OK" 
Debug[13:48:01]: log_breakpoint 
Debug[13:48:01]: 5 
Debug[13:48:01]: signal in logmode 
Debug[13:48:01]: "INF(13:48:01.990):Attempt" 
Debug[13:48:01]: log_breakpoint 
Debug[13:48:01]: 5 
Debug[13:48:02]: signal in logmode 
Debug[13:48:02]: "INF(13:48:02.295):Attempt" 
Debug[13:48:02]: log_breakpoint 
Debug[13:48:02]: 5 
Debug[13:48:02]: signal in logmode 
Debug[13:48:02]: "INF(13:48:02.607):Attempt" 
Debug[13:48:02]: log_breakpoint 
Debug[13:48:02]: 5 
Debug[13:48:02]: signal in logmode 
Debug[13:48:02]: "INF(13:48:02.919):Mode is OK" 
Debug[13:48:02]: log_breakpoint 
Debug[13:48:02]: 5 
Debug[13:48:02]: signal in logmode 
Debug[13:48:02]: "INF(13:48:02.924):Attempt" 
Debug[13:48:02]: log_breakpoint 
Debug[13:48:02]: 5 
Debug[13:48:02]: signal in logmode 
Debug[13:48:02]: "INF(13:48:02.928):RDUM master connected" 
Debug[13:48:02]: log_breakpoint 
Debug[13:48:02]: 5 
Debug[13:48:02]: signal in logmode 
Debug[13:48:02]: "INF(13:48:02.930):Connected to \\.\COM56" 
Debug[13:48:02]: log_breakpoint 
Debug[13:48:02]: 5 
Warning[13:48:02]: Could not parse stylesheet of widget 0x32a14a8
Debug[13:48:02]: "Resume:Logs" 
Debug[13:48:02]: "Resume:Settings" 
Debug[13:48:02]: "Resume:UartUartController" 
Debug[13:48:02]: "Resume:UartSpiController" 
Debug[13:48:02]: "Resume:UartSsiController" 
Debug[13:48:02]: "Resume:DSI3Master" 
Debug[13:48:02]: "Resume:ASICMaster" 
Debug[13:48:02]: "Resume:RDUMMaster" 
Debug[13:48:02]: "Resume:DSI3Slave" 
Debug[13:48:02]: "Resume:Measurement" 
Debug[13:48:02]: "Resume:CFARsim" 
Debug[13:48:22]: "Suspend:Settings" 
Debug[13:48:22]: "Suspend:UartUartController" 
Debug[13:48:22]: "Suspend:UartSpiController" 
Debug[13:48:22]: "Suspend:UartSsiController" 
Debug[13:48:22]: "Suspend:DSI3Master" 
Debug[13:48:22]: "Suspend:ASICMaster" 
Debug[13:48:22]: "Suspend:RDUMMaster" 
Debug[13:48:22]: "Suspend:DSI3Slave" 
Debug[13:48:22]: "Suspend:Measurement" 
Debug[13:48:22]: "Suspend:CFARsim" 
Debug[13:48:22]: signal in logmode 
Debug[13:48:22]: "INF(13:48:22.710):Disconnect by user" 
Debug[13:48:22]: log_breakpoint 
Debug[13:48:22]: 5 
Debug[13:48:22]: signal in logmode 
Debug[13:48:22]: "INF(13:48:22.852):Disconnect by user" 
Debug[13:48:22]: log_breakpoint 
Debug[13:48:22]: 5 
Warning[13:48:28]: QObject::connect: Cannot connect LocalServer::log(int,QString) to (null)::slot_addLog(int,QString)
Debug[13:48:28]: LocalServer:new "\\.\pipe\DSI3PASd" 
Debug[13:48:28]: Register specific 
Debug[13:48:29]: DynScaleCaclulate 
Debug[13:48:29]: "init 2 UartUartController" 
Debug[13:48:29]: Ok 
Debug[13:48:29]: "init 3 UartSpiController" 
Debug[13:48:29]: Ok 
Debug[13:48:29]: "init 4 UartSsiController" 
Debug[13:48:29]: Ok 
Debug[13:48:29]: "init 5 DSI3Master" 
Debug[13:48:29]: Ok 
Debug[13:48:29]: "init 6 ASICMaster" 
Debug[13:48:29]: Ok 
Debug[13:48:29]: "init 7 RDUMMaster" 
Debug[13:48:29]: Ok 
Debug[13:48:29]: "init 8 DSI3Slave" 
Debug[13:48:31]: Ok 
Debug[13:48:31]: "init 9 Measurement" 
Debug[13:48:32]: Ok 
Debug[13:48:32]: "init 10 CFARsim" 
Debug[13:48:32]: Ok 
Debug[13:48:32]: Using SERPORT
Debug[13:48:32]: MainApp Starting... 
Debug[13:48:34]: Add applets to MainWindow...
 
Debug[13:48:34]: Initialize Connection... 
Debug[13:48:35]: signal in logmode 
Debug[13:48:35]: "INF(13:48:35.059):Mode is OK" 
Debug[13:48:35]: log_breakpoint 
Debug[13:48:35]: 5 
Debug[13:48:35]: signal in logmode 
Debug[13:48:35]: "INF(13:48:35.064):Attempt" 
Debug[13:48:35]: log_breakpoint 
Debug[13:48:35]: 5 
Debug[13:48:35]: signal in logmode 
Debug[13:48:35]: "INF(13:48:35.385):Attempt" 
Debug[13:48:35]: log_breakpoint 
Debug[13:48:35]: 5 
Debug[13:48:35]: signal in logmode 
Debug[13:48:35]: "INF(13:48:35.700):Attempt" 
Debug[13:48:35]: log_breakpoint 
Debug[13:48:35]: 5 
Debug[13:48:36]: signal in logmode 
Debug[13:48:36]: "INF(13:48:36.015):Mode is OK" 
Debug[13:48:36]: log_breakpoint 
Debug[13:48:36]: 5 
Debug[13:48:36]: signal in logmode 
Debug[13:48:36]: "INF(13:48:36.021):Attempt" 
Debug[13:48:36]: log_breakpoint 
Debug[13:48:36]: 5 
Debug[13:48:36]: signal in logmode 
Debug[13:48:36]: "INF(13:48:36.328):Attempt" 
Debug[13:48:36]: log_breakpoint 
Debug[13:48:36]: 5 
Debug[13:48:36]: signal in logmode 
Debug[13:48:36]: "INF(13:48:36.638):Attempt" 
Debug[13:48:36]: log_breakpoint 
Debug[13:48:36]: 5 
Debug[13:48:36]: signal in logmode 
Debug[13:48:36]: "INF(13:48:36.952):Mode is OK" 
Debug[13:48:36]: log_breakpoint 
Debug[13:48:36]: 5 
Debug[13:48:36]: signal in logmode 
Debug[13:48:36]: "INF(13:48:36.958):Attempt" 
Debug[13:48:36]: log_breakpoint 
Debug[13:48:36]: 5 
Debug[13:48:37]: signal in logmode 
Debug[13:48:37]: "INF(13:48:37.125):Mode is OK" 
Debug[13:48:37]: log_breakpoint 
Debug[13:48:37]: 5 
Debug[13:48:37]: signal in logmode 
Debug[13:48:37]: "INF(13:48:37.129):Attempt" 
Debug[13:48:37]: log_breakpoint 
Debug[13:48:37]: 5 
Debug[13:48:37]: signal in logmode 
Debug[13:48:37]: "INF(13:48:37.451):Attempt" 
Debug[13:48:37]: log_breakpoint 
Debug[13:48:37]: 5 
Debug[13:48:37]: signal in logmode 
Debug[13:48:37]: "INF(13:48:37.762):Attempt" 
Debug[13:48:37]: log_breakpoint 
Debug[13:48:37]: 5 
Debug[13:48:38]: signal in logmode 
Debug[13:48:38]: "INF(13:48:38.075):Mode is OK" 
Debug[13:48:38]: log_breakpoint 
Debug[13:48:38]: 5 
Debug[13:48:38]: signal in logmode 
Debug[13:48:38]: "INF(13:48:38.079):Attempt" 
Debug[13:48:38]: log_breakpoint 
Debug[13:48:38]: 5 
Debug[13:48:38]: signal in logmode 
Debug[13:48:38]: "INF(13:48:38.389):Attempt" 
Debug[13:48:38]: log_breakpoint 
Debug[13:48:38]: 5 
Debug[13:48:38]: signal in logmode 
Debug[13:48:38]: "INF(13:48:38.701):Attempt" 
Debug[13:48:38]: log_breakpoint 
Debug[13:48:38]: 5 
Debug[13:48:39]: signal in logmode 
Debug[13:48:39]: "INF(13:48:39.011):Mode is OK" 
Debug[13:48:39]: log_breakpoint 
Debug[13:48:39]: 5 
Debug[13:48:39]: signal in logmode 
Debug[13:48:39]: "INF(13:48:39.015):Attempt" 
Debug[13:48:39]: log_breakpoint 
Debug[13:48:39]: 5 
Debug[13:48:39]: signal in logmode 
Debug[13:48:39]: "INF(13:48:39.322):Attempt" 
Debug[13:48:39]: log_breakpoint 
Debug[13:48:39]: 5 
Debug[13:48:39]: signal in logmode 
Debug[13:48:39]: "INF(13:48:39.634):Attempt" 
Debug[13:48:39]: log_breakpoint 
Debug[13:48:39]: 5 
Debug[13:48:43]: signal in logmode 
Debug[13:48:43]: "INF(13:48:43.397):Mode is OK" 
Debug[13:48:43]: log_breakpoint 
Debug[13:48:43]: 5 
Debug[13:48:43]: signal in logmode 
Debug[13:48:43]: "INF(13:48:43.403):Attempt" 
Debug[13:48:43]: log_breakpoint 
Debug[13:48:43]: 5 
Debug[13:48:43]: signal in logmode 
Debug[13:48:43]: "INF(13:48:43.725):Attempt" 
Debug[13:48:43]: log_breakpoint 
Debug[13:48:43]: 5 
Debug[13:48:44]: signal in logmode 
Debug[13:48:44]: "INF(13:48:44.036):Attempt" 
Debug[13:48:44]: log_breakpoint 
Debug[13:48:44]: 5 
Debug[13:48:44]: signal in logmode 
Debug[13:48:44]: "INF(13:48:44.346):Mode is OK" 
Debug[13:48:44]: log_breakpoint 
Debug[13:48:44]: 5 
Debug[13:48:44]: signal in logmode 
Debug[13:48:44]: "INF(13:48:44.349):Attempt" 
Debug[13:48:44]: log_breakpoint 
Debug[13:48:44]: 5 
Debug[13:48:44]: signal in logmode 
Debug[13:48:44]: "INF(13:48:44.658):Attempt" 
Debug[13:48:44]: log_breakpoint 
Debug[13:48:44]: 5 
Debug[13:48:44]: signal in logmode 
Debug[13:48:44]: "INF(13:48:44.974):Attempt" 
Debug[13:48:44]: log_breakpoint 
Debug[13:48:44]: 5 
Debug[13:48:45]: signal in logmode 
Debug[13:48:45]: "INF(13:48:45.286):Mode is OK" 
Debug[13:48:45]: log_breakpoint 
Debug[13:48:45]: 5 
Debug[13:48:45]: signal in logmode 
Debug[13:48:45]: "INF(13:48:45.289):Attempt" 
Debug[13:48:45]: log_breakpoint 
Debug[13:48:45]: 5 
Debug[13:48:45]: signal in logmode 
Debug[13:48:45]: "INF(13:48:45.298):RDUM master connected" 
Debug[13:48:45]: log_breakpoint 
Debug[13:48:45]: 5 
Debug[13:48:45]: signal in logmode 
Debug[13:48:45]: "INF(13:48:45.300):Connected to \\.\COM56" 
Debug[13:48:45]: log_breakpoint 
Debug[13:48:45]: 5 
Warning[13:48:45]: Could not parse stylesheet of widget 0x35f18a8
Debug[13:48:45]: "Resume:Logs" 
Debug[13:48:45]: "Resume:Settings" 
Debug[13:48:45]: "Resume:UartUartController" 
Debug[13:48:45]: "Resume:UartSpiController" 
Debug[13:48:45]: "Resume:UartSsiController" 
Debug[13:48:45]: "Resume:DSI3Master" 
Debug[13:48:45]: "Resume:ASICMaster" 
Debug[13:48:45]: "Resume:RDUMMaster" 
Debug[13:48:45]: "Resume:DSI3Slave" 
Debug[13:48:45]: "Resume:Measurement" 
Debug[13:48:45]: "Resume:CFARsim" 
Debug[13:50:05]: "Suspend:Settings" 
Debug[13:50:05]: "Suspend:UartUartController" 
Debug[13:50:05]: "Suspend:UartSpiController" 
Debug[13:50:05]: "Suspend:UartSsiController" 
Debug[13:50:05]: "Suspend:DSI3Master" 
Debug[13:50:05]: "Suspend:ASICMaster" 
Debug[13:50:05]: "Suspend:RDUMMaster" 
Debug[13:50:05]: "Suspend:DSI3Slave" 
Debug[13:50:05]: "Suspend:Measurement" 
Debug[13:50:05]: "Suspend:CFARsim" 
Debug[13:50:05]: signal in logmode 
Debug[13:50:05]: "INF(13:50:05.917):Disconnect by user" 
Debug[13:50:05]: log_breakpoint 
Debug[13:50:05]: 5 
Debug[13:50:06]: signal in logmode 
Debug[13:50:06]: "INF(13:50:06.062):Disconnect by user" 
Debug[13:50:06]: log_breakpoint 
Debug[13:50:06]: 5 
