Warning[10:39:17]: QObject::connect: Cannot connect LocalServer::log(int,QString) to (null)::slot_addLog(int,QString)
Debug[10:39:17]: LocalServer:new "\\.\pipe\DSI3PAS" 
Debug[10:39:17]: Register specific 
Debug[10:39:17]: DynScaleCaclulate 
Debug[10:39:17]: "init 2 UartUartController" 
Debug[10:39:17]: Ok 
Debug[10:39:17]: "init 3 UartSpiController" 
Debug[10:39:17]: Ok 
Debug[10:39:17]: "init 4 UartSsiController" 
Debug[10:39:17]: Ok 
Debug[10:39:17]: "init 5 DSI3Master" 
Debug[10:39:17]: Ok 
Debug[10:39:17]: "init 6 ASICMaster" 
Debug[10:39:17]: Ok 
Debug[10:39:17]: "init 7 RDUMMaster" 
Debug[10:39:17]: Ok 
Debug[10:39:17]: "init 8 DSI3Slave" 
Debug[10:39:18]: Ok 
Debug[10:39:18]: "init 9 Measurement" 
Debug[10:39:19]: Ok 
Debug[10:39:19]: "init 10 CFARsim" 
Debug[10:39:19]: Ok 
Debug[10:39:19]: MainApp Starting... 
Debug[10:39:20]: Add applets to MainWindow...
 
Debug[10:39:20]: Initialize Connection... 
Debug[10:39:20]: signal in logmode 
Debug[10:39:20]: "INF(10:39:20.558):Mode is OK" 
Debug[10:39:20]: log_breakpoint 
Debug[10:39:20]: 5 
Debug[10:39:20]: signal in logmode 
Debug[10:39:20]: "INF(10:39:20.559):Attempt" 
Debug[10:39:20]: log_breakpoint 
Debug[10:39:20]: 5 
Debug[10:39:20]: signal in logmode 
Debug[10:39:20]: "INF(10:39:20.866):Attempt" 
Debug[10:39:20]: log_breakpoint 
Debug[10:39:20]: 5 
Debug[10:39:21]: signal in logmode 
Debug[10:39:21]: "INF(10:39:21.177):Attempt" 
Debug[10:39:21]: log_breakpoint 
Debug[10:39:21]: 5 
Debug[10:39:21]: signal in logmode 
Debug[10:39:21]: "INF(10:39:21.489):Mode is OK" 
Debug[10:39:21]: log_breakpoint 
Debug[10:39:21]: 5 
Debug[10:39:21]: signal in logmode 
Debug[10:39:21]: "INF(10:39:21.493):Attempt" 
Debug[10:39:21]: log_breakpoint 
Debug[10:39:21]: 5 
Debug[10:39:21]: signal in logmode 
Debug[10:39:21]: "INF(10:39:21.800):Attempt" 
Debug[10:39:21]: log_breakpoint 
Debug[10:39:21]: 5 
Debug[10:39:22]: signal in logmode 
Debug[10:39:22]: "INF(10:39:22.113):Attempt" 
Debug[10:39:22]: log_breakpoint 
Debug[10:39:22]: 5 
Debug[10:39:22]: signal in logmode 
Debug[10:39:22]: "INF(10:39:22.425):Mode is OK" 
Debug[10:39:22]: log_breakpoint 
Debug[10:39:22]: 5 
Debug[10:39:22]: signal in logmode 
Debug[10:39:22]: "INF(10:39:22.428):Attempt" 
Debug[10:39:22]: log_breakpoint 
Debug[10:39:22]: 5 
Debug[10:39:22]: signal in logmode 
Debug[10:39:22]: "INF(10:39:22.586):Mode is OK" 
Debug[10:39:22]: log_breakpoint 
Debug[10:39:22]: 5 
Debug[10:39:22]: signal in logmode 
Debug[10:39:22]: "INF(10:39:22.589):Attempt" 
Debug[10:39:22]: log_breakpoint 
Debug[10:39:22]: 5 
Debug[10:39:22]: signal in logmode 
Debug[10:39:22]: "INF(10:39:22.908):Attempt" 
Debug[10:39:22]: log_breakpoint 
Debug[10:39:22]: 5 
Debug[10:39:23]: signal in logmode 
Debug[10:39:23]: "INF(10:39:23.222):Attempt" 
Debug[10:39:23]: log_breakpoint 
Debug[10:39:23]: 5 
Debug[10:39:23]: signal in logmode 
Debug[10:39:23]: "INF(10:39:23.534):Mode is OK" 
Debug[10:39:23]: log_breakpoint 
Debug[10:39:23]: 5 
Debug[10:39:23]: signal in logmode 
Debug[10:39:23]: "INF(10:39:23.538):Attempt" 
Debug[10:39:23]: log_breakpoint 
Debug[10:39:23]: 5 
Debug[10:39:23]: signal in logmode 
Debug[10:39:23]: "INF(10:39:23.842):Attempt" 
Debug[10:39:23]: log_breakpoint 
Debug[10:39:23]: 5 
Debug[10:39:24]: signal in logmode 
Debug[10:39:24]: "INF(10:39:24.158):Attempt" 
Debug[10:39:24]: log_breakpoint 
Debug[10:39:24]: 5 
Debug[10:39:24]: signal in logmode 
Debug[10:39:24]: "INF(10:39:24.470):Mode is OK" 
Debug[10:39:24]: log_breakpoint 
Debug[10:39:24]: 5 
Debug[10:39:24]: signal in logmode 
Debug[10:39:24]: "INF(10:39:24.472):Attempt" 
Debug[10:39:24]: log_breakpoint 
Debug[10:39:24]: 5 
Debug[10:39:24]: signal in logmode 
Debug[10:39:24]: "INF(10:39:24.784):Attempt" 
Debug[10:39:24]: log_breakpoint 
Debug[10:39:24]: 5 
Debug[10:39:25]: signal in logmode 
Debug[10:39:25]: "INF(10:39:25.098):Attempt" 
Debug[10:39:25]: log_breakpoint 
Debug[10:39:25]: 5 
Warning[10:39:25]: QFileSystemWatcher: failed to add paths: C:/REPO/DSI3PAS2_workingdir/DSI3PAS2/Software/bin/ULSEverification_configfiles, C:/REPO/DSI3PAS2_workingdir/DSI3PAS2/Software/bin/ConfigFiles_29_1_2021_Jiri_MOBIS, C:/Users/fg6cnq/Desktop/DSI3PAS2_UART_QtSW_20210129_1511, C:/Users/zbdn9w/Desktop/Temp/CFAR QT uprava ToF, C:/Users/zbdn9w/Desktop/Temp/CFAR QT Komprimace do CSV, U:/Dokumenty/MOBIS/Crosstalk 11-2021
Debug[10:39:34]: signal in logmode 
Debug[10:39:34]: "INF(10:39:34.422):Mode is OK" 
Debug[10:39:34]: log_breakpoint 
Debug[10:39:34]: 5 
Debug[10:39:34]: signal in logmode 
Debug[10:39:34]: "INF(10:39:34.425):Attempt" 
Debug[10:39:34]: log_breakpoint 
Debug[10:39:34]: 5 
Debug[10:39:34]: signal in logmode 
Debug[10:39:34]: "INF(10:39:34.731):Attempt" 
Debug[10:39:34]: log_breakpoint 
Debug[10:39:34]: 5 
Debug[10:39:35]: signal in logmode 
Debug[10:39:35]: "INF(10:39:35.046):Attempt" 
Debug[10:39:35]: log_breakpoint 
Debug[10:39:35]: 5 
Debug[10:39:35]: signal in logmode 
Debug[10:39:35]: "INF(10:39:35.357):Mode is OK" 
Debug[10:39:35]: log_breakpoint 
Debug[10:39:35]: 5 
Debug[10:39:35]: signal in logmode 
Debug[10:39:35]: "INF(10:39:35.362):Attempt" 
Debug[10:39:35]: log_breakpoint 
Debug[10:39:35]: 5 
Debug[10:39:35]: signal in logmode 
Debug[10:39:35]: "INF(10:39:35.671):Attempt" 
Debug[10:39:35]: log_breakpoint 
Debug[10:39:35]: 5 
Debug[10:39:35]: signal in logmode 
Debug[10:39:35]: "INF(10:39:35.983):Attempt" 
Debug[10:39:35]: log_breakpoint 
Debug[10:39:35]: 5 
Debug[10:39:36]: signal in logmode 
Debug[10:39:36]: "INF(10:39:36.293):Mode is OK" 
Debug[10:39:36]: log_breakpoint 
Debug[10:39:36]: 5 
Debug[10:39:36]: signal in logmode 
Debug[10:39:36]: "INF(10:39:36.298):Attempt" 
Debug[10:39:36]: log_breakpoint 
Debug[10:39:36]: 5 
Debug[10:39:36]: signal in logmode 
Debug[10:39:36]: "INF(10:39:36.307):RDUM master connected" 
Debug[10:39:36]: log_breakpoint 
Debug[10:39:36]: 5 
Debug[10:39:36]: signal in logmode 
Debug[10:39:36]: "INF(10:39:36.309):Connected to \\.\COM32" 
Debug[10:39:36]: log_breakpoint 
Debug[10:39:36]: 5 
Warning[10:39:36]: Could not parse stylesheet of widget 0x2bcc840
Debug[10:39:36]: "Resume:Logs" 
Debug[10:39:36]: "Resume:Settings" 
Debug[10:39:36]: "Resume:UartUartController" 
Debug[10:39:36]: "Resume:UartSpiController" 
Debug[10:39:36]: "Resume:UartSsiController" 
Debug[10:39:36]: "Resume:DSI3Master" 
Debug[10:39:36]: "Resume:ASICMaster" 
Debug[10:39:36]: "Resume:RDUMMaster" 
Debug[10:39:36]: "Resume:DSI3Slave" 
Debug[10:39:36]: "Resume:Measurement" 
Debug[10:39:36]: "Resume:CFARsim" 
Debug[10:51:12]: signal in logmode 
Debug[10:51:12]: "RX_ERR(+696s):RX Data without end char" 
Debug[10:51:12]: log_breakpoint 
Debug[10:51:12]: 5 
Debug[10:51:12]: signal in logmode 
Debug[10:51:12]: "UART-UART RX(+1ms):No end char:" 
Debug[10:51:12]: log_breakpoint 
Debug[10:51:12]: 5 
Debug[10:51:13]: signal in logmode 
Debug[10:51:13]: "RX_ERR(+801ms):RX Data without end char" 
Debug[10:51:13]: log_breakpoint 
Debug[10:51:13]: 5 
Debug[10:51:13]: signal in logmode 
Debug[10:51:13]: "UART-UART RX(+0ms):No end char:" 
Debug[10:51:13]: log_breakpoint 
Debug[10:51:13]: 5 
Debug[10:51:14]: signal in logmode 
Debug[10:51:14]: "RX_ERR(+801ms):RX Data without end char" 
Debug[10:51:14]: log_breakpoint 
Debug[10:51:14]: 5 
Debug[10:51:14]: signal in logmode 
Debug[10:51:14]: "UART-UART RX(+1ms):No end char:" 
Debug[10:51:14]: log_breakpoint 
Debug[10:51:14]: 5 
Debug[10:51:15]: signal in logmode 
Debug[10:51:15]: "RX_ERR(+800ms):RX Data without end char" 
Debug[10:51:15]: log_breakpoint 
Debug[10:51:15]: 5 
Debug[10:51:15]: signal in logmode 
Debug[10:51:15]: "UART-UART RX(+0ms):No end char:" 
Debug[10:51:15]: log_breakpoint 
Debug[10:51:15]: 5 
Debug[10:51:15]: signal in logmode 
Debug[10:51:15]: "RX_ERR(+802ms):RX Data without end char" 
Debug[10:51:15]: log_breakpoint 
Debug[10:51:15]: 5 
Debug[10:51:15]: signal in logmode 
Debug[10:51:15]: "UART-UART RX(+1ms):No end char:" 
Debug[10:51:15]: log_breakpoint 
Debug[10:51:15]: 5 
Debug[10:51:16]: signal in logmode 
Debug[10:51:16]: "RX_ERR(+800ms):RX Data without end char" 
Debug[10:51:16]: log_breakpoint 
Debug[10:51:16]: 5 
Debug[10:51:16]: signal in logmode 
Debug[10:51:16]: "UART-UART RX(+0ms):No end char:" 
Debug[10:51:16]: log_breakpoint 
Debug[10:51:16]: 5 
Debug[10:51:17]: signal in logmode 
Debug[10:51:17]: "RX_ERR(+801ms):RX Data without end char" 
Debug[10:51:17]: log_breakpoint 
Debug[10:51:17]: 5 
Debug[10:51:17]: signal in logmode 
Debug[10:51:17]: "UART-UART RX(+0ms):No end char:" 
Debug[10:51:17]: log_breakpoint 
Debug[10:51:17]: 5 
Debug[10:51:18]: signal in logmode 
Debug[10:51:18]: "RX_ERR(+801ms):RX Data without end char" 
Debug[10:51:18]: log_breakpoint 
Debug[10:51:18]: 5 
Debug[10:51:18]: signal in logmode 
Debug[10:51:18]: "UART-UART RX(+1ms):No end char:" 
Debug[10:51:18]: log_breakpoint 
Debug[10:51:18]: 5 
Debug[10:51:19]: signal in logmode 
Debug[10:51:19]: "RX_ERR(+800ms):RX Data without end char" 
Debug[10:51:19]: log_breakpoint 
Debug[10:51:19]: 5 
Debug[10:51:19]: signal in logmode 
Debug[10:51:19]: "UART-UART RX(+0ms):No end char:" 
Debug[10:51:19]: log_breakpoint 
Debug[10:51:19]: 5 
Debug[10:51:19]: signal in logmode 
Debug[10:51:19]: "RX_ERR(+843ms):RX Data without end char" 
Debug[10:51:19]: log_breakpoint 
Debug[10:51:19]: 5 
Debug[10:51:19]: signal in logmode 
Debug[10:51:19]: "UART-UART RX(+0ms):No end char:" 
Debug[10:51:19]: log_breakpoint 
Debug[10:51:19]: 5 
Debug[10:51:20]: signal in logmode 
Debug[10:51:20]: "RX_ERR(+800ms):RX Data without end char" 
Debug[10:51:20]: log_breakpoint 
Debug[10:51:20]: 5 
Debug[10:51:20]: signal in logmode 
Debug[10:51:20]: "UART-UART RX(+0ms):No end char:" 
Debug[10:51:20]: log_breakpoint 
Debug[10:51:20]: 5 
Debug[10:51:21]: signal in logmode 
Debug[10:51:21]: "RX_ERR(+801ms):RX Data without end char" 
Debug[10:51:21]: log_breakpoint 
Debug[10:51:21]: 5 
Debug[10:51:21]: signal in logmode 
Debug[10:51:21]: "UART-UART RX(+0ms):No end char:" 
Debug[10:51:21]: log_breakpoint 
Debug[10:51:21]: 5 
Debug[10:51:22]: signal in logmode 
Debug[10:51:22]: "RX_ERR(+800ms):RX Data without end char" 
Debug[10:51:22]: log_breakpoint 
Debug[10:51:22]: 5 
Debug[10:51:22]: signal in logmode 
Debug[10:51:22]: "UART-UART RX(+1ms):No end char:" 
Debug[10:51:22]: log_breakpoint 
Debug[10:51:22]: 5 
Debug[10:51:23]: signal in logmode 
Debug[10:51:23]: "RX_ERR(+801ms):RX Data without end char" 
Debug[10:51:23]: log_breakpoint 
Debug[10:51:23]: 5 
Debug[10:51:23]: signal in logmode 
Debug[10:51:23]: "UART-UART RX(+1ms):No end char:" 
Debug[10:51:23]: log_breakpoint 
Debug[10:51:23]: 5 
Debug[10:51:23]: signal in logmode 
Debug[10:51:23]: "RX_ERR(+801ms):RX Data without end char" 
Debug[10:51:23]: log_breakpoint 
Debug[10:51:23]: 5 
Debug[10:51:23]: signal in logmode 
Debug[10:51:23]: "UART-UART RX(+1ms):No end char:" 
Debug[10:51:23]: log_breakpoint 
Debug[10:51:23]: 5 
Debug[10:51:24]: signal in logmode 
Debug[10:51:24]: "RX_ERR(+801ms):RX Data without end char" 
Debug[10:51:24]: log_breakpoint 
Debug[10:51:24]: 5 
Debug[10:51:24]: signal in logmode 
Debug[10:51:24]: "UART-UART RX(+0ms):No end char:" 
Debug[10:51:24]: log_breakpoint 
Debug[10:51:24]: 5 
Debug[10:51:25]: signal in logmode 
Debug[10:51:25]: "RX_ERR(+801ms):RX Data without end char" 
Debug[10:51:25]: log_breakpoint 
Debug[10:51:25]: 5 
Debug[10:51:25]: signal in logmode 
Debug[10:51:25]: "UART-UART RX(+0ms):No end char:" 
Debug[10:51:25]: log_breakpoint 
Debug[10:51:25]: 5 
Debug[10:51:26]: signal in logmode 
Debug[10:51:26]: "RX_ERR(+800ms):RX Data without end char" 
Debug[10:51:26]: log_breakpoint 
Debug[10:51:26]: 5 
Debug[10:51:26]: signal in logmode 
Debug[10:51:26]: "UART-UART RX(+0ms):No end char:" 
Debug[10:51:26]: log_breakpoint 
Debug[10:51:26]: 5 
Debug[10:51:27]: signal in logmode 
Debug[10:51:27]: "RX_ERR(+818ms):RX Data without end char" 
Debug[10:51:27]: log_breakpoint 
Debug[10:51:27]: 5 
Debug[10:51:27]: signal in logmode 
Debug[10:51:27]: "UART-UART RX(+0ms):No end char:" 
Debug[10:51:27]: log_breakpoint 
Debug[10:51:27]: 5 
Debug[10:51:27]: signal in logmode 
Debug[10:51:27]: "RX_ERR(+801ms):RX Data without end char" 
Debug[10:51:27]: log_breakpoint 
Debug[10:51:27]: 5 
Debug[10:51:27]: signal in logmode 
Debug[10:51:27]: "UART-UART RX(+0ms):No end char:" 
Debug[10:51:27]: log_breakpoint 
Debug[10:51:27]: 5 
Debug[10:51:28]: signal in logmode 
Debug[10:51:28]: "RX_ERR(+800ms):RX Data without end char" 
Debug[10:51:28]: log_breakpoint 
Debug[10:51:28]: 5 
Debug[10:51:28]: signal in logmode 
Debug[10:51:28]: "UART-UART RX(+0ms):No end char:" 
Debug[10:51:28]: log_breakpoint 
Debug[10:51:28]: 5 
Debug[10:51:29]: signal in logmode 
Debug[10:51:29]: "RX_ERR(+801ms):RX Data without end char" 
Debug[10:51:29]: log_breakpoint 
Debug[10:51:29]: 5 
Debug[10:51:29]: signal in logmode 
Debug[10:51:29]: "UART-UART RX(+0ms):No end char:" 
Debug[10:51:29]: log_breakpoint 
Debug[10:51:29]: 5 
Debug[10:51:30]: signal in logmode 
Debug[10:51:30]: "RX_ERR(+801ms):RX Data without end char" 
Debug[10:51:30]: log_breakpoint 
Debug[10:51:30]: 5 
Debug[10:51:30]: signal in logmode 
Debug[10:51:30]: "UART-UART RX(+0ms):No end char:" 
Debug[10:51:30]: log_breakpoint 
Debug[10:51:30]: 5 
Debug[10:51:31]: signal in logmode 
Debug[10:51:31]: "RX_ERR(+800ms):RX Data without end char" 
Debug[10:51:31]: log_breakpoint 
Debug[10:51:31]: 5 
Debug[10:51:31]: signal in logmode 
Debug[10:51:31]: "UART-UART RX(+1ms):No end char:" 
Debug[10:51:31]: log_breakpoint 
Debug[10:51:31]: 5 
Debug[10:51:31]: signal in logmode 
Debug[10:51:31]: "RX_ERR(+801ms):RX Data without end char" 
Debug[10:51:31]: log_breakpoint 
Debug[10:51:31]: 5 
Debug[10:51:31]: signal in logmode 
Debug[10:51:31]: "UART-UART RX(+1ms):No end char:" 
Debug[10:51:31]: log_breakpoint 
Debug[10:51:31]: 5 
Debug[10:51:32]: signal in logmode 
Debug[10:51:32]: "RX_ERR(+801ms):RX Data without end char" 
Debug[10:51:32]: log_breakpoint 
Debug[10:51:32]: 5 
Debug[10:51:32]: signal in logmode 
Debug[10:51:32]: "UART-UART RX(+0ms):No end char:" 
Debug[10:51:32]: log_breakpoint 
Debug[10:51:32]: 5 
Debug[10:51:33]: signal in logmode 
Debug[10:51:33]: "RX_ERR(+801ms):RX Data without end char" 
Debug[10:51:33]: log_breakpoint 
Debug[10:51:33]: 5 
Debug[10:51:33]: signal in logmode 
Debug[10:51:33]: "UART-UART RX(+0ms):No end char:" 
Debug[10:51:33]: log_breakpoint 
Debug[10:51:33]: 5 
Debug[10:51:34]: signal in logmode 
Debug[10:51:34]: "RX_ERR(+822ms):RX Data without end char" 
Debug[10:51:34]: log_breakpoint 
Debug[10:51:34]: 5 
Debug[10:51:34]: signal in logmode 
Debug[10:51:34]: "UART-UART RX(+0ms):No end char:" 
Debug[10:51:34]: log_breakpoint 
Debug[10:51:34]: 5 
Debug[10:51:35]: signal in logmode 
Debug[10:51:35]: "RX_ERR(+801ms):RX Data without end char" 
Debug[10:51:35]: log_breakpoint 
Debug[10:51:35]: 5 
Debug[10:51:35]: signal in logmode 
Debug[10:51:35]: "UART-UART RX(+0ms):No end char:" 
Debug[10:51:35]: log_breakpoint 
Debug[10:51:35]: 5 
Debug[10:51:36]: signal in logmode 
Debug[10:51:36]: "RX_ERR(+800ms):RX Data without end char" 
Debug[10:51:36]: log_breakpoint 
Debug[10:51:36]: 5 
Debug[10:51:36]: signal in logmode 
Debug[10:51:36]: "UART-UART RX(+1ms):No end char:" 
Debug[10:51:36]: log_breakpoint 
Debug[10:51:36]: 5 
Debug[10:51:36]: signal in logmode 
Debug[10:51:36]: "RX_ERR(+802ms):RX Data without end char" 
Debug[10:51:36]: log_breakpoint 
Debug[10:51:36]: 5 
Debug[10:51:36]: signal in logmode 
Debug[10:51:36]: "UART-UART RX(+0ms):No end char:" 
Debug[10:51:36]: log_breakpoint 
Debug[10:51:36]: 5 
Debug[10:51:37]: signal in logmode 
Debug[10:51:37]: "RX_ERR(+801ms):RX Data without end char" 
Debug[10:51:37]: log_breakpoint 
Debug[10:51:37]: 5 
Debug[10:51:37]: signal in logmode 
Debug[10:51:37]: "UART-UART RX(+1ms):No end char:" 
Debug[10:51:37]: log_breakpoint 
Debug[10:51:37]: 5 
Debug[10:51:38]: signal in logmode 
Debug[10:51:38]: "RX_ERR(+801ms):RX Data without end char" 
Debug[10:51:38]: log_breakpoint 
Debug[10:51:38]: 5 
Debug[10:51:38]: signal in logmode 
Debug[10:51:38]: "UART-UART RX(+0ms):No end char:" 
Debug[10:51:38]: log_breakpoint 
Debug[10:51:38]: 5 
Debug[10:51:39]: signal in logmode 
Debug[10:51:39]: "RX_ERR(+800ms):RX Data without end char" 
Debug[10:51:39]: log_breakpoint 
Debug[10:51:39]: 5 
Debug[10:51:39]: signal in logmode 
Debug[10:51:39]: "UART-UART RX(+0ms):No end char:" 
Debug[10:51:39]: log_breakpoint 
Debug[10:51:39]: 5 
Debug[10:51:40]: signal in logmode 
Debug[10:51:40]: "RX_ERR(+801ms):RX Data without end char" 
Debug[10:51:40]: log_breakpoint 
Debug[10:51:40]: 5 
Debug[10:51:40]: signal in logmode 
Debug[10:51:40]: "UART-UART RX(+1ms):No end char:" 
Debug[10:51:40]: log_breakpoint 
Debug[10:51:40]: 5 
Debug[10:51:40]: signal in logmode 
Debug[10:51:40]: "RX_ERR(+801ms):RX Data without end char" 
Debug[10:51:40]: log_breakpoint 
Debug[10:51:40]: 5 
Debug[10:51:40]: signal in logmode 
Debug[10:51:40]: "UART-UART RX(+1ms):No end char:" 
Debug[10:51:40]: log_breakpoint 
Debug[10:51:40]: 5 
Debug[10:51:41]: signal in logmode 
Debug[10:51:41]: "RX_ERR(+824ms):RX Data without end char" 
Debug[10:51:41]: log_breakpoint 
Debug[10:51:41]: 5 
Debug[10:51:41]: signal in logmode 
Debug[10:51:41]: "UART-UART RX(+1ms):No end char:" 
Debug[10:51:41]: log_breakpoint 
Debug[10:51:41]: 5 
Debug[10:51:42]: signal in logmode 
Debug[10:51:42]: "RX_ERR(+802ms):RX Data without end char" 
Debug[10:51:42]: log_breakpoint 
Debug[10:51:42]: 5 
Debug[10:51:42]: signal in logmode 
Debug[10:51:42]: "UART-UART RX(+0ms):No end char:" 
Debug[10:51:42]: log_breakpoint 
Debug[10:51:42]: 5 
Debug[10:51:43]: signal in logmode 
Debug[10:51:43]: "RX_ERR(+801ms):RX Data without end char" 
Debug[10:51:43]: log_breakpoint 
Debug[10:51:43]: 5 
Debug[10:51:43]: signal in logmode 
Debug[10:51:43]: "UART-UART RX(+0ms):No end char:" 
Debug[10:51:43]: log_breakpoint 
Debug[10:51:43]: 5 
Debug[10:51:44]: signal in logmode 
Debug[10:51:44]: "RX_ERR(+801ms):RX Data without end char" 
Debug[10:51:44]: log_breakpoint 
Debug[10:51:44]: 5 
Debug[10:51:44]: signal in logmode 
Debug[10:51:44]: "UART-UART RX(+0ms):No end char:" 
Debug[10:51:44]: log_breakpoint 
Debug[10:51:44]: 5 
Debug[10:51:44]: signal in logmode 
Debug[10:51:44]: "RX_ERR(+800ms):RX Data without end char" 
Debug[10:51:44]: log_breakpoint 
Debug[10:51:44]: 5 
Debug[10:51:44]: signal in logmode 
Debug[10:51:44]: "UART-UART RX(+1ms):No end char:" 
Debug[10:51:44]: log_breakpoint 
Debug[10:51:44]: 5 
Debug[10:51:45]: signal in logmode 
Debug[10:51:45]: "RX_ERR(+803ms):RX Data without end char" 
Debug[10:51:45]: log_breakpoint 
Debug[10:51:45]: 5 
Debug[10:51:45]: signal in logmode 
Debug[10:51:45]: "UART-UART RX(+1ms):No end char:" 
Debug[10:51:45]: log_breakpoint 
Debug[10:51:45]: 5 
Debug[10:51:46]: signal in logmode 
Debug[10:51:46]: "RX_ERR(+801ms):RX Data without end char" 
Debug[10:51:46]: log_breakpoint 
Debug[10:51:46]: 5 
Debug[10:51:46]: signal in logmode 
Debug[10:51:46]: "UART-UART RX(+0ms):No end char:" 
Debug[10:51:46]: log_breakpoint 
Debug[10:51:46]: 5 
Debug[10:51:47]: signal in logmode 
Debug[10:51:47]: "RX_ERR(+801ms):RX Data without end char" 
Debug[10:51:47]: log_breakpoint 
Debug[10:51:47]: 5 
Debug[10:51:47]: signal in logmode 
Debug[10:51:47]: "UART-UART RX(+1ms):No end char:" 
Debug[10:51:47]: log_breakpoint 
Debug[10:51:47]: 5 
Debug[10:51:48]: signal in logmode 
Debug[10:51:48]: "RX_ERR(+801ms):RX Data without end char" 
Debug[10:51:48]: log_breakpoint 
Debug[10:51:48]: 5 
Debug[10:51:48]: signal in logmode 
Debug[10:51:48]: "UART-UART RX(+0ms):No end char:" 
Debug[10:51:48]: log_breakpoint 
Debug[10:51:48]: 5 
Debug[10:51:48]: "Suspend:Settings" 
Debug[10:51:48]: "Suspend:UartUartController" 
Debug[10:51:48]: "Suspend:UartSpiController" 
Debug[10:51:48]: "Suspend:UartSsiController" 
Debug[10:51:48]: "Suspend:DSI3Master" 
Debug[10:51:48]: "Suspend:ASICMaster" 
Debug[10:51:48]: "Suspend:RDUMMaster" 
Debug[10:51:48]: "Suspend:DSI3Slave" 
Debug[10:51:48]: "Suspend:Measurement" 
Debug[10:51:48]: "Suspend:CFARsim" 
Debug[10:51:48]: signal in logmode 
Debug[10:51:48]: "INF(10:51:48.187):Disconnect by user" 
Debug[10:51:48]: log_breakpoint 
Debug[10:51:48]: 5 
Debug[10:51:48]: signal in logmode 
Debug[10:51:48]: "INF(10:51:48.241):Disconnect by user" 
Debug[10:51:48]: log_breakpoint 
Debug[10:51:48]: 5 
Warning[10:51:52]: QObject::connect: Cannot connect LocalServer::log(int,QString) to (null)::slot_addLog(int,QString)
Debug[10:51:52]: LocalServer:new "\\.\pipe\DSI3PAS" 
Debug[10:51:52]: Register specific 
Debug[10:51:52]: DynScaleCaclulate 
Debug[10:51:52]: "init 2 UartUartController" 
Debug[10:51:52]: Ok 
Debug[10:51:52]: "init 3 UartSpiController" 
Debug[10:51:52]: Ok 
Debug[10:51:52]: "init 4 UartSsiController" 
Debug[10:51:52]: Ok 
Debug[10:51:52]: "init 5 DSI3Master" 
Debug[10:51:52]: Ok 
Debug[10:51:52]: "init 6 ASICMaster" 
Debug[10:51:52]: Ok 
Debug[10:51:52]: "init 7 RDUMMaster" 
Debug[10:51:52]: Ok 
Debug[10:51:52]: "init 8 DSI3Slave" 
Debug[10:51:53]: Ok 
Debug[10:51:53]: "init 9 Measurement" 
Debug[10:51:54]: Ok 
Debug[10:51:54]: "init 10 CFARsim" 
Debug[10:51:54]: Ok 
Debug[10:51:54]: MainApp Starting... 
Debug[10:51:55]: Add applets to MainWindow...
 
Debug[10:51:55]: Initialize Connection... 
Warning[10:51:55]: QFileSystemWatcher: failed to add paths: C:/REPO/DSI3PAS2_workingdir/DSI3PAS2/Software/bin/ULSEverification_configfiles, C:/REPO/DSI3PAS2_workingdir/DSI3PAS2/Software/bin/ConfigFiles_29_1_2021_Jiri_MOBIS, C:/Users/fg6cnq/Desktop/DSI3PAS2_UART_QtSW_20210129_1511, C:/Users/zbdn9w/Desktop/Temp/CFAR QT uprava ToF, C:/Users/zbdn9w/Desktop/Temp/CFAR QT Komprimace do CSV, U:/Dokumenty/MOBIS/Crosstalk 11-2021
Debug[10:51:59]: Initialize Connection... 
Debug[10:52:16]: Initialize Connection... 
Debug[10:52:16]: signal in logmode 
Debug[10:52:16]: "INF(10:52:16.380):Mode is OK" 
Debug[10:52:16]: log_breakpoint 
Debug[10:52:16]: 5 
Debug[10:52:16]: signal in logmode 
Debug[10:52:16]: "INF(10:52:16.383):Attempt" 
Debug[10:52:16]: log_breakpoint 
Debug[10:52:16]: 5 
Debug[10:52:16]: signal in logmode 
Debug[10:52:16]: "INF(10:52:16.686):Attempt" 
Debug[10:52:16]: log_breakpoint 
Debug[10:52:16]: 5 
Debug[10:52:16]: signal in logmode 
Debug[10:52:17]: "INF(10:52:17.001):Attempt" 
Debug[10:52:17]: log_breakpoint 
Debug[10:52:17]: 5 
Debug[10:52:17]: signal in logmode 
Debug[10:52:17]: "INF(10:52:17.313):Mode is OK" 
Debug[10:52:17]: log_breakpoint 
Debug[10:52:17]: 5 
Debug[10:52:17]: signal in logmode 
Debug[10:52:17]: "INF(10:52:17.317):Attempt" 
Debug[10:52:17]: log_breakpoint 
Debug[10:52:17]: 5 
Debug[10:52:17]: signal in logmode 
Debug[10:52:17]: "INF(10:52:17.623):Attempt" 
Debug[10:52:17]: log_breakpoint 
Debug[10:52:17]: 5 
Debug[10:52:17]: signal in logmode 
Debug[10:52:17]: "INF(10:52:17.935):Attempt" 
Debug[10:52:17]: log_breakpoint 
Debug[10:52:17]: 5 
Debug[10:52:18]: signal in logmode 
Debug[10:52:18]: "INF(10:52:18.246):Mode is OK" 
Debug[10:52:18]: log_breakpoint 
Debug[10:52:18]: 5 
Debug[10:52:18]: signal in logmode 
Debug[10:52:18]: "INF(10:52:18.249):Attempt" 
Debug[10:52:18]: log_breakpoint 
Debug[10:52:18]: 5 
Debug[10:52:18]: signal in logmode 
Debug[10:52:18]: "INF(10:52:18.407):Mode is OK" 
Debug[10:52:18]: log_breakpoint 
Debug[10:52:18]: 5 
Debug[10:52:18]: signal in logmode 
Debug[10:52:18]: "INF(10:52:18.410):Attempt" 
Debug[10:52:18]: log_breakpoint 
Debug[10:52:18]: 5 
Debug[10:52:18]: signal in logmode 
Debug[10:52:18]: "INF(10:52:18.730):Attempt" 
Debug[10:52:18]: log_breakpoint 
Debug[10:52:18]: 5 
Debug[10:52:19]: signal in logmode 
Debug[10:52:19]: "INF(10:52:19.042):Attempt" 
Debug[10:52:19]: log_breakpoint 
Debug[10:52:19]: 5 
Debug[10:52:19]: signal in logmode 
Debug[10:52:19]: "INF(10:52:19.356):Mode is OK" 
Debug[10:52:19]: log_breakpoint 
Debug[10:52:19]: 5 
Debug[10:52:19]: signal in logmode 
Debug[10:52:19]: "INF(10:52:19.360):Attempt" 
Debug[10:52:19]: log_breakpoint 
Debug[10:52:19]: 5 
Debug[10:52:19]: signal in logmode 
Debug[10:52:19]: "INF(10:52:19.666):Attempt" 
Debug[10:52:19]: log_breakpoint 
Debug[10:52:19]: 5 
Debug[10:52:19]: signal in logmode 
Debug[10:52:19]: "INF(10:52:19.977):Attempt" 
Debug[10:52:19]: log_breakpoint 
Debug[10:52:19]: 5 
Debug[10:52:20]: signal in logmode 
Debug[10:52:20]: "INF(10:52:20.288):Mode is OK" 
Debug[10:52:20]: log_breakpoint 
Debug[10:52:20]: 5 
Debug[10:52:20]: signal in logmode 
Debug[10:52:20]: "INF(10:52:20.293):Attempt" 
Debug[10:52:20]: log_breakpoint 
Debug[10:52:20]: 5 
Debug[10:52:20]: signal in logmode 
Debug[10:52:20]: "INF(10:52:20.600):Attempt" 
Debug[10:52:20]: log_breakpoint 
Debug[10:52:20]: 5 
Debug[10:52:20]: signal in logmode 
Debug[10:52:20]: "INF(10:52:20.912):Attempt" 
Debug[10:52:20]: log_breakpoint 
Debug[10:52:20]: 5 
Debug[10:52:21]: signal in logmode 
Debug[10:52:21]: "INF(10:52:21.849):Mode is OK" 
Debug[10:52:21]: log_breakpoint 
Debug[10:52:21]: 5 
Debug[10:52:21]: signal in logmode 
Debug[10:52:21]: "INF(10:52:21.853):Attempt" 
Debug[10:52:21]: log_breakpoint 
Debug[10:52:21]: 5 
Debug[10:52:22]: signal in logmode 
Debug[10:52:22]: "INF(10:52:22.159):Attempt" 
Debug[10:52:22]: log_breakpoint 
Debug[10:52:22]: 5 
Debug[10:52:22]: signal in logmode 
Debug[10:52:22]: "INF(10:52:22.471):Attempt" 
Debug[10:52:22]: log_breakpoint 
Debug[10:52:22]: 5 
Debug[10:52:22]: signal in logmode 
Debug[10:52:22]: "INF(10:52:22.782):Mode is OK" 
Debug[10:52:22]: log_breakpoint 
Debug[10:52:22]: 5 
Debug[10:52:22]: signal in logmode 
Debug[10:52:22]: "INF(10:52:22.785):Attempt" 
Debug[10:52:22]: log_breakpoint 
Debug[10:52:22]: 5 
Debug[10:52:23]: signal in logmode 
Debug[10:52:23]: "INF(10:52:23.094):Attempt" 
Debug[10:52:23]: log_breakpoint 
Debug[10:52:23]: 5 
Debug[10:52:23]: signal in logmode 
Debug[10:52:23]: "INF(10:52:23.407):Attempt" 
Debug[10:52:23]: log_breakpoint 
Debug[10:52:23]: 5 
Debug[10:52:23]: signal in logmode 
Debug[10:52:23]: "INF(10:52:23.721):Mode is OK" 
Debug[10:52:23]: log_breakpoint 
Debug[10:52:23]: 5 
Debug[10:52:23]: signal in logmode 
Debug[10:52:23]: "INF(10:52:23.726):Attempt" 
Debug[10:52:23]: log_breakpoint 
Debug[10:52:23]: 5 
Debug[10:52:23]: signal in logmode 
Debug[10:52:23]: "INF(10:52:23.733):RDUM master connected" 
Debug[10:52:23]: log_breakpoint 
Debug[10:52:23]: 5 
Debug[10:52:23]: signal in logmode 
Debug[10:52:23]: "INF(10:52:23.735):Connected to \\.\COM32" 
Debug[10:52:23]: log_breakpoint 
Debug[10:52:23]: 5 
Warning[10:52:23]: Could not parse stylesheet of widget 0x3213bd8
Debug[10:52:23]: "Resume:Logs" 
Debug[10:52:23]: "Resume:Settings" 
Debug[10:52:23]: "Resume:UartUartController" 
Debug[10:52:23]: "Resume:UartSpiController" 
Debug[10:52:23]: "Resume:UartSsiController" 
Debug[10:52:23]: "Resume:DSI3Master" 
Debug[10:52:23]: "Resume:ASICMaster" 
Debug[10:52:23]: "Resume:RDUMMaster" 
Debug[10:52:23]: "Resume:DSI3Slave" 
Debug[10:52:23]: "Resume:Measurement" 
Debug[10:52:23]: "Resume:CFARsim" 
Debug[15:37:47]: "Suspend:Settings" 
Debug[15:37:47]: "Suspend:UartUartController" 
Debug[15:37:47]: "Suspend:UartSpiController" 
Debug[15:37:47]: "Suspend:UartSsiController" 
Debug[15:37:47]: "Suspend:DSI3Master" 
Debug[15:37:47]: "Suspend:ASICMaster" 
Debug[15:37:47]: "Suspend:RDUMMaster" 
Debug[15:37:47]: "Suspend:DSI3Slave" 
Debug[15:37:47]: "Suspend:Measurement" 
Debug[15:37:47]: "Suspend:CFARsim" 
Debug[15:37:47]: signal in logmode 
Debug[15:37:47]: "INF(15:37:47.793):Disconnect by user" 
Debug[15:37:47]: log_breakpoint 
Debug[15:37:47]: 5 
Debug[15:37:47]: signal in logmode 
Debug[15:37:47]: "INF(15:37:47.944):Disconnect by user" 
Debug[15:37:47]: log_breakpoint 
Debug[15:37:47]: 5 
