Warning[16:32:02]: QObject::connect: Cannot connect LocalServer::log(int,QString) to (null)::slot_addLog(int,QString)
Debug[16:32:02]: LocalServer:new "\\.\pipe\DSI3PAS" 
Debug[16:32:02]: Register specific 
Debug[16:32:03]: DynScaleCaclulate 
Debug[16:32:03]: "init 2 UartUartController" 
Debug[16:32:03]: Ok 
Debug[16:32:03]: "init 3 UartSpiController" 
Debug[16:32:03]: Ok 
Debug[16:32:03]: "init 4 UartSsiController" 
Debug[16:32:03]: Ok 
Debug[16:32:03]: "init 5 DSI3Master" 
Debug[16:32:03]: Ok 
Debug[16:32:03]: "init 6 ASICMaster" 
Debug[16:32:03]: Ok 
Debug[16:32:03]: "init 7 RDUMMaster" 
Debug[16:32:03]: Ok 
Debug[16:32:03]: "init 8 DSI3Slave" 
Debug[16:32:04]: Ok 
Debug[16:32:04]: "init 9 Measurement" 
Debug[16:32:04]: Ok 
Debug[16:32:04]: "init 10 CFARsim" 
Debug[16:32:04]: Ok 
Debug[16:32:04]: MainApp Starting... 
Debug[16:32:05]: Add applets to MainWindow...
 
Debug[16:32:05]: Initialize Connection... 
Debug[16:32:07]: signal in logmode 
Debug[16:32:07]: "INF(16:32:07.269):Disconnect by user" 
Debug[16:32:07]: log_breakpoint 
Debug[16:32:07]: 5 
Debug[16:32:07]: signal in logmode 
Debug[16:32:07]: "INF(16:32:07.294):Disconnect by user" 
Debug[16:32:07]: log_breakpoint 
Debug[16:32:07]: 5 
