Warning[07:20:29]: QObject::connect: Cannot connect LocalServer::log(int,QString) to (null)::slot_addLog(int,QString)
Debug[07:20:29]: LocalServer:new "\\.\pipe\DSI3PASd" 
Debug[07:20:30]: Register specific 
Debug[07:20:31]: DynScaleCaclulate 
Debug[07:20:31]: "init 2 UartUartController" 
Debug[07:20:31]: Ok 
Debug[07:20:31]: "init 3 UartSpiController" 
Debug[07:20:31]: Ok 
Debug[07:20:31]: "init 4 UartSsiController" 
Debug[07:20:31]: Ok 
Debug[07:20:31]: "init 5 DSI3Master" 
Debug[07:20:31]: Ok 
Debug[07:20:31]: "init 6 ASICMaster" 
Debug[07:20:31]: Ok 
Debug[07:20:31]: "init 7 RDUMMaster" 
Debug[07:20:31]: Ok 
Debug[07:20:31]: "init 8 DSI3Slave" 
Debug[07:20:33]: Ok 
Debug[07:20:33]: "init 9 Measurement" 
Debug[07:20:34]: Ok 
Debug[07:20:34]: "init 10 CFARsim" 
Debug[07:20:34]: Ok 
Debug[07:20:34]: Using SERPORT
Debug[07:20:34]: MainApp Starting... 
Debug[07:20:36]: Add applets to MainWindow...
 
Debug[07:20:36]: Initialize Connection... 
Debug[07:25:16]: signal in logmode 
Debug[07:25:16]: "INF(07:25:16.728):Connected to no_board" 
Debug[07:25:16]: log_breakpoint 
Debug[07:25:16]: 5 
Warning[07:25:16]: Could not parse stylesheet of widget 0x42f9248
Debug[07:25:16]: "Resume:Logs" 
Debug[07:25:16]: "Resume:Settings" 
Debug[07:25:16]: "Resume:UartUartController" 
Debug[07:25:16]: "Resume:UartSpiController" 
Debug[07:25:16]: "Resume:UartSsiController" 
Debug[07:25:16]: "Resume:DSI3Master" 
Debug[07:25:16]: "Resume:ASICMaster" 
Debug[07:25:16]: "Resume:RDUMMaster" 
Debug[07:25:16]: "Resume:DSI3Slave" 
Debug[07:25:16]: "Resume:Measurement" 
Debug[07:25:16]: "Resume:CFARsim" 
Debug[08:05:01]: "Suspend:Settings" 
Debug[08:05:01]: "Suspend:UartUartController" 
Debug[08:05:01]: "Suspend:UartSpiController" 
Debug[08:05:01]: "Suspend:UartSsiController" 
Debug[08:05:01]: "Suspend:DSI3Master" 
Debug[08:05:01]: "Suspend:ASICMaster" 
Debug[08:05:01]: "Suspend:RDUMMaster" 
Debug[08:05:01]: "Suspend:DSI3Slave" 
Debug[08:05:01]: "Suspend:Measurement" 
Debug[08:05:01]: "Suspend:CFARsim" 
Debug[08:05:01]: signal in logmode 
Debug[08:05:01]: "INF(08:05:01.656):Disconnect by user" 
Debug[08:05:01]: log_breakpoint 
Debug[08:05:01]: 5 
Debug[08:05:01]: signal in logmode 
Debug[08:05:01]: "INF(08:05:01.682):Disconnect by user" 
Debug[08:05:01]: log_breakpoint 
Debug[08:05:01]: 5 
Warning[08:05:15]: QObject::connect: Cannot connect LocalServer::log(int,QString) to (null)::slot_addLog(int,QString)
Debug[08:05:15]: LocalServer:new "\\.\pipe\DSI3PASd" 
Debug[08:05:15]: Register specific 
Debug[08:05:16]: DynScaleCaclulate 
Debug[08:05:16]: "init 2 UartUartController" 
Debug[08:05:16]: Ok 
Debug[08:05:16]: "init 3 UartSpiController" 
Debug[08:05:16]: Ok 
Debug[08:05:16]: "init 4 UartSsiController" 
Debug[08:05:16]: Ok 
Debug[08:05:16]: "init 5 DSI3Master" 
Debug[08:05:16]: Ok 
Debug[08:05:16]: "init 6 ASICMaster" 
Debug[08:05:16]: Ok 
Debug[08:05:16]: "init 7 RDUMMaster" 
Debug[08:05:16]: Ok 
Debug[08:05:16]: "init 8 DSI3Slave" 
Debug[08:05:18]: Ok 
Debug[08:05:18]: "init 9 Measurement" 
Debug[08:05:19]: Ok 
Debug[08:05:19]: "init 10 CFARsim" 
Debug[08:05:19]: Ok 
Debug[08:05:19]: Using SERPORT
Debug[08:05:19]: MainApp Starting... 
Debug[08:05:21]: Add applets to MainWindow...
 
Debug[08:05:21]: Initialize Connection... 
Debug[08:05:27]: signal in logmode 
Debug[08:05:27]: "INF(08:05:27.556):Connected to no_board" 
Debug[08:05:27]: log_breakpoint 
Debug[08:05:27]: 5 
Warning[08:05:27]: Could not parse stylesheet of widget 0x41a9a08
Debug[08:05:27]: "Resume:Logs" 
Debug[08:05:27]: "Resume:Settings" 
Debug[08:05:27]: "Resume:UartUartController" 
Debug[08:05:27]: "Resume:UartSpiController" 
Debug[08:05:27]: "Resume:UartSsiController" 
Debug[08:05:27]: "Resume:DSI3Master" 
Debug[08:05:27]: "Resume:ASICMaster" 
Debug[08:05:27]: "Resume:RDUMMaster" 
Debug[08:05:27]: "Resume:DSI3Slave" 
Debug[08:05:27]: "Resume:Measurement" 
Debug[08:05:27]: "Resume:CFARsim" 
Debug[08:06:01]: "Suspend:Settings" 
Debug[08:06:01]: "Suspend:UartUartController" 
Debug[08:06:01]: "Suspend:UartSpiController" 
Debug[08:06:01]: "Suspend:UartSsiController" 
Debug[08:06:01]: "Suspend:DSI3Master" 
Debug[08:06:01]: "Suspend:ASICMaster" 
Debug[08:06:01]: "Suspend:RDUMMaster" 
Debug[08:06:01]: "Suspend:DSI3Slave" 
Debug[08:06:01]: "Suspend:Measurement" 
Debug[08:06:01]: "Suspend:CFARsim" 
Debug[08:06:01]: signal in logmode 
Debug[08:06:01]: "INF(08:06:01.109):Disconnect by user" 
Debug[08:06:01]: log_breakpoint 
Debug[08:06:01]: 5 
Debug[08:06:01]: signal in logmode 
Debug[08:06:01]: "INF(08:06:01.125):Disconnect by user" 
Debug[08:06:01]: log_breakpoint 
Debug[08:06:01]: 5 
Warning[08:06:04]: QObject::connect: Cannot connect LocalServer::log(int,QString) to (null)::slot_addLog(int,QString)
Debug[08:06:04]: LocalServer:new "\\.\pipe\DSI3PASd" 
Debug[08:06:04]: Register specific 
Debug[08:06:05]: DynScaleCaclulate 
Debug[08:06:05]: "init 2 UartUartController" 
Debug[08:06:05]: Ok 
Debug[08:06:05]: "init 3 UartSpiController" 
Debug[08:06:05]: Ok 
Debug[08:06:05]: "init 4 UartSsiController" 
Debug[08:06:05]: Ok 
Debug[08:06:05]: "init 5 DSI3Master" 
Debug[08:06:05]: Ok 
Debug[08:06:05]: "init 6 ASICMaster" 
Debug[08:06:05]: Ok 
Debug[08:06:05]: "init 7 RDUMMaster" 
Debug[08:06:05]: Ok 
Debug[08:06:05]: "init 8 DSI3Slave" 
Debug[08:06:07]: Ok 
Debug[08:06:07]: "init 9 Measurement" 
Debug[08:06:08]: Ok 
Debug[08:06:08]: "init 10 CFARsim" 
Debug[08:06:08]: Ok 
Debug[08:06:08]: Using SERPORT
Debug[08:06:08]: MainApp Starting... 
Debug[08:06:10]: Add applets to MainWindow...
 
Debug[08:06:10]: Initialize Connection... 
Debug[08:06:13]: signal in logmode 
Debug[08:06:13]: "INF(08:06:13.927):Connected to no_board" 
Debug[08:06:13]: log_breakpoint 
Debug[08:06:13]: 5 
Warning[08:06:13]: Could not parse stylesheet of widget 0x41292c8
Debug[08:06:13]: "Resume:Logs" 
Debug[08:06:13]: "Resume:Settings" 
Debug[08:06:13]: "Resume:UartUartController" 
Debug[08:06:13]: "Resume:UartSpiController" 
Debug[08:06:13]: "Resume:UartSsiController" 
Debug[08:06:13]: "Resume:DSI3Master" 
Debug[08:06:13]: "Resume:ASICMaster" 
Debug[08:06:13]: "Resume:RDUMMaster" 
Debug[08:06:13]: "Resume:DSI3Slave" 
Debug[08:06:13]: "Resume:Measurement" 
Debug[08:06:13]: "Resume:CFARsim" 
Debug[08:07:02]: "Suspend:Settings" 
Debug[08:07:02]: "Suspend:UartUartController" 
Debug[08:07:02]: "Suspend:UartSpiController" 
Debug[08:07:02]: "Suspend:UartSsiController" 
Debug[08:07:02]: "Suspend:DSI3Master" 
Debug[08:07:02]: "Suspend:ASICMaster" 
Debug[08:07:02]: "Suspend:RDUMMaster" 
Debug[08:07:02]: "Suspend:DSI3Slave" 
Debug[08:07:02]: "Suspend:Measurement" 
Debug[08:07:02]: "Suspend:CFARsim" 
Debug[08:07:02]: signal in logmode 
Debug[08:07:02]: "INF(08:07:02.175):Disconnect by user" 
Debug[08:07:02]: log_breakpoint 
Debug[08:07:02]: 5 
Debug[08:07:02]: signal in logmode 
Debug[08:07:02]: "INF(08:07:02.193):Disconnect by user" 
Debug[08:07:02]: log_breakpoint 
Debug[08:07:02]: 5 
Warning[09:16:15]: QObject::connect: Cannot connect LocalServer::log(int,QString) to (null)::slot_addLog(int,QString)
Debug[09:16:15]: LocalServer:new "\\.\pipe\DSI3PAS" 
Debug[09:16:15]: Register specific 
Debug[09:16:15]: DynScaleCaclulate 
Debug[09:16:15]: "init 2 UartUartController" 
Debug[09:16:15]: Ok 
Debug[09:16:15]: "init 3 UartSpiController" 
Debug[09:16:15]: Ok 
Debug[09:16:15]: "init 4 UartSsiController" 
Debug[09:16:15]: Ok 
Debug[09:16:15]: "init 5 DSI3Master" 
Debug[09:16:15]: Ok 
Debug[09:16:15]: "init 6 ASICMaster" 
Debug[09:16:15]: Ok 
Debug[09:16:15]: "init 7 RDUMMaster" 
Debug[09:16:15]: Ok 
Debug[09:16:15]: "init 8 DSI3Slave" 
Debug[09:16:16]: Ok 
Debug[09:16:16]: "init 9 Measurement" 
Debug[09:16:16]: Ok 
Debug[09:16:16]: "init 10 CFARsim" 
Debug[09:16:16]: Ok 
Debug[09:16:16]: MainApp Starting... 
Debug[09:16:17]: Add applets to MainWindow...
 
Debug[09:16:17]: Initialize Connection... 
Warning[09:16:17]: QFileSystemWatcher: failed to add paths: C:/REPO/DSI3PAS2_workingdir/DSI3PAS2/Software/bin/ULSEverification_configfiles, C:/REPO/DSI3PAS2_workingdir/DSI3PAS2/Software/bin/ConfigFiles_29_1_2021_Jiri_MOBIS, C:/Users/fg6cnq/Desktop/DSI3PAS2_UART_QtSW_20210129_1511, C:/Users/zbdn9w/Desktop/Temp/CFAR QT uprava ToF, C:/Users/zbdn9w/Desktop/Temp/CFAR QT Komprimace do CSV, U:/Dokumenty/MOBIS/Crosstalk 11-2021
Debug[09:38:18]: signal in logmode 
Debug[09:38:18]: "INF(09:38:18.009):Disconnect by user" 
Debug[09:38:18]: log_breakpoint 
Debug[09:38:18]: 5 
Debug[09:38:18]: signal in logmode 
Debug[09:38:18]: "INF(09:38:18.026):Disconnect by user" 
Debug[09:38:18]: log_breakpoint 
Debug[09:38:18]: 5 
