Warning[12:42:02]: QObject::connect: Cannot connect LocalServer::log(int,QString) to (null)::slot_addLog(int,QString)
Debug[12:42:02]: LocalServer:new "\\.\pipe\DSI3PAS" 
Debug[12:42:02]: Register specific 
Debug[12:42:03]: DynScaleCaclulate 
Debug[12:42:03]: "init 2 UartUartController" 
Debug[12:42:03]: Ok 
Debug[12:42:03]: "init 3 UartSpiController" 
Debug[12:42:03]: Ok 
Debug[12:42:03]: "init 4 UartSsiController" 
Debug[12:42:03]: Ok 
Debug[12:42:03]: "init 5 DSI3Master" 
Debug[12:42:03]: Ok 
Debug[12:42:03]: "init 6 ASICMaster" 
Debug[12:42:03]: Ok 
Debug[12:42:03]: "init 7 RDUMMaster" 
Debug[12:42:03]: Ok 
Debug[12:42:03]: "init 8 DSI3Slave" 
Debug[12:42:04]: Ok 
Debug[12:42:04]: "init 9 Measurement" 
Debug[12:42:04]: Ok 
Debug[12:42:04]: "init 10 CFARsim" 
Debug[12:42:04]: Ok 
Debug[12:42:04]: MainApp Starting... 
Debug[12:42:05]: Add applets to MainWindow...
 
Debug[12:42:05]: Initialize Connection... 
Debug[12:42:05]: signal in logmode 
Debug[12:42:05]: "INF(12:42:05.899):Mode is OK" 
Debug[12:42:05]: log_breakpoint 
Debug[12:42:05]: 5 
Debug[12:42:05]: signal in logmode 
Debug[12:42:05]: "INF(12:42:05.902):Attempt" 
Debug[12:42:05]: log_breakpoint 
Debug[12:42:05]: 5 
Debug[12:42:06]: signal in logmode 
Debug[12:42:06]: "INF(12:42:06.215):Attempt" 
Debug[12:42:06]: log_breakpoint 
Debug[12:42:06]: 5 
Debug[12:42:06]: signal in logmode 
Debug[12:42:06]: "INF(12:42:06.526):Attempt" 
Debug[12:42:06]: log_breakpoint 
Debug[12:42:06]: 5 
Debug[12:42:06]: signal in logmode 
Debug[12:42:06]: "INF(12:42:06.836):Mode is OK" 
Debug[12:42:06]: log_breakpoint 
Debug[12:42:06]: 5 
Debug[12:42:06]: signal in logmode 
Debug[12:42:06]: "INF(12:42:06.842):Attempt" 
Debug[12:42:06]: log_breakpoint 
Debug[12:42:06]: 5 
Debug[12:42:07]: signal in logmode 
Debug[12:42:07]: "INF(12:42:07.147):Attempt" 
Debug[12:42:07]: log_breakpoint 
Debug[12:42:07]: 5 
Debug[12:42:07]: signal in logmode 
Debug[12:42:07]: "INF(12:42:07.456):Attempt" 
Debug[12:42:07]: log_breakpoint 
Debug[12:42:07]: 5 
Debug[12:42:07]: signal in logmode 
Debug[12:42:07]: "INF(12:42:07.771):Mode is OK" 
Debug[12:42:07]: log_breakpoint 
Debug[12:42:07]: 5 
Debug[12:42:07]: signal in logmode 
Debug[12:42:07]: "INF(12:42:07.775):Attempt" 
Debug[12:42:07]: log_breakpoint 
Debug[12:42:07]: 5 
Debug[12:42:07]: signal in logmode 
Debug[12:42:07]: "INF(12:42:07.930):Mode is OK" 
Debug[12:42:07]: log_breakpoint 
Debug[12:42:07]: 5 
Debug[12:42:07]: signal in logmode 
Debug[12:42:07]: "INF(12:42:07.933):Attempt" 
Debug[12:42:07]: log_breakpoint 
Debug[12:42:07]: 5 
Debug[12:42:08]: signal in logmode 
Debug[12:42:08]: "INF(12:42:08.237):Attempt" 
Debug[12:42:08]: log_breakpoint 
Debug[12:42:08]: 5 
Debug[12:42:08]: signal in logmode 
Debug[12:42:08]: "INF(12:42:08.549):Attempt" 
Debug[12:42:08]: log_breakpoint 
Debug[12:42:08]: 5 
Debug[12:42:08]: signal in logmode 
Debug[12:42:08]: "INF(12:42:08.859):Mode is OK" 
Debug[12:42:08]: log_breakpoint 
Debug[12:42:08]: 5 
Debug[12:42:08]: signal in logmode 
Debug[12:42:08]: "INF(12:42:08.864):Attempt" 
Debug[12:42:08]: log_breakpoint 
Debug[12:42:08]: 5 
Debug[12:42:09]: signal in logmode 
Debug[12:42:09]: "INF(12:42:09.170):Attempt" 
Debug[12:42:09]: log_breakpoint 
Debug[12:42:09]: 5 
Debug[12:42:09]: signal in logmode 
Debug[12:42:09]: "INF(12:42:09.484):Attempt" 
Debug[12:42:09]: log_breakpoint 
Debug[12:42:09]: 5 
Debug[12:42:09]: signal in logmode 
Debug[12:42:09]: "INF(12:42:09.797):Mode is OK" 
Debug[12:42:09]: log_breakpoint 
Debug[12:42:09]: 5 
Debug[12:42:09]: signal in logmode 
Debug[12:42:09]: "INF(12:42:09.800):Attempt" 
Debug[12:42:09]: log_breakpoint 
Debug[12:42:09]: 5 
Debug[12:42:10]: signal in logmode 
Debug[12:42:10]: "INF(12:42:10.109):Attempt" 
Debug[12:42:10]: log_breakpoint 
Debug[12:42:10]: 5 
Debug[12:42:10]: signal in logmode 
Debug[12:42:10]: "INF(12:42:10.420):Attempt" 
Debug[12:42:10]: log_breakpoint 
Debug[12:42:10]: 5 
Warning[12:42:10]: QFileSystemWatcher: failed to add paths: C:/REPO/DSI3PAS2_workingdir/DSI3PAS2/Software/bin/ULSEverification_configfiles, C:/REPO/DSI3PAS2_workingdir/DSI3PAS2/Software/bin/ConfigFiles_29_1_2021_Jiri_MOBIS, C:/Users/fg6cnq/Desktop/DSI3PAS2_UART_QtSW_20210129_1511, C:/Users/zbdn9w/Desktop/Temp/CFAR QT uprava ToF, C:/Users/zbdn9w/Desktop/Temp/CFAR QT Komprimace do CSV, U:/Dokumenty/MOBIS/Crosstalk 11-2021, S:/DBartos/P516/MOBIS demo comparison dual channel moving complex obstacle
Debug[12:42:14]: signal in logmode 
Debug[12:42:14]: "INF(12:42:14.700):Mode is OK" 
Debug[12:42:14]: log_breakpoint 
Debug[12:42:14]: 5 
Debug[12:42:14]: signal in logmode 
Debug[12:42:14]: "INF(12:42:14.703):Attempt" 
Debug[12:42:14]: log_breakpoint 
Debug[12:42:14]: 5 
Debug[12:42:15]: signal in logmode 
Debug[12:42:15]: "INF(12:42:15.015):Attempt" 
Debug[12:42:15]: log_breakpoint 
Debug[12:42:15]: 5 
Debug[12:42:15]: signal in logmode 
Debug[12:42:15]: "INF(12:42:15.329):Attempt" 
Debug[12:42:15]: log_breakpoint 
Debug[12:42:15]: 5 
Debug[12:42:15]: signal in logmode 
Debug[12:42:15]: "INF(12:42:15.640):Mode is OK" 
Debug[12:42:15]: log_breakpoint 
Debug[12:42:15]: 5 
Debug[12:42:15]: signal in logmode 
Debug[12:42:15]: "INF(12:42:15.643):Attempt" 
Debug[12:42:15]: log_breakpoint 
Debug[12:42:15]: 5 
Debug[12:42:15]: signal in logmode 
Debug[12:42:15]: "INF(12:42:15.955):Attempt" 
Debug[12:42:15]: log_breakpoint 
Debug[12:42:15]: 5 
Debug[12:42:16]: signal in logmode 
Debug[12:42:16]: "INF(12:42:16.267):Attempt" 
Debug[12:42:16]: log_breakpoint 
Debug[12:42:16]: 5 
Debug[12:42:16]: signal in logmode 
Debug[12:42:16]: "INF(12:42:16.576):Mode is OK" 
Debug[12:42:16]: log_breakpoint 
Debug[12:42:16]: 5 
Debug[12:42:16]: signal in logmode 
Debug[12:42:16]: "INF(12:42:16.580):Attempt" 
Debug[12:42:16]: log_breakpoint 
Debug[12:42:16]: 5 
Debug[12:42:16]: signal in logmode 
Debug[12:42:16]: "INF(12:42:16.585):RDUM master connected" 
Debug[12:42:16]: log_breakpoint 
Debug[12:42:16]: 5 
Debug[12:42:16]: signal in logmode 
Debug[12:42:16]: "INF(12:42:16.587):Connected to \\.\COM16" 
Debug[12:42:16]: log_breakpoint 
Debug[12:42:16]: 5 
Warning[12:42:16]: Could not parse stylesheet of widget 0x3382228
Debug[12:42:16]: "Resume:Logs" 
Debug[12:42:16]: "Resume:Settings" 
Debug[12:42:16]: "Resume:UartUartController" 
Debug[12:42:16]: "Resume:UartSpiController" 
Debug[12:42:16]: "Resume:UartSsiController" 
Debug[12:42:16]: "Resume:DSI3Master" 
Debug[12:42:16]: "Resume:ASICMaster" 
Debug[12:42:16]: "Resume:RDUMMaster" 
Debug[12:42:16]: "Resume:DSI3Slave" 
Debug[12:42:16]: "Resume:Measurement" 
Debug[12:42:16]: "Resume:CFARsim" 
Debug[13:29:32]: "Suspend:Settings" 
Debug[13:29:32]: "Suspend:UartUartController" 
Debug[13:29:32]: "Suspend:UartSpiController" 
Debug[13:29:32]: "Suspend:UartSsiController" 
Debug[13:29:32]: "Suspend:DSI3Master" 
Debug[13:29:32]: "Suspend:ASICMaster" 
Debug[13:29:32]: "Suspend:RDUMMaster" 
Debug[13:29:32]: "Suspend:DSI3Slave" 
Debug[13:29:32]: "Suspend:Measurement" 
Debug[13:29:32]: "Suspend:CFARsim" 
Debug[13:29:32]: signal in logmode 
Debug[13:29:32]: "INF(13:29:32.890):Disconnect by user" 
Debug[13:29:32]: log_breakpoint 
Debug[13:29:32]: 5 
Debug[13:29:33]: signal in logmode 
Debug[13:29:33]: "INF(13:29:33.031):Disconnect by user" 
Debug[13:29:33]: log_breakpoint 
Debug[13:29:33]: 5 
Warning[13:29:58]: QObject::connect: Cannot connect LocalServer::log(int,QString) to (null)::slot_addLog(int,QString)
Debug[13:29:58]: LocalServer:new "\\.\pipe\DSI3PASd" 
Debug[13:29:58]: Register specific 
Debug[13:29:59]: DynScaleCaclulate 
Debug[13:29:59]: "init 2 UartUartController" 
Debug[13:29:59]: Ok 
Debug[13:29:59]: "init 3 UartSpiController" 
Debug[13:29:59]: Ok 
Debug[13:29:59]: "init 4 UartSsiController" 
Debug[13:29:59]: Ok 
Debug[13:29:59]: "init 5 DSI3Master" 
Debug[13:29:59]: Ok 
Debug[13:29:59]: "init 6 ASICMaster" 
Debug[13:29:59]: Ok 
Debug[13:29:59]: "init 7 RDUMMaster" 
Debug[13:29:59]: Ok 
Debug[13:29:59]: "init 8 DSI3Slave" 
Debug[13:30:01]: Ok 
Debug[13:30:01]: "init 9 Measurement" 
Debug[13:30:02]: Ok 
Debug[13:30:02]: "init 10 CFARsim" 
Debug[13:30:02]: Ok 
Debug[13:30:02]: Using SERPORT
Debug[13:30:02]: MainApp Starting... 
Debug[13:30:04]: Add applets to MainWindow...
 
Debug[13:30:04]: Initialize Connection... 
Debug[13:30:05]: signal in logmode 
Debug[13:30:05]: "INF(13:30:05.260):Mode is OK" 
Debug[13:30:05]: log_breakpoint 
Debug[13:30:05]: 5 
Debug[13:30:05]: signal in logmode 
Debug[13:30:05]: "INF(13:30:05.262):Attempt" 
Debug[13:30:05]: log_breakpoint 
Debug[13:30:05]: 5 
Debug[13:30:05]: signal in logmode 
Debug[13:30:05]: "INF(13:30:05.583):Attempt" 
Debug[13:30:05]: log_breakpoint 
Debug[13:30:05]: 5 
Debug[13:30:05]: signal in logmode 
Debug[13:30:05]: "INF(13:30:05.895):Attempt" 
Debug[13:30:05]: log_breakpoint 
Debug[13:30:05]: 5 
Debug[13:30:06]: signal in logmode 
Debug[13:30:06]: "INF(13:30:06.207):Mode is OK" 
Debug[13:30:06]: log_breakpoint 
Debug[13:30:06]: 5 
Debug[13:30:06]: signal in logmode 
Debug[13:30:06]: "INF(13:30:06.212):Attempt" 
Debug[13:30:06]: log_breakpoint 
Debug[13:30:06]: 5 
Debug[13:30:06]: signal in logmode 
Debug[13:30:06]: "INF(13:30:06.532):Attempt" 
Debug[13:30:06]: log_breakpoint 
Debug[13:30:06]: 5 
Debug[13:30:06]: signal in logmode 
Debug[13:30:06]: "INF(13:30:06.843):Attempt" 
Debug[13:30:06]: log_breakpoint 
Debug[13:30:06]: 5 
Debug[13:30:07]: signal in logmode 
Debug[13:30:07]: "INF(13:30:07.157):Mode is OK" 
Debug[13:30:07]: log_breakpoint 
Debug[13:30:07]: 5 
Debug[13:30:07]: signal in logmode 
Debug[13:30:07]: "INF(13:30:07.160):Attempt" 
Debug[13:30:07]: log_breakpoint 
Debug[13:30:07]: 5 
Debug[13:30:07]: signal in logmode 
Debug[13:30:07]: "INF(13:30:07.315):Mode is OK" 
Debug[13:30:07]: log_breakpoint 
Debug[13:30:07]: 5 
Debug[13:30:07]: signal in logmode 
Debug[13:30:07]: "INF(13:30:07.318):Attempt" 
Debug[13:30:07]: log_breakpoint 
Debug[13:30:07]: 5 
Debug[13:30:07]: signal in logmode 
Debug[13:30:07]: "INF(13:30:07.623):Attempt" 
Debug[13:30:07]: log_breakpoint 
Debug[13:30:07]: 5 
Debug[13:30:07]: signal in logmode 
Debug[13:30:07]: "INF(13:30:07.936):Attempt" 
Debug[13:30:07]: log_breakpoint 
Debug[13:30:07]: 5 
Debug[13:30:08]: signal in logmode 
Debug[13:30:08]: "INF(13:30:08.247):Mode is OK" 
Debug[13:30:08]: log_breakpoint 
Debug[13:30:08]: 5 
Debug[13:30:08]: signal in logmode 
Debug[13:30:08]: "INF(13:30:08.249):Attempt" 
Debug[13:30:08]: log_breakpoint 
Debug[13:30:08]: 5 
Debug[13:30:08]: signal in logmode 
Debug[13:30:08]: "INF(13:30:08.556):Attempt" 
Debug[13:30:08]: log_breakpoint 
Debug[13:30:08]: 5 
Debug[13:30:08]: signal in logmode 
Debug[13:30:08]: "INF(13:30:08.867):Attempt" 
Debug[13:30:08]: log_breakpoint 
Debug[13:30:08]: 5 
Debug[13:30:09]: signal in logmode 
Debug[13:30:09]: "INF(13:30:09.178):Mode is OK" 
Debug[13:30:09]: log_breakpoint 
Debug[13:30:09]: 5 
Debug[13:30:09]: signal in logmode 
Debug[13:30:09]: "INF(13:30:09.182):Attempt" 
Debug[13:30:09]: log_breakpoint 
Debug[13:30:09]: 5 
Debug[13:30:09]: signal in logmode 
Debug[13:30:09]: "INF(13:30:09.488):Attempt" 
Debug[13:30:09]: log_breakpoint 
Debug[13:30:09]: 5 
Debug[13:30:09]: signal in logmode 
Debug[13:30:09]: "INF(13:30:09.802):Attempt" 
Debug[13:30:09]: log_breakpoint 
Debug[13:30:09]: 5 
Debug[13:30:14]: signal in logmode 
Debug[13:30:14]: "INF(13:30:14.555):Mode is OK" 
Debug[13:30:14]: log_breakpoint 
Debug[13:30:14]: 5 
Debug[13:30:14]: signal in logmode 
Debug[13:30:14]: "INF(13:30:14.558):Attempt" 
Debug[13:30:14]: log_breakpoint 
Debug[13:30:14]: 5 
Debug[13:30:14]: signal in logmode 
Debug[13:30:14]: "INF(13:30:14.862):Attempt" 
Debug[13:30:14]: log_breakpoint 
Debug[13:30:14]: 5 
Debug[13:30:15]: signal in logmode 
Debug[13:30:15]: "INF(13:30:15.172):Attempt" 
Debug[13:30:15]: log_breakpoint 
Debug[13:30:15]: 5 
Debug[13:30:15]: signal in logmode 
Debug[13:30:15]: "INF(13:30:15.487):Mode is OK" 
Debug[13:30:15]: log_breakpoint 
Debug[13:30:15]: 5 
Debug[13:30:15]: signal in logmode 
Debug[13:30:15]: "INF(13:30:15.491):Attempt" 
Debug[13:30:15]: log_breakpoint 
Debug[13:30:15]: 5 
Debug[13:30:15]: signal in logmode 
Debug[13:30:15]: "INF(13:30:15.800):Attempt" 
Debug[13:30:15]: log_breakpoint 
Debug[13:30:15]: 5 
Debug[13:30:16]: signal in logmode 
Debug[13:30:16]: "INF(13:30:16.111):Attempt" 
Debug[13:30:16]: log_breakpoint 
Debug[13:30:16]: 5 
Debug[13:30:16]: signal in logmode 
Debug[13:30:16]: "INF(13:30:16.427):Mode is OK" 
Debug[13:30:16]: log_breakpoint 
Debug[13:30:16]: 5 
Debug[13:30:16]: signal in logmode 
Debug[13:30:16]: "INF(13:30:16.430):Attempt" 
Debug[13:30:16]: log_breakpoint 
Debug[13:30:16]: 5 
Debug[13:30:16]: signal in logmode 
Debug[13:30:16]: "INF(13:30:16.440):RDUM master connected" 
Debug[13:30:16]: log_breakpoint 
Debug[13:30:16]: 5 
Debug[13:30:16]: signal in logmode 
Debug[13:30:16]: "INF(13:30:16.443):Connected to \\.\COM16" 
Debug[13:30:16]: log_breakpoint 
Debug[13:30:16]: 5 
Warning[13:30:16]: Could not parse stylesheet of widget 0x2ba1fa8
Debug[13:30:16]: "Resume:Logs" 
Debug[13:30:16]: "Resume:Settings" 
Debug[13:30:16]: "Resume:UartUartController" 
Debug[13:30:16]: "Resume:UartSpiController" 
Debug[13:30:16]: "Resume:UartSsiController" 
Debug[13:30:16]: "Resume:DSI3Master" 
Debug[13:30:16]: "Resume:ASICMaster" 
Debug[13:30:16]: "Resume:RDUMMaster" 
Debug[13:30:16]: "Resume:DSI3Slave" 
Debug[13:30:16]: "Resume:Measurement" 
Debug[13:30:16]: "Resume:CFARsim" 
Debug[14:59:03]: "Suspend:Settings" 
Debug[14:59:03]: "Suspend:UartUartController" 
Debug[14:59:03]: "Suspend:UartSpiController" 
Debug[14:59:03]: "Suspend:UartSsiController" 
Debug[14:59:03]: "Suspend:DSI3Master" 
Debug[14:59:03]: "Suspend:ASICMaster" 
Debug[14:59:03]: "Suspend:RDUMMaster" 
Debug[14:59:03]: "Suspend:DSI3Slave" 
Debug[14:59:03]: "Suspend:Measurement" 
Debug[14:59:03]: "Suspend:CFARsim" 
Debug[14:59:03]: signal in logmode 
Debug[14:59:03]: "INF(14:59:03.330):Disconnect by user" 
Debug[14:59:03]: log_breakpoint 
Debug[14:59:03]: 5 
Debug[14:59:03]: signal in logmode 
Debug[14:59:03]: "INF(14:59:03.352):Disconnect by user" 
Debug[14:59:03]: log_breakpoint 
Debug[14:59:03]: 5 
