Warning[09:14:58]: QObject::connect: Cannot connect LocalServer::log(int,QString) to (null)::slot_addLog(int,QString)
Debug[09:14:58]: LocalServer:new "\\.\pipe\DSI3PAS" 
Debug[09:14:58]: Register specific 
Debug[09:14:59]: DynScaleCaclulate 
Debug[09:14:59]: "init 2 UartUartController" 
Debug[09:14:59]: Ok 
Debug[09:14:59]: "init 3 UartSpiController" 
Debug[09:14:59]: Ok 
Debug[09:14:59]: "init 4 UartSsiController" 
Debug[09:14:59]: Ok 
Debug[09:14:59]: "init 5 DSI3Master" 
Debug[09:14:59]: Ok 
Debug[09:14:59]: "init 6 ASICMaster" 
Debug[09:14:59]: Ok 
Debug[09:14:59]: "init 7 RDUMMaster" 
Debug[09:14:59]: Ok 
Debug[09:14:59]: "init 8 DSI3Slave" 
Debug[09:15:00]: Ok 
Debug[09:15:00]: "init 9 Measurement" 
Debug[09:15:00]: Ok 
Debug[09:15:00]: "init 10 CFARsim" 
Debug[09:15:00]: Ok 
Debug[09:15:00]: MainApp Starting... 
Debug[09:15:01]: Add applets to MainWindow...
 
Debug[09:15:01]: Initialize Connection... 
Debug[09:15:02]: signal in logmode 
Debug[09:15:02]: "INF(09:15:02.053):Mode is OK" 
Debug[09:15:02]: log_breakpoint 
Debug[09:15:02]: 5 
Debug[09:15:02]: signal in logmode 
Debug[09:15:02]: "INF(09:15:02.059):Attempt" 
Debug[09:15:02]: log_breakpoint 
Debug[09:15:02]: 5 
Debug[09:15:02]: signal in logmode 
Debug[09:15:02]: "INF(09:15:02.374):Attempt" 
Debug[09:15:02]: log_breakpoint 
Debug[09:15:02]: 5 
Debug[09:15:02]: signal in logmode 
Debug[09:15:02]: "INF(09:15:02.688):Attempt" 
Debug[09:15:02]: log_breakpoint 
Debug[09:15:02]: 5 
Debug[09:15:02]: signal in logmode 
Debug[09:15:03]: "INF(09:15:02.999):Mode is OK" 
Debug[09:15:03]: log_breakpoint 
Debug[09:15:03]: 5 
Debug[09:15:03]: signal in logmode 
Debug[09:15:03]: "INF(09:15:03.001):Attempt" 
Debug[09:15:03]: log_breakpoint 
Debug[09:15:03]: 5 
Debug[09:15:03]: signal in logmode 
Debug[09:15:03]: "INF(09:15:03.313):Attempt" 
Debug[09:15:03]: log_breakpoint 
Debug[09:15:03]: 5 
Debug[09:15:03]: signal in logmode 
Debug[09:15:03]: "INF(09:15:03.625):Attempt" 
Debug[09:15:03]: log_breakpoint 
Debug[09:15:03]: 5 
Debug[09:15:03]: signal in logmode 
Debug[09:15:03]: "INF(09:15:03.939):Mode is OK" 
Debug[09:15:03]: log_breakpoint 
Debug[09:15:03]: 5 
Debug[09:15:03]: signal in logmode 
Debug[09:15:03]: "INF(09:15:03.942):Attempt" 
Debug[09:15:03]: log_breakpoint 
Debug[09:15:03]: 5 
Debug[09:15:04]: signal in logmode 
Debug[09:15:04]: "INF(09:15:04.099):Mode is OK" 
Debug[09:15:04]: log_breakpoint 
Debug[09:15:04]: 5 
Debug[09:15:04]: signal in logmode 
Debug[09:15:04]: "INF(09:15:04.103):Attempt" 
Debug[09:15:04]: log_breakpoint 
Debug[09:15:04]: 5 
Debug[09:15:04]: signal in logmode 
Debug[09:15:04]: "INF(09:15:04.408):Attempt" 
Debug[09:15:04]: log_breakpoint 
Debug[09:15:04]: 5 
Debug[09:15:04]: signal in logmode 
Debug[09:15:04]: "INF(09:15:04.722):Attempt" 
Debug[09:15:04]: log_breakpoint 
Debug[09:15:04]: 5 
Debug[09:15:05]: signal in logmode 
Debug[09:15:05]: "INF(09:15:05.032):Mode is OK" 
Debug[09:15:05]: log_breakpoint 
Debug[09:15:05]: 5 
Debug[09:15:05]: signal in logmode 
Debug[09:15:05]: "INF(09:15:05.036):Attempt" 
Debug[09:15:05]: log_breakpoint 
Debug[09:15:05]: 5 
Debug[09:15:05]: signal in logmode 
Debug[09:15:05]: "INF(09:15:05.345):Attempt" 
Debug[09:15:05]: log_breakpoint 
Debug[09:15:05]: 5 
Debug[09:15:05]: signal in logmode 
Debug[09:15:05]: "INF(09:15:05.657):Attempt" 
Debug[09:15:05]: log_breakpoint 
Debug[09:15:05]: 5 
Debug[09:15:05]: signal in logmode 
Debug[09:15:05]: "INF(09:15:05.970):Mode is OK" 
Debug[09:15:05]: log_breakpoint 
Debug[09:15:05]: 5 
Debug[09:15:05]: signal in logmode 
Debug[09:15:05]: "INF(09:15:05.972):Attempt" 
Debug[09:15:05]: log_breakpoint 
Debug[09:15:05]: 5 
Debug[09:15:06]: signal in logmode 
Debug[09:15:06]: "INF(09:15:06.279):Attempt" 
Debug[09:15:06]: log_breakpoint 
Debug[09:15:06]: 5 
Debug[09:15:06]: signal in logmode 
Debug[09:15:06]: "INF(09:15:06.590):Attempt" 
Debug[09:15:06]: log_breakpoint 
Debug[09:15:06]: 5 
Debug[09:15:06]: signal in logmode 
Debug[09:15:06]: "INF(09:15:06.901):Mode is OK" 
Debug[09:15:06]: log_breakpoint 
Debug[09:15:06]: 5 
Debug[09:15:06]: signal in logmode 
Debug[09:15:06]: "INF(09:15:06.902):Attempt" 
Debug[09:15:06]: log_breakpoint 
Debug[09:15:06]: 5 
Debug[09:15:07]: signal in logmode 
Debug[09:15:07]: "INF(09:15:07.212):Attempt" 
Debug[09:15:07]: log_breakpoint 
Debug[09:15:07]: 5 
Debug[09:15:07]: signal in logmode 
Debug[09:15:07]: "INF(09:15:07.526):Attempt" 
Debug[09:15:07]: log_breakpoint 
Debug[09:15:07]: 5 
Debug[09:15:10]: signal in logmode 
Debug[09:15:10]: "INF(09:15:10.994):Mode is OK" 
Debug[09:15:10]: log_breakpoint 
Debug[09:15:10]: 5 
Debug[09:15:10]: signal in logmode 
Debug[09:15:10]: "INF(09:15:10.996):Attempt" 
Debug[09:15:10]: log_breakpoint 
Debug[09:15:10]: 5 
Debug[09:15:11]: signal in logmode 
Debug[09:15:11]: "INF(09:15:11.306):Attempt" 
Debug[09:15:11]: log_breakpoint 
Debug[09:15:11]: 5 
Debug[09:15:11]: signal in logmode 
Debug[09:15:11]: "INF(09:15:11.618):Attempt" 
Debug[09:15:11]: log_breakpoint 
Debug[09:15:11]: 5 
Debug[09:15:11]: signal in logmode 
Debug[09:15:11]: "INF(09:15:11.929):Mode is OK" 
Debug[09:15:11]: log_breakpoint 
Debug[09:15:11]: 5 
Debug[09:15:11]: signal in logmode 
Debug[09:15:11]: "INF(09:15:11.932):Attempt" 
Debug[09:15:11]: log_breakpoint 
Debug[09:15:11]: 5 
Debug[09:15:12]: signal in logmode 
Debug[09:15:12]: "INF(09:15:12.240):Attempt" 
Debug[09:15:12]: log_breakpoint 
Debug[09:15:12]: 5 
Debug[09:15:12]: signal in logmode 
Debug[09:15:12]: "INF(09:15:12.551):Attempt" 
Debug[09:15:12]: log_breakpoint 
Debug[09:15:12]: 5 
Debug[09:15:12]: signal in logmode 
Debug[09:15:12]: "INF(09:15:12.860):Mode is OK" 
Debug[09:15:12]: log_breakpoint 
Debug[09:15:12]: 5 
Debug[09:15:12]: signal in logmode 
Debug[09:15:12]: "INF(09:15:12.863):Attempt" 
Debug[09:15:12]: log_breakpoint 
Debug[09:15:12]: 5 
Debug[09:15:12]: signal in logmode 
Debug[09:15:12]: "INF(09:15:12.892):RDUM master connected" 
Debug[09:15:12]: log_breakpoint 
Debug[09:15:12]: 5 
Debug[09:15:12]: signal in logmode 
Debug[09:15:12]: "INF(09:15:12.894):Connected to \\.\COM56" 
Debug[09:15:12]: log_breakpoint 
Debug[09:15:12]: 5 
Warning[09:15:12]: Could not parse stylesheet of widget 0x3667348
Debug[09:15:12]: "Resume:Logs" 
Debug[09:15:12]: "Resume:Settings" 
Debug[09:15:12]: "Resume:UartUartController" 
Debug[09:15:12]: "Resume:UartSpiController" 
Debug[09:15:12]: "Resume:UartSsiController" 
Debug[09:15:12]: "Resume:DSI3Master" 
Debug[09:15:12]: "Resume:ASICMaster" 
Debug[09:15:12]: "Resume:RDUMMaster" 
Debug[09:15:12]: "Resume:DSI3Slave" 
Debug[09:15:12]: "Resume:Measurement" 
Debug[09:15:12]: "Resume:CFARsim" 
Debug[10:02:54]: "Suspend:Settings" 
Debug[10:02:54]: "Suspend:UartUartController" 
Debug[10:02:54]: "Suspend:UartSpiController" 
Debug[10:02:54]: "Suspend:UartSsiController" 
Debug[10:02:54]: "Suspend:DSI3Master" 
Debug[10:02:54]: "Suspend:ASICMaster" 
Debug[10:02:54]: "Suspend:RDUMMaster" 
Debug[10:02:54]: "Suspend:DSI3Slave" 
Debug[10:02:54]: "Suspend:Measurement" 
Debug[10:02:54]: "Suspend:CFARsim" 
Debug[10:02:54]: signal in logmode 
Debug[10:02:54]: "INF(10:02:54.145):Disconnect by user" 
Debug[10:02:54]: log_breakpoint 
Debug[10:02:54]: 5 
Debug[10:02:54]: signal in logmode 
Debug[10:02:54]: "INF(10:02:54.163):Disconnect by user" 
Debug[10:02:54]: log_breakpoint 
Debug[10:02:54]: 5 
Warning[10:04:35]: QObject::connect: Cannot connect LocalServer::log(int,QString) to (null)::slot_addLog(int,QString)
Debug[10:04:35]: LocalServer:new "\\.\pipe\DSI3PAS" 
Debug[10:04:35]: Register specific 
Debug[10:04:35]: DynScaleCaclulate 
Debug[10:04:35]: "init 2 UartUartController" 
Debug[10:04:35]: Ok 
Debug[10:04:35]: "init 3 UartSpiController" 
Debug[10:04:35]: Ok 
Debug[10:04:35]: "init 4 UartSsiController" 
Debug[10:04:35]: Ok 
Debug[10:04:35]: "init 5 DSI3Master" 
Debug[10:04:35]: Ok 
Debug[10:04:35]: "init 6 ASICMaster" 
Debug[10:04:35]: Ok 
Debug[10:04:35]: "init 7 RDUMMaster" 
Debug[10:04:35]: Ok 
Debug[10:04:35]: "init 8 DSI3Slave" 
Debug[10:04:36]: Ok 
Debug[10:04:36]: "init 9 Measurement" 
Debug[10:04:37]: Ok 
Debug[10:04:37]: "init 10 CFARsim" 
Debug[10:04:37]: Ok 
Debug[10:04:37]: MainApp Starting... 
Debug[10:04:38]: Add applets to MainWindow...
 
Debug[10:04:38]: Initialize Connection... 
Debug[10:04:40]: signal in logmode 
Debug[10:04:40]: "INF(10:04:40.688):Disconnect by user" 
Debug[10:04:40]: log_breakpoint 
Debug[10:04:40]: 5 
Debug[10:04:40]: signal in logmode 
Debug[10:04:40]: "INF(10:04:40.714):Disconnect by user" 
Debug[10:04:40]: log_breakpoint 
Debug[10:04:40]: 5 
Warning[10:41:26]: QObject::connect: Cannot connect LocalServer::log(int,QString) to (null)::slot_addLog(int,QString)
Debug[10:41:26]: LocalServer:new "\\.\pipe\DSI3PAS" 
Debug[10:41:26]: Register specific 
Debug[10:41:26]: DynScaleCaclulate 
Debug[10:41:27]: "init 2 UartUartController" 
Debug[10:41:27]: Ok 
Debug[10:41:27]: "init 3 UartSpiController" 
Debug[10:41:27]: Ok 
Debug[10:41:27]: "init 4 UartSsiController" 
Debug[10:41:27]: Ok 
Debug[10:41:27]: "init 5 DSI3Master" 
Debug[10:41:27]: Ok 
Debug[10:41:27]: "init 6 ASICMaster" 
Debug[10:41:27]: Ok 
Debug[10:41:27]: "init 7 RDUMMaster" 
Debug[10:41:27]: Ok 
Debug[10:41:27]: "init 8 DSI3Slave" 
Debug[10:41:27]: Ok 
Debug[10:41:27]: "init 9 Measurement" 
Debug[10:41:28]: Ok 
Debug[10:41:28]: "init 10 CFARsim" 
Debug[10:41:28]: Ok 
Debug[10:41:28]: MainApp Starting... 
Debug[10:41:29]: Add applets to MainWindow...
 
Debug[10:41:29]: Initialize Connection... 
Debug[10:41:29]: signal in logmode 
Debug[10:41:29]: "INF(10:41:29.558):Mode is OK" 
Debug[10:41:29]: log_breakpoint 
Debug[10:41:29]: 5 
Debug[10:41:29]: signal in logmode 
Debug[10:41:29]: "INF(10:41:29.563):Attempt" 
Debug[10:41:29]: log_breakpoint 
Debug[10:41:29]: 5 
Debug[10:41:29]: signal in logmode 
Debug[10:41:29]: "INF(10:41:29.868):Attempt" 
Debug[10:41:29]: log_breakpoint 
Debug[10:41:29]: 5 
Debug[10:41:30]: signal in logmode 
Debug[10:41:30]: "INF(10:41:30.181):Attempt" 
Debug[10:41:30]: log_breakpoint 
Debug[10:41:30]: 5 
Debug[10:41:30]: signal in logmode 
Debug[10:41:30]: "INF(10:41:30.492):Mode is OK" 
Debug[10:41:30]: log_breakpoint 
Debug[10:41:30]: 5 
Debug[10:41:30]: signal in logmode 
Debug[10:41:30]: "INF(10:41:30.496):Attempt" 
Debug[10:41:30]: log_breakpoint 
Debug[10:41:30]: 5 
Debug[10:41:30]: signal in logmode 
Debug[10:41:30]: "INF(10:41:30.803):Attempt" 
Debug[10:41:30]: log_breakpoint 
Debug[10:41:30]: 5 
Debug[10:41:31]: signal in logmode 
Debug[10:41:31]: "INF(10:41:31.114):Attempt" 
Debug[10:41:31]: log_breakpoint 
Debug[10:41:31]: 5 
Debug[10:41:31]: signal in logmode 
Debug[10:41:31]: "INF(10:41:31.427):Mode is OK" 
Debug[10:41:31]: log_breakpoint 
Debug[10:41:31]: 5 
Debug[10:41:31]: signal in logmode 
Debug[10:41:31]: "INF(10:41:31.430):Attempt" 
Debug[10:41:31]: log_breakpoint 
Debug[10:41:31]: 5 
Debug[10:41:31]: signal in logmode 
Debug[10:41:31]: "INF(10:41:31.587):Mode is OK" 
Debug[10:41:31]: log_breakpoint 
Debug[10:41:31]: 5 
Debug[10:41:31]: signal in logmode 
Debug[10:41:31]: "INF(10:41:31.589):Attempt" 
Debug[10:41:31]: log_breakpoint 
Debug[10:41:31]: 5 
Debug[10:41:31]: signal in logmode 
Debug[10:41:31]: "INF(10:41:31.893):Attempt" 
Debug[10:41:31]: log_breakpoint 
Debug[10:41:31]: 5 
Debug[10:41:32]: signal in logmode 
Debug[10:41:32]: "INF(10:41:32.207):Attempt" 
Debug[10:41:32]: log_breakpoint 
Debug[10:41:32]: 5 
Debug[10:41:32]: signal in logmode 
Debug[10:41:32]: "INF(10:41:32.518):Mode is OK" 
Debug[10:41:32]: log_breakpoint 
Debug[10:41:32]: 5 
Debug[10:41:32]: signal in logmode 
Debug[10:41:32]: "INF(10:41:32.520):Attempt" 
Debug[10:41:32]: log_breakpoint 
Debug[10:41:32]: 5 
Debug[10:41:32]: signal in logmode 
Debug[10:41:32]: "INF(10:41:32.829):Attempt" 
Debug[10:41:32]: log_breakpoint 
Debug[10:41:32]: 5 
Debug[10:41:33]: signal in logmode 
Debug[10:41:33]: "INF(10:41:33.142):Attempt" 
Debug[10:41:33]: log_breakpoint 
Debug[10:41:33]: 5 
Debug[10:41:33]: signal in logmode 
Debug[10:41:33]: "INF(10:41:33.455):Mode is OK" 
Debug[10:41:33]: log_breakpoint 
Debug[10:41:33]: 5 
Debug[10:41:33]: signal in logmode 
Debug[10:41:33]: "INF(10:41:33.462):Attempt" 
Debug[10:41:33]: log_breakpoint 
Debug[10:41:33]: 5 
Debug[10:41:33]: signal in logmode 
Debug[10:41:33]: "INF(10:41:33.782):Attempt" 
Debug[10:41:33]: log_breakpoint 
Debug[10:41:33]: 5 
Debug[10:41:34]: signal in logmode 
Debug[10:41:34]: "INF(10:41:34.092):Attempt" 
Debug[10:41:34]: log_breakpoint 
Debug[10:41:34]: 5 
Debug[10:41:34]: signal in logmode 
Debug[10:41:34]: "INF(10:41:34.406):Mode is OK" 
Debug[10:41:34]: log_breakpoint 
Debug[10:41:34]: 5 
Debug[10:41:34]: signal in logmode 
Debug[10:41:34]: "INF(10:41:34.410):Attempt" 
Debug[10:41:34]: log_breakpoint 
Debug[10:41:34]: 5 
Debug[10:41:34]: signal in logmode 
Debug[10:41:34]: "INF(10:41:34.720):Attempt" 
Debug[10:41:34]: log_breakpoint 
Debug[10:41:34]: 5 
Debug[10:41:35]: signal in logmode 
Debug[10:41:35]: "INF(10:41:35.029):Attempt" 
Debug[10:41:35]: log_breakpoint 
Debug[10:41:35]: 5 
Debug[10:41:38]: signal in logmode 
Debug[10:41:38]: "INF(10:41:38.753):Mode is OK" 
Debug[10:41:38]: log_breakpoint 
Debug[10:41:38]: 5 
Debug[10:41:38]: signal in logmode 
Debug[10:41:38]: "INF(10:41:38.754):Attempt" 
Debug[10:41:38]: log_breakpoint 
Debug[10:41:38]: 5 
Debug[10:41:39]: signal in logmode 
Debug[10:41:39]: "INF(10:41:39.068):Attempt" 
Debug[10:41:39]: log_breakpoint 
Debug[10:41:39]: 5 
Debug[10:41:39]: signal in logmode 
Debug[10:41:39]: "INF(10:41:39.380):Attempt" 
Debug[10:41:39]: log_breakpoint 
Debug[10:41:39]: 5 
Debug[10:41:39]: signal in logmode 
Debug[10:41:39]: "INF(10:41:39.691):Mode is OK" 
Debug[10:41:39]: log_breakpoint 
Debug[10:41:39]: 5 
Debug[10:41:39]: signal in logmode 
Debug[10:41:39]: "INF(10:41:39.694):Attempt" 
Debug[10:41:39]: log_breakpoint 
Debug[10:41:39]: 5 
Debug[10:41:40]: signal in logmode 
Debug[10:41:40]: "INF(10:41:40.002):Attempt" 
Debug[10:41:40]: log_breakpoint 
Debug[10:41:40]: 5 
Debug[10:41:40]: signal in logmode 
Debug[10:41:40]: "INF(10:41:40.312):Attempt" 
Debug[10:41:40]: log_breakpoint 
Debug[10:41:40]: 5 
Debug[10:41:40]: signal in logmode 
Debug[10:41:40]: "INF(10:41:40.624):Mode is OK" 
Debug[10:41:40]: log_breakpoint 
Debug[10:41:40]: 5 
Debug[10:41:40]: signal in logmode 
Debug[10:41:40]: "INF(10:41:40.625):Attempt" 
Debug[10:41:40]: log_breakpoint 
Debug[10:41:40]: 5 
Debug[10:41:40]: signal in logmode 
Debug[10:41:40]: "INF(10:41:40.637):RDUM master connected" 
Debug[10:41:40]: log_breakpoint 
Debug[10:41:40]: 5 
Debug[10:41:40]: signal in logmode 
Debug[10:41:40]: "INF(10:41:40.640):Connected to \\.\COM56" 
Debug[10:41:40]: log_breakpoint 
Debug[10:41:40]: 5 
Warning[10:41:40]: Could not parse stylesheet of widget 0x3587ad0
Debug[10:41:40]: "Resume:Logs" 
Debug[10:41:40]: "Resume:Settings" 
Debug[10:41:40]: "Resume:UartUartController" 
Debug[10:41:40]: "Resume:UartSpiController" 
Debug[10:41:40]: "Resume:UartSsiController" 
Debug[10:41:40]: "Resume:DSI3Master" 
Debug[10:41:40]: "Resume:ASICMaster" 
Debug[10:41:40]: "Resume:RDUMMaster" 
Debug[10:41:40]: "Resume:DSI3Slave" 
Debug[10:41:40]: "Resume:Measurement" 
Debug[10:41:40]: "Resume:CFARsim" 
Warning[13:11:20]: QObject::connect: Cannot connect LocalServer::log(int,QString) to (null)::slot_addLog(int,QString)
Debug[13:11:26]: LocalServer:new "" 
Debug[13:11:28]: "Suspend:Settings" 
Debug[13:11:28]: "Suspend:UartUartController" 
Debug[13:11:28]: "Suspend:UartSpiController" 
Debug[13:11:28]: "Suspend:UartSsiController" 
Debug[13:11:28]: "Suspend:DSI3Master" 
Debug[13:11:28]: "Suspend:ASICMaster" 
Debug[13:11:28]: "Suspend:RDUMMaster" 
Debug[13:11:28]: "Suspend:DSI3Slave" 
Debug[13:11:28]: "Suspend:Measurement" 
Debug[13:11:28]: "Suspend:CFARsim" 
Debug[13:11:28]: signal in logmode 
Debug[13:11:28]: "INF(13:11:28.894):Disconnect by user" 
Debug[13:11:28]: log_breakpoint 
Debug[13:11:28]: 5 
Debug[13:11:28]: signal in logmode 
Debug[13:11:28]: "INF(13:11:28.926):Disconnect by user" 
Debug[13:11:28]: log_breakpoint 
Debug[13:11:28]: 5 
Warning[13:11:31]: QObject::connect: Cannot connect LocalServer::log(int,QString) to (null)::slot_addLog(int,QString)
Debug[13:11:31]: LocalServer:new "\\.\pipe\DSI3PAS" 
Debug[13:11:31]: Register specific 
Debug[13:11:32]: DynScaleCaclulate 
Debug[13:11:32]: "init 2 UartUartController" 
Debug[13:11:32]: Ok 
Debug[13:11:32]: "init 3 UartSpiController" 
Debug[13:11:32]: Ok 
Debug[13:11:32]: "init 4 UartSsiController" 
Debug[13:11:32]: Ok 
Debug[13:11:32]: "init 5 DSI3Master" 
Debug[13:11:32]: Ok 
Debug[13:11:32]: "init 6 ASICMaster" 
Debug[13:11:32]: Ok 
Debug[13:11:32]: "init 7 RDUMMaster" 
Debug[13:11:32]: Ok 
Debug[13:11:32]: "init 8 DSI3Slave" 
Debug[13:11:33]: Ok 
Debug[13:11:33]: "init 9 Measurement" 
Debug[13:11:34]: Ok 
Debug[13:11:34]: "init 10 CFARsim" 
Debug[13:11:34]: Ok 
Debug[13:11:34]: MainApp Starting... 
Debug[13:11:34]: Add applets to MainWindow...
 
Debug[13:11:34]: Initialize Connection... 
Debug[13:11:35]: signal in logmode 
Debug[13:11:35]: "INF(13:11:35.223):Mode is OK" 
Debug[13:11:35]: log_breakpoint 
Debug[13:11:35]: 5 
Debug[13:11:35]: signal in logmode 
Debug[13:11:35]: "INF(13:11:35.225):Attempt" 
Debug[13:11:35]: log_breakpoint 
Debug[13:11:35]: 5 
Debug[13:11:35]: signal in logmode 
Debug[13:11:35]: "INF(13:11:35.531):Attempt" 
Debug[13:11:35]: log_breakpoint 
Debug[13:11:35]: 5 
Debug[13:11:35]: signal in logmode 
Debug[13:11:35]: "INF(13:11:35.843):Attempt" 
Debug[13:11:35]: log_breakpoint 
Debug[13:11:35]: 5 
Debug[13:11:36]: signal in logmode 
Debug[13:11:36]: "INF(13:11:36.154):Mode is OK" 
Debug[13:11:36]: log_breakpoint 
Debug[13:11:36]: 5 
Debug[13:11:36]: signal in logmode 
Debug[13:11:36]: "INF(13:11:36.158):Attempt" 
Debug[13:11:36]: log_breakpoint 
Debug[13:11:36]: 5 
Debug[13:11:36]: signal in logmode 
Debug[13:11:36]: "INF(13:11:36.466):Attempt" 
Debug[13:11:36]: log_breakpoint 
Debug[13:11:36]: 5 
Debug[13:11:36]: signal in logmode 
Debug[13:11:36]: "INF(13:11:36.779):Attempt" 
Debug[13:11:36]: log_breakpoint 
Debug[13:11:36]: 5 
Debug[13:11:37]: signal in logmode 
Debug[13:11:37]: "INF(13:11:37.087):Mode is OK" 
Debug[13:11:37]: log_breakpoint 
Debug[13:11:37]: 5 
Debug[13:11:37]: signal in logmode 
Debug[13:11:37]: "INF(13:11:37.092):Attempt" 
Debug[13:11:37]: log_breakpoint 
Debug[13:11:37]: 5 
Debug[13:11:37]: signal in logmode 
Debug[13:11:37]: "INF(13:11:37.251):Mode is OK" 
Debug[13:11:37]: log_breakpoint 
Debug[13:11:37]: 5 
Debug[13:11:37]: signal in logmode 
Debug[13:11:37]: "INF(13:11:37.255):Attempt" 
Debug[13:11:37]: log_breakpoint 
Debug[13:11:37]: 5 
Debug[13:11:37]: signal in logmode 
Debug[13:11:37]: "INF(13:11:37.572):Attempt" 
Debug[13:11:37]: log_breakpoint 
Debug[13:11:37]: 5 
Debug[13:11:37]: signal in logmode 
Debug[13:11:37]: "INF(13:11:37.881):Attempt" 
Debug[13:11:37]: log_breakpoint 
Debug[13:11:37]: 5 
Debug[13:11:38]: signal in logmode 
Debug[13:11:38]: "INF(13:11:38.193):Mode is OK" 
Debug[13:11:38]: log_breakpoint 
Debug[13:11:38]: 5 
Debug[13:11:38]: signal in logmode 
Debug[13:11:38]: "INF(13:11:38.198):Attempt" 
Debug[13:11:38]: log_breakpoint 
Debug[13:11:38]: 5 
Debug[13:11:38]: signal in logmode 
Debug[13:11:38]: "INF(13:11:38.504):Attempt" 
Debug[13:11:38]: log_breakpoint 
Debug[13:11:38]: 5 
Debug[13:11:38]: signal in logmode 
Debug[13:11:38]: "INF(13:11:38.818):Attempt" 
Debug[13:11:38]: log_breakpoint 
Debug[13:11:38]: 5 
Debug[13:11:39]: signal in logmode 
Debug[13:11:39]: "INF(13:11:39.129):Mode is OK" 
Debug[13:11:39]: log_breakpoint 
Debug[13:11:39]: 5 
Debug[13:11:39]: signal in logmode 
Debug[13:11:39]: "INF(13:11:39.133):Attempt" 
Debug[13:11:39]: log_breakpoint 
Debug[13:11:39]: 5 
Debug[13:11:39]: signal in logmode 
Debug[13:11:39]: "INF(13:11:39.441):Attempt" 
Debug[13:11:39]: log_breakpoint 
Debug[13:11:39]: 5 
Debug[13:11:39]: signal in logmode 
Debug[13:11:39]: "INF(13:11:39.756):Attempt" 
Debug[13:11:39]: log_breakpoint 
Debug[13:11:39]: 5 
Debug[13:11:40]: signal in logmode 
Debug[13:11:40]: "INF(13:11:40.067):Mode is OK" 
Debug[13:11:40]: log_breakpoint 
Debug[13:11:40]: 5 
Debug[13:11:40]: signal in logmode 
Debug[13:11:40]: "INF(13:11:40.072):Attempt" 
Debug[13:11:40]: log_breakpoint 
Debug[13:11:40]: 5 
Debug[13:11:40]: signal in logmode 
Debug[13:11:40]: "INF(13:11:40.377):Attempt" 
Debug[13:11:40]: log_breakpoint 
Debug[13:11:40]: 5 
Debug[13:11:40]: signal in logmode 
Debug[13:11:40]: "INF(13:11:40.686):Attempt" 
Debug[13:11:40]: log_breakpoint 
Debug[13:11:40]: 5 
Debug[13:11:43]: signal in logmode 
Debug[13:11:43]: "INF(13:11:43.700):Mode is OK" 
Debug[13:11:43]: log_breakpoint 
Debug[13:11:43]: 5 
Debug[13:11:43]: signal in logmode 
Debug[13:11:43]: "INF(13:11:43.703):Attempt" 
Debug[13:11:43]: log_breakpoint 
Debug[13:11:43]: 5 
Debug[13:11:44]: signal in logmode 
Debug[13:11:44]: "INF(13:11:44.012):Attempt" 
Debug[13:11:44]: log_breakpoint 
Debug[13:11:44]: 5 
Debug[13:11:44]: signal in logmode 
Debug[13:11:44]: "INF(13:11:44.323):Attempt" 
Debug[13:11:44]: log_breakpoint 
Debug[13:11:44]: 5 
Debug[13:11:44]: signal in logmode 
Debug[13:11:44]: "INF(13:11:44.635):Mode is OK" 
Debug[13:11:44]: log_breakpoint 
Debug[13:11:44]: 5 
Debug[13:11:44]: signal in logmode 
Debug[13:11:44]: "INF(13:11:44.639):Attempt" 
Debug[13:11:44]: log_breakpoint 
Debug[13:11:44]: 5 
Debug[13:11:44]: signal in logmode 
Debug[13:11:44]: "INF(13:11:44.948):Attempt" 
Debug[13:11:44]: log_breakpoint 
Debug[13:11:44]: 5 
Debug[13:11:45]: signal in logmode 
Debug[13:11:45]: "INF(13:11:45.259):Attempt" 
Debug[13:11:45]: log_breakpoint 
Debug[13:11:45]: 5 
Debug[13:11:45]: signal in logmode 
Debug[13:11:45]: "INF(13:11:45.571):Mode is OK" 
Debug[13:11:45]: log_breakpoint 
Debug[13:11:45]: 5 
Debug[13:11:45]: signal in logmode 
Debug[13:11:45]: "INF(13:11:45.575):Attempt" 
Debug[13:11:45]: log_breakpoint 
Debug[13:11:45]: 5 
Debug[13:11:45]: signal in logmode 
Debug[13:11:45]: "INF(13:11:45.583):RDUM master connected" 
Debug[13:11:45]: log_breakpoint 
Debug[13:11:45]: 5 
Debug[13:11:45]: signal in logmode 
Debug[13:11:45]: "INF(13:11:45.585):Connected to \\.\COM56" 
Debug[13:11:45]: log_breakpoint 
Debug[13:11:45]: 5 
Warning[13:11:45]: Could not parse stylesheet of widget 0x33d7fb8
Debug[13:11:45]: "Resume:Logs" 
Debug[13:11:45]: "Resume:Settings" 
Debug[13:11:45]: "Resume:UartUartController" 
Debug[13:11:45]: "Resume:UartSpiController" 
Debug[13:11:45]: "Resume:UartSsiController" 
Debug[13:11:45]: "Resume:DSI3Master" 
Debug[13:11:45]: "Resume:ASICMaster" 
Debug[13:11:45]: "Resume:RDUMMaster" 
Debug[13:11:45]: "Resume:DSI3Slave" 
Debug[13:11:45]: "Resume:Measurement" 
Debug[13:11:45]: "Resume:CFARsim" 
Debug[13:47:26]: signal in logmode 
Debug[13:47:26]: "RX_ERR(+2140s):RX Data without end char" 
Debug[13:47:26]: log_breakpoint 
Debug[13:47:26]: 5 
Debug[13:47:26]: signal in logmode 
Debug[13:47:26]: "UART-UART RX(+2ms):No end char:010600000000000000000000000000000000000000000000000000000000000000000000000000000000ed00000000000000000000000000000000000000000000000000000000000000000000000000000000ed00000000000000000000000000000000000000000000000000000000000000000000000000000000ed" 
Debug[13:47:26]: log_breakpoint 
Debug[13:47:26]: 5 
Debug[13:47:26]: signal in logmode 
Debug[13:47:26]: "RX_ERR(+908ms):RX Data without end char" 
Debug[13:47:26]: log_breakpoint 
Debug[13:47:26]: 5 
Debug[13:47:26]: signal in logmode 
Debug[13:47:26]: "UART-UART RX(+2ms):No end char:" 
Debug[13:47:26]: log_breakpoint 
Debug[13:47:26]: 5 
Debug[13:47:27]: signal in logmode 
Debug[13:47:27]: "RX_ERR(+1s):RX Data without end char" 
Debug[13:47:27]: log_breakpoint 
Debug[13:47:27]: 5 
Debug[13:47:27]: signal in logmode 
Debug[13:47:27]: "UART-UART RX(+1ms):No end char:" 
Debug[13:47:27]: log_breakpoint 
Debug[13:47:27]: 5 
Debug[13:47:28]: signal in logmode 
Debug[13:47:28]: "RX_ERR(+861ms):RX Data without end char" 
Debug[13:47:28]: log_breakpoint 
Debug[13:47:28]: 5 
Debug[13:47:28]: signal in logmode 
Debug[13:47:28]: "UART-UART RX(+0ms):No end char:" 
Debug[13:47:28]: log_breakpoint 
Debug[13:47:28]: 5 
Debug[13:47:29]: signal in logmode 
Debug[13:47:29]: "RX_ERR(+895ms):RX Data without end char" 
Debug[13:47:29]: log_breakpoint 
Debug[13:47:29]: 5 
Debug[13:47:29]: signal in logmode 
Debug[13:47:29]: "UART-UART RX(+1ms):No end char:" 
Debug[13:47:29]: log_breakpoint 
Debug[13:47:29]: 5 
Debug[13:47:30]: signal in logmode 
Debug[13:47:30]: "RX_ERR(+878ms):RX Data without end char" 
Debug[13:47:30]: log_breakpoint 
Debug[13:47:30]: 5 
Debug[13:47:30]: signal in logmode 
Debug[13:47:30]: "UART-UART RX(+1ms):No end char:" 
Debug[13:47:30]: log_breakpoint 
Debug[13:47:30]: 5 
Debug[13:47:31]: signal in logmode 
Debug[13:47:31]: "RX_ERR(+865ms):RX Data without end char" 
Debug[13:47:31]: log_breakpoint 
Debug[13:47:31]: 5 
Debug[13:47:31]: signal in logmode 
Debug[13:47:31]: "UART-UART RX(+1ms):No end char:" 
Debug[13:47:31]: log_breakpoint 
Debug[13:47:31]: 5 
Debug[13:47:32]: signal in logmode 
Debug[13:47:32]: "RX_ERR(+933ms):RX Data without end char" 
Debug[13:47:32]: log_breakpoint 
Debug[13:47:32]: 5 
Debug[13:47:32]: signal in logmode 
Debug[13:47:32]: "UART-UART RX(+1ms):No end char:" 
Debug[13:47:32]: log_breakpoint 
Debug[13:47:32]: 5 
Debug[13:47:33]: signal in logmode 
Debug[13:47:33]: "RX_ERR(+881ms):RX Data without end char" 
Debug[13:47:33]: log_breakpoint 
Debug[13:47:33]: 5 
Debug[13:47:33]: signal in logmode 
Debug[13:47:33]: "UART-UART RX(+0ms):No end char:" 
Debug[13:47:33]: log_breakpoint 
Debug[13:47:33]: 5 
Debug[13:47:34]: signal in logmode 
Debug[13:47:34]: "RX_ERR(+832ms):RX Data without end char" 
Debug[13:47:34]: log_breakpoint 
Debug[13:47:34]: 5 
Debug[13:47:34]: signal in logmode 
Debug[13:47:34]: "UART-UART RX(+1ms):No end char:" 
Debug[13:47:34]: log_breakpoint 
Debug[13:47:34]: 5 
Debug[13:47:35]: signal in logmode 
Debug[13:47:35]: "RX_ERR(+907ms):RX Data without end char" 
Debug[13:47:35]: log_breakpoint 
Debug[13:47:35]: 5 
Debug[13:47:35]: signal in logmode 
Debug[13:47:35]: "UART-UART RX(+1ms):No end char:" 
Debug[13:47:35]: log_breakpoint 
Debug[13:47:35]: 5 
Debug[13:47:36]: signal in logmode 
Debug[13:47:36]: "RX_ERR(+916ms):RX Data without end char" 
Debug[13:47:36]: log_breakpoint 
Debug[13:47:36]: 5 
Debug[13:47:36]: signal in logmode 
Debug[13:47:36]: "UART-UART RX(+1ms):No end char:" 
Debug[13:47:36]: log_breakpoint 
Debug[13:47:36]: 5 
Debug[13:47:36]: signal in logmode 
Debug[13:47:36]: "RX_ERR(+896ms):RX Data without end char" 
Debug[13:47:36]: log_breakpoint 
Debug[13:47:36]: 5 
Debug[13:47:36]: signal in logmode 
Debug[13:47:36]: "UART-UART RX(+1ms):No end char:" 
Debug[13:47:36]: log_breakpoint 
Debug[13:47:36]: 5 
Debug[13:47:36]: "Suspend:Settings" 
Debug[13:47:36]: "Suspend:UartUartController" 
Debug[13:47:36]: "Suspend:UartSpiController" 
Debug[13:47:36]: "Suspend:UartSsiController" 
Debug[13:47:36]: "Suspend:DSI3Master" 
Debug[13:47:36]: "Suspend:ASICMaster" 
Debug[13:47:36]: "Suspend:RDUMMaster" 
Debug[13:47:36]: "Suspend:DSI3Slave" 
Debug[13:47:36]: "Suspend:Measurement" 
Debug[13:47:36]: "Suspend:CFARsim" 
Debug[13:47:36]: signal in logmode 
Debug[13:47:36]: "INF(13:47:36.991):Disconnect by user" 
Debug[13:47:36]: log_breakpoint 
Debug[13:47:36]: 5 
Debug[13:47:37]: signal in logmode 
Debug[13:47:37]: "INF(13:47:37.021):Disconnect by user" 
Debug[13:47:37]: log_breakpoint 
Debug[13:47:37]: 5 
Warning[14:14:19]: QObject::connect: Cannot connect LocalServer::log(int,QString) to (null)::slot_addLog(int,QString)
Debug[14:14:19]: LocalServer:new "\\.\pipe\DSI3PAS" 
Debug[14:14:19]: Register specific 
Debug[14:14:19]: DynScaleCaclulate 
Debug[14:14:19]: "init 2 UartUartController" 
Debug[14:14:19]: Ok 
Debug[14:14:19]: "init 3 UartSpiController" 
Debug[14:14:19]: Ok 
Debug[14:14:19]: "init 4 UartSsiController" 
Debug[14:14:20]: Ok 
Debug[14:14:20]: "init 5 DSI3Master" 
Debug[14:14:20]: Ok 
Debug[14:14:20]: "init 6 ASICMaster" 
Debug[14:14:20]: Ok 
Debug[14:14:20]: "init 7 RDUMMaster" 
Debug[14:14:20]: Ok 
Debug[14:14:20]: "init 8 DSI3Slave" 
Debug[14:14:20]: Ok 
Debug[14:14:20]: "init 9 Measurement" 
Debug[14:14:21]: Ok 
Debug[14:14:21]: "init 10 CFARsim" 
Debug[14:14:21]: Ok 
Debug[14:14:21]: MainApp Starting... 
Debug[14:14:23]: Add applets to MainWindow...
 
Debug[14:14:23]: Initialize Connection... 
Debug[14:14:29]: Initialize Connection... 
Debug[14:14:29]: signal in logmode 
Debug[14:14:29]: "INF(14:14:29.517):Mode is OK" 
Debug[14:14:29]: log_breakpoint 
Debug[14:14:29]: 5 
Debug[14:14:29]: signal in logmode 
Debug[14:14:29]: "INF(14:14:29.522):Attempt" 
Debug[14:14:29]: log_breakpoint 
Debug[14:14:29]: 5 
Debug[14:14:29]: signal in logmode 
Debug[14:14:29]: "INF(14:14:29.842):Attempt" 
Debug[14:14:29]: log_breakpoint 
Debug[14:14:29]: 5 
Debug[14:14:30]: signal in logmode 
Debug[14:14:30]: "INF(14:14:30.153):Attempt" 
Debug[14:14:30]: log_breakpoint 
Debug[14:14:30]: 5 
Debug[14:14:30]: signal in logmode 
Debug[14:14:30]: "INF(14:14:30.464):Mode is OK" 
Debug[14:14:30]: log_breakpoint 
Debug[14:14:30]: 5 
Debug[14:14:30]: signal in logmode 
Debug[14:14:30]: "INF(14:14:30.468):Attempt" 
Debug[14:14:30]: log_breakpoint 
Debug[14:14:30]: 5 
Debug[14:14:30]: signal in logmode 
Debug[14:14:30]: "INF(14:14:30.776):Attempt" 
Debug[14:14:30]: log_breakpoint 
Debug[14:14:30]: 5 
Debug[14:14:31]: signal in logmode 
Debug[14:14:31]: "INF(14:14:31.089):Attempt" 
Debug[14:14:31]: log_breakpoint 
Debug[14:14:31]: 5 
Debug[14:14:31]: signal in logmode 
Debug[14:14:31]: "INF(14:14:31.402):Mode is OK" 
Debug[14:14:31]: log_breakpoint 
Debug[14:14:31]: 5 
Debug[14:14:31]: signal in logmode 
Debug[14:14:31]: "INF(14:14:31.406):Attempt" 
Debug[14:14:31]: log_breakpoint 
Debug[14:14:31]: 5 
Debug[14:14:31]: signal in logmode 
Debug[14:14:31]: "INF(14:14:31.562):Mode is OK" 
Debug[14:14:31]: log_breakpoint 
Debug[14:14:31]: 5 
Debug[14:14:31]: signal in logmode 
Debug[14:14:31]: "INF(14:14:31.565):Attempt" 
Debug[14:14:31]: log_breakpoint 
Debug[14:14:31]: 5 
Debug[14:14:31]: signal in logmode 
Debug[14:14:31]: "INF(14:14:31.884):Attempt" 
Debug[14:14:31]: log_breakpoint 
Debug[14:14:31]: 5 
Debug[14:14:32]: signal in logmode 
Debug[14:14:32]: "INF(14:14:32.198):Attempt" 
Debug[14:14:32]: log_breakpoint 
Debug[14:14:32]: 5 
Debug[14:14:32]: signal in logmode 
Debug[14:14:32]: "INF(14:14:32.510):Mode is OK" 
Debug[14:14:32]: log_breakpoint 
Debug[14:14:32]: 5 
Debug[14:14:32]: signal in logmode 
Debug[14:14:32]: "INF(14:14:32.513):Attempt" 
Debug[14:14:32]: log_breakpoint 
Debug[14:14:32]: 5 
Debug[14:14:32]: signal in logmode 
Debug[14:14:32]: "INF(14:14:32.828):Attempt" 
Debug[14:14:32]: log_breakpoint 
Debug[14:14:32]: 5 
Debug[14:14:33]: signal in logmode 
Debug[14:14:33]: "INF(14:14:33.144):Attempt" 
Debug[14:14:33]: log_breakpoint 
Debug[14:14:33]: 5 
Debug[14:14:33]: signal in logmode 
Debug[14:14:33]: "INF(14:14:33.460):Mode is OK" 
Debug[14:14:33]: log_breakpoint 
Debug[14:14:33]: 5 
Debug[14:14:33]: signal in logmode 
Debug[14:14:33]: "INF(14:14:33.463):Attempt" 
Debug[14:14:33]: log_breakpoint 
Debug[14:14:33]: 5 
Debug[14:14:33]: signal in logmode 
Debug[14:14:33]: "INF(14:14:33.776):Attempt" 
Debug[14:14:33]: log_breakpoint 
Debug[14:14:33]: 5 
Debug[14:14:34]: signal in logmode 
Debug[14:14:34]: "INF(14:14:34.092):Attempt" 
Debug[14:14:34]: log_breakpoint 
Debug[14:14:34]: 5 
Debug[14:14:34]: signal in logmode 
Debug[14:14:34]: "INF(14:14:34.406):Mode is OK" 
Debug[14:14:34]: log_breakpoint 
Debug[14:14:34]: 5 
Debug[14:14:34]: signal in logmode 
Debug[14:14:34]: "INF(14:14:34.409):Attempt" 
Debug[14:14:34]: log_breakpoint 
Debug[14:14:34]: 5 
Debug[14:14:34]: signal in logmode 
Debug[14:14:34]: "INF(14:14:34.717):Attempt" 
Debug[14:14:34]: log_breakpoint 
Debug[14:14:34]: 5 
Debug[14:14:35]: signal in logmode 
Debug[14:14:35]: "INF(14:14:35.034):Attempt" 
Debug[14:14:35]: log_breakpoint 
Debug[14:14:35]: 5 
Debug[14:14:35]: signal in logmode 
Debug[14:14:35]: "INF(14:14:35.939):Mode is OK" 
Debug[14:14:35]: log_breakpoint 
Debug[14:14:35]: 5 
Debug[14:14:35]: signal in logmode 
Debug[14:14:35]: "INF(14:14:35.942):Attempt" 
Debug[14:14:35]: log_breakpoint 
Debug[14:14:35]: 5 
Debug[14:14:36]: signal in logmode 
Debug[14:14:36]: "INF(14:14:36.259):Attempt" 
Debug[14:14:36]: log_breakpoint 
Debug[14:14:36]: 5 
Debug[14:14:36]: signal in logmode 
Debug[14:14:36]: "INF(14:14:36.573):Attempt" 
Debug[14:14:36]: log_breakpoint 
Debug[14:14:36]: 5 
Debug[14:14:36]: signal in logmode 
Debug[14:14:36]: "INF(14:14:36.886):Mode is OK" 
Debug[14:14:36]: log_breakpoint 
Debug[14:14:36]: 5 
Debug[14:14:36]: signal in logmode 
Debug[14:14:36]: "INF(14:14:36.889):Attempt" 
Debug[14:14:36]: log_breakpoint 
Debug[14:14:36]: 5 
Debug[14:14:37]: signal in logmode 
Debug[14:14:37]: "INF(14:14:37.197):Attempt" 
Debug[14:14:37]: log_breakpoint 
Debug[14:14:37]: 5 
Debug[14:14:37]: signal in logmode 
Debug[14:14:37]: "INF(14:14:37.510):Attempt" 
Debug[14:14:37]: log_breakpoint 
Debug[14:14:37]: 5 
Debug[14:14:37]: signal in logmode 
Debug[14:14:37]: "INF(14:14:37.822):Mode is OK" 
Debug[14:14:37]: log_breakpoint 
Debug[14:14:37]: 5 
Debug[14:14:37]: signal in logmode 
Debug[14:14:37]: "INF(14:14:37.825):Attempt" 
Debug[14:14:37]: log_breakpoint 
Debug[14:14:37]: 5 
Debug[14:14:37]: signal in logmode 
Debug[14:14:37]: "INF(14:14:37.851):RDUM master connected" 
Debug[14:14:37]: log_breakpoint 
Debug[14:14:37]: 5 
Debug[14:14:37]: signal in logmode 
Debug[14:14:37]: "INF(14:14:37.855):Connected to \\.\COM56" 
Debug[14:14:37]: log_breakpoint 
Debug[14:14:37]: 5 
Warning[14:14:37]: Could not parse stylesheet of widget 0x2e084b8
Debug[14:14:37]: "Resume:Logs" 
Debug[14:14:37]: "Resume:Settings" 
Debug[14:14:37]: "Resume:UartUartController" 
Debug[14:14:37]: "Resume:UartSpiController" 
Debug[14:14:37]: "Resume:UartSsiController" 
Debug[14:14:37]: "Resume:DSI3Master" 
Debug[14:14:37]: "Resume:ASICMaster" 
Debug[14:14:37]: "Resume:RDUMMaster" 
Debug[14:14:37]: "Resume:DSI3Slave" 
Debug[14:14:37]: "Resume:Measurement" 
Debug[14:14:37]: "Resume:CFARsim" 
Debug[14:31:10]: "Suspend:Settings" 
Debug[14:31:10]: "Suspend:UartUartController" 
Debug[14:31:10]: "Suspend:UartSpiController" 
Debug[14:31:10]: "Suspend:UartSsiController" 
Debug[14:31:10]: "Suspend:DSI3Master" 
Debug[14:31:11]: "Suspend:ASICMaster" 
Debug[14:31:11]: "Suspend:RDUMMaster" 
Debug[14:31:11]: "Suspend:DSI3Slave" 
Debug[14:31:11]: "Suspend:Measurement" 
Debug[14:31:11]: "Suspend:CFARsim" 
Debug[14:31:11]: signal in logmode 
Debug[14:31:11]: "INF(14:31:11.008):Disconnect by user" 
Debug[14:31:11]: log_breakpoint 
Debug[14:31:11]: 5 
Debug[14:31:11]: signal in logmode 
Debug[14:31:11]: "INF(14:31:11.029):Disconnect by user" 
Debug[14:31:11]: log_breakpoint 
Debug[14:31:11]: 5 
Warning[14:31:14]: QObject::connect: Cannot connect LocalServer::log(int,QString) to (null)::slot_addLog(int,QString)
Debug[14:31:14]: LocalServer:new "\\.\pipe\DSI3PAS" 
Debug[14:31:15]: Register specific 
Debug[14:31:15]: DynScaleCaclulate 
Debug[14:31:15]: "init 2 UartUartController" 
Debug[14:31:15]: Ok 
Debug[14:31:15]: "init 3 UartSpiController" 
Debug[14:31:15]: Ok 
Debug[14:31:15]: "init 4 UartSsiController" 
Debug[14:31:15]: Ok 
Debug[14:31:15]: "init 5 DSI3Master" 
Debug[14:31:15]: Ok 
Debug[14:31:15]: "init 6 ASICMaster" 
Debug[14:31:15]: Ok 
Debug[14:31:15]: "init 7 RDUMMaster" 
Debug[14:31:15]: Ok 
Debug[14:31:15]: "init 8 DSI3Slave" 
Debug[14:31:16]: Ok 
Debug[14:31:16]: "init 9 Measurement" 
Debug[14:31:17]: Ok 
Debug[14:31:17]: "init 10 CFARsim" 
Debug[14:31:17]: Ok 
Debug[14:31:17]: MainApp Starting... 
Debug[14:31:18]: Add applets to MainWindow...
 
Debug[14:31:18]: Initialize Connection... 
Debug[14:31:18]: signal in logmode 
Debug[14:31:18]: "INF(14:31:18.413):Mode is OK" 
Debug[14:31:18]: log_breakpoint 
Debug[14:31:18]: 5 
Debug[14:31:18]: signal in logmode 
Debug[14:31:18]: "INF(14:31:18.415):Attempt" 
Debug[14:31:18]: log_breakpoint 
Debug[14:31:18]: 5 
Debug[14:31:18]: signal in logmode 
Debug[14:31:18]: "INF(14:31:18.721):Attempt" 
Debug[14:31:18]: log_breakpoint 
Debug[14:31:18]: 5 
Debug[14:31:19]: signal in logmode 
Debug[14:31:19]: "INF(14:31:19.036):Attempt" 
Debug[14:31:19]: log_breakpoint 
Debug[14:31:19]: 5 
Debug[14:31:19]: signal in logmode 
Debug[14:31:19]: "INF(14:31:19.348):Mode is OK" 
Debug[14:31:19]: log_breakpoint 
Debug[14:31:19]: 5 
Debug[14:31:19]: signal in logmode 
Debug[14:31:19]: "INF(14:31:19.350):Attempt" 
Debug[14:31:19]: log_breakpoint 
Debug[14:31:19]: 5 
Debug[14:31:19]: signal in logmode 
Debug[14:31:19]: "INF(14:31:19.660):Attempt" 
Debug[14:31:19]: log_breakpoint 
Debug[14:31:19]: 5 
Debug[14:31:19]: signal in logmode 
Debug[14:31:19]: "INF(14:31:19.969):Attempt" 
Debug[14:31:19]: log_breakpoint 
Debug[14:31:19]: 5 
Debug[14:31:20]: signal in logmode 
Debug[14:31:20]: "INF(14:31:20.283):Mode is OK" 
Debug[14:31:20]: log_breakpoint 
Debug[14:31:20]: 5 
Debug[14:31:20]: signal in logmode 
Debug[14:31:20]: "INF(14:31:20.285):Attempt" 
Debug[14:31:20]: log_breakpoint 
Debug[14:31:20]: 5 
Debug[14:31:20]: signal in logmode 
Debug[14:31:20]: "INF(14:31:20.443):Mode is OK" 
Debug[14:31:20]: log_breakpoint 
Debug[14:31:20]: 5 
Debug[14:31:20]: signal in logmode 
Debug[14:31:20]: "INF(14:31:20.445):Attempt" 
Debug[14:31:20]: log_breakpoint 
Debug[14:31:20]: 5 
Debug[14:31:20]: signal in logmode 
Debug[14:31:20]: "INF(14:31:20.753):Attempt" 
Debug[14:31:20]: log_breakpoint 
Debug[14:31:20]: 5 
Debug[14:31:21]: signal in logmode 
Debug[14:31:21]: "INF(14:31:21.064):Attempt" 
Debug[14:31:21]: log_breakpoint 
Debug[14:31:21]: 5 
Debug[14:31:21]: signal in logmode 
Debug[14:31:21]: "INF(14:31:21.375):Mode is OK" 
Debug[14:31:21]: log_breakpoint 
Debug[14:31:21]: 5 
Debug[14:31:21]: signal in logmode 
Debug[14:31:21]: "INF(14:31:21.378):Attempt" 
Debug[14:31:21]: log_breakpoint 
Debug[14:31:21]: 5 
Debug[14:31:21]: signal in logmode 
Debug[14:31:21]: "INF(14:31:21.688):Attempt" 
Debug[14:31:21]: log_breakpoint 
Debug[14:31:21]: 5 
Debug[14:31:22]: signal in logmode 
Debug[14:31:22]: "INF(14:31:22.001):Attempt" 
Debug[14:31:22]: log_breakpoint 
Debug[14:31:22]: 5 
Debug[14:31:22]: signal in logmode 
Debug[14:31:22]: "INF(14:31:22.311):Mode is OK" 
Debug[14:31:22]: log_breakpoint 
Debug[14:31:22]: 5 
Debug[14:31:22]: signal in logmode 
Debug[14:31:22]: "INF(14:31:22.315):Attempt" 
Debug[14:31:22]: log_breakpoint 
Debug[14:31:22]: 5 
Debug[14:31:22]: signal in logmode 
Debug[14:31:22]: "INF(14:31:22.620):Attempt" 
Debug[14:31:22]: log_breakpoint 
Debug[14:31:22]: 5 
Debug[14:31:22]: signal in logmode 
Debug[14:31:22]: "INF(14:31:22.931):Attempt" 
Debug[14:31:22]: log_breakpoint 
Debug[14:31:22]: 5 
Debug[14:31:23]: signal in logmode 
Debug[14:31:23]: "INF(14:31:23.243):Mode is OK" 
Debug[14:31:23]: log_breakpoint 
Debug[14:31:23]: 5 
Debug[14:31:23]: signal in logmode 
Debug[14:31:23]: "INF(14:31:23.245):Attempt" 
Debug[14:31:23]: log_breakpoint 
Debug[14:31:23]: 5 
Debug[14:31:23]: signal in logmode 
Debug[14:31:23]: "INF(14:31:23.556):Attempt" 
Debug[14:31:23]: log_breakpoint 
Debug[14:31:23]: 5 
Debug[14:31:23]: signal in logmode 
Debug[14:31:23]: "INF(14:31:23.870):Attempt" 
Debug[14:31:23]: log_breakpoint 
Debug[14:31:23]: 5 
Debug[14:31:27]: signal in logmode 
Debug[14:31:27]: "INF(14:31:27.663):Mode is OK" 
Debug[14:31:27]: log_breakpoint 
Debug[14:31:27]: 5 
Debug[14:31:27]: signal in logmode 
Debug[14:31:27]: "INF(14:31:27.666):Attempt" 
Debug[14:31:27]: log_breakpoint 
Debug[14:31:27]: 5 
Debug[14:31:27]: signal in logmode 
Debug[14:31:27]: "INF(14:31:27.972):Attempt" 
Debug[14:31:27]: log_breakpoint 
Debug[14:31:27]: 5 
Debug[14:31:28]: signal in logmode 
Debug[14:31:28]: "INF(14:31:28.284):Attempt" 
Debug[14:31:28]: log_breakpoint 
Debug[14:31:28]: 5 
Debug[14:31:28]: signal in logmode 
Debug[14:31:28]: "INF(14:31:28.596):Mode is OK" 
Debug[14:31:28]: log_breakpoint 
Debug[14:31:28]: 5 
Debug[14:31:28]: signal in logmode 
Debug[14:31:28]: "INF(14:31:28.599):Attempt" 
Debug[14:31:28]: log_breakpoint 
Debug[14:31:28]: 5 
Debug[14:31:28]: signal in logmode 
Debug[14:31:28]: "INF(14:31:28.907):Attempt" 
Debug[14:31:28]: log_breakpoint 
Debug[14:31:28]: 5 
Debug[14:31:29]: signal in logmode 
Debug[14:31:29]: "INF(14:31:29.219):Attempt" 
Debug[14:31:29]: log_breakpoint 
Debug[14:31:29]: 5 
Debug[14:31:29]: signal in logmode 
Debug[14:31:29]: "INF(14:31:29.532):Mode is OK" 
Debug[14:31:29]: log_breakpoint 
Debug[14:31:29]: 5 
Debug[14:31:29]: signal in logmode 
Debug[14:31:29]: "INF(14:31:29.537):Attempt" 
Debug[14:31:29]: log_breakpoint 
Debug[14:31:29]: 5 
Debug[14:31:29]: signal in logmode 
Debug[14:31:29]: "INF(14:31:29.562):RDUM master connected" 
Debug[14:31:29]: log_breakpoint 
Debug[14:31:29]: 5 
Debug[14:31:29]: signal in logmode 
Debug[14:31:29]: "INF(14:31:29.565):Connected to \\.\COM100" 
Debug[14:31:29]: log_breakpoint 
Debug[14:31:29]: 5 
Warning[14:31:29]: Could not parse stylesheet of widget 0x33e8598
Debug[14:31:29]: "Resume:Logs" 
Debug[14:31:29]: "Resume:Settings" 
Debug[14:31:29]: "Resume:UartUartController" 
Debug[14:31:29]: "Resume:UartSpiController" 
Debug[14:31:29]: "Resume:UartSsiController" 
Debug[14:31:29]: "Resume:DSI3Master" 
Debug[14:31:29]: "Resume:ASICMaster" 
Debug[14:31:29]: "Resume:RDUMMaster" 
Debug[14:31:29]: "Resume:DSI3Slave" 
Debug[14:31:29]: "Resume:Measurement" 
Debug[14:31:29]: "Resume:CFARsim" 
Debug[14:32:10]: "Suspend:Settings" 
Debug[14:32:10]: "Suspend:UartUartController" 
Debug[14:32:10]: "Suspend:UartSpiController" 
Debug[14:32:10]: "Suspend:UartSsiController" 
Debug[14:32:10]: "Suspend:DSI3Master" 
Debug[14:32:10]: "Suspend:ASICMaster" 
Debug[14:32:10]: "Suspend:RDUMMaster" 
Debug[14:32:10]: "Suspend:DSI3Slave" 
Debug[14:32:10]: "Suspend:Measurement" 
Debug[14:32:10]: "Suspend:CFARsim" 
Debug[14:32:10]: signal in logmode 
Debug[14:32:10]: "INF(14:32:10.349):Disconnect by user" 
Debug[14:32:10]: log_breakpoint 
Debug[14:32:10]: 5 
Debug[14:32:10]: signal in logmode 
Debug[14:32:10]: "INF(14:32:10.492):Disconnect by user" 
Debug[14:32:10]: log_breakpoint 
Debug[14:32:10]: 5 
Warning[14:32:37]: QObject::connect: Cannot connect LocalServer::log(int,QString) to (null)::slot_addLog(int,QString)
Debug[14:32:37]: LocalServer:new "\\.\pipe\DSI3PAS" 
Debug[14:32:37]: Register specific 
Debug[14:32:37]: DynScaleCaclulate 
Debug[14:32:38]: "init 2 UartUartController" 
Debug[14:32:38]: Ok 
Debug[14:32:38]: "init 3 UartSpiController" 
Debug[14:32:38]: Ok 
Debug[14:32:38]: "init 4 UartSsiController" 
Debug[14:32:38]: Ok 
Debug[14:32:38]: "init 5 DSI3Master" 
Debug[14:32:38]: Ok 
Debug[14:32:38]: "init 6 ASICMaster" 
Debug[14:32:38]: Ok 
Debug[14:32:38]: "init 7 RDUMMaster" 
Debug[14:32:38]: Ok 
Debug[14:32:38]: "init 8 DSI3Slave" 
Debug[14:32:38]: Ok 
Debug[14:32:38]: "init 9 Measurement" 
Debug[14:32:39]: Ok 
Debug[14:32:39]: "init 10 CFARsim" 
Debug[14:32:39]: Ok 
Debug[14:32:39]: MainApp Starting... 
Debug[14:32:40]: Add applets to MainWindow...
 
Debug[14:32:40]: Initialize Connection... 
Debug[14:32:40]: signal in logmode 
Debug[14:32:40]: "INF(14:32:40.612):Mode is OK" 
Debug[14:32:40]: log_breakpoint 
Debug[14:32:40]: 5 
Debug[14:32:40]: signal in logmode 
Debug[14:32:40]: "INF(14:32:40.615):Attempt" 
Debug[14:32:40]: log_breakpoint 
Debug[14:32:40]: 5 
Debug[14:32:40]: signal in logmode 
Debug[14:32:40]: "INF(14:32:40.934):Attempt" 
Debug[14:32:40]: log_breakpoint 
Debug[14:32:40]: 5 
Debug[14:32:41]: signal in logmode 
Debug[14:32:41]: "INF(14:32:41.246):Attempt" 
Debug[14:32:41]: log_breakpoint 
Debug[14:32:41]: 5 
Debug[14:32:41]: signal in logmode 
Debug[14:32:41]: "INF(14:32:41.557):Mode is OK" 
Debug[14:32:41]: log_breakpoint 
Debug[14:32:41]: 5 
Debug[14:32:41]: signal in logmode 
Debug[14:32:41]: "INF(14:32:41.560):Attempt" 
Debug[14:32:41]: log_breakpoint 
Debug[14:32:41]: 5 
Debug[14:32:41]: signal in logmode 
Debug[14:32:41]: "INF(14:32:41.869):Attempt" 
Debug[14:32:41]: log_breakpoint 
Debug[14:32:41]: 5 
Debug[14:32:42]: signal in logmode 
Debug[14:32:42]: "INF(14:32:42.181):Attempt" 
Debug[14:32:42]: log_breakpoint 
Debug[14:32:42]: 5 
Debug[14:32:42]: signal in logmode 
Debug[14:32:42]: "INF(14:32:42.492):Mode is OK" 
Debug[14:32:42]: log_breakpoint 
Debug[14:32:42]: 5 
Debug[14:32:42]: signal in logmode 
Debug[14:32:42]: "INF(14:32:42.497):Attempt" 
Debug[14:32:42]: log_breakpoint 
Debug[14:32:42]: 5 
Debug[14:32:42]: signal in logmode 
Debug[14:32:42]: "INF(14:32:42.652):Mode is OK" 
Debug[14:32:42]: log_breakpoint 
Debug[14:32:42]: 5 
Debug[14:32:42]: signal in logmode 
Debug[14:32:42]: "INF(14:32:42.654):Attempt" 
Debug[14:32:42]: log_breakpoint 
Debug[14:32:42]: 5 
Debug[14:32:42]: signal in logmode 
Debug[14:32:42]: "INF(14:32:42.958):Attempt" 
Debug[14:32:42]: log_breakpoint 
Debug[14:32:42]: 5 
Debug[14:32:43]: signal in logmode 
Debug[14:32:43]: "INF(14:32:43.270):Attempt" 
Debug[14:32:43]: log_breakpoint 
Debug[14:32:43]: 5 
Debug[14:32:43]: signal in logmode 
Debug[14:32:43]: "INF(14:32:43.583):Mode is OK" 
Debug[14:32:43]: log_breakpoint 
Debug[14:32:43]: 5 
Debug[14:32:43]: signal in logmode 
Debug[14:32:43]: "INF(14:32:43.587):Attempt" 
Debug[14:32:43]: log_breakpoint 
Debug[14:32:43]: 5 
Debug[14:32:43]: signal in logmode 
Debug[14:32:43]: "INF(14:32:43.895):Attempt" 
Debug[14:32:43]: log_breakpoint 
Debug[14:32:43]: 5 
Debug[14:32:44]: signal in logmode 
Debug[14:32:44]: "INF(14:32:44.207):Attempt" 
Debug[14:32:44]: log_breakpoint 
Debug[14:32:44]: 5 
Debug[14:32:44]: signal in logmode 
Debug[14:32:44]: "INF(14:32:44.520):Mode is OK" 
Debug[14:32:44]: log_breakpoint 
Debug[14:32:44]: 5 
Debug[14:32:44]: signal in logmode 
Debug[14:32:44]: "INF(14:32:44.527):Attempt" 
Debug[14:32:44]: log_breakpoint 
Debug[14:32:44]: 5 
Debug[14:32:44]: signal in logmode 
Debug[14:32:44]: "INF(14:32:44.847):Attempt" 
Debug[14:32:44]: log_breakpoint 
Debug[14:32:44]: 5 
Debug[14:32:45]: signal in logmode 
Debug[14:32:45]: "INF(14:32:45.157):Attempt" 
Debug[14:32:45]: log_breakpoint 
Debug[14:32:45]: 5 
Debug[14:32:45]: signal in logmode 
Debug[14:32:45]: "INF(14:32:45.472):Mode is OK" 
Debug[14:32:45]: log_breakpoint 
Debug[14:32:45]: 5 
Debug[14:32:45]: signal in logmode 
Debug[14:32:45]: "INF(14:32:45.475):Attempt" 
Debug[14:32:45]: log_breakpoint 
Debug[14:32:45]: 5 
Debug[14:32:45]: signal in logmode 
Debug[14:32:45]: "INF(14:32:45.783):Attempt" 
Debug[14:32:45]: log_breakpoint 
Debug[14:32:45]: 5 
Debug[14:32:46]: signal in logmode 
Debug[14:32:46]: "INF(14:32:46.094):Attempt" 
Debug[14:32:46]: log_breakpoint 
Debug[14:32:46]: 5 
Debug[14:32:49]: signal in logmode 
Debug[14:32:49]: "INF(14:32:49.078):Mode is OK" 
Debug[14:32:49]: log_breakpoint 
Debug[14:32:49]: 5 
Debug[14:32:49]: signal in logmode 
Debug[14:32:49]: "INF(14:32:49.081):Attempt" 
Debug[14:32:49]: log_breakpoint 
Debug[14:32:49]: 5 
Debug[14:32:49]: signal in logmode 
Debug[14:32:49]: "INF(14:32:49.400):Attempt" 
Debug[14:32:49]: log_breakpoint 
Debug[14:32:49]: 5 
Debug[14:32:49]: signal in logmode 
Debug[14:32:49]: "INF(14:32:49.715):Attempt" 
Debug[14:32:49]: log_breakpoint 
Debug[14:32:49]: 5 
Debug[14:32:50]: signal in logmode 
Debug[14:32:50]: "INF(14:32:50.025):Mode is OK" 
Debug[14:32:50]: log_breakpoint 
Debug[14:32:50]: 5 
Debug[14:32:50]: signal in logmode 
Debug[14:32:50]: "INF(14:32:50.029):Attempt" 
Debug[14:32:50]: log_breakpoint 
Debug[14:32:50]: 5 
Debug[14:32:50]: signal in logmode 
Debug[14:32:50]: "INF(14:32:50.335):Attempt" 
Debug[14:32:50]: log_breakpoint 
Debug[14:32:50]: 5 
Debug[14:32:50]: signal in logmode 
Debug[14:32:50]: "INF(14:32:50.643):Attempt" 
Debug[14:32:50]: log_breakpoint 
Debug[14:32:50]: 5 
Debug[14:32:50]: signal in logmode 
Debug[14:32:50]: "INF(14:32:50.955):Mode is OK" 
Debug[14:32:50]: log_breakpoint 
Debug[14:32:50]: 5 
Debug[14:32:50]: signal in logmode 
Debug[14:32:50]: "INF(14:32:50.959):Attempt" 
Debug[14:32:50]: log_breakpoint 
Debug[14:32:50]: 5 
Debug[14:32:50]: signal in logmode 
Debug[14:32:50]: "INF(14:32:50.965):RDUM master connected" 
Debug[14:32:50]: log_breakpoint 
Debug[14:32:50]: 5 
Debug[14:32:50]: signal in logmode 
Debug[14:32:50]: "INF(14:32:50.967):Connected to \\.\COM100" 
Debug[14:32:50]: log_breakpoint 
Debug[14:32:50]: 5 
Warning[14:32:50]: Could not parse stylesheet of widget 0x2d98118
Debug[14:32:50]: "Resume:Logs" 
Debug[14:32:50]: "Resume:Settings" 
Debug[14:32:50]: "Resume:UartUartController" 
Debug[14:32:50]: "Resume:UartSpiController" 
Debug[14:32:50]: "Resume:UartSsiController" 
Debug[14:32:50]: "Resume:DSI3Master" 
Debug[14:32:50]: "Resume:ASICMaster" 
Debug[14:32:50]: "Resume:RDUMMaster" 
Debug[14:32:50]: "Resume:DSI3Slave" 
Debug[14:32:50]: "Resume:Measurement" 
Debug[14:32:50]: "Resume:CFARsim" 
Debug[14:33:36]: "Suspend:Settings" 
Debug[14:33:36]: "Suspend:UartUartController" 
Debug[14:33:36]: "Suspend:UartSpiController" 
Debug[14:33:36]: "Suspend:UartSsiController" 
Debug[14:33:36]: "Suspend:DSI3Master" 
Debug[14:33:36]: "Suspend:ASICMaster" 
Debug[14:33:36]: "Suspend:RDUMMaster" 
Debug[14:33:36]: "Suspend:DSI3Slave" 
Debug[14:33:36]: "Suspend:Measurement" 
Debug[14:33:36]: "Suspend:CFARsim" 
Debug[14:33:36]: signal in logmode 
Debug[14:33:36]: "INF(14:33:36.060):Disconnect by user" 
Debug[14:33:36]: log_breakpoint 
Debug[14:33:36]: 5 
Debug[14:33:36]: signal in logmode 
Debug[14:33:36]: "INF(14:33:36.219):Disconnect by user" 
Debug[14:33:36]: log_breakpoint 
Debug[14:33:36]: 5 
