Warning[07:41:43]: QObject::connect: Cannot connect LocalServer::log(int,QString) to (null)::slot_addLog(int,QString)
Debug[07:41:43]: LocalServer:new "\\.\pipe\DSI3PAS" 
Debug[07:41:43]: Register specific 
Debug[07:41:43]: DynScaleCaclulate 
Debug[07:41:43]: "init 2 UartUartController" 
Debug[07:41:43]: Ok 
Debug[07:41:43]: "init 3 UartSpiController" 
Debug[07:41:43]: Ok 
Debug[07:41:43]: "init 4 UartSsiController" 
Debug[07:41:43]: Ok 
Debug[07:41:43]: "init 5 DSI3Master" 
Debug[07:41:43]: Ok 
Debug[07:41:43]: "init 6 ASICMaster" 
Debug[07:41:43]: Ok 
Debug[07:41:43]: "init 7 RDUMMaster" 
Debug[07:41:43]: Ok 
Debug[07:41:43]: "init 8 DSI3Slave" 
Debug[07:41:44]: Ok 
Debug[07:41:44]: "init 9 Measurement" 
Debug[07:41:45]: Ok 
Debug[07:41:45]: "init 10 CFARsim" 
Debug[07:41:45]: Ok 
Debug[07:41:45]: MainApp Starting... 
Debug[07:41:46]: Add applets to MainWindow...
 
Debug[07:41:46]: Initialize Connection... 
Debug[07:41:50]: signal in logmode 
Debug[07:41:50]: "INF(07:41:50.824):Connected to no_board" 
Debug[07:41:50]: log_breakpoint 
Debug[07:41:50]: 5 
Warning[07:41:50]: Could not parse stylesheet of widget 0x32ab2c0
Debug[07:41:50]: "Resume:Logs" 
Debug[07:41:50]: "Resume:Settings" 
Debug[07:41:50]: "Resume:UartUartController" 
Debug[07:41:50]: "Resume:UartSpiController" 
Debug[07:41:50]: "Resume:UartSsiController" 
Debug[07:41:50]: "Resume:DSI3Master" 
Debug[07:41:50]: "Resume:ASICMaster" 
Debug[07:41:50]: "Resume:RDUMMaster" 
Debug[07:41:50]: "Resume:DSI3Slave" 
Debug[07:41:50]: "Resume:Measurement" 
Debug[07:41:50]: "Resume:CFARsim" 
