Warning[11:18:35]: QObject::connect: Cannot connect LocalServer::log(int,QString) to (null)::slot_addLog(int,QString)
Debug[11:18:35]: LocalServer:new "\\.\pipe\DSI3PAS" 
Debug[11:18:35]: Register specific 
Debug[11:18:36]: DynScaleCaclulate 
Debug[11:18:36]: "init 2 UartUartController" 
Debug[11:18:36]: Ok 
Debug[11:18:36]: "init 3 UartSpiController" 
Debug[11:18:36]: Ok 
Debug[11:18:36]: "init 4 UartSsiController" 
Debug[11:18:36]: Ok 
Debug[11:18:36]: "init 5 DSI3Master" 
Debug[11:18:36]: Ok 
Debug[11:18:36]: "init 6 ASICMaster" 
Debug[11:18:36]: Ok 
Debug[11:18:36]: "init 7 RDUMMaster" 
Debug[11:18:36]: Ok 
Debug[11:18:36]: "init 8 DSI3Slave" 
Debug[11:18:37]: Ok 
Debug[11:18:37]: "init 9 Measurement" 
Debug[11:18:37]: Ok 
Debug[11:18:37]: "init 10 CFARsim" 
Debug[11:18:37]: Ok 
Debug[11:18:37]: MainApp Starting... 
Debug[11:18:38]: Add applets to MainWindow...
 
Debug[11:18:38]: Initialize Connection... 
Debug[11:18:38]: signal in logmode 
Debug[11:18:38]: "INF(11:18:38.691):Mode is OK" 
Debug[11:18:38]: log_breakpoint 
Debug[11:18:38]: 5 
Debug[11:18:38]: signal in logmode 
Debug[11:18:38]: "INF(11:18:38.694):Attempt" 
Debug[11:18:38]: log_breakpoint 
Debug[11:18:38]: 5 
Debug[11:18:38]: signal in logmode 
Debug[11:18:38]: "INF(11:18:38.852):Mode is OK" 
Debug[11:18:38]: log_breakpoint 
Debug[11:18:38]: 5 
Debug[11:18:38]: signal in logmode 
Debug[11:18:38]: "INF(11:18:38.854):Attempt" 
Debug[11:18:38]: log_breakpoint 
Debug[11:18:38]: 5 
Debug[11:18:39]: signal in logmode 
Debug[11:18:39]: "INF(11:18:39.165):Attempt" 
Debug[11:18:39]: log_breakpoint 
Debug[11:18:39]: 5 
Debug[11:18:39]: signal in logmode 
Debug[11:18:39]: "INF(11:18:39.477):Attempt" 
Debug[11:18:39]: log_breakpoint 
Debug[11:18:39]: 5 
Debug[11:18:39]: signal in logmode 
Debug[11:18:39]: "INF(11:18:39.788):Mode is OK" 
Debug[11:18:39]: log_breakpoint 
Debug[11:18:39]: 5 
Debug[11:18:39]: signal in logmode 
Debug[11:18:39]: "INF(11:18:39.791):Attempt" 
Debug[11:18:39]: log_breakpoint 
Debug[11:18:39]: 5 
Debug[11:18:40]: signal in logmode 
Debug[11:18:40]: "INF(11:18:40.103):Attempt" 
Debug[11:18:40]: log_breakpoint 
Debug[11:18:40]: 5 
Debug[11:18:40]: signal in logmode 
Debug[11:18:40]: "INF(11:18:40.413):Attempt" 
Debug[11:18:40]: log_breakpoint 
Debug[11:18:40]: 5 
Debug[11:18:40]: signal in logmode 
Debug[11:18:40]: "INF(11:18:40.725):Mode is OK" 
Debug[11:18:40]: log_breakpoint 
Debug[11:18:40]: 5 
Debug[11:18:40]: signal in logmode 
Debug[11:18:40]: "INF(11:18:40.729):Attempt" 
Debug[11:18:40]: log_breakpoint 
Debug[11:18:40]: 5 
Debug[11:18:41]: signal in logmode 
Debug[11:18:41]: "INF(11:18:41.038):Attempt" 
Debug[11:18:41]: log_breakpoint 
Debug[11:18:41]: 5 
Debug[11:18:41]: signal in logmode 
Debug[11:18:41]: "INF(11:18:41.351):Attempt" 
Debug[11:18:41]: log_breakpoint 
Debug[11:18:41]: 5 
Warning[11:18:41]: QFileSystemWatcher: failed to add paths: C:/REPO/DSI3PAS2_workingdir/DSI3PAS2/Software/bin/ULSEverification_configfiles, C:/REPO/DSI3PAS2_workingdir/DSI3PAS2/Software/bin/ConfigFiles_29_1_2021_Jiri_MOBIS, C:/Users/fg6cnq/Desktop/DSI3PAS2_UART_QtSW_20210129_1511, C:/Users/zbdn9w/Desktop/Temp/CFAR QT uprava ToF, C:/Users/zbdn9w/Desktop/Temp/CFAR QT Komprimace do CSV, U:/Dokumenty/MOBIS/Crosstalk 11-2021
Debug[11:18:44]: signal in logmode 
Debug[11:18:44]: "INF(11:18:44.796):Mode is OK" 
Debug[11:18:44]: log_breakpoint 
Debug[11:18:44]: 5 
Debug[11:18:44]: signal in logmode 
Debug[11:18:44]: "INF(11:18:44.798):Attempt" 
Debug[11:18:44]: log_breakpoint 
Debug[11:18:44]: 5 
Debug[11:18:44]: signal in logmode 
Debug[11:18:44]: "INF(11:18:44.822):ASIC master connected" 
Debug[11:18:44]: log_breakpoint 
Debug[11:18:44]: 5 
Debug[11:18:44]: signal in logmode 
Debug[11:18:44]: "INF(11:18:44.824):Connected to \\.\COM56" 
Debug[11:18:44]: log_breakpoint 
Debug[11:18:44]: 5 
Warning[11:18:44]: Could not parse stylesheet of widget 0x34b6f28
Debug[11:18:44]: "Resume:Logs" 
Debug[11:18:44]: "Resume:Settings" 
Debug[11:18:44]: "Resume:UartUartController" 
Debug[11:18:44]: "Resume:UartSpiController" 
Debug[11:18:44]: "Resume:UartSsiController" 
Debug[11:18:44]: "Resume:DSI3Master" 
Debug[11:18:44]: "Resume:ASICMaster" 
Debug[11:18:44]: "Resume:RDUMMaster" 
Debug[11:18:44]: "Resume:DSI3Slave" 
Debug[11:18:44]: "Resume:Measurement" 
Debug[11:18:44]: "Resume:CFARsim" 
Debug[12:37:24]: "Suspend:Settings" 
Debug[12:37:24]: "Suspend:UartUartController" 
Debug[12:37:24]: "Suspend:UartSpiController" 
Debug[12:37:24]: "Suspend:UartSsiController" 
Debug[12:37:24]: "Suspend:DSI3Master" 
Debug[12:37:24]: "Suspend:ASICMaster" 
Debug[12:37:24]: "Suspend:RDUMMaster" 
Debug[12:37:24]: "Suspend:DSI3Slave" 
Debug[12:37:24]: "Suspend:Measurement" 
Debug[12:37:24]: "Suspend:CFARsim" 
Debug[12:37:24]: signal in logmode 
Debug[12:37:24]: "INF(12:37:24.560):Disconnect by user" 
Debug[12:37:24]: log_breakpoint 
Debug[12:37:24]: 5 
Debug[12:37:24]: signal in logmode 
Debug[12:37:24]: "INF(12:37:24.588):Disconnect by user" 
Debug[12:37:24]: log_breakpoint 
Debug[12:37:24]: 5 
Warning[13:46:59]: QObject::connect: Cannot connect LocalServer::log(int,QString) to (null)::slot_addLog(int,QString)
Debug[13:46:59]: LocalServer:new "\\.\pipe\DSI3PAS" 
Debug[13:46:59]: Register specific 
Debug[13:46:59]: DynScaleCaclulate 
Debug[13:46:59]: "init 2 UartUartController" 
Debug[13:46:59]: Ok 
Debug[13:46:59]: "init 3 UartSpiController" 
Debug[13:46:59]: Ok 
Debug[13:46:59]: "init 4 UartSsiController" 
Debug[13:46:59]: Ok 
Debug[13:46:59]: "init 5 DSI3Master" 
Debug[13:46:59]: Ok 
Debug[13:46:59]: "init 6 ASICMaster" 
Debug[13:46:59]: Ok 
Debug[13:46:59]: "init 7 RDUMMaster" 
Debug[13:46:59]: Ok 
Debug[13:46:59]: "init 8 DSI3Slave" 
Debug[13:47:00]: Ok 
Debug[13:47:00]: "init 9 Measurement" 
Debug[13:47:01]: Ok 
Debug[13:47:01]: "init 10 CFARsim" 
Debug[13:47:01]: Ok 
Debug[13:47:01]: MainApp Starting... 
Debug[13:47:01]: Add applets to MainWindow...
 
Debug[13:47:01]: Initialize Connection... 
Warning[13:47:01]: QFileSystemWatcher: failed to add paths: C:/REPO/DSI3PAS2_workingdir/DSI3PAS2/Software/bin/ULSEverification_configfiles, C:/REPO/DSI3PAS2_workingdir/DSI3PAS2/Software/bin/ConfigFiles_29_1_2021_Jiri_MOBIS, C:/Users/fg6cnq/Desktop/DSI3PAS2_UART_QtSW_20210129_1511, C:/Users/zbdn9w/Desktop/Temp/CFAR QT uprava ToF, C:/Users/zbdn9w/Desktop/Temp/CFAR QT Komprimace do CSV, U:/Dokumenty/MOBIS/Crosstalk 11-2021
Debug[13:47:11]: Initialize Connection... 
Debug[13:47:11]: signal in logmode 
Debug[13:47:11]: "INF(13:47:11.720):Mode is OK" 
Debug[13:47:11]: log_breakpoint 
Debug[13:47:11]: 5 
Debug[13:47:11]: signal in logmode 
Debug[13:47:11]: "INF(13:47:11.723):Attempt" 
Debug[13:47:11]: log_breakpoint 
Debug[13:47:11]: 5 
Debug[13:47:12]: signal in logmode 
Debug[13:47:12]: "INF(13:47:12.030):Attempt" 
Debug[13:47:12]: log_breakpoint 
Debug[13:47:12]: 5 
Debug[13:47:12]: signal in logmode 
Debug[13:47:12]: "INF(13:47:12.338):Attempt" 
Debug[13:47:12]: log_breakpoint 
Debug[13:47:12]: 5 
Debug[13:47:12]: signal in logmode 
Debug[13:47:12]: "INF(13:47:12.651):Mode is OK" 
Debug[13:47:12]: log_breakpoint 
Debug[13:47:12]: 5 
Debug[13:47:12]: signal in logmode 
Debug[13:47:12]: "INF(13:47:12.655):Attempt" 
Debug[13:47:12]: log_breakpoint 
Debug[13:47:12]: 5 
Debug[13:47:12]: signal in logmode 
Debug[13:47:12]: "INF(13:47:12.963):Attempt" 
Debug[13:47:12]: log_breakpoint 
Debug[13:47:12]: 5 
Debug[13:47:13]: signal in logmode 
Debug[13:47:13]: "INF(13:47:13.278):Attempt" 
Debug[13:47:13]: log_breakpoint 
Debug[13:47:13]: 5 
Debug[13:47:13]: signal in logmode 
Debug[13:47:13]: "INF(13:47:13.586):Mode is OK" 
Debug[13:47:13]: log_breakpoint 
Debug[13:47:13]: 5 
Debug[13:47:13]: signal in logmode 
Debug[13:47:13]: "INF(13:47:13.588):Attempt" 
Debug[13:47:13]: log_breakpoint 
Debug[13:47:13]: 5 
Debug[13:47:13]: signal in logmode 
Debug[13:47:13]: "INF(13:47:13.749):Mode is OK" 
Debug[13:47:13]: log_breakpoint 
Debug[13:47:13]: 5 
Debug[13:47:13]: signal in logmode 
Debug[13:47:13]: "INF(13:47:13.752):Attempt" 
Debug[13:47:13]: log_breakpoint 
Debug[13:47:13]: 5 
Debug[13:47:14]: signal in logmode 
Debug[13:47:14]: "INF(13:47:14.074):Attempt" 
Debug[13:47:14]: log_breakpoint 
Debug[13:47:14]: 5 
Debug[13:47:14]: signal in logmode 
Debug[13:47:14]: "INF(13:47:14.387):Attempt" 
Debug[13:47:14]: log_breakpoint 
Debug[13:47:14]: 5 
Debug[13:47:14]: signal in logmode 
Debug[13:47:14]: "INF(13:47:14.700):Mode is OK" 
Debug[13:47:14]: log_breakpoint 
Debug[13:47:14]: 5 
Debug[13:47:14]: signal in logmode 
Debug[13:47:14]: "INF(13:47:14.703):Attempt" 
Debug[13:47:14]: log_breakpoint 
Debug[13:47:14]: 5 
Debug[13:47:15]: signal in logmode 
Debug[13:47:15]: "INF(13:47:15.010):Attempt" 
Debug[13:47:15]: log_breakpoint 
Debug[13:47:15]: 5 
Debug[13:47:15]: signal in logmode 
Debug[13:47:15]: "INF(13:47:15.321):Attempt" 
Debug[13:47:15]: log_breakpoint 
Debug[13:47:15]: 5 
Debug[13:47:15]: signal in logmode 
Debug[13:47:15]: "INF(13:47:15.635):Mode is OK" 
Debug[13:47:15]: log_breakpoint 
Debug[13:47:15]: 5 
Debug[13:47:15]: signal in logmode 
Debug[13:47:15]: "INF(13:47:15.639):Attempt" 
Debug[13:47:15]: log_breakpoint 
Debug[13:47:15]: 5 
Debug[13:47:15]: signal in logmode 
Debug[13:47:15]: "INF(13:47:15.945):Attempt" 
Debug[13:47:15]: log_breakpoint 
Debug[13:47:15]: 5 
Debug[13:47:16]: signal in logmode 
Debug[13:47:16]: "INF(13:47:16.258):Attempt" 
Debug[13:47:16]: log_breakpoint 
Debug[13:47:16]: 5 
Debug[13:47:17]: signal in logmode 
Debug[13:47:17]: "INF(13:47:17.113):Mode is OK" 
Debug[13:47:17]: log_breakpoint 
Debug[13:47:17]: 5 
Debug[13:47:17]: signal in logmode 
Debug[13:47:17]: "INF(13:47:17.115):Attempt" 
Debug[13:47:17]: log_breakpoint 
Debug[13:47:17]: 5 
Debug[13:47:17]: signal in logmode 
Debug[13:47:17]: "INF(13:47:17.430):Attempt" 
Debug[13:47:17]: log_breakpoint 
Debug[13:47:17]: 5 
Debug[13:47:17]: signal in logmode 
Debug[13:47:17]: "INF(13:47:17.740):Attempt" 
Debug[13:47:17]: log_breakpoint 
Debug[13:47:17]: 5 
Debug[13:47:18]: signal in logmode 
Debug[13:47:18]: "INF(13:47:18.052):Mode is OK" 
Debug[13:47:18]: log_breakpoint 
Debug[13:47:18]: 5 
Debug[13:47:18]: signal in logmode 
Debug[13:47:18]: "INF(13:47:18.055):Attempt" 
Debug[13:47:18]: log_breakpoint 
Debug[13:47:18]: 5 
Debug[13:47:18]: signal in logmode 
Debug[13:47:18]: "INF(13:47:18.362):Attempt" 
Debug[13:47:18]: log_breakpoint 
Debug[13:47:18]: 5 
Debug[13:47:18]: signal in logmode 
Debug[13:47:18]: "INF(13:47:18.676):Attempt" 
Debug[13:47:18]: log_breakpoint 
Debug[13:47:18]: 5 
Debug[13:47:18]: signal in logmode 
Debug[13:47:18]: "INF(13:47:18.987):Mode is OK" 
Debug[13:47:18]: log_breakpoint 
Debug[13:47:18]: 5 
Debug[13:47:18]: signal in logmode 
Debug[13:47:18]: "INF(13:47:18.991):Attempt" 
Debug[13:47:18]: log_breakpoint 
Debug[13:47:18]: 5 
Debug[13:47:18]: signal in logmode 
Debug[13:47:18]: "INF(13:47:18.998):RDUM master connected" 
Debug[13:47:18]: log_breakpoint 
Debug[13:47:19]: 5 
Debug[13:47:19]: signal in logmode 
Debug[13:47:19]: "INF(13:47:19.001):Connected to \\.\COM26" 
Debug[13:47:19]: log_breakpoint 
Debug[13:47:19]: 5 
Warning[13:47:19]: Could not parse stylesheet of widget 0x2bf6ea8
Debug[13:47:19]: "Resume:Logs" 
Debug[13:47:19]: "Resume:Settings" 
Debug[13:47:19]: "Resume:UartUartController" 
Debug[13:47:19]: "Resume:UartSpiController" 
Debug[13:47:19]: "Resume:UartSsiController" 
Debug[13:47:19]: "Resume:DSI3Master" 
Debug[13:47:19]: "Resume:ASICMaster" 
Debug[13:47:19]: "Resume:RDUMMaster" 
Debug[13:47:19]: "Resume:DSI3Slave" 
Debug[13:47:19]: "Resume:Measurement" 
Debug[13:47:19]: "Resume:CFARsim" 
Debug[14:01:49]: "Suspend:Settings" 
Debug[14:01:49]: "Suspend:UartUartController" 
Debug[14:01:49]: "Suspend:UartSpiController" 
Debug[14:01:49]: "Suspend:UartSsiController" 
Debug[14:01:49]: "Suspend:DSI3Master" 
Debug[14:01:49]: "Suspend:ASICMaster" 
Debug[14:01:49]: "Suspend:RDUMMaster" 
Debug[14:01:49]: "Suspend:DSI3Slave" 
Debug[14:01:49]: "Suspend:Measurement" 
Debug[14:01:49]: "Suspend:CFARsim" 
Debug[14:01:49]: signal in logmode 
Debug[14:01:49]: "INF(14:01:49.115):Disconnect by user" 
Debug[14:01:49]: log_breakpoint 
Debug[14:01:49]: 5 
Debug[14:01:49]: signal in logmode 
Debug[14:01:49]: "INF(14:01:49.131):Disconnect by user" 
Debug[14:01:49]: log_breakpoint 
Debug[14:01:49]: 5 
Warning[14:01:55]: QObject::connect: Cannot connect LocalServer::log(int,QString) to (null)::slot_addLog(int,QString)
Debug[14:01:55]: LocalServer:new "\\.\pipe\DSI3PAS" 
Debug[14:01:55]: Register specific 
Debug[14:01:56]: DynScaleCaclulate 
Debug[14:01:56]: "init 2 UartUartController" 
Debug[14:01:56]: Ok 
Debug[14:01:56]: "init 3 UartSpiController" 
Debug[14:01:56]: Ok 
Debug[14:01:56]: "init 4 UartSsiController" 
Debug[14:01:56]: Ok 
Debug[14:01:56]: "init 5 DSI3Master" 
Debug[14:01:56]: Ok 
Debug[14:01:56]: "init 6 ASICMaster" 
Debug[14:01:56]: Ok 
Debug[14:01:56]: "init 7 RDUMMaster" 
Debug[14:01:56]: Ok 
Debug[14:01:56]: "init 8 DSI3Slave" 
Debug[14:01:56]: Ok 
Debug[14:01:56]: "init 9 Measurement" 
Debug[14:01:57]: Ok 
Debug[14:01:57]: "init 10 CFARsim" 
Debug[14:01:57]: Ok 
Debug[14:01:57]: MainApp Starting... 
Debug[14:01:57]: Add applets to MainWindow...
 
Debug[14:01:57]: Initialize Connection... 
Debug[14:01:58]: signal in logmode 
Debug[14:01:58]: "INF(14:01:58.285):Mode is OK" 
Debug[14:01:58]: log_breakpoint 
Debug[14:01:58]: 5 
Debug[14:01:58]: signal in logmode 
Debug[14:01:58]: "INF(14:01:58.288):Attempt" 
Debug[14:01:58]: log_breakpoint 
Debug[14:01:58]: 5 
Debug[14:01:58]: signal in logmode 
Debug[14:01:58]: "INF(14:01:58.593):Attempt" 
Debug[14:01:58]: log_breakpoint 
Debug[14:01:58]: 5 
Debug[14:01:58]: signal in logmode 
Debug[14:01:58]: "INF(14:01:58.904):Attempt" 
Debug[14:01:58]: log_breakpoint 
Debug[14:01:58]: 5 
Debug[14:01:59]: signal in logmode 
Debug[14:01:59]: "INF(14:01:59.217):Mode is OK" 
Debug[14:01:59]: log_breakpoint 
Debug[14:01:59]: 5 
Debug[14:01:59]: signal in logmode 
Debug[14:01:59]: "INF(14:01:59.220):Attempt" 
Debug[14:01:59]: log_breakpoint 
Debug[14:01:59]: 5 
Debug[14:01:59]: signal in logmode 
Debug[14:01:59]: "INF(14:01:59.526):Attempt" 
Debug[14:01:59]: log_breakpoint 
Debug[14:01:59]: 5 
Debug[14:01:59]: signal in logmode 
Debug[14:01:59]: "INF(14:01:59.836):Attempt" 
Debug[14:01:59]: log_breakpoint 
Debug[14:01:59]: 5 
Debug[14:02:00]: signal in logmode 
Debug[14:02:00]: "INF(14:02:00.148):Mode is OK" 
Debug[14:02:00]: log_breakpoint 
Debug[14:02:00]: 5 
Debug[14:02:00]: signal in logmode 
Debug[14:02:00]: "INF(14:02:00.152):Attempt" 
Debug[14:02:00]: log_breakpoint 
Debug[14:02:00]: 5 
Debug[14:02:00]: signal in logmode 
Debug[14:02:00]: "INF(14:02:00.321):Mode is OK" 
Debug[14:02:00]: log_breakpoint 
Debug[14:02:00]: 5 
Debug[14:02:00]: signal in logmode 
Debug[14:02:00]: "INF(14:02:00.322):Attempt" 
Debug[14:02:00]: log_breakpoint 
Debug[14:02:00]: 5 
Debug[14:02:00]: signal in logmode 
Debug[14:02:00]: "INF(14:02:00.633):Attempt" 
Debug[14:02:00]: log_breakpoint 
Debug[14:02:00]: 5 
Debug[14:02:00]: signal in logmode 
Debug[14:02:00]: "INF(14:02:00.944):Attempt" 
Debug[14:02:00]: log_breakpoint 
Debug[14:02:00]: 5 
Debug[14:02:01]: signal in logmode 
Debug[14:02:01]: "INF(14:02:01.254):Mode is OK" 
Debug[14:02:01]: log_breakpoint 
Debug[14:02:01]: 5 
Debug[14:02:01]: signal in logmode 
Debug[14:02:01]: "INF(14:02:01.258):Attempt" 
Debug[14:02:01]: log_breakpoint 
Debug[14:02:01]: 5 
Debug[14:02:01]: signal in logmode 
Debug[14:02:01]: "INF(14:02:01.566):Attempt" 
Debug[14:02:01]: log_breakpoint 
Debug[14:02:01]: 5 
Debug[14:02:01]: signal in logmode 
Debug[14:02:01]: "INF(14:02:01.878):Attempt" 
Debug[14:02:01]: log_breakpoint 
Debug[14:02:01]: 5 
Debug[14:02:02]: signal in logmode 
Debug[14:02:02]: "INF(14:02:02.190):Mode is OK" 
Debug[14:02:02]: log_breakpoint 
Debug[14:02:02]: 5 
Debug[14:02:02]: signal in logmode 
Debug[14:02:02]: "INF(14:02:02.194):Attempt" 
Debug[14:02:02]: log_breakpoint 
Debug[14:02:02]: 5 
Debug[14:02:02]: signal in logmode 
Debug[14:02:02]: "INF(14:02:02.501):Attempt" 
Debug[14:02:02]: log_breakpoint 
Debug[14:02:02]: 5 
Debug[14:02:02]: signal in logmode 
Debug[14:02:02]: "INF(14:02:02.813):Attempt" 
Debug[14:02:02]: log_breakpoint 
Debug[14:02:02]: 5 
Warning[14:02:03]: QFileSystemWatcher: failed to add paths: C:/REPO/DSI3PAS2_workingdir/DSI3PAS2/Software/bin/ULSEverification_configfiles, C:/REPO/DSI3PAS2_workingdir/DSI3PAS2/Software/bin/ConfigFiles_29_1_2021_Jiri_MOBIS, C:/Users/fg6cnq/Desktop/DSI3PAS2_UART_QtSW_20210129_1511, C:/Users/zbdn9w/Desktop/Temp/CFAR QT uprava ToF, C:/Users/zbdn9w/Desktop/Temp/CFAR QT Komprimace do CSV, U:/Dokumenty/MOBIS/Crosstalk 11-2021
Debug[14:02:07]: signal in logmode 
Debug[14:02:07]: "INF(14:02:07.995):Mode is OK" 
Debug[14:02:07]: log_breakpoint 
Debug[14:02:07]: 5 
Debug[14:02:07]: signal in logmode 
Debug[14:02:07]: "INF(14:02:07.997):Attempt" 
Debug[14:02:07]: log_breakpoint 
Debug[14:02:07]: 5 
Debug[14:02:08]: signal in logmode 
Debug[14:02:08]: "INF(14:02:08.304):Attempt" 
Debug[14:02:08]: log_breakpoint 
Debug[14:02:08]: 5 
Debug[14:02:08]: signal in logmode 
Debug[14:02:08]: "INF(14:02:08.619):Attempt" 
Debug[14:02:08]: log_breakpoint 
Debug[14:02:08]: 5 
Debug[14:02:08]: signal in logmode 
Debug[14:02:08]: "INF(14:02:08.926):Mode is OK" 
Debug[14:02:08]: log_breakpoint 
Debug[14:02:08]: 5 
Debug[14:02:08]: signal in logmode 
Debug[14:02:08]: "INF(14:02:08.930):Attempt" 
Debug[14:02:08]: log_breakpoint 
Debug[14:02:08]: 5 
Debug[14:02:09]: signal in logmode 
Debug[14:02:09]: "INF(14:02:09.239):Attempt" 
Debug[14:02:09]: log_breakpoint 
Debug[14:02:09]: 5 
Debug[14:02:09]: signal in logmode 
Debug[14:02:09]: "INF(14:02:09.549):Attempt" 
Debug[14:02:09]: log_breakpoint 
Debug[14:02:09]: 5 
Debug[14:02:09]: signal in logmode 
Debug[14:02:09]: "INF(14:02:09.864):Mode is OK" 
Debug[14:02:09]: log_breakpoint 
Debug[14:02:09]: 5 
Debug[14:02:09]: signal in logmode 
Debug[14:02:09]: "INF(14:02:09.868):Attempt" 
Debug[14:02:09]: log_breakpoint 
Debug[14:02:09]: 5 
Debug[14:02:09]: signal in logmode 
Debug[14:02:09]: "INF(14:02:09.896):RDUM master connected" 
Debug[14:02:09]: log_breakpoint 
Debug[14:02:09]: 5 
Debug[14:02:09]: signal in logmode 
Debug[14:02:09]: "INF(14:02:09.900):Connected to \\.\COM26" 
Debug[14:02:09]: log_breakpoint 
Debug[14:02:09]: 5 
Warning[14:02:09]: Could not parse stylesheet of widget 0x2f576a8
Debug[14:02:09]: "Resume:Logs" 
Debug[14:02:09]: "Resume:Settings" 
Debug[14:02:09]: "Resume:UartUartController" 
Debug[14:02:09]: "Resume:UartSpiController" 
Debug[14:02:09]: "Resume:UartSsiController" 
Debug[14:02:09]: "Resume:DSI3Master" 
Debug[14:02:09]: "Resume:ASICMaster" 
Debug[14:02:09]: "Resume:RDUMMaster" 
Debug[14:02:09]: "Resume:DSI3Slave" 
Debug[14:02:09]: "Resume:Measurement" 
Debug[14:02:09]: "Resume:CFARsim" 
Debug[14:12:26]: "Suspend:Settings" 
Debug[14:12:26]: "Suspend:UartUartController" 
Debug[14:12:26]: "Suspend:UartSpiController" 
Debug[14:12:26]: "Suspend:UartSsiController" 
Debug[14:12:26]: "Suspend:DSI3Master" 
Debug[14:12:26]: "Suspend:ASICMaster" 
Debug[14:12:26]: "Suspend:RDUMMaster" 
Debug[14:12:26]: "Suspend:DSI3Slave" 
Debug[14:12:26]: "Suspend:Measurement" 
Debug[14:12:26]: "Suspend:CFARsim" 
Debug[14:12:26]: signal in logmode 
Debug[14:12:26]: "INF(14:12:26.978):Disconnect by user" 
Debug[14:12:26]: log_breakpoint 
Debug[14:12:26]: 5 
Debug[14:12:27]: signal in logmode 
Debug[14:12:27]: "INF(14:12:27.127):Disconnect by user" 
Debug[14:12:27]: log_breakpoint 
Debug[14:12:27]: 5 
Warning[14:15:32]: QObject::connect: Cannot connect LocalServer::log(int,QString) to (null)::slot_addLog(int,QString)
Debug[14:15:32]: LocalServer:new "\\.\pipe\DSI3PAS" 
Debug[14:15:32]: Register specific 
Debug[14:15:32]: DynScaleCaclulate 
Debug[14:15:33]: "init 2 UartUartController" 
Debug[14:15:33]: Ok 
Debug[14:15:33]: "init 3 UartSpiController" 
Debug[14:15:33]: Ok 
Debug[14:15:33]: "init 4 UartSsiController" 
Debug[14:15:33]: Ok 
Debug[14:15:33]: "init 5 DSI3Master" 
Debug[14:15:33]: Ok 
Debug[14:15:33]: "init 6 ASICMaster" 
Debug[14:15:33]: Ok 
Debug[14:15:33]: "init 7 RDUMMaster" 
Debug[14:15:33]: Ok 
Debug[14:15:33]: "init 8 DSI3Slave" 
Debug[14:15:33]: Ok 
Debug[14:15:33]: "init 9 Measurement" 
Debug[14:15:34]: Ok 
Debug[14:15:34]: "init 10 CFARsim" 
Debug[14:15:34]: Ok 
Debug[14:15:34]: MainApp Starting... 
Debug[14:15:34]: Add applets to MainWindow...
 
Debug[14:15:34]: Initialize Connection... 
Debug[14:15:35]: signal in logmode 
Debug[14:15:35]: "INF(14:15:35.106):Mode is OK" 
Debug[14:15:35]: log_breakpoint 
Debug[14:15:35]: 5 
Debug[14:15:35]: signal in logmode 
Debug[14:15:35]: "INF(14:15:35.110):Attempt" 
Debug[14:15:35]: log_breakpoint 
Debug[14:15:35]: 5 
Debug[14:15:35]: signal in logmode 
Debug[14:15:35]: "INF(14:15:35.432):Attempt" 
Debug[14:15:35]: log_breakpoint 
Debug[14:15:35]: 5 
Debug[14:15:35]: signal in logmode 
Debug[14:15:35]: "INF(14:15:35.743):Attempt" 
Debug[14:15:35]: log_breakpoint 
Debug[14:15:35]: 5 
Debug[14:15:36]: signal in logmode 
Debug[14:15:36]: "INF(14:15:36.056):Mode is OK" 
Debug[14:15:36]: log_breakpoint 
Debug[14:15:36]: 5 
Debug[14:15:36]: signal in logmode 
Debug[14:15:36]: "INF(14:15:36.060):Attempt" 
Debug[14:15:36]: log_breakpoint 
Debug[14:15:36]: 5 
Debug[14:15:36]: signal in logmode 
Debug[14:15:36]: "INF(14:15:36.366):Attempt" 
Debug[14:15:36]: log_breakpoint 
Debug[14:15:36]: 5 
Debug[14:15:36]: signal in logmode 
Debug[14:15:36]: "INF(14:15:36.680):Attempt" 
Debug[14:15:36]: log_breakpoint 
Debug[14:15:36]: 5 
Debug[14:15:36]: signal in logmode 
Debug[14:15:36]: "INF(14:15:36.992):Mode is OK" 
Debug[14:15:36]: log_breakpoint 
Debug[14:15:36]: 5 
Debug[14:15:36]: signal in logmode 
Debug[14:15:36]: "INF(14:15:36.994):Attempt" 
Debug[14:15:36]: log_breakpoint 
Debug[14:15:36]: 5 
Debug[14:15:37]: signal in logmode 
Debug[14:15:37]: "INF(14:15:37.153):Mode is OK" 
Debug[14:15:37]: log_breakpoint 
Debug[14:15:37]: 5 
Debug[14:15:37]: signal in logmode 
Debug[14:15:37]: "INF(14:15:37.156):Attempt" 
Debug[14:15:37]: log_breakpoint 
Debug[14:15:37]: 5 
Debug[14:15:37]: signal in logmode 
Debug[14:15:37]: "INF(14:15:37.477):Attempt" 
Debug[14:15:37]: log_breakpoint 
Debug[14:15:37]: 5 
Debug[14:15:37]: signal in logmode 
Debug[14:15:37]: "INF(14:15:37.786):Attempt" 
Debug[14:15:37]: log_breakpoint 
Debug[14:15:37]: 5 
Debug[14:15:38]: signal in logmode 
Debug[14:15:38]: "INF(14:15:38.100):Mode is OK" 
Debug[14:15:38]: log_breakpoint 
Debug[14:15:38]: 5 
Debug[14:15:38]: signal in logmode 
Debug[14:15:38]: "INF(14:15:38.103):Attempt" 
Debug[14:15:38]: log_breakpoint 
Debug[14:15:38]: 5 
Debug[14:15:38]: signal in logmode 
Debug[14:15:38]: "INF(14:15:38.411):Attempt" 
Debug[14:15:38]: log_breakpoint 
Debug[14:15:38]: 5 
Debug[14:15:38]: signal in logmode 
Debug[14:15:38]: "INF(14:15:38.726):Attempt" 
Debug[14:15:38]: log_breakpoint 
Debug[14:15:38]: 5 
Debug[14:15:39]: signal in logmode 
Debug[14:15:39]: "INF(14:15:39.040):Mode is OK" 
Debug[14:15:39]: log_breakpoint 
Debug[14:15:39]: 5 
Debug[14:15:39]: signal in logmode 
Debug[14:15:39]: "INF(14:15:39.044):Attempt" 
Debug[14:15:39]: log_breakpoint 
Debug[14:15:39]: 5 
Debug[14:15:39]: signal in logmode 
Debug[14:15:39]: "INF(14:15:39.352):Attempt" 
Debug[14:15:39]: log_breakpoint 
Debug[14:15:39]: 5 
Debug[14:15:39]: signal in logmode 
Debug[14:15:39]: "INF(14:15:39.664):Attempt" 
Debug[14:15:39]: log_breakpoint 
Debug[14:15:39]: 5 
Warning[14:15:40]: QFileSystemWatcher: failed to add paths: C:/REPO/DSI3PAS2_workingdir/DSI3PAS2/Software/bin/ULSEverification_configfiles, C:/REPO/DSI3PAS2_workingdir/DSI3PAS2/Software/bin/ConfigFiles_29_1_2021_Jiri_MOBIS, C:/Users/fg6cnq/Desktop/DSI3PAS2_UART_QtSW_20210129_1511, C:/Users/zbdn9w/Desktop/Temp/CFAR QT uprava ToF, C:/Users/zbdn9w/Desktop/Temp/CFAR QT Komprimace do CSV, U:/Dokumenty/MOBIS/Crosstalk 11-2021
Debug[14:15:43]: signal in logmode 
Debug[14:15:43]: "INF(14:15:43.949):Mode is OK" 
Debug[14:15:43]: log_breakpoint 
Debug[14:15:43]: 5 
Debug[14:15:43]: signal in logmode 
Debug[14:15:43]: "INF(14:15:43.952):Attempt" 
Debug[14:15:43]: log_breakpoint 
Debug[14:15:43]: 5 
Debug[14:15:44]: signal in logmode 
Debug[14:15:44]: "INF(14:15:44.270):Attempt" 
Debug[14:15:44]: log_breakpoint 
Debug[14:15:44]: 5 
Debug[14:15:44]: signal in logmode 
Debug[14:15:44]: "INF(14:15:44.582):Attempt" 
Debug[14:15:44]: log_breakpoint 
Debug[14:15:44]: 5 
Debug[14:15:44]: signal in logmode 
Debug[14:15:44]: "INF(14:15:44.894):Mode is OK" 
Debug[14:15:44]: log_breakpoint 
Debug[14:15:44]: 5 
Debug[14:15:44]: signal in logmode 
Debug[14:15:44]: "INF(14:15:44.898):Attempt" 
Debug[14:15:44]: log_breakpoint 
Debug[14:15:44]: 5 
Debug[14:15:45]: signal in logmode 
Debug[14:15:45]: "INF(14:15:45.204):Attempt" 
Debug[14:15:45]: log_breakpoint 
Debug[14:15:45]: 5 
Debug[14:15:45]: signal in logmode 
Debug[14:15:45]: "INF(14:15:45.518):Attempt" 
Debug[14:15:45]: log_breakpoint 
Debug[14:15:45]: 5 
Debug[14:15:45]: signal in logmode 
Debug[14:15:45]: "INF(14:15:45.831):Mode is OK" 
Debug[14:15:45]: log_breakpoint 
Debug[14:15:45]: 5 
Debug[14:15:45]: signal in logmode 
Debug[14:15:45]: "INF(14:15:45.834):Attempt" 
Debug[14:15:45]: log_breakpoint 
Debug[14:15:45]: 5 
Debug[14:15:45]: signal in logmode 
Debug[14:15:45]: "INF(14:15:45.863):RDUM master connected" 
Debug[14:15:45]: log_breakpoint 
Debug[14:15:45]: 5 
Debug[14:15:45]: signal in logmode 
Debug[14:15:45]: "INF(14:15:45.866):Connected to \\.\COM26" 
Debug[14:15:45]: log_breakpoint 
Debug[14:15:45]: 5 
Warning[14:15:45]: Could not parse stylesheet of widget 0x2ea6e88
Debug[14:15:45]: "Resume:Logs" 
Debug[14:15:45]: "Resume:Settings" 
Debug[14:15:45]: "Resume:UartUartController" 
Debug[14:15:45]: "Resume:UartSpiController" 
Debug[14:15:45]: "Resume:UartSsiController" 
Debug[14:15:45]: "Resume:DSI3Master" 
Debug[14:15:45]: "Resume:ASICMaster" 
Debug[14:15:45]: "Resume:RDUMMaster" 
Debug[14:15:45]: "Resume:DSI3Slave" 
Debug[14:15:45]: "Resume:Measurement" 
Debug[14:15:45]: "Resume:CFARsim" 
Debug[14:16:44]: "Suspend:Settings" 
Debug[14:16:44]: "Suspend:UartUartController" 
Debug[14:16:44]: "Suspend:UartSpiController" 
Debug[14:16:44]: "Suspend:UartSsiController" 
Debug[14:16:44]: "Suspend:DSI3Master" 
Debug[14:16:44]: "Suspend:ASICMaster" 
Debug[14:16:44]: "Suspend:RDUMMaster" 
Debug[14:16:44]: "Suspend:DSI3Slave" 
Debug[14:16:44]: "Suspend:Measurement" 
Debug[14:16:44]: "Suspend:CFARsim" 
Debug[14:16:44]: signal in logmode 
Debug[14:16:44]: "INF(14:16:44.226):Disconnect by user" 
Debug[14:16:44]: log_breakpoint 
Debug[14:16:44]: 5 
Debug[14:16:44]: signal in logmode 
Debug[14:16:44]: "INF(14:16:44.363):Disconnect by user" 
Debug[14:16:44]: log_breakpoint 
Debug[14:16:44]: 5 
Warning[14:17:08]: QObject::connect: Cannot connect LocalServer::log(int,QString) to (null)::slot_addLog(int,QString)
Debug[14:17:08]: LocalServer:new "\\.\pipe\DSI3PAS" 
Debug[14:17:08]: Register specific 
Debug[14:17:09]: DynScaleCaclulate 
Debug[14:17:09]: "init 2 UartUartController" 
Debug[14:17:09]: Ok 
Debug[14:17:09]: "init 3 UartSpiController" 
Debug[14:17:09]: Ok 
Debug[14:17:09]: "init 4 UartSsiController" 
Debug[14:17:09]: Ok 
Debug[14:17:09]: "init 5 DSI3Master" 
Debug[14:17:09]: Ok 
Debug[14:17:09]: "init 6 ASICMaster" 
Debug[14:17:09]: Ok 
Debug[14:17:09]: "init 7 RDUMMaster" 
Debug[14:17:09]: Ok 
Debug[14:17:09]: "init 8 DSI3Slave" 
Debug[14:17:10]: Ok 
Debug[14:17:10]: "init 9 Measurement" 
Debug[14:17:10]: Ok 
Debug[14:17:10]: "init 10 CFARsim" 
Debug[14:17:10]: Ok 
Debug[14:17:10]: MainApp Starting... 
Debug[14:17:11]: Add applets to MainWindow...
 
Debug[14:17:11]: Initialize Connection... 
Debug[14:17:11]: signal in logmode 
Debug[14:17:11]: "INF(14:17:11.481):Mode is OK" 
Debug[14:17:11]: log_breakpoint 
Debug[14:17:11]: 5 
Debug[14:17:11]: signal in logmode 
Debug[14:17:11]: "INF(14:17:11.483):Attempt" 
Debug[14:17:11]: log_breakpoint 
Debug[14:17:11]: 5 
Debug[14:17:11]: signal in logmode 
Debug[14:17:11]: "INF(14:17:11.804):Attempt" 
Debug[14:17:11]: log_breakpoint 
Debug[14:17:11]: 5 
Debug[14:17:12]: signal in logmode 
Debug[14:17:12]: "INF(14:17:12.117):Attempt" 
Debug[14:17:12]: log_breakpoint 
Debug[14:17:12]: 5 
Debug[14:17:12]: signal in logmode 
Debug[14:17:12]: "INF(14:17:12.430):Mode is OK" 
Debug[14:17:12]: log_breakpoint 
Debug[14:17:12]: 5 
Debug[14:17:12]: signal in logmode 
Debug[14:17:12]: "INF(14:17:12.433):Attempt" 
Debug[14:17:12]: log_breakpoint 
Debug[14:17:12]: 5 
Debug[14:17:12]: signal in logmode 
Debug[14:17:12]: "INF(14:17:12.741):Attempt" 
Debug[14:17:12]: log_breakpoint 
Debug[14:17:12]: 5 
Debug[14:17:13]: signal in logmode 
Debug[14:17:13]: "INF(14:17:13.054):Attempt" 
Debug[14:17:13]: log_breakpoint 
Debug[14:17:13]: 5 
Debug[14:17:13]: signal in logmode 
Debug[14:17:13]: "INF(14:17:13.365):Mode is OK" 
Debug[14:17:13]: log_breakpoint 
Debug[14:17:13]: 5 
Debug[14:17:13]: signal in logmode 
Debug[14:17:13]: "INF(14:17:13.369):Attempt" 
Debug[14:17:13]: log_breakpoint 
Debug[14:17:13]: 5 
Debug[14:17:13]: signal in logmode 
Debug[14:17:13]: "INF(14:17:13.527):Mode is OK" 
Debug[14:17:13]: log_breakpoint 
Debug[14:17:13]: 5 
Debug[14:17:13]: signal in logmode 
Debug[14:17:13]: "INF(14:17:13.530):Attempt" 
Debug[14:17:13]: log_breakpoint 
Debug[14:17:13]: 5 
Debug[14:17:13]: signal in logmode 
Debug[14:17:13]: "INF(14:17:13.844):Attempt" 
Debug[14:17:13]: log_breakpoint 
Debug[14:17:13]: 5 
Debug[14:17:14]: signal in logmode 
Debug[14:17:14]: "INF(14:17:14.158):Attempt" 
Debug[14:17:14]: log_breakpoint 
Debug[14:17:14]: 5 
Debug[14:17:14]: signal in logmode 
Debug[14:17:14]: "INF(14:17:14.470):Mode is OK" 
Debug[14:17:14]: log_breakpoint 
Debug[14:17:14]: 5 
Debug[14:17:14]: signal in logmode 
Debug[14:17:14]: "INF(14:17:14.472):Attempt" 
Debug[14:17:14]: log_breakpoint 
Debug[14:17:14]: 5 
Debug[14:17:14]: signal in logmode 
Debug[14:17:14]: "INF(14:17:14.783):Attempt" 
Debug[14:17:14]: log_breakpoint 
Debug[14:17:14]: 5 
Debug[14:17:15]: signal in logmode 
Debug[14:17:15]: "INF(14:17:15.092):Attempt" 
Debug[14:17:15]: log_breakpoint 
Debug[14:17:15]: 5 
Debug[14:17:15]: signal in logmode 
Debug[14:17:15]: "INF(14:17:15.406):Mode is OK" 
Debug[14:17:15]: log_breakpoint 
Debug[14:17:15]: 5 
Debug[14:17:15]: signal in logmode 
Debug[14:17:15]: "INF(14:17:15.407):Attempt" 
Debug[14:17:15]: log_breakpoint 
Debug[14:17:15]: 5 
Debug[14:17:15]: signal in logmode 
Debug[14:17:15]: "INF(14:17:15.720):Attempt" 
Debug[14:17:15]: log_breakpoint 
Debug[14:17:15]: 5 
Debug[14:17:16]: signal in logmode 
Debug[14:17:16]: "INF(14:17:16.032):Attempt" 
Debug[14:17:16]: log_breakpoint 
Debug[14:17:16]: 5 
Warning[14:17:16]: QFileSystemWatcher: failed to add paths: C:/REPO/DSI3PAS2_workingdir/DSI3PAS2/Software/bin/ULSEverification_configfiles, C:/REPO/DSI3PAS2_workingdir/DSI3PAS2/Software/bin/ConfigFiles_29_1_2021_Jiri_MOBIS, C:/Users/fg6cnq/Desktop/DSI3PAS2_UART_QtSW_20210129_1511, C:/Users/zbdn9w/Desktop/Temp/CFAR QT uprava ToF, C:/Users/zbdn9w/Desktop/Temp/CFAR QT Komprimace do CSV, U:/Dokumenty/MOBIS/Crosstalk 11-2021
Debug[14:17:19]: signal in logmode 
Debug[14:17:19]: "INF(14:17:19.999):Mode is OK" 
Debug[14:17:20]: log_breakpoint 
Debug[14:17:20]: 5 
Debug[14:17:20]: signal in logmode 
Debug[14:17:20]: "INF(14:17:20.002):Attempt" 
Debug[14:17:20]: log_breakpoint 
Debug[14:17:20]: 5 
Debug[14:17:20]: signal in logmode 
Debug[14:17:20]: "INF(14:17:20.317):Attempt" 
Debug[14:17:20]: log_breakpoint 
Debug[14:17:20]: 5 
Debug[14:17:20]: signal in logmode 
Debug[14:17:20]: "INF(14:17:20.627):Attempt" 
Debug[14:17:20]: log_breakpoint 
Debug[14:17:20]: 5 
Debug[14:17:20]: signal in logmode 
Debug[14:17:20]: "INF(14:17:20.936):Mode is OK" 
Debug[14:17:20]: log_breakpoint 
Debug[14:17:20]: 5 
Debug[14:17:20]: signal in logmode 
Debug[14:17:20]: "INF(14:17:20.939):Attempt" 
Debug[14:17:20]: log_breakpoint 
Debug[14:17:20]: 5 
Debug[14:17:21]: signal in logmode 
Debug[14:17:21]: "INF(14:17:21.250):Attempt" 
Debug[14:17:21]: log_breakpoint 
Debug[14:17:21]: 5 
Debug[14:17:21]: signal in logmode 
Debug[14:17:21]: "INF(14:17:21.562):Attempt" 
Debug[14:17:21]: log_breakpoint 
Debug[14:17:21]: 5 
Debug[14:17:21]: signal in logmode 
Debug[14:17:21]: "INF(14:17:21.875):Mode is OK" 
Debug[14:17:21]: log_breakpoint 
Debug[14:17:21]: 5 
Debug[14:17:21]: signal in logmode 
Debug[14:17:21]: "INF(14:17:21.879):Attempt" 
Debug[14:17:21]: log_breakpoint 
Debug[14:17:21]: 5 
Debug[14:17:21]: signal in logmode 
Debug[14:17:21]: "INF(14:17:21.884):RDUM master connected" 
Debug[14:17:21]: log_breakpoint 
Debug[14:17:21]: 5 
Debug[14:17:21]: signal in logmode 
Debug[14:17:21]: "INF(14:17:21.886):Connected to \\.\COM26" 
Debug[14:17:21]: log_breakpoint 
Debug[14:17:21]: 5 
Warning[14:17:21]: Could not parse stylesheet of widget 0x37b7788
Debug[14:17:21]: "Resume:Logs" 
Debug[14:17:21]: "Resume:Settings" 
Debug[14:17:21]: "Resume:UartUartController" 
Debug[14:17:21]: "Resume:UartSpiController" 
Debug[14:17:21]: "Resume:UartSsiController" 
Debug[14:17:21]: "Resume:DSI3Master" 
Debug[14:17:21]: "Resume:ASICMaster" 
Debug[14:17:21]: "Resume:RDUMMaster" 
Debug[14:17:21]: "Resume:DSI3Slave" 
Debug[14:17:21]: "Resume:Measurement" 
Debug[14:17:21]: "Resume:CFARsim" 
Debug[14:19:28]: "Suspend:Settings" 
Debug[14:19:28]: "Suspend:UartUartController" 
Debug[14:19:28]: "Suspend:UartSpiController" 
Debug[14:19:28]: "Suspend:UartSsiController" 
Debug[14:19:28]: "Suspend:DSI3Master" 
Debug[14:19:28]: "Suspend:ASICMaster" 
Debug[14:19:28]: "Suspend:RDUMMaster" 
Debug[14:19:28]: "Suspend:DSI3Slave" 
Debug[14:19:28]: "Suspend:Measurement" 
Debug[14:19:28]: "Suspend:CFARsim" 
Debug[14:19:28]: signal in logmode 
Debug[14:19:28]: "INF(14:19:28.433):Disconnect by user" 
Debug[14:19:28]: log_breakpoint 
Debug[14:19:28]: 5 
Debug[14:19:28]: signal in logmode 
Debug[14:19:28]: "INF(14:19:28.581):Disconnect by user" 
Debug[14:19:28]: log_breakpoint 
Debug[14:19:28]: 5 
Warning[14:19:42]: QObject::connect: Cannot connect LocalServer::log(int,QString) to (null)::slot_addLog(int,QString)
Debug[14:19:42]: LocalServer:new "\\.\pipe\DSI3PAS" 
Debug[14:19:43]: Register specific 
Debug[14:19:43]: DynScaleCaclulate 
Debug[14:19:43]: "init 2 UartUartController" 
Debug[14:19:43]: Ok 
Debug[14:19:43]: "init 3 UartSpiController" 
Debug[14:19:43]: Ok 
Debug[14:19:43]: "init 4 UartSsiController" 
Debug[14:19:43]: Ok 
Debug[14:19:43]: "init 5 DSI3Master" 
Debug[14:19:43]: Ok 
Debug[14:19:43]: "init 6 ASICMaster" 
Debug[14:19:43]: Ok 
Debug[14:19:43]: "init 7 RDUMMaster" 
Debug[14:19:43]: Ok 
Debug[14:19:43]: "init 8 DSI3Slave" 
Debug[14:19:44]: Ok 
Debug[14:19:44]: "init 9 Measurement" 
Debug[14:19:44]: Ok 
Debug[14:19:44]: "init 10 CFARsim" 
Debug[14:19:44]: Ok 
Debug[14:19:44]: MainApp Starting... 
Debug[14:19:45]: Add applets to MainWindow...
 
Debug[14:19:45]: Initialize Connection... 
Debug[14:19:45]: signal in logmode 
Debug[14:19:45]: "INF(14:19:45.676):Mode is OK" 
Debug[14:19:45]: log_breakpoint 
Debug[14:19:45]: 5 
Debug[14:19:45]: signal in logmode 
Debug[14:19:45]: "INF(14:19:45.679):Attempt" 
Debug[14:19:45]: log_breakpoint 
Debug[14:19:45]: 5 
Debug[14:19:45]: signal in logmode 
Debug[14:19:45]: "INF(14:19:45.999):Attempt" 
Debug[14:19:46]: log_breakpoint 
Debug[14:19:46]: 5 
Debug[14:19:46]: signal in logmode 
Debug[14:19:46]: "INF(14:19:46.312):Attempt" 
Debug[14:19:46]: log_breakpoint 
Debug[14:19:46]: 5 
Debug[14:19:46]: signal in logmode 
Debug[14:19:46]: "INF(14:19:46.623):Mode is OK" 
Debug[14:19:46]: log_breakpoint 
Debug[14:19:46]: 5 
Debug[14:19:46]: signal in logmode 
Debug[14:19:46]: "INF(14:19:46.624):Attempt" 
Debug[14:19:46]: log_breakpoint 
Debug[14:19:46]: 5 
Debug[14:19:46]: signal in logmode 
Debug[14:19:46]: "INF(14:19:46.934):Attempt" 
Debug[14:19:46]: log_breakpoint 
Debug[14:19:46]: 5 
Debug[14:19:47]: signal in logmode 
Debug[14:19:47]: "INF(14:19:47.249):Attempt" 
Debug[14:19:47]: log_breakpoint 
Debug[14:19:47]: 5 
Debug[14:19:47]: signal in logmode 
Debug[14:19:47]: "INF(14:19:47.558):Mode is OK" 
Debug[14:19:47]: log_breakpoint 
Debug[14:19:47]: 5 
Debug[14:19:47]: signal in logmode 
Debug[14:19:47]: "INF(14:19:47.562):Attempt" 
Debug[14:19:47]: log_breakpoint 
Debug[14:19:47]: 5 
Debug[14:19:47]: signal in logmode 
Debug[14:19:47]: "INF(14:19:47.717):Mode is OK" 
Debug[14:19:47]: log_breakpoint 
Debug[14:19:47]: 5 
Debug[14:19:47]: signal in logmode 
Debug[14:19:47]: "INF(14:19:47.720):Attempt" 
Debug[14:19:47]: log_breakpoint 
Debug[14:19:47]: 5 
Debug[14:19:48]: signal in logmode 
Debug[14:19:48]: "INF(14:19:48.039):Attempt" 
Debug[14:19:48]: log_breakpoint 
Debug[14:19:48]: 5 
Debug[14:19:48]: signal in logmode 
Debug[14:19:48]: "INF(14:19:48.350):Attempt" 
Debug[14:19:48]: log_breakpoint 
Debug[14:19:48]: 5 
Debug[14:19:48]: signal in logmode 
Debug[14:19:48]: "INF(14:19:48.662):Mode is OK" 
Debug[14:19:48]: log_breakpoint 
Debug[14:19:48]: 5 
Debug[14:19:48]: signal in logmode 
Debug[14:19:48]: "INF(14:19:48.664):Attempt" 
Debug[14:19:48]: log_breakpoint 
Debug[14:19:48]: 5 
Debug[14:19:48]: signal in logmode 
Debug[14:19:48]: "INF(14:19:48.976):Attempt" 
Debug[14:19:48]: log_breakpoint 
Debug[14:19:48]: 5 
Debug[14:19:49]: signal in logmode 
Debug[14:19:49]: "INF(14:19:49.286):Attempt" 
Debug[14:19:49]: log_breakpoint 
Debug[14:19:49]: 5 
Debug[14:19:49]: signal in logmode 
Debug[14:19:49]: "INF(14:19:49.599):Mode is OK" 
Debug[14:19:49]: log_breakpoint 
Debug[14:19:49]: 5 
Debug[14:19:49]: signal in logmode 
Debug[14:19:49]: "INF(14:19:49.603):Attempt" 
Debug[14:19:49]: log_breakpoint 
Debug[14:19:49]: 5 
Debug[14:19:49]: signal in logmode 
Debug[14:19:49]: "INF(14:19:49.910):Attempt" 
Debug[14:19:49]: log_breakpoint 
Debug[14:19:49]: 5 
Debug[14:19:50]: signal in logmode 
Debug[14:19:50]: "INF(14:19:50.222):Attempt" 
Debug[14:19:50]: log_breakpoint 
Debug[14:19:50]: 5 
Warning[14:19:50]: QFileSystemWatcher: failed to add paths: C:/REPO/DSI3PAS2_workingdir/DSI3PAS2/Software/bin/ULSEverification_configfiles, C:/REPO/DSI3PAS2_workingdir/DSI3PAS2/Software/bin/ConfigFiles_29_1_2021_Jiri_MOBIS, C:/Users/fg6cnq/Desktop/DSI3PAS2_UART_QtSW_20210129_1511, C:/Users/zbdn9w/Desktop/Temp/CFAR QT uprava ToF, C:/Users/zbdn9w/Desktop/Temp/CFAR QT Komprimace do CSV, U:/Dokumenty/MOBIS/Crosstalk 11-2021
Debug[14:19:54]: signal in logmode 
Debug[14:19:54]: "INF(14:19:54.591):Mode is OK" 
Debug[14:19:54]: log_breakpoint 
Debug[14:19:54]: 5 
Debug[14:19:54]: signal in logmode 
Debug[14:19:54]: "INF(14:19:54.594):Attempt" 
Debug[14:19:54]: log_breakpoint 
Debug[14:19:54]: 5 
Debug[14:19:54]: signal in logmode 
Debug[14:19:54]: "INF(14:19:54.913):Attempt" 
Debug[14:19:54]: log_breakpoint 
Debug[14:19:54]: 5 
Debug[14:19:55]: signal in logmode 
Debug[14:19:55]: "INF(14:19:55.225):Attempt" 
Debug[14:19:55]: log_breakpoint 
Debug[14:19:55]: 5 
Debug[14:19:55]: signal in logmode 
Debug[14:19:55]: "INF(14:19:55.534):Mode is OK" 
Debug[14:19:55]: log_breakpoint 
Debug[14:19:55]: 5 
Debug[14:19:55]: signal in logmode 
Debug[14:19:55]: "INF(14:19:55.538):Attempt" 
Debug[14:19:55]: log_breakpoint 
Debug[14:19:55]: 5 
Debug[14:19:55]: signal in logmode 
Debug[14:19:55]: "INF(14:19:55.847):Attempt" 
Debug[14:19:55]: log_breakpoint 
Debug[14:19:55]: 5 
Debug[14:19:56]: signal in logmode 
Debug[14:19:56]: "INF(14:19:56.158):Attempt" 
Debug[14:19:56]: log_breakpoint 
Debug[14:19:56]: 5 
Debug[14:19:56]: signal in logmode 
Debug[14:19:56]: "INF(14:19:56.471):Mode is OK" 
Debug[14:19:56]: log_breakpoint 
Debug[14:19:56]: 5 
Debug[14:19:56]: signal in logmode 
Debug[14:19:56]: "INF(14:19:56.476):Attempt" 
Debug[14:19:56]: log_breakpoint 
Debug[14:19:56]: 5 
Debug[14:19:56]: signal in logmode 
Debug[14:19:56]: "INF(14:19:56.502):RDUM master connected" 
Debug[14:19:56]: log_breakpoint 
Debug[14:19:56]: 5 
Debug[14:19:56]: signal in logmode 
Debug[14:19:56]: "INF(14:19:56.506):Connected to \\.\COM26" 
Debug[14:19:56]: log_breakpoint 
Debug[14:19:56]: 5 
Warning[14:19:56]: Could not parse stylesheet of widget 0x3156ea8
Debug[14:19:56]: "Resume:Logs" 
Debug[14:19:56]: "Resume:Settings" 
Debug[14:19:56]: "Resume:UartUartController" 
Debug[14:19:56]: "Resume:UartSpiController" 
Debug[14:19:56]: "Resume:UartSsiController" 
Debug[14:19:56]: "Resume:DSI3Master" 
Debug[14:19:56]: "Resume:ASICMaster" 
Debug[14:19:56]: "Resume:RDUMMaster" 
Debug[14:19:56]: "Resume:DSI3Slave" 
Debug[14:19:56]: "Resume:Measurement" 
Debug[14:19:56]: "Resume:CFARsim" 
Debug[14:26:34]: "Suspend:Settings" 
Debug[14:26:34]: "Suspend:UartUartController" 
Debug[14:26:34]: "Suspend:UartSpiController" 
Debug[14:26:34]: "Suspend:UartSsiController" 
Debug[14:26:34]: "Suspend:DSI3Master" 
Debug[14:26:34]: "Suspend:ASICMaster" 
Debug[14:26:34]: "Suspend:RDUMMaster" 
Debug[14:26:34]: "Suspend:DSI3Slave" 
Debug[14:26:34]: "Suspend:Measurement" 
Debug[14:26:34]: "Suspend:CFARsim" 
Debug[14:26:34]: signal in logmode 
Debug[14:26:34]: "INF(14:26:34.359):Disconnect by user" 
Debug[14:26:34]: log_breakpoint 
Debug[14:26:34]: 5 
Debug[14:26:34]: signal in logmode 
Debug[14:26:34]: "INF(14:26:34.511):Disconnect by user" 
Debug[14:26:34]: log_breakpoint 
Debug[14:26:34]: 5 
