Warning[08:30:55]: QObject::connect: Cannot connect LocalServer::log(int,QString) to (null)::slot_addLog(int,QString)
Debug[08:30:55]: LocalServer:new "\\.\pipe\DSI3PAS" 
Debug[08:30:55]: Register specific 
Debug[08:30:55]: DynScaleCaclulate 
Debug[08:30:55]: "init 2 UartUartController" 
Debug[08:30:55]: Ok 
Debug[08:30:55]: "init 3 UartSpiController" 
Debug[08:30:55]: Ok 
Debug[08:30:55]: "init 4 UartSsiController" 
Debug[08:30:55]: Ok 
Debug[08:30:55]: "init 5 DSI3Master" 
Debug[08:30:55]: Ok 
Debug[08:30:55]: "init 6 ASICMaster" 
Debug[08:30:55]: Ok 
Debug[08:30:55]: "init 7 RDUMMaster" 
Debug[08:30:55]: Ok 
Debug[08:30:55]: "init 8 DSI3Slave" 
Debug[08:30:56]: Ok 
Debug[08:30:56]: "init 9 Measurement" 
Debug[08:30:58]: Ok 
Debug[08:30:58]: "init 10 CFARsim" 
Debug[08:30:58]: Ok 
Debug[08:30:58]: MainApp Starting... 
Debug[08:30:59]: Add applets to MainWindow...
 
Debug[08:30:59]: Initialize Connection... 
Debug[08:30:59]: signal in logmode 
Debug[08:30:59]: "INF(08:30:59.368):Mode is OK" 
Debug[08:30:59]: log_breakpoint 
Debug[08:30:59]: 5 
Debug[08:30:59]: signal in logmode 
Debug[08:30:59]: "INF(08:30:59.372):Attempt" 
Debug[08:30:59]: log_breakpoint 
Debug[08:30:59]: 5 
Debug[08:30:59]: signal in logmode 
Debug[08:30:59]: "INF(08:30:59.676):Attempt" 
Debug[08:30:59]: log_breakpoint 
Debug[08:30:59]: 5 
Debug[08:30:59]: signal in logmode 
Debug[08:30:59]: "INF(08:30:59.990):Attempt" 
Debug[08:30:59]: log_breakpoint 
Debug[08:30:59]: 5 
Debug[08:31:00]: signal in logmode 
Debug[08:31:00]: "INF(08:31:00.304):Mode is OK" 
Debug[08:31:00]: log_breakpoint 
Debug[08:31:00]: 5 
Debug[08:31:00]: signal in logmode 
Debug[08:31:00]: "INF(08:31:00.308):Attempt" 
Debug[08:31:00]: log_breakpoint 
Debug[08:31:00]: 5 
Debug[08:31:00]: signal in logmode 
Debug[08:31:00]: "INF(08:31:00.631):Attempt" 
Debug[08:31:00]: log_breakpoint 
Debug[08:31:00]: 5 
Debug[08:31:00]: signal in logmode 
Debug[08:31:00]: "INF(08:31:00.945):Attempt" 
Debug[08:31:00]: log_breakpoint 
Debug[08:31:00]: 5 
Debug[08:31:01]: signal in logmode 
Debug[08:31:01]: "INF(08:31:01.257):Mode is OK" 
Debug[08:31:01]: log_breakpoint 
Debug[08:31:01]: 5 
Debug[08:31:01]: signal in logmode 
Debug[08:31:01]: "INF(08:31:01.262):Attempt" 
Debug[08:31:01]: log_breakpoint 
Debug[08:31:01]: 5 
Debug[08:31:01]: signal in logmode 
Debug[08:31:01]: "INF(08:31:01.417):Mode is OK" 
Debug[08:31:01]: log_breakpoint 
Debug[08:31:01]: 5 
Debug[08:31:01]: signal in logmode 
Debug[08:31:01]: "INF(08:31:01.422):Attempt" 
Debug[08:31:01]: log_breakpoint 
Debug[08:31:01]: 5 
Debug[08:31:01]: signal in logmode 
Debug[08:31:01]: "INF(08:31:01.741):Attempt" 
Debug[08:31:01]: log_breakpoint 
Debug[08:31:01]: 5 
Debug[08:31:02]: signal in logmode 
Debug[08:31:02]: "INF(08:31:02.054):Attempt" 
Debug[08:31:02]: log_breakpoint 
Debug[08:31:02]: 5 
Debug[08:31:02]: signal in logmode 
Debug[08:31:02]: "INF(08:31:02.368):Mode is OK" 
Debug[08:31:02]: log_breakpoint 
Debug[08:31:02]: 5 
Debug[08:31:02]: signal in logmode 
Debug[08:31:02]: "INF(08:31:02.371):Attempt" 
Debug[08:31:02]: log_breakpoint 
Debug[08:31:02]: 5 
Debug[08:31:02]: signal in logmode 
Debug[08:31:02]: "INF(08:31:02.682):Attempt" 
Debug[08:31:02]: log_breakpoint 
Debug[08:31:02]: 5 
Debug[08:31:02]: signal in logmode 
Debug[08:31:02]: "INF(08:31:02.998):Attempt" 
Debug[08:31:03]: log_breakpoint 
Debug[08:31:03]: 5 
Debug[08:31:03]: signal in logmode 
Debug[08:31:03]: "INF(08:31:03.307):Mode is OK" 
Debug[08:31:03]: log_breakpoint 
Debug[08:31:03]: 5 
Debug[08:31:03]: signal in logmode 
Debug[08:31:03]: "INF(08:31:03.314):Attempt" 
Debug[08:31:03]: log_breakpoint 
Debug[08:31:03]: 5 
Debug[08:31:03]: signal in logmode 
Debug[08:31:03]: "INF(08:31:03.632):Attempt" 
Debug[08:31:03]: log_breakpoint 
Debug[08:31:03]: 5 
Debug[08:31:03]: signal in logmode 
Debug[08:31:03]: "INF(08:31:03.952):Attempt" 
Debug[08:31:03]: log_breakpoint 
Debug[08:31:03]: 5 
Debug[08:31:07]: Initialize Connection... 
Debug[08:31:07]: signal in logmode 
Debug[08:31:07]: "INF(08:31:07.720):Mode is OK" 
Debug[08:31:07]: log_breakpoint 
Debug[08:31:07]: 5 
Debug[08:31:07]: signal in logmode 
Debug[08:31:07]: "INF(08:31:07.725):Attempt" 
Debug[08:31:07]: log_breakpoint 
Debug[08:31:07]: 5 
Debug[08:31:08]: signal in logmode 
Debug[08:31:08]: "INF(08:31:08.042):Attempt" 
Debug[08:31:08]: log_breakpoint 
Debug[08:31:08]: 5 
Debug[08:31:08]: signal in logmode 
Debug[08:31:08]: "INF(08:31:08.356):Attempt" 
Debug[08:31:08]: log_breakpoint 
Debug[08:31:08]: 5 
Debug[08:31:08]: signal in logmode 
Debug[08:31:08]: "INF(08:31:08.672):Mode is OK" 
Debug[08:31:08]: log_breakpoint 
Debug[08:31:08]: 5 
Debug[08:31:08]: signal in logmode 
Debug[08:31:08]: "INF(08:31:08.675):Attempt" 
Debug[08:31:08]: log_breakpoint 
Debug[08:31:08]: 5 
Debug[08:31:08]: signal in logmode 
Debug[08:31:08]: "INF(08:31:08.985):Attempt" 
Debug[08:31:08]: log_breakpoint 
Debug[08:31:08]: 5 
Debug[08:31:09]: signal in logmode 
Debug[08:31:09]: "INF(08:31:09.297):Attempt" 
Debug[08:31:09]: log_breakpoint 
Debug[08:31:09]: 5 
Debug[08:31:09]: signal in logmode 
Debug[08:31:09]: "INF(08:31:09.610):Mode is OK" 
Debug[08:31:09]: log_breakpoint 
Debug[08:31:09]: 5 
Debug[08:31:09]: signal in logmode 
Debug[08:31:09]: "INF(08:31:09.614):Attempt" 
Debug[08:31:09]: log_breakpoint 
Debug[08:31:09]: 5 
Debug[08:31:09]: signal in logmode 
Debug[08:31:09]: "INF(08:31:09.771):Mode is OK" 
Debug[08:31:09]: log_breakpoint 
Debug[08:31:09]: 5 
Debug[08:31:09]: signal in logmode 
Debug[08:31:09]: "INF(08:31:09.775):Attempt" 
Debug[08:31:09]: log_breakpoint 
Debug[08:31:09]: 5 
Debug[08:31:10]: signal in logmode 
Debug[08:31:10]: "INF(08:31:10.094):Attempt" 
Debug[08:31:10]: log_breakpoint 
Debug[08:31:10]: 5 
Debug[08:31:10]: signal in logmode 
Debug[08:31:10]: "INF(08:31:10.405):Attempt" 
Debug[08:31:10]: log_breakpoint 
Debug[08:31:10]: 5 
Debug[08:31:10]: signal in logmode 
Debug[08:31:10]: "INF(08:31:10.716):Mode is OK" 
Debug[08:31:10]: log_breakpoint 
Debug[08:31:10]: 5 
Debug[08:31:10]: signal in logmode 
Debug[08:31:10]: "INF(08:31:10.722):Attempt" 
Debug[08:31:10]: log_breakpoint 
Debug[08:31:10]: 5 
Debug[08:31:11]: signal in logmode 
Debug[08:31:11]: "INF(08:31:11.030):Attempt" 
Debug[08:31:11]: log_breakpoint 
Debug[08:31:11]: 5 
Debug[08:31:11]: signal in logmode 
Debug[08:31:11]: "INF(08:31:11.345):Attempt" 
Debug[08:31:11]: log_breakpoint 
Debug[08:31:11]: 5 
Debug[08:31:11]: signal in logmode 
Debug[08:31:11]: "INF(08:31:11.658):Mode is OK" 
Debug[08:31:11]: log_breakpoint 
Debug[08:31:11]: 5 
Debug[08:31:11]: signal in logmode 
Debug[08:31:11]: "INF(08:31:11.664):Attempt" 
Debug[08:31:11]: log_breakpoint 
Debug[08:31:11]: 5 
Debug[08:31:11]: signal in logmode 
Debug[08:31:11]: "INF(08:31:11.986):Attempt" 
Debug[08:31:11]: log_breakpoint 
Debug[08:31:11]: 5 
Debug[08:31:12]: signal in logmode 
Debug[08:31:12]: "INF(08:31:12.295):Attempt" 
Debug[08:31:12]: log_breakpoint 
Debug[08:31:12]: 5 
Debug[08:31:13]: signal in logmode 
Debug[08:31:13]: "INF(08:31:13.460):Mode is OK" 
Debug[08:31:13]: log_breakpoint 
Debug[08:31:13]: 5 
Debug[08:31:13]: signal in logmode 
Debug[08:31:13]: "INF(08:31:13.463):Attempt" 
Debug[08:31:13]: log_breakpoint 
Debug[08:31:13]: 5 
Debug[08:31:13]: signal in logmode 
Debug[08:31:13]: "INF(08:31:13.782):Attempt" 
Debug[08:31:13]: log_breakpoint 
Debug[08:31:13]: 5 
Debug[08:31:14]: signal in logmode 
Debug[08:31:14]: "INF(08:31:14.094):Attempt" 
Debug[08:31:14]: log_breakpoint 
Debug[08:31:14]: 5 
Debug[08:31:14]: signal in logmode 
Debug[08:31:14]: "INF(08:31:14.408):Mode is OK" 
Debug[08:31:14]: log_breakpoint 
Debug[08:31:14]: 5 
Debug[08:31:14]: signal in logmode 
Debug[08:31:14]: "INF(08:31:14.412):Attempt" 
Debug[08:31:14]: log_breakpoint 
Debug[08:31:14]: 5 
Debug[08:31:14]: signal in logmode 
Debug[08:31:14]: "INF(08:31:14.718):Attempt" 
Debug[08:31:14]: log_breakpoint 
Debug[08:31:14]: 5 
Debug[08:31:15]: signal in logmode 
Debug[08:31:15]: "INF(08:31:15.030):Attempt" 
Debug[08:31:15]: log_breakpoint 
Debug[08:31:15]: 5 
Debug[08:31:15]: signal in logmode 
Debug[08:31:15]: "INF(08:31:15.344):Mode is OK" 
Debug[08:31:15]: log_breakpoint 
Debug[08:31:15]: 5 
Debug[08:31:15]: signal in logmode 
Debug[08:31:15]: "INF(08:31:15.350):Attempt" 
Debug[08:31:15]: log_breakpoint 
Debug[08:31:15]: 5 
Debug[08:31:15]: signal in logmode 
Debug[08:31:15]: "INF(08:31:15.363):RDUM master connected" 
Debug[08:31:15]: log_breakpoint 
Debug[08:31:15]: 5 
Debug[08:31:15]: signal in logmode 
Debug[08:31:15]: "INF(08:31:15.367):Connected to \\.\COM51" 
Debug[08:31:15]: log_breakpoint 
Debug[08:31:15]: 5 
Warning[08:31:15]: Could not parse stylesheet of widget 0x3065990
Debug[08:31:15]: "Resume:Logs" 
Debug[08:31:15]: "Resume:Settings" 
Debug[08:31:15]: "Resume:UartUartController" 
Debug[08:31:15]: "Resume:UartSpiController" 
Debug[08:31:15]: "Resume:UartSsiController" 
Debug[08:31:15]: "Resume:DSI3Master" 
Debug[08:31:15]: "Resume:ASICMaster" 
Debug[08:31:15]: "Resume:RDUMMaster" 
Debug[08:31:15]: "Resume:DSI3Slave" 
Debug[08:31:15]: "Resume:Measurement" 
Debug[08:31:15]: "Resume:CFARsim" 
Debug[08:52:36]: "Suspend:Settings" 
Debug[08:52:36]: "Suspend:UartUartController" 
Debug[08:52:36]: "Suspend:UartSpiController" 
Debug[08:52:36]: "Suspend:UartSsiController" 
Debug[08:52:36]: "Suspend:DSI3Master" 
Debug[08:52:36]: "Suspend:ASICMaster" 
Debug[08:52:36]: "Suspend:RDUMMaster" 
Debug[08:52:36]: "Suspend:DSI3Slave" 
Debug[08:52:36]: "Suspend:Measurement" 
Debug[08:52:36]: "Suspend:CFARsim" 
Debug[08:52:36]: signal in logmode 
Debug[08:52:36]: "INF(08:52:36.877):Disconnect by user" 
Debug[08:52:36]: log_breakpoint 
Debug[08:52:36]: 5 
Debug[08:52:37]: signal in logmode 
Debug[08:52:37]: "INF(08:52:37.055):Disconnect by user" 
Debug[08:52:37]: log_breakpoint 
Debug[08:52:37]: 5 
Warning[08:53:41]: QObject::connect: Cannot connect LocalServer::log(int,QString) to (null)::slot_addLog(int,QString)
Debug[08:53:41]: LocalServer:new "\\.\pipe\DSI3PAS" 
Debug[08:53:41]: Register specific 
Debug[08:53:41]: DynScaleCaclulate 
Debug[08:53:41]: "init 2 UartUartController" 
Debug[08:53:41]: Ok 
Debug[08:53:41]: "init 3 UartSpiController" 
Debug[08:53:41]: Ok 
Debug[08:53:41]: "init 4 UartSsiController" 
Debug[08:53:41]: Ok 
Debug[08:53:41]: "init 5 DSI3Master" 
Debug[08:53:41]: Ok 
Debug[08:53:41]: "init 6 ASICMaster" 
Debug[08:53:41]: Ok 
Debug[08:53:41]: "init 7 RDUMMaster" 
Debug[08:53:41]: Ok 
Debug[08:53:41]: "init 8 DSI3Slave" 
Debug[08:53:42]: Ok 
Debug[08:53:42]: "init 9 Measurement" 
Debug[08:53:44]: Ok 
Debug[08:53:44]: "init 10 CFARsim" 
Debug[08:53:44]: Ok 
Debug[08:53:44]: MainApp Starting... 
Debug[08:53:45]: Add applets to MainWindow...
 
Debug[08:53:45]: Initialize Connection... 
Debug[08:53:45]: signal in logmode 
Debug[08:53:45]: "INF(08:53:45.653):Mode is OK" 
Debug[08:53:45]: log_breakpoint 
Debug[08:53:45]: 5 
Debug[08:53:45]: signal in logmode 
Debug[08:53:45]: "INF(08:53:45.655):Attempt" 
Debug[08:53:45]: log_breakpoint 
Debug[08:53:45]: 5 
Debug[08:53:45]: signal in logmode 
Debug[08:53:45]: "INF(08:53:45.963):Attempt" 
Debug[08:53:45]: log_breakpoint 
Debug[08:53:45]: 5 
Debug[08:53:46]: signal in logmode 
Debug[08:53:46]: "INF(08:53:46.275):Attempt" 
Debug[08:53:46]: log_breakpoint 
Debug[08:53:46]: 5 
Debug[08:53:46]: signal in logmode 
Debug[08:53:46]: "INF(08:53:46.586):Mode is OK" 
Debug[08:53:46]: log_breakpoint 
Debug[08:53:46]: 5 
Debug[08:53:46]: signal in logmode 
Debug[08:53:46]: "INF(08:53:46.590):Attempt" 
Debug[08:53:46]: log_breakpoint 
Debug[08:53:46]: 5 
Debug[08:53:46]: signal in logmode 
Debug[08:53:46]: "INF(08:53:46.898):Attempt" 
Debug[08:53:46]: log_breakpoint 
Debug[08:53:46]: 5 
Debug[08:53:47]: signal in logmode 
Debug[08:53:47]: "INF(08:53:47.211):Attempt" 
Debug[08:53:47]: log_breakpoint 
Debug[08:53:47]: 5 
Debug[08:53:47]: signal in logmode 
Debug[08:53:47]: "INF(08:53:47.523):Mode is OK" 
Debug[08:53:47]: log_breakpoint 
Debug[08:53:47]: 5 
Debug[08:53:47]: signal in logmode 
Debug[08:53:47]: "INF(08:53:47.529):Attempt" 
Debug[08:53:47]: log_breakpoint 
Debug[08:53:47]: 5 
Debug[08:53:47]: signal in logmode 
Debug[08:53:47]: "INF(08:53:47.699):Mode is OK" 
Debug[08:53:47]: log_breakpoint 
Debug[08:53:47]: 5 
Debug[08:53:47]: signal in logmode 
Debug[08:53:47]: "INF(08:53:47.703):Attempt" 
Debug[08:53:47]: log_breakpoint 
Debug[08:53:47]: 5 
Debug[08:53:48]: signal in logmode 
Debug[08:53:48]: "INF(08:53:48.023):Attempt" 
Debug[08:53:48]: log_breakpoint 
Debug[08:53:48]: 5 
Debug[08:53:48]: signal in logmode 
Debug[08:53:48]: "INF(08:53:48.338):Attempt" 
Debug[08:53:48]: log_breakpoint 
Debug[08:53:48]: 5 
Debug[08:53:48]: signal in logmode 
Debug[08:53:48]: "INF(08:53:48.651):Mode is OK" 
Debug[08:53:48]: log_breakpoint 
Debug[08:53:48]: 5 
Debug[08:53:48]: signal in logmode 
Debug[08:53:48]: "INF(08:53:48.657):Attempt" 
Debug[08:53:48]: log_breakpoint 
Debug[08:53:48]: 5 
Debug[08:53:48]: signal in logmode 
Debug[08:53:48]: "INF(08:53:48.979):Attempt" 
Debug[08:53:48]: log_breakpoint 
Debug[08:53:48]: 5 
Debug[08:53:49]: signal in logmode 
Debug[08:53:49]: "INF(08:53:49.293):Attempt" 
Debug[08:53:49]: log_breakpoint 
Debug[08:53:49]: 5 
Debug[08:53:49]: signal in logmode 
Debug[08:53:49]: "INF(08:53:49.605):Mode is OK" 
Debug[08:53:49]: log_breakpoint 
Debug[08:53:49]: 5 
Debug[08:53:49]: signal in logmode 
Debug[08:53:49]: "INF(08:53:49.608):Attempt" 
Debug[08:53:49]: log_breakpoint 
Debug[08:53:49]: 5 
Debug[08:53:49]: signal in logmode 
Debug[08:53:49]: "INF(08:53:49.914):Attempt" 
Debug[08:53:49]: log_breakpoint 
Debug[08:53:49]: 5 
Debug[08:53:50]: signal in logmode 
Debug[08:53:50]: "INF(08:53:50.231):Attempt" 
Debug[08:53:50]: log_breakpoint 
Debug[08:53:50]: 5 
Debug[08:53:53]: signal in logmode 
Debug[08:53:53]: "INF(08:53:53.371):Mode is OK" 
Debug[08:53:53]: log_breakpoint 
Debug[08:53:53]: 5 
Debug[08:53:53]: signal in logmode 
Debug[08:53:53]: "INF(08:53:53.375):Attempt" 
Debug[08:53:53]: log_breakpoint 
Debug[08:53:53]: 5 
Debug[08:53:53]: signal in logmode 
Debug[08:53:53]: "INF(08:53:53.681):Attempt" 
Debug[08:53:53]: log_breakpoint 
Debug[08:53:53]: 5 
Debug[08:53:53]: signal in logmode 
Debug[08:53:53]: "INF(08:53:53.996):Attempt" 
Debug[08:53:53]: log_breakpoint 
Debug[08:53:53]: 5 
Debug[08:53:54]: signal in logmode 
Debug[08:53:54]: "INF(08:53:54.308):Mode is OK" 
Debug[08:53:54]: log_breakpoint 
Debug[08:53:54]: 5 
Debug[08:53:54]: signal in logmode 
Debug[08:53:54]: "INF(08:53:54.314):Attempt" 
Debug[08:53:54]: log_breakpoint 
Debug[08:53:54]: 5 
Debug[08:53:54]: signal in logmode 
Debug[08:53:54]: "INF(08:53:54.634):Attempt" 
Debug[08:53:54]: log_breakpoint 
Debug[08:53:54]: 5 
Debug[08:53:54]: signal in logmode 
Debug[08:53:54]: "INF(08:53:54.944):Attempt" 
Debug[08:53:54]: log_breakpoint 
Debug[08:53:54]: 5 
Debug[08:53:55]: signal in logmode 
Debug[08:53:55]: "INF(08:53:55.257):Mode is OK" 
Debug[08:53:55]: log_breakpoint 
Debug[08:53:55]: 5 
Debug[08:53:55]: signal in logmode 
Debug[08:53:55]: "INF(08:53:55.264):Attempt" 
Debug[08:53:55]: log_breakpoint 
Debug[08:53:55]: 5 
Debug[08:53:55]: signal in logmode 
Debug[08:53:55]: "INF(08:53:55.271):RDUM master connected" 
Debug[08:53:55]: log_breakpoint 
Debug[08:53:55]: 5 
Debug[08:53:55]: signal in logmode 
Debug[08:53:55]: "INF(08:53:55.275):Connected to \\.\COM51" 
Debug[08:53:55]: log_breakpoint 
Debug[08:53:55]: 5 
Warning[08:53:55]: Could not parse stylesheet of widget 0x2cd6690
Debug[08:53:55]: "Resume:Logs" 
Debug[08:53:55]: "Resume:Settings" 
Debug[08:53:55]: "Resume:UartUartController" 
Debug[08:53:55]: "Resume:UartSpiController" 
Debug[08:53:55]: "Resume:UartSsiController" 
Debug[08:53:55]: "Resume:DSI3Master" 
Debug[08:53:55]: "Resume:ASICMaster" 
Debug[08:53:55]: "Resume:RDUMMaster" 
Debug[08:53:55]: "Resume:DSI3Slave" 
Debug[08:53:55]: "Resume:Measurement" 
Debug[08:53:55]: "Resume:CFARsim" 
Debug[08:56:54]: "Suspend:Settings" 
Debug[08:56:54]: "Suspend:UartUartController" 
Debug[08:56:54]: "Suspend:UartSpiController" 
Debug[08:56:54]: "Suspend:UartSsiController" 
Debug[08:56:54]: "Suspend:DSI3Master" 
Debug[08:56:54]: "Suspend:ASICMaster" 
Debug[08:56:54]: "Suspend:RDUMMaster" 
Debug[08:56:54]: "Suspend:DSI3Slave" 
Debug[08:56:54]: "Suspend:Measurement" 
Debug[08:56:54]: "Suspend:CFARsim" 
Debug[08:56:55]: signal in logmode 
Debug[08:56:55]: "INF(08:56:55.000):Disconnect by user" 
Debug[08:56:55]: log_breakpoint 
Debug[08:56:55]: 5 
Debug[08:56:55]: signal in logmode 
Debug[08:56:55]: "INF(08:56:55.157):Disconnect by user" 
Debug[08:56:55]: log_breakpoint 
Debug[08:56:55]: 5 
Warning[10:02:56]: QObject::connect: Cannot connect LocalServer::log(int,QString) to (null)::slot_addLog(int,QString)
Debug[10:02:56]: LocalServer:new "\\.\pipe\DSI3PAS" 
Debug[10:02:56]: Register specific 
Debug[10:02:57]: DynScaleCaclulate 
Debug[10:02:57]: "init 2 UartUartController" 
Debug[10:02:57]: Ok 
Debug[10:02:57]: "init 3 UartSpiController" 
Debug[10:02:57]: Ok 
Debug[10:02:57]: "init 4 UartSsiController" 
Debug[10:02:57]: Ok 
Debug[10:02:57]: "init 5 DSI3Master" 
Debug[10:02:57]: Ok 
Debug[10:02:57]: "init 6 ASICMaster" 
Debug[10:02:57]: Ok 
Debug[10:02:57]: "init 7 RDUMMaster" 
Debug[10:02:57]: Ok 
Debug[10:02:57]: "init 8 DSI3Slave" 
Debug[10:02:58]: Ok 
Debug[10:02:58]: "init 9 Measurement" 
Debug[10:02:59]: Ok 
Debug[10:02:59]: "init 10 CFARsim" 
Debug[10:02:59]: Ok 
Debug[10:02:59]: MainApp Starting... 
Debug[10:02:59]: Add applets to MainWindow...
 
Debug[10:02:59]: Initialize Connection... 
Debug[10:03:00]: signal in logmode 
Debug[10:03:00]: "INF(10:03:00.192):Mode is OK" 
Debug[10:03:00]: log_breakpoint 
Debug[10:03:00]: 5 
Debug[10:03:00]: signal in logmode 
Debug[10:03:00]: "INF(10:03:00.195):Attempt" 
Debug[10:03:00]: log_breakpoint 
Debug[10:03:00]: 5 
Debug[10:03:00]: signal in logmode 
Debug[10:03:00]: "INF(10:03:00.501):Attempt" 
Debug[10:03:00]: log_breakpoint 
Debug[10:03:00]: 5 
Debug[10:03:00]: signal in logmode 
Debug[10:03:00]: "INF(10:03:00.814):Attempt" 
Debug[10:03:00]: log_breakpoint 
Debug[10:03:00]: 5 
Debug[10:03:01]: signal in logmode 
Debug[10:03:01]: "INF(10:03:01.126):Mode is OK" 
Debug[10:03:01]: log_breakpoint 
Debug[10:03:01]: 5 
Debug[10:03:01]: signal in logmode 
Debug[10:03:01]: "INF(10:03:01.130):Attempt" 
Debug[10:03:01]: log_breakpoint 
Debug[10:03:01]: 5 
Debug[10:03:01]: signal in logmode 
Debug[10:03:01]: "INF(10:03:01.437):Attempt" 
Debug[10:03:01]: log_breakpoint 
Debug[10:03:01]: 5 
Debug[10:03:01]: signal in logmode 
Debug[10:03:01]: "INF(10:03:01.750):Attempt" 
Debug[10:03:01]: log_breakpoint 
Debug[10:03:01]: 5 
Debug[10:03:02]: signal in logmode 
Debug[10:03:02]: "INF(10:03:02.063):Mode is OK" 
Debug[10:03:02]: log_breakpoint 
Debug[10:03:02]: 5 
Debug[10:03:02]: signal in logmode 
Debug[10:03:02]: "INF(10:03:02.066):Attempt" 
Debug[10:03:02]: log_breakpoint 
Debug[10:03:02]: 5 
Debug[10:03:02]: signal in logmode 
Debug[10:03:02]: "INF(10:03:02.221):Mode is OK" 
Debug[10:03:02]: log_breakpoint 
Debug[10:03:02]: 5 
Debug[10:03:02]: signal in logmode 
Debug[10:03:02]: "INF(10:03:02.223):Attempt" 
Debug[10:03:02]: log_breakpoint 
Debug[10:03:02]: 5 
Debug[10:03:02]: signal in logmode 
Debug[10:03:02]: "INF(10:03:02.531):Attempt" 
Debug[10:03:02]: log_breakpoint 
Debug[10:03:02]: 5 
Debug[10:03:02]: signal in logmode 
Debug[10:03:02]: "INF(10:03:02.846):Attempt" 
Debug[10:03:02]: log_breakpoint 
Debug[10:03:02]: 5 
Debug[10:03:03]: signal in logmode 
Debug[10:03:03]: "INF(10:03:03.156):Mode is OK" 
Debug[10:03:03]: log_breakpoint 
Debug[10:03:03]: 5 
Debug[10:03:03]: signal in logmode 
Debug[10:03:03]: "INF(10:03:03.160):Attempt" 
Debug[10:03:03]: log_breakpoint 
Debug[10:03:03]: 5 
Debug[10:03:03]: signal in logmode 
Debug[10:03:03]: "INF(10:03:03.470):Attempt" 
Debug[10:03:03]: log_breakpoint 
Debug[10:03:03]: 5 
Debug[10:03:03]: signal in logmode 
Debug[10:03:03]: "INF(10:03:03.781):Attempt" 
Debug[10:03:03]: log_breakpoint 
Debug[10:03:03]: 5 
Debug[10:03:04]: signal in logmode 
Debug[10:03:04]: "INF(10:03:04.095):Mode is OK" 
Debug[10:03:04]: log_breakpoint 
Debug[10:03:04]: 5 
Debug[10:03:04]: signal in logmode 
Debug[10:03:04]: "INF(10:03:04.098):Attempt" 
Debug[10:03:04]: log_breakpoint 
Debug[10:03:04]: 5 
Debug[10:03:04]: signal in logmode 
Debug[10:03:04]: "INF(10:03:04.409):Attempt" 
Debug[10:03:04]: log_breakpoint 
Debug[10:03:04]: 5 
Debug[10:03:04]: signal in logmode 
Debug[10:03:04]: "INF(10:03:04.720):Attempt" 
Debug[10:03:04]: log_breakpoint 
Debug[10:03:04]: 5 
Debug[10:03:08]: signal in logmode 
Debug[10:03:08]: "INF(10:03:08.312):Mode is OK" 
Debug[10:03:08]: log_breakpoint 
Debug[10:03:08]: 5 
Debug[10:03:08]: signal in logmode 
Debug[10:03:08]: "INF(10:03:08.315):Attempt" 
Debug[10:03:08]: log_breakpoint 
Debug[10:03:08]: 5 
Debug[10:03:08]: signal in logmode 
Debug[10:03:08]: "INF(10:03:08.622):Attempt" 
Debug[10:03:08]: log_breakpoint 
Debug[10:03:08]: 5 
Debug[10:03:08]: signal in logmode 
Debug[10:03:08]: "INF(10:03:08.935):Attempt" 
Debug[10:03:08]: log_breakpoint 
Debug[10:03:08]: 5 
Debug[10:03:09]: signal in logmode 
Debug[10:03:09]: "INF(10:03:09.251):Mode is OK" 
Debug[10:03:09]: log_breakpoint 
Debug[10:03:09]: 5 
Debug[10:03:09]: signal in logmode 
Debug[10:03:09]: "INF(10:03:09.257):Attempt" 
Debug[10:03:09]: log_breakpoint 
Debug[10:03:09]: 5 
Debug[10:03:09]: signal in logmode 
Debug[10:03:09]: "INF(10:03:09.563):Attempt" 
Debug[10:03:09]: log_breakpoint 
Debug[10:03:09]: 5 
Debug[10:03:09]: signal in logmode 
Debug[10:03:09]: "INF(10:03:09.876):Attempt" 
Debug[10:03:09]: log_breakpoint 
Debug[10:03:09]: 5 
Debug[10:03:10]: signal in logmode 
Debug[10:03:10]: "INF(10:03:10.187):Mode is OK" 
Debug[10:03:10]: log_breakpoint 
Debug[10:03:10]: 5 
Debug[10:03:10]: signal in logmode 
Debug[10:03:10]: "INF(10:03:10.190):Attempt" 
Debug[10:03:10]: log_breakpoint 
Debug[10:03:10]: 5 
Debug[10:03:10]: signal in logmode 
Debug[10:03:10]: "INF(10:03:10.196):RDUM master connected" 
Debug[10:03:10]: log_breakpoint 
Debug[10:03:10]: 5 
Debug[10:03:10]: signal in logmode 
Debug[10:03:10]: "INF(10:03:10.198):Connected to \\.\COM51" 
Debug[10:03:10]: log_breakpoint 
Debug[10:03:10]: 5 
Warning[10:03:10]: Could not parse stylesheet of widget 0x2e0d1b8
Debug[10:03:10]: "Resume:Logs" 
Debug[10:03:10]: "Resume:Settings" 
Debug[10:03:10]: "Resume:UartUartController" 
Debug[10:03:10]: "Resume:UartSpiController" 
Debug[10:03:10]: "Resume:UartSsiController" 
Debug[10:03:10]: "Resume:DSI3Master" 
Debug[10:03:10]: "Resume:ASICMaster" 
Debug[10:03:10]: "Resume:RDUMMaster" 
Debug[10:03:10]: "Resume:DSI3Slave" 
Debug[10:03:10]: "Resume:Measurement" 
Debug[10:03:10]: "Resume:CFARsim" 
Debug[10:47:56]: "Suspend:Settings" 
Debug[10:47:56]: "Suspend:UartUartController" 
Debug[10:47:56]: "Suspend:UartSpiController" 
Debug[10:47:56]: "Suspend:UartSsiController" 
Debug[10:47:56]: "Suspend:DSI3Master" 
Debug[10:47:56]: "Suspend:ASICMaster" 
Debug[10:47:56]: "Suspend:RDUMMaster" 
Debug[10:47:56]: "Suspend:DSI3Slave" 
Debug[10:47:56]: "Suspend:Measurement" 
Debug[10:47:56]: "Suspend:CFARsim" 
Debug[10:47:56]: signal in logmode 
Debug[10:47:56]: "INF(10:47:56.429):Disconnect by user" 
Debug[10:47:56]: log_breakpoint 
Debug[10:47:56]: 5 
Debug[10:47:56]: signal in logmode 
Debug[10:47:56]: "INF(10:47:56.588):Disconnect by user" 
Debug[10:47:56]: log_breakpoint 
Debug[10:47:56]: 5 
Warning[13:15:27]: QObject::connect: Cannot connect LocalServer::log(int,QString) to (null)::slot_addLog(int,QString)
Debug[13:15:27]: LocalServer:new "\\.\pipe\DSI3PAS" 
Debug[13:15:27]: Register specific 
Debug[13:15:27]: DynScaleCaclulate 
Debug[13:15:27]: "init 2 UartUartController" 
Debug[13:15:27]: Ok 
Debug[13:15:27]: "init 3 UartSpiController" 
Debug[13:15:27]: Ok 
Debug[13:15:27]: "init 4 UartSsiController" 
Debug[13:15:27]: Ok 
Debug[13:15:27]: "init 5 DSI3Master" 
Debug[13:15:27]: Ok 
Debug[13:15:27]: "init 6 ASICMaster" 
Debug[13:15:27]: Ok 
Debug[13:15:27]: "init 7 RDUMMaster" 
Debug[13:15:27]: Ok 
Debug[13:15:27]: "init 8 DSI3Slave" 
Debug[13:15:28]: Ok 
Debug[13:15:28]: "init 9 Measurement" 
Debug[13:15:29]: Ok 
Debug[13:15:29]: "init 10 CFARsim" 
Debug[13:15:29]: Ok 
Debug[13:15:29]: MainApp Starting... 
Debug[13:15:30]: Add applets to MainWindow...
 
Debug[13:15:30]: Initialize Connection... 
Debug[13:15:30]: signal in logmode 
Debug[13:15:30]: "INF(13:15:30.425):Mode is OK" 
Debug[13:15:30]: log_breakpoint 
Debug[13:15:30]: 5 
Debug[13:15:30]: signal in logmode 
Debug[13:15:30]: "INF(13:15:30.428):Attempt" 
Debug[13:15:30]: log_breakpoint 
Debug[13:15:30]: 5 
Debug[13:15:30]: signal in logmode 
Debug[13:15:30]: "INF(13:15:30.739):Attempt" 
Debug[13:15:30]: log_breakpoint 
Debug[13:15:30]: 5 
Debug[13:15:31]: signal in logmode 
Debug[13:15:31]: "INF(13:15:31.050):Attempt" 
Debug[13:15:31]: log_breakpoint 
Debug[13:15:31]: 5 
Debug[13:15:31]: signal in logmode 
Debug[13:15:31]: "INF(13:15:31.363):Mode is OK" 
Debug[13:15:31]: log_breakpoint 
Debug[13:15:31]: 5 
Debug[13:15:31]: signal in logmode 
Debug[13:15:31]: "INF(13:15:31.367):Attempt" 
Debug[13:15:31]: log_breakpoint 
Debug[13:15:31]: 5 
Debug[13:15:31]: signal in logmode 
Debug[13:15:31]: "INF(13:15:31.676):Attempt" 
Debug[13:15:31]: log_breakpoint 
Debug[13:15:31]: 5 
Debug[13:15:31]: signal in logmode 
Debug[13:15:31]: "INF(13:15:31.987):Attempt" 
Debug[13:15:31]: log_breakpoint 
Debug[13:15:31]: 5 
Debug[13:15:32]: signal in logmode 
Debug[13:15:32]: "INF(13:15:32.297):Mode is OK" 
Debug[13:15:32]: log_breakpoint 
Debug[13:15:32]: 5 
Debug[13:15:32]: signal in logmode 
Debug[13:15:32]: "INF(13:15:32.301):Attempt" 
Debug[13:15:32]: log_breakpoint 
Debug[13:15:32]: 5 
Debug[13:15:32]: signal in logmode 
Debug[13:15:32]: "INF(13:15:32.451):Mode is OK" 
Debug[13:15:32]: log_breakpoint 
Debug[13:15:32]: 5 
Debug[13:15:32]: signal in logmode 
Debug[13:15:32]: "INF(13:15:32.455):Attempt" 
Debug[13:15:32]: log_breakpoint 
Debug[13:15:32]: 5 
Debug[13:15:32]: signal in logmode 
Debug[13:15:32]: "INF(13:15:32.765):Attempt" 
Debug[13:15:32]: log_breakpoint 
Debug[13:15:32]: 5 
Debug[13:15:33]: signal in logmode 
Debug[13:15:33]: "INF(13:15:33.079):Attempt" 
Debug[13:15:33]: log_breakpoint 
Debug[13:15:33]: 5 
Debug[13:15:33]: signal in logmode 
Debug[13:15:33]: "INF(13:15:33.395):Mode is OK" 
Debug[13:15:33]: log_breakpoint 
Debug[13:15:33]: 5 
Debug[13:15:33]: signal in logmode 
Debug[13:15:33]: "INF(13:15:33.396):Attempt" 
Debug[13:15:33]: log_breakpoint 
Debug[13:15:33]: 5 
Debug[13:15:33]: signal in logmode 
Debug[13:15:33]: "INF(13:15:33.711):Attempt" 
Debug[13:15:33]: log_breakpoint 
Debug[13:15:33]: 5 
Debug[13:15:34]: signal in logmode 
Debug[13:15:34]: "INF(13:15:34.026):Attempt" 
Debug[13:15:34]: log_breakpoint 
Debug[13:15:34]: 5 
Debug[13:15:34]: signal in logmode 
Debug[13:15:34]: "INF(13:15:34.334):Mode is OK" 
Debug[13:15:34]: log_breakpoint 
Debug[13:15:34]: 5 
Debug[13:15:34]: signal in logmode 
Debug[13:15:34]: "INF(13:15:34.339):Attempt" 
Debug[13:15:34]: log_breakpoint 
Debug[13:15:34]: 5 
Debug[13:15:34]: signal in logmode 
Debug[13:15:34]: "INF(13:15:34.647):Attempt" 
Debug[13:15:34]: log_breakpoint 
Debug[13:15:34]: 5 
Debug[13:15:34]: signal in logmode 
Debug[13:15:34]: "INF(13:15:34.957):Attempt" 
Debug[13:15:34]: log_breakpoint 
Debug[13:15:34]: 5 
Debug[13:15:40]: signal in logmode 
Debug[13:15:40]: "INF(13:15:40.260):Mode is OK" 
Debug[13:15:40]: log_breakpoint 
Debug[13:15:40]: 5 
Debug[13:15:40]: signal in logmode 
Debug[13:15:40]: "INF(13:15:40.263):Attempt" 
Debug[13:15:40]: log_breakpoint 
Debug[13:15:40]: 5 
Debug[13:15:40]: signal in logmode 
Debug[13:15:40]: "INF(13:15:40.577):Attempt" 
Debug[13:15:40]: log_breakpoint 
Debug[13:15:40]: 5 
Debug[13:15:40]: signal in logmode 
Debug[13:15:40]: "INF(13:15:40.891):Attempt" 
Debug[13:15:40]: log_breakpoint 
Debug[13:15:40]: 5 
Debug[13:15:41]: signal in logmode 
Debug[13:15:41]: "INF(13:15:41.202):Mode is OK" 
Debug[13:15:41]: log_breakpoint 
Debug[13:15:41]: 5 
Debug[13:15:41]: signal in logmode 
Debug[13:15:41]: "INF(13:15:41.206):Attempt" 
Debug[13:15:41]: log_breakpoint 
Debug[13:15:41]: 5 
Debug[13:15:41]: signal in logmode 
Debug[13:15:41]: "INF(13:15:41.512):Attempt" 
Debug[13:15:41]: log_breakpoint 
Debug[13:15:41]: 5 
Debug[13:15:41]: signal in logmode 
Debug[13:15:41]: "INF(13:15:41.826):Attempt" 
Debug[13:15:41]: log_breakpoint 
Debug[13:15:41]: 5 
Debug[13:15:42]: signal in logmode 
Debug[13:15:42]: "INF(13:15:42.137):Mode is OK" 
Debug[13:15:42]: log_breakpoint 
Debug[13:15:42]: 5 
Debug[13:15:42]: signal in logmode 
Debug[13:15:42]: "INF(13:15:42.141):Attempt" 
Debug[13:15:42]: log_breakpoint 
Debug[13:15:42]: 5 
Debug[13:15:42]: signal in logmode 
Debug[13:15:42]: "INF(13:15:42.166):RDUM master connected" 
Debug[13:15:42]: log_breakpoint 
Debug[13:15:42]: 5 
Debug[13:15:42]: signal in logmode 
Debug[13:15:42]: "INF(13:15:42.169):Connected to \\.\COM51" 
Debug[13:15:42]: log_breakpoint 
Debug[13:15:42]: 5 
Warning[13:15:42]: Could not parse stylesheet of widget 0x31ac4b8
Debug[13:15:42]: "Resume:Logs" 
Debug[13:15:42]: "Resume:Settings" 
Debug[13:15:42]: "Resume:UartUartController" 
Debug[13:15:42]: "Resume:UartSpiController" 
Debug[13:15:42]: "Resume:UartSsiController" 
Debug[13:15:42]: "Resume:DSI3Master" 
Debug[13:15:42]: "Resume:ASICMaster" 
Debug[13:15:42]: "Resume:RDUMMaster" 
Debug[13:15:42]: "Resume:DSI3Slave" 
Debug[13:15:42]: "Resume:Measurement" 
Debug[13:15:42]: "Resume:CFARsim" 
Debug[14:02:44]: "Suspend:Settings" 
Debug[14:02:44]: "Suspend:UartUartController" 
Debug[14:02:44]: "Suspend:UartSpiController" 
Debug[14:02:44]: "Suspend:UartSsiController" 
Debug[14:02:44]: "Suspend:DSI3Master" 
Debug[14:02:44]: "Suspend:ASICMaster" 
Debug[14:02:44]: "Suspend:RDUMMaster" 
Debug[14:02:44]: "Suspend:DSI3Slave" 
Debug[14:02:44]: "Suspend:Measurement" 
Debug[14:02:44]: "Suspend:CFARsim" 
Debug[14:02:44]: signal in logmode 
Debug[14:02:44]: "INF(14:02:44.854):Disconnect by user" 
Debug[14:02:44]: log_breakpoint 
Debug[14:02:44]: 5 
Debug[14:03:09]: Initialize Connection... 
Debug[14:03:09]: signal in logmode 
Debug[14:03:09]: "INF(14:03:09.808):Mode is OK" 
Debug[14:03:09]: log_breakpoint 
Debug[14:03:09]: 5 
Debug[14:03:09]: signal in logmode 
Debug[14:03:09]: "INF(14:03:09.812):Attempt" 
Debug[14:03:09]: log_breakpoint 
Debug[14:03:09]: 5 
Debug[14:03:10]: signal in logmode 
Debug[14:03:10]: "INF(14:03:10.126):Attempt" 
Debug[14:03:10]: log_breakpoint 
Debug[14:03:10]: 5 
Debug[14:03:10]: signal in logmode 
Debug[14:03:10]: "INF(14:03:10.439):Attempt" 
Debug[14:03:10]: log_breakpoint 
Debug[14:03:10]: 5 
Debug[14:03:10]: signal in logmode 
Debug[14:03:10]: "INF(14:03:10.750):Mode is OK" 
Debug[14:03:10]: log_breakpoint 
Debug[14:03:10]: 5 
Debug[14:03:10]: signal in logmode 
Debug[14:03:10]: "INF(14:03:10.754):Attempt" 
Debug[14:03:10]: log_breakpoint 
Debug[14:03:10]: 5 
Debug[14:03:11]: signal in logmode 
Debug[14:03:11]: "INF(14:03:11.062):Attempt" 
Debug[14:03:11]: log_breakpoint 
Debug[14:03:11]: 5 
Debug[14:03:11]: signal in logmode 
Debug[14:03:11]: "INF(14:03:11.373):Attempt" 
Debug[14:03:11]: log_breakpoint 
Debug[14:03:11]: 5 
Debug[14:03:11]: signal in logmode 
Debug[14:03:11]: "INF(14:03:11.686):Mode is OK" 
Debug[14:03:11]: log_breakpoint 
Debug[14:03:11]: 5 
Debug[14:03:11]: signal in logmode 
Debug[14:03:11]: "INF(14:03:11.690):Attempt" 
Debug[14:03:11]: log_breakpoint 
Debug[14:03:11]: 5 
Debug[14:03:11]: signal in logmode 
Debug[14:03:11]: "INF(14:03:11.848):Mode is OK" 
Debug[14:03:11]: log_breakpoint 
Debug[14:03:11]: 5 
Debug[14:03:11]: signal in logmode 
Debug[14:03:11]: "INF(14:03:11.850):Attempt" 
Debug[14:03:11]: log_breakpoint 
Debug[14:03:11]: 5 
Debug[14:03:12]: signal in logmode 
Debug[14:03:12]: "INF(14:03:12.155):Attempt" 
Debug[14:03:12]: log_breakpoint 
Debug[14:03:12]: 5 
Debug[14:03:12]: signal in logmode 
Debug[14:03:12]: "INF(14:03:12.467):Attempt" 
Debug[14:03:12]: log_breakpoint 
Debug[14:03:12]: 5 
Debug[14:03:12]: signal in logmode 
Debug[14:03:12]: "INF(14:03:12.782):Mode is OK" 
Debug[14:03:12]: log_breakpoint 
Debug[14:03:12]: 5 
Debug[14:03:12]: signal in logmode 
Debug[14:03:12]: "INF(14:03:12.785):Attempt" 
Debug[14:03:12]: log_breakpoint 
Debug[14:03:12]: 5 
Debug[14:03:13]: signal in logmode 
Debug[14:03:13]: "INF(14:03:13.095):Attempt" 
Debug[14:03:13]: log_breakpoint 
Debug[14:03:13]: 5 
Debug[14:03:13]: signal in logmode 
Debug[14:03:13]: "INF(14:03:13.414):Attempt" 
Debug[14:03:13]: log_breakpoint 
Debug[14:03:13]: 5 
Debug[14:03:13]: signal in logmode 
Debug[14:03:13]: "INF(14:03:13.727):Mode is OK" 
Debug[14:03:13]: log_breakpoint 
Debug[14:03:13]: 5 
Debug[14:03:13]: signal in logmode 
Debug[14:03:13]: "INF(14:03:13.730):Attempt" 
Debug[14:03:13]: log_breakpoint 
Debug[14:03:13]: 5 
Debug[14:03:14]: signal in logmode 
Debug[14:03:14]: "INF(14:03:14.040):Attempt" 
Debug[14:03:14]: log_breakpoint 
Debug[14:03:14]: 5 
Debug[14:03:14]: signal in logmode 
Debug[14:03:14]: "INF(14:03:14.351):Attempt" 
Debug[14:03:14]: log_breakpoint 
Debug[14:03:14]: 5 
Debug[14:03:28]: signal in logmode 
Debug[14:03:28]: "INF(14:03:28.538):Mode is OK" 
Debug[14:03:28]: log_breakpoint 
Debug[14:03:28]: 5 
Debug[14:03:28]: signal in logmode 
Debug[14:03:28]: "INF(14:03:28.543):Attempt" 
Debug[14:03:28]: log_breakpoint 
Debug[14:03:28]: 5 
Debug[14:03:28]: signal in logmode 
Debug[14:03:28]: "INF(14:03:28.866):Attempt" 
Debug[14:03:28]: log_breakpoint 
Debug[14:03:28]: 5 
Debug[14:03:29]: signal in logmode 
Debug[14:03:29]: "INF(14:03:29.178):Attempt" 
Debug[14:03:29]: log_breakpoint 
Debug[14:03:29]: 5 
Debug[14:03:29]: signal in logmode 
Debug[14:03:29]: "INF(14:03:29.489):Mode is OK" 
Debug[14:03:29]: log_breakpoint 
Debug[14:03:29]: 5 
Debug[14:03:29]: signal in logmode 
Debug[14:03:29]: "INF(14:03:29.493):Attempt" 
Debug[14:03:29]: log_breakpoint 
Debug[14:03:29]: 5 
Debug[14:03:29]: signal in logmode 
Debug[14:03:29]: "INF(14:03:29.800):Attempt" 
Debug[14:03:29]: log_breakpoint 
Debug[14:03:29]: 5 
Debug[14:03:30]: signal in logmode 
Debug[14:03:30]: "INF(14:03:30.111):Attempt" 
Debug[14:03:30]: log_breakpoint 
Debug[14:03:30]: 5 
Debug[14:03:30]: signal in logmode 
Debug[14:03:30]: "INF(14:03:30.422):Mode is OK" 
Debug[14:03:30]: log_breakpoint 
Debug[14:03:30]: 5 
Debug[14:03:30]: signal in logmode 
Debug[14:03:30]: "INF(14:03:30.426):Attempt" 
Debug[14:03:30]: log_breakpoint 
Debug[14:03:30]: 5 
Debug[14:03:30]: signal in logmode 
Debug[14:03:30]: "INF(14:03:30.453):RDUM master connected" 
Debug[14:03:30]: log_breakpoint 
Debug[14:03:30]: 5 
Debug[14:03:30]: signal in logmode 
Debug[14:03:30]: "INF(14:03:30.457):Connected to \\.\COM51" 
Debug[14:03:30]: log_breakpoint 
Debug[14:03:30]: 5 
Warning[14:03:30]: Could not parse stylesheet of widget 0x31ac4b8
Debug[14:03:30]: "Resume:Logs" 
Debug[14:03:30]: "Resume:Settings" 
Debug[14:03:30]: "Resume:UartUartController" 
Debug[14:03:30]: "Resume:UartSpiController" 
Debug[14:03:30]: "Resume:UartSsiController" 
Debug[14:03:30]: "Resume:DSI3Master" 
Debug[14:03:30]: "Resume:ASICMaster" 
Debug[14:03:30]: "Resume:RDUMMaster" 
Debug[14:03:30]: "Resume:DSI3Slave" 
Debug[14:03:30]: "Resume:Measurement" 
Debug[14:03:30]: "Resume:CFARsim" 
Debug[14:32:18]: "Suspend:Settings" 
Debug[14:32:18]: "Suspend:UartUartController" 
Debug[14:32:18]: "Suspend:UartSpiController" 
Debug[14:32:18]: "Suspend:UartSsiController" 
Debug[14:32:18]: "Suspend:DSI3Master" 
Debug[14:32:18]: "Suspend:ASICMaster" 
Debug[14:32:18]: "Suspend:RDUMMaster" 
Debug[14:32:18]: "Suspend:DSI3Slave" 
Debug[14:32:18]: "Suspend:Measurement" 
Debug[14:32:18]: "Suspend:CFARsim" 
Debug[14:32:18]: signal in logmode 
Debug[14:32:18]: "INF(14:32:18.113):Disconnect by user" 
Debug[14:32:18]: log_breakpoint 
Debug[14:32:18]: 5 
Debug[14:32:18]: signal in logmode 
Debug[14:32:18]: "INF(14:32:18.138):Disconnect by user" 
Debug[14:32:18]: log_breakpoint 
Debug[14:32:18]: 5 
Warning[14:55:02]: QObject::connect: Cannot connect LocalServer::log(int,QString) to (null)::slot_addLog(int,QString)
Debug[14:55:02]: LocalServer:new "\\.\pipe\DSI3PAS" 
Debug[14:55:02]: Register specific 
Debug[14:55:02]: DynScaleCaclulate 
Debug[14:55:02]: "init 2 UartUartController" 
Debug[14:55:02]: Ok 
Debug[14:55:02]: "init 3 UartSpiController" 
Debug[14:55:02]: Ok 
Debug[14:55:02]: "init 4 UartSsiController" 
Debug[14:55:02]: Ok 
Debug[14:55:02]: "init 5 DSI3Master" 
Debug[14:55:02]: Ok 
Debug[14:55:02]: "init 6 ASICMaster" 
Debug[14:55:02]: Ok 
Debug[14:55:02]: "init 7 RDUMMaster" 
Debug[14:55:02]: Ok 
Debug[14:55:02]: "init 8 DSI3Slave" 
Debug[14:55:03]: Ok 
Debug[14:55:03]: "init 9 Measurement" 
Debug[14:55:04]: Ok 
Debug[14:55:04]: "init 10 CFARsim" 
Debug[14:55:04]: Ok 
Debug[14:55:04]: MainApp Starting... 
Debug[14:55:04]: Add applets to MainWindow...
 
Debug[14:55:04]: Initialize Connection... 
Debug[14:55:13]: Initialize Connection... 
Debug[14:55:15]: signal in logmode 
Debug[14:55:15]: "INF(14:55:15.924):Mode is OK" 
Debug[14:55:15]: log_breakpoint 
Debug[14:55:15]: 5 
Debug[14:55:15]: signal in logmode 
Debug[14:55:15]: "INF(14:55:15.926):Attempt" 
Debug[14:55:15]: log_breakpoint 
Debug[14:55:15]: 5 
Debug[14:55:16]: signal in logmode 
Debug[14:55:16]: "INF(14:55:16.243):Attempt" 
Debug[14:55:16]: log_breakpoint 
Debug[14:55:16]: 5 
Debug[14:55:16]: signal in logmode 
Debug[14:55:16]: "INF(14:55:16.556):Attempt" 
Debug[14:55:16]: log_breakpoint 
Debug[14:55:16]: 5 
Debug[14:55:16]: signal in logmode 
Debug[14:55:16]: "INF(14:55:16.867):Mode is OK" 
Debug[14:55:16]: log_breakpoint 
Debug[14:55:16]: 5 
Debug[14:55:16]: signal in logmode 
Debug[14:55:16]: "INF(14:55:16.871):Attempt" 
Debug[14:55:16]: log_breakpoint 
Debug[14:55:16]: 5 
Debug[14:55:17]: signal in logmode 
Debug[14:55:17]: "INF(14:55:17.179):Attempt" 
Debug[14:55:17]: log_breakpoint 
Debug[14:55:17]: 5 
Debug[14:55:17]: signal in logmode 
Debug[14:55:17]: "INF(14:55:17.491):Attempt" 
Debug[14:55:17]: log_breakpoint 
Debug[14:55:17]: 5 
Debug[14:55:17]: signal in logmode 
Debug[14:55:17]: "INF(14:55:17.803):Mode is OK" 
Debug[14:55:17]: log_breakpoint 
Debug[14:55:17]: 5 
Debug[14:55:17]: signal in logmode 
Debug[14:55:17]: "INF(14:55:17.808):Attempt" 
Debug[14:55:17]: log_breakpoint 
Debug[14:55:17]: 5 
Debug[14:55:17]: signal in logmode 
Debug[14:55:17]: "INF(14:55:17.965):Mode is OK" 
Debug[14:55:17]: log_breakpoint 
Debug[14:55:17]: 5 
Debug[14:55:17]: signal in logmode 
Debug[14:55:17]: "INF(14:55:17.968):Attempt" 
Debug[14:55:17]: log_breakpoint 
Debug[14:55:17]: 5 
Debug[14:55:18]: signal in logmode 
Debug[14:55:18]: "INF(14:55:18.286):Attempt" 
Debug[14:55:18]: log_breakpoint 
Debug[14:55:18]: 5 
Debug[14:55:18]: signal in logmode 
Debug[14:55:18]: "INF(14:55:18.595):Attempt" 
Debug[14:55:18]: log_breakpoint 
Debug[14:55:18]: 5 
Debug[14:55:18]: signal in logmode 
Debug[14:55:18]: "INF(14:55:18.907):Mode is OK" 
Debug[14:55:18]: log_breakpoint 
Debug[14:55:18]: 5 
Debug[14:55:18]: signal in logmode 
Debug[14:55:18]: "INF(14:55:18.911):Attempt" 
Debug[14:55:18]: log_breakpoint 
Debug[14:55:18]: 5 
Debug[14:55:19]: signal in logmode 
Debug[14:55:19]: "INF(14:55:19.220):Attempt" 
Debug[14:55:19]: log_breakpoint 
Debug[14:55:19]: 5 
Debug[14:55:19]: signal in logmode 
Debug[14:55:19]: "INF(14:55:19.529):Attempt" 
Debug[14:55:19]: log_breakpoint 
Debug[14:55:19]: 5 
Debug[14:55:19]: signal in logmode 
Debug[14:55:19]: "INF(14:55:19.843):Mode is OK" 
Debug[14:55:19]: log_breakpoint 
Debug[14:55:19]: 5 
Debug[14:55:19]: signal in logmode 
Debug[14:55:19]: "INF(14:55:19.848):Attempt" 
Debug[14:55:19]: log_breakpoint 
Debug[14:55:19]: 5 
Debug[14:55:20]: signal in logmode 
Debug[14:55:20]: "INF(14:55:20.156):Attempt" 
Debug[14:55:20]: log_breakpoint 
Debug[14:55:20]: 5 
Debug[14:55:20]: signal in logmode 
Debug[14:55:20]: "INF(14:55:20.469):Attempt" 
Debug[14:55:20]: log_breakpoint 
Debug[14:55:20]: 5 
Debug[14:55:21]: signal in logmode 
Debug[14:55:21]: "INF(14:55:21.623):Mode is OK" 
Debug[14:55:21]: log_breakpoint 
Debug[14:55:21]: 5 
Debug[14:55:21]: signal in logmode 
Debug[14:55:21]: "INF(14:55:21.627):Attempt" 
Debug[14:55:21]: log_breakpoint 
Debug[14:55:21]: 5 
Debug[14:55:21]: signal in logmode 
Debug[14:55:21]: "INF(14:55:21.948):Attempt" 
Debug[14:55:21]: log_breakpoint 
Debug[14:55:21]: 5 
Debug[14:55:22]: signal in logmode 
Debug[14:55:22]: "INF(14:55:22.263):Attempt" 
Debug[14:55:22]: log_breakpoint 
Debug[14:55:22]: 5 
Debug[14:55:22]: signal in logmode 
Debug[14:55:22]: "INF(14:55:22.581):Mode is OK" 
Debug[14:55:22]: log_breakpoint 
Debug[14:55:22]: 5 
Debug[14:55:22]: signal in logmode 
Debug[14:55:22]: "INF(14:55:22.583):Attempt" 
Debug[14:55:22]: log_breakpoint 
Debug[14:55:22]: 5 
Debug[14:55:22]: signal in logmode 
Debug[14:55:22]: "INF(14:55:22.895):Attempt" 
Debug[14:55:22]: log_breakpoint 
Debug[14:55:22]: 5 
Debug[14:55:23]: signal in logmode 
Debug[14:55:23]: "INF(14:55:23.209):Attempt" 
Debug[14:55:23]: log_breakpoint 
Debug[14:55:23]: 5 
Debug[14:55:23]: signal in logmode 
Debug[14:55:23]: "INF(14:55:23.520):Mode is OK" 
Debug[14:55:23]: log_breakpoint 
Debug[14:55:23]: 5 
Debug[14:55:23]: signal in logmode 
Debug[14:55:23]: "INF(14:55:23.521):Attempt" 
Debug[14:55:23]: log_breakpoint 
Debug[14:55:23]: 5 
Debug[14:55:23]: signal in logmode 
Debug[14:55:23]: "INF(14:55:23.526):RDUM master connected" 
Debug[14:55:23]: log_breakpoint 
Debug[14:55:23]: 5 
Debug[14:55:23]: signal in logmode 
Debug[14:55:23]: "INF(14:55:23.528):Connected to \\.\COM51" 
Debug[14:55:23]: log_breakpoint 
Debug[14:55:23]: 5 
Warning[14:55:23]: Could not parse stylesheet of widget 0x326c618
Debug[14:55:23]: "Resume:Logs" 
Debug[14:55:23]: "Resume:Settings" 
Debug[14:55:23]: "Resume:UartUartController" 
Debug[14:55:23]: "Resume:UartSpiController" 
Debug[14:55:23]: "Resume:UartSsiController" 
Debug[14:55:23]: "Resume:DSI3Master" 
Debug[14:55:23]: "Resume:ASICMaster" 
Debug[14:55:23]: "Resume:RDUMMaster" 
Debug[14:55:23]: "Resume:DSI3Slave" 
Debug[14:55:23]: "Resume:Measurement" 
Debug[14:55:23]: "Resume:CFARsim" 
Debug[16:01:13]: "Suspend:Settings" 
Debug[16:01:13]: "Suspend:UartUartController" 
Debug[16:01:13]: "Suspend:UartSpiController" 
Debug[16:01:13]: "Suspend:UartSsiController" 
Debug[16:01:13]: "Suspend:DSI3Master" 
Debug[16:01:13]: "Suspend:ASICMaster" 
Debug[16:01:13]: "Suspend:RDUMMaster" 
Debug[16:01:13]: "Suspend:DSI3Slave" 
Debug[16:01:13]: "Suspend:Measurement" 
Debug[16:01:13]: "Suspend:CFARsim" 
Debug[16:01:13]: signal in logmode 
Debug[16:01:13]: "INF(16:01:13.584):Disconnect by user" 
Debug[16:01:13]: log_breakpoint 
Debug[16:01:13]: 5 
Debug[16:01:13]: signal in logmode 
Debug[16:01:13]: "INF(16:01:13.732):Disconnect by user" 
Debug[16:01:13]: log_breakpoint 
Debug[16:01:13]: 5 
