Warning[09:20:52]: QObject::connect: Cannot connect LocalServer::log(int,QString) to (null)::slot_addLog(int,QString)
Debug[09:20:52]: LocalServer:new "\\.\pipe\DSI3PAS" 
Debug[09:20:52]: Register specific 
Debug[09:20:52]: DynScaleCaclulate 
Debug[09:20:53]: "init 2 UartUartController" 
Debug[09:20:53]: Ok 
Debug[09:20:53]: "init 3 UartSpiController" 
Debug[09:20:53]: Ok 
Debug[09:20:53]: "init 4 UartSsiController" 
Debug[09:20:53]: Ok 
Debug[09:20:53]: "init 5 DSI3Master" 
Debug[09:20:53]: Ok 
Debug[09:20:53]: "init 6 ASICMaster" 
Debug[09:20:53]: Ok 
Debug[09:20:53]: "init 7 RDUMMaster" 
Debug[09:20:53]: Ok 
Debug[09:20:53]: "init 8 DSI3Slave" 
Debug[09:20:53]: Ok 
Debug[09:20:53]: "init 9 Measurement" 
Debug[09:20:54]: Ok 
Debug[09:20:54]: "init 10 CFARsim" 
Debug[09:20:54]: Ok 
Debug[09:20:54]: MainApp Starting... 
Debug[09:20:55]: Add applets to MainWindow...
 
Debug[09:20:55]: Initialize Connection... 
Debug[09:20:55]: signal in logmode 
Debug[09:20:55]: "INF(09:20:55.898):Mode is OK" 
Debug[09:20:55]: log_breakpoint 
Debug[09:20:55]: 5 
Debug[09:20:55]: signal in logmode 
Debug[09:20:55]: "INF(09:20:55.901):Attempt" 
Debug[09:20:55]: log_breakpoint 
Debug[09:20:55]: 5 
Debug[09:20:56]: signal in logmode 
Debug[09:20:56]: "INF(09:20:56.208):Attempt" 
Debug[09:20:56]: log_breakpoint 
Debug[09:20:56]: 5 
Debug[09:20:56]: signal in logmode 
Debug[09:20:56]: "INF(09:20:56.520):Attempt" 
Debug[09:20:56]: log_breakpoint 
Debug[09:20:56]: 5 
Debug[09:20:56]: signal in logmode 
Debug[09:20:56]: "INF(09:20:56.829):Mode is OK" 
Debug[09:20:56]: log_breakpoint 
Debug[09:20:56]: 5 
Debug[09:20:56]: signal in logmode 
Debug[09:20:56]: "INF(09:20:56.832):Attempt" 
Debug[09:20:56]: log_breakpoint 
Debug[09:20:56]: 5 
Debug[09:20:57]: signal in logmode 
Debug[09:20:57]: "INF(09:20:57.141):Attempt" 
Debug[09:20:57]: log_breakpoint 
Debug[09:20:57]: 5 
Debug[09:20:57]: signal in logmode 
Debug[09:20:57]: "INF(09:20:57.453):Attempt" 
Debug[09:20:57]: log_breakpoint 
Debug[09:20:57]: 5 
Debug[09:20:57]: signal in logmode 
Debug[09:20:57]: "INF(09:20:57.767):Mode is OK" 
Debug[09:20:57]: log_breakpoint 
Debug[09:20:57]: 5 
Debug[09:20:57]: signal in logmode 
Debug[09:20:57]: "INF(09:20:57.772):Attempt" 
Debug[09:20:57]: log_breakpoint 
Debug[09:20:57]: 5 
Debug[09:20:57]: signal in logmode 
Debug[09:20:57]: "INF(09:20:57.925):Mode is OK" 
Debug[09:20:57]: log_breakpoint 
Debug[09:20:57]: 5 
Debug[09:20:57]: signal in logmode 
Debug[09:20:57]: "INF(09:20:57.927):Attempt" 
Debug[09:20:57]: log_breakpoint 
Debug[09:20:57]: 5 
Debug[09:20:58]: signal in logmode 
Debug[09:20:58]: "INF(09:20:58.231):Attempt" 
Debug[09:20:58]: log_breakpoint 
Debug[09:20:58]: 5 
Debug[09:20:58]: signal in logmode 
Debug[09:20:58]: "INF(09:20:58.543):Attempt" 
Debug[09:20:58]: log_breakpoint 
Debug[09:20:58]: 5 
Debug[09:20:58]: signal in logmode 
Debug[09:20:58]: "INF(09:20:58.856):Mode is OK" 
Debug[09:20:58]: log_breakpoint 
Debug[09:20:58]: 5 
Debug[09:20:58]: signal in logmode 
Debug[09:20:58]: "INF(09:20:58.858):Attempt" 
Debug[09:20:58]: log_breakpoint 
Debug[09:20:58]: 5 
Debug[09:20:59]: signal in logmode 
Debug[09:20:59]: "INF(09:20:59.163):Attempt" 
Debug[09:20:59]: log_breakpoint 
Debug[09:20:59]: 5 
Debug[09:20:59]: signal in logmode 
Debug[09:20:59]: "INF(09:20:59.475):Attempt" 
Debug[09:20:59]: log_breakpoint 
Debug[09:20:59]: 5 
Debug[09:20:59]: signal in logmode 
Debug[09:20:59]: "INF(09:20:59.786):Mode is OK" 
Debug[09:20:59]: log_breakpoint 
Debug[09:20:59]: 5 
Debug[09:20:59]: signal in logmode 
Debug[09:20:59]: "INF(09:20:59.790):Attempt" 
Debug[09:20:59]: log_breakpoint 
Debug[09:20:59]: 5 
Debug[09:21:00]: signal in logmode 
Debug[09:21:00]: "INF(09:21:00.099):Attempt" 
Debug[09:21:00]: log_breakpoint 
Debug[09:21:00]: 5 
Debug[09:21:00]: signal in logmode 
Debug[09:21:00]: "INF(09:21:00.413):Attempt" 
Debug[09:21:00]: log_breakpoint 
Debug[09:21:00]: 5 
Debug[09:21:06]: signal in logmode 
Debug[09:21:06]: "INF(09:21:06.714):Mode is OK" 
Debug[09:21:06]: log_breakpoint 
Debug[09:21:06]: 5 
Debug[09:21:06]: signal in logmode 
Debug[09:21:06]: "INF(09:21:06.715):Attempt" 
Debug[09:21:06]: log_breakpoint 
Debug[09:21:06]: 5 
Debug[09:21:07]: signal in logmode 
Debug[09:21:07]: "INF(09:21:07.021):Attempt" 
Debug[09:21:07]: log_breakpoint 
Debug[09:21:07]: 5 
Debug[09:21:07]: signal in logmode 
Debug[09:21:07]: "INF(09:21:07.333):Attempt" 
Debug[09:21:07]: log_breakpoint 
Debug[09:21:07]: 5 
Debug[09:21:07]: signal in logmode 
Debug[09:21:07]: "INF(09:21:07.644):Mode is OK" 
Debug[09:21:07]: log_breakpoint 
Debug[09:21:07]: 5 
Debug[09:21:07]: signal in logmode 
Debug[09:21:07]: "INF(09:21:07.646):Attempt" 
Debug[09:21:07]: log_breakpoint 
Debug[09:21:07]: 5 
Debug[09:21:07]: signal in logmode 
Debug[09:21:07]: "INF(09:21:07.957):Attempt" 
Debug[09:21:07]: log_breakpoint 
Debug[09:21:07]: 5 
Debug[09:21:08]: signal in logmode 
Debug[09:21:08]: "INF(09:21:08.267):Attempt" 
Debug[09:21:08]: log_breakpoint 
Debug[09:21:08]: 5 
Debug[09:21:08]: signal in logmode 
Debug[09:21:08]: "INF(09:21:08.577):Mode is OK" 
Debug[09:21:08]: log_breakpoint 
Debug[09:21:08]: 5 
Debug[09:21:08]: signal in logmode 
Debug[09:21:08]: "INF(09:21:08.580):Attempt" 
Debug[09:21:08]: log_breakpoint 
Debug[09:21:08]: 5 
Debug[09:21:08]: signal in logmode 
Debug[09:21:08]: "INF(09:21:08.583):RDUM master connected" 
Debug[09:21:08]: log_breakpoint 
Debug[09:21:08]: 5 
Debug[09:21:08]: signal in logmode 
Debug[09:21:08]: "INF(09:21:08.585):Connected to \\.\COM51" 
Debug[09:21:08]: log_breakpoint 
Debug[09:21:08]: 5 
Warning[09:21:08]: Could not parse stylesheet of widget 0x2e8c478
Debug[09:21:08]: "Resume:Logs" 
Debug[09:21:08]: "Resume:Settings" 
Debug[09:21:08]: "Resume:UartUartController" 
Debug[09:21:08]: "Resume:UartSpiController" 
Debug[09:21:08]: "Resume:UartSsiController" 
Debug[09:21:08]: "Resume:DSI3Master" 
Debug[09:21:08]: "Resume:ASICMaster" 
Debug[09:21:08]: "Resume:RDUMMaster" 
Debug[09:21:08]: "Resume:DSI3Slave" 
Debug[09:21:08]: "Resume:Measurement" 
Debug[09:21:08]: "Resume:CFARsim" 
Debug[10:02:05]: "Suspend:Settings" 
Debug[10:02:05]: "Suspend:UartUartController" 
Debug[10:02:05]: "Suspend:UartSpiController" 
Debug[10:02:05]: "Suspend:UartSsiController" 
Debug[10:02:05]: "Suspend:DSI3Master" 
Debug[10:02:05]: "Suspend:ASICMaster" 
Debug[10:02:05]: "Suspend:RDUMMaster" 
Debug[10:02:05]: "Suspend:DSI3Slave" 
Debug[10:02:05]: "Suspend:Measurement" 
Debug[10:02:05]: "Suspend:CFARsim" 
Debug[10:02:05]: signal in logmode 
Debug[10:02:05]: "INF(10:02:05.073):Disconnect by user" 
Debug[10:02:05]: log_breakpoint 
Debug[10:02:05]: 5 
Debug[10:02:05]: signal in logmode 
Debug[10:02:05]: "INF(10:02:05.211):Disconnect by user" 
Debug[10:02:05]: log_breakpoint 
Debug[10:02:05]: 5 
Warning[14:22:46]: QObject::connect: Cannot connect LocalServer::log(int,QString) to (null)::slot_addLog(int,QString)
Debug[14:22:46]: LocalServer:new "\\.\pipe\DSI3PAS" 
Debug[14:22:46]: Register specific 
Debug[14:22:46]: DynScaleCaclulate 
Debug[14:22:47]: "init 2 UartUartController" 
Debug[14:22:47]: Ok 
Debug[14:22:47]: "init 3 UartSpiController" 
Debug[14:22:47]: Ok 
Debug[14:22:47]: "init 4 UartSsiController" 
Debug[14:22:47]: Ok 
Debug[14:22:47]: "init 5 DSI3Master" 
Debug[14:22:47]: Ok 
Debug[14:22:47]: "init 6 ASICMaster" 
Debug[14:22:47]: Ok 
Debug[14:22:47]: "init 7 RDUMMaster" 
Debug[14:22:47]: Ok 
Debug[14:22:47]: "init 8 DSI3Slave" 
Debug[14:22:47]: Ok 
Debug[14:22:47]: "init 9 Measurement" 
Debug[14:22:48]: Ok 
Debug[14:22:48]: "init 10 CFARsim" 
Debug[14:22:48]: Ok 
Debug[14:22:48]: MainApp Starting... 
Debug[14:22:49]: Add applets to MainWindow...
 
Debug[14:22:49]: Initialize Connection... 
Debug[14:22:49]: signal in logmode 
Debug[14:22:49]: "INF(14:22:49.851):Mode is OK" 
Debug[14:22:49]: log_breakpoint 
Debug[14:22:49]: 5 
Debug[14:22:49]: signal in logmode 
Debug[14:22:49]: "INF(14:22:49.854):Attempt" 
Debug[14:22:49]: log_breakpoint 
Debug[14:22:49]: 5 
Debug[14:22:50]: signal in logmode 
Debug[14:22:50]: "INF(14:22:50.159):Attempt" 
Debug[14:22:50]: log_breakpoint 
Debug[14:22:50]: 5 
Debug[14:22:50]: signal in logmode 
Debug[14:22:50]: "INF(14:22:50.471):Attempt" 
Debug[14:22:50]: log_breakpoint 
Debug[14:22:50]: 5 
Debug[14:22:50]: signal in logmode 
Debug[14:22:50]: "INF(14:22:50.783):Mode is OK" 
Debug[14:22:50]: log_breakpoint 
Debug[14:22:50]: 5 
Debug[14:22:50]: signal in logmode 
Debug[14:22:50]: "INF(14:22:50.785):Attempt" 
Debug[14:22:50]: log_breakpoint 
Debug[14:22:50]: 5 
Debug[14:22:51]: signal in logmode 
Debug[14:22:51]: "INF(14:22:51.096):Attempt" 
Debug[14:22:51]: log_breakpoint 
Debug[14:22:51]: 5 
Debug[14:22:51]: signal in logmode 
Debug[14:22:51]: "INF(14:22:51.410):Attempt" 
Debug[14:22:51]: log_breakpoint 
Debug[14:22:51]: 5 
Debug[14:22:51]: signal in logmode 
Debug[14:22:51]: "INF(14:22:51.722):Mode is OK" 
Debug[14:22:51]: log_breakpoint 
Debug[14:22:51]: 5 
Debug[14:22:51]: signal in logmode 
Debug[14:22:51]: "INF(14:22:51.724):Attempt" 
Debug[14:22:51]: log_breakpoint 
Debug[14:22:51]: 5 
Debug[14:22:51]: signal in logmode 
Debug[14:22:51]: "INF(14:22:51.880):Mode is OK" 
Debug[14:22:51]: log_breakpoint 
Debug[14:22:51]: 5 
Debug[14:22:51]: signal in logmode 
Debug[14:22:51]: "INF(14:22:51.882):Attempt" 
Debug[14:22:51]: log_breakpoint 
Debug[14:22:51]: 5 
Debug[14:22:52]: signal in logmode 
Debug[14:22:52]: "INF(14:22:52.187):Attempt" 
Debug[14:22:52]: log_breakpoint 
Debug[14:22:52]: 5 
Debug[14:22:52]: signal in logmode 
Debug[14:22:52]: "INF(14:22:52.499):Attempt" 
Debug[14:22:52]: log_breakpoint 
Debug[14:22:52]: 5 
Debug[14:22:52]: signal in logmode 
Debug[14:22:52]: "INF(14:22:52.810):Mode is OK" 
Debug[14:22:52]: log_breakpoint 
Debug[14:22:52]: 5 
Debug[14:22:52]: signal in logmode 
Debug[14:22:52]: "INF(14:22:52.815):Attempt" 
Debug[14:22:52]: log_breakpoint 
Debug[14:22:52]: 5 
Debug[14:22:53]: signal in logmode 
Debug[14:22:53]: "INF(14:22:53.120):Attempt" 
Debug[14:22:53]: log_breakpoint 
Debug[14:22:53]: 5 
Debug[14:22:53]: signal in logmode 
Debug[14:22:53]: "INF(14:22:53.434):Attempt" 
Debug[14:22:53]: log_breakpoint 
Debug[14:22:53]: 5 
Debug[14:22:53]: signal in logmode 
Debug[14:22:53]: "INF(14:22:53.743):Mode is OK" 
Debug[14:22:53]: log_breakpoint 
Debug[14:22:53]: 5 
Debug[14:22:53]: signal in logmode 
Debug[14:22:53]: "INF(14:22:53.747):Attempt" 
Debug[14:22:53]: log_breakpoint 
Debug[14:22:53]: 5 
Debug[14:22:54]: signal in logmode 
Debug[14:22:54]: "INF(14:22:54.055):Attempt" 
Debug[14:22:54]: log_breakpoint 
Debug[14:22:54]: 5 
Debug[14:22:54]: signal in logmode 
Debug[14:22:54]: "INF(14:22:54.368):Attempt" 
Debug[14:22:54]: log_breakpoint 
Debug[14:22:54]: 5 
Debug[14:23:07]: signal in logmode 
Debug[14:23:07]: "INF(14:23:07.615):Mode is OK" 
Debug[14:23:07]: log_breakpoint 
Debug[14:23:07]: 5 
Debug[14:23:07]: signal in logmode 
Debug[14:23:07]: "INF(14:23:07.617):Attempt" 
Debug[14:23:07]: log_breakpoint 
Debug[14:23:07]: 5 
Debug[14:23:07]: signal in logmode 
Debug[14:23:07]: "INF(14:23:07.923):Attempt" 
Debug[14:23:07]: log_breakpoint 
Debug[14:23:07]: 5 
Debug[14:23:08]: signal in logmode 
Debug[14:23:08]: "INF(14:23:08.234):Attempt" 
Debug[14:23:08]: log_breakpoint 
Debug[14:23:08]: 5 
Debug[14:23:08]: signal in logmode 
Debug[14:23:08]: "INF(14:23:08.544):Mode is OK" 
Debug[14:23:08]: log_breakpoint 
Debug[14:23:08]: 5 
Debug[14:23:08]: signal in logmode 
Debug[14:23:08]: "INF(14:23:08.547):Attempt" 
Debug[14:23:08]: log_breakpoint 
Debug[14:23:08]: 5 
Debug[14:23:08]: signal in logmode 
Debug[14:23:08]: "INF(14:23:08.857):Attempt" 
Debug[14:23:08]: log_breakpoint 
Debug[14:23:08]: 5 
Debug[14:23:09]: signal in logmode 
Debug[14:23:09]: "INF(14:23:09.184):Attempt" 
Debug[14:23:09]: log_breakpoint 
Debug[14:23:09]: 5 
Debug[14:23:09]: signal in logmode 
Debug[14:23:09]: "INF(14:23:09.496):Mode is OK" 
Debug[14:23:09]: log_breakpoint 
Debug[14:23:09]: 5 
Debug[14:23:09]: signal in logmode 
Debug[14:23:09]: "INF(14:23:09.498):Attempt" 
Debug[14:23:09]: log_breakpoint 
Debug[14:23:09]: 5 
Debug[14:23:09]: signal in logmode 
Debug[14:23:09]: "INF(14:23:09.527):RDUM master connected" 
Debug[14:23:09]: log_breakpoint 
Debug[14:23:09]: 5 
Debug[14:23:09]: signal in logmode 
Debug[14:23:09]: "INF(14:23:09.529):Connected to \\.\COM76" 
Debug[14:23:09]: log_breakpoint 
Debug[14:23:09]: 5 
Warning[14:23:09]: Could not parse stylesheet of widget 0x28e7178
Debug[14:23:09]: "Resume:Logs" 
Debug[14:23:09]: "Resume:Settings" 
Debug[14:23:09]: "Resume:UartUartController" 
Debug[14:23:09]: "Resume:UartSpiController" 
Debug[14:23:09]: "Resume:UartSsiController" 
Debug[14:23:09]: "Resume:DSI3Master" 
Debug[14:23:09]: "Resume:ASICMaster" 
Debug[14:23:09]: "Resume:RDUMMaster" 
Debug[14:23:09]: "Resume:DSI3Slave" 
Debug[14:23:09]: "Resume:Measurement" 
Debug[14:23:09]: "Resume:CFARsim" 
Debug[14:26:28]: "Suspend:Settings" 
Debug[14:26:28]: "Suspend:UartUartController" 
Debug[14:26:28]: "Suspend:UartSpiController" 
Debug[14:26:28]: "Suspend:UartSsiController" 
Debug[14:26:28]: "Suspend:DSI3Master" 
Debug[14:26:28]: "Suspend:ASICMaster" 
Debug[14:26:28]: "Suspend:RDUMMaster" 
Debug[14:26:28]: "Suspend:DSI3Slave" 
Debug[14:26:28]: "Suspend:Measurement" 
Debug[14:26:28]: "Suspend:CFARsim" 
Debug[14:26:28]: signal in logmode 
Debug[14:26:28]: "INF(14:26:28.581):Disconnect by user" 
Debug[14:26:28]: log_breakpoint 
Debug[14:26:28]: 5 
Debug[14:26:28]: signal in logmode 
Debug[14:26:28]: "INF(14:26:28.731):Disconnect by user" 
Debug[14:26:28]: log_breakpoint 
Debug[14:26:28]: 5 
Warning[14:26:45]: QObject::connect: Cannot connect LocalServer::log(int,QString) to (null)::slot_addLog(int,QString)
Debug[14:26:45]: LocalServer:new "\\.\pipe\DSI3PAS" 
Debug[14:26:45]: Register specific 
Debug[14:26:45]: DynScaleCaclulate 
Debug[14:26:45]: "init 2 UartUartController" 
Debug[14:26:45]: Ok 
Debug[14:26:45]: "init 3 UartSpiController" 
Debug[14:26:45]: Ok 
Debug[14:26:45]: "init 4 UartSsiController" 
Debug[14:26:45]: Ok 
Debug[14:26:45]: "init 5 DSI3Master" 
Debug[14:26:45]: Ok 
Debug[14:26:45]: "init 6 ASICMaster" 
Debug[14:26:45]: Ok 
Debug[14:26:45]: "init 7 RDUMMaster" 
Debug[14:26:45]: Ok 
Debug[14:26:45]: "init 8 DSI3Slave" 
Debug[14:26:46]: Ok 
Debug[14:26:46]: "init 9 Measurement" 
Debug[14:26:47]: Ok 
Debug[14:26:47]: "init 10 CFARsim" 
Debug[14:26:47]: Ok 
Debug[14:26:47]: MainApp Starting... 
Debug[14:26:48]: Add applets to MainWindow...
 
Debug[14:26:48]: Initialize Connection... 
Debug[14:26:48]: signal in logmode 
Debug[14:26:48]: "INF(14:26:48.685):Mode is OK" 
Debug[14:26:48]: log_breakpoint 
Debug[14:26:48]: 5 
Debug[14:26:48]: signal in logmode 
Debug[14:26:48]: "INF(14:26:48.687):Attempt" 
Debug[14:26:48]: log_breakpoint 
Debug[14:26:48]: 5 
Debug[14:26:48]: signal in logmode 
Debug[14:26:48]: "INF(14:26:48.994):Attempt" 
Debug[14:26:48]: log_breakpoint 
Debug[14:26:48]: 5 
Debug[14:26:49]: signal in logmode 
Debug[14:26:49]: "INF(14:26:49.304):Attempt" 
Debug[14:26:49]: log_breakpoint 
Debug[14:26:49]: 5 
Debug[14:26:49]: signal in logmode 
Debug[14:26:49]: "INF(14:26:49.619):Mode is OK" 
Debug[14:26:49]: log_breakpoint 
Debug[14:26:49]: 5 
Debug[14:26:49]: signal in logmode 
Debug[14:26:49]: "INF(14:26:49.621):Attempt" 
Debug[14:26:49]: log_breakpoint 
Debug[14:26:49]: 5 
Debug[14:26:49]: signal in logmode 
Debug[14:26:49]: "INF(14:26:49.930):Attempt" 
Debug[14:26:49]: log_breakpoint 
Debug[14:26:49]: 5 
Debug[14:26:50]: signal in logmode 
Debug[14:26:50]: "INF(14:26:50.243):Attempt" 
Debug[14:26:50]: log_breakpoint 
Debug[14:26:50]: 5 
Debug[14:26:50]: signal in logmode 
Debug[14:26:50]: "INF(14:26:50.557):Mode is OK" 
Debug[14:26:50]: log_breakpoint 
Debug[14:26:50]: 5 
Debug[14:26:50]: signal in logmode 
Debug[14:26:50]: "INF(14:26:50.559):Attempt" 
Debug[14:26:50]: log_breakpoint 
Debug[14:26:50]: 5 
Debug[14:26:50]: signal in logmode 
Debug[14:26:50]: "INF(14:26:50.714):Mode is OK" 
Debug[14:26:50]: log_breakpoint 
Debug[14:26:50]: 5 
Debug[14:26:50]: signal in logmode 
Debug[14:26:50]: "INF(14:26:50.716):Attempt" 
Debug[14:26:50]: log_breakpoint 
Debug[14:26:50]: 5 
Debug[14:26:51]: signal in logmode 
Debug[14:26:51]: "INF(14:26:51.026):Attempt" 
Debug[14:26:51]: log_breakpoint 
Debug[14:26:51]: 5 
Debug[14:26:51]: signal in logmode 
Debug[14:26:51]: "INF(14:26:51.343):Attempt" 
Debug[14:26:51]: log_breakpoint 
Debug[14:26:51]: 5 
Debug[14:26:51]: signal in logmode 
Debug[14:26:51]: "INF(14:26:51.656):Mode is OK" 
Debug[14:26:51]: log_breakpoint 
Debug[14:26:51]: 5 
Debug[14:26:51]: signal in logmode 
Debug[14:26:51]: "INF(14:26:51.660):Attempt" 
Debug[14:26:51]: log_breakpoint 
Debug[14:26:51]: 5 
Debug[14:26:51]: signal in logmode 
Debug[14:26:51]: "INF(14:26:51.968):Attempt" 
Debug[14:26:51]: log_breakpoint 
Debug[14:26:51]: 5 
Debug[14:26:52]: signal in logmode 
Debug[14:26:52]: "INF(14:26:52.284):Attempt" 
Debug[14:26:52]: log_breakpoint 
Debug[14:26:52]: 5 
Debug[14:26:52]: signal in logmode 
Debug[14:26:52]: "INF(14:26:52.595):Mode is OK" 
Debug[14:26:52]: log_breakpoint 
Debug[14:26:52]: 5 
Debug[14:26:52]: signal in logmode 
Debug[14:26:52]: "INF(14:26:52.600):Attempt" 
Debug[14:26:52]: log_breakpoint 
Debug[14:26:52]: 5 
Debug[14:26:52]: signal in logmode 
Debug[14:26:52]: "INF(14:26:52.907):Attempt" 
Debug[14:26:52]: log_breakpoint 
Debug[14:26:52]: 5 
Debug[14:26:53]: signal in logmode 
Debug[14:26:53]: "INF(14:26:53.222):Attempt" 
Debug[14:26:53]: log_breakpoint 
Debug[14:26:53]: 5 
Debug[14:26:57]: signal in logmode 
Debug[14:26:57]: "INF(14:26:57.884):Mode is OK" 
Debug[14:26:57]: log_breakpoint 
Debug[14:26:57]: 5 
Debug[14:26:57]: signal in logmode 
Debug[14:26:57]: "INF(14:26:57.886):Attempt" 
Debug[14:26:57]: log_breakpoint 
Debug[14:26:57]: 5 
Debug[14:26:58]: signal in logmode 
Debug[14:26:58]: "INF(14:26:58.195):Attempt" 
Debug[14:26:58]: log_breakpoint 
Debug[14:26:58]: 5 
Debug[14:26:58]: signal in logmode 
Debug[14:26:58]: "INF(14:26:58.506):Attempt" 
Debug[14:26:58]: log_breakpoint 
Debug[14:26:58]: 5 
Debug[14:26:58]: signal in logmode 
Debug[14:26:58]: "INF(14:26:58.816):Mode is OK" 
Debug[14:26:58]: log_breakpoint 
Debug[14:26:58]: 5 
Debug[14:26:58]: signal in logmode 
Debug[14:26:58]: "INF(14:26:58.819):Attempt" 
Debug[14:26:58]: log_breakpoint 
Debug[14:26:58]: 5 
Debug[14:26:59]: signal in logmode 
Debug[14:26:59]: "INF(14:26:59.127):Attempt" 
Debug[14:26:59]: log_breakpoint 
Debug[14:26:59]: 5 
Debug[14:26:59]: signal in logmode 
Debug[14:26:59]: "INF(14:26:59.439):Attempt" 
Debug[14:26:59]: log_breakpoint 
Debug[14:26:59]: 5 
Debug[14:26:59]: signal in logmode 
Debug[14:26:59]: "INF(14:26:59.752):Mode is OK" 
Debug[14:26:59]: log_breakpoint 
Debug[14:26:59]: 5 
Debug[14:26:59]: signal in logmode 
Debug[14:26:59]: "INF(14:26:59.755):Attempt" 
Debug[14:26:59]: log_breakpoint 
Debug[14:26:59]: 5 
Debug[14:26:59]: signal in logmode 
Debug[14:26:59]: "INF(14:26:59.783):RDUM master connected" 
Debug[14:26:59]: log_breakpoint 
Debug[14:26:59]: 5 
Debug[14:26:59]: signal in logmode 
Debug[14:26:59]: "INF(14:26:59.786):Connected to \\.\COM76" 
Debug[14:26:59]: log_breakpoint 
Debug[14:26:59]: 5 
Warning[14:26:59]: Could not parse stylesheet of widget 0x2ff65f8
Debug[14:26:59]: "Resume:Logs" 
Debug[14:26:59]: "Resume:Settings" 
Debug[14:26:59]: "Resume:UartUartController" 
Debug[14:26:59]: "Resume:UartSpiController" 
Debug[14:26:59]: "Resume:UartSsiController" 
Debug[14:26:59]: "Resume:DSI3Master" 
Debug[14:26:59]: "Resume:ASICMaster" 
Debug[14:26:59]: "Resume:RDUMMaster" 
Debug[14:26:59]: "Resume:DSI3Slave" 
Debug[14:26:59]: "Resume:Measurement" 
Debug[14:26:59]: "Resume:CFARsim" 
Debug[14:33:00]: "Suspend:Settings" 
Debug[14:33:00]: "Suspend:UartUartController" 
Debug[14:33:00]: "Suspend:UartSpiController" 
Debug[14:33:00]: "Suspend:UartSsiController" 
Debug[14:33:00]: "Suspend:DSI3Master" 
Debug[14:33:00]: "Suspend:ASICMaster" 
Debug[14:33:00]: "Suspend:RDUMMaster" 
Debug[14:33:00]: "Suspend:DSI3Slave" 
Debug[14:33:00]: "Suspend:Measurement" 
Debug[14:33:00]: "Suspend:CFARsim" 
Debug[14:33:00]: signal in logmode 
Debug[14:33:00]: "INF(14:33:00.570):Disconnect by user" 
Debug[14:33:00]: log_breakpoint 
Debug[14:33:00]: 5 
Debug[14:33:00]: signal in logmode 
Debug[14:33:00]: "INF(14:33:00.599):Disconnect by user" 
Debug[14:33:00]: log_breakpoint 
Debug[14:33:00]: 5 
Warning[14:33:06]: QObject::connect: Cannot connect LocalServer::log(int,QString) to (null)::slot_addLog(int,QString)
Debug[14:33:06]: LocalServer:new "\\.\pipe\DSI3PAS" 
Debug[14:33:06]: Register specific 
Debug[14:33:07]: DynScaleCaclulate 
Debug[14:33:07]: "init 2 UartUartController" 
Debug[14:33:07]: Ok 
Debug[14:33:07]: "init 3 UartSpiController" 
Debug[14:33:07]: Ok 
Debug[14:33:07]: "init 4 UartSsiController" 
Debug[14:33:07]: Ok 
Debug[14:33:07]: "init 5 DSI3Master" 
Debug[14:33:07]: Ok 
Debug[14:33:07]: "init 6 ASICMaster" 
Debug[14:33:07]: Ok 
Debug[14:33:07]: "init 7 RDUMMaster" 
Debug[14:33:07]: Ok 
Debug[14:33:07]: "init 8 DSI3Slave" 
Debug[14:33:08]: Ok 
Debug[14:33:08]: "init 9 Measurement" 
Debug[14:33:09]: Ok 
Debug[14:33:09]: "init 10 CFARsim" 
Debug[14:33:09]: Ok 
Debug[14:33:09]: MainApp Starting... 
Debug[14:33:10]: Add applets to MainWindow...
 
Debug[14:33:10]: Initialize Connection... 
Debug[14:33:10]: signal in logmode 
Debug[14:33:10]: "INF(14:33:10.863):Mode is OK" 
Debug[14:33:10]: log_breakpoint 
Debug[14:33:10]: 5 
Debug[14:33:10]: signal in logmode 
Debug[14:33:10]: "INF(14:33:10.865):Attempt" 
Debug[14:33:10]: log_breakpoint 
Debug[14:33:10]: 5 
Debug[14:33:11]: signal in logmode 
Debug[14:33:11]: "INF(14:33:11.174):Attempt" 
Debug[14:33:11]: log_breakpoint 
Debug[14:33:11]: 5 
Debug[14:33:11]: signal in logmode 
Debug[14:33:11]: "INF(14:33:11.486):Attempt" 
Debug[14:33:11]: log_breakpoint 
Debug[14:33:11]: 5 
Debug[14:33:11]: signal in logmode 
Debug[14:33:11]: "INF(14:33:11.797):Mode is OK" 
Debug[14:33:11]: log_breakpoint 
Debug[14:33:11]: 5 
Debug[14:33:11]: signal in logmode 
Debug[14:33:11]: "INF(14:33:11.798):Attempt" 
Debug[14:33:11]: log_breakpoint 
Debug[14:33:11]: 5 
Debug[14:33:12]: signal in logmode 
Debug[14:33:12]: "INF(14:33:12.111):Attempt" 
Debug[14:33:12]: log_breakpoint 
Debug[14:33:12]: 5 
Debug[14:33:12]: signal in logmode 
Debug[14:33:12]: "INF(14:33:12.423):Attempt" 
Debug[14:33:12]: log_breakpoint 
Debug[14:33:12]: 5 
Debug[14:33:12]: signal in logmode 
Debug[14:33:12]: "INF(14:33:12.737):Mode is OK" 
Debug[14:33:12]: log_breakpoint 
Debug[14:33:12]: 5 
Debug[14:33:12]: signal in logmode 
Debug[14:33:12]: "INF(14:33:12.747):Attempt" 
Debug[14:33:12]: log_breakpoint 
Debug[14:33:12]: 5 
Debug[14:33:12]: signal in logmode 
Debug[14:33:12]: "INF(14:33:12.911):Mode is OK" 
Debug[14:33:12]: log_breakpoint 
Debug[14:33:12]: 5 
Debug[14:33:12]: signal in logmode 
Debug[14:33:12]: "INF(14:33:12.913):Attempt" 
Debug[14:33:12]: log_breakpoint 
Debug[14:33:12]: 5 
Debug[14:33:13]: signal in logmode 
Debug[14:33:13]: "INF(14:33:13.217):Attempt" 
Debug[14:33:13]: log_breakpoint 
Debug[14:33:13]: 5 
Debug[14:33:13]: signal in logmode 
Debug[14:33:13]: "INF(14:33:13.532):Attempt" 
Debug[14:33:13]: log_breakpoint 
Debug[14:33:13]: 5 
Debug[14:33:13]: signal in logmode 
Debug[14:33:13]: "INF(14:33:13.844):Mode is OK" 
Debug[14:33:13]: log_breakpoint 
Debug[14:33:13]: 5 
Debug[14:33:13]: signal in logmode 
Debug[14:33:13]: "INF(14:33:13.847):Attempt" 
Debug[14:33:13]: log_breakpoint 
Debug[14:33:13]: 5 
Debug[14:33:14]: signal in logmode 
Debug[14:33:14]: "INF(14:33:14.153):Attempt" 
Debug[14:33:14]: log_breakpoint 
Debug[14:33:14]: 5 
Debug[14:33:14]: signal in logmode 
Debug[14:33:14]: "INF(14:33:14.468):Attempt" 
Debug[14:33:14]: log_breakpoint 
Debug[14:33:14]: 5 
Debug[14:33:14]: signal in logmode 
Debug[14:33:14]: "INF(14:33:14.780):Mode is OK" 
Debug[14:33:14]: log_breakpoint 
Debug[14:33:14]: 5 
Debug[14:33:14]: signal in logmode 
Debug[14:33:14]: "INF(14:33:14.784):Attempt" 
Debug[14:33:14]: log_breakpoint 
Debug[14:33:14]: 5 
Debug[14:33:15]: signal in logmode 
Debug[14:33:15]: "INF(14:33:15.093):Attempt" 
Debug[14:33:15]: log_breakpoint 
Debug[14:33:15]: 5 
Debug[14:33:15]: signal in logmode 
Debug[14:33:15]: "INF(14:33:15.409):Attempt" 
Debug[14:33:15]: log_breakpoint 
Debug[14:33:15]: 5 
Debug[14:33:19]: signal in logmode 
Debug[14:33:19]: "INF(14:33:19.199):Mode is OK" 
Debug[14:33:19]: log_breakpoint 
Debug[14:33:19]: 5 
Debug[14:33:19]: signal in logmode 
Debug[14:33:19]: "INF(14:33:19.201):Attempt" 
Debug[14:33:19]: log_breakpoint 
Debug[14:33:19]: 5 
Debug[14:33:19]: signal in logmode 
Debug[14:33:19]: "INF(14:33:19.511):Attempt" 
Debug[14:33:19]: log_breakpoint 
Debug[14:33:19]: 5 
Debug[14:33:19]: signal in logmode 
Debug[14:33:19]: "INF(14:33:19.823):Attempt" 
Debug[14:33:19]: log_breakpoint 
Debug[14:33:19]: 5 
Debug[14:33:20]: signal in logmode 
Debug[14:33:20]: "INF(14:33:20.138):Mode is OK" 
Debug[14:33:20]: log_breakpoint 
Debug[14:33:20]: 5 
Debug[14:33:20]: signal in logmode 
Debug[14:33:20]: "INF(14:33:20.143):Attempt" 
Debug[14:33:20]: log_breakpoint 
Debug[14:33:20]: 5 
Debug[14:33:20]: signal in logmode 
Debug[14:33:20]: "INF(14:33:20.454):Attempt" 
Debug[14:33:20]: log_breakpoint 
Debug[14:33:20]: 5 
Debug[14:33:20]: signal in logmode 
Debug[14:33:20]: "INF(14:33:20.768):Attempt" 
Debug[14:33:20]: log_breakpoint 
Debug[14:33:20]: 5 
Debug[14:33:21]: signal in logmode 
Debug[14:33:21]: "INF(14:33:21.079):Mode is OK" 
Debug[14:33:21]: log_breakpoint 
Debug[14:33:21]: 5 
Debug[14:33:21]: signal in logmode 
Debug[14:33:21]: "INF(14:33:21.082):Attempt" 
Debug[14:33:21]: log_breakpoint 
Debug[14:33:21]: 5 
Debug[14:33:21]: signal in logmode 
Debug[14:33:21]: "INF(14:33:21.110):RDUM master connected" 
Debug[14:33:21]: log_breakpoint 
Debug[14:33:21]: 5 
Debug[14:33:21]: signal in logmode 
Debug[14:33:21]: "INF(14:33:21.113):Connected to \\.\COM76" 
Debug[14:33:21]: log_breakpoint 
Debug[14:33:21]: 5 
Warning[14:33:21]: Could not parse stylesheet of widget 0x3336938
Debug[14:33:21]: "Resume:Logs" 
Debug[14:33:21]: "Resume:Settings" 
Debug[14:33:21]: "Resume:UartUartController" 
Debug[14:33:21]: "Resume:UartSpiController" 
Debug[14:33:21]: "Resume:UartSsiController" 
Debug[14:33:21]: "Resume:DSI3Master" 
Debug[14:33:21]: "Resume:ASICMaster" 
Debug[14:33:21]: "Resume:RDUMMaster" 
Debug[14:33:21]: "Resume:DSI3Slave" 
Debug[14:33:21]: "Resume:Measurement" 
Debug[14:33:21]: "Resume:CFARsim" 
Debug[14:40:12]: "Suspend:Settings" 
Debug[14:40:12]: "Suspend:UartUartController" 
Debug[14:40:12]: "Suspend:UartSpiController" 
Debug[14:40:12]: "Suspend:UartSsiController" 
Debug[14:40:12]: "Suspend:DSI3Master" 
Debug[14:40:12]: "Suspend:ASICMaster" 
Debug[14:40:12]: "Suspend:RDUMMaster" 
Debug[14:40:12]: "Suspend:DSI3Slave" 
Debug[14:40:12]: "Suspend:Measurement" 
Debug[14:40:12]: "Suspend:CFARsim" 
Debug[14:40:12]: signal in logmode 
Debug[14:40:12]: "INF(14:40:12.987):Disconnect by user" 
Debug[14:40:12]: log_breakpoint 
Debug[14:40:12]: 5 
Debug[14:40:13]: signal in logmode 
Debug[14:40:13]: "INF(14:40:13.168):Disconnect by user" 
Debug[14:40:13]: log_breakpoint 
Debug[14:40:13]: 5 
Warning[14:57:32]: QObject::connect: Cannot connect LocalServer::log(int,QString) to (null)::slot_addLog(int,QString)
Debug[14:57:32]: LocalServer:new "\\.\pipe\DSI3PAS" 
Debug[14:57:32]: Register specific 
Debug[14:57:32]: DynScaleCaclulate 
Debug[14:57:32]: "init 2 UartUartController" 
Debug[14:57:32]: Ok 
Debug[14:57:32]: "init 3 UartSpiController" 
Debug[14:57:32]: Ok 
Debug[14:57:32]: "init 4 UartSsiController" 
Debug[14:57:32]: Ok 
Debug[14:57:32]: "init 5 DSI3Master" 
Debug[14:57:32]: Ok 
Debug[14:57:32]: "init 6 ASICMaster" 
Debug[14:57:32]: Ok 
Debug[14:57:32]: "init 7 RDUMMaster" 
Debug[14:57:32]: Ok 
Debug[14:57:32]: "init 8 DSI3Slave" 
Debug[14:57:33]: Ok 
Debug[14:57:33]: "init 9 Measurement" 
Debug[14:57:34]: Ok 
Debug[14:57:34]: "init 10 CFARsim" 
Debug[14:57:34]: Ok 
Debug[14:57:34]: MainApp Starting... 
Debug[14:57:35]: Add applets to MainWindow...
 
Debug[14:57:35]: Initialize Connection... 
Debug[14:57:35]: signal in logmode 
Debug[14:57:35]: "INF(14:57:35.572):Mode is OK" 
Debug[14:57:35]: log_breakpoint 
Debug[14:57:35]: 5 
Debug[14:57:35]: signal in logmode 
Debug[14:57:35]: "INF(14:57:35.576):Attempt" 
Debug[14:57:35]: log_breakpoint 
Debug[14:57:35]: 5 
Debug[14:57:35]: signal in logmode 
Debug[14:57:35]: "INF(14:57:35.883):Attempt" 
Debug[14:57:35]: log_breakpoint 
Debug[14:57:35]: 5 
Debug[14:57:36]: signal in logmode 
Debug[14:57:36]: "INF(14:57:36.198):Attempt" 
Debug[14:57:36]: log_breakpoint 
Debug[14:57:36]: 5 
Debug[14:57:36]: signal in logmode 
Debug[14:57:36]: "INF(14:57:36.509):Mode is OK" 
Debug[14:57:36]: log_breakpoint 
Debug[14:57:36]: 5 
Debug[14:57:36]: signal in logmode 
Debug[14:57:36]: "INF(14:57:36.511):Attempt" 
Debug[14:57:36]: log_breakpoint 
Debug[14:57:36]: 5 
Debug[14:57:36]: signal in logmode 
Debug[14:57:36]: "INF(14:57:36.819):Attempt" 
Debug[14:57:36]: log_breakpoint 
Debug[14:57:36]: 5 
Debug[14:57:37]: signal in logmode 
Debug[14:57:37]: "INF(14:57:37.134):Attempt" 
Debug[14:57:37]: log_breakpoint 
Debug[14:57:37]: 5 
Debug[14:57:37]: signal in logmode 
Debug[14:57:37]: "INF(14:57:37.446):Mode is OK" 
Debug[14:57:37]: log_breakpoint 
Debug[14:57:37]: 5 
Debug[14:57:37]: signal in logmode 
Debug[14:57:37]: "INF(14:57:37.448):Attempt" 
Debug[14:57:37]: log_breakpoint 
Debug[14:57:37]: 5 
Debug[14:57:37]: signal in logmode 
Debug[14:57:37]: "INF(14:57:37.596):Mode is OK" 
Debug[14:57:37]: log_breakpoint 
Debug[14:57:37]: 5 
Debug[14:57:37]: signal in logmode 
Debug[14:57:37]: "INF(14:57:37.597):Attempt" 
Debug[14:57:37]: log_breakpoint 
Debug[14:57:37]: 5 
Debug[14:57:37]: signal in logmode 
Debug[14:57:37]: "INF(14:57:37.914):Attempt" 
Debug[14:57:37]: log_breakpoint 
Debug[14:57:37]: 5 
Debug[14:57:38]: signal in logmode 
Debug[14:57:38]: "INF(14:57:38.228):Attempt" 
Debug[14:57:38]: log_breakpoint 
Debug[14:57:38]: 5 
Debug[14:57:38]: signal in logmode 
Debug[14:57:38]: "INF(14:57:38.537):Mode is OK" 
Debug[14:57:38]: log_breakpoint 
Debug[14:57:38]: 5 
Debug[14:57:38]: signal in logmode 
Debug[14:57:38]: "INF(14:57:38.539):Attempt" 
Debug[14:57:38]: log_breakpoint 
Debug[14:57:38]: 5 
Debug[14:57:38]: signal in logmode 
Debug[14:57:38]: "INF(14:57:38.850):Attempt" 
Debug[14:57:38]: log_breakpoint 
Debug[14:57:38]: 5 
Debug[14:57:39]: signal in logmode 
Debug[14:57:39]: "INF(14:57:39.162):Attempt" 
Debug[14:57:39]: log_breakpoint 
Debug[14:57:39]: 5 
Debug[14:57:39]: signal in logmode 
Debug[14:57:39]: "INF(14:57:39.478):Mode is OK" 
Debug[14:57:39]: log_breakpoint 
Debug[14:57:39]: 5 
Debug[14:57:39]: signal in logmode 
Debug[14:57:39]: "INF(14:57:39.482):Attempt" 
Debug[14:57:39]: log_breakpoint 
Debug[14:57:39]: 5 
Debug[14:57:39]: signal in logmode 
Debug[14:57:39]: "INF(14:57:39.784):Attempt" 
Debug[14:57:39]: log_breakpoint 
Debug[14:57:39]: 5 
Debug[14:57:40]: signal in logmode 
Debug[14:57:40]: "INF(14:57:40.098):Attempt" 
Debug[14:57:40]: log_breakpoint 
Debug[14:57:40]: 5 
Debug[14:57:44]: signal in logmode 
Debug[14:57:44]: "INF(14:57:44.102):Mode is OK" 
Debug[14:57:44]: log_breakpoint 
Debug[14:57:44]: 5 
Debug[14:57:44]: signal in logmode 
Debug[14:57:44]: "INF(14:57:44.104):Attempt" 
Debug[14:57:44]: log_breakpoint 
Debug[14:57:44]: 5 
Debug[14:57:44]: signal in logmode 
Debug[14:57:44]: "INF(14:57:44.416):Attempt" 
Debug[14:57:44]: log_breakpoint 
Debug[14:57:44]: 5 
Debug[14:57:44]: signal in logmode 
Debug[14:57:44]: "INF(14:57:44.726):Attempt" 
Debug[14:57:44]: log_breakpoint 
Debug[14:57:44]: 5 
Debug[14:57:45]: signal in logmode 
Debug[14:57:45]: "INF(14:57:45.038):Mode is OK" 
Debug[14:57:45]: log_breakpoint 
Debug[14:57:45]: 5 
Debug[14:57:45]: signal in logmode 
Debug[14:57:45]: "INF(14:57:45.042):Attempt" 
Debug[14:57:45]: log_breakpoint 
Debug[14:57:45]: 5 
Debug[14:57:45]: signal in logmode 
Debug[14:57:45]: "INF(14:57:45.361):Attempt" 
Debug[14:57:45]: log_breakpoint 
Debug[14:57:45]: 5 
Debug[14:57:45]: signal in logmode 
Debug[14:57:45]: "INF(14:57:45.677):Attempt" 
Debug[14:57:45]: log_breakpoint 
Debug[14:57:45]: 5 
Debug[14:57:45]: signal in logmode 
Debug[14:57:45]: "INF(14:57:45.988):Mode is OK" 
Debug[14:57:45]: log_breakpoint 
Debug[14:57:45]: 5 
Debug[14:57:45]: signal in logmode 
Debug[14:57:45]: "INF(14:57:45.991):Attempt" 
Debug[14:57:45]: log_breakpoint 
Debug[14:57:45]: 5 
Debug[14:57:46]: signal in logmode 
Debug[14:57:46]: "INF(14:57:46.019):RDUM master connected" 
Debug[14:57:46]: log_breakpoint 
Debug[14:57:46]: 5 
Debug[14:57:46]: signal in logmode 
Debug[14:57:46]: "INF(14:57:46.023):Connected to \\.\COM76" 
Debug[14:57:46]: log_breakpoint 
Debug[14:57:46]: 5 
Warning[14:57:46]: Could not parse stylesheet of widget 0x2fe6838
Debug[14:57:46]: "Resume:Logs" 
Debug[14:57:46]: "Resume:Settings" 
Debug[14:57:46]: "Resume:UartUartController" 
Debug[14:57:46]: "Resume:UartSpiController" 
Debug[14:57:46]: "Resume:UartSsiController" 
Debug[14:57:46]: "Resume:DSI3Master" 
Debug[14:57:46]: "Resume:ASICMaster" 
Debug[14:57:46]: "Resume:RDUMMaster" 
Debug[14:57:46]: "Resume:DSI3Slave" 
Debug[14:57:46]: "Resume:Measurement" 
Debug[14:57:46]: "Resume:CFARsim" 
Debug[14:59:07]: "Suspend:Settings" 
Debug[14:59:07]: "Suspend:UartUartController" 
Debug[14:59:07]: "Suspend:UartSpiController" 
Debug[14:59:07]: "Suspend:UartSsiController" 
Debug[14:59:07]: "Suspend:DSI3Master" 
Debug[14:59:07]: "Suspend:ASICMaster" 
Debug[14:59:07]: "Suspend:RDUMMaster" 
Debug[14:59:07]: "Suspend:DSI3Slave" 
Debug[14:59:07]: "Suspend:Measurement" 
Debug[14:59:07]: "Suspend:CFARsim" 
Debug[14:59:07]: signal in logmode 
Debug[14:59:07]: "INF(14:59:07.257):Disconnect by user" 
Debug[14:59:07]: log_breakpoint 
Debug[14:59:07]: 5 
Debug[14:59:07]: signal in logmode 
Debug[14:59:07]: "INF(14:59:07.395):Disconnect by user" 
Debug[14:59:07]: log_breakpoint 
Debug[14:59:07]: 5 
Warning[14:59:22]: QObject::connect: Cannot connect LocalServer::log(int,QString) to (null)::slot_addLog(int,QString)
Debug[14:59:22]: LocalServer:new "\\.\pipe\DSI3PAS" 
Debug[14:59:22]: Register specific 
Debug[14:59:23]: DynScaleCaclulate 
Debug[14:59:23]: "init 2 UartUartController" 
Debug[14:59:23]: Ok 
Debug[14:59:23]: "init 3 UartSpiController" 
Debug[14:59:23]: Ok 
Debug[14:59:23]: "init 4 UartSsiController" 
Debug[14:59:23]: Ok 
Debug[14:59:23]: "init 5 DSI3Master" 
Debug[14:59:23]: Ok 
Debug[14:59:23]: "init 6 ASICMaster" 
Debug[14:59:23]: Ok 
Debug[14:59:23]: "init 7 RDUMMaster" 
Debug[14:59:23]: Ok 
Debug[14:59:23]: "init 8 DSI3Slave" 
Debug[14:59:24]: Ok 
Debug[14:59:24]: "init 9 Measurement" 
Debug[14:59:25]: Ok 
Debug[14:59:25]: "init 10 CFARsim" 
Debug[14:59:25]: Ok 
Debug[14:59:25]: MainApp Starting... 
Debug[14:59:25]: Add applets to MainWindow...
 
Debug[14:59:25]: Initialize Connection... 
Debug[14:59:26]: signal in logmode 
Debug[14:59:26]: "INF(14:59:26.217):Mode is OK" 
Debug[14:59:26]: log_breakpoint 
Debug[14:59:26]: 5 
Debug[14:59:26]: signal in logmode 
Debug[14:59:26]: "INF(14:59:26.219):Attempt" 
Debug[14:59:26]: log_breakpoint 
Debug[14:59:26]: 5 
Debug[14:59:26]: signal in logmode 
Debug[14:59:26]: "INF(14:59:26.528):Attempt" 
Debug[14:59:26]: log_breakpoint 
Debug[14:59:26]: 5 
Debug[14:59:26]: signal in logmode 
Debug[14:59:26]: "INF(14:59:26.838):Attempt" 
Debug[14:59:26]: log_breakpoint 
Debug[14:59:26]: 5 
Debug[14:59:27]: signal in logmode 
Debug[14:59:27]: "INF(14:59:27.152):Mode is OK" 
Debug[14:59:27]: log_breakpoint 
Debug[14:59:27]: 5 
Debug[14:59:27]: signal in logmode 
Debug[14:59:27]: "INF(14:59:27.157):Attempt" 
Debug[14:59:27]: log_breakpoint 
Debug[14:59:27]: 5 
Debug[14:59:27]: signal in logmode 
Debug[14:59:27]: "INF(14:59:27.462):Attempt" 
Debug[14:59:27]: log_breakpoint 
Debug[14:59:27]: 5 
Debug[14:59:27]: signal in logmode 
Debug[14:59:27]: "INF(14:59:27.778):Attempt" 
Debug[14:59:27]: log_breakpoint 
Debug[14:59:27]: 5 
Debug[14:59:28]: signal in logmode 
Debug[14:59:28]: "INF(14:59:28.088):Mode is OK" 
Debug[14:59:28]: log_breakpoint 
Debug[14:59:28]: 5 
Debug[14:59:28]: signal in logmode 
Debug[14:59:28]: "INF(14:59:28.092):Attempt" 
Debug[14:59:28]: log_breakpoint 
Debug[14:59:28]: 5 
Debug[14:59:28]: signal in logmode 
Debug[14:59:28]: "INF(14:59:28.248):Mode is OK" 
Debug[14:59:28]: log_breakpoint 
Debug[14:59:28]: 5 
Debug[14:59:28]: signal in logmode 
Debug[14:59:28]: "INF(14:59:28.251):Attempt" 
Debug[14:59:28]: log_breakpoint 
Debug[14:59:28]: 5 
Debug[14:59:28]: signal in logmode 
Debug[14:59:28]: "INF(14:59:28.570):Attempt" 
Debug[14:59:28]: log_breakpoint 
Debug[14:59:28]: 5 
Debug[14:59:28]: signal in logmode 
Debug[14:59:28]: "INF(14:59:28.881):Attempt" 
Debug[14:59:28]: log_breakpoint 
Debug[14:59:28]: 5 
Debug[14:59:29]: signal in logmode 
Debug[14:59:29]: "INF(14:59:29.194):Mode is OK" 
Debug[14:59:29]: log_breakpoint 
Debug[14:59:29]: 5 
Debug[14:59:29]: signal in logmode 
Debug[14:59:29]: "INF(14:59:29.198):Attempt" 
Debug[14:59:29]: log_breakpoint 
Debug[14:59:29]: 5 
Debug[14:59:29]: signal in logmode 
Debug[14:59:29]: "INF(14:59:29.507):Attempt" 
Debug[14:59:29]: log_breakpoint 
Debug[14:59:29]: 5 
Debug[14:59:29]: signal in logmode 
Debug[14:59:29]: "INF(14:59:29.818):Attempt" 
Debug[14:59:29]: log_breakpoint 
Debug[14:59:29]: 5 
Debug[14:59:30]: signal in logmode 
Debug[14:59:30]: "INF(14:59:30.129):Mode is OK" 
Debug[14:59:30]: log_breakpoint 
Debug[14:59:30]: 5 
Debug[14:59:30]: signal in logmode 
Debug[14:59:30]: "INF(14:59:30.131):Attempt" 
Debug[14:59:30]: log_breakpoint 
Debug[14:59:30]: 5 
Debug[14:59:30]: signal in logmode 
Debug[14:59:30]: "INF(14:59:30.438):Attempt" 
Debug[14:59:30]: log_breakpoint 
Debug[14:59:30]: 5 
Debug[14:59:30]: signal in logmode 
Debug[14:59:30]: "INF(14:59:30.752):Attempt" 
Debug[14:59:30]: log_breakpoint 
Debug[14:59:30]: 5 
Debug[14:59:34]: signal in logmode 
Debug[14:59:34]: "INF(14:59:34.459):Mode is OK" 
Debug[14:59:34]: log_breakpoint 
Debug[14:59:34]: 5 
Debug[14:59:34]: signal in logmode 
Debug[14:59:34]: "INF(14:59:34.461):Attempt" 
Debug[14:59:34]: log_breakpoint 
Debug[14:59:34]: 5 
Debug[14:59:34]: signal in logmode 
Debug[14:59:34]: "INF(14:59:34.777):Attempt" 
Debug[14:59:34]: log_breakpoint 
Debug[14:59:34]: 5 
Debug[14:59:35]: signal in logmode 
Debug[14:59:35]: "INF(14:59:35.088):Attempt" 
Debug[14:59:35]: log_breakpoint 
Debug[14:59:35]: 5 
Debug[14:59:35]: signal in logmode 
Debug[14:59:35]: "INF(14:59:35.400):Mode is OK" 
Debug[14:59:35]: log_breakpoint 
Debug[14:59:35]: 5 
Debug[14:59:35]: signal in logmode 
Debug[14:59:35]: "INF(14:59:35.405):Attempt" 
Debug[14:59:35]: log_breakpoint 
Debug[14:59:35]: 5 
Debug[14:59:35]: signal in logmode 
Debug[14:59:35]: "INF(14:59:35.723):Attempt" 
Debug[14:59:35]: log_breakpoint 
Debug[14:59:35]: 5 
Debug[14:59:36]: signal in logmode 
Debug[14:59:36]: "INF(14:59:36.036):Attempt" 
Debug[14:59:36]: log_breakpoint 
Debug[14:59:36]: 5 
Debug[14:59:36]: signal in logmode 
Debug[14:59:36]: "INF(14:59:36.349):Mode is OK" 
Debug[14:59:36]: log_breakpoint 
Debug[14:59:36]: 5 
Debug[14:59:36]: signal in logmode 
Debug[14:59:36]: "INF(14:59:36.353):Attempt" 
Debug[14:59:36]: log_breakpoint 
Debug[14:59:36]: 5 
Debug[14:59:36]: signal in logmode 
Debug[14:59:36]: "INF(14:59:36.360):RDUM master connected" 
Debug[14:59:36]: log_breakpoint 
Debug[14:59:36]: 5 
Debug[14:59:36]: signal in logmode 
Debug[14:59:36]: "INF(14:59:36.363):Connected to \\.\COM76" 
Debug[14:59:36]: log_breakpoint 
Debug[14:59:36]: 5 
Warning[14:59:36]: Could not parse stylesheet of widget 0x2b06998
Debug[14:59:36]: "Resume:Logs" 
Debug[14:59:36]: "Resume:Settings" 
Debug[14:59:36]: "Resume:UartUartController" 
Debug[14:59:36]: "Resume:UartSpiController" 
Debug[14:59:36]: "Resume:UartSsiController" 
Debug[14:59:36]: "Resume:DSI3Master" 
Debug[14:59:36]: "Resume:ASICMaster" 
Debug[14:59:36]: "Resume:RDUMMaster" 
Debug[14:59:36]: "Resume:DSI3Slave" 
Debug[14:59:36]: "Resume:Measurement" 
Debug[14:59:36]: "Resume:CFARsim" 
Debug[15:00:32]: "Suspend:Settings" 
Debug[15:00:32]: "Suspend:UartUartController" 
Debug[15:00:32]: "Suspend:UartSpiController" 
Debug[15:00:32]: "Suspend:UartSsiController" 
Debug[15:00:32]: "Suspend:DSI3Master" 
Debug[15:00:32]: "Suspend:ASICMaster" 
Debug[15:00:32]: "Suspend:RDUMMaster" 
Debug[15:00:32]: "Suspend:DSI3Slave" 
Debug[15:00:32]: "Suspend:Measurement" 
Debug[15:00:32]: "Suspend:CFARsim" 
Debug[15:00:32]: signal in logmode 
Debug[15:00:32]: "INF(15:00:32.287):Disconnect by user" 
Debug[15:00:32]: log_breakpoint 
Debug[15:00:32]: 5 
Debug[15:00:32]: signal in logmode 
Debug[15:00:32]: "INF(15:00:32.439):Disconnect by user" 
Debug[15:00:32]: log_breakpoint 
Debug[15:00:32]: 5 
Warning[15:14:29]: QObject::connect: Cannot connect LocalServer::log(int,QString) to (null)::slot_addLog(int,QString)
Debug[15:14:29]: LocalServer:new "\\.\pipe\DSI3PAS" 
Debug[15:14:29]: Register specific 
Debug[15:14:30]: DynScaleCaclulate 
Debug[15:14:30]: "init 2 UartUartController" 
Debug[15:14:30]: Ok 
Debug[15:14:30]: "init 3 UartSpiController" 
Debug[15:14:30]: Ok 
Debug[15:14:30]: "init 4 UartSsiController" 
Debug[15:14:30]: Ok 
Debug[15:14:30]: "init 5 DSI3Master" 
Debug[15:14:30]: Ok 
Debug[15:14:30]: "init 6 ASICMaster" 
Debug[15:14:30]: Ok 
Debug[15:14:30]: "init 7 RDUMMaster" 
Debug[15:14:30]: Ok 
Debug[15:14:30]: "init 8 DSI3Slave" 
Debug[15:14:31]: Ok 
Debug[15:14:31]: "init 9 Measurement" 
Debug[15:14:32]: Ok 
Debug[15:14:32]: "init 10 CFARsim" 
Debug[15:14:32]: Ok 
Debug[15:14:32]: MainApp Starting... 
Debug[15:14:32]: Add applets to MainWindow...
 
Debug[15:14:32]: Initialize Connection... 
Debug[15:14:33]: signal in logmode 
Debug[15:14:33]: "INF(15:14:33.154):Mode is OK" 
Debug[15:14:33]: log_breakpoint 
Debug[15:14:33]: 5 
Debug[15:14:33]: signal in logmode 
Debug[15:14:33]: "INF(15:14:33.157):Attempt" 
Debug[15:14:33]: log_breakpoint 
Debug[15:14:33]: 5 
Debug[15:14:33]: signal in logmode 
Debug[15:14:33]: "INF(15:14:33.462):Attempt" 
Debug[15:14:33]: log_breakpoint 
Debug[15:14:33]: 5 
Debug[15:14:33]: signal in logmode 
Debug[15:14:33]: "INF(15:14:33.771):Attempt" 
Debug[15:14:33]: log_breakpoint 
Debug[15:14:33]: 5 
Debug[15:14:34]: signal in logmode 
Debug[15:14:34]: "INF(15:14:34.087):Mode is OK" 
Debug[15:14:34]: log_breakpoint 
Debug[15:14:34]: 5 
Debug[15:14:34]: signal in logmode 
Debug[15:14:34]: "INF(15:14:34.090):Attempt" 
Debug[15:14:34]: log_breakpoint 
Debug[15:14:34]: 5 
Debug[15:14:34]: signal in logmode 
Debug[15:14:34]: "INF(15:14:34.396):Attempt" 
Debug[15:14:34]: log_breakpoint 
Debug[15:14:34]: 5 
Debug[15:14:34]: signal in logmode 
Debug[15:14:34]: "INF(15:14:34.709):Attempt" 
Debug[15:14:34]: log_breakpoint 
Debug[15:14:34]: 5 
Debug[15:14:35]: signal in logmode 
Debug[15:14:35]: "INF(15:14:35.023):Mode is OK" 
Debug[15:14:35]: log_breakpoint 
Debug[15:14:35]: 5 
Debug[15:14:35]: signal in logmode 
Debug[15:14:35]: "INF(15:14:35.027):Attempt" 
Debug[15:14:35]: log_breakpoint 
Debug[15:14:35]: 5 
Debug[15:14:35]: signal in logmode 
Debug[15:14:35]: "INF(15:14:35.182):Mode is OK" 
Debug[15:14:35]: log_breakpoint 
Debug[15:14:35]: 5 
Debug[15:14:35]: signal in logmode 
Debug[15:14:35]: "INF(15:14:35.187):Attempt" 
Debug[15:14:35]: log_breakpoint 
Debug[15:14:35]: 5 
Debug[15:14:35]: signal in logmode 
Debug[15:14:35]: "INF(15:14:35.505):Attempt" 
Debug[15:14:35]: log_breakpoint 
Debug[15:14:35]: 5 
Debug[15:14:35]: signal in logmode 
Debug[15:14:35]: "INF(15:14:35.816):Attempt" 
Debug[15:14:35]: log_breakpoint 
Debug[15:14:35]: 5 
Debug[15:14:36]: signal in logmode 
Debug[15:14:36]: "INF(15:14:36.130):Mode is OK" 
Debug[15:14:36]: log_breakpoint 
Debug[15:14:36]: 5 
Debug[15:14:36]: signal in logmode 
Debug[15:14:36]: "INF(15:14:36.135):Attempt" 
Debug[15:14:36]: log_breakpoint 
Debug[15:14:36]: 5 
Debug[15:14:36]: signal in logmode 
Debug[15:14:36]: "INF(15:14:36.457):Attempt" 
Debug[15:14:36]: log_breakpoint 
Debug[15:14:36]: 5 
Debug[15:14:36]: signal in logmode 
Debug[15:14:36]: "INF(15:14:36.771):Attempt" 
Debug[15:14:36]: log_breakpoint 
Debug[15:14:36]: 5 
Debug[15:14:37]: signal in logmode 
Debug[15:14:37]: "INF(15:14:37.081):Mode is OK" 
Debug[15:14:37]: log_breakpoint 
Debug[15:14:37]: 5 
Debug[15:14:37]: signal in logmode 
Debug[15:14:37]: "INF(15:14:37.083):Attempt" 
Debug[15:14:37]: log_breakpoint 
Debug[15:14:37]: 5 
Debug[15:14:37]: signal in logmode 
Debug[15:14:37]: "INF(15:14:37.392):Attempt" 
Debug[15:14:37]: log_breakpoint 
Debug[15:14:37]: 5 
Debug[15:14:37]: signal in logmode 
Debug[15:14:37]: "INF(15:14:37.706):Attempt" 
Debug[15:14:37]: log_breakpoint 
Debug[15:14:37]: 5 
Debug[15:14:42]: signal in logmode 
Debug[15:14:42]: "INF(15:14:42.030):Mode is OK" 
Debug[15:14:42]: log_breakpoint 
Debug[15:14:42]: 5 
Debug[15:14:42]: signal in logmode 
Debug[15:14:42]: "INF(15:14:42.033):Attempt" 
Debug[15:14:42]: log_breakpoint 
Debug[15:14:42]: 5 
Debug[15:14:42]: signal in logmode 
Debug[15:14:42]: "INF(15:14:42.341):Attempt" 
Debug[15:14:42]: log_breakpoint 
Debug[15:14:42]: 5 
Debug[15:14:42]: signal in logmode 
Debug[15:14:42]: "INF(15:14:42.654):Attempt" 
Debug[15:14:42]: log_breakpoint 
Debug[15:14:42]: 5 
Debug[15:14:42]: signal in logmode 
Debug[15:14:42]: "INF(15:14:42.968):Mode is OK" 
Debug[15:14:42]: log_breakpoint 
Debug[15:14:42]: 5 
Debug[15:14:42]: signal in logmode 
Debug[15:14:42]: "INF(15:14:42.971):Attempt" 
Debug[15:14:42]: log_breakpoint 
Debug[15:14:42]: 5 
Debug[15:14:43]: signal in logmode 
Debug[15:14:43]: "INF(15:14:43.275):Attempt" 
Debug[15:14:43]: log_breakpoint 
Debug[15:14:43]: 5 
Debug[15:14:43]: signal in logmode 
Debug[15:14:43]: "INF(15:14:43.589):Attempt" 
Debug[15:14:43]: log_breakpoint 
Debug[15:14:43]: 5 
Debug[15:14:43]: signal in logmode 
Debug[15:14:43]: "INF(15:14:43.898):Mode is OK" 
Debug[15:14:43]: log_breakpoint 
Debug[15:14:43]: 5 
Debug[15:14:43]: signal in logmode 
Debug[15:14:43]: "INF(15:14:43.901):Attempt" 
Debug[15:14:43]: log_breakpoint 
Debug[15:14:43]: 5 
Debug[15:14:43]: signal in logmode 
Debug[15:14:43]: "INF(15:14:43.929):RDUM master connected" 
Debug[15:14:43]: log_breakpoint 
Debug[15:14:43]: 5 
Debug[15:14:43]: signal in logmode 
Debug[15:14:43]: "INF(15:14:43.933):Connected to \\.\COM76" 
Debug[15:14:43]: log_breakpoint 
Debug[15:14:43]: 5 
Warning[15:14:43]: Could not parse stylesheet of widget 0x2f27218
Debug[15:14:43]: "Resume:Logs" 
Debug[15:14:43]: "Resume:Settings" 
Debug[15:14:43]: "Resume:UartUartController" 
Debug[15:14:43]: "Resume:UartSpiController" 
Debug[15:14:43]: "Resume:UartSsiController" 
Debug[15:14:43]: "Resume:DSI3Master" 
Debug[15:14:43]: "Resume:ASICMaster" 
Debug[15:14:43]: "Resume:RDUMMaster" 
Debug[15:14:43]: "Resume:DSI3Slave" 
Debug[15:14:43]: "Resume:Measurement" 
Debug[15:14:43]: "Resume:CFARsim" 
Debug[15:15:29]: "Suspend:Settings" 
Debug[15:15:29]: "Suspend:UartUartController" 
Debug[15:15:29]: "Suspend:UartSpiController" 
Debug[15:15:29]: "Suspend:UartSsiController" 
Debug[15:15:29]: "Suspend:DSI3Master" 
Debug[15:15:29]: "Suspend:ASICMaster" 
Debug[15:15:29]: "Suspend:RDUMMaster" 
Debug[15:15:29]: "Suspend:DSI3Slave" 
Debug[15:15:29]: "Suspend:Measurement" 
Debug[15:15:29]: "Suspend:CFARsim" 
Debug[15:15:29]: signal in logmode 
Debug[15:15:29]: "INF(15:15:29.090):Disconnect by user" 
Debug[15:15:29]: log_breakpoint 
Debug[15:15:29]: 5 
Debug[15:15:29]: signal in logmode 
Debug[15:15:29]: "INF(15:15:29.243):Disconnect by user" 
Debug[15:15:29]: log_breakpoint 
Debug[15:15:29]: 5 
Warning[16:08:21]: QObject::connect: Cannot connect LocalServer::log(int,QString) to (null)::slot_addLog(int,QString)
Debug[16:08:21]: LocalServer:new "\\.\pipe\DSI3PAS" 
Debug[16:08:22]: Register specific 
Debug[16:08:22]: DynScaleCaclulate 
Debug[16:08:22]: "init 2 UartUartController" 
Debug[16:08:22]: Ok 
Debug[16:08:22]: "init 3 UartSpiController" 
Debug[16:08:22]: Ok 
Debug[16:08:22]: "init 4 UartSsiController" 
Debug[16:08:22]: Ok 
Debug[16:08:22]: "init 5 DSI3Master" 
Debug[16:08:22]: Ok 
Debug[16:08:22]: "init 6 ASICMaster" 
Debug[16:08:22]: Ok 
Debug[16:08:22]: "init 7 RDUMMaster" 
Debug[16:08:22]: Ok 
Debug[16:08:22]: "init 8 DSI3Slave" 
Debug[16:08:23]: Ok 
Debug[16:08:23]: "init 9 Measurement" 
Debug[16:08:24]: Ok 
Debug[16:08:24]: "init 10 CFARsim" 
Debug[16:08:24]: Ok 
Debug[16:08:24]: MainApp Starting... 
Debug[16:08:25]: Add applets to MainWindow...
 
Debug[16:08:25]: Initialize Connection... 
Debug[16:08:25]: signal in logmode 
Debug[16:08:25]: "INF(16:08:25.556):Mode is OK" 
Debug[16:08:25]: log_breakpoint 
Debug[16:08:25]: 5 
Debug[16:08:25]: signal in logmode 
Debug[16:08:25]: "INF(16:08:25.559):Attempt" 
Debug[16:08:25]: log_breakpoint 
Debug[16:08:25]: 5 
Debug[16:08:25]: signal in logmode 
Debug[16:08:25]: "INF(16:08:25.877):Attempt" 
Debug[16:08:25]: log_breakpoint 
Debug[16:08:25]: 5 
Debug[16:08:26]: signal in logmode 
Debug[16:08:26]: "INF(16:08:26.190):Attempt" 
Debug[16:08:26]: log_breakpoint 
Debug[16:08:26]: 5 
Debug[16:08:26]: signal in logmode 
Debug[16:08:26]: "INF(16:08:26.501):Mode is OK" 
Debug[16:08:26]: log_breakpoint 
Debug[16:08:26]: 5 
Debug[16:08:26]: signal in logmode 
Debug[16:08:26]: "INF(16:08:26.505):Attempt" 
Debug[16:08:26]: log_breakpoint 
Debug[16:08:26]: 5 
Debug[16:08:26]: signal in logmode 
Debug[16:08:26]: "INF(16:08:26.815):Attempt" 
Debug[16:08:26]: log_breakpoint 
Debug[16:08:26]: 5 
Debug[16:08:27]: signal in logmode 
Debug[16:08:27]: "INF(16:08:27.129):Attempt" 
Debug[16:08:27]: log_breakpoint 
Debug[16:08:27]: 5 
Debug[16:08:27]: signal in logmode 
Debug[16:08:27]: "INF(16:08:27.442):Mode is OK" 
Debug[16:08:27]: log_breakpoint 
Debug[16:08:27]: 5 
Debug[16:08:27]: signal in logmode 
Debug[16:08:27]: "INF(16:08:27.446):Attempt" 
Debug[16:08:27]: log_breakpoint 
Debug[16:08:27]: 5 
Debug[16:08:27]: signal in logmode 
Debug[16:08:27]: "INF(16:08:27.598):Mode is OK" 
Debug[16:08:27]: log_breakpoint 
Debug[16:08:27]: 5 
Debug[16:08:27]: signal in logmode 
Debug[16:08:27]: "INF(16:08:27.599):Attempt" 
Debug[16:08:27]: log_breakpoint 
Debug[16:08:27]: 5 
Debug[16:08:27]: signal in logmode 
Debug[16:08:27]: "INF(16:08:27.908):Attempt" 
Debug[16:08:27]: log_breakpoint 
Debug[16:08:27]: 5 
Debug[16:08:28]: signal in logmode 
Debug[16:08:28]: "INF(16:08:28.223):Attempt" 
Debug[16:08:28]: log_breakpoint 
Debug[16:08:28]: 5 
Debug[16:08:28]: signal in logmode 
Debug[16:08:28]: "INF(16:08:28.537):Mode is OK" 
Debug[16:08:28]: log_breakpoint 
Debug[16:08:28]: 5 
Debug[16:08:28]: signal in logmode 
Debug[16:08:28]: "INF(16:08:28.542):Attempt" 
Debug[16:08:28]: log_breakpoint 
Debug[16:08:28]: 5 
Debug[16:08:28]: signal in logmode 
Debug[16:08:28]: "INF(16:08:28.847):Attempt" 
Debug[16:08:28]: log_breakpoint 
Debug[16:08:28]: 5 
Debug[16:08:29]: signal in logmode 
Debug[16:08:29]: "INF(16:08:29.166):Attempt" 
Debug[16:08:29]: log_breakpoint 
Debug[16:08:29]: 5 
Debug[16:08:29]: signal in logmode 
Debug[16:08:29]: "INF(16:08:29.481):Mode is OK" 
Debug[16:08:29]: log_breakpoint 
Debug[16:08:29]: 5 
Debug[16:08:29]: signal in logmode 
Debug[16:08:29]: "INF(16:08:29.485):Attempt" 
Debug[16:08:29]: log_breakpoint 
Debug[16:08:29]: 5 
Debug[16:08:29]: signal in logmode 
Debug[16:08:29]: "INF(16:08:29.796):Attempt" 
Debug[16:08:29]: log_breakpoint 
Debug[16:08:29]: 5 
Debug[16:08:30]: signal in logmode 
Debug[16:08:30]: "INF(16:08:30.108):Attempt" 
Debug[16:08:30]: log_breakpoint 
Debug[16:08:30]: 5 
Debug[16:08:34]: signal in logmode 
Debug[16:08:34]: "INF(16:08:34.382):Mode is OK" 
Debug[16:08:34]: log_breakpoint 
Debug[16:08:34]: 5 
Debug[16:08:34]: signal in logmode 
Debug[16:08:34]: "INF(16:08:34.384):Attempt" 
Debug[16:08:34]: log_breakpoint 
Debug[16:08:34]: 5 
Debug[16:08:34]: signal in logmode 
Debug[16:08:34]: "INF(16:08:34.706):Attempt" 
Debug[16:08:34]: log_breakpoint 
Debug[16:08:34]: 5 
Debug[16:08:35]: signal in logmode 
Debug[16:08:35]: "INF(16:08:35.022):Attempt" 
Debug[16:08:35]: log_breakpoint 
Debug[16:08:35]: 5 
Debug[16:08:35]: signal in logmode 
Debug[16:08:35]: "INF(16:08:35.335):Mode is OK" 
Debug[16:08:35]: log_breakpoint 
Debug[16:08:35]: 5 
Debug[16:08:35]: signal in logmode 
Debug[16:08:35]: "INF(16:08:35.337):Attempt" 
Debug[16:08:35]: log_breakpoint 
Debug[16:08:35]: 5 
Debug[16:08:35]: signal in logmode 
Debug[16:08:35]: "INF(16:08:35.651):Attempt" 
Debug[16:08:35]: log_breakpoint 
Debug[16:08:35]: 5 
Debug[16:08:35]: signal in logmode 
Debug[16:08:35]: "INF(16:08:35.962):Attempt" 
Debug[16:08:35]: log_breakpoint 
Debug[16:08:35]: 5 
Debug[16:08:36]: signal in logmode 
Debug[16:08:36]: "INF(16:08:36.274):Mode is OK" 
Debug[16:08:36]: log_breakpoint 
Debug[16:08:36]: 5 
Debug[16:08:36]: signal in logmode 
Debug[16:08:36]: "INF(16:08:36.278):Attempt" 
Debug[16:08:36]: log_breakpoint 
Debug[16:08:36]: 5 
Debug[16:08:36]: signal in logmode 
Debug[16:08:36]: "INF(16:08:36.283):RDUM master connected" 
Debug[16:08:36]: log_breakpoint 
Debug[16:08:36]: 5 
Debug[16:08:36]: signal in logmode 
Debug[16:08:36]: "INF(16:08:36.286):Connected to \\.\COM74" 
Debug[16:08:36]: log_breakpoint 
Debug[16:08:36]: 5 
Warning[16:08:36]: Could not parse stylesheet of widget 0x30e74f8
Debug[16:08:36]: "Resume:Logs" 
Debug[16:08:36]: "Resume:Settings" 
Debug[16:08:36]: "Resume:UartUartController" 
Debug[16:08:36]: "Resume:UartSpiController" 
Debug[16:08:36]: "Resume:UartSsiController" 
Debug[16:08:36]: "Resume:DSI3Master" 
Debug[16:08:36]: "Resume:ASICMaster" 
Debug[16:08:36]: "Resume:RDUMMaster" 
Debug[16:08:36]: "Resume:DSI3Slave" 
Debug[16:08:36]: "Resume:Measurement" 
Debug[16:08:36]: "Resume:CFARsim" 
Debug[16:12:56]: "Suspend:Settings" 
Debug[16:12:56]: "Suspend:UartUartController" 
Debug[16:12:56]: "Suspend:UartSpiController" 
Debug[16:12:56]: "Suspend:UartSsiController" 
Debug[16:12:56]: "Suspend:DSI3Master" 
Debug[16:12:56]: "Suspend:ASICMaster" 
Debug[16:12:56]: "Suspend:RDUMMaster" 
Debug[16:12:56]: "Suspend:DSI3Slave" 
Debug[16:12:56]: "Suspend:Measurement" 
Debug[16:12:56]: "Suspend:CFARsim" 
Debug[16:12:56]: signal in logmode 
Debug[16:12:56]: "INF(16:12:56.649):Disconnect by user" 
Debug[16:12:56]: log_breakpoint 
Debug[16:12:56]: 5 
Debug[16:12:56]: signal in logmode 
Debug[16:12:56]: "INF(16:12:56.679):Disconnect by user" 
Debug[16:12:56]: log_breakpoint 
Debug[16:12:56]: 5 
Warning[16:13:26]: QObject::connect: Cannot connect LocalServer::log(int,QString) to (null)::slot_addLog(int,QString)
Debug[16:13:26]: LocalServer:new "\\.\pipe\DSI3PAS" 
Debug[16:13:26]: Register specific 
Debug[16:13:27]: DynScaleCaclulate 
Debug[16:13:27]: "init 2 UartUartController" 
Debug[16:13:27]: Ok 
Debug[16:13:27]: "init 3 UartSpiController" 
Debug[16:13:27]: Ok 
Debug[16:13:27]: "init 4 UartSsiController" 
Debug[16:13:27]: Ok 
Debug[16:13:27]: "init 5 DSI3Master" 
Debug[16:13:27]: Ok 
Debug[16:13:27]: "init 6 ASICMaster" 
Debug[16:13:27]: Ok 
Debug[16:13:27]: "init 7 RDUMMaster" 
Debug[16:13:27]: Ok 
Debug[16:13:27]: "init 8 DSI3Slave" 
Debug[16:13:28]: Ok 
Debug[16:13:28]: "init 9 Measurement" 
Debug[16:13:29]: Ok 
Debug[16:13:29]: "init 10 CFARsim" 
Debug[16:13:29]: Ok 
Debug[16:13:29]: MainApp Starting... 
Debug[16:13:30]: Add applets to MainWindow...
 
Debug[16:13:30]: Initialize Connection... 
Debug[16:13:30]: signal in logmode 
Debug[16:13:30]: "INF(16:13:30.468):Mode is OK" 
Debug[16:13:30]: log_breakpoint 
Debug[16:13:30]: 5 
Debug[16:13:30]: signal in logmode 
Debug[16:13:30]: "INF(16:13:30.471):Attempt" 
Debug[16:13:30]: log_breakpoint 
Debug[16:13:30]: 5 
Debug[16:13:30]: signal in logmode 
Debug[16:13:30]: "INF(16:13:30.782):Attempt" 
Debug[16:13:30]: log_breakpoint 
Debug[16:13:30]: 5 
Debug[16:13:31]: signal in logmode 
Debug[16:13:31]: "INF(16:13:31.095):Attempt" 
Debug[16:13:31]: log_breakpoint 
Debug[16:13:31]: 5 
Debug[16:13:31]: signal in logmode 
Debug[16:13:31]: "INF(16:13:31.406):Mode is OK" 
Debug[16:13:31]: log_breakpoint 
Debug[16:13:31]: 5 
Debug[16:13:31]: signal in logmode 
Debug[16:13:31]: "INF(16:13:31.413):Attempt" 
Debug[16:13:31]: log_breakpoint 
Debug[16:13:31]: 5 
Debug[16:13:31]: signal in logmode 
Debug[16:13:31]: "INF(16:13:31.734):Attempt" 
Debug[16:13:31]: log_breakpoint 
Debug[16:13:31]: 5 
Debug[16:13:32]: signal in logmode 
Debug[16:13:32]: "INF(16:13:32.047):Attempt" 
Debug[16:13:32]: log_breakpoint 
Debug[16:13:32]: 5 
Debug[16:13:32]: signal in logmode 
Debug[16:13:32]: "INF(16:13:32.359):Mode is OK" 
Debug[16:13:32]: log_breakpoint 
Debug[16:13:32]: 5 
Debug[16:13:32]: signal in logmode 
Debug[16:13:32]: "INF(16:13:32.365):Attempt" 
Debug[16:13:32]: log_breakpoint 
Debug[16:13:32]: 5 
Debug[16:13:32]: signal in logmode 
Debug[16:13:32]: "INF(16:13:32.532):Mode is OK" 
Debug[16:13:32]: log_breakpoint 
Debug[16:13:32]: 5 
Debug[16:13:32]: signal in logmode 
Debug[16:13:32]: "INF(16:13:32.535):Attempt" 
Debug[16:13:32]: log_breakpoint 
Debug[16:13:32]: 5 
Debug[16:13:32]: signal in logmode 
Debug[16:13:32]: "INF(16:13:32.842):Attempt" 
Debug[16:13:32]: log_breakpoint 
Debug[16:13:32]: 5 
Debug[16:13:33]: signal in logmode 
Debug[16:13:33]: "INF(16:13:33.156):Attempt" 
Debug[16:13:33]: log_breakpoint 
Debug[16:13:33]: 5 
Debug[16:13:33]: signal in logmode 
Debug[16:13:33]: "INF(16:13:33.467):Mode is OK" 
Debug[16:13:33]: log_breakpoint 
Debug[16:13:33]: 5 
Debug[16:13:33]: signal in logmode 
Debug[16:13:33]: "INF(16:13:33.472):Attempt" 
Debug[16:13:33]: log_breakpoint 
Debug[16:13:33]: 5 
Debug[16:13:33]: signal in logmode 
Debug[16:13:33]: "INF(16:13:33.793):Attempt" 
Debug[16:13:33]: log_breakpoint 
Debug[16:13:33]: 5 
Debug[16:13:34]: signal in logmode 
Debug[16:13:34]: "INF(16:13:34.109):Attempt" 
Debug[16:13:34]: log_breakpoint 
Debug[16:13:34]: 5 
Debug[16:13:34]: signal in logmode 
Debug[16:13:34]: "INF(16:13:34.420):Mode is OK" 
Debug[16:13:34]: log_breakpoint 
Debug[16:13:34]: 5 
Debug[16:13:34]: signal in logmode 
Debug[16:13:34]: "INF(16:13:34.425):Attempt" 
Debug[16:13:34]: log_breakpoint 
Debug[16:13:34]: 5 
Debug[16:13:34]: signal in logmode 
Debug[16:13:34]: "INF(16:13:34.748):Attempt" 
Debug[16:13:34]: log_breakpoint 
Debug[16:13:34]: 5 
Debug[16:13:35]: signal in logmode 
Debug[16:13:35]: "INF(16:13:35.059):Attempt" 
Debug[16:13:35]: log_breakpoint 
Debug[16:13:35]: 5 
Debug[16:13:45]: signal in logmode 
Debug[16:13:45]: "INF(16:13:45.713):Mode is OK" 
Debug[16:13:45]: log_breakpoint 
Debug[16:13:45]: 5 
Debug[16:13:45]: signal in logmode 
Debug[16:13:45]: "INF(16:13:45.716):Attempt" 
Debug[16:13:45]: log_breakpoint 
Debug[16:13:45]: 5 
Debug[16:13:46]: signal in logmode 
Debug[16:13:46]: "INF(16:13:46.028):Attempt" 
Debug[16:13:46]: log_breakpoint 
Debug[16:13:46]: 5 
Debug[16:13:46]: signal in logmode 
Debug[16:13:46]: "INF(16:13:46.344):Attempt" 
Debug[16:13:46]: log_breakpoint 
Debug[16:13:46]: 5 
Debug[16:13:46]: signal in logmode 
Debug[16:13:46]: "INF(16:13:46.658):Mode is OK" 
Debug[16:13:46]: log_breakpoint 
Debug[16:13:46]: 5 
Debug[16:13:46]: signal in logmode 
Debug[16:13:46]: "INF(16:13:46.660):Attempt" 
Debug[16:13:46]: log_breakpoint 
Debug[16:13:46]: 5 
Debug[16:13:46]: signal in logmode 
Debug[16:13:46]: "INF(16:13:46.975):Attempt" 
Debug[16:13:46]: log_breakpoint 
Debug[16:13:46]: 5 
Debug[16:13:47]: signal in logmode 
Debug[16:13:47]: "INF(16:13:47.288):Attempt" 
Debug[16:13:47]: log_breakpoint 
Debug[16:13:47]: 5 
Debug[16:13:47]: signal in logmode 
Debug[16:13:47]: "INF(16:13:47.600):Mode is OK" 
Debug[16:13:47]: log_breakpoint 
Debug[16:13:47]: 5 
Debug[16:13:47]: signal in logmode 
Debug[16:13:47]: "INF(16:13:47.603):Attempt" 
Debug[16:13:47]: log_breakpoint 
Debug[16:13:47]: 5 
Debug[16:13:47]: signal in logmode 
Debug[16:13:47]: "INF(16:13:47.613):RDUM master connected" 
Debug[16:13:47]: log_breakpoint 
Debug[16:13:47]: 5 
Debug[16:13:47]: signal in logmode 
Debug[16:13:47]: "INF(16:13:47.616):Connected to \\.\COM74" 
Debug[16:13:47]: log_breakpoint 
Debug[16:13:47]: 5 
Warning[16:13:47]: Could not parse stylesheet of widget 0x2ff6f98
Debug[16:13:47]: "Resume:Logs" 
Debug[16:13:47]: "Resume:Settings" 
Debug[16:13:47]: "Resume:UartUartController" 
Debug[16:13:47]: "Resume:UartSpiController" 
Debug[16:13:47]: "Resume:UartSsiController" 
Debug[16:13:47]: "Resume:DSI3Master" 
Debug[16:13:47]: "Resume:ASICMaster" 
Debug[16:13:47]: "Resume:RDUMMaster" 
Debug[16:13:47]: "Resume:DSI3Slave" 
Debug[16:13:47]: "Resume:Measurement" 
Debug[16:13:47]: "Resume:CFARsim" 
Debug[16:15:00]: "Suspend:Settings" 
Debug[16:15:00]: "Suspend:UartUartController" 
Debug[16:15:00]: "Suspend:UartSpiController" 
Debug[16:15:00]: "Suspend:UartSsiController" 
Debug[16:15:00]: "Suspend:DSI3Master" 
Debug[16:15:00]: "Suspend:ASICMaster" 
Debug[16:15:00]: "Suspend:RDUMMaster" 
Debug[16:15:00]: "Suspend:DSI3Slave" 
Debug[16:15:00]: "Suspend:Measurement" 
Debug[16:15:00]: "Suspend:CFARsim" 
Debug[16:15:00]: signal in logmode 
Debug[16:15:00]: "INF(16:15:00.693):Disconnect by user" 
Debug[16:15:00]: log_breakpoint 
Debug[16:15:00]: 5 
Debug[16:15:00]: signal in logmode 
Debug[16:15:00]: "INF(16:15:00.860):Disconnect by user" 
Debug[16:15:00]: log_breakpoint 
Debug[16:15:00]: 5 
Warning[16:15:28]: QObject::connect: Cannot connect LocalServer::log(int,QString) to (null)::slot_addLog(int,QString)
Debug[16:15:28]: LocalServer:new "\\.\pipe\DSI3PAS" 
Debug[16:15:28]: Register specific 
Debug[16:15:28]: DynScaleCaclulate 
Debug[16:15:28]: "init 2 UartUartController" 
Debug[16:15:28]: Ok 
Debug[16:15:28]: "init 3 UartSpiController" 
Debug[16:15:28]: Ok 
Debug[16:15:28]: "init 4 UartSsiController" 
Debug[16:15:28]: Ok 
Debug[16:15:28]: "init 5 DSI3Master" 
Debug[16:15:28]: Ok 
Debug[16:15:28]: "init 6 ASICMaster" 
Debug[16:15:28]: Ok 
Debug[16:15:28]: "init 7 RDUMMaster" 
Debug[16:15:29]: Ok 
Debug[16:15:29]: "init 8 DSI3Slave" 
Debug[16:15:29]: Ok 
Debug[16:15:29]: "init 9 Measurement" 
Debug[16:15:30]: Ok 
Debug[16:15:30]: "init 10 CFARsim" 
Debug[16:15:30]: Ok 
Debug[16:15:30]: MainApp Starting... 
Debug[16:15:31]: Add applets to MainWindow...
 
Debug[16:15:31]: Initialize Connection... 
Debug[16:15:31]: signal in logmode 
Debug[16:15:31]: "INF(16:15:31.703):Mode is OK" 
Debug[16:15:31]: log_breakpoint 
Debug[16:15:31]: 5 
Debug[16:15:31]: signal in logmode 
Debug[16:15:31]: "INF(16:15:31.707):Attempt" 
Debug[16:15:31]: log_breakpoint 
Debug[16:15:31]: 5 
Debug[16:15:32]: signal in logmode 
Debug[16:15:32]: "INF(16:15:32.016):Attempt" 
Debug[16:15:32]: log_breakpoint 
Debug[16:15:32]: 5 
Debug[16:15:32]: signal in logmode 
Debug[16:15:32]: "INF(16:15:32.333):Attempt" 
Debug[16:15:32]: log_breakpoint 
Debug[16:15:32]: 5 
Debug[16:15:32]: signal in logmode 
Debug[16:15:32]: "INF(16:15:32.652):Mode is OK" 
Debug[16:15:32]: log_breakpoint 
Debug[16:15:32]: 5 
Debug[16:15:32]: signal in logmode 
Debug[16:15:32]: "INF(16:15:32.657):Attempt" 
Debug[16:15:32]: log_breakpoint 
Debug[16:15:32]: 5 
Debug[16:15:32]: signal in logmode 
Debug[16:15:32]: "INF(16:15:32.963):Attempt" 
Debug[16:15:32]: log_breakpoint 
Debug[16:15:32]: 5 
Debug[16:15:33]: signal in logmode 
Debug[16:15:33]: "INF(16:15:33.279):Attempt" 
Debug[16:15:33]: log_breakpoint 
Debug[16:15:33]: 5 
Debug[16:15:33]: signal in logmode 
Debug[16:15:33]: "INF(16:15:33.593):Mode is OK" 
Debug[16:15:33]: log_breakpoint 
Debug[16:15:33]: 5 
Debug[16:15:33]: signal in logmode 
Debug[16:15:33]: "INF(16:15:33.598):Attempt" 
Debug[16:15:33]: log_breakpoint 
Debug[16:15:33]: 5 
Debug[16:15:33]: signal in logmode 
Debug[16:15:33]: "INF(16:15:33.753):Mode is OK" 
Debug[16:15:33]: log_breakpoint 
Debug[16:15:33]: 5 
Debug[16:15:33]: signal in logmode 
Debug[16:15:33]: "INF(16:15:33.755):Attempt" 
Debug[16:15:33]: log_breakpoint 
Debug[16:15:33]: 5 
Debug[16:15:34]: signal in logmode 
Debug[16:15:34]: "INF(16:15:34.067):Attempt" 
Debug[16:15:34]: log_breakpoint 
Debug[16:15:34]: 5 
Debug[16:15:34]: signal in logmode 
Debug[16:15:34]: "INF(16:15:34.385):Attempt" 
Debug[16:15:34]: log_breakpoint 
Debug[16:15:34]: 5 
Debug[16:15:34]: signal in logmode 
Debug[16:15:34]: "INF(16:15:34.700):Mode is OK" 
Debug[16:15:34]: log_breakpoint 
Debug[16:15:34]: 5 
Debug[16:15:34]: signal in logmode 
Debug[16:15:34]: "INF(16:15:34.703):Attempt" 
Debug[16:15:34]: log_breakpoint 
Debug[16:15:34]: 5 
Debug[16:15:35]: signal in logmode 
Debug[16:15:35]: "INF(16:15:35.017):Attempt" 
Debug[16:15:35]: log_breakpoint 
Debug[16:15:35]: 5 
Debug[16:15:35]: signal in logmode 
Debug[16:15:35]: "INF(16:15:35.334):Attempt" 
Debug[16:15:35]: log_breakpoint 
Debug[16:15:35]: 5 
Debug[16:15:35]: signal in logmode 
Debug[16:15:35]: "INF(16:15:35.651):Mode is OK" 
Debug[16:15:35]: log_breakpoint 
Debug[16:15:35]: 5 
Debug[16:15:35]: signal in logmode 
Debug[16:15:35]: "INF(16:15:35.652):Attempt" 
Debug[16:15:35]: log_breakpoint 
Debug[16:15:35]: 5 
Debug[16:15:35]: signal in logmode 
Debug[16:15:35]: "INF(16:15:35.968):Attempt" 
Debug[16:15:35]: log_breakpoint 
Debug[16:15:35]: 5 
Debug[16:15:36]: signal in logmode 
Debug[16:15:36]: "INF(16:15:36.284):Attempt" 
Debug[16:15:36]: log_breakpoint 
Debug[16:15:36]: 5 
Debug[16:15:40]: signal in logmode 
Debug[16:15:40]: "INF(16:15:40.383):Mode is OK" 
Debug[16:15:40]: log_breakpoint 
Debug[16:15:40]: 5 
Debug[16:15:40]: signal in logmode 
Debug[16:15:40]: "INF(16:15:40.385):Attempt" 
Debug[16:15:40]: log_breakpoint 
Debug[16:15:40]: 5 
Debug[16:15:40]: signal in logmode 
Debug[16:15:40]: "INF(16:15:40.705):Attempt" 
Debug[16:15:40]: log_breakpoint 
Debug[16:15:40]: 5 
Debug[16:15:41]: signal in logmode 
Debug[16:15:41]: "INF(16:15:41.019):Attempt" 
Debug[16:15:41]: log_breakpoint 
Debug[16:15:41]: 5 
Debug[16:15:41]: signal in logmode 
Debug[16:15:41]: "INF(16:15:41.335):Mode is OK" 
Debug[16:15:41]: log_breakpoint 
Debug[16:15:41]: 5 
Debug[16:15:41]: signal in logmode 
Debug[16:15:41]: "INF(16:15:41.338):Attempt" 
Debug[16:15:41]: log_breakpoint 
Debug[16:15:41]: 5 
Debug[16:15:41]: signal in logmode 
Debug[16:15:41]: "INF(16:15:41.654):Attempt" 
Debug[16:15:41]: log_breakpoint 
Debug[16:15:41]: 5 
Debug[16:15:41]: signal in logmode 
Debug[16:15:41]: "INF(16:15:41.971):Attempt" 
Debug[16:15:41]: log_breakpoint 
Debug[16:15:41]: 5 
Debug[16:15:42]: signal in logmode 
Debug[16:15:42]: "INF(16:15:42.290):Mode is OK" 
Debug[16:15:42]: log_breakpoint 
Debug[16:15:42]: 5 
Debug[16:15:42]: signal in logmode 
Debug[16:15:42]: "INF(16:15:42.292):Attempt" 
Debug[16:15:42]: log_breakpoint 
Debug[16:15:42]: 5 
Debug[16:15:42]: signal in logmode 
Debug[16:15:42]: "INF(16:15:42.301):RDUM master connected" 
Debug[16:15:42]: log_breakpoint 
Debug[16:15:42]: 5 
Debug[16:15:42]: signal in logmode 
Debug[16:15:42]: "INF(16:15:42.303):Connected to \\.\COM74" 
Debug[16:15:42]: log_breakpoint 
Debug[16:15:42]: 5 
Warning[16:15:42]: Could not parse stylesheet of widget 0x2bd6f58
Debug[16:15:42]: "Resume:Logs" 
Debug[16:15:42]: "Resume:Settings" 
Debug[16:15:42]: "Resume:UartUartController" 
Debug[16:15:42]: "Resume:UartSpiController" 
Debug[16:15:42]: "Resume:UartSsiController" 
Debug[16:15:42]: "Resume:DSI3Master" 
Debug[16:15:42]: "Resume:ASICMaster" 
Debug[16:15:42]: "Resume:RDUMMaster" 
Debug[16:15:42]: "Resume:DSI3Slave" 
Debug[16:15:42]: "Resume:Measurement" 
Debug[16:15:42]: "Resume:CFARsim" 
Debug[16:16:37]: "Suspend:Settings" 
Debug[16:16:37]: "Suspend:UartUartController" 
Debug[16:16:37]: "Suspend:UartSpiController" 
Debug[16:16:37]: "Suspend:UartSsiController" 
Debug[16:16:37]: "Suspend:DSI3Master" 
Debug[16:16:37]: "Suspend:ASICMaster" 
Debug[16:16:37]: "Suspend:RDUMMaster" 
Debug[16:16:37]: "Suspend:DSI3Slave" 
Debug[16:16:37]: "Suspend:Measurement" 
Debug[16:16:37]: "Suspend:CFARsim" 
Debug[16:16:37]: signal in logmode 
Debug[16:16:37]: "INF(16:16:37.975):Disconnect by user" 
Debug[16:16:37]: log_breakpoint 
Debug[16:16:37]: 5 
Debug[16:16:38]: signal in logmode 
Debug[16:16:38]: "INF(16:16:38.132):Disconnect by user" 
Debug[16:16:38]: log_breakpoint 
Debug[16:16:38]: 5 
Warning[17:04:38]: QObject::connect: Cannot connect LocalServer::log(int,QString) to (null)::slot_addLog(int,QString)
Debug[17:04:38]: LocalServer:new "\\.\pipe\DSI3PAS" 
Debug[17:04:38]: Register specific 
Debug[17:04:39]: DynScaleCaclulate 
Debug[17:04:39]: "init 2 UartUartController" 
Debug[17:04:39]: Ok 
Debug[17:04:39]: "init 3 UartSpiController" 
Debug[17:04:39]: Ok 
Debug[17:04:39]: "init 4 UartSsiController" 
Debug[17:04:39]: Ok 
Debug[17:04:39]: "init 5 DSI3Master" 
Debug[17:04:39]: Ok 
Debug[17:04:39]: "init 6 ASICMaster" 
Debug[17:04:39]: Ok 
Debug[17:04:39]: "init 7 RDUMMaster" 
Debug[17:04:39]: Ok 
Debug[17:04:39]: "init 8 DSI3Slave" 
Debug[17:04:40]: Ok 
Debug[17:04:40]: "init 9 Measurement" 
Debug[17:04:41]: Ok 
Debug[17:04:41]: "init 10 CFARsim" 
Debug[17:04:41]: Ok 
Debug[17:04:41]: MainApp Starting... 
Debug[17:04:42]: Add applets to MainWindow...
 
Debug[17:04:42]: Initialize Connection... 
Debug[17:05:07]: Initialize Connection... 
Debug[17:05:08]: signal in logmode 
Debug[17:05:08]: "INF(17:05:08.238):Mode is OK" 
Debug[17:05:08]: log_breakpoint 
Debug[17:05:08]: 5 
Debug[17:05:08]: signal in logmode 
Debug[17:05:08]: "INF(17:05:08.244):Attempt" 
Debug[17:05:08]: log_breakpoint 
Debug[17:05:08]: 5 
Debug[17:05:08]: signal in logmode 
Debug[17:05:08]: "INF(17:05:08.561):Attempt" 
Debug[17:05:08]: log_breakpoint 
Debug[17:05:08]: 5 
Debug[17:05:08]: signal in logmode 
Debug[17:05:08]: "INF(17:05:08.874):Attempt" 
Debug[17:05:08]: log_breakpoint 
Debug[17:05:08]: 5 
Debug[17:05:09]: signal in logmode 
Debug[17:05:09]: "INF(17:05:09.188):Mode is OK" 
Debug[17:05:09]: log_breakpoint 
Debug[17:05:09]: 5 
Debug[17:05:09]: signal in logmode 
Debug[17:05:09]: "INF(17:05:09.193):Attempt" 
Debug[17:05:09]: log_breakpoint 
Debug[17:05:09]: 5 
Debug[17:05:09]: signal in logmode 
Debug[17:05:09]: "INF(17:05:09.514):Attempt" 
Debug[17:05:09]: log_breakpoint 
Debug[17:05:09]: 5 
Debug[17:05:09]: signal in logmode 
Debug[17:05:09]: "INF(17:05:09.824):Attempt" 
Debug[17:05:09]: log_breakpoint 
Debug[17:05:09]: 5 
Debug[17:05:10]: signal in logmode 
Debug[17:05:10]: "INF(17:05:10.136):Mode is OK" 
Debug[17:05:10]: log_breakpoint 
Debug[17:05:10]: 5 
Debug[17:05:10]: signal in logmode 
Debug[17:05:10]: "INF(17:05:10.139):Attempt" 
Debug[17:05:10]: log_breakpoint 
Debug[17:05:10]: 5 
Debug[17:05:10]: signal in logmode 
Debug[17:05:10]: "INF(17:05:10.292):Mode is OK" 
Debug[17:05:10]: log_breakpoint 
Debug[17:05:10]: 5 
Debug[17:05:10]: signal in logmode 
Debug[17:05:10]: "INF(17:05:10.295):Attempt" 
Debug[17:05:10]: log_breakpoint 
Debug[17:05:10]: 5 
Debug[17:05:10]: signal in logmode 
Debug[17:05:10]: "INF(17:05:10.601):Attempt" 
Debug[17:05:10]: log_breakpoint 
Debug[17:05:10]: 5 
Debug[17:05:10]: signal in logmode 
Debug[17:05:10]: "INF(17:05:10.917):Attempt" 
Debug[17:05:10]: log_breakpoint 
Debug[17:05:10]: 5 
Debug[17:05:11]: signal in logmode 
Debug[17:05:11]: "INF(17:05:11.229):Mode is OK" 
Debug[17:05:11]: log_breakpoint 
Debug[17:05:11]: 5 
Debug[17:05:11]: signal in logmode 
Debug[17:05:11]: "INF(17:05:11.233):Attempt" 
Debug[17:05:11]: log_breakpoint 
Debug[17:05:11]: 5 
Debug[17:05:11]: signal in logmode 
Debug[17:05:11]: "INF(17:05:11.543):Attempt" 
Debug[17:05:11]: log_breakpoint 
Debug[17:05:11]: 5 
Debug[17:05:11]: signal in logmode 
Debug[17:05:11]: "INF(17:05:11.853):Attempt" 
Debug[17:05:11]: log_breakpoint 
Debug[17:05:11]: 5 
Debug[17:05:12]: signal in logmode 
Debug[17:05:12]: "INF(17:05:12.165):Mode is OK" 
Debug[17:05:12]: log_breakpoint 
Debug[17:05:12]: 5 
Debug[17:05:12]: signal in logmode 
Debug[17:05:12]: "INF(17:05:12.170):Attempt" 
Debug[17:05:12]: log_breakpoint 
Debug[17:05:12]: 5 
Debug[17:05:12]: signal in logmode 
Debug[17:05:12]: "INF(17:05:12.492):Attempt" 
Debug[17:05:12]: log_breakpoint 
Debug[17:05:12]: 5 
Debug[17:05:12]: signal in logmode 
Debug[17:05:12]: "INF(17:05:12.804):Attempt" 
Debug[17:05:12]: log_breakpoint 
Debug[17:05:12]: 5 
Debug[17:05:13]: signal in logmode 
Debug[17:05:13]: "INF(17:05:13.800):Mode is OK" 
Debug[17:05:13]: log_breakpoint 
Debug[17:05:13]: 5 
Debug[17:05:13]: signal in logmode 
Debug[17:05:13]: "INF(17:05:13.805):Attempt" 
Debug[17:05:13]: log_breakpoint 
Debug[17:05:13]: 5 
Debug[17:05:14]: signal in logmode 
Debug[17:05:14]: "INF(17:05:14.113):Attempt" 
Debug[17:05:14]: log_breakpoint 
Debug[17:05:14]: 5 
Debug[17:05:14]: signal in logmode 
Debug[17:05:14]: "INF(17:05:14.424):Attempt" 
Debug[17:05:14]: log_breakpoint 
Debug[17:05:14]: 5 
Debug[17:05:14]: signal in logmode 
Debug[17:05:14]: "INF(17:05:14.736):Mode is OK" 
Debug[17:05:14]: log_breakpoint 
Debug[17:05:14]: 5 
Debug[17:05:14]: signal in logmode 
Debug[17:05:14]: "INF(17:05:14.741):Attempt" 
Debug[17:05:14]: log_breakpoint 
Debug[17:05:14]: 5 
Debug[17:05:15]: signal in logmode 
Debug[17:05:15]: "INF(17:05:15.050):Attempt" 
Debug[17:05:15]: log_breakpoint 
Debug[17:05:15]: 5 
Debug[17:05:15]: signal in logmode 
Debug[17:05:15]: "INF(17:05:15.360):Attempt" 
Debug[17:05:15]: log_breakpoint 
Debug[17:05:15]: 5 
Debug[17:05:15]: signal in logmode 
Debug[17:05:15]: "INF(17:05:15.672):Mode is OK" 
Debug[17:05:15]: log_breakpoint 
Debug[17:05:15]: 5 
Debug[17:05:15]: signal in logmode 
Debug[17:05:15]: "INF(17:05:15.674):Attempt" 
Debug[17:05:15]: log_breakpoint 
Debug[17:05:15]: 5 
Debug[17:05:15]: signal in logmode 
Debug[17:05:15]: "INF(17:05:15.683):RDUM master connected" 
Debug[17:05:15]: log_breakpoint 
Debug[17:05:15]: 5 
Debug[17:05:15]: signal in logmode 
Debug[17:05:15]: "INF(17:05:15.685):Connected to \\.\COM51" 
Debug[17:05:15]: log_breakpoint 
Debug[17:05:15]: 5 
Warning[17:05:15]: Could not parse stylesheet of widget 0x33e6030
Debug[17:05:15]: "Resume:Logs" 
Debug[17:05:15]: "Resume:Settings" 
Debug[17:05:15]: "Resume:UartUartController" 
Debug[17:05:15]: "Resume:UartSpiController" 
Debug[17:05:15]: "Resume:UartSsiController" 
Debug[17:05:15]: "Resume:DSI3Master" 
Debug[17:05:15]: "Resume:ASICMaster" 
Debug[17:05:15]: "Resume:RDUMMaster" 
Debug[17:05:15]: "Resume:DSI3Slave" 
Debug[17:05:15]: "Resume:Measurement" 
Debug[17:05:15]: "Resume:CFARsim" 
Debug[17:27:09]: "Suspend:Settings" 
Debug[17:27:09]: "Suspend:UartUartController" 
Debug[17:27:09]: "Suspend:UartSpiController" 
Debug[17:27:09]: "Suspend:UartSsiController" 
Debug[17:27:09]: "Suspend:DSI3Master" 
Debug[17:27:09]: "Suspend:ASICMaster" 
Debug[17:27:09]: "Suspend:RDUMMaster" 
Debug[17:27:09]: "Suspend:DSI3Slave" 
Debug[17:27:09]: "Suspend:Measurement" 
Debug[17:27:09]: "Suspend:CFARsim" 
Debug[17:27:09]: signal in logmode 
Debug[17:27:09]: "INF(17:27:09.793):Disconnect by user" 
Debug[17:27:09]: log_breakpoint 
Debug[17:27:09]: 5 
Debug[17:27:09]: signal in logmode 
Debug[17:27:09]: "INF(17:27:09.950):Disconnect by user" 
Debug[17:27:09]: log_breakpoint 
Debug[17:27:09]: 5 
