Warning[15:20:48]: QObject::connect: Cannot connect LocalServer::log(int,QString) to (null)::slot_addLog(int,QString)
Debug[15:20:48]: LocalServer:new "\\.\pipe\DSI3PASd" 
Debug[15:20:48]: Register specific 
Debug[15:20:49]: DynScaleCaclulate 
Debug[15:20:49]: "init 2 UartUartController" 
Debug[15:20:49]: Ok 
Debug[15:20:49]: "init 3 UartSpiController" 
Debug[15:20:49]: Ok 
Debug[15:20:49]: "init 4 UartSsiController" 
Debug[15:20:49]: Ok 
Debug[15:20:49]: "init 5 DSI3Master" 
Debug[15:20:49]: Ok 
Debug[15:20:49]: "init 6 ASICMaster" 
Debug[15:20:49]: Ok 
Debug[15:20:49]: "init 7 RDUMMaster" 
Debug[15:20:49]: Ok 
Debug[15:20:49]: "init 8 DSI3Slave" 
Debug[15:20:51]: Ok 
Debug[15:20:51]: "init 9 Measurement" 
Debug[15:20:53]: Ok 
Debug[15:20:53]: "init 10 CFARsim" 
Debug[15:20:53]: Ok 
Debug[15:20:53]: Using SERPORT
Debug[15:20:53]: MainApp Starting... 
Debug[15:20:55]: Add applets to MainWindow...
 
Debug[15:20:55]: Initialize Connection... 
Debug[15:20:55]: signal in logmode 
Debug[15:20:55]: "INF(15:20:55.733):Mode is OK" 
Debug[15:20:55]: log_breakpoint 
Debug[15:20:55]: 5 
Debug[15:20:55]: signal in logmode 
Debug[15:20:55]: "INF(15:20:55.736):Attempt" 
Debug[15:20:55]: log_breakpoint 
Debug[15:20:55]: 5 
Debug[15:20:56]: signal in logmode 
Debug[15:20:56]: "INF(15:20:56.056):Attempt" 
Debug[15:20:56]: log_breakpoint 
Debug[15:20:56]: 5 
Debug[15:20:56]: signal in logmode 
Debug[15:20:56]: "INF(15:20:56.372):Attempt" 
Debug[15:20:56]: log_breakpoint 
Debug[15:20:56]: 5 
Debug[15:20:56]: signal in logmode 
Debug[15:20:56]: "INF(15:20:56.685):Mode is OK" 
Debug[15:20:56]: log_breakpoint 
Debug[15:20:56]: 5 
Debug[15:20:56]: signal in logmode 
Debug[15:20:56]: "INF(15:20:56.690):Attempt" 
Debug[15:20:56]: log_breakpoint 
Debug[15:20:56]: 5 
Debug[15:20:56]: signal in logmode 
Debug[15:20:56]: "INF(15:20:56.995):Attempt" 
Debug[15:20:56]: log_breakpoint 
Debug[15:20:56]: 5 
Debug[15:20:57]: signal in logmode 
Debug[15:20:57]: "INF(15:20:57.310):Attempt" 
Debug[15:20:57]: log_breakpoint 
Debug[15:20:57]: 5 
Debug[15:20:57]: signal in logmode 
Debug[15:20:57]: "INF(15:20:57.622):Mode is OK" 
Debug[15:20:57]: log_breakpoint 
Debug[15:20:57]: 5 
Debug[15:20:57]: signal in logmode 
Debug[15:20:57]: "INF(15:20:57.624):Attempt" 
Debug[15:20:57]: log_breakpoint 
Debug[15:20:57]: 5 
Debug[15:20:57]: signal in logmode 
Debug[15:20:57]: "INF(15:20:57.937):Attempt" 
Debug[15:20:57]: log_breakpoint 
Debug[15:20:57]: 5 
Debug[15:20:58]: signal in logmode 
Debug[15:20:58]: "INF(15:20:58.253):Attempt" 
Debug[15:20:58]: log_breakpoint 
Debug[15:20:58]: 5 
Debug[15:20:58]: signal in logmode 
Debug[15:20:58]: "INF(15:20:58.568):Mode is OK" 
Debug[15:20:58]: log_breakpoint 
Debug[15:20:58]: 5 
Debug[15:20:58]: signal in logmode 
Debug[15:20:58]: "INF(15:20:58.570):Attempt" 
Debug[15:20:58]: log_breakpoint 
Debug[15:20:58]: 5 
Debug[15:20:58]: signal in logmode 
Debug[15:20:58]: "INF(15:20:58.728):Mode is OK" 
Debug[15:20:58]: log_breakpoint 
Debug[15:20:58]: 5 
Debug[15:20:58]: signal in logmode 
Debug[15:20:58]: "INF(15:20:58.733):Attempt" 
Debug[15:20:58]: log_breakpoint 
Debug[15:20:58]: 5 
Debug[15:20:59]: signal in logmode 
Debug[15:20:59]: "INF(15:20:59.041):Attempt" 
Debug[15:20:59]: log_breakpoint 
Debug[15:20:59]: 5 
Debug[15:20:59]: signal in logmode 
Debug[15:20:59]: "INF(15:20:59.351):Attempt" 
Debug[15:20:59]: log_breakpoint 
Debug[15:20:59]: 5 
Debug[15:20:59]: signal in logmode 
Debug[15:20:59]: "INF(15:20:59.664):Mode is OK" 
Debug[15:20:59]: log_breakpoint 
Debug[15:20:59]: 5 
Debug[15:20:59]: signal in logmode 
Debug[15:20:59]: "INF(15:20:59.669):Attempt" 
Debug[15:20:59]: log_breakpoint 
Debug[15:20:59]: 5 
Debug[15:20:59]: signal in logmode 
Debug[15:20:59]: "INF(15:20:59.976):Attempt" 
Debug[15:20:59]: log_breakpoint 
Debug[15:20:59]: 5 
Debug[15:21:00]: signal in logmode 
Debug[15:21:00]: "INF(15:21:00.282):Attempt" 
Debug[15:21:00]: log_breakpoint 
Debug[15:21:00]: 5 
Debug[15:21:00]: signal in logmode 
Debug[15:21:00]: "INF(15:21:00.596):Mode is OK" 
Debug[15:21:00]: log_breakpoint 
Debug[15:21:00]: 5 
Debug[15:21:00]: signal in logmode 
Debug[15:21:00]: "INF(15:21:00.600):Attempt" 
Debug[15:21:00]: log_breakpoint 
Debug[15:21:00]: 5 
Debug[15:21:00]: signal in logmode 
Debug[15:21:00]: "INF(15:21:00.909):Attempt" 
Debug[15:21:00]: log_breakpoint 
Debug[15:21:00]: 5 
Debug[15:21:01]: signal in logmode 
Debug[15:21:01]: "INF(15:21:01.221):Attempt" 
Debug[15:21:01]: log_breakpoint 
Debug[15:21:01]: 5 
Debug[15:21:01]: signal in logmode 
Debug[15:21:01]: "INF(15:21:01.532):Mode is OK" 
Debug[15:21:01]: log_breakpoint 
Debug[15:21:01]: 5 
Debug[15:21:01]: signal in logmode 
Debug[15:21:01]: "INF(15:21:01.536):Attempt" 
Debug[15:21:01]: log_breakpoint 
Debug[15:21:01]: 5 
Debug[15:21:01]: signal in logmode 
Debug[15:21:01]: "INF(15:21:01.842):Attempt" 
Debug[15:21:01]: log_breakpoint 
Debug[15:21:01]: 5 
Debug[15:21:02]: signal in logmode 
Debug[15:21:02]: "INF(15:21:02.153):Attempt" 
Debug[15:21:02]: log_breakpoint 
Debug[15:21:02]: 5 
Debug[15:21:07]: signal in logmode 
Debug[15:21:07]: "INF(15:21:07.791):Mode is OK" 
Debug[15:21:07]: log_breakpoint 
Debug[15:21:07]: 5 
Debug[15:21:07]: signal in logmode 
Debug[15:21:07]: "INF(15:21:07.794):Attempt" 
Debug[15:21:07]: log_breakpoint 
Debug[15:21:07]: 5 
Debug[15:21:08]: signal in logmode 
Debug[15:21:08]: "INF(15:21:08.111):Attempt" 
Debug[15:21:08]: log_breakpoint 
Debug[15:21:08]: 5 
Debug[15:21:08]: signal in logmode 
Debug[15:21:08]: "INF(15:21:08.426):Attempt" 
Debug[15:21:08]: log_breakpoint 
Debug[15:21:08]: 5 
Debug[15:21:08]: signal in logmode 
Debug[15:21:08]: "INF(15:21:08.741):Mode is OK" 
Debug[15:21:08]: log_breakpoint 
Debug[15:21:08]: 5 
Debug[15:21:08]: signal in logmode 
Debug[15:21:08]: "INF(15:21:08.744):Attempt" 
Debug[15:21:08]: log_breakpoint 
Debug[15:21:08]: 5 
Debug[15:21:09]: signal in logmode 
Debug[15:21:09]: "INF(15:21:09.055):Attempt" 
Debug[15:21:09]: log_breakpoint 
Debug[15:21:09]: 5 
Debug[15:21:09]: signal in logmode 
Debug[15:21:09]: "INF(15:21:09.369):Attempt" 
Debug[15:21:09]: log_breakpoint 
Debug[15:21:09]: 5 
Debug[15:21:09]: signal in logmode 
Debug[15:21:09]: "INF(15:21:09.684):Mode is OK" 
Debug[15:21:09]: log_breakpoint 
Debug[15:21:09]: 5 
Debug[15:21:09]: signal in logmode 
Debug[15:21:09]: "INF(15:21:09.690):Attempt" 
Debug[15:21:09]: log_breakpoint 
Debug[15:21:09]: 5 
Debug[15:21:10]: signal in logmode 
Debug[15:21:10]: "INF(15:21:10.001):Attempt" 
Debug[15:21:10]: log_breakpoint 
Debug[15:21:10]: 5 
Debug[15:21:10]: signal in logmode 
Debug[15:21:10]: "INF(15:21:10.314):Attempt" 
Debug[15:21:10]: log_breakpoint 
Debug[15:21:10]: 5 
Debug[15:21:10]: signal in logmode 
Debug[15:21:10]: "INF(15:21:10.629):Mode is OK" 
Debug[15:21:10]: log_breakpoint 
Debug[15:21:10]: 5 
Debug[15:21:10]: signal in logmode 
Debug[15:21:10]: "INF(15:21:10.631):Attempt" 
Debug[15:21:10]: log_breakpoint 
Debug[15:21:10]: 5 
Debug[15:21:10]: signal in logmode 
Debug[15:21:10]: "INF(15:21:10.636):RDUM master connected" 
Debug[15:21:10]: log_breakpoint 
Debug[15:21:10]: 5 
Debug[15:21:10]: signal in logmode 
Debug[15:21:10]: "INF(15:21:10.638):Connected to \\.\COM30" 
Debug[15:21:10]: log_breakpoint 
Debug[15:21:10]: 5 
Warning[15:21:10]: Could not parse stylesheet of widget 0x40a91c8
Debug[15:21:10]: "Resume:Logs" 
Debug[15:21:10]: "Resume:Settings" 
Debug[15:21:10]: "Resume:UartUartController" 
Debug[15:21:10]: "Resume:UartSpiController" 
Debug[15:21:10]: "Resume:UartSsiController" 
Debug[15:21:10]: "Resume:DSI3Master" 
Debug[15:21:10]: "Resume:ASICMaster" 
Debug[15:21:10]: "Resume:RDUMMaster" 
Debug[15:21:10]: "Resume:DSI3Slave" 
Debug[15:21:10]: "Resume:Measurement" 
Debug[15:21:10]: "Resume:CFARsim" 
Debug[15:21:17]: "Suspend:Settings" 
Debug[15:21:17]: "Suspend:UartUartController" 
Debug[15:21:17]: "Suspend:UartSpiController" 
Debug[15:21:17]: "Suspend:UartSsiController" 
Debug[15:21:17]: "Suspend:DSI3Master" 
Debug[15:21:17]: "Suspend:ASICMaster" 
Debug[15:21:17]: "Suspend:RDUMMaster" 
Debug[15:21:17]: "Suspend:DSI3Slave" 
Debug[15:21:17]: "Suspend:Measurement" 
Debug[15:21:17]: "Suspend:CFARsim" 
Debug[15:21:17]: signal in logmode 
Debug[15:21:17]: "INF(15:21:17.525):Disconnect by user" 
Debug[15:21:17]: log_breakpoint 
Debug[15:21:17]: 5 
Debug[15:21:17]: signal in logmode 
Debug[15:21:17]: "INF(15:21:17.659):Disconnect by user" 
Debug[15:21:17]: log_breakpoint 
Debug[15:21:17]: 5 
Warning[15:23:57]: QObject::connect: Cannot connect LocalServer::log(int,QString) to (null)::slot_addLog(int,QString)
Debug[15:23:57]: LocalServer:new "\\.\pipe\DSI3PASd" 
Debug[15:23:57]: Register specific 
Debug[15:23:58]: DynScaleCaclulate 
Debug[15:23:58]: "init 2 UartUartController" 
Debug[15:23:58]: Ok 
Debug[15:23:58]: "init 3 UartSpiController" 
Debug[15:23:58]: Ok 
Debug[15:23:58]: "init 4 UartSsiController" 
Debug[15:23:58]: Ok 
Debug[15:23:58]: "init 5 DSI3Master" 
Debug[15:23:58]: Ok 
Debug[15:23:58]: "init 6 ASICMaster" 
Debug[15:23:58]: Ok 
Debug[15:23:58]: "init 7 RDUMMaster" 
Debug[15:23:58]: Ok 
Debug[15:23:58]: "init 8 DSI3Slave" 
Debug[15:24:00]: Ok 
Debug[15:24:00]: "init 9 Measurement" 
Debug[15:24:01]: Ok 
Debug[15:24:01]: "init 10 CFARsim" 
Debug[15:24:01]: Ok 
Debug[15:24:01]: Using SERPORT
Debug[15:24:01]: MainApp Starting... 
Debug[15:24:04]: Add applets to MainWindow...
 
Debug[15:24:04]: Initialize Connection... 
Debug[15:24:04]: signal in logmode 
Debug[15:24:04]: "INF(15:24:04.339):Mode is OK" 
Debug[15:24:04]: log_breakpoint 
Debug[15:24:04]: 5 
Debug[15:24:04]: signal in logmode 
Debug[15:24:04]: "INF(15:24:04.341):Attempt" 
Debug[15:24:04]: log_breakpoint 
Debug[15:24:04]: 5 
Debug[15:24:04]: signal in logmode 
Debug[15:24:04]: "INF(15:24:04.650):Attempt" 
Debug[15:24:04]: log_breakpoint 
Debug[15:24:04]: 5 
Debug[15:24:04]: signal in logmode 
Debug[15:24:04]: "INF(15:24:04.962):Attempt" 
Debug[15:24:04]: log_breakpoint 
Debug[15:24:04]: 5 
Debug[15:24:05]: signal in logmode 
Debug[15:24:05]: "INF(15:24:05.272):Mode is OK" 
Debug[15:24:05]: log_breakpoint 
Debug[15:24:05]: 5 
Debug[15:24:05]: signal in logmode 
Debug[15:24:05]: "INF(15:24:05.275):Attempt" 
Debug[15:24:05]: log_breakpoint 
Debug[15:24:05]: 5 
Debug[15:24:05]: signal in logmode 
Debug[15:24:05]: "INF(15:24:05.584):Attempt" 
Debug[15:24:05]: log_breakpoint 
Debug[15:24:05]: 5 
Debug[15:24:05]: signal in logmode 
Debug[15:24:05]: "INF(15:24:05.896):Attempt" 
Debug[15:24:05]: log_breakpoint 
Debug[15:24:05]: 5 
Debug[15:24:06]: signal in logmode 
Debug[15:24:06]: "INF(15:24:06.209):Mode is OK" 
Debug[15:24:06]: log_breakpoint 
Debug[15:24:06]: 5 
Debug[15:24:06]: signal in logmode 
Debug[15:24:06]: "INF(15:24:06.214):Attempt" 
Debug[15:24:06]: log_breakpoint 
Debug[15:24:06]: 5 
Debug[15:24:06]: signal in logmode 
Debug[15:24:06]: "INF(15:24:06.521):Attempt" 
Debug[15:24:06]: log_breakpoint 
Debug[15:24:06]: 5 
Debug[15:24:06]: signal in logmode 
Debug[15:24:06]: "INF(15:24:06.833):Attempt" 
Debug[15:24:06]: log_breakpoint 
Debug[15:24:06]: 5 
Debug[15:24:07]: signal in logmode 
Debug[15:24:07]: "INF(15:24:07.146):Mode is OK" 
Debug[15:24:07]: log_breakpoint 
Debug[15:24:07]: 5 
Debug[15:24:07]: signal in logmode 
Debug[15:24:07]: "INF(15:24:07.151):Attempt" 
Debug[15:24:07]: log_breakpoint 
Debug[15:24:07]: 5 
Debug[15:24:07]: signal in logmode 
Debug[15:24:07]: "INF(15:24:07.320):Mode is OK" 
Debug[15:24:07]: log_breakpoint 
Debug[15:24:07]: 5 
Debug[15:24:07]: signal in logmode 
Debug[15:24:07]: "INF(15:24:07.323):Attempt" 
Debug[15:24:07]: log_breakpoint 
Debug[15:24:07]: 5 
Debug[15:24:07]: signal in logmode 
Debug[15:24:07]: "INF(15:24:07.629):Attempt" 
Debug[15:24:07]: log_breakpoint 
Debug[15:24:07]: 5 
Debug[15:24:07]: signal in logmode 
Debug[15:24:07]: "INF(15:24:07.940):Attempt" 
Debug[15:24:07]: log_breakpoint 
Debug[15:24:07]: 5 
Debug[15:24:08]: signal in logmode 
Debug[15:24:08]: "INF(15:24:08.252):Mode is OK" 
Debug[15:24:08]: log_breakpoint 
Debug[15:24:08]: 5 
Debug[15:24:08]: signal in logmode 
Debug[15:24:08]: "INF(15:24:08.257):Attempt" 
Debug[15:24:08]: log_breakpoint 
Debug[15:24:08]: 5 
Debug[15:24:08]: signal in logmode 
Debug[15:24:08]: "INF(15:24:08.563):Attempt" 
Debug[15:24:08]: log_breakpoint 
Debug[15:24:08]: 5 
Debug[15:24:08]: signal in logmode 
Debug[15:24:08]: "INF(15:24:08.874):Attempt" 
Debug[15:24:08]: log_breakpoint 
Debug[15:24:08]: 5 
Debug[15:24:09]: signal in logmode 
Debug[15:24:09]: "INF(15:24:09.188):Mode is OK" 
Debug[15:24:09]: log_breakpoint 
Debug[15:24:09]: 5 
Debug[15:24:09]: signal in logmode 
Debug[15:24:09]: "INF(15:24:09.191):Attempt" 
Debug[15:24:09]: log_breakpoint 
Debug[15:24:09]: 5 
Debug[15:24:09]: signal in logmode 
Debug[15:24:09]: "INF(15:24:09.498):Attempt" 
Debug[15:24:09]: log_breakpoint 
Debug[15:24:09]: 5 
Debug[15:24:09]: signal in logmode 
Debug[15:24:09]: "INF(15:24:09.813):Attempt" 
Debug[15:24:09]: log_breakpoint 
Debug[15:24:09]: 5 
Debug[15:24:10]: signal in logmode 
Debug[15:24:10]: "INF(15:24:10.124):Mode is OK" 
Debug[15:24:10]: log_breakpoint 
Debug[15:24:10]: 5 
Debug[15:24:10]: signal in logmode 
Debug[15:24:10]: "INF(15:24:10.127):Attempt" 
Debug[15:24:10]: log_breakpoint 
Debug[15:24:10]: 5 
Debug[15:24:10]: signal in logmode 
Debug[15:24:10]: "INF(15:24:10.436):Attempt" 
Debug[15:24:10]: log_breakpoint 
Debug[15:24:10]: 5 
Debug[15:24:10]: signal in logmode 
Debug[15:24:10]: "INF(15:24:10.748):Attempt" 
Debug[15:24:10]: log_breakpoint 
Debug[15:24:10]: 5 
Debug[15:24:14]: signal in logmode 
Debug[15:24:14]: "INF(15:24:14.212):Mode is OK" 
Debug[15:24:14]: log_breakpoint 
Debug[15:24:14]: 5 
Debug[15:24:14]: signal in logmode 
Debug[15:24:14]: "INF(15:24:14.214):Attempt" 
Debug[15:24:14]: log_breakpoint 
Debug[15:24:14]: 5 
Debug[15:24:14]: signal in logmode 
Debug[15:24:14]: "INF(15:24:14.527):Attempt" 
Debug[15:24:14]: log_breakpoint 
Debug[15:24:14]: 5 
Debug[15:24:14]: signal in logmode 
Debug[15:24:14]: "INF(15:24:14.840):Attempt" 
Debug[15:24:14]: log_breakpoint 
Debug[15:24:14]: 5 
Debug[15:24:15]: signal in logmode 
Debug[15:24:15]: "INF(15:24:15.153):Mode is OK" 
Debug[15:24:15]: log_breakpoint 
Debug[15:24:15]: 5 
Debug[15:24:15]: signal in logmode 
Debug[15:24:15]: "INF(15:24:15.160):Attempt" 
Debug[15:24:15]: log_breakpoint 
Debug[15:24:15]: 5 
Debug[15:24:15]: signal in logmode 
Debug[15:24:15]: "INF(15:24:15.478):Attempt" 
Debug[15:24:15]: log_breakpoint 
Debug[15:24:15]: 5 
Debug[15:24:15]: signal in logmode 
Debug[15:24:15]: "INF(15:24:15.789):Attempt" 
Debug[15:24:15]: log_breakpoint 
Debug[15:24:15]: 5 
Debug[15:24:16]: signal in logmode 
Debug[15:24:16]: "INF(15:24:16.100):Mode is OK" 
Debug[15:24:16]: log_breakpoint 
Debug[15:24:16]: 5 
Debug[15:24:16]: signal in logmode 
Debug[15:24:16]: "INF(15:24:16.103):Attempt" 
Debug[15:24:16]: log_breakpoint 
Debug[15:24:16]: 5 
Debug[15:24:16]: signal in logmode 
Debug[15:24:16]: "INF(15:24:16.409):Attempt" 
Debug[15:24:16]: log_breakpoint 
Debug[15:24:16]: 5 
Debug[15:24:16]: signal in logmode 
Debug[15:24:16]: "INF(15:24:16.719):Attempt" 
Debug[15:24:16]: log_breakpoint 
Debug[15:24:16]: 5 
Debug[15:24:17]: signal in logmode 
Debug[15:24:17]: "INF(15:24:17.031):Mode is OK" 
Debug[15:24:17]: log_breakpoint 
Debug[15:24:17]: 5 
Debug[15:24:17]: signal in logmode 
Debug[15:24:17]: "INF(15:24:17.035):Attempt" 
Debug[15:24:17]: log_breakpoint 
Debug[15:24:17]: 5 
Debug[15:24:17]: signal in logmode 
Debug[15:24:17]: "INF(15:24:17.041):RDUM master connected" 
Debug[15:24:17]: log_breakpoint 
Debug[15:24:17]: 5 
Debug[15:24:17]: signal in logmode 
Debug[15:24:17]: "INF(15:24:17.044):Connected to \\.\COM30" 
Debug[15:24:17]: log_breakpoint 
Debug[15:24:17]: 5 
Warning[15:24:17]: Could not parse stylesheet of widget 0x40e9148
Debug[15:24:17]: "Resume:Logs" 
Debug[15:24:17]: "Resume:Settings" 
Debug[15:24:17]: "Resume:UartUartController" 
Debug[15:24:17]: "Resume:UartSpiController" 
Debug[15:24:17]: "Resume:UartSsiController" 
Debug[15:24:17]: "Resume:DSI3Master" 
Debug[15:24:17]: "Resume:ASICMaster" 
Debug[15:24:17]: "Resume:RDUMMaster" 
Debug[15:24:17]: "Resume:DSI3Slave" 
Debug[15:24:17]: "Resume:Measurement" 
Debug[15:24:17]: "Resume:CFARsim" 
Debug[15:24:20]: "Suspend:Settings" 
Debug[15:24:20]: "Suspend:UartUartController" 
Debug[15:24:20]: "Suspend:UartSpiController" 
Debug[15:24:20]: "Suspend:UartSsiController" 
Debug[15:24:20]: "Suspend:DSI3Master" 
Debug[15:24:20]: "Suspend:ASICMaster" 
Debug[15:24:20]: "Suspend:RDUMMaster" 
Debug[15:24:20]: "Suspend:DSI3Slave" 
Debug[15:24:20]: "Suspend:Measurement" 
Debug[15:24:20]: "Suspend:CFARsim" 
Debug[15:24:20]: signal in logmode 
Debug[15:24:20]: "INF(15:24:20.123):Disconnect by user" 
Debug[15:24:20]: log_breakpoint 
Debug[15:24:20]: 5 
Debug[15:24:20]: signal in logmode 
Debug[15:24:20]: "INF(15:24:20.263):Disconnect by user" 
Debug[15:24:20]: log_breakpoint 
Debug[15:24:20]: 5 
