Warning[10:16:01]: QObject::connect: Cannot connect LocalServer::log(int,QString) to (null)::slot_addLog(int,QString)
Debug[10:16:01]: LocalServer:new "\\.\pipe\DSI3PAS" 
Debug[10:16:01]: Register specific 
Debug[10:16:02]: DynScaleCaclulate 
Debug[10:16:02]: "init 2 UartUartController" 
Debug[10:16:02]: Ok 
Debug[10:16:02]: "init 3 UartSpiController" 
Debug[10:16:02]: Ok 
Debug[10:16:02]: "init 4 UartSsiController" 
Debug[10:16:02]: Ok 
Debug[10:16:02]: "init 5 DSI3Master" 
Debug[10:16:02]: Ok 
Debug[10:16:02]: "init 6 ASICMaster" 
Debug[10:16:02]: Ok 
Debug[10:16:02]: "init 7 RDUMMaster" 
Debug[10:16:02]: Ok 
Debug[10:16:02]: "init 8 DSI3Slave" 
Debug[10:16:03]: Ok 
Debug[10:16:03]: "init 9 Measurement" 
Debug[10:16:04]: Ok 
Debug[10:16:04]: "init 10 CFARsim" 
Debug[10:16:04]: Ok 
Debug[10:16:04]: MainApp Starting... 
Debug[10:16:05]: Add applets to MainWindow...
 
Debug[10:16:05]: Initialize Connection... 
Debug[10:16:05]: signal in logmode 
Debug[10:16:05]: "INF(10:16:05.839):Mode is OK" 
Debug[10:16:05]: log_breakpoint 
Debug[10:16:05]: 5 
Debug[10:16:05]: signal in logmode 
Debug[10:16:05]: "INF(10:16:05.843):Attempt" 
Debug[10:16:05]: log_breakpoint 
Debug[10:16:05]: 5 
Debug[10:16:06]: signal in logmode 
Debug[10:16:06]: "INF(10:16:06.161):Attempt" 
Debug[10:16:06]: log_breakpoint 
Debug[10:16:06]: 5 
Debug[10:16:06]: signal in logmode 
Debug[10:16:06]: "INF(10:16:06.472):Attempt" 
Debug[10:16:06]: log_breakpoint 
Debug[10:16:06]: 5 
Debug[10:16:06]: signal in logmode 
Debug[10:16:06]: "INF(10:16:06.788):Mode is OK" 
Debug[10:16:06]: log_breakpoint 
Debug[10:16:06]: 5 
Debug[10:16:06]: signal in logmode 
Debug[10:16:06]: "INF(10:16:06.793):Attempt" 
Debug[10:16:06]: log_breakpoint 
Debug[10:16:06]: 5 
Debug[10:16:07]: signal in logmode 
Debug[10:16:07]: "INF(10:16:07.112):Attempt" 
Debug[10:16:07]: log_breakpoint 
Debug[10:16:07]: 5 
Debug[10:16:07]: signal in logmode 
Debug[10:16:07]: "INF(10:16:07.420):Attempt" 
Debug[10:16:07]: log_breakpoint 
Debug[10:16:07]: 5 
Debug[10:16:07]: signal in logmode 
Debug[10:16:07]: "INF(10:16:07.731):Mode is OK" 
Debug[10:16:07]: log_breakpoint 
Debug[10:16:07]: 5 
Debug[10:16:07]: signal in logmode 
Debug[10:16:07]: "INF(10:16:07.737):Attempt" 
Debug[10:16:07]: log_breakpoint 
Debug[10:16:07]: 5 
Debug[10:16:07]: signal in logmode 
Debug[10:16:07]: "INF(10:16:07.892):Mode is OK" 
Debug[10:16:07]: log_breakpoint 
Debug[10:16:07]: 5 
Debug[10:16:07]: signal in logmode 
Debug[10:16:07]: "INF(10:16:07.893):Attempt" 
Debug[10:16:07]: log_breakpoint 
Debug[10:16:07]: 5 
Debug[10:16:08]: signal in logmode 
Debug[10:16:08]: "INF(10:16:08.209):Attempt" 
Debug[10:16:08]: log_breakpoint 
Debug[10:16:08]: 5 
Debug[10:16:08]: signal in logmode 
Debug[10:16:08]: "INF(10:16:08.519):Attempt" 
Debug[10:16:08]: log_breakpoint 
Debug[10:16:08]: 5 
Debug[10:16:08]: signal in logmode 
Debug[10:16:08]: "INF(10:16:08.833):Mode is OK" 
Debug[10:16:08]: log_breakpoint 
Debug[10:16:08]: 5 
Debug[10:16:08]: signal in logmode 
Debug[10:16:08]: "INF(10:16:08.837):Attempt" 
Debug[10:16:08]: log_breakpoint 
Debug[10:16:08]: 5 
Debug[10:16:09]: signal in logmode 
Debug[10:16:09]: "INF(10:16:09.147):Attempt" 
Debug[10:16:09]: log_breakpoint 
Debug[10:16:09]: 5 
Debug[10:16:09]: signal in logmode 
Debug[10:16:09]: "INF(10:16:09.458):Attempt" 
Debug[10:16:09]: log_breakpoint 
Debug[10:16:09]: 5 
Debug[10:16:09]: signal in logmode 
Debug[10:16:09]: "INF(10:16:09.776):Mode is OK" 
Debug[10:16:09]: log_breakpoint 
Debug[10:16:09]: 5 
Debug[10:16:09]: signal in logmode 
Debug[10:16:09]: "INF(10:16:09.782):Attempt" 
Debug[10:16:09]: log_breakpoint 
Debug[10:16:09]: 5 
Debug[10:16:10]: signal in logmode 
Debug[10:16:10]: "INF(10:16:10.102):Attempt" 
Debug[10:16:10]: log_breakpoint 
Debug[10:16:10]: 5 
Debug[10:16:10]: signal in logmode 
Debug[10:16:10]: "INF(10:16:10.416):Attempt" 
Debug[10:16:10]: log_breakpoint 
Debug[10:16:10]: 5 
Debug[10:16:10]: signal in logmode 
Debug[10:16:10]: "INF(10:16:10.729):Mode is OK" 
Debug[10:16:10]: log_breakpoint 
Debug[10:16:10]: 5 
Debug[10:16:10]: signal in logmode 
Debug[10:16:10]: "INF(10:16:10.732):Attempt" 
Debug[10:16:10]: log_breakpoint 
Debug[10:16:10]: 5 
Debug[10:16:11]: signal in logmode 
Debug[10:16:11]: "INF(10:16:11.041):Attempt" 
Debug[10:16:11]: log_breakpoint 
Debug[10:16:11]: 5 
Debug[10:16:11]: signal in logmode 
Debug[10:16:11]: "INF(10:16:11.352):Attempt" 
Debug[10:16:11]: log_breakpoint 
Debug[10:16:11]: 5 
Debug[10:16:14]: signal in logmode 
Debug[10:16:14]: "INF(10:16:14.725):Mode is OK" 
Debug[10:16:14]: log_breakpoint 
Debug[10:16:14]: 5 
Debug[10:16:14]: signal in logmode 
Debug[10:16:14]: "INF(10:16:14.729):Attempt" 
Debug[10:16:14]: log_breakpoint 
Debug[10:16:14]: 5 
Debug[10:16:15]: signal in logmode 
Debug[10:16:15]: "INF(10:16:15.059):Attempt" 
Debug[10:16:15]: log_breakpoint 
Debug[10:16:15]: 5 
Debug[10:16:15]: signal in logmode 
Debug[10:16:15]: "INF(10:16:15.373):Attempt" 
Debug[10:16:15]: log_breakpoint 
Debug[10:16:15]: 5 
Debug[10:16:15]: signal in logmode 
Debug[10:16:15]: "INF(10:16:15.685):Mode is OK" 
Debug[10:16:15]: log_breakpoint 
Debug[10:16:15]: 5 
Debug[10:16:15]: signal in logmode 
Debug[10:16:15]: "INF(10:16:15.689):Attempt" 
Debug[10:16:15]: log_breakpoint 
Debug[10:16:15]: 5 
Debug[10:16:15]: signal in logmode 
Debug[10:16:15]: "INF(10:16:15.996):Attempt" 
Debug[10:16:15]: log_breakpoint 
Debug[10:16:15]: 5 
Debug[10:16:16]: signal in logmode 
Debug[10:16:16]: "INF(10:16:16.310):Attempt" 
Debug[10:16:16]: log_breakpoint 
Debug[10:16:16]: 5 
Debug[10:16:16]: signal in logmode 
Debug[10:16:16]: "INF(10:16:16.620):Mode is OK" 
Debug[10:16:16]: log_breakpoint 
Debug[10:16:16]: 5 
Debug[10:16:16]: signal in logmode 
Debug[10:16:16]: "INF(10:16:16.624):Attempt" 
Debug[10:16:16]: log_breakpoint 
Debug[10:16:16]: 5 
Debug[10:16:16]: signal in logmode 
Debug[10:16:16]: "INF(10:16:16.650):RDUM master connected" 
Debug[10:16:16]: log_breakpoint 
Debug[10:16:16]: 5 
Debug[10:16:16]: signal in logmode 
Debug[10:16:16]: "INF(10:16:16.655):Connected to \\.\COM118" 
Debug[10:16:16]: log_breakpoint 
Debug[10:16:16]: 5 
Warning[10:16:16]: Could not parse stylesheet of widget 0x3397158
Debug[10:16:16]: "Resume:Logs" 
Debug[10:16:16]: "Resume:Settings" 
Debug[10:16:16]: "Resume:UartUartController" 
Debug[10:16:16]: "Resume:UartSpiController" 
Debug[10:16:16]: "Resume:UartSsiController" 
Debug[10:16:16]: "Resume:DSI3Master" 
Debug[10:16:16]: "Resume:ASICMaster" 
Debug[10:16:16]: "Resume:RDUMMaster" 
Debug[10:16:16]: "Resume:DSI3Slave" 
Debug[10:16:16]: "Resume:Measurement" 
Debug[10:16:16]: "Resume:CFARsim" 
Debug[10:17:55]: "Suspend:Settings" 
Debug[10:17:55]: "Suspend:UartUartController" 
Debug[10:17:55]: "Suspend:UartSpiController" 
Debug[10:17:55]: "Suspend:UartSsiController" 
Debug[10:17:55]: "Suspend:DSI3Master" 
Debug[10:17:55]: "Suspend:ASICMaster" 
Debug[10:17:55]: "Suspend:RDUMMaster" 
Debug[10:17:55]: "Suspend:DSI3Slave" 
Debug[10:17:55]: "Suspend:Measurement" 
Debug[10:17:55]: "Suspend:CFARsim" 
Debug[10:17:55]: signal in logmode 
Debug[10:17:55]: "INF(10:17:55.887):Disconnect by user" 
Debug[10:17:55]: log_breakpoint 
Debug[10:17:55]: 5 
Debug[10:17:56]: signal in logmode 
Debug[10:17:56]: "INF(10:17:56.065):Disconnect by user" 
Debug[10:17:56]: log_breakpoint 
Debug[10:17:56]: 5 
Warning[10:19:44]: QObject::connect: Cannot connect LocalServer::log(int,QString) to (null)::slot_addLog(int,QString)
Debug[10:19:44]: LocalServer:new "\\.\pipe\DSI3PASd" 
Debug[10:19:44]: Register specific 
Debug[10:19:45]: DynScaleCaclulate 
Debug[10:19:46]: "init 2 UartUartController" 
Debug[10:19:46]: Ok 
Debug[10:19:46]: "init 3 UartSpiController" 
Debug[10:19:46]: Ok 
Debug[10:19:46]: "init 4 UartSsiController" 
Debug[10:19:46]: Ok 
Debug[10:19:46]: "init 5 DSI3Master" 
Debug[10:19:46]: Ok 
Debug[10:19:46]: "init 6 ASICMaster" 
Debug[10:19:46]: Ok 
Debug[10:19:46]: "init 7 RDUMMaster" 
Debug[10:19:46]: Ok 
Debug[10:19:46]: "init 8 DSI3Slave" 
Debug[10:19:50]: Ok 
Debug[10:19:50]: "init 9 Measurement" 
Debug[10:19:52]: Ok 
Debug[10:19:52]: "init 10 CFARsim" 
Debug[10:19:52]: Ok 
Debug[10:19:52]: Using SERPORT
Debug[10:19:52]: MainApp Starting... 
Debug[10:19:56]: Add applets to MainWindow...
 
Debug[10:19:56]: Initialize Connection... 
Debug[10:19:57]: signal in logmode 
Debug[10:19:57]: "INF(10:19:57.023):Mode is OK" 
Debug[10:19:57]: log_breakpoint 
Debug[10:19:57]: 5 
Debug[10:19:57]: signal in logmode 
Debug[10:19:57]: "INF(10:19:57.027):Attempt" 
Debug[10:19:57]: log_breakpoint 
Debug[10:19:57]: 5 
Debug[10:19:57]: signal in logmode 
Debug[10:19:57]: "INF(10:19:57.346):Attempt" 
Debug[10:19:57]: log_breakpoint 
Debug[10:19:57]: 5 
Debug[10:19:57]: signal in logmode 
Debug[10:19:57]: "INF(10:19:57.660):Attempt" 
Debug[10:19:57]: log_breakpoint 
Debug[10:19:57]: 5 
Debug[10:19:57]: signal in logmode 
Debug[10:19:57]: "INF(10:19:57.973):Mode is OK" 
Debug[10:19:57]: log_breakpoint 
Debug[10:19:57]: 5 
Debug[10:19:57]: signal in logmode 
Debug[10:19:57]: "INF(10:19:57.977):Attempt" 
Debug[10:19:57]: log_breakpoint 
Debug[10:19:57]: 5 
Debug[10:19:58]: signal in logmode 
Debug[10:19:58]: "INF(10:19:58.287):Attempt" 
Debug[10:19:58]: log_breakpoint 
Debug[10:19:58]: 5 
Debug[10:19:58]: signal in logmode 
Debug[10:19:58]: "INF(10:19:58.613):Attempt" 
Debug[10:19:58]: log_breakpoint 
Debug[10:19:58]: 5 
Debug[10:19:58]: signal in logmode 
Debug[10:19:58]: "INF(10:19:58.923):Mode is OK" 
Debug[10:19:58]: log_breakpoint 
Debug[10:19:58]: 5 
Debug[10:19:58]: signal in logmode 
Debug[10:19:58]: "INF(10:19:58.930):Attempt" 
Debug[10:19:58]: log_breakpoint 
Debug[10:19:58]: 5 
Debug[10:19:59]: signal in logmode 
Debug[10:19:59]: "INF(10:19:59.082):Mode is OK" 
Debug[10:19:59]: log_breakpoint 
Debug[10:19:59]: 5 
Debug[10:19:59]: signal in logmode 
Debug[10:19:59]: "INF(10:19:59.089):Attempt" 
Debug[10:19:59]: log_breakpoint 
Debug[10:19:59]: 5 
Debug[10:19:59]: signal in logmode 
Debug[10:19:59]: "INF(10:19:59.401):Attempt" 
Debug[10:19:59]: log_breakpoint 
Debug[10:19:59]: 5 
Debug[10:19:59]: signal in logmode 
Debug[10:19:59]: "INF(10:19:59.711):Attempt" 
Debug[10:19:59]: log_breakpoint 
Debug[10:19:59]: 5 
Debug[10:20:00]: signal in logmode 
Debug[10:20:00]: "INF(10:20:00.022):Mode is OK" 
Debug[10:20:00]: log_breakpoint 
Debug[10:20:00]: 5 
Debug[10:20:00]: signal in logmode 
Debug[10:20:00]: "INF(10:20:00.026):Attempt" 
Debug[10:20:00]: log_breakpoint 
Debug[10:20:00]: 5 
Debug[10:20:00]: signal in logmode 
Debug[10:20:00]: "INF(10:20:00.331):Attempt" 
Debug[10:20:00]: log_breakpoint 
Debug[10:20:00]: 5 
Debug[10:20:00]: signal in logmode 
Debug[10:20:00]: "INF(10:20:00.642):Attempt" 
Debug[10:20:00]: log_breakpoint 
Debug[10:20:00]: 5 
Debug[10:20:00]: signal in logmode 
Debug[10:20:00]: "INF(10:20:00.955):Mode is OK" 
Debug[10:20:00]: log_breakpoint 
Debug[10:20:00]: 5 
Debug[10:20:00]: signal in logmode 
Debug[10:20:00]: "INF(10:20:00.959):Attempt" 
Debug[10:20:00]: log_breakpoint 
Debug[10:20:00]: 5 
Debug[10:20:01]: signal in logmode 
Debug[10:20:01]: "INF(10:20:01.267):Attempt" 
Debug[10:20:01]: log_breakpoint 
Debug[10:20:01]: 5 
Debug[10:20:01]: signal in logmode 
Debug[10:20:01]: "INF(10:20:01.575):Attempt" 
Debug[10:20:01]: log_breakpoint 
Debug[10:20:01]: 5 
Debug[10:20:01]: signal in logmode 
Debug[10:20:01]: "INF(10:20:01.886):Mode is OK" 
Debug[10:20:01]: log_breakpoint 
Debug[10:20:01]: 5 
Debug[10:20:01]: signal in logmode 
Debug[10:20:01]: "INF(10:20:01.892):Attempt" 
Debug[10:20:01]: log_breakpoint 
Debug[10:20:01]: 5 
Debug[10:20:02]: signal in logmode 
Debug[10:20:02]: "INF(10:20:02.213):Attempt" 
Debug[10:20:02]: log_breakpoint 
Debug[10:20:02]: 5 
Debug[10:20:02]: signal in logmode 
Debug[10:20:02]: "INF(10:20:02.524):Attempt" 
Debug[10:20:02]: log_breakpoint 
Debug[10:20:02]: 5 
Debug[10:20:06]: signal in logmode 
Debug[10:20:06]: "INF(10:20:06.100):Mode is OK" 
Debug[10:20:06]: log_breakpoint 
Debug[10:20:06]: 5 
Debug[10:20:06]: signal in logmode 
Debug[10:20:06]: "INF(10:20:06.105):Attempt" 
Debug[10:20:06]: log_breakpoint 
Debug[10:20:06]: 5 
Debug[10:20:06]: signal in logmode 
Debug[10:20:06]: "INF(10:20:06.417):Attempt" 
Debug[10:20:06]: log_breakpoint 
Debug[10:20:06]: 5 
Debug[10:20:06]: signal in logmode 
Debug[10:20:06]: "INF(10:20:06.725):Attempt" 
Debug[10:20:06]: log_breakpoint 
Debug[10:20:06]: 5 
Debug[10:20:07]: signal in logmode 
Debug[10:20:07]: "INF(10:20:07.034):Mode is OK" 
Debug[10:20:07]: log_breakpoint 
Debug[10:20:07]: 5 
Debug[10:20:07]: signal in logmode 
Debug[10:20:07]: "INF(10:20:07.040):Attempt" 
Debug[10:20:07]: log_breakpoint 
Debug[10:20:07]: 5 
Debug[10:20:07]: signal in logmode 
Debug[10:20:07]: "INF(10:20:07.361):Attempt" 
Debug[10:20:07]: log_breakpoint 
Debug[10:20:07]: 5 
Debug[10:20:07]: signal in logmode 
Debug[10:20:07]: "INF(10:20:07.678):Attempt" 
Debug[10:20:07]: log_breakpoint 
Debug[10:20:07]: 5 
Debug[10:20:07]: signal in logmode 
Debug[10:20:07]: "INF(10:20:07.988):Mode is OK" 
Debug[10:20:07]: log_breakpoint 
Debug[10:20:07]: 5 
Debug[10:20:07]: signal in logmode 
Debug[10:20:07]: "INF(10:20:07.993):Attempt" 
Debug[10:20:07]: log_breakpoint 
Debug[10:20:07]: 5 
Debug[10:20:08]: signal in logmode 
Debug[10:20:08]: "INF(10:20:08.003):RDUM master connected" 
Debug[10:20:08]: log_breakpoint 
Debug[10:20:08]: 5 
Debug[10:20:08]: signal in logmode 
Debug[10:20:08]: "INF(10:20:08.007):Connected to \\.\COM118" 
Debug[10:20:08]: log_breakpoint 
Debug[10:20:08]: 5 
Warning[10:20:08]: Could not parse stylesheet of widget 0x4fdd9d8
Debug[10:20:08]: "Resume:Logs" 
Debug[10:20:08]: "Resume:Settings" 
Debug[10:20:08]: "Resume:UartUartController" 
Debug[10:20:08]: "Resume:UartSpiController" 
Debug[10:20:08]: "Resume:UartSsiController" 
Debug[10:20:08]: "Resume:DSI3Master" 
Debug[10:20:08]: "Resume:ASICMaster" 
Debug[10:20:08]: "Resume:RDUMMaster" 
Debug[10:20:08]: "Resume:DSI3Slave" 
Debug[10:20:08]: "Resume:Measurement" 
Debug[10:20:08]: "Resume:CFARsim" 
Debug[10:20:55]: "Suspend:Settings" 
Debug[10:20:55]: "Suspend:UartUartController" 
Debug[10:20:55]: "Suspend:UartSpiController" 
Debug[10:20:55]: "Suspend:UartSsiController" 
Debug[10:20:55]: "Suspend:DSI3Master" 
Debug[10:20:55]: "Suspend:ASICMaster" 
Debug[10:20:55]: "Suspend:RDUMMaster" 
Debug[10:20:55]: "Suspend:DSI3Slave" 
Debug[10:20:55]: "Suspend:Measurement" 
Debug[10:20:55]: "Suspend:CFARsim" 
Debug[10:20:55]: signal in logmode 
Debug[10:20:55]: "INF(10:20:55.234):Disconnect by user" 
Debug[10:20:55]: log_breakpoint 
Debug[10:20:55]: 5 
Debug[10:20:55]: signal in logmode 
Debug[10:20:55]: "INF(10:20:55.401):Disconnect by user" 
Debug[10:20:55]: log_breakpoint 
Debug[10:20:55]: 5 
Warning[10:23:54]: QObject::connect: Cannot connect LocalServer::log(int,QString) to (null)::slot_addLog(int,QString)
Debug[10:23:54]: LocalServer:new "\\.\pipe\DSI3PASd" 
Debug[10:23:54]: Register specific 
Debug[10:23:56]: DynScaleCaclulate 
Debug[10:23:57]: "init 2 UartUartController" 
Debug[10:23:57]: Ok 
Debug[10:23:57]: "init 3 UartSpiController" 
Debug[10:23:57]: Ok 
Debug[10:23:57]: "init 4 UartSsiController" 
Debug[10:23:57]: Ok 
Debug[10:23:57]: "init 5 DSI3Master" 
Debug[10:23:57]: Ok 
Debug[10:23:57]: "init 6 ASICMaster" 
Debug[10:23:57]: Ok 
Debug[10:23:57]: "init 7 RDUMMaster" 
Debug[10:23:57]: Ok 
Debug[10:23:57]: "init 8 DSI3Slave" 
Debug[10:24:01]: Ok 
Debug[10:24:01]: "init 9 Measurement" 
Debug[10:24:04]: Ok 
Debug[10:24:04]: "init 10 CFARsim" 
Debug[10:24:04]: Ok 
Debug[10:24:04]: Using SERPORT
Debug[10:24:04]: MainApp Starting... 
Debug[10:24:08]: Add applets to MainWindow...
 
Debug[10:24:08]: Initialize Connection... 
Debug[10:24:09]: signal in logmode 
Debug[10:24:09]: "INF(10:24:09.124):Mode is OK" 
Debug[10:24:09]: log_breakpoint 
Debug[10:24:09]: 5 
Debug[10:24:09]: signal in logmode 
Debug[10:24:09]: "INF(10:24:09.133):Attempt" 
Debug[10:24:09]: log_breakpoint 
Debug[10:24:09]: 5 
Debug[10:24:09]: signal in logmode 
Debug[10:24:09]: "INF(10:24:09.449):Attempt" 
Debug[10:24:09]: log_breakpoint 
Debug[10:24:09]: 5 
Debug[10:24:09]: signal in logmode 
Debug[10:24:09]: "INF(10:24:09.774):Attempt" 
Debug[10:24:09]: log_breakpoint 
Debug[10:24:09]: 5 
Debug[10:24:10]: signal in logmode 
Debug[10:24:10]: "INF(10:24:10.101):Mode is OK" 
Debug[10:24:10]: log_breakpoint 
Debug[10:24:10]: 5 
Debug[10:24:10]: signal in logmode 
Debug[10:24:10]: "INF(10:24:10.111):Attempt" 
Debug[10:24:10]: log_breakpoint 
Debug[10:24:10]: 5 
Debug[10:24:10]: signal in logmode 
Debug[10:24:10]: "INF(10:24:10.430):Attempt" 
Debug[10:24:10]: log_breakpoint 
Debug[10:24:10]: 5 
Debug[10:24:10]: signal in logmode 
Debug[10:24:10]: "INF(10:24:10.742):Attempt" 
Debug[10:24:10]: log_breakpoint 
Debug[10:24:10]: 5 
Debug[10:24:11]: signal in logmode 
Debug[10:24:11]: "INF(10:24:11.055):Mode is OK" 
Debug[10:24:11]: log_breakpoint 
Debug[10:24:11]: 5 
Debug[10:24:11]: signal in logmode 
Debug[10:24:11]: "INF(10:24:11.060):Attempt" 
Debug[10:24:11]: log_breakpoint 
Debug[10:24:11]: 5 
Debug[10:24:11]: signal in logmode 
Debug[10:24:11]: "INF(10:24:11.217):Mode is OK" 
Debug[10:24:11]: log_breakpoint 
Debug[10:24:11]: 5 
Debug[10:24:11]: signal in logmode 
Debug[10:24:11]: "INF(10:24:11.227):Attempt" 
Debug[10:24:11]: log_breakpoint 
Debug[10:24:11]: 5 
Debug[10:24:11]: signal in logmode 
Debug[10:24:11]: "INF(10:24:11.540):Attempt" 
Debug[10:24:11]: log_breakpoint 
Debug[10:24:11]: 5 
Debug[10:24:11]: signal in logmode 
Debug[10:24:11]: "INF(10:24:11.854):Attempt" 
Debug[10:24:11]: log_breakpoint 
Debug[10:24:11]: 5 
Debug[10:24:12]: signal in logmode 
Debug[10:24:12]: "INF(10:24:12.179):Mode is OK" 
Debug[10:24:12]: log_breakpoint 
Debug[10:24:12]: 5 
Debug[10:24:12]: signal in logmode 
Debug[10:24:12]: "INF(10:24:12.188):Attempt" 
Debug[10:24:12]: log_breakpoint 
Debug[10:24:12]: 5 
Debug[10:24:12]: signal in logmode 
Debug[10:24:12]: "INF(10:24:12.508):Attempt" 
Debug[10:24:12]: log_breakpoint 
Debug[10:24:12]: 5 
Debug[10:24:12]: signal in logmode 
Debug[10:24:12]: "INF(10:24:12.836):Attempt" 
Debug[10:24:12]: log_breakpoint 
Debug[10:24:12]: 5 
Debug[10:24:13]: signal in logmode 
Debug[10:24:13]: "INF(10:24:13.148):Mode is OK" 
Debug[10:24:13]: log_breakpoint 
Debug[10:24:13]: 5 
Debug[10:24:13]: signal in logmode 
Debug[10:24:13]: "INF(10:24:13.157):Attempt" 
Debug[10:24:13]: log_breakpoint 
Debug[10:24:13]: 5 
Debug[10:24:13]: signal in logmode 
Debug[10:24:13]: "INF(10:24:13.475):Attempt" 
Debug[10:24:13]: log_breakpoint 
Debug[10:24:13]: 5 
Debug[10:24:13]: signal in logmode 
Debug[10:24:13]: "INF(10:24:13.804):Attempt" 
Debug[10:24:13]: log_breakpoint 
Debug[10:24:13]: 5 
Debug[10:24:14]: signal in logmode 
Debug[10:24:14]: "INF(10:24:14.129):Mode is OK" 
Debug[10:24:14]: log_breakpoint 
Debug[10:24:14]: 5 
Debug[10:24:14]: signal in logmode 
Debug[10:24:14]: "INF(10:24:14.139):Attempt" 
Debug[10:24:14]: log_breakpoint 
Debug[10:24:14]: 5 
Debug[10:24:14]: signal in logmode 
Debug[10:24:14]: "INF(10:24:14.459):Attempt" 
Debug[10:24:14]: log_breakpoint 
Debug[10:24:14]: 5 
Debug[10:24:14]: signal in logmode 
Debug[10:24:14]: "INF(10:24:14.770):Attempt" 
Debug[10:24:14]: log_breakpoint 
Debug[10:24:14]: 5 
Debug[10:24:17]: signal in logmode 
Debug[10:24:17]: "INF(10:24:17.877):Mode is OK" 
Debug[10:24:17]: log_breakpoint 
Debug[10:24:17]: 5 
Debug[10:24:17]: signal in logmode 
Debug[10:24:17]: "INF(10:24:17.887):Attempt" 
Debug[10:24:17]: log_breakpoint 
Debug[10:24:17]: 5 
Debug[10:24:18]: signal in logmode 
Debug[10:24:18]: "INF(10:24:18.208):Attempt" 
Debug[10:24:18]: log_breakpoint 
Debug[10:24:18]: 5 
Debug[10:24:18]: signal in logmode 
Debug[10:24:18]: "INF(10:24:18.534):Attempt" 
Debug[10:24:18]: log_breakpoint 
Debug[10:24:18]: 5 
Debug[10:24:18]: signal in logmode 
Debug[10:24:18]: "INF(10:24:18.846):Mode is OK" 
Debug[10:24:18]: log_breakpoint 
Debug[10:24:18]: 5 
Debug[10:24:18]: signal in logmode 
Debug[10:24:18]: "INF(10:24:18.853):Attempt" 
Debug[10:24:18]: log_breakpoint 
Debug[10:24:18]: 5 
Debug[10:24:19]: signal in logmode 
Debug[10:24:19]: "INF(10:24:19.170):Attempt" 
Debug[10:24:19]: log_breakpoint 
Debug[10:24:19]: 5 
Debug[10:24:19]: signal in logmode 
Debug[10:24:19]: "INF(10:24:19.497):Attempt" 
Debug[10:24:19]: log_breakpoint 
Debug[10:24:19]: 5 
Debug[10:24:19]: signal in logmode 
Debug[10:24:19]: "INF(10:24:19.828):Mode is OK" 
Debug[10:24:19]: log_breakpoint 
Debug[10:24:19]: 5 
Debug[10:24:19]: signal in logmode 
Debug[10:24:19]: "INF(10:24:19.838):Attempt" 
Debug[10:24:19]: log_breakpoint 
Debug[10:24:19]: 5 
Debug[10:24:19]: signal in logmode 
Debug[10:24:19]: "INF(10:24:19.858):RDUM master connected" 
Debug[10:24:19]: log_breakpoint 
Debug[10:24:19]: 5 
Debug[10:24:19]: signal in logmode 
Debug[10:24:19]: "INF(10:24:19.867):Connected to \\.\COM118" 
Debug[10:24:19]: log_breakpoint 
Debug[10:24:19]: 5 
Warning[10:24:19]: Could not parse stylesheet of widget 0x4ed9628
Debug[10:24:19]: "Resume:Logs" 
Debug[10:24:19]: "Resume:Settings" 
Debug[10:24:19]: "Resume:UartUartController" 
Debug[10:24:19]: "Resume:UartSpiController" 
Debug[10:24:19]: "Resume:UartSsiController" 
Debug[10:24:19]: "Resume:DSI3Master" 
Debug[10:24:19]: "Resume:ASICMaster" 
Debug[10:24:19]: "Resume:RDUMMaster" 
Debug[10:24:19]: "Resume:DSI3Slave" 
Debug[10:24:19]: "Resume:Measurement" 
Debug[10:24:19]: "Resume:CFARsim" 
Warning[10:39:19]: QObject::connect: Cannot connect LocalServer::log(int,QString) to (null)::slot_addLog(int,QString)
Debug[10:39:19]: LocalServer:new "\\.\pipe\DSI3PASd" 
Debug[10:39:20]: Register specific 
Debug[10:39:21]: DynScaleCaclulate 
Debug[10:39:21]: "init 2 UartUartController" 
Debug[10:39:21]: Ok 
Debug[10:39:21]: "init 3 UartSpiController" 
Debug[10:39:21]: Ok 
Debug[10:39:21]: "init 4 UartSsiController" 
Debug[10:39:21]: Ok 
Debug[10:39:21]: "init 5 DSI3Master" 
Debug[10:39:21]: Ok 
Debug[10:39:21]: "init 6 ASICMaster" 
Debug[10:39:21]: Ok 
Debug[10:39:21]: "init 7 RDUMMaster" 
Debug[10:39:21]: Ok 
Debug[10:39:21]: "init 8 DSI3Slave" 
Debug[10:39:24]: Ok 
Debug[10:39:24]: "init 9 Measurement" 
Debug[10:39:26]: Ok 
Debug[10:39:26]: "init 10 CFARsim" 
Debug[10:39:26]: Ok 
Debug[10:39:26]: Using SERPORT
Debug[10:39:26]: MainApp Starting... 
Debug[10:39:29]: Add applets to MainWindow...
 
Debug[10:39:29]: Initialize Connection... 
Debug[10:39:29]: signal in logmode 
Debug[10:39:29]: "INF(10:39:29.999):Mode is OK" 
Debug[10:39:30]: log_breakpoint 
Debug[10:39:30]: 5 
Debug[10:39:30]: signal in logmode 
Debug[10:39:30]: "INF(10:39:30.006):Attempt" 
Debug[10:39:30]: log_breakpoint 
Debug[10:39:30]: 5 
Debug[10:39:30]: signal in logmode 
Debug[10:39:30]: "INF(10:39:30.320):Attempt" 
Debug[10:39:30]: log_breakpoint 
Debug[10:39:30]: 5 
Debug[10:39:30]: signal in logmode 
Debug[10:39:30]: "INF(10:39:30.632):Attempt" 
Debug[10:39:30]: log_breakpoint 
Debug[10:39:30]: 5 
Debug[10:39:30]: signal in logmode 
Debug[10:39:30]: "INF(10:39:30.943):Mode is OK" 
Debug[10:39:30]: log_breakpoint 
Debug[10:39:30]: 5 
Debug[10:39:30]: signal in logmode 
Debug[10:39:30]: "INF(10:39:30.950):Attempt" 
Debug[10:39:30]: log_breakpoint 
Debug[10:39:30]: 5 
Debug[10:39:31]: signal in logmode 
Debug[10:39:31]: "INF(10:39:31.271):Attempt" 
Debug[10:39:31]: log_breakpoint 
Debug[10:39:31]: 5 
Debug[10:39:31]: signal in logmode 
Debug[10:39:31]: "INF(10:39:31.584):Attempt" 
Debug[10:39:31]: log_breakpoint 
Debug[10:39:31]: 5 
Debug[10:39:31]: signal in logmode 
Debug[10:39:31]: "INF(10:39:31.897):Mode is OK" 
Debug[10:39:31]: log_breakpoint 
Debug[10:39:31]: 5 
Debug[10:39:31]: signal in logmode 
Debug[10:39:31]: "INF(10:39:31.903):Attempt" 
Debug[10:39:31]: log_breakpoint 
Debug[10:39:31]: 5 
Debug[10:39:32]: signal in logmode 
Debug[10:39:32]: "INF(10:39:32.051):Mode is OK" 
Debug[10:39:32]: log_breakpoint 
Debug[10:39:32]: 5 
Debug[10:39:32]: signal in logmode 
Debug[10:39:32]: "INF(10:39:32.055):Attempt" 
Debug[10:39:32]: log_breakpoint 
Debug[10:39:32]: 5 
Debug[10:39:32]: signal in logmode 
Debug[10:39:32]: "INF(10:39:32.362):Attempt" 
Debug[10:39:32]: log_breakpoint 
Debug[10:39:32]: 5 
Debug[10:39:32]: signal in logmode 
Debug[10:39:32]: "INF(10:39:32.674):Attempt" 
Debug[10:39:32]: log_breakpoint 
Debug[10:39:32]: 5 
Debug[10:39:32]: signal in logmode 
Debug[10:39:32]: "INF(10:39:32.988):Mode is OK" 
Debug[10:39:32]: log_breakpoint 
Debug[10:39:32]: 5 
Debug[10:39:32]: signal in logmode 
Debug[10:39:32]: "INF(10:39:32.998):Attempt" 
Debug[10:39:33]: log_breakpoint 
Debug[10:39:33]: 5 
Debug[10:39:33]: signal in logmode 
Debug[10:39:33]: "INF(10:39:33.314):Attempt" 
Debug[10:39:33]: log_breakpoint 
Debug[10:39:33]: 5 
Debug[10:39:33]: signal in logmode 
Debug[10:39:33]: "INF(10:39:33.625):Attempt" 
Debug[10:39:33]: log_breakpoint 
Debug[10:39:33]: 5 
Debug[10:39:33]: signal in logmode 
Debug[10:39:33]: "INF(10:39:33.935):Mode is OK" 
Debug[10:39:33]: log_breakpoint 
Debug[10:39:33]: 5 
Debug[10:39:33]: signal in logmode 
Debug[10:39:33]: "INF(10:39:33.942):Attempt" 
Debug[10:39:33]: log_breakpoint 
Debug[10:39:33]: 5 
Debug[10:39:34]: signal in logmode 
Debug[10:39:34]: "INF(10:39:34.263):Attempt" 
Debug[10:39:34]: log_breakpoint 
Debug[10:39:34]: 5 
Debug[10:39:34]: signal in logmode 
Debug[10:39:34]: "INF(10:39:34.574):Attempt" 
Debug[10:39:34]: log_breakpoint 
Debug[10:39:34]: 5 
Debug[10:39:34]: signal in logmode 
Debug[10:39:34]: "INF(10:39:34.884):Mode is OK" 
Debug[10:39:34]: log_breakpoint 
Debug[10:39:34]: 5 
Debug[10:39:34]: signal in logmode 
Debug[10:39:34]: "INF(10:39:34.893):Attempt" 
Debug[10:39:34]: log_breakpoint 
Debug[10:39:34]: 5 
Debug[10:39:35]: signal in logmode 
Debug[10:39:35]: "INF(10:39:35.211):Attempt" 
Debug[10:39:35]: log_breakpoint 
Debug[10:39:35]: 5 
Debug[10:39:35]: signal in logmode 
Debug[10:39:35]: "INF(10:39:35.521):Attempt" 
Debug[10:39:35]: log_breakpoint 
Debug[10:39:35]: 5 
Debug[10:39:37]: signal in logmode 
Debug[10:39:37]: "INF(10:39:37.219):Mode is OK" 
Debug[10:39:37]: log_breakpoint 
Debug[10:39:37]: 5 
Debug[10:39:37]: signal in logmode 
Debug[10:39:37]: "INF(10:39:37.223):Attempt" 
Debug[10:39:37]: log_breakpoint 
Debug[10:39:37]: 5 
Debug[10:39:37]: signal in logmode 
Debug[10:39:37]: "INF(10:39:37.546):Attempt" 
Debug[10:39:37]: log_breakpoint 
Debug[10:39:37]: 5 
Debug[10:39:37]: signal in logmode 
Debug[10:39:37]: "INF(10:39:37.857):Attempt" 
Debug[10:39:37]: log_breakpoint 
Debug[10:39:37]: 5 
Debug[10:39:38]: signal in logmode 
Debug[10:39:38]: "INF(10:39:38.169):Mode is OK" 
Debug[10:39:38]: log_breakpoint 
Debug[10:39:38]: 5 
Debug[10:39:38]: signal in logmode 
Debug[10:39:38]: "INF(10:39:38.179):Attempt" 
Debug[10:39:38]: log_breakpoint 
Debug[10:39:38]: 5 
Debug[10:39:38]: signal in logmode 
Debug[10:39:38]: "INF(10:39:38.498):Attempt" 
Debug[10:39:38]: log_breakpoint 
Debug[10:39:38]: 5 
Debug[10:39:38]: signal in logmode 
Debug[10:39:38]: "INF(10:39:38.809):Attempt" 
Debug[10:39:38]: log_breakpoint 
Debug[10:39:38]: 5 
Debug[10:39:39]: signal in logmode 
Debug[10:39:39]: "INF(10:39:39.119):Mode is OK" 
Debug[10:39:39]: log_breakpoint 
Debug[10:39:39]: 5 
Debug[10:39:39]: signal in logmode 
Debug[10:39:39]: "INF(10:39:39.138):Attempt" 
Debug[10:39:39]: log_breakpoint 
Debug[10:39:39]: 5 
Debug[10:39:39]: signal in logmode 
Debug[10:39:39]: "INF(10:39:39.150):RDUM master connected" 
Debug[10:39:39]: log_breakpoint 
Debug[10:39:39]: 5 
Debug[10:39:39]: signal in logmode 
Debug[10:39:39]: "INF(10:39:39.155):Connected to \\.\COM118" 
Debug[10:39:39]: log_breakpoint 
Debug[10:39:39]: 5 
Warning[10:39:39]: Could not parse stylesheet of widget 0x4cad798
Debug[10:39:39]: "Resume:Logs" 
Debug[10:39:39]: "Resume:Settings" 
Debug[10:39:39]: "Resume:UartUartController" 
Debug[10:39:39]: "Resume:UartSpiController" 
Debug[10:39:39]: "Resume:UartSsiController" 
Debug[10:39:39]: "Resume:DSI3Master" 
Debug[10:39:39]: "Resume:ASICMaster" 
Debug[10:39:39]: "Resume:RDUMMaster" 
Debug[10:39:39]: "Resume:DSI3Slave" 
Debug[10:39:39]: "Resume:Measurement" 
Debug[10:39:39]: "Resume:CFARsim" 
Debug[10:39:55]: "Suspend:Settings" 
Debug[10:39:55]: "Suspend:UartUartController" 
Debug[10:39:55]: "Suspend:UartSpiController" 
Debug[10:39:55]: "Suspend:UartSsiController" 
Debug[10:39:55]: "Suspend:DSI3Master" 
Debug[10:39:55]: "Suspend:ASICMaster" 
Debug[10:39:55]: "Suspend:RDUMMaster" 
Debug[10:39:55]: "Suspend:DSI3Slave" 
Debug[10:39:55]: "Suspend:Measurement" 
Debug[10:39:55]: "Suspend:CFARsim" 
Debug[10:39:55]: signal in logmode 
Debug[10:39:55]: "INF(10:39:55.035):Disconnect by user" 
Debug[10:39:55]: log_breakpoint 
Debug[10:39:55]: 5 
Debug[10:39:55]: signal in logmode 
Debug[10:39:55]: "INF(10:39:55.227):Disconnect by user" 
Debug[10:39:55]: log_breakpoint 
Debug[10:39:55]: 5 
Warning[10:42:27]: QObject::connect: Cannot connect LocalServer::log(int,QString) to (null)::slot_addLog(int,QString)
Debug[10:42:27]: LocalServer:new "\\.\pipe\DSI3PASd" 
Debug[10:42:27]: Register specific 
Debug[10:42:30]: DynScaleCaclulate 
Debug[10:42:30]: "init 2 UartUartController" 
Debug[10:42:30]: Ok 
Debug[10:42:30]: "init 3 UartSpiController" 
Debug[10:42:30]: Ok 
Debug[10:42:30]: "init 4 UartSsiController" 
Debug[10:42:30]: Ok 
Debug[10:42:30]: "init 5 DSI3Master" 
Debug[10:42:31]: Ok 
Debug[10:42:31]: "init 6 ASICMaster" 
Debug[10:42:31]: Ok 
Debug[10:42:31]: "init 7 RDUMMaster" 
Debug[10:42:31]: Ok 
Debug[10:42:31]: "init 8 DSI3Slave" 
Debug[10:42:35]: Ok 
Debug[10:42:35]: "init 9 Measurement" 
Debug[10:42:38]: Ok 
Debug[10:42:38]: "init 10 CFARsim" 
Debug[10:42:38]: Ok 
Debug[10:42:38]: Using SERPORT
Debug[10:42:38]: MainApp Starting... 
Debug[10:42:42]: Add applets to MainWindow...
 
Debug[10:42:42]: Initialize Connection... 
Debug[10:42:43]: signal in logmode 
Debug[10:42:43]: "INF(10:42:43.297):Mode is OK" 
Debug[10:42:43]: log_breakpoint 
Debug[10:42:43]: 5 
Debug[10:42:43]: signal in logmode 
Debug[10:42:43]: "INF(10:42:43.302):Attempt" 
Debug[10:42:43]: log_breakpoint 
Debug[10:42:43]: 5 
Debug[10:42:43]: signal in logmode 
Debug[10:42:43]: "INF(10:42:43.624):Attempt" 
Debug[10:42:43]: log_breakpoint 
Debug[10:42:43]: 5 
Debug[10:42:43]: signal in logmode 
Debug[10:42:43]: "INF(10:42:43.935):Attempt" 
Debug[10:42:43]: log_breakpoint 
Debug[10:42:43]: 5 
Debug[10:42:44]: signal in logmode 
Debug[10:42:44]: "INF(10:42:44.248):Mode is OK" 
Debug[10:42:44]: log_breakpoint 
Debug[10:42:44]: 5 
Debug[10:42:44]: signal in logmode 
Debug[10:42:44]: "INF(10:42:44.253):Attempt" 
Debug[10:42:44]: log_breakpoint 
Debug[10:42:44]: 5 
Debug[10:42:44]: signal in logmode 
Debug[10:42:44]: "INF(10:42:44.562):Attempt" 
Debug[10:42:44]: log_breakpoint 
Debug[10:42:44]: 5 
Debug[10:42:44]: signal in logmode 
Debug[10:42:44]: "INF(10:42:44.877):Attempt" 
Debug[10:42:44]: log_breakpoint 
Debug[10:42:44]: 5 
Debug[10:42:45]: signal in logmode 
Debug[10:42:45]: "INF(10:42:45.186):Mode is OK" 
Debug[10:42:45]: log_breakpoint 
Debug[10:42:45]: 5 
Debug[10:42:45]: signal in logmode 
Debug[10:42:45]: "INF(10:42:45.190):Attempt" 
Debug[10:42:45]: log_breakpoint 
Debug[10:42:45]: 5 
Debug[10:42:45]: signal in logmode 
Debug[10:42:45]: "INF(10:42:45.345):Mode is OK" 
Debug[10:42:45]: log_breakpoint 
Debug[10:42:45]: 5 
Debug[10:42:45]: signal in logmode 
Debug[10:42:45]: "INF(10:42:45.348):Attempt" 
Debug[10:42:45]: log_breakpoint 
Debug[10:42:45]: 5 
Debug[10:42:45]: signal in logmode 
Debug[10:42:45]: "INF(10:42:45.654):Attempt" 
Debug[10:42:45]: log_breakpoint 
Debug[10:42:45]: 5 
Debug[10:42:45]: signal in logmode 
Debug[10:42:45]: "INF(10:42:45.968):Attempt" 
Debug[10:42:45]: log_breakpoint 
Debug[10:42:45]: 5 
Debug[10:42:46]: signal in logmode 
Debug[10:42:46]: "INF(10:42:46.280):Mode is OK" 
Debug[10:42:46]: log_breakpoint 
Debug[10:42:46]: 5 
Debug[10:42:46]: signal in logmode 
Debug[10:42:46]: "INF(10:42:46.286):Attempt" 
Debug[10:42:46]: log_breakpoint 
Debug[10:42:46]: 5 
Debug[10:42:46]: signal in logmode 
Debug[10:42:46]: "INF(10:42:46.610):Attempt" 
Debug[10:42:46]: log_breakpoint 
Debug[10:42:46]: 5 
Debug[10:42:46]: signal in logmode 
Debug[10:42:46]: "INF(10:42:46.919):Attempt" 
Debug[10:42:46]: log_breakpoint 
Debug[10:42:46]: 5 
Debug[10:42:47]: signal in logmode 
Debug[10:42:47]: "INF(10:42:47.232):Mode is OK" 
Debug[10:42:47]: log_breakpoint 
Debug[10:42:47]: 5 
Debug[10:42:47]: signal in logmode 
Debug[10:42:47]: "INF(10:42:47.240):Attempt" 
Debug[10:42:47]: log_breakpoint 
Debug[10:42:47]: 5 
Debug[10:42:47]: signal in logmode 
Debug[10:42:47]: "INF(10:42:47.555):Attempt" 
Debug[10:42:47]: log_breakpoint 
Debug[10:42:47]: 5 
Debug[10:42:47]: signal in logmode 
Debug[10:42:47]: "INF(10:42:47.866):Attempt" 
Debug[10:42:47]: log_breakpoint 
Debug[10:42:47]: 5 
Debug[10:42:48]: signal in logmode 
Debug[10:42:48]: "INF(10:42:48.178):Mode is OK" 
Debug[10:42:48]: log_breakpoint 
Debug[10:42:48]: 5 
Debug[10:42:48]: signal in logmode 
Debug[10:42:48]: "INF(10:42:48.183):Attempt" 
Debug[10:42:48]: log_breakpoint 
Debug[10:42:48]: 5 
Debug[10:42:48]: signal in logmode 
Debug[10:42:48]: "INF(10:42:48.491):Attempt" 
Debug[10:42:48]: log_breakpoint 
Debug[10:42:48]: 5 
Debug[10:42:48]: signal in logmode 
Debug[10:42:48]: "INF(10:42:48.803):Attempt" 
Debug[10:42:48]: log_breakpoint 
Debug[10:42:48]: 5 
Debug[10:43:42]: signal in logmode 
Debug[10:43:42]: "INF(10:43:42.945):Mode is OK" 
Debug[10:43:42]: log_breakpoint 
Debug[10:43:42]: 5 
Debug[10:43:42]: signal in logmode 
Debug[10:43:42]: "INF(10:43:42.955):Attempt" 
Debug[10:43:42]: log_breakpoint 
Debug[10:43:42]: 5 
Debug[10:43:43]: signal in logmode 
Debug[10:43:43]: "INF(10:43:43.274):Attempt" 
Debug[10:43:43]: log_breakpoint 
Debug[10:43:43]: 5 
Debug[10:43:43]: signal in logmode 
Debug[10:43:43]: "INF(10:43:43.598):Attempt" 
Debug[10:43:43]: log_breakpoint 
Debug[10:43:43]: 5 
Debug[10:43:43]: signal in logmode 
Debug[10:43:43]: "INF(10:43:43.910):Mode is OK" 
Debug[10:43:43]: log_breakpoint 
Debug[10:43:43]: 5 
Debug[10:43:43]: signal in logmode 
Debug[10:43:43]: "INF(10:43:43.919):Attempt" 
Debug[10:43:43]: log_breakpoint 
Debug[10:43:43]: 5 
Debug[10:43:44]: signal in logmode 
Debug[10:43:44]: "INF(10:43:44.238):Attempt" 
Debug[10:43:44]: log_breakpoint 
Debug[10:43:44]: 5 
Debug[10:43:44]: signal in logmode 
Debug[10:43:44]: "INF(10:43:44.549):Attempt" 
Debug[10:43:44]: log_breakpoint 
Debug[10:43:44]: 5 
Debug[10:43:44]: signal in logmode 
Debug[10:43:44]: "INF(10:43:44.861):Mode is OK" 
Debug[10:43:44]: log_breakpoint 
Debug[10:43:44]: 5 
Debug[10:43:44]: signal in logmode 
Debug[10:43:44]: "INF(10:43:44.870):Attempt" 
Debug[10:43:44]: log_breakpoint 
Debug[10:43:44]: 5 
Debug[10:43:44]: signal in logmode 
Debug[10:43:44]: "INF(10:43:44.908):RDUM master connected" 
Debug[10:43:44]: log_breakpoint 
Debug[10:43:44]: 5 
Debug[10:43:44]: signal in logmode 
Debug[10:43:44]: "INF(10:43:44.917):Connected to \\.\COM118" 
Debug[10:43:44]: log_breakpoint 
Debug[10:43:44]: 5 
Warning[10:43:44]: Could not parse stylesheet of widget 0x45b9548
Debug[10:43:44]: "Resume:Logs" 
Debug[10:43:44]: "Resume:Settings" 
Debug[10:43:44]: "Resume:UartUartController" 
Debug[10:43:44]: "Resume:UartSpiController" 
Debug[10:43:44]: "Resume:UartSsiController" 
Debug[10:43:44]: "Resume:DSI3Master" 
Debug[10:43:44]: "Resume:ASICMaster" 
Debug[10:43:44]: "Resume:RDUMMaster" 
Debug[10:43:44]: "Resume:DSI3Slave" 
Debug[10:43:45]: "Resume:Measurement" 
Debug[10:43:45]: "Resume:CFARsim" 
Debug[10:45:09]: "Suspend:Settings" 
Debug[10:45:09]: "Suspend:UartUartController" 
Debug[10:45:09]: "Suspend:UartSpiController" 
Debug[10:45:09]: "Suspend:UartSsiController" 
Debug[10:45:09]: "Suspend:DSI3Master" 
Debug[10:45:09]: "Suspend:ASICMaster" 
Debug[10:45:09]: "Suspend:RDUMMaster" 
Debug[10:45:09]: "Suspend:DSI3Slave" 
Debug[10:45:09]: "Suspend:Measurement" 
Debug[10:45:10]: "Suspend:CFARsim" 
Debug[10:45:10]: signal in logmode 
Debug[10:45:10]: "INF(10:45:10.004):Disconnect by user" 
Debug[10:45:10]: log_breakpoint 
Debug[10:45:10]: 5 
Debug[10:45:10]: signal in logmode 
Debug[10:45:10]: "INF(10:45:10.145):Disconnect by user" 
Debug[10:45:10]: log_breakpoint 
Debug[10:45:10]: 5 
Warning[10:47:01]: QObject::connect: Cannot connect LocalServer::log(int,QString) to (null)::slot_addLog(int,QString)
Debug[10:47:01]: LocalServer:new "\\.\pipe\DSI3PASd" 
Debug[10:47:01]: Register specific 
Debug[10:47:02]: DynScaleCaclulate 
Debug[10:47:03]: "init 2 UartUartController" 
Debug[10:47:03]: Ok 
Debug[10:47:03]: "init 3 UartSpiController" 
Debug[10:47:03]: Ok 
Debug[10:47:03]: "init 4 UartSsiController" 
Debug[10:47:03]: Ok 
Debug[10:47:03]: "init 5 DSI3Master" 
Debug[10:47:03]: Ok 
Debug[10:47:03]: "init 6 ASICMaster" 
Debug[10:47:03]: Ok 
Debug[10:47:03]: "init 7 RDUMMaster" 
Debug[10:47:03]: Ok 
Debug[10:47:03]: "init 8 DSI3Slave" 
Debug[10:47:05]: Ok 
Debug[10:47:05]: "init 9 Measurement" 
Debug[10:47:08]: Ok 
Debug[10:47:08]: "init 10 CFARsim" 
Debug[10:47:08]: Ok 
Debug[10:47:08]: Using SERPORT
Debug[10:47:08]: MainApp Starting... 
Debug[10:47:10]: Add applets to MainWindow...
 
Debug[10:47:10]: Initialize Connection... 
Debug[10:47:11]: signal in logmode 
Debug[10:47:11]: "INF(10:47:11.218):Mode is OK" 
Debug[10:47:11]: log_breakpoint 
Debug[10:47:11]: 5 
Debug[10:47:11]: signal in logmode 
Debug[10:47:11]: "INF(10:47:11.224):Attempt" 
Debug[10:47:11]: log_breakpoint 
Debug[10:47:11]: 5 
Debug[10:47:11]: signal in logmode 
Debug[10:47:11]: "INF(10:47:11.540):Attempt" 
Debug[10:47:11]: log_breakpoint 
Debug[10:47:11]: 5 
Debug[10:47:11]: signal in logmode 
Debug[10:47:11]: "INF(10:47:11.850):Attempt" 
Debug[10:47:11]: log_breakpoint 
Debug[10:47:11]: 5 
Debug[10:47:12]: signal in logmode 
Debug[10:47:12]: "INF(10:47:12.161):Mode is OK" 
Debug[10:47:12]: log_breakpoint 
Debug[10:47:12]: 5 
Debug[10:47:12]: signal in logmode 
Debug[10:47:12]: "INF(10:47:12.167):Attempt" 
Debug[10:47:12]: log_breakpoint 
Debug[10:47:12]: 5 
Debug[10:47:12]: signal in logmode 
Debug[10:47:12]: "INF(10:47:12.485):Attempt" 
Debug[10:47:12]: log_breakpoint 
Debug[10:47:12]: 5 
Debug[10:47:12]: signal in logmode 
Debug[10:47:12]: "INF(10:47:12.796):Attempt" 
Debug[10:47:12]: log_breakpoint 
Debug[10:47:12]: 5 
Debug[10:47:13]: signal in logmode 
Debug[10:47:13]: "INF(10:47:13.107):Mode is OK" 
Debug[10:47:13]: log_breakpoint 
Debug[10:47:13]: 5 
Debug[10:47:13]: signal in logmode 
Debug[10:47:13]: "INF(10:47:13.111):Attempt" 
Debug[10:47:13]: log_breakpoint 
Debug[10:47:13]: 5 
Debug[10:47:13]: signal in logmode 
Debug[10:47:13]: "INF(10:47:13.266):Mode is OK" 
Debug[10:47:13]: log_breakpoint 
Debug[10:47:13]: 5 
Debug[10:47:13]: signal in logmode 
Debug[10:47:13]: "INF(10:47:13.274):Attempt" 
Debug[10:47:13]: log_breakpoint 
Debug[10:47:13]: 5 
Debug[10:47:13]: signal in logmode 
Debug[10:47:13]: "INF(10:47:13.594):Attempt" 
Debug[10:47:13]: log_breakpoint 
Debug[10:47:13]: 5 
Debug[10:47:13]: signal in logmode 
Debug[10:47:13]: "INF(10:47:13.904):Attempt" 
Debug[10:47:13]: log_breakpoint 
Debug[10:47:13]: 5 
Debug[10:47:14]: signal in logmode 
Debug[10:47:14]: "INF(10:47:14.217):Mode is OK" 
Debug[10:47:14]: log_breakpoint 
Debug[10:47:14]: 5 
Debug[10:47:14]: signal in logmode 
Debug[10:47:14]: "INF(10:47:14.223):Attempt" 
Debug[10:47:14]: log_breakpoint 
Debug[10:47:14]: 5 
Debug[10:47:14]: signal in logmode 
Debug[10:47:14]: "INF(10:47:14.544):Attempt" 
Debug[10:47:14]: log_breakpoint 
Debug[10:47:14]: 5 
Debug[10:47:14]: signal in logmode 
Debug[10:47:14]: "INF(10:47:14.858):Attempt" 
Debug[10:47:14]: log_breakpoint 
Debug[10:47:14]: 5 
Debug[10:47:15]: signal in logmode 
Debug[10:47:15]: "INF(10:47:15.184):Mode is OK" 
Debug[10:47:15]: log_breakpoint 
Debug[10:47:15]: 5 
Debug[10:47:15]: signal in logmode 
Debug[10:47:15]: "INF(10:47:15.189):Attempt" 
Debug[10:47:15]: log_breakpoint 
Debug[10:47:15]: 5 
Debug[10:47:15]: signal in logmode 
Debug[10:47:15]: "INF(10:47:15.499):Attempt" 
Debug[10:47:15]: log_breakpoint 
Debug[10:47:15]: 5 
Debug[10:47:15]: signal in logmode 
Debug[10:47:15]: "INF(10:47:15.811):Attempt" 
Debug[10:47:15]: log_breakpoint 
Debug[10:47:15]: 5 
Debug[10:47:16]: signal in logmode 
Debug[10:47:16]: "INF(10:47:16.125):Mode is OK" 
Debug[10:47:16]: log_breakpoint 
Debug[10:47:16]: 5 
Debug[10:47:16]: signal in logmode 
Debug[10:47:16]: "INF(10:47:16.134):Attempt" 
Debug[10:47:16]: log_breakpoint 
Debug[10:47:16]: 5 
Debug[10:47:16]: signal in logmode 
Debug[10:47:16]: "INF(10:47:16.458):Attempt" 
Debug[10:47:16]: log_breakpoint 
Debug[10:47:16]: 5 
Debug[10:47:16]: signal in logmode 
Debug[10:47:16]: "INF(10:47:16.771):Attempt" 
Debug[10:47:16]: log_breakpoint 
Debug[10:47:16]: 5 
Debug[10:50:50]: signal in logmode 
Debug[10:50:50]: "INF(10:50:50.540):Mode is OK" 
Debug[10:50:50]: log_breakpoint 
Debug[10:50:50]: 5 
Debug[10:50:50]: signal in logmode 
Debug[10:50:50]: "INF(10:50:50.547):Attempt" 
Debug[10:50:50]: log_breakpoint 
Debug[10:50:50]: 5 
Debug[10:50:50]: signal in logmode 
Debug[10:50:50]: "INF(10:50:50.854):Attempt" 
Debug[10:50:50]: log_breakpoint 
Debug[10:50:50]: 5 
Debug[10:50:51]: signal in logmode 
Debug[10:50:51]: "INF(10:50:51.166):Attempt" 
Debug[10:50:51]: log_breakpoint 
Debug[10:50:51]: 5 
Debug[10:50:51]: signal in logmode 
Debug[10:50:51]: "INF(10:50:51.476):Mode is OK" 
Debug[10:50:51]: log_breakpoint 
Debug[10:50:51]: 5 
Debug[10:50:51]: signal in logmode 
Debug[10:50:51]: "INF(10:50:51.478):Attempt" 
Debug[10:50:51]: log_breakpoint 
Debug[10:50:51]: 5 
Debug[10:50:51]: signal in logmode 
Debug[10:50:51]: "INF(10:50:51.790):Attempt" 
Debug[10:50:51]: log_breakpoint 
Debug[10:50:51]: 5 
Debug[10:50:52]: signal in logmode 
Debug[10:50:52]: "INF(10:50:52.103):Attempt" 
Debug[10:50:52]: log_breakpoint 
Debug[10:50:52]: 5 
Debug[10:50:52]: signal in logmode 
Debug[10:50:52]: "INF(10:50:52.415):Mode is OK" 
Debug[10:50:52]: log_breakpoint 
Debug[10:50:52]: 5 
Debug[10:50:52]: signal in logmode 
Debug[10:50:52]: "INF(10:50:52.418):Attempt" 
Debug[10:50:52]: log_breakpoint 
Debug[10:50:52]: 5 
Debug[10:50:52]: signal in logmode 
Debug[10:50:52]: "INF(10:50:52.424):RDUM master connected" 
Debug[10:50:52]: log_breakpoint 
Debug[10:50:52]: 5 
Debug[10:50:52]: signal in logmode 
Debug[10:50:52]: "INF(10:50:52.429):Connected to \\.\COM118" 
Debug[10:50:52]: log_breakpoint 
Debug[10:50:52]: 5 
Warning[10:50:52]: Could not parse stylesheet of widget 0x498f1a0
Debug[10:50:52]: "Resume:Logs" 
Debug[10:50:52]: "Resume:Settings" 
Debug[10:50:52]: "Resume:UartUartController" 
Debug[10:50:52]: "Resume:UartSpiController" 
Debug[10:50:52]: "Resume:UartSsiController" 
Debug[10:50:52]: "Resume:DSI3Master" 
Debug[10:50:52]: "Resume:ASICMaster" 
Debug[10:50:52]: "Resume:RDUMMaster" 
Debug[10:50:52]: "Resume:DSI3Slave" 
Debug[10:50:52]: "Resume:Measurement" 
Debug[10:50:52]: "Resume:CFARsim" 
Debug[11:36:05]: "Suspend:Settings" 
Debug[11:36:05]: "Suspend:UartUartController" 
Debug[11:36:05]: "Suspend:UartSpiController" 
Debug[11:36:05]: "Suspend:UartSsiController" 
Debug[11:36:05]: "Suspend:DSI3Master" 
Debug[11:36:05]: "Suspend:ASICMaster" 
Debug[11:36:05]: "Suspend:RDUMMaster" 
Debug[11:36:05]: "Suspend:DSI3Slave" 
Debug[11:36:05]: "Suspend:Measurement" 
Debug[11:36:05]: "Suspend:CFARsim" 
Debug[11:36:05]: signal in logmode 
Debug[11:36:05]: "INF(11:36:05.900):Disconnect by user" 
Debug[11:36:05]: log_breakpoint 
Debug[11:36:05]: 5 
Debug[11:36:06]: signal in logmode 
Debug[11:36:06]: "INF(11:36:06.058):Disconnect by user" 
Debug[11:36:06]: log_breakpoint 
Debug[11:36:06]: 5 
Warning[11:45:58]: QObject::connect: Cannot connect LocalServer::log(int,QString) to (null)::slot_addLog(int,QString)
Debug[11:45:58]: LocalServer:new "\\.\pipe\DSI3PASd" 
Debug[11:45:58]: Register specific 
Debug[11:45:59]: DynScaleCaclulate 
Debug[11:46:00]: "init 2 UartUartController" 
Debug[11:46:00]: Ok 
Debug[11:46:00]: "init 3 UartSpiController" 
Debug[11:46:00]: Ok 
Debug[11:46:00]: "init 4 UartSsiController" 
Debug[11:46:00]: Ok 
Debug[11:46:00]: "init 5 DSI3Master" 
Debug[11:46:00]: Ok 
Debug[11:46:00]: "init 6 ASICMaster" 
Debug[11:46:00]: Ok 
Debug[11:46:00]: "init 7 RDUMMaster" 
Debug[11:46:00]: Ok 
Debug[11:46:00]: "init 8 DSI3Slave" 
Debug[11:46:02]: Ok 
Debug[11:46:02]: "init 9 Measurement" 
Debug[11:46:03]: Ok 
Debug[11:46:03]: "init 10 CFARsim" 
Debug[11:46:03]: Ok 
Debug[11:46:03]: Using SERPORT
Debug[11:46:03]: MainApp Starting... 
Debug[11:46:06]: Add applets to MainWindow...
 
Debug[11:46:06]: Initialize Connection... 
Debug[11:46:06]: signal in logmode 
Debug[11:46:06]: "INF(11:46:06.325):Mode is OK" 
Debug[11:46:06]: log_breakpoint 
Debug[11:46:06]: 5 
Debug[11:46:06]: signal in logmode 
Debug[11:46:06]: "INF(11:46:06.327):Attempt" 
Debug[11:46:06]: log_breakpoint 
Debug[11:46:06]: 5 
Debug[11:46:06]: signal in logmode 
Debug[11:46:06]: "INF(11:46:06.633):Attempt" 
Debug[11:46:06]: log_breakpoint 
Debug[11:46:06]: 5 
Debug[11:46:06]: signal in logmode 
Debug[11:46:06]: "INF(11:46:06.947):Attempt" 
Debug[11:46:06]: log_breakpoint 
Debug[11:46:06]: 5 
Debug[11:46:07]: signal in logmode 
Debug[11:46:07]: "INF(11:46:07.257):Mode is OK" 
Debug[11:46:07]: log_breakpoint 
Debug[11:46:07]: 5 
Debug[11:46:07]: signal in logmode 
Debug[11:46:07]: "INF(11:46:07.263):Attempt" 
Debug[11:46:07]: log_breakpoint 
Debug[11:46:07]: 5 
Debug[11:46:07]: signal in logmode 
Debug[11:46:07]: "INF(11:46:07.567):Attempt" 
Debug[11:46:07]: log_breakpoint 
Debug[11:46:07]: 5 
Debug[11:46:07]: signal in logmode 
Debug[11:46:07]: "INF(11:46:07.878):Attempt" 
Debug[11:46:07]: log_breakpoint 
Debug[11:46:07]: 5 
Debug[11:46:08]: signal in logmode 
Debug[11:46:08]: "INF(11:46:08.190):Mode is OK" 
Debug[11:46:08]: log_breakpoint 
Debug[11:46:08]: 5 
Debug[11:46:08]: signal in logmode 
Debug[11:46:08]: "INF(11:46:08.194):Attempt" 
Debug[11:46:08]: log_breakpoint 
Debug[11:46:08]: 5 
Debug[11:46:08]: signal in logmode 
Debug[11:46:08]: "INF(11:46:08.349):Mode is OK" 
Debug[11:46:08]: log_breakpoint 
Debug[11:46:08]: 5 
Debug[11:46:08]: signal in logmode 
Debug[11:46:08]: "INF(11:46:08.352):Attempt" 
Debug[11:46:08]: log_breakpoint 
Debug[11:46:08]: 5 
Debug[11:46:08]: signal in logmode 
Debug[11:46:08]: "INF(11:46:08.671):Attempt" 
Debug[11:46:08]: log_breakpoint 
Debug[11:46:08]: 5 
Debug[11:46:08]: signal in logmode 
Debug[11:46:08]: "INF(11:46:08.985):Attempt" 
Debug[11:46:08]: log_breakpoint 
Debug[11:46:08]: 5 
Debug[11:46:09]: signal in logmode 
Debug[11:46:09]: "INF(11:46:09.299):Mode is OK" 
Debug[11:46:09]: log_breakpoint 
Debug[11:46:09]: 5 
Debug[11:46:09]: signal in logmode 
Debug[11:46:09]: "INF(11:46:09.305):Attempt" 
Debug[11:46:09]: log_breakpoint 
Debug[11:46:09]: 5 
Debug[11:46:09]: signal in logmode 
Debug[11:46:09]: "INF(11:46:09.625):Attempt" 
Debug[11:46:09]: log_breakpoint 
Debug[11:46:09]: 5 
Debug[11:46:09]: signal in logmode 
Debug[11:46:09]: "INF(11:46:09.936):Attempt" 
Debug[11:46:09]: log_breakpoint 
Debug[11:46:09]: 5 
Debug[11:46:10]: signal in logmode 
Debug[11:46:10]: "INF(11:46:10.249):Mode is OK" 
Debug[11:46:10]: log_breakpoint 
Debug[11:46:10]: 5 
Debug[11:46:10]: signal in logmode 
Debug[11:46:10]: "INF(11:46:10.254):Attempt" 
Debug[11:46:10]: log_breakpoint 
Debug[11:46:10]: 5 
Debug[11:46:10]: signal in logmode 
Debug[11:46:10]: "INF(11:46:10.560):Attempt" 
Debug[11:46:10]: log_breakpoint 
Debug[11:46:10]: 5 
Debug[11:46:10]: signal in logmode 
Debug[11:46:10]: "INF(11:46:10.870):Attempt" 
Debug[11:46:10]: log_breakpoint 
Debug[11:46:10]: 5 
Debug[11:46:11]: signal in logmode 
Debug[11:46:11]: "INF(11:46:11.182):Mode is OK" 
Debug[11:46:11]: log_breakpoint 
Debug[11:46:11]: 5 
Debug[11:46:11]: signal in logmode 
Debug[11:46:11]: "INF(11:46:11.184):Attempt" 
Debug[11:46:11]: log_breakpoint 
Debug[11:46:11]: 5 
Debug[11:46:11]: signal in logmode 
Debug[11:46:11]: "INF(11:46:11.495):Attempt" 
Debug[11:46:11]: log_breakpoint 
Debug[11:46:11]: 5 
Debug[11:46:11]: signal in logmode 
Debug[11:46:11]: "INF(11:46:11.807):Attempt" 
Debug[11:46:11]: log_breakpoint 
Debug[11:46:11]: 5 
Debug[11:46:16]: signal in logmode 
Debug[11:46:16]: "INF(11:46:16.738):Mode is OK" 
Debug[11:46:16]: log_breakpoint 
Debug[11:46:16]: 5 
Debug[11:46:16]: signal in logmode 
Debug[11:46:16]: "INF(11:46:16.742):Attempt" 
Debug[11:46:16]: log_breakpoint 
Debug[11:46:16]: 5 
Debug[11:46:17]: signal in logmode 
Debug[11:46:17]: "INF(11:46:17.063):Attempt" 
Debug[11:46:17]: log_breakpoint 
Debug[11:46:17]: 5 
Debug[11:46:17]: signal in logmode 
Debug[11:46:17]: "INF(11:46:17.374):Attempt" 
Debug[11:46:17]: log_breakpoint 
Debug[11:46:17]: 5 
Debug[11:46:17]: signal in logmode 
Debug[11:46:17]: "INF(11:46:17.688):Mode is OK" 
Debug[11:46:17]: log_breakpoint 
Debug[11:46:17]: 5 
Debug[11:46:17]: signal in logmode 
Debug[11:46:17]: "INF(11:46:17.694):Attempt" 
Debug[11:46:17]: log_breakpoint 
Debug[11:46:17]: 5 
Debug[11:46:18]: signal in logmode 
Debug[11:46:18]: "INF(11:46:18.016):Attempt" 
Debug[11:46:18]: log_breakpoint 
Debug[11:46:18]: 5 
Debug[11:46:18]: signal in logmode 
Debug[11:46:18]: "INF(11:46:18.329):Attempt" 
Debug[11:46:18]: log_breakpoint 
Debug[11:46:18]: 5 
Debug[11:46:18]: signal in logmode 
Debug[11:46:18]: "INF(11:46:18.644):Mode is OK" 
Debug[11:46:18]: log_breakpoint 
Debug[11:46:18]: 5 
Debug[11:46:18]: signal in logmode 
Debug[11:46:18]: "INF(11:46:18.648):Attempt" 
Debug[11:46:18]: log_breakpoint 
Debug[11:46:18]: 5 
Debug[11:46:18]: signal in logmode 
Debug[11:46:18]: "INF(11:46:18.656):RDUM master connected" 
Debug[11:46:18]: log_breakpoint 
Debug[11:46:18]: 5 
Debug[11:46:18]: signal in logmode 
Debug[11:46:18]: "INF(11:46:18.662):Connected to \\.\COM118" 
Debug[11:46:18]: log_breakpoint 
Debug[11:46:18]: 5 
Warning[11:46:18]: Could not parse stylesheet of widget 0x47edd00
Debug[11:46:18]: "Resume:Logs" 
Debug[11:46:18]: "Resume:Settings" 
Debug[11:46:18]: "Resume:UartUartController" 
Debug[11:46:18]: "Resume:UartSpiController" 
Debug[11:46:18]: "Resume:UartSsiController" 
Debug[11:46:18]: "Resume:DSI3Master" 
Debug[11:46:18]: "Resume:ASICMaster" 
Debug[11:46:18]: "Resume:RDUMMaster" 
Debug[11:46:18]: "Resume:DSI3Slave" 
Debug[11:46:18]: "Resume:Measurement" 
Debug[11:46:18]: "Resume:CFARsim" 
Debug[11:59:02]: "Suspend:Settings" 
Debug[11:59:02]: "Suspend:UartUartController" 
Debug[11:59:02]: "Suspend:UartSpiController" 
Debug[11:59:02]: "Suspend:UartSsiController" 
Debug[11:59:02]: "Suspend:DSI3Master" 
Debug[11:59:02]: "Suspend:ASICMaster" 
Debug[11:59:02]: "Suspend:RDUMMaster" 
Debug[11:59:02]: "Suspend:DSI3Slave" 
Debug[11:59:02]: "Suspend:Measurement" 
Debug[11:59:02]: "Suspend:CFARsim" 
Debug[11:59:02]: signal in logmode 
Debug[11:59:02]: "INF(11:59:02.893):Disconnect by user" 
Debug[11:59:02]: log_breakpoint 
Debug[11:59:02]: 5 
Debug[11:59:03]: signal in logmode 
Debug[11:59:03]: "INF(11:59:03.048):Disconnect by user" 
Debug[11:59:03]: log_breakpoint 
Debug[11:59:03]: 5 
Warning[13:41:04]: QObject::connect: Cannot connect LocalServer::log(int,QString) to (null)::slot_addLog(int,QString)
Debug[13:41:04]: LocalServer:new "\\.\pipe\DSI3PASd" 
Debug[13:41:04]: Register specific 
Debug[13:41:06]: DynScaleCaclulate 
Debug[13:41:06]: "init 2 UartUartController" 
Debug[13:41:06]: Ok 
Debug[13:41:06]: "init 3 UartSpiController" 
Debug[13:41:06]: Ok 
Debug[13:41:06]: "init 4 UartSsiController" 
Debug[13:41:06]: Ok 
Debug[13:41:06]: "init 5 DSI3Master" 
Debug[13:41:06]: Ok 
Debug[13:41:06]: "init 6 ASICMaster" 
Debug[13:41:06]: Ok 
Debug[13:41:06]: "init 7 RDUMMaster" 
Debug[13:41:06]: Ok 
Debug[13:41:06]: "init 8 DSI3Slave" 
Debug[13:41:08]: Ok 
Debug[13:41:08]: "init 9 Measurement" 
Debug[13:41:09]: Ok 
Debug[13:41:09]: "init 10 CFARsim" 
Debug[13:41:09]: Ok 
Debug[13:41:09]: Using SERPORT
Debug[13:41:09]: MainApp Starting... 
Debug[13:41:11]: Add applets to MainWindow...
 
Debug[13:41:11]: Initialize Connection... 
Debug[13:41:12]: signal in logmode 
Debug[13:41:12]: "INF(13:41:12.250):Mode is OK" 
Debug[13:41:12]: log_breakpoint 
Debug[13:41:12]: 5 
Debug[13:41:12]: signal in logmode 
Debug[13:41:12]: "INF(13:41:12.254):Attempt" 
Debug[13:41:12]: log_breakpoint 
Debug[13:41:12]: 5 
Debug[13:41:12]: signal in logmode 
Debug[13:41:12]: "INF(13:41:12.577):Attempt" 
Debug[13:41:12]: log_breakpoint 
Debug[13:41:12]: 5 
Debug[13:41:12]: signal in logmode 
Debug[13:41:12]: "INF(13:41:12.884):Attempt" 
Debug[13:41:12]: log_breakpoint 
Debug[13:41:12]: 5 
Debug[13:41:13]: signal in logmode 
Debug[13:41:13]: "INF(13:41:13.196):Mode is OK" 
Debug[13:41:13]: log_breakpoint 
Debug[13:41:13]: 5 
Debug[13:41:13]: signal in logmode 
Debug[13:41:13]: "INF(13:41:13.203):Attempt" 
Debug[13:41:13]: log_breakpoint 
Debug[13:41:13]: 5 
Debug[13:41:13]: signal in logmode 
Debug[13:41:13]: "INF(13:41:13.525):Attempt" 
Debug[13:41:13]: log_breakpoint 
Debug[13:41:13]: 5 
Debug[13:41:13]: signal in logmode 
Debug[13:41:13]: "INF(13:41:13.835):Attempt" 
Debug[13:41:13]: log_breakpoint 
Debug[13:41:13]: 5 
Debug[13:41:14]: signal in logmode 
Debug[13:41:14]: "INF(13:41:14.146):Mode is OK" 
Debug[13:41:14]: log_breakpoint 
Debug[13:41:14]: 5 
Debug[13:41:14]: signal in logmode 
Debug[13:41:14]: "INF(13:41:14.151):Attempt" 
Debug[13:41:14]: log_breakpoint 
Debug[13:41:14]: 5 
Debug[13:41:14]: signal in logmode 
Debug[13:41:14]: "INF(13:41:14.312):Mode is OK" 
Debug[13:41:14]: log_breakpoint 
Debug[13:41:14]: 5 
Debug[13:41:14]: signal in logmode 
Debug[13:41:14]: "INF(13:41:14.316):Attempt" 
Debug[13:41:14]: log_breakpoint 
Debug[13:41:14]: 5 
Debug[13:41:14]: signal in logmode 
Debug[13:41:14]: "INF(13:41:14.634):Attempt" 
Debug[13:41:14]: log_breakpoint 
Debug[13:41:14]: 5 
Debug[13:41:14]: signal in logmode 
Debug[13:41:14]: "INF(13:41:14.950):Attempt" 
Debug[13:41:14]: log_breakpoint 
Debug[13:41:14]: 5 
Debug[13:41:15]: signal in logmode 
Debug[13:41:15]: "INF(13:41:15.273):Mode is OK" 
Debug[13:41:15]: log_breakpoint 
Debug[13:41:15]: 5 
Debug[13:41:15]: signal in logmode 
Debug[13:41:15]: "INF(13:41:15.274):Attempt" 
Debug[13:41:15]: log_breakpoint 
Debug[13:41:15]: 5 
Debug[13:41:15]: signal in logmode 
Debug[13:41:15]: "INF(13:41:15.591):Attempt" 
Debug[13:41:15]: log_breakpoint 
Debug[13:41:15]: 5 
Debug[13:41:15]: signal in logmode 
Debug[13:41:15]: "INF(13:41:15.915):Attempt" 
Debug[13:41:15]: log_breakpoint 
Debug[13:41:15]: 5 
Debug[13:41:16]: signal in logmode 
Debug[13:41:16]: "INF(13:41:16.236):Mode is OK" 
Debug[13:41:16]: log_breakpoint 
Debug[13:41:16]: 5 
Debug[13:41:16]: signal in logmode 
Debug[13:41:16]: "INF(13:41:16.240):Attempt" 
Debug[13:41:16]: log_breakpoint 
Debug[13:41:16]: 5 
Debug[13:41:16]: signal in logmode 
Debug[13:41:16]: "INF(13:41:16.550):Attempt" 
Debug[13:41:16]: log_breakpoint 
Debug[13:41:16]: 5 
Debug[13:41:16]: signal in logmode 
Debug[13:41:16]: "INF(13:41:16.861):Attempt" 
Debug[13:41:16]: log_breakpoint 
Debug[13:41:16]: 5 
Debug[13:41:17]: signal in logmode 
Debug[13:41:17]: "INF(13:41:17.172):Mode is OK" 
Debug[13:41:17]: log_breakpoint 
Debug[13:41:17]: 5 
Debug[13:41:17]: signal in logmode 
Debug[13:41:17]: "INF(13:41:17.175):Attempt" 
Debug[13:41:17]: log_breakpoint 
Debug[13:41:17]: 5 
Debug[13:41:17]: signal in logmode 
Debug[13:41:17]: "INF(13:41:17.484):Attempt" 
Debug[13:41:17]: log_breakpoint 
Debug[13:41:17]: 5 
Debug[13:41:17]: signal in logmode 
Debug[13:41:17]: "INF(13:41:17.796):Attempt" 
Debug[13:41:17]: log_breakpoint 
Debug[13:41:17]: 5 
Debug[13:41:24]: signal in logmode 
Debug[13:41:24]: "INF(13:41:24.006):Mode is OK" 
Debug[13:41:24]: log_breakpoint 
Debug[13:41:24]: 5 
Debug[13:41:24]: signal in logmode 
Debug[13:41:24]: "INF(13:41:24.009):Attempt" 
Debug[13:41:24]: log_breakpoint 
Debug[13:41:24]: 5 
Debug[13:41:24]: signal in logmode 
Debug[13:41:24]: "INF(13:41:24.315):Attempt" 
Debug[13:41:24]: log_breakpoint 
Debug[13:41:24]: 5 
Debug[13:41:24]: signal in logmode 
Debug[13:41:24]: "INF(13:41:24.625):Attempt" 
Debug[13:41:24]: log_breakpoint 
Debug[13:41:24]: 5 
Debug[13:41:24]: signal in logmode 
Debug[13:41:24]: "INF(13:41:24.939):Mode is OK" 
Debug[13:41:24]: log_breakpoint 
Debug[13:41:24]: 5 
Debug[13:41:24]: signal in logmode 
Debug[13:41:24]: "INF(13:41:24.943):Attempt" 
Debug[13:41:24]: log_breakpoint 
Debug[13:41:24]: 5 
Debug[13:41:25]: signal in logmode 
Debug[13:41:25]: "INF(13:41:25.253):Attempt" 
Debug[13:41:25]: log_breakpoint 
Debug[13:41:25]: 5 
Debug[13:41:25]: signal in logmode 
Debug[13:41:25]: "INF(13:41:25.568):Attempt" 
Debug[13:41:25]: log_breakpoint 
Debug[13:41:25]: 5 
Debug[13:41:25]: signal in logmode 
Debug[13:41:25]: "INF(13:41:25.879):Mode is OK" 
Debug[13:41:25]: log_breakpoint 
Debug[13:41:25]: 5 
Debug[13:41:25]: signal in logmode 
Debug[13:41:25]: "INF(13:41:25.883):Attempt" 
Debug[13:41:25]: log_breakpoint 
Debug[13:41:25]: 5 
Debug[13:41:25]: signal in logmode 
Debug[13:41:25]: "INF(13:41:25.889):RDUM master connected" 
Debug[13:41:25]: log_breakpoint 
Debug[13:41:25]: 5 
Debug[13:41:25]: signal in logmode 
Debug[13:41:25]: "INF(13:41:25.893):Connected to \\.\COM118" 
Debug[13:41:25]: log_breakpoint 
Debug[13:41:25]: 5 
Warning[13:41:25]: Could not parse stylesheet of widget 0x48cb858
Debug[13:41:25]: "Resume:Logs" 
Debug[13:41:25]: "Resume:Settings" 
Debug[13:41:25]: "Resume:UartUartController" 
Debug[13:41:25]: "Resume:UartSpiController" 
Debug[13:41:25]: "Resume:UartSsiController" 
Debug[13:41:25]: "Resume:DSI3Master" 
Debug[13:41:25]: "Resume:ASICMaster" 
Debug[13:41:25]: "Resume:RDUMMaster" 
Debug[13:41:25]: "Resume:DSI3Slave" 
Debug[13:41:25]: "Resume:Measurement" 
Debug[13:41:25]: "Resume:CFARsim" 
Debug[13:48:39]: "Suspend:Settings" 
Debug[13:48:39]: "Suspend:UartUartController" 
Debug[13:48:39]: "Suspend:UartSpiController" 
Debug[13:48:39]: "Suspend:UartSsiController" 
Debug[13:48:39]: "Suspend:DSI3Master" 
Debug[13:48:39]: "Suspend:ASICMaster" 
Debug[13:48:39]: "Suspend:RDUMMaster" 
Debug[13:48:39]: "Suspend:DSI3Slave" 
Debug[13:48:39]: "Suspend:Measurement" 
Debug[13:48:39]: "Suspend:CFARsim" 
Debug[13:48:39]: signal in logmode 
Debug[13:48:39]: "INF(13:48:39.131):Disconnect by user" 
Debug[13:48:39]: log_breakpoint 
Debug[13:48:39]: 5 
Debug[13:48:39]: signal in logmode 
Debug[13:48:39]: "INF(13:48:39.294):Disconnect by user" 
Debug[13:48:39]: log_breakpoint 
Debug[13:48:39]: 5 
Warning[15:04:46]: QObject::connect: Cannot connect LocalServer::log(int,QString) to (null)::slot_addLog(int,QString)
Debug[15:54:09]: LocalServer:new "\\.\pipe\hh" 
Debug[15:54:09]: Register specific 
Debug[15:54:10]: DynScaleCaclulate 
Debug[15:54:10]: "init 2 UartUartController" 
Debug[15:54:10]: Ok 
Debug[15:54:10]: "init 3 UartSpiController" 
Debug[15:54:10]: Ok 
Debug[15:54:10]: "init 4 UartSsiController" 
Debug[15:54:10]: Ok 
Debug[15:54:10]: "init 5 DSI3Master" 
Debug[15:54:10]: Ok 
Debug[15:54:10]: "init 6 ASICMaster" 
Debug[15:54:10]: Ok 
Debug[15:54:10]: "init 7 RDUMMaster" 
Debug[15:54:10]: Ok 
Debug[15:54:10]: "init 8 DSI3Slave" 
Debug[15:54:11]: Ok 
Debug[15:54:11]: "init 9 Measurement" 
Debug[15:54:12]: Ok 
Debug[15:54:12]: "init 10 CFARsim" 
Debug[15:54:12]: Ok 
Debug[15:54:12]: MainApp Starting... 
Debug[15:54:13]: Add applets to MainWindow...
 
Debug[15:54:13]: Initialize Connection... 
Debug[15:54:13]: signal in logmode 
Debug[15:54:13]: "INF(15:54:13.733):Mode is OK" 
Debug[15:54:13]: log_breakpoint 
Debug[15:54:13]: 5 
Debug[15:54:13]: signal in logmode 
Debug[15:54:13]: "INF(15:54:13.738):Attempt" 
Debug[15:54:13]: log_breakpoint 
Debug[15:54:13]: 5 
Debug[15:54:14]: signal in logmode 
Debug[15:54:14]: "INF(15:54:14.059):Attempt" 
Debug[15:54:14]: log_breakpoint 
Debug[15:54:14]: 5 
Debug[15:54:14]: signal in logmode 
Debug[15:54:14]: "INF(15:54:14.371):Attempt" 
Debug[15:54:14]: log_breakpoint 
Debug[15:54:14]: 5 
Debug[15:54:14]: signal in logmode 
Debug[15:54:14]: "INF(15:54:14.681):Mode is OK" 
Debug[15:54:14]: log_breakpoint 
Debug[15:54:14]: 5 
Debug[15:54:14]: signal in logmode 
Debug[15:54:14]: "INF(15:54:14.684):Attempt" 
Debug[15:54:14]: log_breakpoint 
Debug[15:54:14]: 5 
Debug[15:54:14]: signal in logmode 
Debug[15:54:14]: "INF(15:54:14.998):Attempt" 
Debug[15:54:15]: log_breakpoint 
Debug[15:54:15]: 5 
Debug[15:54:15]: signal in logmode 
Debug[15:54:15]: "INF(15:54:15.322):Attempt" 
Debug[15:54:15]: log_breakpoint 
Debug[15:54:15]: 5 
Debug[15:54:15]: signal in logmode 
Debug[15:54:15]: "INF(15:54:15.634):Mode is OK" 
Debug[15:54:15]: log_breakpoint 
Debug[15:54:15]: 5 
Debug[15:54:15]: signal in logmode 
Debug[15:54:15]: "INF(15:54:15.637):Attempt" 
Debug[15:54:15]: log_breakpoint 
Debug[15:54:15]: 5 
Debug[15:54:15]: signal in logmode 
Debug[15:54:15]: "INF(15:54:15.943):Attempt" 
Debug[15:54:15]: log_breakpoint 
Debug[15:54:15]: 5 
Debug[15:54:16]: signal in logmode 
Debug[15:54:16]: "INF(15:54:16.255):Attempt" 
Debug[15:54:16]: log_breakpoint 
Debug[15:54:16]: 5 
Debug[15:54:16]: signal in logmode 
Debug[15:54:16]: "INF(15:54:16.563):Mode is OK" 
Debug[15:54:16]: log_breakpoint 
Debug[15:54:16]: 5 
Debug[15:54:16]: signal in logmode 
Debug[15:54:16]: "INF(15:54:16.568):Attempt" 
Debug[15:54:16]: log_breakpoint 
Debug[15:54:16]: 5 
Debug[15:54:16]: signal in logmode 
Debug[15:54:16]: "INF(15:54:16.873):Attempt" 
Debug[15:54:16]: log_breakpoint 
Debug[15:54:16]: 5 
Debug[15:54:17]: signal in logmode 
Debug[15:54:17]: "INF(15:54:17.187):Attempt" 
Debug[15:54:17]: log_breakpoint 
Debug[15:54:17]: 5 
Debug[15:55:20]: signal in logmode 
Debug[15:55:20]: "INF(15:55:20.758):Disconnect by user" 
Debug[15:55:20]: log_breakpoint 
Debug[15:55:20]: 5 
Debug[15:55:20]: signal in logmode 
Debug[15:55:20]: "INF(15:55:20.790):Disconnect by user" 
Debug[15:55:20]: log_breakpoint 
Debug[15:55:20]: 5 
Warning[16:07:05]: QObject::connect: Cannot connect LocalServer::log(int,QString) to (null)::slot_addLog(int,QString)
Debug[16:07:05]: LocalServer:new "\\.\pipe\DSI3PAS" 
Debug[16:07:05]: Register specific 
Debug[16:07:06]: DynScaleCaclulate 
Debug[16:07:06]: "init 2 UartUartController" 
Debug[16:07:06]: Ok 
Debug[16:07:06]: "init 3 UartSpiController" 
Debug[16:07:06]: Ok 
Debug[16:07:06]: "init 4 UartSsiController" 
Debug[16:07:06]: Ok 
Debug[16:07:06]: "init 5 DSI3Master" 
Debug[16:07:06]: Ok 
Debug[16:07:06]: "init 6 ASICMaster" 
Debug[16:07:06]: Ok 
Debug[16:07:06]: "init 7 RDUMMaster" 
Debug[16:07:06]: Ok 
Debug[16:07:06]: "init 8 DSI3Slave" 
Debug[16:07:07]: Ok 
Debug[16:07:07]: "init 9 Measurement" 
Debug[16:07:08]: Ok 
Debug[16:07:08]: "init 10 CFARsim" 
Debug[16:07:08]: Ok 
Debug[16:07:08]: MainApp Starting... 
Debug[16:07:09]: Add applets to MainWindow...
 
Debug[16:07:09]: Initialize Connection... 
Debug[16:07:42]: signal in logmode 
Debug[16:07:42]: "INF(16:07:42.284):Disconnect by user" 
Debug[16:07:42]: log_breakpoint 
Debug[16:07:42]: 5 
Debug[16:07:42]: signal in logmode 
Debug[16:07:42]: "INF(16:07:42.337):Disconnect by user" 
Debug[16:07:42]: log_breakpoint 
Debug[16:07:42]: 5 
