Warning[14:00:36]: QObject::connect: Cannot connect LocalServer::log(int,QString) to (null)::slot_addLog(int,QString)
Debug[14:00:36]: LocalServer:new "\\.\pipe\DSI3PAS" 
Debug[14:00:36]: Register specific 
Debug[14:00:37]: DynScaleCaclulate 
Debug[14:00:37]: "init 2 UartUartController" 
Debug[14:00:37]: Ok 
Debug[14:00:37]: "init 3 UartSpiController" 
Debug[14:00:37]: Ok 
Debug[14:00:37]: "init 4 UartSsiController" 
Debug[14:00:37]: Ok 
Debug[14:00:37]: "init 5 DSI3Master" 
Debug[14:00:37]: Ok 
Debug[14:00:37]: "init 6 ASICMaster" 
Debug[14:00:37]: Ok 
Debug[14:00:37]: "init 7 RDUMMaster" 
Debug[14:00:37]: Ok 
Debug[14:00:37]: "init 8 DSI3Slave" 
Debug[14:00:38]: Ok 
Debug[14:00:38]: "init 9 Measurement" 
Debug[14:00:39]: Ok 
Debug[14:00:39]: "init 10 CFARsim" 
Debug[14:00:39]: Ok 
Debug[14:00:39]: MainApp Starting... 
Debug[14:00:40]: Add applets to MainWindow...
 
Debug[14:00:40]: Initialize Connection... 
Debug[14:00:49]: signal in logmode 
Debug[14:00:49]: "INF(14:00:49.303):Connected to no_board" 
Debug[14:00:49]: log_breakpoint 
Debug[14:00:49]: 5 
Warning[14:00:49]: Could not parse stylesheet of widget 0x2abdff8
Debug[14:00:49]: "Resume:Logs" 
Debug[14:00:49]: "Resume:Settings" 
Debug[14:00:49]: "Resume:UartUartController" 
Debug[14:00:49]: "Resume:UartSpiController" 
Debug[14:00:49]: "Resume:UartSsiController" 
Debug[14:00:49]: "Resume:DSI3Master" 
Debug[14:00:49]: "Resume:ASICMaster" 
Debug[14:00:49]: "Resume:RDUMMaster" 
Debug[14:00:49]: "Resume:DSI3Slave" 
Debug[14:00:49]: "Resume:Measurement" 
Debug[14:00:49]: "Resume:CFARsim" 
Debug[14:01:33]: "Suspend:Settings" 
Debug[14:01:33]: "Suspend:UartUartController" 
Debug[14:01:33]: "Suspend:UartSpiController" 
Debug[14:01:33]: "Suspend:UartSsiController" 
Debug[14:01:33]: "Suspend:DSI3Master" 
Debug[14:01:33]: "Suspend:ASICMaster" 
Debug[14:01:33]: "Suspend:RDUMMaster" 
Debug[14:01:33]: "Suspend:DSI3Slave" 
Debug[14:01:33]: "Suspend:Measurement" 
Debug[14:01:33]: "Suspend:CFARsim" 
Debug[14:01:33]: signal in logmode 
Debug[14:01:33]: "INF(14:01:33.777):Disconnect by user" 
Debug[14:01:33]: log_breakpoint 
Debug[14:01:33]: 5 
Debug[14:01:33]: signal in logmode 
Debug[14:01:33]: "INF(14:01:33.807):Disconnect by user" 
Debug[14:01:33]: log_breakpoint 
Debug[14:01:33]: 5 
Warning[14:02:12]: QObject::connect: Cannot connect LocalServer::log(int,QString) to (null)::slot_addLog(int,QString)
Debug[14:02:17]: LocalServer:new "\\.\pipe\hhh" 
Debug[14:02:17]: Register specific 
Debug[14:02:18]: DynScaleCaclulate 
Debug[14:02:18]: "init 2 UartUartController" 
Debug[14:02:18]: Ok 
Debug[14:02:18]: "init 3 UartSpiController" 
Debug[14:02:18]: Ok 
Debug[14:02:18]: "init 4 UartSsiController" 
Debug[14:02:18]: Ok 
Debug[14:02:18]: "init 5 DSI3Master" 
Debug[14:02:18]: Ok 
Debug[14:02:18]: "init 6 ASICMaster" 
Debug[14:02:18]: Ok 
Debug[14:02:18]: "init 7 RDUMMaster" 
Debug[14:02:18]: Ok 
Debug[14:02:18]: "init 8 DSI3Slave" 
Debug[14:02:19]: Ok 
Debug[14:02:19]: "init 9 Measurement" 
Debug[14:02:20]: Ok 
Debug[14:02:20]: "init 10 CFARsim" 
Debug[14:02:20]: Ok 
Debug[14:02:20]: MainApp Starting... 
Debug[14:02:21]: Add applets to MainWindow...
 
Debug[14:02:21]: Initialize Connection... 
Debug[14:02:24]: signal in logmode 
Debug[14:02:24]: "INF(14:02:24.513):Connected to no_board" 
Debug[14:02:24]: log_breakpoint 
Debug[14:02:24]: 5 
Warning[14:02:24]: Could not parse stylesheet of widget 0x490f530
Debug[14:02:24]: "Resume:Logs" 
Debug[14:02:24]: "Resume:Settings" 
Debug[14:02:24]: "Resume:UartUartController" 
Debug[14:02:24]: "Resume:UartSpiController" 
Debug[14:02:24]: "Resume:UartSsiController" 
Debug[14:02:24]: "Resume:DSI3Master" 
Debug[14:02:24]: "Resume:ASICMaster" 
Debug[14:02:24]: "Resume:RDUMMaster" 
Debug[14:02:24]: "Resume:DSI3Slave" 
Debug[14:02:24]: "Resume:Measurement" 
Debug[14:02:24]: "Resume:CFARsim" 
Debug[18:04:12]: "Suspend:Settings" 
Debug[18:04:12]: "Suspend:UartUartController" 
Debug[18:04:12]: "Suspend:UartSpiController" 
Debug[18:04:12]: "Suspend:UartSsiController" 
Debug[18:04:12]: "Suspend:DSI3Master" 
Debug[18:04:12]: "Suspend:ASICMaster" 
Debug[18:04:12]: "Suspend:RDUMMaster" 
Debug[18:04:12]: "Suspend:DSI3Slave" 
Debug[18:04:12]: "Suspend:Measurement" 
Debug[18:04:12]: "Suspend:CFARsim" 
Debug[18:04:12]: signal in logmode 
Debug[18:04:12]: "INF(18:04:12.188):Disconnect by user" 
Debug[18:04:12]: log_breakpoint 
Debug[18:04:12]: 5 
Debug[18:04:12]: signal in logmode 
Debug[18:04:12]: "INF(18:04:12.232):Disconnect by user" 
Debug[18:04:12]: log_breakpoint 
Debug[18:04:12]: 5 
