Warning[15:46:11]: QObject::connect: Cannot connect LocalServer::log(int,QString) to (null)::slot_addLog(int,QString)
Debug[15:46:11]: LocalServer:new "\\.\pipe\DSI3PAS" 
Debug[15:46:11]: Register specific 
Debug[15:46:12]: DynScaleCaclulate 
Debug[15:46:12]: "init 2 UartUartController" 
Debug[15:46:12]: Ok 
Debug[15:46:12]: "init 3 UartSpiController" 
Debug[15:46:12]: Ok 
Debug[15:46:12]: "init 4 UartSsiController" 
Debug[15:46:12]: Ok 
Debug[15:46:12]: "init 5 DSI3Master" 
Debug[15:46:12]: Ok 
Debug[15:46:12]: "init 6 ASICMaster" 
Debug[15:46:12]: Ok 
Debug[15:46:12]: "init 7 RDUMMaster" 
Debug[15:46:12]: Ok 
Debug[15:46:12]: "init 8 DSI3Slave" 
Debug[15:46:13]: Ok 
Debug[15:46:13]: "init 9 Measurement" 
Debug[15:46:14]: Ok 
Debug[15:46:14]: "init 10 CFARsim" 
Debug[15:46:14]: Ok 
Debug[15:46:14]: MainApp Starting... 
Debug[15:46:14]: Add applets to MainWindow...
 
Debug[15:46:14]: Initialize Connection... 
Warning[15:46:14]: QFileSystemWatcher: failed to add paths: C:/REPO/DSI3PAS2_workingdir/DSI3PAS2/Software/bin/ULSEverification_configfiles, C:/REPO/DSI3PAS2_workingdir/DSI3PAS2/Software/bin/ConfigFiles_29_1_2021_Jiri_MOBIS, C:/Users/fg6cnq/Desktop/DSI3PAS2_UART_QtSW_20210129_1511, C:/Users/zbdn9w/Desktop/Temp/CFAR QT uprava ToF, C:/Users/zbdn9w/Desktop/Temp/CFAR QT Komprimace do CSV, U:/Dokumenty/MOBIS/Crosstalk 11-2021, S:/DBartos/P516/MOBIS demo comparison dual channel moving complex obstacle
Debug[15:47:05]: Initialize Connection... 
Debug[15:47:05]: signal in logmode 
Debug[15:47:05]: "INF(15:47:05.406):Mode is OK" 
Debug[15:47:05]: log_breakpoint 
Debug[15:47:05]: 5 
Debug[15:47:05]: signal in logmode 
Debug[15:47:05]: "INF(15:47:05.409):Attempt" 
Debug[15:47:05]: log_breakpoint 
Debug[15:47:05]: 5 
Debug[15:47:05]: signal in logmode 
Debug[15:47:05]: "INF(15:47:05.563):Mode is OK" 
Debug[15:47:05]: log_breakpoint 
Debug[15:47:05]: 5 
Debug[15:47:05]: signal in logmode 
Debug[15:47:05]: "INF(15:47:05.566):Attempt" 
Debug[15:47:05]: log_breakpoint 
Debug[15:47:05]: 5 
Debug[15:47:05]: signal in logmode 
Debug[15:47:05]: "INF(15:47:05.871):Attempt" 
Debug[15:47:05]: log_breakpoint 
Debug[15:47:05]: 5 
Debug[15:47:06]: signal in logmode 
Debug[15:47:06]: "INF(15:47:06.183):Attempt" 
Debug[15:47:06]: log_breakpoint 
Debug[15:47:06]: 5 
Debug[15:47:06]: signal in logmode 
Debug[15:47:06]: "INF(15:47:06.493):Mode is OK" 
Debug[15:47:06]: log_breakpoint 
Debug[15:47:06]: 5 
Debug[15:47:06]: signal in logmode 
Debug[15:47:06]: "INF(15:47:06.495):Attempt" 
Debug[15:47:06]: log_breakpoint 
Debug[15:47:06]: 5 
Debug[15:47:06]: signal in logmode 
Debug[15:47:06]: "INF(15:47:06.809):Attempt" 
Debug[15:47:06]: log_breakpoint 
Debug[15:47:06]: 5 
Debug[15:47:07]: signal in logmode 
Debug[15:47:07]: "INF(15:47:07.121):Attempt" 
Debug[15:47:07]: log_breakpoint 
Debug[15:47:07]: 5 
Debug[15:47:07]: signal in logmode 
Debug[15:47:07]: "INF(15:47:07.435):Mode is OK" 
Debug[15:47:07]: log_breakpoint 
Debug[15:47:07]: 5 
Debug[15:47:07]: signal in logmode 
Debug[15:47:07]: "INF(15:47:07.441):Attempt" 
Debug[15:47:07]: log_breakpoint 
Debug[15:47:07]: 5 
Debug[15:47:07]: signal in logmode 
Debug[15:47:07]: "INF(15:47:07.764):Attempt" 
Debug[15:47:07]: log_breakpoint 
Debug[15:47:07]: 5 
Debug[15:47:08]: signal in logmode 
Debug[15:47:08]: "INF(15:47:08.077):Attempt" 
Debug[15:47:08]: log_breakpoint 
Debug[15:47:08]: 5 
Debug[15:47:09]: signal in logmode 
Debug[15:47:09]: "INF(15:47:09.611):Mode is OK" 
Debug[15:47:09]: log_breakpoint 
Debug[15:47:09]: 5 
Debug[15:47:09]: signal in logmode 
Debug[15:47:09]: "INF(15:47:09.616):Attempt" 
Debug[15:47:09]: log_breakpoint 
Debug[15:47:09]: 5 
Debug[15:47:09]: signal in logmode 
Debug[15:47:09]: "INF(15:47:09.624):ASIC master connected" 
Debug[15:47:09]: log_breakpoint 
Debug[15:47:09]: 5 
Debug[15:47:09]: signal in logmode 
Debug[15:47:09]: "INF(15:47:09.631):Connected to \\.\COM58" 
Debug[15:47:09]: log_breakpoint 
Debug[15:47:09]: 5 
Warning[15:47:09]: Could not parse stylesheet of widget 0x3232da8
Debug[15:47:09]: "Resume:Logs" 
Debug[15:47:09]: "Resume:Settings" 
Debug[15:47:09]: "Resume:UartUartController" 
Debug[15:47:09]: "Resume:UartSpiController" 
Debug[15:47:09]: "Resume:UartSsiController" 
Debug[15:47:09]: "Resume:DSI3Master" 
Debug[15:47:09]: "Resume:ASICMaster" 
Debug[15:47:09]: "Resume:RDUMMaster" 
Debug[15:47:09]: "Resume:DSI3Slave" 
Debug[15:47:09]: "Resume:Measurement" 
Debug[15:47:09]: "Resume:CFARsim" 
Debug[16:08:29]: "Suspend:Settings" 
Debug[16:08:29]: "Suspend:UartUartController" 
Debug[16:08:29]: "Suspend:UartSpiController" 
Debug[16:08:29]: "Suspend:UartSsiController" 
Debug[16:08:29]: "Suspend:DSI3Master" 
Debug[16:08:29]: "Suspend:ASICMaster" 
Debug[16:08:29]: "Suspend:RDUMMaster" 
Debug[16:08:29]: "Suspend:DSI3Slave" 
Debug[16:08:29]: "Suspend:Measurement" 
Debug[16:08:29]: "Suspend:CFARsim" 
Debug[16:08:29]: signal in logmode 
Debug[16:08:29]: "INF(16:08:29.933):Disconnect by user" 
Debug[16:08:29]: log_breakpoint 
Debug[16:08:29]: 5 
Debug[16:08:30]: signal in logmode 
Debug[16:08:30]: "INF(16:08:30.111):Disconnect by user" 
Debug[16:08:30]: log_breakpoint 
Debug[16:08:30]: 5 
