Warning[10:52:00]: QObject::connect: Cannot connect LocalServer::log(int,QString) to (null)::slot_addLog(int,QString)
Debug[10:52:00]: LocalServer:new "\\.\pipe\DSI3PAS" 
Debug[10:52:00]: Register specific 
Debug[10:52:01]: DynScaleCaclulate 
Debug[10:52:01]: "init 2 UartUartController" 
Debug[10:52:01]: Ok 
Debug[10:52:01]: "init 3 UartSpiController" 
Debug[10:52:01]: Ok 
Debug[10:52:01]: "init 4 UartSsiController" 
Debug[10:52:01]: Ok 
Debug[10:52:01]: "init 5 DSI3Master" 
Debug[10:52:01]: Ok 
Debug[10:52:01]: "init 6 ASICMaster" 
Debug[10:52:01]: Ok 
Debug[10:52:01]: "init 7 RDUMMaster" 
Debug[10:52:01]: Ok 
Debug[10:52:01]: "init 8 DSI3Slave" 
Debug[10:52:02]: Ok 
Debug[10:52:02]: "init 9 Measurement" 
Debug[10:52:03]: Ok 
Debug[10:52:03]: "init 10 CFARsim" 
Debug[10:52:03]: Ok 
Debug[10:52:03]: MainApp Starting... 
Debug[10:52:04]: Add applets to MainWindow...
 
Debug[10:52:04]: Initialize Connection... 
Debug[10:52:04]: signal in logmode 
Debug[10:52:04]: "INF(10:52:04.720):Mode is OK" 
Debug[10:52:04]: log_breakpoint 
Debug[10:52:04]: 5 
Debug[10:52:04]: signal in logmode 
Debug[10:52:04]: "INF(10:52:04.723):Attempt" 
Debug[10:52:04]: log_breakpoint 
Debug[10:52:04]: 5 
Debug[10:52:05]: signal in logmode 
Debug[10:52:05]: "INF(10:52:05.036):Attempt" 
Debug[10:52:05]: log_breakpoint 
Debug[10:52:05]: 5 
Debug[10:52:05]: signal in logmode 
Debug[10:52:05]: "INF(10:52:05.354):Attempt" 
Debug[10:52:05]: log_breakpoint 
Debug[10:52:05]: 5 
Debug[10:52:05]: signal in logmode 
Debug[10:52:05]: "INF(10:52:05.669):Mode is OK" 
Debug[10:52:05]: log_breakpoint 
Debug[10:52:05]: 5 
Debug[10:52:05]: signal in logmode 
Debug[10:52:05]: "INF(10:52:05.672):Attempt" 
Debug[10:52:05]: log_breakpoint 
Debug[10:52:05]: 5 
Debug[10:52:05]: signal in logmode 
Debug[10:52:05]: "INF(10:52:05.987):Attempt" 
Debug[10:52:05]: log_breakpoint 
Debug[10:52:05]: 5 
Debug[10:52:06]: signal in logmode 
Debug[10:52:06]: "INF(10:52:06.304):Attempt" 
Debug[10:52:06]: log_breakpoint 
Debug[10:52:06]: 5 
Debug[10:52:06]: signal in logmode 
Debug[10:52:06]: "INF(10:52:06.622):Mode is OK" 
Debug[10:52:06]: log_breakpoint 
Debug[10:52:06]: 5 
Debug[10:52:06]: signal in logmode 
Debug[10:52:06]: "INF(10:52:06.627):Attempt" 
Debug[10:52:06]: log_breakpoint 
Debug[10:52:06]: 5 
Debug[10:52:06]: signal in logmode 
Debug[10:52:06]: "INF(10:52:06.782):Mode is OK" 
Debug[10:52:06]: log_breakpoint 
Debug[10:52:06]: 5 
Debug[10:52:06]: signal in logmode 
Debug[10:52:06]: "INF(10:52:06.784):Attempt" 
Debug[10:52:06]: log_breakpoint 
Debug[10:52:06]: 5 
Debug[10:52:07]: signal in logmode 
Debug[10:52:07]: "INF(10:52:07.097):Attempt" 
Debug[10:52:07]: log_breakpoint 
Debug[10:52:07]: 5 
Debug[10:52:07]: signal in logmode 
Debug[10:52:07]: "INF(10:52:07.416):Attempt" 
Debug[10:52:07]: log_breakpoint 
Debug[10:52:07]: 5 
Debug[10:52:07]: signal in logmode 
Debug[10:52:07]: "INF(10:52:07.731):Mode is OK" 
Debug[10:52:07]: log_breakpoint 
Debug[10:52:07]: 5 
Debug[10:52:07]: signal in logmode 
Debug[10:52:07]: "INF(10:52:07.733):Attempt" 
Debug[10:52:07]: log_breakpoint 
Debug[10:52:07]: 5 
Debug[10:52:08]: signal in logmode 
Debug[10:52:08]: "INF(10:52:08.051):Attempt" 
Debug[10:52:08]: log_breakpoint 
Debug[10:52:08]: 5 
Debug[10:52:08]: signal in logmode 
Debug[10:52:08]: "INF(10:52:08.366):Attempt" 
Debug[10:52:08]: log_breakpoint 
Debug[10:52:08]: 5 
Debug[10:52:08]: signal in logmode 
Debug[10:52:08]: "INF(10:52:08.683):Mode is OK" 
Debug[10:52:08]: log_breakpoint 
Debug[10:52:08]: 5 
Debug[10:52:08]: signal in logmode 
Debug[10:52:08]: "INF(10:52:08.687):Attempt" 
Debug[10:52:08]: log_breakpoint 
Debug[10:52:08]: 5 
Debug[10:52:09]: signal in logmode 
Debug[10:52:09]: "INF(10:52:09.001):Attempt" 
Debug[10:52:09]: log_breakpoint 
Debug[10:52:09]: 5 
Debug[10:52:09]: signal in logmode 
Debug[10:52:09]: "INF(10:52:09.320):Attempt" 
Debug[10:52:09]: log_breakpoint 
Debug[10:52:09]: 5 
Debug[10:52:09]: signal in logmode 
Debug[10:52:09]: "INF(10:52:09.638):Mode is OK" 
Debug[10:52:09]: log_breakpoint 
Debug[10:52:09]: 5 
Debug[10:52:09]: signal in logmode 
Debug[10:52:09]: "INF(10:52:09.642):Attempt" 
Debug[10:52:09]: log_breakpoint 
Debug[10:52:09]: 5 
Debug[10:52:09]: signal in logmode 
Debug[10:52:09]: "INF(10:52:09.956):Attempt" 
Debug[10:52:09]: log_breakpoint 
Debug[10:52:09]: 5 
Debug[10:52:10]: signal in logmode 
Debug[10:52:10]: "INF(10:52:10.272):Attempt" 
Debug[10:52:10]: log_breakpoint 
Debug[10:52:10]: 5 
Debug[10:52:12]: signal in logmode 
Debug[10:52:12]: "INF(10:52:12.877):Mode is OK" 
Debug[10:52:12]: log_breakpoint 
Debug[10:52:12]: 5 
Debug[10:52:12]: signal in logmode 
Debug[10:52:12]: "INF(10:52:12.881):Attempt" 
Debug[10:52:12]: log_breakpoint 
Debug[10:52:12]: 5 
Debug[10:52:13]: signal in logmode 
Debug[10:52:13]: "INF(10:52:13.190):Attempt" 
Debug[10:52:13]: log_breakpoint 
Debug[10:52:13]: 5 
Debug[10:52:13]: signal in logmode 
Debug[10:52:13]: "INF(10:52:13.508):Attempt" 
Debug[10:52:13]: log_breakpoint 
Debug[10:52:13]: 5 
Debug[10:52:13]: signal in logmode 
Debug[10:52:13]: "INF(10:52:13.824):Mode is OK" 
Debug[10:52:13]: log_breakpoint 
Debug[10:52:13]: 5 
Debug[10:52:13]: signal in logmode 
Debug[10:52:13]: "INF(10:52:13.826):Attempt" 
Debug[10:52:13]: log_breakpoint 
Debug[10:52:13]: 5 
Debug[10:52:14]: signal in logmode 
Debug[10:52:14]: "INF(10:52:14.144):Attempt" 
Debug[10:52:14]: log_breakpoint 
Debug[10:52:14]: 5 
Debug[10:52:14]: signal in logmode 
Debug[10:52:14]: "INF(10:52:14.461):Attempt" 
Debug[10:52:14]: log_breakpoint 
Debug[10:52:14]: 5 
Debug[10:52:14]: signal in logmode 
Debug[10:52:14]: "INF(10:52:14.779):Mode is OK" 
Debug[10:52:14]: log_breakpoint 
Debug[10:52:14]: 5 
Debug[10:52:14]: signal in logmode 
Debug[10:52:14]: "INF(10:52:14.782):Attempt" 
Debug[10:52:14]: log_breakpoint 
Debug[10:52:14]: 5 
Debug[10:52:14]: signal in logmode 
Debug[10:52:14]: "INF(10:52:14.810):RDUM master connected" 
Debug[10:52:14]: log_breakpoint 
Debug[10:52:14]: 5 
Debug[10:52:14]: signal in logmode 
Debug[10:52:14]: "INF(10:52:14.814):Connected to \\.\COM32" 
Debug[10:52:14]: log_breakpoint 
Debug[10:52:14]: 5 
Warning[10:52:14]: Could not parse stylesheet of widget 0x2a47d38
Debug[10:52:14]: "Resume:Logs" 
Debug[10:52:14]: "Resume:Settings" 
Debug[10:52:14]: "Resume:UartUartController" 
Debug[10:52:14]: "Resume:UartSpiController" 
Debug[10:52:14]: "Resume:UartSsiController" 
Debug[10:52:14]: "Resume:DSI3Master" 
Debug[10:52:14]: "Resume:ASICMaster" 
Debug[10:52:14]: "Resume:RDUMMaster" 
Debug[10:52:14]: "Resume:DSI3Slave" 
Debug[10:52:14]: "Resume:Measurement" 
Debug[10:52:14]: "Resume:CFARsim" 
Debug[11:48:55]: "Suspend:Settings" 
Debug[11:48:55]: "Suspend:UartUartController" 
Debug[11:48:55]: "Suspend:UartSpiController" 
Debug[11:48:55]: "Suspend:UartSsiController" 
Debug[11:48:55]: "Suspend:DSI3Master" 
Debug[11:48:55]: "Suspend:ASICMaster" 
Debug[11:48:55]: "Suspend:RDUMMaster" 
Debug[11:48:55]: "Suspend:DSI3Slave" 
Debug[11:48:55]: "Suspend:Measurement" 
Debug[11:48:55]: "Suspend:CFARsim" 
Debug[11:48:55]: signal in logmode 
Debug[11:48:55]: "INF(11:48:55.859):Disconnect by user" 
Debug[11:48:55]: log_breakpoint 
Debug[11:48:55]: 5 
Debug[11:48:56]: signal in logmode 
Debug[11:48:56]: "INF(11:48:56.006):Disconnect by user" 
Debug[11:48:56]: log_breakpoint 
Debug[11:48:56]: 5 
Warning[12:59:09]: QObject::connect: Cannot connect LocalServer::log(int,QString) to (null)::slot_addLog(int,QString)
Debug[12:59:09]: LocalServer:new "\\.\pipe\DSI3PAS" 
Debug[12:59:09]: Register specific 
Debug[12:59:09]: DynScaleCaclulate 
Debug[12:59:09]: "init 2 UartUartController" 
Debug[12:59:09]: Ok 
Debug[12:59:09]: "init 3 UartSpiController" 
Debug[12:59:09]: Ok 
Debug[12:59:09]: "init 4 UartSsiController" 
Debug[12:59:09]: Ok 
Debug[12:59:09]: "init 5 DSI3Master" 
Debug[12:59:09]: Ok 
Debug[12:59:09]: "init 6 ASICMaster" 
Debug[12:59:09]: Ok 
Debug[12:59:09]: "init 7 RDUMMaster" 
Debug[12:59:09]: Ok 
Debug[12:59:09]: "init 8 DSI3Slave" 
Debug[12:59:10]: Ok 
Debug[12:59:10]: "init 9 Measurement" 
Debug[12:59:11]: Ok 
Debug[12:59:11]: "init 10 CFARsim" 
Debug[12:59:11]: Ok 
Debug[12:59:11]: MainApp Starting... 
Debug[12:59:12]: Add applets to MainWindow...
 
Debug[12:59:12]: Initialize Connection... 
Debug[12:59:12]: signal in logmode 
Debug[12:59:12]: "INF(12:59:12.508):Mode is OK" 
Debug[12:59:12]: log_breakpoint 
Debug[12:59:12]: 5 
Debug[12:59:12]: signal in logmode 
Debug[12:59:12]: "INF(12:59:12.511):Attempt" 
Debug[12:59:12]: log_breakpoint 
Debug[12:59:12]: 5 
Debug[12:59:12]: signal in logmode 
Debug[12:59:12]: "INF(12:59:12.817):Attempt" 
Debug[12:59:12]: log_breakpoint 
Debug[12:59:12]: 5 
Debug[12:59:13]: signal in logmode 
Debug[12:59:13]: "INF(12:59:13.127):Attempt" 
Debug[12:59:13]: log_breakpoint 
Debug[12:59:13]: 5 
Debug[12:59:13]: signal in logmode 
Debug[12:59:13]: "INF(12:59:13.439):Mode is OK" 
Debug[12:59:13]: log_breakpoint 
Debug[12:59:13]: 5 
Debug[12:59:13]: signal in logmode 
Debug[12:59:13]: "INF(12:59:13.441):Attempt" 
Debug[12:59:13]: log_breakpoint 
Debug[12:59:13]: 5 
Debug[12:59:13]: signal in logmode 
Debug[12:59:13]: "INF(12:59:13.753):Attempt" 
Debug[12:59:13]: log_breakpoint 
Debug[12:59:13]: 5 
Debug[12:59:14]: signal in logmode 
Debug[12:59:14]: "INF(12:59:14.064):Attempt" 
Debug[12:59:14]: log_breakpoint 
Debug[12:59:14]: 5 
Debug[12:59:14]: signal in logmode 
Debug[12:59:14]: "INF(12:59:14.376):Mode is OK" 
Debug[12:59:14]: log_breakpoint 
Debug[12:59:14]: 5 
Debug[12:59:14]: signal in logmode 
Debug[12:59:14]: "INF(12:59:14.381):Attempt" 
Debug[12:59:14]: log_breakpoint 
Debug[12:59:14]: 5 
Debug[12:59:14]: signal in logmode 
Debug[12:59:14]: "INF(12:59:14.537):Mode is OK" 
Debug[12:59:14]: log_breakpoint 
Debug[12:59:14]: 5 
Debug[12:59:14]: signal in logmode 
Debug[12:59:14]: "INF(12:59:14.541):Attempt" 
Debug[12:59:14]: log_breakpoint 
Debug[12:59:14]: 5 
Debug[12:59:14]: signal in logmode 
Debug[12:59:14]: "INF(12:59:14.861):Attempt" 
Debug[12:59:14]: log_breakpoint 
Debug[12:59:14]: 5 
Debug[12:59:15]: signal in logmode 
Debug[12:59:15]: "INF(12:59:15.172):Attempt" 
Debug[12:59:15]: log_breakpoint 
Debug[12:59:15]: 5 
Debug[12:59:15]: signal in logmode 
Debug[12:59:15]: "INF(12:59:15.487):Mode is OK" 
Debug[12:59:15]: log_breakpoint 
Debug[12:59:15]: 5 
Debug[12:59:15]: signal in logmode 
Debug[12:59:15]: "INF(12:59:15.488):Attempt" 
Debug[12:59:15]: log_breakpoint 
Debug[12:59:15]: 5 
Debug[12:59:15]: signal in logmode 
Debug[12:59:15]: "INF(12:59:15.797):Attempt" 
Debug[12:59:15]: log_breakpoint 
Debug[12:59:15]: 5 
Debug[12:59:16]: signal in logmode 
Debug[12:59:16]: "INF(12:59:16.108):Attempt" 
Debug[12:59:16]: log_breakpoint 
Debug[12:59:16]: 5 
Debug[12:59:16]: signal in logmode 
Debug[12:59:16]: "INF(12:59:16.419):Mode is OK" 
Debug[12:59:16]: log_breakpoint 
Debug[12:59:16]: 5 
Debug[12:59:16]: signal in logmode 
Debug[12:59:16]: "INF(12:59:16.424):Attempt" 
Debug[12:59:16]: log_breakpoint 
Debug[12:59:16]: 5 
Debug[12:59:16]: signal in logmode 
Debug[12:59:16]: "INF(12:59:16.733):Attempt" 
Debug[12:59:16]: log_breakpoint 
Debug[12:59:16]: 5 
Debug[12:59:17]: signal in logmode 
Debug[12:59:17]: "INF(12:59:17.043):Attempt" 
Debug[12:59:17]: log_breakpoint 
Debug[12:59:17]: 5 
Debug[12:59:17]: signal in logmode 
Debug[12:59:17]: "INF(12:59:17.357):Mode is OK" 
Debug[12:59:17]: log_breakpoint 
Debug[12:59:17]: 5 
Debug[12:59:17]: signal in logmode 
Debug[12:59:17]: "INF(12:59:17.361):Attempt" 
Debug[12:59:17]: log_breakpoint 
Debug[12:59:17]: 5 
Debug[12:59:17]: signal in logmode 
Debug[12:59:17]: "INF(12:59:17.670):Attempt" 
Debug[12:59:17]: log_breakpoint 
Debug[12:59:17]: 5 
Debug[12:59:17]: signal in logmode 
Debug[12:59:17]: "INF(12:59:17.980):Attempt" 
Debug[12:59:17]: log_breakpoint 
Debug[12:59:17]: 5 
Debug[12:59:23]: signal in logmode 
Debug[12:59:23]: "INF(12:59:23.265):Mode is OK" 
Debug[12:59:23]: log_breakpoint 
Debug[12:59:23]: 5 
Debug[12:59:23]: signal in logmode 
Debug[12:59:23]: "INF(12:59:23.269):Attempt" 
Debug[12:59:23]: log_breakpoint 
Debug[12:59:23]: 5 
Debug[12:59:23]: signal in logmode 
Debug[12:59:23]: "INF(12:59:23.575):Attempt" 
Debug[12:59:23]: log_breakpoint 
Debug[12:59:23]: 5 
Debug[12:59:23]: signal in logmode 
Debug[12:59:23]: "INF(12:59:23.884):Attempt" 
Debug[12:59:23]: log_breakpoint 
Debug[12:59:23]: 5 
Debug[12:59:24]: signal in logmode 
Debug[12:59:24]: "INF(12:59:24.199):Mode is OK" 
Debug[12:59:24]: log_breakpoint 
Debug[12:59:24]: 5 
Debug[12:59:24]: signal in logmode 
Debug[12:59:24]: "INF(12:59:24.202):Attempt" 
Debug[12:59:24]: log_breakpoint 
Debug[12:59:24]: 5 
Debug[12:59:24]: signal in logmode 
Debug[12:59:24]: "INF(12:59:24.512):Attempt" 
Debug[12:59:24]: log_breakpoint 
Debug[12:59:24]: 5 
Debug[12:59:24]: signal in logmode 
Debug[12:59:24]: "INF(12:59:24.823):Attempt" 
Debug[12:59:24]: log_breakpoint 
Debug[12:59:24]: 5 
Debug[12:59:25]: signal in logmode 
Debug[12:59:25]: "INF(12:59:25.140):Mode is OK" 
Debug[12:59:25]: log_breakpoint 
Debug[12:59:25]: 5 
Debug[12:59:25]: signal in logmode 
Debug[12:59:25]: "INF(12:59:25.143):Attempt" 
Debug[12:59:25]: log_breakpoint 
Debug[12:59:25]: 5 
Debug[12:59:25]: signal in logmode 
Debug[12:59:25]: "INF(12:59:25.148):RDUM master connected" 
Debug[12:59:25]: log_breakpoint 
Debug[12:59:25]: 5 
Debug[12:59:25]: signal in logmode 
Debug[12:59:25]: "INF(12:59:25.149):Connected to \\.\COM32" 
Debug[12:59:25]: log_breakpoint 
Debug[12:59:25]: 5 
Warning[12:59:25]: Could not parse stylesheet of widget 0x3108098
Debug[12:59:25]: "Resume:Logs" 
Debug[12:59:25]: "Resume:Settings" 
Debug[12:59:25]: "Resume:UartUartController" 
Debug[12:59:25]: "Resume:UartSpiController" 
Debug[12:59:25]: "Resume:UartSsiController" 
Debug[12:59:25]: "Resume:DSI3Master" 
Debug[12:59:25]: "Resume:ASICMaster" 
Debug[12:59:25]: "Resume:RDUMMaster" 
Debug[12:59:25]: "Resume:DSI3Slave" 
Debug[12:59:25]: "Resume:Measurement" 
Debug[12:59:25]: "Resume:CFARsim" 
Debug[14:55:27]: "Suspend:Settings" 
Debug[14:55:27]: "Suspend:UartUartController" 
Debug[14:55:27]: "Suspend:UartSpiController" 
Debug[14:55:27]: "Suspend:UartSsiController" 
Debug[14:55:27]: "Suspend:DSI3Master" 
Debug[14:55:27]: "Suspend:ASICMaster" 
Debug[14:55:27]: "Suspend:RDUMMaster" 
Debug[14:55:27]: "Suspend:DSI3Slave" 
Debug[14:55:27]: "Suspend:Measurement" 
Debug[14:55:27]: "Suspend:CFARsim" 
Debug[14:55:27]: signal in logmode 
Debug[14:55:27]: "INF(14:55:27.652):Disconnect by user" 
Debug[14:55:27]: log_breakpoint 
Debug[14:55:27]: 5 
Debug[14:55:27]: signal in logmode 
Debug[14:55:27]: "INF(14:55:27.790):Disconnect by user" 
Debug[14:55:27]: log_breakpoint 
Debug[14:55:27]: 5 
