Warning[08:58:55]: QObject::connect: Cannot connect LocalServer::log(int,QString) to (null)::slot_addLog(int,QString)
Debug[08:58:55]: LocalServer:new "\\.\pipe\DSI3PAS" 
Debug[08:58:55]: Register specific 
Debug[08:58:56]: DynScaleCaclulate 
Debug[08:58:56]: "init 2 UartUartController" 
Debug[08:58:56]: Ok 
Debug[08:58:56]: "init 3 UartSpiController" 
Debug[08:58:56]: Ok 
Debug[08:58:56]: "init 4 UartSsiController" 
Debug[08:58:56]: Ok 
Debug[08:58:56]: "init 5 DSI3Master" 
Debug[08:58:56]: Ok 
Debug[08:58:56]: "init 6 ASICMaster" 
Debug[08:58:56]: Ok 
Debug[08:58:56]: "init 7 RDUMMaster" 
Debug[08:58:56]: Ok 
Debug[08:58:56]: "init 8 DSI3Slave" 
Debug[08:58:57]: Ok 
Debug[08:58:57]: "init 9 Measurement" 
Debug[08:58:58]: Ok 
Debug[08:58:58]: "init 10 CFARsim" 
Debug[08:58:58]: Ok 
Debug[08:58:58]: MainApp Starting... 
Debug[08:58:58]: Add applets to MainWindow...
 
Debug[08:58:58]: Initialize Connection... 
Debug[08:58:59]: signal in logmode 
Debug[08:58:59]: "INF(08:58:59.190):Mode is OK" 
Debug[08:58:59]: log_breakpoint 
Debug[08:58:59]: 5 
Debug[08:58:59]: signal in logmode 
Debug[08:58:59]: "INF(08:58:59.193):Attempt" 
Debug[08:58:59]: log_breakpoint 
Debug[08:58:59]: 5 
Debug[08:58:59]: signal in logmode 
Debug[08:58:59]: "INF(08:58:59.498):Attempt" 
Debug[08:58:59]: log_breakpoint 
Debug[08:58:59]: 5 
Debug[08:58:59]: signal in logmode 
Debug[08:58:59]: "INF(08:58:59.808):Attempt" 
Debug[08:58:59]: log_breakpoint 
Debug[08:58:59]: 5 
Debug[08:59:00]: signal in logmode 
Debug[08:59:00]: "INF(08:59:00.120):Mode is OK" 
Debug[08:59:00]: log_breakpoint 
Debug[08:59:00]: 5 
Debug[08:59:00]: signal in logmode 
Debug[08:59:00]: "INF(08:59:00.122):Attempt" 
Debug[08:59:00]: log_breakpoint 
Debug[08:59:00]: 5 
Debug[08:59:00]: signal in logmode 
Debug[08:59:00]: "INF(08:59:00.430):Attempt" 
Debug[08:59:00]: log_breakpoint 
Debug[08:59:00]: 5 
Debug[08:59:00]: signal in logmode 
Debug[08:59:00]: "INF(08:59:00.742):Attempt" 
Debug[08:59:00]: log_breakpoint 
Debug[08:59:00]: 5 
Debug[08:59:01]: signal in logmode 
Debug[08:59:01]: "INF(08:59:01.056):Mode is OK" 
Debug[08:59:01]: log_breakpoint 
Debug[08:59:01]: 5 
Debug[08:59:01]: signal in logmode 
Debug[08:59:01]: "INF(08:59:01.060):Attempt" 
Debug[08:59:01]: log_breakpoint 
Debug[08:59:01]: 5 
Debug[08:59:01]: signal in logmode 
Debug[08:59:01]: "INF(08:59:01.217):Mode is OK" 
Debug[08:59:01]: log_breakpoint 
Debug[08:59:01]: 5 
Debug[08:59:01]: signal in logmode 
Debug[08:59:01]: "INF(08:59:01.220):Attempt" 
Debug[08:59:01]: log_breakpoint 
Debug[08:59:01]: 5 
Debug[08:59:01]: signal in logmode 
Debug[08:59:01]: "INF(08:59:01.525):Attempt" 
Debug[08:59:01]: log_breakpoint 
Debug[08:59:01]: 5 
Debug[08:59:01]: signal in logmode 
Debug[08:59:01]: "INF(08:59:01.837):Attempt" 
Debug[08:59:01]: log_breakpoint 
Debug[08:59:01]: 5 
Debug[08:59:02]: signal in logmode 
Debug[08:59:02]: "INF(08:59:02.150):Mode is OK" 
Debug[08:59:02]: log_breakpoint 
Debug[08:59:02]: 5 
Debug[08:59:02]: signal in logmode 
Debug[08:59:02]: "INF(08:59:02.153):Attempt" 
Debug[08:59:02]: log_breakpoint 
Debug[08:59:02]: 5 
Debug[08:59:02]: signal in logmode 
Debug[08:59:02]: "INF(08:59:02.461):Attempt" 
Debug[08:59:02]: log_breakpoint 
Debug[08:59:02]: 5 
Debug[08:59:02]: signal in logmode 
Debug[08:59:02]: "INF(08:59:02.775):Attempt" 
Debug[08:59:02]: log_breakpoint 
Debug[08:59:02]: 5 
Debug[08:59:03]: signal in logmode 
Debug[08:59:03]: "INF(08:59:03.088):Mode is OK" 
Debug[08:59:03]: log_breakpoint 
Debug[08:59:03]: 5 
Debug[08:59:03]: signal in logmode 
Debug[08:59:03]: "INF(08:59:03.090):Attempt" 
Debug[08:59:03]: log_breakpoint 
Debug[08:59:03]: 5 
Debug[08:59:03]: signal in logmode 
Debug[08:59:03]: "INF(08:59:03.401):Attempt" 
Debug[08:59:03]: log_breakpoint 
Debug[08:59:03]: 5 
Debug[08:59:03]: signal in logmode 
Debug[08:59:03]: "INF(08:59:03.711):Attempt" 
Debug[08:59:03]: log_breakpoint 
Debug[08:59:03]: 5 
Debug[08:59:04]: signal in logmode 
Debug[08:59:04]: "INF(08:59:04.023):Mode is OK" 
Debug[08:59:04]: log_breakpoint 
Debug[08:59:04]: 5 
Debug[08:59:04]: signal in logmode 
Debug[08:59:04]: "INF(08:59:04.027):Attempt" 
Debug[08:59:04]: log_breakpoint 
Debug[08:59:04]: 5 
Debug[08:59:04]: signal in logmode 
Debug[08:59:04]: "INF(08:59:04.336):Attempt" 
Debug[08:59:04]: log_breakpoint 
Debug[08:59:04]: 5 
Debug[08:59:04]: signal in logmode 
Debug[08:59:04]: "INF(08:59:04.647):Attempt" 
Debug[08:59:04]: log_breakpoint 
Debug[08:59:04]: 5 
Debug[08:59:08]: signal in logmode 
Debug[08:59:08]: "INF(08:59:08.374):Mode is OK" 
Debug[08:59:08]: log_breakpoint 
Debug[08:59:08]: 5 
Debug[08:59:08]: signal in logmode 
Debug[08:59:08]: "INF(08:59:08.376):Attempt" 
Debug[08:59:08]: log_breakpoint 
Debug[08:59:08]: 5 
Debug[08:59:08]: signal in logmode 
Debug[08:59:08]: "INF(08:59:08.683):Attempt" 
Debug[08:59:08]: log_breakpoint 
Debug[08:59:08]: 5 
Debug[08:59:08]: signal in logmode 
Debug[08:59:08]: "INF(08:59:08.996):Attempt" 
Debug[08:59:08]: log_breakpoint 
Debug[08:59:08]: 5 
Debug[08:59:09]: signal in logmode 
Debug[08:59:09]: "INF(08:59:09.307):Mode is OK" 
Debug[08:59:09]: log_breakpoint 
Debug[08:59:09]: 5 
Debug[08:59:09]: signal in logmode 
Debug[08:59:09]: "INF(08:59:09.312):Attempt" 
Debug[08:59:09]: log_breakpoint 
Debug[08:59:09]: 5 
Debug[08:59:09]: signal in logmode 
Debug[08:59:09]: "INF(08:59:09.618):Attempt" 
Debug[08:59:09]: log_breakpoint 
Debug[08:59:09]: 5 
Debug[08:59:09]: signal in logmode 
Debug[08:59:09]: "INF(08:59:09.929):Attempt" 
Debug[08:59:09]: log_breakpoint 
Debug[08:59:09]: 5 
Debug[08:59:10]: signal in logmode 
Debug[08:59:10]: "INF(08:59:10.239):Mode is OK" 
Debug[08:59:10]: log_breakpoint 
Debug[08:59:10]: 5 
Debug[08:59:10]: signal in logmode 
Debug[08:59:10]: "INF(08:59:10.243):Attempt" 
Debug[08:59:10]: log_breakpoint 
Debug[08:59:10]: 5 
Debug[08:59:10]: signal in logmode 
Debug[08:59:10]: "INF(08:59:10.270):RDUM master connected" 
Debug[08:59:10]: log_breakpoint 
Debug[08:59:10]: 5 
Debug[08:59:10]: signal in logmode 
Debug[08:59:10]: "INF(08:59:10.272):Connected to \\.\COM56" 
Debug[08:59:10]: log_breakpoint 
Debug[08:59:10]: 5 
Warning[08:59:10]: Could not parse stylesheet of widget 0x30696e8
Debug[08:59:10]: "Resume:Logs" 
Debug[08:59:10]: "Resume:Settings" 
Debug[08:59:10]: "Resume:UartUartController" 
Debug[08:59:10]: "Resume:UartSpiController" 
Debug[08:59:10]: "Resume:UartSsiController" 
Debug[08:59:10]: "Resume:DSI3Master" 
Debug[08:59:10]: "Resume:ASICMaster" 
Debug[08:59:10]: "Resume:RDUMMaster" 
Debug[08:59:10]: "Resume:DSI3Slave" 
Debug[08:59:10]: "Resume:Measurement" 
Debug[08:59:10]: "Resume:CFARsim" 
Debug[10:32:53]: "Suspend:Settings" 
Debug[10:32:53]: "Suspend:UartUartController" 
Debug[10:32:53]: "Suspend:UartSpiController" 
Debug[10:32:53]: "Suspend:UartSsiController" 
Debug[10:32:53]: "Suspend:DSI3Master" 
Debug[10:32:53]: "Suspend:ASICMaster" 
Debug[10:32:53]: "Suspend:RDUMMaster" 
Debug[10:32:53]: "Suspend:DSI3Slave" 
Debug[10:32:53]: "Suspend:Measurement" 
Debug[10:32:53]: "Suspend:CFARsim" 
Debug[10:32:53]: signal in logmode 
Debug[10:32:53]: "INF(10:32:53.617):Disconnect by user" 
Debug[10:32:53]: log_breakpoint 
Debug[10:32:53]: 5 
Debug[10:32:53]: signal in logmode 
Debug[10:32:53]: "INF(10:32:53.650):Disconnect by user" 
Debug[10:32:53]: log_breakpoint 
Debug[10:32:53]: 5 
Warning[10:35:47]: QObject::connect: Cannot connect LocalServer::log(int,QString) to (null)::slot_addLog(int,QString)
Debug[10:35:47]: LocalServer:new "\\.\pipe\DSI3PAS" 
Debug[10:35:47]: Register specific 
Debug[10:35:48]: DynScaleCaclulate 
Debug[10:35:48]: "init 2 UartUartController" 
Debug[10:35:48]: Ok 
Debug[10:35:48]: "init 3 UartSpiController" 
Debug[10:35:48]: Ok 
Debug[10:35:48]: "init 4 UartSsiController" 
Debug[10:35:48]: Ok 
Debug[10:35:48]: "init 5 DSI3Master" 
Debug[10:35:48]: Ok 
Debug[10:35:48]: "init 6 ASICMaster" 
Debug[10:35:48]: Ok 
Debug[10:35:48]: "init 7 RDUMMaster" 
Debug[10:35:48]: Ok 
Debug[10:35:48]: "init 8 DSI3Slave" 
Debug[10:35:49]: Ok 
Debug[10:35:49]: "init 9 Measurement" 
Debug[10:35:50]: Ok 
Debug[10:35:50]: "init 10 CFARsim" 
Debug[10:35:50]: Ok 
Debug[10:35:50]: MainApp Starting... 
Debug[10:35:51]: Add applets to MainWindow...
 
Debug[10:35:51]: Initialize Connection... 
Debug[10:35:51]: signal in logmode 
Debug[10:35:51]: "INF(10:35:51.775):Mode is OK" 
Debug[10:35:51]: log_breakpoint 
Debug[10:35:51]: 5 
Debug[10:35:51]: signal in logmode 
Debug[10:35:51]: "INF(10:35:51.777):Attempt" 
Debug[10:35:51]: log_breakpoint 
Debug[10:35:51]: 5 
Debug[10:35:52]: signal in logmode 
Debug[10:35:52]: "INF(10:35:52.081):Attempt" 
Debug[10:35:52]: log_breakpoint 
Debug[10:35:52]: 5 
Debug[10:35:52]: signal in logmode 
Debug[10:35:52]: "INF(10:35:52.396):Attempt" 
Debug[10:35:52]: log_breakpoint 
Debug[10:35:52]: 5 
Debug[10:35:52]: signal in logmode 
Debug[10:35:52]: "INF(10:35:52.709):Mode is OK" 
Debug[10:35:52]: log_breakpoint 
Debug[10:35:52]: 5 
Debug[10:35:52]: signal in logmode 
Debug[10:35:52]: "INF(10:35:52.711):Attempt" 
Debug[10:35:52]: log_breakpoint 
Debug[10:35:52]: 5 
Debug[10:35:53]: signal in logmode 
Debug[10:35:53]: "INF(10:35:53.023):Attempt" 
Debug[10:35:53]: log_breakpoint 
Debug[10:35:53]: 5 
Debug[10:35:53]: signal in logmode 
Debug[10:35:53]: "INF(10:35:53.333):Attempt" 
Debug[10:35:53]: log_breakpoint 
Debug[10:35:53]: 5 
Debug[10:35:53]: signal in logmode 
Debug[10:35:53]: "INF(10:35:53.647):Mode is OK" 
Debug[10:35:53]: log_breakpoint 
Debug[10:35:53]: 5 
Debug[10:35:53]: signal in logmode 
Debug[10:35:53]: "INF(10:35:53.650):Attempt" 
Debug[10:35:53]: log_breakpoint 
Debug[10:35:53]: 5 
Debug[10:35:53]: signal in logmode 
Debug[10:35:53]: "INF(10:35:53.805):Mode is OK" 
Debug[10:35:53]: log_breakpoint 
Debug[10:35:53]: 5 
Debug[10:35:53]: signal in logmode 
Debug[10:35:53]: "INF(10:35:53.808):Attempt" 
Debug[10:35:53]: log_breakpoint 
Debug[10:35:53]: 5 
Debug[10:35:54]: signal in logmode 
Debug[10:35:54]: "INF(10:35:54.131):Attempt" 
Debug[10:35:54]: log_breakpoint 
Debug[10:35:54]: 5 
Debug[10:35:54]: signal in logmode 
Debug[10:35:54]: "INF(10:35:54.445):Attempt" 
Debug[10:35:54]: log_breakpoint 
Debug[10:35:54]: 5 
Debug[10:35:54]: signal in logmode 
Debug[10:35:54]: "INF(10:35:54.757):Mode is OK" 
Debug[10:35:54]: log_breakpoint 
Debug[10:35:54]: 5 
Debug[10:35:54]: signal in logmode 
Debug[10:35:54]: "INF(10:35:54.764):Attempt" 
Debug[10:35:54]: log_breakpoint 
Debug[10:35:54]: 5 
Debug[10:35:55]: signal in logmode 
Debug[10:35:55]: "INF(10:35:55.086):Attempt" 
Debug[10:35:55]: log_breakpoint 
Debug[10:35:55]: 5 
Debug[10:35:55]: signal in logmode 
Debug[10:35:55]: "INF(10:35:55.401):Attempt" 
Debug[10:35:55]: log_breakpoint 
Debug[10:35:55]: 5 
Debug[10:35:55]: signal in logmode 
Debug[10:35:55]: "INF(10:35:55.711):Mode is OK" 
Debug[10:35:55]: log_breakpoint 
Debug[10:35:55]: 5 
Debug[10:35:55]: signal in logmode 
Debug[10:35:55]: "INF(10:35:55.717):Attempt" 
Debug[10:35:55]: log_breakpoint 
Debug[10:35:55]: 5 
Debug[10:35:56]: signal in logmode 
Debug[10:35:56]: "INF(10:35:56.038):Attempt" 
Debug[10:35:56]: log_breakpoint 
Debug[10:35:56]: 5 
Debug[10:35:56]: signal in logmode 
Debug[10:35:56]: "INF(10:35:56.351):Attempt" 
Debug[10:35:56]: log_breakpoint 
Debug[10:35:56]: 5 
Debug[10:35:56]: signal in logmode 
Debug[10:35:56]: "INF(10:35:56.667):Mode is OK" 
Debug[10:35:56]: log_breakpoint 
Debug[10:35:56]: 5 
Debug[10:35:56]: signal in logmode 
Debug[10:35:56]: "INF(10:35:56.674):Attempt" 
Debug[10:35:56]: log_breakpoint 
Debug[10:35:56]: 5 
Debug[10:35:56]: signal in logmode 
Debug[10:35:56]: "INF(10:35:56.994):Attempt" 
Debug[10:35:56]: log_breakpoint 
Debug[10:35:56]: 5 
Debug[10:35:57]: signal in logmode 
Debug[10:35:57]: "INF(10:35:57.307):Attempt" 
Debug[10:35:57]: log_breakpoint 
Debug[10:35:57]: 5 
Debug[10:35:59]: signal in logmode 
Debug[10:35:59]: "INF(10:35:59.329):Mode is OK" 
Debug[10:35:59]: log_breakpoint 
Debug[10:35:59]: 5 
Debug[10:35:59]: signal in logmode 
Debug[10:35:59]: "INF(10:35:59.333):Attempt" 
Debug[10:35:59]: log_breakpoint 
Debug[10:35:59]: 5 
Debug[10:35:59]: signal in logmode 
Debug[10:35:59]: "INF(10:35:59.646):Attempt" 
Debug[10:35:59]: log_breakpoint 
Debug[10:35:59]: 5 
Debug[10:35:59]: signal in logmode 
Debug[10:35:59]: "INF(10:35:59.964):Attempt" 
Debug[10:35:59]: log_breakpoint 
Debug[10:35:59]: 5 
Debug[10:36:00]: signal in logmode 
Debug[10:36:00]: "INF(10:36:00.289):Mode is OK" 
Debug[10:36:00]: log_breakpoint 
Debug[10:36:00]: 5 
Debug[10:36:00]: signal in logmode 
Debug[10:36:00]: "INF(10:36:00.295):Attempt" 
Debug[10:36:00]: log_breakpoint 
Debug[10:36:00]: 5 
Debug[10:36:00]: signal in logmode 
Debug[10:36:00]: "INF(10:36:00.618):Attempt" 
Debug[10:36:00]: log_breakpoint 
Debug[10:36:00]: 5 
Debug[10:36:00]: signal in logmode 
Debug[10:36:00]: "INF(10:36:00.930):Attempt" 
Debug[10:36:00]: log_breakpoint 
Debug[10:36:00]: 5 
Debug[10:36:01]: signal in logmode 
Debug[10:36:01]: "INF(10:36:01.244):Mode is OK" 
Debug[10:36:01]: log_breakpoint 
Debug[10:36:01]: 5 
Debug[10:36:01]: signal in logmode 
Debug[10:36:01]: "INF(10:36:01.251):Attempt" 
Debug[10:36:01]: log_breakpoint 
Debug[10:36:01]: 5 
Debug[10:36:01]: signal in logmode 
Debug[10:36:01]: "INF(10:36:01.263):RDUM master connected" 
Debug[10:36:01]: log_breakpoint 
Debug[10:36:01]: 5 
Debug[10:36:01]: signal in logmode 
Debug[10:36:01]: "INF(10:36:01.269):Connected to \\.\COM56" 
Debug[10:36:01]: log_breakpoint 
Debug[10:36:01]: 5 
Warning[10:36:01]: Could not parse stylesheet of widget 0x334d078
Debug[10:36:01]: "Resume:Logs" 
Debug[10:36:01]: "Resume:Settings" 
Debug[10:36:01]: "Resume:UartUartController" 
Debug[10:36:01]: "Resume:UartSpiController" 
Debug[10:36:01]: "Resume:UartSsiController" 
Debug[10:36:01]: "Resume:DSI3Master" 
Debug[10:36:01]: "Resume:ASICMaster" 
Debug[10:36:01]: "Resume:RDUMMaster" 
Debug[10:36:01]: "Resume:DSI3Slave" 
Debug[10:36:01]: "Resume:Measurement" 
Debug[10:36:01]: "Resume:CFARsim" 
Debug[10:59:54]: "Suspend:Settings" 
Debug[10:59:54]: "Suspend:UartUartController" 
Debug[10:59:54]: "Suspend:UartSpiController" 
Debug[10:59:54]: "Suspend:UartSsiController" 
Debug[10:59:54]: "Suspend:DSI3Master" 
Debug[10:59:54]: "Suspend:ASICMaster" 
Debug[10:59:54]: "Suspend:RDUMMaster" 
Debug[10:59:54]: "Suspend:DSI3Slave" 
Debug[10:59:54]: "Suspend:Measurement" 
Debug[10:59:54]: "Suspend:CFARsim" 
Debug[10:59:54]: signal in logmode 
Debug[10:59:54]: "INF(10:59:54.635):Disconnect by user" 
Debug[10:59:54]: log_breakpoint 
Debug[10:59:54]: 5 
Debug[10:59:54]: signal in logmode 
Debug[10:59:54]: "INF(10:59:54.780):Disconnect by user" 
Debug[10:59:54]: log_breakpoint 
Debug[10:59:54]: 5 
Warning[13:00:35]: QObject::connect: Cannot connect LocalServer::log(int,QString) to (null)::slot_addLog(int,QString)
Debug[13:00:35]: LocalServer:new "\\.\pipe\DSI3PAS" 
Debug[13:00:35]: Register specific 
Debug[13:00:36]: DynScaleCaclulate 
Debug[13:00:36]: "init 2 UartUartController" 
Debug[13:00:36]: Ok 
Debug[13:00:36]: "init 3 UartSpiController" 
Debug[13:00:36]: Ok 
Debug[13:00:36]: "init 4 UartSsiController" 
Debug[13:00:36]: Ok 
Debug[13:00:36]: "init 5 DSI3Master" 
Debug[13:00:36]: Ok 
Debug[13:00:36]: "init 6 ASICMaster" 
Debug[13:00:36]: Ok 
Debug[13:00:36]: "init 7 RDUMMaster" 
Debug[13:00:36]: Ok 
Debug[13:00:36]: "init 8 DSI3Slave" 
Debug[13:00:37]: Ok 
Debug[13:00:37]: "init 9 Measurement" 
Debug[13:00:38]: Ok 
Debug[13:00:38]: "init 10 CFARsim" 
Debug[13:00:38]: Ok 
Debug[13:00:38]: MainApp Starting... 
Debug[13:00:39]: Add applets to MainWindow...
 
Debug[13:00:39]: Initialize Connection... 
Debug[13:00:39]: signal in logmode 
Debug[13:00:39]: "INF(13:00:39.523):Mode is OK" 
Debug[13:00:39]: log_breakpoint 
Debug[13:00:39]: 5 
Debug[13:00:39]: signal in logmode 
Debug[13:00:39]: "INF(13:00:39.527):Attempt" 
Debug[13:00:39]: log_breakpoint 
Debug[13:00:39]: 5 
Debug[13:00:39]: signal in logmode 
Debug[13:00:39]: "INF(13:00:39.849):Attempt" 
Debug[13:00:39]: log_breakpoint 
Debug[13:00:39]: 5 
Debug[13:00:40]: signal in logmode 
Debug[13:00:40]: "INF(13:00:40.160):Attempt" 
Debug[13:00:40]: log_breakpoint 
Debug[13:00:40]: 5 
Debug[13:00:40]: signal in logmode 
Debug[13:00:40]: "INF(13:00:40.471):Mode is OK" 
Debug[13:00:40]: log_breakpoint 
Debug[13:00:40]: 5 
Debug[13:00:40]: signal in logmode 
Debug[13:00:40]: "INF(13:00:40.475):Attempt" 
Debug[13:00:40]: log_breakpoint 
Debug[13:00:40]: 5 
Debug[13:00:40]: signal in logmode 
Debug[13:00:40]: "INF(13:00:40.786):Attempt" 
Debug[13:00:40]: log_breakpoint 
Debug[13:00:40]: 5 
Debug[13:00:41]: signal in logmode 
Debug[13:00:41]: "INF(13:00:41.100):Attempt" 
Debug[13:00:41]: log_breakpoint 
Debug[13:00:41]: 5 
Debug[13:00:41]: signal in logmode 
Debug[13:00:41]: "INF(13:00:41.409):Mode is OK" 
Debug[13:00:41]: log_breakpoint 
Debug[13:00:41]: 5 
Debug[13:00:41]: signal in logmode 
Debug[13:00:41]: "INF(13:00:41.412):Attempt" 
Debug[13:00:41]: log_breakpoint 
Debug[13:00:41]: 5 
Debug[13:00:41]: signal in logmode 
Debug[13:00:41]: "INF(13:00:41.569):Mode is OK" 
Debug[13:00:41]: log_breakpoint 
Debug[13:00:41]: 5 
Debug[13:00:41]: signal in logmode 
Debug[13:00:41]: "INF(13:00:41.574):Attempt" 
Debug[13:00:41]: log_breakpoint 
Debug[13:00:41]: 5 
Debug[13:00:41]: signal in logmode 
Debug[13:00:41]: "INF(13:00:41.893):Attempt" 
Debug[13:00:41]: log_breakpoint 
Debug[13:00:41]: 5 
Debug[13:00:42]: signal in logmode 
Debug[13:00:42]: "INF(13:00:42.205):Attempt" 
Debug[13:00:42]: log_breakpoint 
Debug[13:00:42]: 5 
Debug[13:00:42]: signal in logmode 
Debug[13:00:42]: "INF(13:00:42.518):Mode is OK" 
Debug[13:00:42]: log_breakpoint 
Debug[13:00:42]: 5 
Debug[13:00:42]: signal in logmode 
Debug[13:00:42]: "INF(13:00:42.523):Attempt" 
Debug[13:00:42]: log_breakpoint 
Debug[13:00:42]: 5 
Debug[13:00:42]: signal in logmode 
Debug[13:00:42]: "INF(13:00:42.829):Attempt" 
Debug[13:00:42]: log_breakpoint 
Debug[13:00:42]: 5 
Debug[13:00:43]: signal in logmode 
Debug[13:00:43]: "INF(13:00:43.140):Attempt" 
Debug[13:00:43]: log_breakpoint 
Debug[13:00:43]: 5 
Debug[13:00:43]: signal in logmode 
Debug[13:00:43]: "INF(13:00:43.454):Mode is OK" 
Debug[13:00:43]: log_breakpoint 
Debug[13:00:43]: 5 
Debug[13:00:43]: signal in logmode 
Debug[13:00:43]: "INF(13:00:43.458):Attempt" 
Debug[13:00:43]: log_breakpoint 
Debug[13:00:43]: 5 
Debug[13:00:43]: signal in logmode 
Debug[13:00:43]: "INF(13:00:43.775):Attempt" 
Debug[13:00:43]: log_breakpoint 
Debug[13:00:43]: 5 
Debug[13:00:44]: signal in logmode 
Debug[13:00:44]: "INF(13:00:44.089):Attempt" 
Debug[13:00:44]: log_breakpoint 
Debug[13:00:44]: 5 
Debug[13:00:44]: signal in logmode 
Debug[13:00:44]: "INF(13:00:44.404):Mode is OK" 
Debug[13:00:44]: log_breakpoint 
Debug[13:00:44]: 5 
Debug[13:00:44]: signal in logmode 
Debug[13:00:44]: "INF(13:00:44.411):Attempt" 
Debug[13:00:44]: log_breakpoint 
Debug[13:00:44]: 5 
Debug[13:00:44]: signal in logmode 
Debug[13:00:44]: "INF(13:00:44.732):Attempt" 
Debug[13:00:44]: log_breakpoint 
Debug[13:00:44]: 5 
Debug[13:00:45]: signal in logmode 
Debug[13:00:45]: "INF(13:00:45.044):Attempt" 
Debug[13:00:45]: log_breakpoint 
Debug[13:00:45]: 5 
Debug[13:00:47]: signal in logmode 
Debug[13:00:47]: "INF(13:00:47.554):Mode is OK" 
Debug[13:00:47]: log_breakpoint 
Debug[13:00:47]: 5 
Debug[13:00:47]: signal in logmode 
Debug[13:00:47]: "INF(13:00:47.559):Attempt" 
Debug[13:00:47]: log_breakpoint 
Debug[13:00:47]: 5 
Debug[13:00:47]: signal in logmode 
Debug[13:00:47]: "INF(13:00:47.877):Attempt" 
Debug[13:00:47]: log_breakpoint 
Debug[13:00:47]: 5 
Debug[13:00:48]: signal in logmode 
Debug[13:00:48]: "INF(13:00:48.188):Attempt" 
Debug[13:00:48]: log_breakpoint 
Debug[13:00:48]: 5 
Debug[13:00:48]: signal in logmode 
Debug[13:00:48]: "INF(13:00:48.499):Mode is OK" 
Debug[13:00:48]: log_breakpoint 
Debug[13:00:48]: 5 
Debug[13:00:48]: signal in logmode 
Debug[13:00:48]: "INF(13:00:48.501):Attempt" 
Debug[13:00:48]: log_breakpoint 
Debug[13:00:48]: 5 
Debug[13:00:48]: signal in logmode 
Debug[13:00:48]: "INF(13:00:48.812):Attempt" 
Debug[13:00:48]: log_breakpoint 
Debug[13:00:48]: 5 
Debug[13:00:49]: signal in logmode 
Debug[13:00:49]: "INF(13:00:49.125):Attempt" 
Debug[13:00:49]: log_breakpoint 
Debug[13:00:49]: 5 
Debug[13:00:49]: signal in logmode 
Debug[13:00:49]: "INF(13:00:49.437):Mode is OK" 
Debug[13:00:49]: log_breakpoint 
Debug[13:00:49]: 5 
Debug[13:00:49]: signal in logmode 
Debug[13:00:49]: "INF(13:00:49.440):Attempt" 
Debug[13:00:49]: log_breakpoint 
Debug[13:00:49]: 5 
Debug[13:00:49]: signal in logmode 
Debug[13:00:49]: "INF(13:00:49.468):RDUM master connected" 
Debug[13:00:49]: log_breakpoint 
Debug[13:00:49]: 5 
Debug[13:00:49]: signal in logmode 
Debug[13:00:49]: "INF(13:00:49.473):Connected to \\.\COM56" 
Debug[13:00:49]: log_breakpoint 
Debug[13:00:49]: 5 
Warning[13:00:49]: Could not parse stylesheet of widget 0x2c9cd18
Debug[13:00:49]: "Resume:Logs" 
Debug[13:00:49]: "Resume:Settings" 
Debug[13:00:49]: "Resume:UartUartController" 
Debug[13:00:49]: "Resume:UartSpiController" 
Debug[13:00:49]: "Resume:UartSsiController" 
Debug[13:00:49]: "Resume:DSI3Master" 
Debug[13:00:49]: "Resume:ASICMaster" 
Debug[13:00:49]: "Resume:RDUMMaster" 
Debug[13:00:49]: "Resume:DSI3Slave" 
Debug[13:00:49]: "Resume:Measurement" 
Debug[13:00:49]: "Resume:CFARsim" 
Debug[13:28:27]: "Suspend:Settings" 
Debug[13:28:27]: "Suspend:UartUartController" 
Debug[13:28:27]: "Suspend:UartSpiController" 
Debug[13:28:27]: "Suspend:UartSsiController" 
Debug[13:28:27]: "Suspend:DSI3Master" 
Debug[13:28:27]: "Suspend:ASICMaster" 
Debug[13:28:27]: "Suspend:RDUMMaster" 
Debug[13:28:27]: "Suspend:DSI3Slave" 
Debug[13:28:27]: "Suspend:Measurement" 
Debug[13:28:27]: "Suspend:CFARsim" 
Debug[13:28:27]: signal in logmode 
Debug[13:28:27]: "INF(13:28:27.973):Disconnect by user" 
Debug[13:28:27]: log_breakpoint 
Debug[13:28:27]: 5 
Debug[13:28:28]: signal in logmode 
Debug[13:28:28]: "INF(13:28:28.168):Disconnect by user" 
Debug[13:28:28]: log_breakpoint 
Debug[13:28:28]: 5 
