Warning[07:46:57]: QObject::connect: Cannot connect LocalServer::log(int,QString) to (null)::slot_addLog(int,QString)
Debug[07:46:57]: LocalServer:new "\\.\pipe\DSI3PAS" 
Debug[07:46:57]: Register specific 
Debug[07:46:57]: DynScaleCaclulate 
Debug[07:46:57]: "init 2 UartUartController" 
Debug[07:46:57]: Ok 
Debug[07:46:57]: "init 3 UartSpiController" 
Debug[07:46:57]: Ok 
Debug[07:46:57]: "init 4 UartSsiController" 
Debug[07:46:57]: Ok 
Debug[07:46:57]: "init 5 DSI3Master" 
Debug[07:46:57]: Ok 
Debug[07:46:57]: "init 6 ASICMaster" 
Debug[07:46:57]: Ok 
Debug[07:46:57]: "init 7 RDUMMaster" 
Debug[07:46:57]: Ok 
Debug[07:46:57]: "init 8 DSI3Slave" 
Debug[07:46:58]: Ok 
Debug[07:46:58]: "init 9 Measurement" 
Debug[07:46:59]: Ok 
Debug[07:46:59]: "init 10 CFARsim" 
Debug[07:46:59]: Ok 
Debug[07:46:59]: MainApp Starting... 
Debug[07:46:59]: Add applets to MainWindow...
 
Debug[07:46:59]: Initialize Connection... 
Debug[07:47:00]: signal in logmode 
Debug[07:47:00]: "INF(07:47:00.195):Mode is OK" 
Debug[07:47:00]: log_breakpoint 
Debug[07:47:00]: 5 
Debug[07:47:00]: signal in logmode 
Debug[07:47:00]: "INF(07:47:00.197):Attempt" 
Debug[07:47:00]: log_breakpoint 
Debug[07:47:00]: 5 
Debug[07:47:00]: signal in logmode 
Debug[07:47:00]: "INF(07:47:00.514):Attempt" 
Debug[07:47:00]: log_breakpoint 
Debug[07:47:00]: 5 
Debug[07:47:00]: signal in logmode 
Debug[07:47:00]: "INF(07:47:00.826):Attempt" 
Debug[07:47:00]: log_breakpoint 
Debug[07:47:00]: 5 
Debug[07:47:01]: signal in logmode 
Debug[07:47:01]: "INF(07:47:01.136):Mode is OK" 
Debug[07:47:01]: log_breakpoint 
Debug[07:47:01]: 5 
Debug[07:47:01]: signal in logmode 
Debug[07:47:01]: "INF(07:47:01.140):Attempt" 
Debug[07:47:01]: log_breakpoint 
Debug[07:47:01]: 5 
Debug[07:47:01]: signal in logmode 
Debug[07:47:01]: "INF(07:47:01.444):Attempt" 
Debug[07:47:01]: log_breakpoint 
Debug[07:47:01]: 5 
Debug[07:47:01]: signal in logmode 
Debug[07:47:01]: "INF(07:47:01.760):Attempt" 
Debug[07:47:01]: log_breakpoint 
Debug[07:47:01]: 5 
Debug[07:47:02]: signal in logmode 
Debug[07:47:02]: "INF(07:47:02.072):Mode is OK" 
Debug[07:47:02]: log_breakpoint 
Debug[07:47:02]: 5 
Debug[07:47:02]: signal in logmode 
Debug[07:47:02]: "INF(07:47:02.076):Attempt" 
Debug[07:47:02]: log_breakpoint 
Debug[07:47:02]: 5 
Debug[07:47:02]: signal in logmode 
Debug[07:47:02]: "INF(07:47:02.231):Mode is OK" 
Debug[07:47:02]: log_breakpoint 
Debug[07:47:02]: 5 
Debug[07:47:02]: signal in logmode 
Debug[07:47:02]: "INF(07:47:02.234):Attempt" 
Debug[07:47:02]: log_breakpoint 
Debug[07:47:02]: 5 
Debug[07:47:02]: signal in logmode 
Debug[07:47:02]: "INF(07:47:02.552):Attempt" 
Debug[07:47:02]: log_breakpoint 
Debug[07:47:02]: 5 
Debug[07:47:02]: signal in logmode 
Debug[07:47:02]: "INF(07:47:02.863):Attempt" 
Debug[07:47:02]: log_breakpoint 
Debug[07:47:02]: 5 
Debug[07:47:03]: signal in logmode 
Debug[07:47:03]: "INF(07:47:03.178):Mode is OK" 
Debug[07:47:03]: log_breakpoint 
Debug[07:47:03]: 5 
Debug[07:47:03]: signal in logmode 
Debug[07:47:03]: "INF(07:47:03.182):Attempt" 
Debug[07:47:03]: log_breakpoint 
Debug[07:47:03]: 5 
Debug[07:47:03]: signal in logmode 
Debug[07:47:03]: "INF(07:47:03.490):Attempt" 
Debug[07:47:03]: log_breakpoint 
Debug[07:47:03]: 5 
Debug[07:47:03]: signal in logmode 
Debug[07:47:03]: "INF(07:47:03.800):Attempt" 
Debug[07:47:03]: log_breakpoint 
Debug[07:47:03]: 5 
Debug[07:47:04]: signal in logmode 
Debug[07:47:04]: "INF(07:47:04.117):Mode is OK" 
Debug[07:47:04]: log_breakpoint 
Debug[07:47:04]: 5 
Debug[07:47:04]: signal in logmode 
Debug[07:47:04]: "INF(07:47:04.121):Attempt" 
Debug[07:47:04]: log_breakpoint 
Debug[07:47:04]: 5 
Debug[07:47:04]: signal in logmode 
Debug[07:47:04]: "INF(07:47:04.429):Attempt" 
Debug[07:47:04]: log_breakpoint 
Debug[07:47:04]: 5 
Debug[07:47:04]: signal in logmode 
Debug[07:47:04]: "INF(07:47:04.740):Attempt" 
Debug[07:47:04]: log_breakpoint 
Debug[07:47:04]: 5 
Debug[07:47:05]: signal in logmode 
Debug[07:47:05]: "INF(07:47:05.050):Mode is OK" 
Debug[07:47:05]: log_breakpoint 
Debug[07:47:05]: 5 
Debug[07:47:05]: signal in logmode 
Debug[07:47:05]: "INF(07:47:05.054):Attempt" 
Debug[07:47:05]: log_breakpoint 
Debug[07:47:05]: 5 
Debug[07:47:05]: signal in logmode 
Debug[07:47:05]: "INF(07:47:05.362):Attempt" 
Debug[07:47:05]: log_breakpoint 
Debug[07:47:05]: 5 
Debug[07:47:05]: signal in logmode 
Debug[07:47:05]: "INF(07:47:05.673):Attempt" 
Debug[07:47:05]: log_breakpoint 
Debug[07:47:05]: 5 
Debug[07:47:12]: signal in logmode 
Debug[07:47:12]: "INF(07:47:12.922):Mode is OK" 
Debug[07:47:12]: log_breakpoint 
Debug[07:47:12]: 5 
Debug[07:47:12]: signal in logmode 
Debug[07:47:12]: "INF(07:47:12.925):Attempt" 
Debug[07:47:12]: log_breakpoint 
Debug[07:47:12]: 5 
Debug[07:47:13]: signal in logmode 
Debug[07:47:13]: "INF(07:47:13.235):Attempt" 
Debug[07:47:13]: log_breakpoint 
Debug[07:47:13]: 5 
Debug[07:47:13]: signal in logmode 
Debug[07:47:13]: "INF(07:47:13.548):Attempt" 
Debug[07:47:13]: log_breakpoint 
Debug[07:47:13]: 5 
Debug[07:47:13]: signal in logmode 
Debug[07:47:13]: "INF(07:47:13.858):Mode is OK" 
Debug[07:47:13]: log_breakpoint 
Debug[07:47:13]: 5 
Debug[07:47:13]: signal in logmode 
Debug[07:47:13]: "INF(07:47:13.862):Attempt" 
Debug[07:47:13]: log_breakpoint 
Debug[07:47:13]: 5 
Debug[07:47:14]: signal in logmode 
Debug[07:47:14]: "INF(07:47:14.166):Attempt" 
Debug[07:47:14]: log_breakpoint 
Debug[07:47:14]: 5 
Debug[07:47:14]: signal in logmode 
Debug[07:47:14]: "INF(07:47:14.479):Attempt" 
Debug[07:47:14]: log_breakpoint 
Debug[07:47:14]: 5 
Debug[07:47:14]: signal in logmode 
Debug[07:47:14]: "INF(07:47:14.793):Mode is OK" 
Debug[07:47:14]: log_breakpoint 
Debug[07:47:14]: 5 
Debug[07:47:14]: signal in logmode 
Debug[07:47:14]: "INF(07:47:14.796):Attempt" 
Debug[07:47:14]: log_breakpoint 
Debug[07:47:14]: 5 
Debug[07:47:14]: signal in logmode 
Debug[07:47:14]: "INF(07:47:14.807):RDUM master connected" 
Debug[07:47:14]: log_breakpoint 
Debug[07:47:14]: 5 
Debug[07:47:14]: signal in logmode 
Debug[07:47:14]: "INF(07:47:14.810):Connected to \\.\COM36" 
Debug[07:47:14]: log_breakpoint 
Debug[07:47:14]: 5 
Warning[07:47:14]: Could not parse stylesheet of widget 0x32af880
Debug[07:47:14]: "Resume:Logs" 
Debug[07:47:14]: "Resume:Settings" 
Debug[07:47:14]: "Resume:UartUartController" 
Debug[07:47:14]: "Resume:UartSpiController" 
Debug[07:47:14]: "Resume:UartSsiController" 
Debug[07:47:14]: "Resume:DSI3Master" 
Debug[07:47:14]: "Resume:ASICMaster" 
Debug[07:47:14]: "Resume:RDUMMaster" 
Debug[07:47:14]: "Resume:DSI3Slave" 
Debug[07:47:14]: "Resume:Measurement" 
Debug[07:47:14]: "Resume:CFARsim" 
Debug[14:22:59]: "Suspend:Settings" 
Debug[14:22:59]: "Suspend:UartUartController" 
Debug[14:22:59]: "Suspend:UartSpiController" 
Debug[14:22:59]: "Suspend:UartSsiController" 
Debug[14:22:59]: "Suspend:DSI3Master" 
Debug[14:22:59]: "Suspend:ASICMaster" 
Debug[14:22:59]: "Suspend:RDUMMaster" 
Debug[14:22:59]: "Suspend:DSI3Slave" 
Debug[14:22:59]: "Suspend:Measurement" 
Debug[14:22:59]: "Suspend:CFARsim" 
Debug[14:22:59]: signal in logmode 
Debug[14:22:59]: "INF(14:22:59.223):Disconnect by user" 
Debug[14:22:59]: log_breakpoint 
Debug[14:22:59]: 5 
Debug[14:22:59]: signal in logmode 
Debug[14:22:59]: "INF(14:22:59.270):Disconnect by user" 
Debug[14:22:59]: log_breakpoint 
Debug[14:22:59]: 5 
