Warning[15:37:49]: QObject::connect: Cannot connect LocalServer::log(int,QString) to (null)::slot_addLog(int,QString)
Debug[15:37:49]: LocalServer:new "\\.\pipe\DSI3PASd" 
Debug[15:37:49]: Register specific 
Debug[15:37:50]: DynScaleCaclulate 
Debug[15:37:51]: "init 2 UartUartController" 
Debug[15:37:51]: Ok 
Debug[15:37:51]: "init 3 UartSpiController" 
Debug[15:37:51]: Ok 
Debug[15:37:51]: "init 4 UartSsiController" 
Debug[15:37:51]: Ok 
Debug[15:37:51]: "init 5 DSI3Master" 
Debug[15:37:51]: Ok 
Debug[15:37:51]: "init 6 ASICMaster" 
Debug[15:37:51]: Ok 
Debug[15:37:51]: "init 7 RDUMMaster" 
Debug[15:37:51]: Ok 
Debug[15:37:51]: "init 8 DSI3Slave" 
Debug[15:37:53]: Ok 
Debug[15:37:53]: "init 9 Measurement" 
Debug[15:37:54]: Ok 
Debug[15:37:54]: "init 10 CFARsim" 
Debug[15:37:54]: Ok 
Debug[15:37:54]: Using SERPORT
Debug[15:37:54]: MainApp Starting... 
Debug[15:37:56]: Add applets to MainWindow...
 
Debug[15:37:56]: Initialize Connection... 
Debug[15:37:56]: signal in logmode 
Debug[15:37:56]: "INF(15:37:56.920):Mode is OK" 
Debug[15:37:56]: log_breakpoint 
Debug[15:37:56]: 5 
Debug[15:37:56]: signal in logmode 
Debug[15:37:56]: "INF(15:37:56.924):Attempt" 
Debug[15:37:56]: log_breakpoint 
Debug[15:37:56]: 5 
Debug[15:37:57]: signal in logmode 
Debug[15:37:57]: "INF(15:37:57.246):Attempt" 
Debug[15:37:57]: log_breakpoint 
Debug[15:37:57]: 5 
Debug[15:37:57]: signal in logmode 
Debug[15:37:57]: "INF(15:37:57.561):Attempt" 
Debug[15:37:57]: log_breakpoint 
Debug[15:37:57]: 5 
Debug[15:37:57]: signal in logmode 
Debug[15:37:57]: "INF(15:37:57.874):Mode is OK" 
Debug[15:37:57]: log_breakpoint 
Debug[15:37:57]: 5 
Debug[15:37:57]: signal in logmode 
Debug[15:37:57]: "INF(15:37:57.878):Attempt" 
Debug[15:37:57]: log_breakpoint 
Debug[15:37:57]: 5 
Debug[15:37:58]: signal in logmode 
Debug[15:37:58]: "INF(15:37:58.186):Attempt" 
Debug[15:37:58]: log_breakpoint 
Debug[15:37:58]: 5 
Debug[15:37:58]: signal in logmode 
Debug[15:37:58]: "INF(15:37:58.499):Attempt" 
Debug[15:37:58]: log_breakpoint 
Debug[15:37:58]: 5 
Debug[15:37:58]: signal in logmode 
Debug[15:37:58]: "INF(15:37:58.812):Mode is OK" 
Debug[15:37:58]: log_breakpoint 
Debug[15:37:58]: 5 
Debug[15:37:58]: signal in logmode 
Debug[15:37:58]: "INF(15:37:58.817):Attempt" 
Debug[15:37:58]: log_breakpoint 
Debug[15:37:58]: 5 
Debug[15:37:58]: signal in logmode 
Debug[15:37:58]: "INF(15:37:58.986):Mode is OK" 
Debug[15:37:58]: log_breakpoint 
Debug[15:37:58]: 5 
Debug[15:37:58]: signal in logmode 
Debug[15:37:58]: "INF(15:37:58.994):Attempt" 
Debug[15:37:58]: log_breakpoint 
Debug[15:37:58]: 5 
Debug[15:37:59]: signal in logmode 
Debug[15:37:59]: "INF(15:37:59.316):Attempt" 
Debug[15:37:59]: log_breakpoint 
Debug[15:37:59]: 5 
Debug[15:37:59]: signal in logmode 
Debug[15:37:59]: "INF(15:37:59.634):Attempt" 
Debug[15:37:59]: log_breakpoint 
Debug[15:37:59]: 5 
Debug[15:37:59]: signal in logmode 
Debug[15:37:59]: "INF(15:37:59.950):Mode is OK" 
Debug[15:37:59]: log_breakpoint 
Debug[15:37:59]: 5 
Debug[15:37:59]: signal in logmode 
Debug[15:37:59]: "INF(15:37:59.957):Attempt" 
Debug[15:37:59]: log_breakpoint 
Debug[15:37:59]: 5 
Debug[15:38:00]: signal in logmode 
Debug[15:38:00]: "INF(15:38:00.282):Attempt" 
Debug[15:38:00]: log_breakpoint 
Debug[15:38:00]: 5 
Debug[15:38:00]: signal in logmode 
Debug[15:38:00]: "INF(15:38:00.594):Attempt" 
Debug[15:38:00]: log_breakpoint 
Debug[15:38:00]: 5 
Debug[15:38:00]: signal in logmode 
Debug[15:38:00]: "INF(15:38:00.905):Mode is OK" 
Debug[15:38:00]: log_breakpoint 
Debug[15:38:00]: 5 
Debug[15:38:00]: signal in logmode 
Debug[15:38:00]: "INF(15:38:00.910):Attempt" 
Debug[15:38:00]: log_breakpoint 
Debug[15:38:00]: 5 
Debug[15:38:01]: signal in logmode 
Debug[15:38:01]: "INF(15:38:01.217):Attempt" 
Debug[15:38:01]: log_breakpoint 
Debug[15:38:01]: 5 
Debug[15:38:01]: signal in logmode 
Debug[15:38:01]: "INF(15:38:01.528):Attempt" 
Debug[15:38:01]: log_breakpoint 
Debug[15:38:01]: 5 
Debug[15:38:01]: signal in logmode 
Debug[15:38:01]: "INF(15:38:01.972):Mode is OK" 
Debug[15:38:01]: log_breakpoint 
Debug[15:38:01]: 5 
Debug[15:38:01]: signal in logmode 
Debug[15:38:01]: "INF(15:38:01.977):Attempt" 
Debug[15:38:01]: log_breakpoint 
Debug[15:38:01]: 5 
Debug[15:38:02]: signal in logmode 
Debug[15:38:02]: "INF(15:38:02.292):Attempt" 
Debug[15:38:02]: log_breakpoint 
Debug[15:38:02]: 5 
Debug[15:38:02]: signal in logmode 
Debug[15:38:02]: "INF(15:38:02.606):Attempt" 
Debug[15:38:02]: log_breakpoint 
Debug[15:38:02]: 5 
Debug[15:38:02]: signal in logmode 
Debug[15:38:02]: "INF(15:38:02.918):Mode is OK" 
Debug[15:38:02]: log_breakpoint 
Debug[15:38:02]: 5 
Debug[15:38:02]: signal in logmode 
Debug[15:38:02]: "INF(15:38:02.924):Attempt" 
Debug[15:38:02]: log_breakpoint 
Debug[15:38:02]: 5 
Debug[15:38:03]: signal in logmode 
Debug[15:38:03]: "INF(15:38:03.247):Attempt" 
Debug[15:38:03]: log_breakpoint 
Debug[15:38:03]: 5 
Debug[15:38:03]: signal in logmode 
Debug[15:38:03]: "INF(15:38:03.560):Attempt" 
Debug[15:38:03]: log_breakpoint 
Debug[15:38:03]: 5 
Debug[15:38:03]: signal in logmode 
Debug[15:38:03]: "INF(15:38:03.874):Mode is OK" 
Debug[15:38:03]: log_breakpoint 
Debug[15:38:03]: 5 
Debug[15:38:03]: signal in logmode 
Debug[15:38:03]: "INF(15:38:03.879):Attempt" 
Debug[15:38:03]: log_breakpoint 
Debug[15:38:03]: 5 
Debug[15:38:04]: signal in logmode 
Debug[15:38:04]: "INF(15:38:04.184):Attempt" 
Debug[15:38:04]: log_breakpoint 
Debug[15:38:04]: 5 
Debug[15:38:04]: signal in logmode 
Debug[15:38:04]: "INF(15:38:04.495):Attempt" 
Debug[15:38:04]: log_breakpoint 
Debug[15:38:04]: 5 
Debug[15:38:13]: signal in logmode 
Debug[15:38:13]: "INF(15:38:13.505):Mode is OK" 
Debug[15:38:13]: log_breakpoint 
Debug[15:38:13]: 5 
Debug[15:38:13]: signal in logmode 
Debug[15:38:13]: "INF(15:38:13.507):Attempt" 
Debug[15:38:13]: log_breakpoint 
Debug[15:38:13]: 5 
Debug[15:38:13]: signal in logmode 
Debug[15:38:13]: "INF(15:38:13.815):Attempt" 
Debug[15:38:13]: log_breakpoint 
Debug[15:38:13]: 5 
Debug[15:38:14]: signal in logmode 
Debug[15:38:14]: "INF(15:38:14.126):Attempt" 
Debug[15:38:14]: log_breakpoint 
Debug[15:38:14]: 5 
Debug[15:38:14]: signal in logmode 
Debug[15:38:14]: "INF(15:38:14.439):Mode is OK" 
Debug[15:38:14]: log_breakpoint 
Debug[15:38:14]: 5 
Debug[15:38:14]: signal in logmode 
Debug[15:38:14]: "INF(15:38:14.443):Attempt" 
Debug[15:38:14]: log_breakpoint 
Debug[15:38:14]: 5 
Debug[15:38:14]: signal in logmode 
Debug[15:38:14]: "INF(15:38:14.753):Attempt" 
Debug[15:38:14]: log_breakpoint 
Debug[15:38:14]: 5 
Debug[15:38:15]: signal in logmode 
Debug[15:38:15]: "INF(15:38:15.064):Attempt" 
Debug[15:38:15]: log_breakpoint 
Debug[15:38:15]: 5 
Debug[15:38:15]: signal in logmode 
Debug[15:38:15]: "INF(15:38:15.379):Mode is OK" 
Debug[15:38:15]: log_breakpoint 
Debug[15:38:15]: 5 
Debug[15:38:15]: signal in logmode 
Debug[15:38:15]: "INF(15:38:15.381):Attempt" 
Debug[15:38:15]: log_breakpoint 
Debug[15:38:15]: 5 
Debug[15:38:15]: signal in logmode 
Debug[15:38:15]: "INF(15:38:15.390):RDUM master connected" 
Debug[15:38:15]: log_breakpoint 
Debug[15:38:15]: 5 
Debug[15:38:15]: signal in logmode 
Debug[15:38:15]: "INF(15:38:15.392):Connected to \\.\COM7" 
Debug[15:38:15]: log_breakpoint 
Debug[15:38:15]: 5 
Warning[15:38:15]: Could not parse stylesheet of widget 0x35d5248
Debug[15:38:15]: "Resume:Logs" 
Debug[15:38:15]: "Resume:Settings" 
Debug[15:38:15]: "Resume:UartUartController" 
Debug[15:38:15]: "Resume:UartSpiController" 
Debug[15:38:15]: "Resume:UartSsiController" 
Debug[15:38:15]: "Resume:DSI3Master" 
Debug[15:38:15]: "Resume:ASICMaster" 
Debug[15:38:15]: "Resume:RDUMMaster" 
Debug[15:38:15]: "Resume:DSI3Slave" 
Debug[15:38:15]: "Resume:Measurement" 
Debug[15:38:15]: "Resume:CFARsim" 
Debug[16:08:44]: "Suspend:Settings" 
Debug[16:08:44]: "Suspend:UartUartController" 
Debug[16:08:44]: "Suspend:UartSpiController" 
Debug[16:08:44]: "Suspend:UartSsiController" 
Debug[16:08:44]: "Suspend:DSI3Master" 
Debug[16:08:44]: "Suspend:ASICMaster" 
Debug[16:08:44]: "Suspend:RDUMMaster" 
Debug[16:08:44]: "Suspend:DSI3Slave" 
Debug[16:08:44]: "Suspend:Measurement" 
Debug[16:08:44]: "Suspend:CFARsim" 
Debug[16:08:44]: signal in logmode 
Debug[16:08:44]: "INF(16:08:44.484):Disconnect by user" 
Debug[16:08:44]: log_breakpoint 
Debug[16:08:44]: 5 
Debug[16:08:44]: signal in logmode 
Debug[16:08:44]: "INF(16:08:44.495):Disconnect by user" 
Debug[16:08:44]: log_breakpoint 
Debug[16:08:44]: 5 
