Warning[10:55:23]: QObject::connect: Cannot connect LocalServer::log(int,QString) to (null)::slot_addLog(int,QString)
Debug[10:55:23]: LocalServer:new "\\.\pipe\DSI3PAS" 
Debug[10:55:23]: Register specific 
Debug[10:55:24]: DynScaleCaclulate 
Debug[10:55:24]: "init 2 UartUartController" 
Debug[10:55:24]: Ok 
Debug[10:55:24]: "init 3 UartSpiController" 
Debug[10:55:24]: Ok 
Debug[10:55:24]: "init 4 UartSsiController" 
Debug[10:55:24]: Ok 
Debug[10:55:24]: "init 5 DSI3Master" 
Debug[10:55:24]: Ok 
Debug[10:55:24]: "init 6 ASICMaster" 
Debug[10:55:24]: Ok 
Debug[10:55:24]: "init 7 RDUMMaster" 
Debug[10:55:24]: Ok 
Debug[10:55:24]: "init 8 DSI3Slave" 
Debug[10:55:25]: Ok 
Debug[10:55:25]: "init 9 Measurement" 
Debug[10:55:26]: Ok 
Debug[10:55:26]: "init 10 CFARsim" 
Debug[10:55:26]: Ok 
Debug[10:55:26]: MainApp Starting... 
Debug[10:55:27]: Add applets to MainWindow...
 
Debug[10:55:27]: Initialize Connection... 
Debug[10:55:30]: signal in logmode 
Debug[10:55:30]: "INF(10:55:30.810):Disconnect by user" 
Debug[10:55:30]: log_breakpoint 
Debug[10:55:30]: 5 
Debug[10:55:30]: signal in logmode 
Debug[10:55:30]: "INF(10:55:30.864):Disconnect by user" 
Debug[10:55:30]: log_breakpoint 
Debug[10:55:30]: 5 
