Warning[15:00:26]: QObject::connect: Cannot connect LocalServer::log(int,QString) to (null)::slot_addLog(int,QString)
Debug[15:00:26]: LocalServer:new "\\.\pipe\DSI3PAS" 
Debug[15:00:26]: Register specific 
Debug[15:00:27]: DynScaleCaclulate 
Debug[15:00:27]: "init 2 UartUartController" 
Debug[15:00:27]: Ok 
Debug[15:00:27]: "init 3 UartSpiController" 
Debug[15:00:27]: Ok 
Debug[15:00:27]: "init 4 UartSsiController" 
Debug[15:00:27]: Ok 
Debug[15:00:27]: "init 5 DSI3Master" 
Debug[15:00:27]: Ok 
Debug[15:00:27]: "init 6 ASICMaster" 
Debug[15:00:27]: Ok 
Debug[15:00:27]: "init 7 RDUMMaster" 
Debug[15:00:27]: Ok 
Debug[15:00:27]: "init 8 DSI3Slave" 
Debug[15:00:28]: Ok 
Debug[15:00:28]: "init 9 Measurement" 
Debug[15:00:29]: Ok 
Debug[15:00:29]: "init 10 CFARsim" 
Debug[15:00:29]: Ok 
Debug[15:00:29]: MainApp Starting... 
Debug[15:00:29]: Add applets to MainWindow...
 
Debug[15:00:29]: Initialize Connection... 
Debug[15:00:30]: signal in logmode 
Debug[15:00:30]: "INF(15:00:30.089):Mode is OK" 
Debug[15:00:30]: log_breakpoint 
Debug[15:00:30]: 5 
Debug[15:00:30]: signal in logmode 
Debug[15:00:30]: "INF(15:00:30.092):Attempt" 
Debug[15:00:30]: log_breakpoint 
Debug[15:00:30]: 5 
Debug[15:00:30]: signal in logmode 
Debug[15:00:30]: "INF(15:00:30.245):Mode is OK" 
Debug[15:00:30]: log_breakpoint 
Debug[15:00:30]: 5 
Debug[15:00:30]: signal in logmode 
Debug[15:00:30]: "INF(15:00:30.248):Attempt" 
Debug[15:00:30]: log_breakpoint 
Debug[15:00:30]: 5 
Debug[15:00:30]: signal in logmode 
Debug[15:00:30]: "INF(15:00:30.555):Attempt" 
Debug[15:00:30]: log_breakpoint 
Debug[15:00:30]: 5 
Debug[15:00:30]: signal in logmode 
Debug[15:00:30]: "INF(15:00:30.868):Attempt" 
Debug[15:00:30]: log_breakpoint 
Debug[15:00:30]: 5 
Debug[15:00:31]: signal in logmode 
Debug[15:00:31]: "INF(15:00:31.179):Mode is OK" 
Debug[15:00:31]: log_breakpoint 
Debug[15:00:31]: 5 
Debug[15:00:31]: signal in logmode 
Debug[15:00:31]: "INF(15:00:31.182):Attempt" 
Debug[15:00:31]: log_breakpoint 
Debug[15:00:31]: 5 
Debug[15:00:31]: signal in logmode 
Debug[15:00:31]: "INF(15:00:31.494):Attempt" 
Debug[15:00:31]: log_breakpoint 
Debug[15:00:31]: 5 
Debug[15:00:31]: signal in logmode 
Debug[15:00:31]: "INF(15:00:31.806):Attempt" 
Debug[15:00:31]: log_breakpoint 
Debug[15:00:31]: 5 
Debug[15:00:32]: signal in logmode 
Debug[15:00:32]: "INF(15:00:32.119):Mode is OK" 
Debug[15:00:32]: log_breakpoint 
Debug[15:00:32]: 5 
Debug[15:00:32]: signal in logmode 
Debug[15:00:32]: "INF(15:00:32.122):Attempt" 
Debug[15:00:32]: log_breakpoint 
Debug[15:00:32]: 5 
Debug[15:00:32]: signal in logmode 
Debug[15:00:32]: "INF(15:00:32.430):Attempt" 
Debug[15:00:32]: log_breakpoint 
Debug[15:00:32]: 5 
Debug[15:00:32]: signal in logmode 
Debug[15:00:32]: "INF(15:00:32.742):Attempt" 
Debug[15:00:32]: log_breakpoint 
Debug[15:00:32]: 5 
Debug[15:00:33]: signal in logmode 
Debug[15:00:33]: "INF(15:00:33.056):Mode is OK" 
Debug[15:00:33]: log_breakpoint 
Debug[15:00:33]: 5 
Debug[15:00:33]: signal in logmode 
Debug[15:00:33]: "INF(15:00:33.059):Attempt" 
Debug[15:00:33]: log_breakpoint 
Debug[15:00:33]: 5 
Debug[15:00:33]: signal in logmode 
Debug[15:00:33]: "INF(15:00:33.367):Attempt" 
Debug[15:00:33]: log_breakpoint 
Debug[15:00:33]: 5 
Debug[15:00:33]: signal in logmode 
Debug[15:00:33]: "INF(15:00:33.678):Attempt" 
Debug[15:00:33]: log_breakpoint 
Debug[15:00:33]: 5 
Debug[15:00:36]: signal in logmode 
Debug[15:00:36]: "INF(15:00:36.938):Mode is OK" 
Debug[15:00:36]: log_breakpoint 
Debug[15:00:36]: 5 
Debug[15:00:36]: signal in logmode 
Debug[15:00:36]: "INF(15:00:36.940):Attempt" 
Debug[15:00:36]: log_breakpoint 
Debug[15:00:36]: 5 
Debug[15:00:36]: signal in logmode 
Debug[15:00:36]: "INF(15:00:36.950):ASIC master connected" 
Debug[15:00:36]: log_breakpoint 
Debug[15:00:36]: 5 
Debug[15:00:36]: signal in logmode 
Debug[15:00:36]: "INF(15:00:36.952):Connected to \\.\COM122" 
Debug[15:00:36]: log_breakpoint 
Debug[15:00:36]: 5 
Warning[15:00:36]: Could not parse stylesheet of widget 0x2e17220
Debug[15:00:36]: "Resume:Logs" 
Debug[15:00:36]: "Resume:Settings" 
Debug[15:00:36]: "Resume:UartUartController" 
Debug[15:00:36]: "Resume:UartSpiController" 
Debug[15:00:36]: "Resume:UartSsiController" 
Debug[15:00:36]: "Resume:DSI3Master" 
Debug[15:00:36]: "Resume:ASICMaster" 
Debug[15:00:36]: "Resume:RDUMMaster" 
Debug[15:00:36]: "Resume:DSI3Slave" 
Debug[15:00:36]: "Resume:Measurement" 
Debug[15:00:36]: "Resume:CFARsim" 
Debug[15:01:10]: "Suspend:Settings" 
Debug[15:01:10]: "Suspend:UartUartController" 
Debug[15:01:10]: "Suspend:UartSpiController" 
Debug[15:01:10]: "Suspend:UartSsiController" 
Debug[15:01:10]: "Suspend:DSI3Master" 
Debug[15:01:10]: "Suspend:ASICMaster" 
Debug[15:01:10]: "Suspend:RDUMMaster" 
Debug[15:01:10]: "Suspend:DSI3Slave" 
Debug[15:01:10]: "Suspend:Measurement" 
Debug[15:01:10]: "Suspend:CFARsim" 
Debug[15:01:10]: signal in logmode 
Debug[15:01:10]: "INF(15:01:10.629):Disconnect by user" 
Debug[15:01:10]: log_breakpoint 
Debug[15:01:10]: 5 
Debug[15:01:10]: signal in logmode 
Debug[15:01:10]: "INF(15:01:10.798):Disconnect by user" 
Debug[15:01:10]: log_breakpoint 
Debug[15:01:10]: 5 
Warning[15:04:48]: QObject::connect: Cannot connect LocalServer::log(int,QString) to (null)::slot_addLog(int,QString)
Debug[15:04:48]: LocalServer:new "\\.\pipe\DSI3PAS" 
Debug[15:04:48]: Register specific 
Debug[15:04:49]: DynScaleCaclulate 
Debug[15:04:49]: "init 2 UartUartController" 
Debug[15:04:49]: Ok 
Debug[15:04:49]: "init 3 UartSpiController" 
Debug[15:04:49]: Ok 
Debug[15:04:49]: "init 4 UartSsiController" 
Debug[15:04:49]: Ok 
Debug[15:04:49]: "init 5 DSI3Master" 
Debug[15:04:49]: Ok 
Debug[15:04:49]: "init 6 ASICMaster" 
Debug[15:04:49]: Ok 
Debug[15:04:49]: "init 7 RDUMMaster" 
Debug[15:04:49]: Ok 
Debug[15:04:49]: "init 8 DSI3Slave" 
Debug[15:04:49]: Ok 
Debug[15:04:49]: "init 9 Measurement" 
Debug[15:04:50]: Ok 
Debug[15:04:50]: "init 10 CFARsim" 
Debug[15:04:50]: Ok 
Debug[15:04:50]: MainApp Starting... 
Debug[15:04:51]: Add applets to MainWindow...
 
Debug[15:04:51]: Initialize Connection... 
Debug[15:04:51]: signal in logmode 
Debug[15:04:51]: "INF(15:04:51.626):Mode is OK" 
Debug[15:04:51]: log_breakpoint 
Debug[15:04:51]: 5 
Debug[15:04:51]: signal in logmode 
Debug[15:04:51]: "INF(15:04:51.627):Attempt" 
Debug[15:04:51]: log_breakpoint 
Debug[15:04:51]: 5 
Debug[15:04:51]: signal in logmode 
Debug[15:04:51]: "INF(15:04:51.932):Attempt" 
Debug[15:04:51]: log_breakpoint 
Debug[15:04:51]: 5 
Debug[15:04:52]: signal in logmode 
Debug[15:04:52]: "INF(15:04:52.244):Attempt" 
Debug[15:04:52]: log_breakpoint 
Debug[15:04:52]: 5 
Debug[15:04:52]: signal in logmode 
Debug[15:04:52]: "INF(15:04:52.556):Mode is OK" 
Debug[15:04:52]: log_breakpoint 
Debug[15:04:52]: 5 
Debug[15:04:52]: signal in logmode 
Debug[15:04:52]: "INF(15:04:52.560):Attempt" 
Debug[15:04:52]: log_breakpoint 
Debug[15:04:52]: 5 
Debug[15:04:52]: signal in logmode 
Debug[15:04:52]: "INF(15:04:52.867):Attempt" 
Debug[15:04:52]: log_breakpoint 
Debug[15:04:52]: 5 
Debug[15:04:53]: signal in logmode 
Debug[15:04:53]: "INF(15:04:53.179):Attempt" 
Debug[15:04:53]: log_breakpoint 
Debug[15:04:53]: 5 
Debug[15:04:53]: signal in logmode 
Debug[15:04:53]: "INF(15:04:53.493):Mode is OK" 
Debug[15:04:53]: log_breakpoint 
Debug[15:04:53]: 5 
Debug[15:04:53]: signal in logmode 
Debug[15:04:53]: "INF(15:04:53.496):Attempt" 
Debug[15:04:53]: log_breakpoint 
Debug[15:04:53]: 5 
Debug[15:04:53]: signal in logmode 
Debug[15:04:53]: "INF(15:04:53.650):Mode is OK" 
Debug[15:04:53]: log_breakpoint 
Debug[15:04:53]: 5 
Debug[15:04:53]: signal in logmode 
Debug[15:04:53]: "INF(15:04:53.654):Attempt" 
Debug[15:04:53]: log_breakpoint 
Debug[15:04:53]: 5 
Debug[15:04:53]: signal in logmode 
Debug[15:04:53]: "INF(15:04:53.960):Attempt" 
Debug[15:04:53]: log_breakpoint 
Debug[15:04:53]: 5 
Debug[15:04:54]: signal in logmode 
Debug[15:04:54]: "INF(15:04:54.268):Attempt" 
Debug[15:04:54]: log_breakpoint 
Debug[15:04:54]: 5 
Debug[15:04:54]: signal in logmode 
Debug[15:04:54]: "INF(15:04:54.580):Mode is OK" 
Debug[15:04:54]: log_breakpoint 
Debug[15:04:54]: 5 
Debug[15:04:54]: signal in logmode 
Debug[15:04:54]: "INF(15:04:54.583):Attempt" 
Debug[15:04:54]: log_breakpoint 
Debug[15:04:54]: 5 
Debug[15:04:54]: signal in logmode 
Debug[15:04:54]: "INF(15:04:54.891):Attempt" 
Debug[15:04:54]: log_breakpoint 
Debug[15:04:54]: 5 
Debug[15:04:55]: signal in logmode 
Debug[15:04:55]: "INF(15:04:55.204):Attempt" 
Debug[15:04:55]: log_breakpoint 
Debug[15:04:55]: 5 
Debug[15:04:55]: signal in logmode 
Debug[15:04:55]: "INF(15:04:55.516):Mode is OK" 
Debug[15:04:55]: log_breakpoint 
Debug[15:04:55]: 5 
Debug[15:04:55]: signal in logmode 
Debug[15:04:55]: "INF(15:04:55.520):Attempt" 
Debug[15:04:55]: log_breakpoint 
Debug[15:04:55]: 5 
Debug[15:04:55]: signal in logmode 
Debug[15:04:55]: "INF(15:04:55.826):Attempt" 
Debug[15:04:55]: log_breakpoint 
Debug[15:04:55]: 5 
Debug[15:04:56]: signal in logmode 
Debug[15:04:56]: "INF(15:04:56.138):Attempt" 
Debug[15:04:56]: log_breakpoint 
Debug[15:04:56]: 5 
Debug[15:04:56]: signal in logmode 
Debug[15:04:56]: "INF(15:04:56.451):Mode is OK" 
Debug[15:04:56]: log_breakpoint 
Debug[15:04:56]: 5 
Debug[15:04:56]: signal in logmode 
Debug[15:04:56]: "INF(15:04:56.455):Attempt" 
Debug[15:04:56]: log_breakpoint 
Debug[15:04:56]: 5 
Debug[15:04:56]: signal in logmode 
Debug[15:04:56]: "INF(15:04:56.762):Attempt" 
Debug[15:04:56]: log_breakpoint 
Debug[15:04:56]: 5 
Debug[15:04:57]: signal in logmode 
Debug[15:04:57]: "INF(15:04:57.074):Attempt" 
Debug[15:04:57]: log_breakpoint 
Debug[15:04:57]: 5 
Debug[15:05:00]: signal in logmode 
Debug[15:05:00]: "INF(15:05:00.489):Mode is OK" 
Debug[15:05:00]: log_breakpoint 
Debug[15:05:00]: 5 
Debug[15:05:00]: signal in logmode 
Debug[15:05:00]: "INF(15:05:00.492):Attempt" 
Debug[15:05:00]: log_breakpoint 
Debug[15:05:00]: 5 
Debug[15:05:00]: signal in logmode 
Debug[15:05:00]: "INF(15:05:00.799):Attempt" 
Debug[15:05:00]: log_breakpoint 
Debug[15:05:00]: 5 
Debug[15:05:01]: signal in logmode 
Debug[15:05:01]: "INF(15:05:01.111):Attempt" 
Debug[15:05:01]: log_breakpoint 
Debug[15:05:01]: 5 
Debug[15:05:01]: signal in logmode 
Debug[15:05:01]: "INF(15:05:01.423):Mode is OK" 
Debug[15:05:01]: log_breakpoint 
Debug[15:05:01]: 5 
Debug[15:05:01]: signal in logmode 
Debug[15:05:01]: "INF(15:05:01.427):Attempt" 
Debug[15:05:01]: log_breakpoint 
Debug[15:05:01]: 5 
Debug[15:05:01]: signal in logmode 
Debug[15:05:01]: "INF(15:05:01.735):Attempt" 
Debug[15:05:01]: log_breakpoint 
Debug[15:05:01]: 5 
Debug[15:05:02]: signal in logmode 
Debug[15:05:02]: "INF(15:05:02.050):Attempt" 
Debug[15:05:02]: log_breakpoint 
Debug[15:05:02]: 5 
Debug[15:05:02]: signal in logmode 
Debug[15:05:02]: "INF(15:05:02.363):Mode is OK" 
Debug[15:05:02]: log_breakpoint 
Debug[15:05:02]: 5 
Debug[15:05:02]: signal in logmode 
Debug[15:05:02]: "INF(15:05:02.365):Attempt" 
Debug[15:05:02]: log_breakpoint 
Debug[15:05:02]: 5 
Debug[15:05:02]: signal in logmode 
Debug[15:05:02]: "INF(15:05:02.372):RDUM master connected" 
Debug[15:05:02]: log_breakpoint 
Debug[15:05:02]: 5 
Debug[15:05:02]: signal in logmode 
Debug[15:05:02]: "INF(15:05:02.375):Connected to \\.\COM122" 
Debug[15:05:02]: log_breakpoint 
Debug[15:05:02]: 5 
Warning[15:05:02]: Could not parse stylesheet of widget 0x2e47680
Debug[15:05:02]: "Resume:Logs" 
Debug[15:05:02]: "Resume:Settings" 
Debug[15:05:02]: "Resume:UartUartController" 
Debug[15:05:02]: "Resume:UartSpiController" 
Debug[15:05:02]: "Resume:UartSsiController" 
Debug[15:05:02]: "Resume:DSI3Master" 
Debug[15:05:02]: "Resume:ASICMaster" 
Debug[15:05:02]: "Resume:RDUMMaster" 
Debug[15:05:02]: "Resume:DSI3Slave" 
Debug[15:05:02]: "Resume:Measurement" 
Debug[15:05:02]: "Resume:CFARsim" 
Debug[15:05:28]: "Suspend:Settings" 
Debug[15:05:28]: "Suspend:UartUartController" 
Debug[15:05:28]: "Suspend:UartSpiController" 
Debug[15:05:28]: "Suspend:UartSsiController" 
Debug[15:05:28]: "Suspend:DSI3Master" 
Debug[15:05:28]: "Suspend:ASICMaster" 
Debug[15:05:28]: "Suspend:RDUMMaster" 
Debug[15:05:28]: "Suspend:DSI3Slave" 
Debug[15:05:28]: "Suspend:Measurement" 
Debug[15:05:28]: "Suspend:CFARsim" 
Debug[15:05:28]: signal in logmode 
Debug[15:05:28]: "INF(15:05:28.605):Disconnect by user" 
Debug[15:05:28]: log_breakpoint 
Debug[15:05:28]: 5 
Debug[15:05:28]: signal in logmode 
Debug[15:05:28]: "INF(15:05:28.745):Disconnect by user" 
Debug[15:05:28]: log_breakpoint 
Debug[15:05:28]: 5 
Warning[15:05:34]: QObject::connect: Cannot connect LocalServer::log(int,QString) to (null)::slot_addLog(int,QString)
Debug[15:05:34]: LocalServer:new "\\.\pipe\DSI3PAS" 
Debug[15:05:34]: Register specific 
Debug[15:05:35]: DynScaleCaclulate 
Debug[15:05:35]: "init 2 UartUartController" 
Debug[15:05:35]: Ok 
Debug[15:05:35]: "init 3 UartSpiController" 
Debug[15:05:35]: Ok 
Debug[15:05:35]: "init 4 UartSsiController" 
Debug[15:05:35]: Ok 
Debug[15:05:35]: "init 5 DSI3Master" 
Debug[15:05:35]: Ok 
Debug[15:05:35]: "init 6 ASICMaster" 
Debug[15:05:35]: Ok 
Debug[15:05:35]: "init 7 RDUMMaster" 
Debug[15:05:35]: Ok 
Debug[15:05:35]: "init 8 DSI3Slave" 
Debug[15:05:36]: Ok 
Debug[15:05:36]: "init 9 Measurement" 
Debug[15:05:36]: Ok 
Debug[15:05:36]: "init 10 CFARsim" 
Debug[15:05:36]: Ok 
Debug[15:05:36]: MainApp Starting... 
Debug[15:05:37]: Add applets to MainWindow...
 
Debug[15:05:37]: Initialize Connection... 
Debug[15:05:37]: signal in logmode 
Debug[15:05:37]: "INF(15:05:37.688):Mode is OK" 
Debug[15:05:37]: log_breakpoint 
Debug[15:05:37]: 5 
Debug[15:05:37]: signal in logmode 
Debug[15:05:37]: "INF(15:05:37.693):Attempt" 
Debug[15:05:37]: log_breakpoint 
Debug[15:05:37]: 5 
Debug[15:05:38]: signal in logmode 
Debug[15:05:38]: "INF(15:05:38.009):Attempt" 
Debug[15:05:38]: log_breakpoint 
Debug[15:05:38]: 5 
Debug[15:05:38]: signal in logmode 
Debug[15:05:38]: "INF(15:05:38.320):Attempt" 
Debug[15:05:38]: log_breakpoint 
Debug[15:05:38]: 5 
Debug[15:05:38]: signal in logmode 
Debug[15:05:38]: "INF(15:05:38.631):Mode is OK" 
Debug[15:05:38]: log_breakpoint 
Debug[15:05:38]: 5 
Debug[15:05:38]: signal in logmode 
Debug[15:05:38]: "INF(15:05:38.634):Attempt" 
Debug[15:05:38]: log_breakpoint 
Debug[15:05:38]: 5 
Debug[15:05:38]: signal in logmode 
Debug[15:05:38]: "INF(15:05:38.944):Attempt" 
Debug[15:05:38]: log_breakpoint 
Debug[15:05:38]: 5 
Debug[15:05:39]: signal in logmode 
Debug[15:05:39]: "INF(15:05:39.258):Attempt" 
Debug[15:05:39]: log_breakpoint 
Debug[15:05:39]: 5 
Debug[15:05:39]: signal in logmode 
Debug[15:05:39]: "INF(15:05:39.568):Mode is OK" 
Debug[15:05:39]: log_breakpoint 
Debug[15:05:39]: 5 
Debug[15:05:39]: signal in logmode 
Debug[15:05:39]: "INF(15:05:39.570):Attempt" 
Debug[15:05:39]: log_breakpoint 
Debug[15:05:39]: 5 
Debug[15:05:39]: signal in logmode 
Debug[15:05:39]: "INF(15:05:39.729):Mode is OK" 
Debug[15:05:39]: log_breakpoint 
Debug[15:05:39]: 5 
Debug[15:05:39]: signal in logmode 
Debug[15:05:39]: "INF(15:05:39.734):Attempt" 
Debug[15:05:39]: log_breakpoint 
Debug[15:05:39]: 5 
Debug[15:05:40]: signal in logmode 
Debug[15:05:40]: "INF(15:05:40.050):Attempt" 
Debug[15:05:40]: log_breakpoint 
Debug[15:05:40]: 5 
Debug[15:05:40]: signal in logmode 
Debug[15:05:40]: "INF(15:05:40.362):Attempt" 
Debug[15:05:40]: log_breakpoint 
Debug[15:05:40]: 5 
Debug[15:05:40]: signal in logmode 
Debug[15:05:40]: "INF(15:05:40.675):Mode is OK" 
Debug[15:05:40]: log_breakpoint 
Debug[15:05:40]: 5 
Debug[15:05:40]: signal in logmode 
Debug[15:05:40]: "INF(15:05:40.677):Attempt" 
Debug[15:05:40]: log_breakpoint 
Debug[15:05:40]: 5 
Debug[15:05:40]: signal in logmode 
Debug[15:05:40]: "INF(15:05:40.988):Attempt" 
Debug[15:05:40]: log_breakpoint 
Debug[15:05:40]: 5 
Debug[15:05:41]: signal in logmode 
Debug[15:05:41]: "INF(15:05:41.299):Attempt" 
Debug[15:05:41]: log_breakpoint 
Debug[15:05:41]: 5 
Debug[15:05:41]: signal in logmode 
Debug[15:05:41]: "INF(15:05:41.609):Mode is OK" 
Debug[15:05:41]: log_breakpoint 
Debug[15:05:41]: 5 
Debug[15:05:41]: signal in logmode 
Debug[15:05:41]: "INF(15:05:41.612):Attempt" 
Debug[15:05:41]: log_breakpoint 
Debug[15:05:41]: 5 
Debug[15:05:41]: signal in logmode 
Debug[15:05:41]: "INF(15:05:41.923):Attempt" 
Debug[15:05:41]: log_breakpoint 
Debug[15:05:41]: 5 
Debug[15:05:42]: signal in logmode 
Debug[15:05:42]: "INF(15:05:42.233):Attempt" 
Debug[15:05:42]: log_breakpoint 
Debug[15:05:42]: 5 
Debug[15:05:42]: signal in logmode 
Debug[15:05:42]: "INF(15:05:42.543):Mode is OK" 
Debug[15:05:42]: log_breakpoint 
Debug[15:05:42]: 5 
Debug[15:05:42]: signal in logmode 
Debug[15:05:42]: "INF(15:05:42.547):Attempt" 
Debug[15:05:42]: log_breakpoint 
Debug[15:05:42]: 5 
Debug[15:05:42]: signal in logmode 
Debug[15:05:42]: "INF(15:05:42.856):Attempt" 
Debug[15:05:42]: log_breakpoint 
Debug[15:05:42]: 5 
Debug[15:05:43]: signal in logmode 
Debug[15:05:43]: "INF(15:05:43.167):Attempt" 
Debug[15:05:43]: log_breakpoint 
Debug[15:05:43]: 5 
Debug[15:05:46]: signal in logmode 
Debug[15:05:46]: "INF(15:05:46.826):Mode is OK" 
Debug[15:05:46]: log_breakpoint 
Debug[15:05:46]: 5 
Debug[15:05:46]: signal in logmode 
Debug[15:05:46]: "INF(15:05:46.829):Attempt" 
Debug[15:05:46]: log_breakpoint 
Debug[15:05:46]: 5 
Debug[15:05:47]: signal in logmode 
Debug[15:05:47]: "INF(15:05:47.139):Attempt" 
Debug[15:05:47]: log_breakpoint 
Debug[15:05:47]: 5 
Debug[15:05:47]: signal in logmode 
Debug[15:05:47]: "INF(15:05:47.452):Attempt" 
Debug[15:05:47]: log_breakpoint 
Debug[15:05:47]: 5 
Debug[15:05:47]: signal in logmode 
Debug[15:05:47]: "INF(15:05:47.763):Mode is OK" 
Debug[15:05:47]: log_breakpoint 
Debug[15:05:47]: 5 
Debug[15:05:47]: signal in logmode 
Debug[15:05:47]: "INF(15:05:47.768):Attempt" 
Debug[15:05:47]: log_breakpoint 
Debug[15:05:47]: 5 
Debug[15:05:48]: signal in logmode 
Debug[15:05:48]: "INF(15:05:48.079):Attempt" 
Debug[15:05:48]: log_breakpoint 
Debug[15:05:48]: 5 
Debug[15:05:48]: signal in logmode 
Debug[15:05:48]: "INF(15:05:48.387):Attempt" 
Debug[15:05:48]: log_breakpoint 
Debug[15:05:48]: 5 
Debug[15:05:48]: signal in logmode 
Debug[15:05:48]: "INF(15:05:48.702):Mode is OK" 
Debug[15:05:48]: log_breakpoint 
Debug[15:05:48]: 5 
Debug[15:05:48]: signal in logmode 
Debug[15:05:48]: "INF(15:05:48.705):Attempt" 
Debug[15:05:48]: log_breakpoint 
Debug[15:05:48]: 5 
Debug[15:05:48]: signal in logmode 
Debug[15:05:48]: "INF(15:05:48.710):RDUM master connected" 
Debug[15:05:48]: log_breakpoint 
Debug[15:05:48]: 5 
Debug[15:05:48]: signal in logmode 
Debug[15:05:48]: "INF(15:05:48.712):Connected to \\.\COM122" 
Debug[15:05:48]: log_breakpoint 
Debug[15:05:48]: 5 
Warning[15:05:48]: Could not parse stylesheet of widget 0x3267ca0
Debug[15:05:48]: "Resume:Logs" 
Debug[15:05:48]: "Resume:Settings" 
Debug[15:05:48]: "Resume:UartUartController" 
Debug[15:05:48]: "Resume:UartSpiController" 
Debug[15:05:48]: "Resume:UartSsiController" 
Debug[15:05:48]: "Resume:DSI3Master" 
Debug[15:05:48]: "Resume:ASICMaster" 
Debug[15:05:48]: "Resume:RDUMMaster" 
Debug[15:05:48]: "Resume:DSI3Slave" 
Debug[15:05:48]: "Resume:Measurement" 
Debug[15:05:48]: "Resume:CFARsim" 
Debug[15:09:08]: "Suspend:Settings" 
Debug[15:09:08]: "Suspend:UartUartController" 
Debug[15:09:08]: "Suspend:UartSpiController" 
Debug[15:09:08]: "Suspend:UartSsiController" 
Debug[15:09:08]: "Suspend:DSI3Master" 
Debug[15:09:08]: "Suspend:ASICMaster" 
Debug[15:09:08]: "Suspend:RDUMMaster" 
Debug[15:09:08]: "Suspend:DSI3Slave" 
Debug[15:09:08]: "Suspend:Measurement" 
Debug[15:09:08]: "Suspend:CFARsim" 
Debug[15:09:08]: signal in logmode 
Debug[15:09:08]: "INF(15:09:08.172):Disconnect by user" 
Debug[15:09:08]: log_breakpoint 
Debug[15:09:08]: 5 
Debug[15:09:21]: Initialize Connection... 
Debug[15:09:22]: signal in logmode 
Debug[15:09:22]: "INF(15:09:22.463):Mode is OK" 
Debug[15:09:22]: log_breakpoint 
Debug[15:09:22]: 5 
Debug[15:09:22]: signal in logmode 
Debug[15:09:22]: "INF(15:09:22.465):Attempt" 
Debug[15:09:22]: log_breakpoint 
Debug[15:09:22]: 5 
Debug[15:09:22]: signal in logmode 
Debug[15:09:22]: "INF(15:09:22.768):Attempt" 
Debug[15:09:22]: log_breakpoint 
Debug[15:09:22]: 5 
Debug[15:09:23]: signal in logmode 
Debug[15:09:23]: "INF(15:09:23.079):Attempt" 
Debug[15:09:23]: log_breakpoint 
Debug[15:09:23]: 5 
Debug[15:09:23]: signal in logmode 
Debug[15:09:23]: "INF(15:09:23.390):Mode is OK" 
Debug[15:09:23]: log_breakpoint 
Debug[15:09:23]: 5 
Debug[15:09:23]: signal in logmode 
Debug[15:09:23]: "INF(15:09:23.391):Attempt" 
Debug[15:09:23]: log_breakpoint 
Debug[15:09:23]: 5 
Debug[15:09:23]: signal in logmode 
Debug[15:09:23]: "INF(15:09:23.703):Attempt" 
Debug[15:09:23]: log_breakpoint 
Debug[15:09:23]: 5 
Debug[15:09:24]: signal in logmode 
Debug[15:09:24]: "INF(15:09:24.017):Attempt" 
Debug[15:09:24]: log_breakpoint 
Debug[15:09:24]: 5 
Debug[15:09:24]: signal in logmode 
Debug[15:09:24]: "INF(15:09:24.330):Mode is OK" 
Debug[15:09:24]: log_breakpoint 
Debug[15:09:24]: 5 
Debug[15:09:24]: signal in logmode 
Debug[15:09:24]: "INF(15:09:24.334):Attempt" 
Debug[15:09:24]: log_breakpoint 
Debug[15:09:24]: 5 
Debug[15:09:24]: signal in logmode 
Debug[15:09:24]: "INF(15:09:24.489):Mode is OK" 
Debug[15:09:24]: log_breakpoint 
Debug[15:09:24]: 5 
Debug[15:09:24]: signal in logmode 
Debug[15:09:24]: "INF(15:09:24.490):Attempt" 
Debug[15:09:24]: log_breakpoint 
Debug[15:09:24]: 5 
Debug[15:09:24]: signal in logmode 
Debug[15:09:24]: "INF(15:09:24.799):Attempt" 
Debug[15:09:24]: log_breakpoint 
Debug[15:09:24]: 5 
Debug[15:09:25]: signal in logmode 
Debug[15:09:25]: "INF(15:09:25.114):Attempt" 
Debug[15:09:25]: log_breakpoint 
Debug[15:09:25]: 5 
Debug[15:09:25]: signal in logmode 
Debug[15:09:25]: "INF(15:09:25.425):Mode is OK" 
Debug[15:09:25]: log_breakpoint 
Debug[15:09:25]: 5 
Debug[15:09:25]: signal in logmode 
Debug[15:09:25]: "INF(15:09:25.428):Attempt" 
Debug[15:09:25]: log_breakpoint 
Debug[15:09:25]: 5 
Debug[15:09:25]: signal in logmode 
Debug[15:09:25]: "INF(15:09:25.736):Attempt" 
Debug[15:09:25]: log_breakpoint 
Debug[15:09:25]: 5 
Debug[15:09:26]: signal in logmode 
Debug[15:09:26]: "INF(15:09:26.050):Attempt" 
Debug[15:09:26]: log_breakpoint 
Debug[15:09:26]: 5 
Debug[15:09:26]: signal in logmode 
Debug[15:09:26]: "INF(15:09:26.358):Mode is OK" 
Debug[15:09:26]: log_breakpoint 
Debug[15:09:26]: 5 
Debug[15:09:26]: signal in logmode 
Debug[15:09:26]: "INF(15:09:26.360):Attempt" 
Debug[15:09:26]: log_breakpoint 
Debug[15:09:26]: 5 
Debug[15:09:26]: signal in logmode 
Debug[15:09:26]: "INF(15:09:26.677):Attempt" 
Debug[15:09:26]: log_breakpoint 
Debug[15:09:26]: 5 
Debug[15:09:26]: signal in logmode 
Debug[15:09:26]: "INF(15:09:26.988):Attempt" 
Debug[15:09:26]: log_breakpoint 
Debug[15:09:26]: 5 
Debug[15:09:27]: signal in logmode 
Debug[15:09:27]: "INF(15:09:27.301):Mode is OK" 
Debug[15:09:27]: log_breakpoint 
Debug[15:09:27]: 5 
Debug[15:09:27]: signal in logmode 
Debug[15:09:27]: "INF(15:09:27.303):Attempt" 
Debug[15:09:27]: log_breakpoint 
Debug[15:09:27]: 5 
Debug[15:09:27]: signal in logmode 
Debug[15:09:27]: "INF(15:09:27.616):Attempt" 
Debug[15:09:27]: log_breakpoint 
Debug[15:09:27]: 5 
Debug[15:09:27]: signal in logmode 
Debug[15:09:27]: "INF(15:09:27.929):Attempt" 
Debug[15:09:27]: log_breakpoint 
Debug[15:09:27]: 5 
Debug[15:09:29]: signal in logmode 
Debug[15:09:29]: "INF(15:09:29.162):Mode is OK" 
Debug[15:09:29]: log_breakpoint 
Debug[15:09:29]: 5 
Debug[15:09:29]: signal in logmode 
Debug[15:09:29]: "INF(15:09:29.164):Attempt" 
Debug[15:09:29]: log_breakpoint 
Debug[15:09:29]: 5 
Debug[15:09:29]: signal in logmode 
Debug[15:09:29]: "INF(15:09:29.477):Attempt" 
Debug[15:09:29]: log_breakpoint 
Debug[15:09:29]: 5 
Debug[15:09:29]: signal in logmode 
Debug[15:09:29]: "INF(15:09:29.788):Attempt" 
Debug[15:09:29]: log_breakpoint 
Debug[15:09:29]: 5 
Debug[15:09:30]: signal in logmode 
Debug[15:09:30]: "INF(15:09:30.099):Mode is OK" 
Debug[15:09:30]: log_breakpoint 
Debug[15:09:30]: 5 
Debug[15:09:30]: signal in logmode 
Debug[15:09:30]: "INF(15:09:30.104):Attempt" 
Debug[15:09:30]: log_breakpoint 
Debug[15:09:30]: 5 
Debug[15:09:30]: signal in logmode 
Debug[15:09:30]: "INF(15:09:30.412):Attempt" 
Debug[15:09:30]: log_breakpoint 
Debug[15:09:30]: 5 
Debug[15:09:30]: signal in logmode 
Debug[15:09:30]: "INF(15:09:30.722):Attempt" 
Debug[15:09:30]: log_breakpoint 
Debug[15:09:30]: 5 
Debug[15:09:31]: signal in logmode 
Debug[15:09:31]: "INF(15:09:31.032):Mode is OK" 
Debug[15:09:31]: log_breakpoint 
Debug[15:09:31]: 5 
Debug[15:09:31]: signal in logmode 
Debug[15:09:31]: "INF(15:09:31.036):Attempt" 
Debug[15:09:31]: log_breakpoint 
Debug[15:09:31]: 5 
Debug[15:09:31]: signal in logmode 
Debug[15:09:31]: "INF(15:09:31.063):RDUM master connected" 
Debug[15:09:31]: log_breakpoint 
Debug[15:09:31]: 5 
Debug[15:09:31]: signal in logmode 
Debug[15:09:31]: "INF(15:09:31.066):Connected to \\.\COM122" 
Debug[15:09:31]: log_breakpoint 
Debug[15:09:31]: 5 
Warning[15:09:31]: Could not parse stylesheet of widget 0x3267ca0
Debug[15:09:31]: "Resume:Logs" 
Debug[15:09:31]: "Resume:Settings" 
Debug[15:09:31]: "Resume:UartUartController" 
Debug[15:09:31]: "Resume:UartSpiController" 
Debug[15:09:31]: "Resume:UartSsiController" 
Debug[15:09:31]: "Resume:DSI3Master" 
Debug[15:09:31]: "Resume:ASICMaster" 
Debug[15:09:31]: "Resume:RDUMMaster" 
Debug[15:09:31]: "Resume:DSI3Slave" 
Debug[15:09:31]: "Resume:Measurement" 
Debug[15:09:31]: "Resume:CFARsim" 
Debug[15:10:02]: "Suspend:Settings" 
Debug[15:10:02]: "Suspend:UartUartController" 
Debug[15:10:02]: "Suspend:UartSpiController" 
Debug[15:10:02]: "Suspend:UartSsiController" 
Debug[15:10:02]: "Suspend:DSI3Master" 
Debug[15:10:02]: "Suspend:ASICMaster" 
Debug[15:10:02]: "Suspend:RDUMMaster" 
Debug[15:10:02]: "Suspend:DSI3Slave" 
Debug[15:10:02]: "Suspend:Measurement" 
Debug[15:10:02]: "Suspend:CFARsim" 
Debug[15:10:02]: signal in logmode 
Debug[15:10:02]: "INF(15:10:02.918):Disconnect by user" 
Debug[15:10:02]: log_breakpoint 
Debug[15:10:02]: 5 
Debug[15:10:03]: signal in logmode 
Debug[15:10:03]: "INF(15:10:03.070):Disconnect by user" 
Debug[15:10:03]: log_breakpoint 
Debug[15:10:03]: 5 
Warning[15:11:17]: QObject::connect: Cannot connect LocalServer::log(int,QString) to (null)::slot_addLog(int,QString)
Debug[15:11:17]: LocalServer:new "\\.\pipe\DSI3PAS" 
Debug[15:11:17]: Register specific 
Debug[15:11:18]: DynScaleCaclulate 
Debug[15:11:18]: "init 2 UartUartController" 
Debug[15:11:18]: Ok 
Debug[15:11:18]: "init 3 UartSpiController" 
Debug[15:11:18]: Ok 
Debug[15:11:18]: "init 4 UartSsiController" 
Debug[15:11:18]: Ok 
Debug[15:11:18]: "init 5 DSI3Master" 
Debug[15:11:18]: Ok 
Debug[15:11:18]: "init 6 ASICMaster" 
Debug[15:11:18]: Ok 
Debug[15:11:18]: "init 7 RDUMMaster" 
Debug[15:11:18]: Ok 
Debug[15:11:18]: "init 8 DSI3Slave" 
Debug[15:11:19]: Ok 
Debug[15:11:19]: "init 9 Measurement" 
Debug[15:11:19]: Ok 
Debug[15:11:19]: "init 10 CFARsim" 
Debug[15:11:19]: Ok 
Debug[15:11:19]: MainApp Starting... 
Debug[15:11:20]: Add applets to MainWindow...
 
Debug[15:11:20]: Initialize Connection... 
Debug[15:11:20]: signal in logmode 
Debug[15:11:20]: "INF(15:11:20.742):Mode is OK" 
Debug[15:11:20]: log_breakpoint 
Debug[15:11:20]: 5 
Debug[15:11:20]: signal in logmode 
Debug[15:11:20]: "INF(15:11:20.744):Attempt" 
Debug[15:11:20]: log_breakpoint 
Debug[15:11:20]: 5 
Debug[15:11:21]: signal in logmode 
Debug[15:11:21]: "INF(15:11:21.063):Attempt" 
Debug[15:11:21]: log_breakpoint 
Debug[15:11:21]: 5 
Debug[15:11:21]: signal in logmode 
Debug[15:11:21]: "INF(15:11:21.375):Attempt" 
Debug[15:11:21]: log_breakpoint 
Debug[15:11:21]: 5 
Debug[15:11:21]: signal in logmode 
Debug[15:11:21]: "INF(15:11:21.687):Mode is OK" 
Debug[15:11:21]: log_breakpoint 
Debug[15:11:21]: 5 
Debug[15:11:21]: signal in logmode 
Debug[15:11:21]: "INF(15:11:21.691):Attempt" 
Debug[15:11:21]: log_breakpoint 
Debug[15:11:21]: 5 
Debug[15:11:21]: signal in logmode 
Debug[15:11:21]: "INF(15:11:21.999):Attempt" 
Debug[15:11:22]: log_breakpoint 
Debug[15:11:22]: 5 
Debug[15:11:22]: signal in logmode 
Debug[15:11:22]: "INF(15:11:22.310):Attempt" 
Debug[15:11:22]: log_breakpoint 
Debug[15:11:22]: 5 
Debug[15:11:22]: signal in logmode 
Debug[15:11:22]: "INF(15:11:22.622):Mode is OK" 
Debug[15:11:22]: log_breakpoint 
Debug[15:11:22]: 5 
Debug[15:11:22]: signal in logmode 
Debug[15:11:22]: "INF(15:11:22.623):Attempt" 
Debug[15:11:22]: log_breakpoint 
Debug[15:11:22]: 5 
Debug[15:11:22]: signal in logmode 
Debug[15:11:22]: "INF(15:11:22.780):Mode is OK" 
Debug[15:11:22]: log_breakpoint 
Debug[15:11:22]: 5 
Debug[15:11:22]: signal in logmode 
Debug[15:11:22]: "INF(15:11:22.782):Attempt" 
Debug[15:11:22]: log_breakpoint 
Debug[15:11:22]: 5 
Debug[15:11:23]: signal in logmode 
Debug[15:11:23]: "INF(15:11:23.089):Attempt" 
Debug[15:11:23]: log_breakpoint 
Debug[15:11:23]: 5 
Debug[15:11:23]: signal in logmode 
Debug[15:11:23]: "INF(15:11:23.400):Attempt" 
Debug[15:11:23]: log_breakpoint 
Debug[15:11:23]: 5 
Debug[15:11:23]: signal in logmode 
Debug[15:11:23]: "INF(15:11:23.717):Mode is OK" 
Debug[15:11:23]: log_breakpoint 
Debug[15:11:23]: 5 
Debug[15:11:23]: signal in logmode 
Debug[15:11:23]: "INF(15:11:23.721):Attempt" 
Debug[15:11:23]: log_breakpoint 
Debug[15:11:23]: 5 
Debug[15:11:24]: signal in logmode 
Debug[15:11:24]: "INF(15:11:24.028):Attempt" 
Debug[15:11:24]: log_breakpoint 
Debug[15:11:24]: 5 
Debug[15:11:24]: signal in logmode 
Debug[15:11:24]: "INF(15:11:24.339):Attempt" 
Debug[15:11:24]: log_breakpoint 
Debug[15:11:24]: 5 
Debug[15:11:24]: signal in logmode 
Debug[15:11:24]: "INF(15:11:24.651):Mode is OK" 
Debug[15:11:24]: log_breakpoint 
Debug[15:11:24]: 5 
Debug[15:11:24]: signal in logmode 
Debug[15:11:24]: "INF(15:11:24.655):Attempt" 
Debug[15:11:24]: log_breakpoint 
Debug[15:11:24]: 5 
Debug[15:11:24]: signal in logmode 
Debug[15:11:24]: "INF(15:11:24.963):Attempt" 
Debug[15:11:24]: log_breakpoint 
Debug[15:11:24]: 5 
Debug[15:11:25]: signal in logmode 
Debug[15:11:25]: "INF(15:11:25.273):Attempt" 
Debug[15:11:25]: log_breakpoint 
Debug[15:11:25]: 5 
Debug[15:11:25]: signal in logmode 
Debug[15:11:25]: "INF(15:11:25.586):Mode is OK" 
Debug[15:11:25]: log_breakpoint 
Debug[15:11:25]: 5 
Debug[15:11:25]: signal in logmode 
Debug[15:11:25]: "INF(15:11:25.588):Attempt" 
Debug[15:11:25]: log_breakpoint 
Debug[15:11:25]: 5 
Debug[15:11:25]: signal in logmode 
Debug[15:11:25]: "INF(15:11:25.900):Attempt" 
Debug[15:11:25]: log_breakpoint 
Debug[15:11:25]: 5 
Debug[15:11:26]: signal in logmode 
Debug[15:11:26]: "INF(15:11:26.211):Attempt" 
Debug[15:11:26]: log_breakpoint 
Debug[15:11:26]: 5 
Debug[15:11:29]: signal in logmode 
Debug[15:11:29]: "INF(15:11:29.031):Mode is OK" 
Debug[15:11:29]: log_breakpoint 
Debug[15:11:29]: 5 
Debug[15:11:29]: signal in logmode 
Debug[15:11:29]: "INF(15:11:29.033):Attempt" 
Debug[15:11:29]: log_breakpoint 
Debug[15:11:29]: 5 
Debug[15:11:29]: signal in logmode 
Debug[15:11:29]: "INF(15:11:29.340):Attempt" 
Debug[15:11:29]: log_breakpoint 
Debug[15:11:29]: 5 
Debug[15:11:29]: signal in logmode 
Debug[15:11:29]: "INF(15:11:29.655):Attempt" 
Debug[15:11:29]: log_breakpoint 
Debug[15:11:29]: 5 
Debug[15:11:29]: signal in logmode 
Debug[15:11:29]: "INF(15:11:29.966):Mode is OK" 
Debug[15:11:29]: log_breakpoint 
Debug[15:11:29]: 5 
Debug[15:11:29]: signal in logmode 
Debug[15:11:29]: "INF(15:11:29.970):Attempt" 
Debug[15:11:29]: log_breakpoint 
Debug[15:11:29]: 5 
Debug[15:11:30]: signal in logmode 
Debug[15:11:30]: "INF(15:11:30.278):Attempt" 
Debug[15:11:30]: log_breakpoint 
Debug[15:11:30]: 5 
Debug[15:11:30]: signal in logmode 
Debug[15:11:30]: "INF(15:11:30.589):Attempt" 
Debug[15:11:30]: log_breakpoint 
Debug[15:11:30]: 5 
Debug[15:11:30]: signal in logmode 
Debug[15:11:30]: "INF(15:11:30.902):Mode is OK" 
Debug[15:11:30]: log_breakpoint 
Debug[15:11:30]: 5 
Debug[15:11:30]: signal in logmode 
Debug[15:11:30]: "INF(15:11:30.906):Attempt" 
Debug[15:11:30]: log_breakpoint 
Debug[15:11:30]: 5 
Debug[15:11:30]: signal in logmode 
Debug[15:11:30]: "INF(15:11:30.932):RDUM master connected" 
Debug[15:11:30]: log_breakpoint 
Debug[15:11:30]: 5 
Debug[15:11:30]: signal in logmode 
Debug[15:11:30]: "INF(15:11:30.936):Connected to \\.\COM122" 
Debug[15:11:30]: log_breakpoint 
Debug[15:11:30]: 5 
Warning[15:11:30]: Could not parse stylesheet of widget 0x2ea7420
Debug[15:11:30]: "Resume:Logs" 
Debug[15:11:30]: "Resume:Settings" 
Debug[15:11:30]: "Resume:UartUartController" 
Debug[15:11:30]: "Resume:UartSpiController" 
Debug[15:11:30]: "Resume:UartSsiController" 
Debug[15:11:30]: "Resume:DSI3Master" 
Debug[15:11:30]: "Resume:ASICMaster" 
Debug[15:11:30]: "Resume:RDUMMaster" 
Debug[15:11:30]: "Resume:DSI3Slave" 
Debug[15:11:30]: "Resume:Measurement" 
Debug[15:11:30]: "Resume:CFARsim" 
Debug[15:12:35]: "Suspend:Settings" 
Debug[15:12:35]: "Suspend:UartUartController" 
Debug[15:12:35]: "Suspend:UartSpiController" 
Debug[15:12:35]: "Suspend:UartSsiController" 
Debug[15:12:35]: "Suspend:DSI3Master" 
Debug[15:12:35]: "Suspend:ASICMaster" 
Debug[15:12:35]: "Suspend:RDUMMaster" 
Debug[15:12:35]: "Suspend:DSI3Slave" 
Debug[15:12:35]: "Suspend:Measurement" 
Debug[15:12:35]: "Suspend:CFARsim" 
Debug[15:12:35]: signal in logmode 
Debug[15:12:35]: "INF(15:12:35.838):Disconnect by user" 
Debug[15:12:35]: log_breakpoint 
Debug[15:12:35]: 5 
Debug[15:12:35]: signal in logmode 
Debug[15:12:35]: "INF(15:12:35.984):Disconnect by user" 
Debug[15:12:35]: log_breakpoint 
Debug[15:12:35]: 5 
Warning[15:12:57]: QObject::connect: Cannot connect LocalServer::log(int,QString) to (null)::slot_addLog(int,QString)
Debug[15:12:57]: LocalServer:new "\\.\pipe\DSI3PAS" 
Debug[15:12:57]: Register specific 
Debug[15:12:57]: DynScaleCaclulate 
Debug[15:12:57]: "init 2 UartUartController" 
Debug[15:12:57]: Ok 
Debug[15:12:57]: "init 3 UartSpiController" 
Debug[15:12:57]: Ok 
Debug[15:12:57]: "init 4 UartSsiController" 
Debug[15:12:57]: Ok 
Debug[15:12:57]: "init 5 DSI3Master" 
Debug[15:12:57]: Ok 
Debug[15:12:57]: "init 6 ASICMaster" 
Debug[15:12:57]: Ok 
Debug[15:12:57]: "init 7 RDUMMaster" 
Debug[15:12:57]: Ok 
Debug[15:12:57]: "init 8 DSI3Slave" 
Debug[15:12:58]: Ok 
Debug[15:12:58]: "init 9 Measurement" 
Debug[15:12:59]: Ok 
Debug[15:12:59]: "init 10 CFARsim" 
Debug[15:12:59]: Ok 
Debug[15:12:59]: MainApp Starting... 
Debug[15:12:59]: Add applets to MainWindow...
 
Debug[15:12:59]: Initialize Connection... 
Debug[15:13:00]: signal in logmode 
Debug[15:13:00]: "INF(15:13:00.241):Mode is OK" 
Debug[15:13:00]: log_breakpoint 
Debug[15:13:00]: 5 
Debug[15:13:00]: signal in logmode 
Debug[15:13:00]: "INF(15:13:00.242):Attempt" 
Debug[15:13:00]: log_breakpoint 
Debug[15:13:00]: 5 
Debug[15:13:00]: signal in logmode 
Debug[15:13:00]: "INF(15:13:00.548):Attempt" 
Debug[15:13:00]: log_breakpoint 
Debug[15:13:00]: 5 
Debug[15:13:00]: signal in logmode 
Debug[15:13:00]: "INF(15:13:00.858):Attempt" 
Debug[15:13:00]: log_breakpoint 
Debug[15:13:00]: 5 
Debug[15:13:01]: signal in logmode 
Debug[15:13:01]: "INF(15:13:01.168):Mode is OK" 
Debug[15:13:01]: log_breakpoint 
Debug[15:13:01]: 5 
Debug[15:13:01]: signal in logmode 
Debug[15:13:01]: "INF(15:13:01.170):Attempt" 
Debug[15:13:01]: log_breakpoint 
Debug[15:13:01]: 5 
Debug[15:13:01]: signal in logmode 
Debug[15:13:01]: "INF(15:13:01.485):Attempt" 
Debug[15:13:01]: log_breakpoint 
Debug[15:13:01]: 5 
Debug[15:13:01]: signal in logmode 
Debug[15:13:01]: "INF(15:13:01.795):Attempt" 
Debug[15:13:01]: log_breakpoint 
Debug[15:13:01]: 5 
Debug[15:13:02]: signal in logmode 
Debug[15:13:02]: "INF(15:13:02.108):Mode is OK" 
Debug[15:13:02]: log_breakpoint 
Debug[15:13:02]: 5 
Debug[15:13:02]: signal in logmode 
Debug[15:13:02]: "INF(15:13:02.110):Attempt" 
Debug[15:13:02]: log_breakpoint 
Debug[15:13:02]: 5 
Debug[15:13:02]: signal in logmode 
Debug[15:13:02]: "INF(15:13:02.260):Mode is OK" 
Debug[15:13:02]: log_breakpoint 
Debug[15:13:02]: 5 
Debug[15:13:02]: signal in logmode 
Debug[15:13:02]: "INF(15:13:02.263):Attempt" 
Debug[15:13:02]: log_breakpoint 
Debug[15:13:02]: 5 
Debug[15:13:02]: signal in logmode 
Debug[15:13:02]: "INF(15:13:02.578):Attempt" 
Debug[15:13:02]: log_breakpoint 
Debug[15:13:02]: 5 
Debug[15:13:02]: signal in logmode 
Debug[15:13:02]: "INF(15:13:02.894):Attempt" 
Debug[15:13:02]: log_breakpoint 
Debug[15:13:02]: 5 
Debug[15:13:03]: signal in logmode 
Debug[15:13:03]: "INF(15:13:03.207):Mode is OK" 
Debug[15:13:03]: log_breakpoint 
Debug[15:13:03]: 5 
Debug[15:13:03]: signal in logmode 
Debug[15:13:03]: "INF(15:13:03.209):Attempt" 
Debug[15:13:03]: log_breakpoint 
Debug[15:13:03]: 5 
Debug[15:13:03]: signal in logmode 
Debug[15:13:03]: "INF(15:13:03.520):Attempt" 
Debug[15:13:03]: log_breakpoint 
Debug[15:13:03]: 5 
Debug[15:13:03]: signal in logmode 
Debug[15:13:03]: "INF(15:13:03.831):Attempt" 
Debug[15:13:03]: log_breakpoint 
Debug[15:13:03]: 5 
Debug[15:13:04]: signal in logmode 
Debug[15:13:04]: "INF(15:13:04.145):Mode is OK" 
Debug[15:13:04]: log_breakpoint 
Debug[15:13:04]: 5 
Debug[15:13:04]: signal in logmode 
Debug[15:13:04]: "INF(15:13:04.148):Attempt" 
Debug[15:13:04]: log_breakpoint 
Debug[15:13:04]: 5 
Debug[15:13:04]: signal in logmode 
Debug[15:13:04]: "INF(15:13:04.457):Attempt" 
Debug[15:13:04]: log_breakpoint 
Debug[15:13:04]: 5 
Debug[15:13:04]: signal in logmode 
Debug[15:13:04]: "INF(15:13:04.771):Attempt" 
Debug[15:13:04]: log_breakpoint 
Debug[15:13:04]: 5 
Debug[15:13:05]: signal in logmode 
Debug[15:13:05]: "INF(15:13:05.082):Mode is OK" 
Debug[15:13:05]: log_breakpoint 
Debug[15:13:05]: 5 
Debug[15:13:05]: signal in logmode 
Debug[15:13:05]: "INF(15:13:05.087):Attempt" 
Debug[15:13:05]: log_breakpoint 
Debug[15:13:05]: 5 
Debug[15:13:05]: signal in logmode 
Debug[15:13:05]: "INF(15:13:05.394):Attempt" 
Debug[15:13:05]: log_breakpoint 
Debug[15:13:05]: 5 
Debug[15:13:05]: signal in logmode 
Debug[15:13:05]: "INF(15:13:05.706):Attempt" 
Debug[15:13:05]: log_breakpoint 
Debug[15:13:05]: 5 
Debug[15:13:08]: signal in logmode 
Debug[15:13:08]: "INF(15:13:08.517):Mode is OK" 
Debug[15:13:08]: log_breakpoint 
Debug[15:13:08]: 5 
Debug[15:13:08]: signal in logmode 
Debug[15:13:08]: "INF(15:13:08.519):Attempt" 
Debug[15:13:08]: log_breakpoint 
Debug[15:13:08]: 5 
Debug[15:13:08]: signal in logmode 
Debug[15:13:08]: "INF(15:13:08.825):Attempt" 
Debug[15:13:08]: log_breakpoint 
Debug[15:13:08]: 5 
Debug[15:13:09]: signal in logmode 
Debug[15:13:09]: "INF(15:13:09.135):Attempt" 
Debug[15:13:09]: log_breakpoint 
Debug[15:13:09]: 5 
Debug[15:13:09]: signal in logmode 
Debug[15:13:09]: "INF(15:13:09.448):Mode is OK" 
Debug[15:13:09]: log_breakpoint 
Debug[15:13:09]: 5 
Debug[15:13:09]: signal in logmode 
Debug[15:13:09]: "INF(15:13:09.449):Attempt" 
Debug[15:13:09]: log_breakpoint 
Debug[15:13:09]: 5 
Debug[15:13:09]: signal in logmode 
Debug[15:13:09]: "INF(15:13:09.759):Attempt" 
Debug[15:13:09]: log_breakpoint 
Debug[15:13:09]: 5 
Debug[15:13:10]: signal in logmode 
Debug[15:13:10]: "INF(15:13:10.072):Attempt" 
Debug[15:13:10]: log_breakpoint 
Debug[15:13:10]: 5 
Debug[15:13:10]: signal in logmode 
Debug[15:13:10]: "INF(15:13:10.385):Mode is OK" 
Debug[15:13:10]: log_breakpoint 
Debug[15:13:10]: 5 
Debug[15:13:10]: signal in logmode 
Debug[15:13:10]: "INF(15:13:10.387):Attempt" 
Debug[15:13:10]: log_breakpoint 
Debug[15:13:10]: 5 
Debug[15:13:10]: signal in logmode 
Debug[15:13:10]: "INF(15:13:10.416):RDUM master connected" 
Debug[15:13:10]: log_breakpoint 
Debug[15:13:10]: 5 
Debug[15:13:10]: signal in logmode 
Debug[15:13:10]: "INF(15:13:10.419):Connected to \\.\COM122" 
Debug[15:13:10]: log_breakpoint 
Debug[15:13:10]: 5 
Warning[15:13:10]: Could not parse stylesheet of widget 0x3676e78
Debug[15:13:10]: "Resume:Logs" 
Debug[15:13:10]: "Resume:Settings" 
Debug[15:13:10]: "Resume:UartUartController" 
Debug[15:13:10]: "Resume:UartSpiController" 
Debug[15:13:10]: "Resume:UartSsiController" 
Debug[15:13:10]: "Resume:DSI3Master" 
Debug[15:13:10]: "Resume:ASICMaster" 
Debug[15:13:10]: "Resume:RDUMMaster" 
Debug[15:13:10]: "Resume:DSI3Slave" 
Debug[15:13:10]: "Resume:Measurement" 
Debug[15:13:10]: "Resume:CFARsim" 
Debug[15:17:08]: "Suspend:Settings" 
Debug[15:17:08]: "Suspend:UartUartController" 
Debug[15:17:08]: "Suspend:UartSpiController" 
Debug[15:17:08]: "Suspend:UartSsiController" 
Debug[15:17:08]: "Suspend:DSI3Master" 
Debug[15:17:08]: "Suspend:ASICMaster" 
Debug[15:17:08]: "Suspend:RDUMMaster" 
Debug[15:17:08]: "Suspend:DSI3Slave" 
Debug[15:17:08]: "Suspend:Measurement" 
Debug[15:17:08]: "Suspend:CFARsim" 
Debug[15:17:08]: signal in logmode 
Debug[15:17:08]: "INF(15:17:08.296):Disconnect by user" 
Debug[15:17:08]: log_breakpoint 
Debug[15:17:08]: 5 
Debug[15:17:08]: signal in logmode 
Debug[15:17:08]: "INF(15:17:08.455):Disconnect by user" 
Debug[15:17:08]: log_breakpoint 
Debug[15:17:08]: 5 
Warning[15:21:24]: QObject::connect: Cannot connect LocalServer::log(int,QString) to (null)::slot_addLog(int,QString)
Debug[15:21:24]: LocalServer:new "\\.\pipe\DSI3PAS" 
Debug[15:21:24]: Register specific 
Debug[15:21:25]: DynScaleCaclulate 
Debug[15:21:25]: "init 2 UartUartController" 
Debug[15:21:25]: Ok 
Debug[15:21:25]: "init 3 UartSpiController" 
Debug[15:21:25]: Ok 
Debug[15:21:25]: "init 4 UartSsiController" 
Debug[15:21:25]: Ok 
Debug[15:21:25]: "init 5 DSI3Master" 
Debug[15:21:25]: Ok 
Debug[15:21:25]: "init 6 ASICMaster" 
Debug[15:21:25]: Ok 
Debug[15:21:25]: "init 7 RDUMMaster" 
Debug[15:21:25]: Ok 
Debug[15:21:25]: "init 8 DSI3Slave" 
Debug[15:21:26]: Ok 
Debug[15:21:26]: "init 9 Measurement" 
Debug[15:21:26]: Ok 
Debug[15:21:26]: "init 10 CFARsim" 
Debug[15:21:26]: Ok 
Debug[15:21:26]: MainApp Starting... 
Debug[15:21:27]: Add applets to MainWindow...
 
Debug[15:21:27]: Initialize Connection... 
Debug[15:21:27]: signal in logmode 
Debug[15:21:27]: "INF(15:21:27.829):Mode is OK" 
Debug[15:21:27]: log_breakpoint 
Debug[15:21:27]: 5 
Debug[15:21:27]: signal in logmode 
Debug[15:21:27]: "INF(15:21:27.832):Attempt" 
Debug[15:21:27]: log_breakpoint 
Debug[15:21:27]: 5 
Debug[15:21:28]: signal in logmode 
Debug[15:21:28]: "INF(15:21:28.142):Attempt" 
Debug[15:21:28]: log_breakpoint 
Debug[15:21:28]: 5 
Debug[15:21:28]: signal in logmode 
Debug[15:21:28]: "INF(15:21:28.450):Attempt" 
Debug[15:21:28]: log_breakpoint 
Debug[15:21:28]: 5 
Debug[15:21:28]: signal in logmode 
Debug[15:21:28]: "INF(15:21:28.760):Mode is OK" 
Debug[15:21:28]: log_breakpoint 
Debug[15:21:28]: 5 
Debug[15:21:28]: signal in logmode 
Debug[15:21:28]: "INF(15:21:28.762):Attempt" 
Debug[15:21:28]: log_breakpoint 
Debug[15:21:28]: 5 
Debug[15:21:29]: signal in logmode 
Debug[15:21:29]: "INF(15:21:29.072):Attempt" 
Debug[15:21:29]: log_breakpoint 
Debug[15:21:29]: 5 
Debug[15:21:29]: signal in logmode 
Debug[15:21:29]: "INF(15:21:29.386):Attempt" 
Debug[15:21:29]: log_breakpoint 
Debug[15:21:29]: 5 
Debug[15:21:29]: signal in logmode 
Debug[15:21:29]: "INF(15:21:29.700):Mode is OK" 
Debug[15:21:29]: log_breakpoint 
Debug[15:21:29]: 5 
Debug[15:21:29]: signal in logmode 
Debug[15:21:29]: "INF(15:21:29.704):Attempt" 
Debug[15:21:29]: log_breakpoint 
Debug[15:21:29]: 5 
Debug[15:21:29]: signal in logmode 
Debug[15:21:29]: "INF(15:21:29.858):Mode is OK" 
Debug[15:21:29]: log_breakpoint 
Debug[15:21:29]: 5 
Debug[15:21:29]: signal in logmode 
Debug[15:21:29]: "INF(15:21:29.861):Attempt" 
Debug[15:21:29]: log_breakpoint 
Debug[15:21:29]: 5 
Debug[15:21:30]: signal in logmode 
Debug[15:21:30]: "INF(15:21:30.168):Attempt" 
Debug[15:21:30]: log_breakpoint 
Debug[15:21:30]: 5 
Debug[15:21:30]: signal in logmode 
Debug[15:21:30]: "INF(15:21:30.479):Attempt" 
Debug[15:21:30]: log_breakpoint 
Debug[15:21:30]: 5 
Debug[15:21:30]: signal in logmode 
Debug[15:21:30]: "INF(15:21:30.788):Mode is OK" 
Debug[15:21:30]: log_breakpoint 
Debug[15:21:30]: 5 
Debug[15:21:30]: signal in logmode 
Debug[15:21:30]: "INF(15:21:30.792):Attempt" 
Debug[15:21:30]: log_breakpoint 
Debug[15:21:30]: 5 
Debug[15:21:31]: signal in logmode 
Debug[15:21:31]: "INF(15:21:31.101):Attempt" 
Debug[15:21:31]: log_breakpoint 
Debug[15:21:31]: 5 
Debug[15:21:31]: signal in logmode 
Debug[15:21:31]: "INF(15:21:31.413):Attempt" 
Debug[15:21:31]: log_breakpoint 
Debug[15:21:31]: 5 
Debug[15:21:31]: signal in logmode 
Debug[15:21:31]: "INF(15:21:31.725):Mode is OK" 
Debug[15:21:31]: log_breakpoint 
Debug[15:21:31]: 5 
Debug[15:21:31]: signal in logmode 
Debug[15:21:31]: "INF(15:21:31.729):Attempt" 
Debug[15:21:31]: log_breakpoint 
Debug[15:21:31]: 5 
Debug[15:21:32]: signal in logmode 
Debug[15:21:32]: "INF(15:21:32.052):Attempt" 
Debug[15:21:32]: log_breakpoint 
Debug[15:21:32]: 5 
Debug[15:21:32]: signal in logmode 
Debug[15:21:32]: "INF(15:21:32.360):Attempt" 
Debug[15:21:32]: log_breakpoint 
Debug[15:21:32]: 5 
Debug[15:21:32]: signal in logmode 
Debug[15:21:32]: "INF(15:21:32.672):Mode is OK" 
Debug[15:21:32]: log_breakpoint 
Debug[15:21:32]: 5 
Debug[15:21:32]: signal in logmode 
Debug[15:21:32]: "INF(15:21:32.676):Attempt" 
Debug[15:21:32]: log_breakpoint 
Debug[15:21:32]: 5 
Debug[15:21:32]: signal in logmode 
Debug[15:21:32]: "INF(15:21:32.982):Attempt" 
Debug[15:21:32]: log_breakpoint 
Debug[15:21:32]: 5 
Debug[15:21:33]: signal in logmode 
Debug[15:21:33]: "INF(15:21:33.296):Attempt" 
Debug[15:21:33]: log_breakpoint 
Debug[15:21:33]: 5 
Debug[15:21:37]: signal in logmode 
Debug[15:21:37]: "INF(15:21:37.324):Mode is OK" 
Debug[15:21:37]: log_breakpoint 
Debug[15:21:37]: 5 
Debug[15:21:37]: signal in logmode 
Debug[15:21:37]: "INF(15:21:37.327):Attempt" 
Debug[15:21:37]: log_breakpoint 
Debug[15:21:37]: 5 
Debug[15:21:37]: signal in logmode 
Debug[15:21:37]: "INF(15:21:37.644):Attempt" 
Debug[15:21:37]: log_breakpoint 
Debug[15:21:37]: 5 
Debug[15:21:37]: signal in logmode 
Debug[15:21:37]: "INF(15:21:37.955):Attempt" 
Debug[15:21:37]: log_breakpoint 
Debug[15:21:37]: 5 
Debug[15:21:38]: signal in logmode 
Debug[15:21:38]: "INF(15:21:38.267):Mode is OK" 
Debug[15:21:38]: log_breakpoint 
Debug[15:21:38]: 5 
Debug[15:21:38]: signal in logmode 
Debug[15:21:38]: "INF(15:21:38.268):Attempt" 
Debug[15:21:38]: log_breakpoint 
Debug[15:21:38]: 5 
Debug[15:21:38]: signal in logmode 
Debug[15:21:38]: "INF(15:21:38.580):Attempt" 
Debug[15:21:38]: log_breakpoint 
Debug[15:21:38]: 5 
Debug[15:21:38]: signal in logmode 
Debug[15:21:38]: "INF(15:21:38.891):Attempt" 
Debug[15:21:38]: log_breakpoint 
Debug[15:21:38]: 5 
Debug[15:21:39]: signal in logmode 
Debug[15:21:39]: "INF(15:21:39.202):Mode is OK" 
Debug[15:21:39]: log_breakpoint 
Debug[15:21:39]: 5 
Debug[15:21:39]: signal in logmode 
Debug[15:21:39]: "INF(15:21:39.205):Attempt" 
Debug[15:21:39]: log_breakpoint 
Debug[15:21:39]: 5 
Debug[15:21:39]: signal in logmode 
Debug[15:21:39]: "INF(15:21:39.208):RDUM master connected" 
Debug[15:21:39]: log_breakpoint 
Debug[15:21:39]: 5 
Debug[15:21:39]: signal in logmode 
Debug[15:21:39]: "INF(15:21:39.211):Connected to \\.\COM124" 
Debug[15:21:39]: log_breakpoint 
Debug[15:21:39]: 5 
Warning[15:21:39]: Could not parse stylesheet of widget 0x3837300
Debug[15:21:39]: "Resume:Logs" 
Debug[15:21:39]: "Resume:Settings" 
Debug[15:21:39]: "Resume:UartUartController" 
Debug[15:21:39]: "Resume:UartSpiController" 
Debug[15:21:39]: "Resume:UartSsiController" 
Debug[15:21:39]: "Resume:DSI3Master" 
Debug[15:21:39]: "Resume:ASICMaster" 
Debug[15:21:39]: "Resume:RDUMMaster" 
Debug[15:21:39]: "Resume:DSI3Slave" 
Debug[15:21:39]: "Resume:Measurement" 
Debug[15:21:39]: "Resume:CFARsim" 
Debug[15:22:26]: "Suspend:Settings" 
Debug[15:22:26]: "Suspend:UartUartController" 
Debug[15:22:26]: "Suspend:UartSpiController" 
Debug[15:22:26]: "Suspend:UartSsiController" 
Debug[15:22:26]: "Suspend:DSI3Master" 
Debug[15:22:26]: "Suspend:ASICMaster" 
Debug[15:22:26]: "Suspend:RDUMMaster" 
Debug[15:22:26]: "Suspend:DSI3Slave" 
Debug[15:22:26]: "Suspend:Measurement" 
Debug[15:22:26]: "Suspend:CFARsim" 
Debug[15:22:26]: signal in logmode 
Debug[15:22:26]: "INF(15:22:26.338):Disconnect by user" 
Debug[15:22:26]: log_breakpoint 
Debug[15:22:26]: 5 
Debug[15:22:26]: signal in logmode 
Debug[15:22:26]: "INF(15:22:26.502):Disconnect by user" 
Debug[15:22:26]: log_breakpoint 
Debug[15:22:26]: 5 
Warning[15:46:44]: QObject::connect: Cannot connect LocalServer::log(int,QString) to (null)::slot_addLog(int,QString)
Debug[15:46:44]: LocalServer:new "\\.\pipe\DSI3PAS" 
Debug[15:46:44]: Register specific 
Debug[15:46:44]: DynScaleCaclulate 
Debug[15:46:44]: "init 2 UartUartController" 
Debug[15:46:44]: Ok 
Debug[15:46:44]: "init 3 UartSpiController" 
Debug[15:46:44]: Ok 
Debug[15:46:44]: "init 4 UartSsiController" 
Debug[15:46:44]: Ok 
Debug[15:46:44]: "init 5 DSI3Master" 
Debug[15:46:44]: Ok 
Debug[15:46:44]: "init 6 ASICMaster" 
Debug[15:46:44]: Ok 
Debug[15:46:44]: "init 7 RDUMMaster" 
Debug[15:46:44]: Ok 
Debug[15:46:44]: "init 8 DSI3Slave" 
Debug[15:46:45]: Ok 
Debug[15:46:45]: "init 9 Measurement" 
Debug[15:46:46]: Ok 
Debug[15:46:46]: "init 10 CFARsim" 
Debug[15:46:46]: Ok 
Debug[15:46:46]: MainApp Starting... 
Debug[15:46:46]: Add applets to MainWindow...
 
Debug[15:46:46]: Initialize Connection... 
Debug[15:46:47]: signal in logmode 
Debug[15:46:47]: "INF(15:46:47.218):Mode is OK" 
Debug[15:46:47]: log_breakpoint 
Debug[15:46:47]: 5 
Debug[15:46:47]: signal in logmode 
Debug[15:46:47]: "INF(15:46:47.220):Attempt" 
Debug[15:46:47]: log_breakpoint 
Debug[15:46:47]: 5 
Debug[15:46:47]: signal in logmode 
Debug[15:46:47]: "INF(15:46:47.534):Attempt" 
Debug[15:46:47]: log_breakpoint 
Debug[15:46:47]: 5 
Debug[15:46:47]: signal in logmode 
Debug[15:46:47]: "INF(15:46:47.848):Attempt" 
Debug[15:46:47]: log_breakpoint 
Debug[15:46:47]: 5 
Debug[15:46:48]: signal in logmode 
Debug[15:46:48]: "INF(15:46:48.165):Mode is OK" 
Debug[15:46:48]: log_breakpoint 
Debug[15:46:48]: 5 
Debug[15:46:48]: signal in logmode 
Debug[15:46:48]: "INF(15:46:48.170):Attempt" 
Debug[15:46:48]: log_breakpoint 
Debug[15:46:48]: 5 
Debug[15:46:48]: signal in logmode 
Debug[15:46:48]: "INF(15:46:48.477):Attempt" 
Debug[15:46:48]: log_breakpoint 
Debug[15:46:48]: 5 
Debug[15:46:48]: signal in logmode 
Debug[15:46:48]: "INF(15:46:48.791):Attempt" 
Debug[15:46:48]: log_breakpoint 
Debug[15:46:48]: 5 
Debug[15:46:49]: signal in logmode 
Debug[15:46:49]: "INF(15:46:49.108):Mode is OK" 
Debug[15:46:49]: log_breakpoint 
Debug[15:46:49]: 5 
Debug[15:46:49]: signal in logmode 
Debug[15:46:49]: "INF(15:46:49.111):Attempt" 
Debug[15:46:49]: log_breakpoint 
Debug[15:46:49]: 5 
Debug[15:46:49]: signal in logmode 
Debug[15:46:49]: "INF(15:46:49.269):Mode is OK" 
Debug[15:46:49]: log_breakpoint 
Debug[15:46:49]: 5 
Debug[15:46:49]: signal in logmode 
Debug[15:46:49]: "INF(15:46:49.271):Attempt" 
Debug[15:46:49]: log_breakpoint 
Debug[15:46:49]: 5 
Debug[15:46:49]: signal in logmode 
Debug[15:46:49]: "INF(15:46:49.586):Attempt" 
Debug[15:46:49]: log_breakpoint 
Debug[15:46:49]: 5 
Debug[15:46:49]: signal in logmode 
Debug[15:46:49]: "INF(15:46:49.903):Attempt" 
Debug[15:46:49]: log_breakpoint 
Debug[15:46:49]: 5 
Debug[15:46:50]: signal in logmode 
Debug[15:46:50]: "INF(15:46:50.221):Mode is OK" 
Debug[15:46:50]: log_breakpoint 
Debug[15:46:50]: 5 
Debug[15:46:50]: signal in logmode 
Debug[15:46:50]: "INF(15:46:50.222):Attempt" 
Debug[15:46:50]: log_breakpoint 
Debug[15:46:50]: 5 
Debug[15:46:50]: signal in logmode 
Debug[15:46:50]: "INF(15:46:50.538):Attempt" 
Debug[15:46:50]: log_breakpoint 
Debug[15:46:50]: 5 
Debug[15:46:50]: signal in logmode 
Debug[15:46:50]: "INF(15:46:50.851):Attempt" 
Debug[15:46:50]: log_breakpoint 
Debug[15:46:50]: 5 
Debug[15:46:51]: signal in logmode 
Debug[15:46:51]: "INF(15:46:51.160):Mode is OK" 
Debug[15:46:51]: log_breakpoint 
Debug[15:46:51]: 5 
Debug[15:46:51]: signal in logmode 
Debug[15:46:51]: "INF(15:46:51.162):Attempt" 
Debug[15:46:51]: log_breakpoint 
Debug[15:46:51]: 5 
Debug[15:46:51]: signal in logmode 
Debug[15:46:51]: "INF(15:46:51.477):Attempt" 
Debug[15:46:51]: log_breakpoint 
Debug[15:46:51]: 5 
Debug[15:46:51]: signal in logmode 
Debug[15:46:51]: "INF(15:46:51.791):Attempt" 
Debug[15:46:51]: log_breakpoint 
Debug[15:46:51]: 5 
Debug[15:46:52]: signal in logmode 
Debug[15:46:52]: "INF(15:46:52.103):Mode is OK" 
Debug[15:46:52]: log_breakpoint 
Debug[15:46:52]: 5 
Debug[15:46:52]: signal in logmode 
Debug[15:46:52]: "INF(15:46:52.107):Attempt" 
Debug[15:46:52]: log_breakpoint 
Debug[15:46:52]: 5 
Debug[15:46:52]: signal in logmode 
Debug[15:46:52]: "INF(15:46:52.416):Attempt" 
Debug[15:46:52]: log_breakpoint 
Debug[15:46:52]: 5 
Debug[15:46:52]: signal in logmode 
Debug[15:46:52]: "INF(15:46:52.727):Attempt" 
Debug[15:46:52]: log_breakpoint 
Debug[15:46:52]: 5 
Debug[15:46:56]: signal in logmode 
Debug[15:46:56]: "INF(15:46:56.415):Mode is OK" 
Debug[15:46:56]: log_breakpoint 
Debug[15:46:56]: 5 
Debug[15:46:56]: signal in logmode 
Debug[15:46:56]: "INF(15:46:56.417):Attempt" 
Debug[15:46:56]: log_breakpoint 
Debug[15:46:56]: 5 
Debug[15:46:56]: signal in logmode 
Debug[15:46:56]: "INF(15:46:56.735):Attempt" 
Debug[15:46:56]: log_breakpoint 
Debug[15:46:56]: 5 
Debug[15:46:57]: signal in logmode 
Debug[15:46:57]: "INF(15:46:57.047):Attempt" 
Debug[15:46:57]: log_breakpoint 
Debug[15:46:57]: 5 
Debug[15:46:57]: signal in logmode 
Debug[15:46:57]: "INF(15:46:57.361):Mode is OK" 
Debug[15:46:57]: log_breakpoint 
Debug[15:46:57]: 5 
Debug[15:46:57]: signal in logmode 
Debug[15:46:57]: "INF(15:46:57.366):Attempt" 
Debug[15:46:57]: log_breakpoint 
Debug[15:46:57]: 5 
Debug[15:46:57]: signal in logmode 
Debug[15:46:57]: "INF(15:46:57.688):Attempt" 
Debug[15:46:57]: log_breakpoint 
Debug[15:46:57]: 5 
Debug[15:46:58]: signal in logmode 
Debug[15:46:58]: "INF(15:46:58.003):Attempt" 
Debug[15:46:58]: log_breakpoint 
Debug[15:46:58]: 5 
Debug[15:46:58]: signal in logmode 
Debug[15:46:58]: "INF(15:46:58.313):Mode is OK" 
Debug[15:46:58]: log_breakpoint 
Debug[15:46:58]: 5 
Debug[15:46:58]: signal in logmode 
Debug[15:46:58]: "INF(15:46:58.318):Attempt" 
Debug[15:46:58]: log_breakpoint 
Debug[15:46:58]: 5 
Debug[15:46:58]: signal in logmode 
Debug[15:46:58]: "INF(15:46:58.344):RDUM master connected" 
Debug[15:46:58]: log_breakpoint 
Debug[15:46:58]: 5 
Debug[15:46:58]: signal in logmode 
Debug[15:46:58]: "INF(15:46:58.349):Connected to \\.\COM124" 
Debug[15:46:58]: log_breakpoint 
Debug[15:46:58]: 5 
Warning[15:46:58]: Could not parse stylesheet of widget 0x3887c60
Debug[15:46:58]: "Resume:Logs" 
Debug[15:46:58]: "Resume:Settings" 
Debug[15:46:58]: "Resume:UartUartController" 
Debug[15:46:58]: "Resume:UartSpiController" 
Debug[15:46:58]: "Resume:UartSsiController" 
Debug[15:46:58]: "Resume:DSI3Master" 
Debug[15:46:58]: "Resume:ASICMaster" 
Debug[15:46:58]: "Resume:RDUMMaster" 
Debug[15:46:58]: "Resume:DSI3Slave" 
Debug[15:46:58]: "Resume:Measurement" 
Debug[15:46:58]: "Resume:CFARsim" 
Debug[15:47:53]: "Suspend:Settings" 
Debug[15:47:53]: "Suspend:UartUartController" 
Debug[15:47:53]: "Suspend:UartSpiController" 
Debug[15:47:53]: "Suspend:UartSsiController" 
Debug[15:47:53]: "Suspend:DSI3Master" 
Debug[15:47:53]: "Suspend:ASICMaster" 
Debug[15:47:53]: "Suspend:RDUMMaster" 
Debug[15:47:53]: "Suspend:DSI3Slave" 
Debug[15:47:53]: "Suspend:Measurement" 
Debug[15:47:53]: "Suspend:CFARsim" 
Debug[15:47:53]: signal in logmode 
Debug[15:47:53]: "INF(15:47:53.743):Disconnect by user" 
Debug[15:47:53]: log_breakpoint 
Debug[15:47:53]: 5 
Debug[15:47:53]: signal in logmode 
Debug[15:47:53]: "INF(15:47:53.901):Disconnect by user" 
Debug[15:47:53]: log_breakpoint 
Debug[15:47:53]: 5 
