Warning[09:13:17]: QObject::connect: Cannot connect LocalServer::log(int,QString) to (null)::slot_addLog(int,QString)
Debug[09:13:17]: LocalServer:new "\\.\pipe\DSI3PASd" 
Debug[09:13:17]: Register specific 
Debug[09:13:18]: DynScaleCaclulate 
Debug[09:13:18]: "init 2 UartUartController" 
Debug[09:13:18]: Ok 
Debug[09:13:18]: "init 3 UartSpiController" 
Debug[09:13:18]: Ok 
Debug[09:13:18]: "init 4 UartSsiController" 
Debug[09:13:18]: Ok 
Debug[09:13:18]: "init 5 DSI3Master" 
Debug[09:13:18]: Ok 
Debug[09:13:18]: "init 6 ASICMaster" 
Debug[09:13:18]: Ok 
Debug[09:13:18]: "init 7 RDUMMaster" 
Debug[09:13:18]: Ok 
Debug[09:13:18]: "init 8 DSI3Slave" 
Debug[09:13:20]: Ok 
Debug[09:13:20]: "init 9 Measurement" 
Debug[09:13:21]: Ok 
Debug[09:13:21]: "init 10 CFARsim" 
Debug[09:13:21]: Ok 
Debug[09:13:21]: Using SERPORT
Debug[09:13:21]: MainApp Starting... 
Debug[09:13:23]: Add applets to MainWindow...
 
Debug[09:13:23]: Initialize Connection... 
Debug[09:13:23]: signal in logmode 
Debug[09:13:23]: "INF(09:13:23.780):Mode is OK" 
Debug[09:13:23]: log_breakpoint 
Debug[09:13:23]: 5 
Debug[09:13:23]: signal in logmode 
Debug[09:13:23]: "INF(09:13:23.782):Attempt" 
Debug[09:13:23]: log_breakpoint 
Debug[09:13:23]: 5 
Debug[09:13:24]: signal in logmode 
Debug[09:13:24]: "INF(09:13:24.099):Attempt" 
Debug[09:13:24]: log_breakpoint 
Debug[09:13:24]: 5 
Debug[09:13:24]: signal in logmode 
Debug[09:13:24]: "INF(09:13:24.410):Attempt" 
Debug[09:13:24]: log_breakpoint 
Debug[09:13:24]: 5 
Debug[09:13:24]: signal in logmode 
Debug[09:13:24]: "INF(09:13:24.722):Mode is OK" 
Debug[09:13:24]: log_breakpoint 
Debug[09:13:24]: 5 
Debug[09:13:24]: signal in logmode 
Debug[09:13:24]: "INF(09:13:24.725):Attempt" 
Debug[09:13:24]: log_breakpoint 
Debug[09:13:24]: 5 
Debug[09:13:25]: signal in logmode 
Debug[09:13:25]: "INF(09:13:25.034):Attempt" 
Debug[09:13:25]: log_breakpoint 
Debug[09:13:25]: 5 
Debug[09:13:25]: signal in logmode 
Debug[09:13:25]: "INF(09:13:25.346):Attempt" 
Debug[09:13:25]: log_breakpoint 
Debug[09:13:25]: 5 
Debug[09:13:25]: signal in logmode 
Debug[09:13:25]: "INF(09:13:25.656):Mode is OK" 
Debug[09:13:25]: log_breakpoint 
Debug[09:13:25]: 5 
Debug[09:13:25]: signal in logmode 
Debug[09:13:25]: "INF(09:13:25.659):Attempt" 
Debug[09:13:25]: log_breakpoint 
Debug[09:13:25]: 5 
Debug[09:13:25]: signal in logmode 
Debug[09:13:25]: "INF(09:13:25.967):Attempt" 
Debug[09:13:25]: log_breakpoint 
Debug[09:13:25]: 5 
Debug[09:13:26]: signal in logmode 
Debug[09:13:26]: "INF(09:13:26.281):Attempt" 
Debug[09:13:26]: log_breakpoint 
Debug[09:13:26]: 5 
Debug[09:13:29]: signal in logmode 
Debug[09:13:29]: "INF(09:13:29.247):Connected to no_board" 
Debug[09:13:29]: log_breakpoint 
Debug[09:13:29]: 5 
Warning[09:13:29]: Could not parse stylesheet of widget 0x33686c8
Debug[09:13:29]: "Resume:Logs" 
Debug[09:13:29]: "Resume:Settings" 
Debug[09:13:29]: "Resume:UartUartController" 
Debug[09:13:29]: "Resume:UartSpiController" 
Debug[09:13:29]: "Resume:UartSsiController" 
Debug[09:13:29]: "Resume:DSI3Master" 
Debug[09:13:29]: "Resume:ASICMaster" 
Debug[09:13:29]: "Resume:RDUMMaster" 
Debug[09:13:29]: "Resume:DSI3Slave" 
Debug[09:13:29]: "Resume:Measurement" 
Debug[09:13:29]: "Resume:CFARsim" 
Warning[09:45:10]: QObject::connect: Cannot connect LocalServer::log(int,QString) to (null)::slot_addLog(int,QString)
Debug[09:45:10]: LocalServer:new "\\.\pipe\DSI3PASd" 
Debug[09:45:10]: Register specific 
Debug[09:45:11]: DynScaleCaclulate 
Debug[09:45:11]: "init 2 UartUartController" 
Debug[09:45:11]: Ok 
Debug[09:45:11]: "init 3 UartSpiController" 
Debug[09:45:11]: Ok 
Debug[09:45:11]: "init 4 UartSsiController" 
Debug[09:45:11]: Ok 
Debug[09:45:11]: "init 5 DSI3Master" 
Debug[09:45:11]: Ok 
Debug[09:45:11]: "init 6 ASICMaster" 
Debug[09:45:11]: Ok 
Debug[09:45:11]: "init 7 RDUMMaster" 
Debug[09:45:11]: Ok 
Debug[09:45:11]: "init 8 DSI3Slave" 
Debug[09:45:13]: Ok 
Debug[09:45:13]: "init 9 Measurement" 
Debug[09:45:14]: Ok 
Debug[09:45:14]: "init 10 CFARsim" 
Debug[09:45:14]: Ok 
Debug[09:45:14]: Using SERPORT
Debug[09:45:14]: MainApp Starting... 
Debug[09:45:16]: Add applets to MainWindow...
 
Debug[09:45:16]: Initialize Connection... 
Debug[09:45:17]: signal in logmode 
Debug[09:45:17]: "INF(09:45:17.094):Mode is OK" 
Debug[09:45:17]: log_breakpoint 
Debug[09:45:17]: 5 
Debug[09:45:17]: signal in logmode 
Debug[09:45:17]: "INF(09:45:17.096):Attempt" 
Debug[09:45:17]: log_breakpoint 
Debug[09:45:17]: 5 
Debug[09:45:17]: signal in logmode 
Debug[09:45:17]: "INF(09:45:17.397):Attempt" 
Debug[09:45:17]: log_breakpoint 
Debug[09:45:17]: 5 
Debug[09:45:17]: signal in logmode 
Debug[09:45:17]: "INF(09:45:17.710):Attempt" 
Debug[09:45:17]: log_breakpoint 
Debug[09:45:17]: 5 
Debug[09:45:18]: signal in logmode 
Debug[09:45:18]: "INF(09:45:18.020):Mode is OK" 
Debug[09:45:18]: log_breakpoint 
Debug[09:45:18]: 5 
Debug[09:45:18]: signal in logmode 
Debug[09:45:18]: "INF(09:45:18.022):Attempt" 
Debug[09:45:18]: log_breakpoint 
Debug[09:45:18]: 5 
Debug[09:45:18]: signal in logmode 
Debug[09:45:18]: "INF(09:45:18.331):Attempt" 
Debug[09:45:18]: log_breakpoint 
Debug[09:45:18]: 5 
Debug[09:45:18]: signal in logmode 
Debug[09:45:18]: "INF(09:45:18.645):Attempt" 
Debug[09:45:18]: log_breakpoint 
Debug[09:45:18]: 5 
Debug[09:45:18]: signal in logmode 
Debug[09:45:18]: "INF(09:45:18.955):Mode is OK" 
Debug[09:45:18]: log_breakpoint 
Debug[09:45:18]: 5 
Debug[09:45:18]: signal in logmode 
Debug[09:45:18]: "INF(09:45:18.958):Attempt" 
Debug[09:45:18]: log_breakpoint 
Debug[09:45:18]: 5 
Debug[09:45:19]: signal in logmode 
Debug[09:45:19]: "INF(09:45:19.269):Attempt" 
Debug[09:45:19]: log_breakpoint 
Debug[09:45:19]: 5 
Debug[09:45:19]: signal in logmode 
Debug[09:45:19]: "INF(09:45:19.580):Attempt" 
Debug[09:45:19]: log_breakpoint 
Debug[09:45:19]: 5 
Debug[09:45:21]: signal in logmode 
Debug[09:45:21]: "INF(09:45:21.582):Connected to no_board" 
Debug[09:45:21]: log_breakpoint 
Debug[09:45:21]: 5 
Warning[09:45:21]: Could not parse stylesheet of widget 0x2f54bc8
Debug[09:45:21]: "Resume:Logs" 
Debug[09:45:21]: "Resume:Settings" 
Debug[09:45:21]: "Resume:UartUartController" 
Debug[09:45:21]: "Resume:UartSpiController" 
Debug[09:45:21]: "Resume:UartSsiController" 
Debug[09:45:21]: "Resume:DSI3Master" 
Debug[09:45:21]: "Resume:ASICMaster" 
Debug[09:45:21]: "Resume:RDUMMaster" 
Debug[09:45:21]: "Resume:DSI3Slave" 
Debug[09:45:21]: "Resume:Measurement" 
Debug[09:45:21]: "Resume:CFARsim" 
Warning[09:57:02]: QObject::connect: Cannot connect LocalServer::log(int,QString) to (null)::slot_addLog(int,QString)
Debug[09:57:02]: LocalServer:new "\\.\pipe\DSI3PASd" 
Debug[09:57:02]: Register specific 
Debug[09:57:03]: DynScaleCaclulate 
Debug[09:57:03]: "init 2 UartUartController" 
Debug[09:57:03]: Ok 
Debug[09:57:03]: "init 3 UartSpiController" 
Debug[09:57:03]: Ok 
Debug[09:57:03]: "init 4 UartSsiController" 
Debug[09:57:03]: Ok 
Debug[09:57:03]: "init 5 DSI3Master" 
Debug[09:57:03]: Ok 
Debug[09:57:03]: "init 6 ASICMaster" 
Debug[09:57:03]: Ok 
Debug[09:57:03]: "init 7 RDUMMaster" 
Debug[09:57:04]: Ok 
Debug[09:57:04]: "init 8 DSI3Slave" 
Debug[09:57:05]: Ok 
Debug[09:57:05]: "init 9 Measurement" 
Debug[09:57:07]: Ok 
Debug[09:57:07]: "init 10 CFARsim" 
Debug[09:57:07]: Ok 
Debug[09:57:07]: Using SERPORT
Debug[09:57:07]: MainApp Starting... 
Debug[09:57:09]: Add applets to MainWindow...
 
Debug[09:57:09]: Initialize Connection... 
Debug[09:57:09]: signal in logmode 
Debug[09:57:09]: "INF(09:57:09.344):Mode is OK" 
Debug[09:57:09]: log_breakpoint 
Debug[09:57:09]: 5 
Debug[09:57:09]: signal in logmode 
Debug[09:57:09]: "INF(09:57:09.347):Attempt" 
Debug[09:57:09]: log_breakpoint 
Debug[09:57:09]: 5 
Debug[09:57:09]: signal in logmode 
Debug[09:57:09]: "INF(09:57:09.654):Attempt" 
Debug[09:57:09]: log_breakpoint 
Debug[09:57:09]: 5 
Debug[09:57:09]: signal in logmode 
Debug[09:57:09]: "INF(09:57:09.968):Attempt" 
Debug[09:57:09]: log_breakpoint 
Debug[09:57:09]: 5 
Debug[09:57:10]: signal in logmode 
Debug[09:57:10]: "INF(09:57:10.281):Mode is OK" 
Debug[09:57:10]: log_breakpoint 
Debug[09:57:10]: 5 
Debug[09:57:10]: signal in logmode 
Debug[09:57:10]: "INF(09:57:10.285):Attempt" 
Debug[09:57:10]: log_breakpoint 
Debug[09:57:10]: 5 
Debug[09:57:10]: signal in logmode 
Debug[09:57:10]: "INF(09:57:10.591):Attempt" 
Debug[09:57:10]: log_breakpoint 
Debug[09:57:10]: 5 
Debug[09:57:10]: signal in logmode 
Debug[09:57:10]: "INF(09:57:10.902):Attempt" 
Debug[09:57:10]: log_breakpoint 
Debug[09:57:10]: 5 
Debug[09:57:11]: signal in logmode 
Debug[09:57:11]: "INF(09:57:11.214):Mode is OK" 
Debug[09:57:11]: log_breakpoint 
Debug[09:57:11]: 5 
Debug[09:57:11]: signal in logmode 
Debug[09:57:11]: "INF(09:57:11.219):Attempt" 
Debug[09:57:11]: log_breakpoint 
Debug[09:57:11]: 5 
Debug[09:57:11]: signal in logmode 
Debug[09:57:11]: "INF(09:57:11.526):Attempt" 
Debug[09:57:11]: log_breakpoint 
Debug[09:57:11]: 5 
Debug[09:57:11]: signal in logmode 
Debug[09:57:11]: "INF(09:57:11.831):Attempt" 
Debug[09:57:11]: log_breakpoint 
Debug[09:57:11]: 5 
Debug[09:57:14]: signal in logmode 
Debug[09:57:14]: "INF(09:57:14.987):Connected to no_board" 
Debug[09:57:14]: log_breakpoint 
Debug[09:57:14]: 5 
Warning[09:57:14]: Could not parse stylesheet of widget 0x2e54dc8
Debug[09:57:14]: "Resume:Logs" 
Debug[09:57:14]: "Resume:Settings" 
Debug[09:57:14]: "Resume:UartUartController" 
Debug[09:57:14]: "Resume:UartSpiController" 
Debug[09:57:14]: "Resume:UartSsiController" 
Debug[09:57:14]: "Resume:DSI3Master" 
Debug[09:57:14]: "Resume:ASICMaster" 
Debug[09:57:14]: "Resume:RDUMMaster" 
Debug[09:57:14]: "Resume:DSI3Slave" 
Debug[09:57:14]: "Resume:Measurement" 
Debug[09:57:14]: "Resume:CFARsim" 
Debug[13:24:03]: "Suspend:Settings" 
Debug[13:24:03]: "Suspend:UartUartController" 
Debug[13:24:03]: "Suspend:UartSpiController" 
Debug[13:24:03]: "Suspend:UartSsiController" 
Debug[13:24:03]: "Suspend:DSI3Master" 
Debug[13:24:03]: "Suspend:ASICMaster" 
Debug[13:24:03]: "Suspend:RDUMMaster" 
Debug[13:24:03]: "Suspend:DSI3Slave" 
Debug[13:24:03]: "Suspend:Measurement" 
Debug[13:24:03]: "Suspend:CFARsim" 
Debug[13:24:03]: signal in logmode 
Debug[13:24:03]: "INF(13:24:03.412):Disconnect by user" 
Debug[13:24:03]: log_breakpoint 
Debug[13:24:03]: 5 
Debug[13:24:03]: signal in logmode 
Debug[13:24:03]: "INF(13:24:03.459):Disconnect by user" 
Debug[13:24:03]: log_breakpoint 
Debug[13:24:03]: 5 
