Warning[07:20:40]: QObject::connect: Cannot connect LocalServer::log(int,QString) to (null)::slot_addLog(int,QString)
Debug[07:20:40]: LocalServer:new "\\.\pipe\DSI3PASd" 
Debug[07:20:40]: Register specific 
Debug[07:20:41]: DynScaleCaclulate 
Debug[07:20:41]: "init 2 UartUartController" 
Debug[07:20:41]: Ok 
Debug[07:20:41]: "init 3 UartSpiController" 
Debug[07:20:41]: Ok 
Debug[07:20:41]: "init 4 UartSsiController" 
Debug[07:20:41]: Ok 
Debug[07:20:41]: "init 5 DSI3Master" 
Debug[07:20:41]: Ok 
Debug[07:20:41]: "init 6 ASICMaster" 
Debug[07:20:41]: Ok 
Debug[07:20:42]: "init 7 RDUMMaster" 
Debug[07:20:42]: Ok 
Debug[07:20:42]: "init 8 DSI3Slave" 
Debug[07:20:43]: Ok 
Debug[07:20:43]: "init 9 Measurement" 
Debug[07:20:45]: Ok 
Debug[07:20:45]: "init 10 CFARsim" 
Debug[07:20:45]: Ok 
Debug[07:20:45]: Using SERPORT
Debug[07:20:45]: MainApp Starting... 
Debug[07:20:46]: Add applets to MainWindow...
 
Debug[07:20:46]: Initialize Connection... 
Debug[07:20:47]: signal in logmode 
Debug[07:20:47]: "INF(07:20:47.308):Mode is OK" 
Debug[07:20:47]: log_breakpoint 
Debug[07:20:47]: 5 
Debug[07:20:47]: signal in logmode 
Debug[07:20:47]: "INF(07:20:47.311):Attempt" 
Debug[07:20:47]: log_breakpoint 
Debug[07:20:47]: 5 
Debug[07:20:47]: signal in logmode 
Debug[07:20:47]: "INF(07:20:47.462):Mode is OK" 
Debug[07:20:47]: log_breakpoint 
Debug[07:20:47]: 5 
Debug[07:20:47]: signal in logmode 
Debug[07:20:47]: "INF(07:20:47.465):Attempt" 
Debug[07:20:47]: log_breakpoint 
Debug[07:20:47]: 5 
Debug[07:20:47]: signal in logmode 
Debug[07:20:47]: "INF(07:20:47.785):Attempt" 
Debug[07:20:47]: log_breakpoint 
Debug[07:20:47]: 5 
Debug[07:20:48]: signal in logmode 
Debug[07:20:48]: "INF(07:20:48.097):Attempt" 
Debug[07:20:48]: log_breakpoint 
Debug[07:20:48]: 5 
Debug[07:20:48]: signal in logmode 
Debug[07:20:48]: "INF(07:20:48.409):Mode is OK" 
Debug[07:20:48]: log_breakpoint 
Debug[07:20:48]: 5 
Debug[07:20:48]: signal in logmode 
Debug[07:20:48]: "INF(07:20:48.413):Attempt" 
Debug[07:20:48]: log_breakpoint 
Debug[07:20:48]: 5 
Debug[07:20:48]: signal in logmode 
Debug[07:20:48]: "INF(07:20:48.720):Attempt" 
Debug[07:20:48]: log_breakpoint 
Debug[07:20:48]: 5 
Debug[07:20:49]: signal in logmode 
Debug[07:20:49]: "INF(07:20:49.032):Attempt" 
Debug[07:20:49]: log_breakpoint 
Debug[07:20:49]: 5 
Debug[07:20:49]: signal in logmode 
Debug[07:20:49]: "INF(07:20:49.346):Mode is OK" 
Debug[07:20:49]: log_breakpoint 
Debug[07:20:49]: 5 
Debug[07:20:49]: signal in logmode 
Debug[07:20:49]: "INF(07:20:49.350):Attempt" 
Debug[07:20:49]: log_breakpoint 
Debug[07:20:49]: 5 
Debug[07:20:49]: signal in logmode 
Debug[07:20:49]: "INF(07:20:49.653):Attempt" 
Debug[07:20:49]: log_breakpoint 
Debug[07:20:49]: 5 
Debug[07:20:49]: signal in logmode 
Debug[07:20:49]: "INF(07:20:49.965):Attempt" 
Debug[07:20:49]: log_breakpoint 
Debug[07:20:49]: 5 
Debug[07:20:54]: signal in logmode 
Debug[07:20:54]: "INF(07:20:54.371):Mode is OK" 
Debug[07:20:54]: log_breakpoint 
Debug[07:20:54]: 5 
Debug[07:20:54]: signal in logmode 
Debug[07:20:54]: "INF(07:20:54.374):Attempt" 
Debug[07:20:54]: log_breakpoint 
Debug[07:20:54]: 5 
Debug[07:20:54]: signal in logmode 
Debug[07:20:54]: "INF(07:20:54.382):ASIC master connected" 
Debug[07:20:54]: log_breakpoint 
Debug[07:20:54]: 5 
Debug[07:20:54]: signal in logmode 
Debug[07:20:54]: "INF(07:20:54.384):Connected to \\.\COM58" 
Debug[07:20:54]: log_breakpoint 
Debug[07:20:54]: 5 
Warning[07:20:54]: Could not parse stylesheet of widget 0x31148d0
Debug[07:20:54]: "Resume:Logs" 
Debug[07:20:54]: "Resume:Settings" 
Debug[07:20:54]: "Resume:UartUartController" 
Debug[07:20:54]: "Resume:UartSpiController" 
Debug[07:20:54]: "Resume:UartSsiController" 
Debug[07:20:54]: "Resume:DSI3Master" 
Debug[07:20:54]: "Resume:ASICMaster" 
Debug[07:20:54]: "Resume:RDUMMaster" 
Debug[07:20:54]: "Resume:DSI3Slave" 
Debug[07:20:54]: "Resume:Measurement" 
Debug[07:20:54]: "Resume:CFARsim" 
Debug[11:32:12]: "Suspend:Settings" 
Debug[11:32:12]: "Suspend:UartUartController" 
Debug[11:32:12]: "Suspend:UartSpiController" 
Debug[11:32:12]: "Suspend:UartSsiController" 
Debug[11:32:12]: "Suspend:DSI3Master" 
Debug[11:32:12]: "Suspend:ASICMaster" 
Debug[11:32:12]: "Suspend:RDUMMaster" 
Debug[11:32:12]: "Suspend:DSI3Slave" 
Debug[11:32:12]: "Suspend:Measurement" 
Debug[11:32:12]: "Suspend:CFARsim" 
Debug[11:32:12]: signal in logmode 
Debug[11:32:12]: "INF(11:32:12.866):Disconnect by user" 
Debug[11:32:12]: log_breakpoint 
Debug[11:32:12]: 5 
Debug[11:32:12]: signal in logmode 
Debug[11:32:12]: "INF(11:32:12.924):Disconnect by user" 
Debug[11:32:12]: log_breakpoint 
Debug[11:32:12]: 5 
Warning[11:32:22]: QObject::connect: Cannot connect LocalServer::log(int,QString) to (null)::slot_addLog(int,QString)
Debug[11:32:22]: LocalServer:new "\\.\pipe\DSI3PASd" 
Debug[11:32:22]: Register specific 
Debug[11:32:23]: DynScaleCaclulate 
Debug[11:32:24]: "init 2 UartUartController" 
Debug[11:32:24]: Ok 
Debug[11:32:24]: "init 3 UartSpiController" 
Debug[11:32:24]: Ok 
Debug[11:32:24]: "init 4 UartSsiController" 
Debug[11:32:24]: Ok 
Debug[11:32:24]: "init 5 DSI3Master" 
Debug[11:32:24]: Ok 
Debug[11:32:24]: "init 6 ASICMaster" 
Debug[11:32:24]: Ok 
Debug[11:32:24]: "init 7 RDUMMaster" 
Debug[11:32:24]: Ok 
Debug[11:32:24]: "init 8 DSI3Slave" 
Debug[11:32:25]: Ok 
Debug[11:32:25]: "init 9 Measurement" 
Debug[11:32:27]: Ok 
Debug[11:32:27]: "init 10 CFARsim" 
Debug[11:32:27]: Ok 
Debug[11:32:27]: Using SERPORT
Debug[11:32:27]: MainApp Starting... 
Debug[11:32:29]: Add applets to MainWindow...
 
Debug[11:32:29]: Initialize Connection... 
Debug[11:32:29]: signal in logmode 
Debug[11:32:29]: "INF(11:32:29.417):Mode is OK" 
Debug[11:32:29]: log_breakpoint 
Debug[11:32:29]: 5 
Debug[11:32:29]: signal in logmode 
Debug[11:32:29]: "INF(11:32:29.421):Attempt" 
Debug[11:32:29]: log_breakpoint 
Debug[11:32:29]: 5 
Debug[11:32:29]: signal in logmode 
Debug[11:32:29]: "INF(11:32:29.573):Mode is OK" 
Debug[11:32:29]: log_breakpoint 
Debug[11:32:29]: 5 
Debug[11:32:29]: signal in logmode 
Debug[11:32:29]: "INF(11:32:29.576):Attempt" 
Debug[11:32:29]: log_breakpoint 
Debug[11:32:29]: 5 
Debug[11:32:29]: signal in logmode 
Debug[11:32:29]: "INF(11:32:29.899):Attempt" 
Debug[11:32:29]: log_breakpoint 
Debug[11:32:29]: 5 
Debug[11:32:30]: signal in logmode 
Debug[11:32:30]: "INF(11:32:30.210):Attempt" 
Debug[11:32:30]: log_breakpoint 
Debug[11:32:30]: 5 
Debug[11:32:30]: signal in logmode 
Debug[11:32:30]: "INF(11:32:30.522):Mode is OK" 
Debug[11:32:30]: log_breakpoint 
Debug[11:32:30]: 5 
Debug[11:32:30]: signal in logmode 
Debug[11:32:30]: "INF(11:32:30.525):Attempt" 
Debug[11:32:30]: log_breakpoint 
Debug[11:32:30]: 5 
Debug[11:32:30]: signal in logmode 
Debug[11:32:30]: "INF(11:32:30.833):Attempt" 
Debug[11:32:30]: log_breakpoint 
Debug[11:32:30]: 5 
Debug[11:32:31]: signal in logmode 
Debug[11:32:31]: "INF(11:32:31.143):Attempt" 
Debug[11:32:31]: log_breakpoint 
Debug[11:32:31]: 5 
Debug[11:32:31]: signal in logmode 
Debug[11:32:31]: "INF(11:32:31.454):Mode is OK" 
Debug[11:32:31]: log_breakpoint 
Debug[11:32:31]: 5 
Debug[11:32:31]: signal in logmode 
Debug[11:32:31]: "INF(11:32:31.455):Attempt" 
Debug[11:32:31]: log_breakpoint 
Debug[11:32:31]: 5 
Debug[11:32:31]: signal in logmode 
Debug[11:32:31]: "INF(11:32:31.766):Attempt" 
Debug[11:32:31]: log_breakpoint 
Debug[11:32:31]: 5 
Debug[11:32:32]: signal in logmode 
Debug[11:32:32]: "INF(11:32:32.077):Attempt" 
Debug[11:32:32]: log_breakpoint 
Debug[11:32:32]: 5 
Debug[11:32:38]: signal in logmode 
Debug[11:32:38]: "INF(11:32:38.779):Mode is OK" 
Debug[11:32:38]: log_breakpoint 
Debug[11:32:38]: 5 
Debug[11:32:38]: signal in logmode 
Debug[11:32:38]: "INF(11:32:38.781):Attempt" 
Debug[11:32:38]: log_breakpoint 
Debug[11:32:38]: 5 
Debug[11:32:38]: signal in logmode 
Debug[11:32:38]: "INF(11:32:38.792):ASIC master connected" 
Debug[11:32:38]: log_breakpoint 
Debug[11:32:38]: 5 
Debug[11:32:38]: signal in logmode 
Debug[11:32:38]: "INF(11:32:38.794):Connected to \\.\COM58" 
Debug[11:32:38]: log_breakpoint 
Debug[11:32:38]: 5 
Warning[11:32:38]: Could not parse stylesheet of widget 0x3465410
Debug[11:32:38]: "Resume:Logs" 
Debug[11:32:38]: "Resume:Settings" 
Debug[11:32:38]: "Resume:UartUartController" 
Debug[11:32:38]: "Resume:UartSpiController" 
Debug[11:32:38]: "Resume:UartSsiController" 
Debug[11:32:38]: "Resume:DSI3Master" 
Debug[11:32:38]: "Resume:ASICMaster" 
Debug[11:32:38]: "Resume:RDUMMaster" 
Debug[11:32:38]: "Resume:DSI3Slave" 
Debug[11:32:38]: "Resume:Measurement" 
Debug[11:32:38]: "Resume:CFARsim" 
Debug[12:36:35]: "Suspend:Settings" 
Debug[12:36:35]: "Suspend:UartUartController" 
Debug[12:36:35]: "Suspend:UartSpiController" 
Debug[12:36:35]: "Suspend:UartSsiController" 
Debug[12:36:35]: "Suspend:DSI3Master" 
Debug[12:36:35]: "Suspend:ASICMaster" 
Debug[12:36:35]: "Suspend:RDUMMaster" 
Debug[12:36:35]: "Suspend:DSI3Slave" 
Debug[12:36:35]: "Suspend:Measurement" 
Debug[12:36:35]: "Suspend:CFARsim" 
Debug[12:36:35]: signal in logmode 
Debug[12:36:35]: "INF(12:36:35.776):Disconnect by user" 
Debug[12:36:35]: log_breakpoint 
Debug[12:36:35]: 5 
Debug[12:36:35]: signal in logmode 
Debug[12:36:35]: "INF(12:36:35.930):Disconnect by user" 
Debug[12:36:35]: log_breakpoint 
Debug[12:36:35]: 5 
Warning[12:36:42]: QObject::connect: Cannot connect LocalServer::log(int,QString) to (null)::slot_addLog(int,QString)
Debug[12:36:42]: LocalServer:new "\\.\pipe\DSI3PASd" 
Debug[12:36:43]: Register specific 
Debug[12:36:44]: DynScaleCaclulate 
Debug[12:36:44]: "init 2 UartUartController" 
Debug[12:36:44]: Ok 
Debug[12:36:44]: "init 3 UartSpiController" 
Debug[12:36:44]: Ok 
Debug[12:36:44]: "init 4 UartSsiController" 
Debug[12:36:44]: Ok 
Debug[12:36:44]: "init 5 DSI3Master" 
Debug[12:36:44]: Ok 
Debug[12:36:44]: "init 6 ASICMaster" 
Debug[12:36:44]: Ok 
Debug[12:36:44]: "init 7 RDUMMaster" 
Debug[12:36:44]: Ok 
Debug[12:36:44]: "init 8 DSI3Slave" 
Debug[12:36:46]: Ok 
Debug[12:36:46]: "init 9 Measurement" 
Debug[12:36:47]: Ok 
Debug[12:36:47]: "init 10 CFARsim" 
Debug[12:36:47]: Ok 
Debug[12:36:47]: Using SERPORT
Debug[12:36:47]: MainApp Starting... 
Debug[12:36:49]: Add applets to MainWindow...
 
Debug[12:36:49]: Initialize Connection... 
Debug[12:36:49]: signal in logmode 
Debug[12:36:49]: "INF(12:36:49.838):Mode is OK" 
Debug[12:36:49]: log_breakpoint 
Debug[12:36:49]: 5 
Debug[12:36:49]: signal in logmode 
Debug[12:36:49]: "INF(12:36:49.841):Attempt" 
Debug[12:36:49]: log_breakpoint 
Debug[12:36:49]: 5 
Debug[12:36:49]: signal in logmode 
Debug[12:36:49]: "INF(12:36:49.992):Mode is OK" 
Debug[12:36:49]: log_breakpoint 
Debug[12:36:49]: 5 
Debug[12:36:49]: signal in logmode 
Debug[12:36:49]: "INF(12:36:49.994):Attempt" 
Debug[12:36:49]: log_breakpoint 
Debug[12:36:49]: 5 
Debug[12:36:50]: signal in logmode 
Debug[12:36:50]: "INF(12:36:50.302):Attempt" 
Debug[12:36:50]: log_breakpoint 
Debug[12:36:50]: 5 
Debug[12:36:50]: signal in logmode 
Debug[12:36:50]: "INF(12:36:50.615):Attempt" 
Debug[12:36:50]: log_breakpoint 
Debug[12:36:50]: 5 
Debug[12:36:50]: signal in logmode 
Debug[12:36:50]: "INF(12:36:50.927):Mode is OK" 
Debug[12:36:50]: log_breakpoint 
Debug[12:36:50]: 5 
Debug[12:36:50]: signal in logmode 
Debug[12:36:50]: "INF(12:36:50.931):Attempt" 
Debug[12:36:50]: log_breakpoint 
Debug[12:36:50]: 5 
Debug[12:36:51]: signal in logmode 
Debug[12:36:51]: "INF(12:36:51.236):Attempt" 
Debug[12:36:51]: log_breakpoint 
Debug[12:36:51]: 5 
Debug[12:36:51]: signal in logmode 
Debug[12:36:51]: "INF(12:36:51.547):Attempt" 
Debug[12:36:51]: log_breakpoint 
Debug[12:36:51]: 5 
Debug[12:36:51]: signal in logmode 
Debug[12:36:51]: "INF(12:36:51.861):Mode is OK" 
Debug[12:36:51]: log_breakpoint 
Debug[12:36:51]: 5 
Debug[12:36:51]: signal in logmode 
Debug[12:36:51]: "INF(12:36:51.866):Attempt" 
Debug[12:36:51]: log_breakpoint 
Debug[12:36:51]: 5 
Debug[12:36:52]: signal in logmode 
Debug[12:36:52]: "INF(12:36:52.174):Attempt" 
Debug[12:36:52]: log_breakpoint 
Debug[12:36:52]: 5 
Debug[12:36:52]: signal in logmode 
Debug[12:36:52]: "INF(12:36:52.486):Attempt" 
Debug[12:36:52]: log_breakpoint 
Debug[12:36:52]: 5 
Debug[12:36:57]: signal in logmode 
Debug[12:36:57]: "INF(12:36:57.146):Mode is OK" 
Debug[12:36:57]: log_breakpoint 
Debug[12:36:57]: 5 
Debug[12:36:57]: signal in logmode 
Debug[12:36:57]: "INF(12:36:57.150):Attempt" 
Debug[12:36:57]: log_breakpoint 
Debug[12:36:57]: 5 
Debug[12:36:57]: signal in logmode 
Debug[12:36:57]: "INF(12:36:57.159):ASIC master connected" 
Debug[12:36:57]: log_breakpoint 
Debug[12:36:57]: 5 
Debug[12:36:57]: signal in logmode 
Debug[12:36:57]: "INF(12:36:57.160):Connected to \\.\COM58" 
Debug[12:36:57]: log_breakpoint 
Debug[12:36:57]: 5 
Warning[12:36:57]: Could not parse stylesheet of widget 0x2ed5a90
Debug[12:36:57]: "Resume:Logs" 
Debug[12:36:57]: "Resume:Settings" 
Debug[12:36:57]: "Resume:UartUartController" 
Debug[12:36:57]: "Resume:UartSpiController" 
Debug[12:36:57]: "Resume:UartSsiController" 
Debug[12:36:57]: "Resume:DSI3Master" 
Debug[12:36:57]: "Resume:ASICMaster" 
Debug[12:36:57]: "Resume:RDUMMaster" 
Debug[12:36:57]: "Resume:DSI3Slave" 
Debug[12:36:57]: "Resume:Measurement" 
Debug[12:36:57]: "Resume:CFARsim" 
Debug[15:34:34]: "Suspend:Settings" 
Debug[15:34:34]: "Suspend:UartUartController" 
Debug[15:34:34]: "Suspend:UartSpiController" 
Debug[15:34:34]: "Suspend:UartSsiController" 
Debug[15:34:34]: "Suspend:DSI3Master" 
Debug[15:34:34]: "Suspend:ASICMaster" 
Debug[15:34:34]: "Suspend:RDUMMaster" 
Debug[15:34:34]: "Suspend:DSI3Slave" 
Debug[15:34:34]: "Suspend:Measurement" 
Debug[15:34:34]: "Suspend:CFARsim" 
Debug[15:34:34]: signal in logmode 
Debug[15:34:34]: "INF(15:34:34.622):Disconnect by user" 
Debug[15:34:34]: log_breakpoint 
Debug[15:34:34]: 5 
Debug[15:34:34]: signal in logmode 
Debug[15:34:34]: "INF(15:34:34.645):Disconnect by user" 
Debug[15:34:34]: log_breakpoint 
Debug[15:34:34]: 5 
