Warning[11:38:08]: QObject::connect: Cannot connect LocalServer::log(int,QString) to (null)::slot_addLog(int,QString)
Debug[11:38:08]: LocalServer:new "\\.\pipe\DSI3PASd" 
Debug[11:38:08]: Register specific 
Debug[11:38:10]: DynScaleCaclulate 
Debug[11:38:11]: "init 2 UartUartController" 
Debug[11:38:11]: Ok 
Debug[11:38:11]: "init 3 UartSpiController" 
Debug[11:38:11]: Ok 
Debug[11:38:11]: "init 4 UartSsiController" 
Debug[11:38:11]: Ok 
Debug[11:38:11]: "init 5 DSI3Master" 
Debug[11:38:11]: Ok 
Debug[11:38:11]: "init 6 ASICMaster" 
Debug[11:38:11]: Ok 
Debug[11:38:11]: "init 7 RDUMMaster" 
Debug[11:38:11]: Ok 
Debug[11:38:11]: "init 8 DSI3Slave" 
Debug[11:38:13]: Ok 
Debug[11:38:13]: "init 9 Measurement" 
Debug[11:38:15]: Ok 
Debug[11:38:15]: "init 10 CFARsim" 
Debug[11:38:15]: Ok 
Debug[11:38:15]: Using SERPORT
Debug[11:38:15]: MainApp Starting... 
Debug[11:38:19]: Add applets to MainWindow...
 
Debug[11:38:19]: Initialize Connection... 
Debug[11:38:29]: signal in logmode 
Debug[11:38:29]: "INF(11:38:29.388):Mode is OK" 
Debug[11:38:29]: log_breakpoint 
Debug[11:38:29]: 5 
Debug[11:38:29]: signal in logmode 
Debug[11:38:29]: "INF(11:38:29.405):Attempt" 
Debug[11:38:29]: log_breakpoint 
Debug[11:38:29]: 5 
Debug[11:38:29]: signal in logmode 
Debug[11:38:29]: "INF(11:38:29.848):Attempt" 
Debug[11:38:29]: log_breakpoint 
Debug[11:38:29]: 5 
Debug[11:38:30]: signal in logmode 
Debug[11:38:30]: "INF(11:38:30.285):Attempt" 
Debug[11:38:30]: log_breakpoint 
Debug[11:38:30]: 5 
Debug[11:38:30]: signal in logmode 
Debug[11:38:30]: "INF(11:38:30.720):Mode is OK" 
Debug[11:38:30]: log_breakpoint 
Debug[11:38:30]: 5 
Debug[11:38:30]: signal in logmode 
Debug[11:38:30]: "INF(11:38:30.731):Attempt" 
Debug[11:38:30]: log_breakpoint 
Debug[11:38:30]: 5 
Debug[11:38:31]: signal in logmode 
Debug[11:38:31]: "INF(11:38:31.173):Attempt" 
Debug[11:38:31]: log_breakpoint 
Debug[11:38:31]: 5 
Debug[11:38:31]: signal in logmode 
Debug[11:38:31]: "INF(11:38:31.615):Attempt" 
Debug[11:38:31]: log_breakpoint 
Debug[11:38:31]: 5 
Debug[11:38:32]: signal in logmode 
Debug[11:38:32]: "INF(11:38:32.053):Mode is OK" 
Debug[11:38:32]: log_breakpoint 
Debug[11:38:32]: 5 
Debug[11:38:32]: signal in logmode 
Debug[11:38:32]: "INF(11:38:32.069):Attempt" 
Debug[11:38:32]: log_breakpoint 
Debug[11:38:32]: 5 
Debug[11:38:32]: signal in logmode 
Debug[11:38:32]: "INF(11:38:32.507):Attempt" 
Debug[11:38:32]: log_breakpoint 
Debug[11:38:32]: 5 
Debug[11:38:32]: signal in logmode 
Debug[11:38:32]: "INF(11:38:32.944):Attempt" 
Debug[11:38:32]: log_breakpoint 
Debug[11:38:32]: 5 
Debug[11:38:33]: signal in logmode 
Debug[11:38:33]: "INF(11:38:33.380):Mode is OK" 
Debug[11:38:33]: log_breakpoint 
Debug[11:38:33]: 5 
Debug[11:38:33]: signal in logmode 
Debug[11:38:33]: "INF(11:38:33.385):Attempt" 
Debug[11:38:33]: log_breakpoint 
Debug[11:38:33]: 5 
Debug[11:38:33]: signal in logmode 
Debug[11:38:33]: "INF(11:38:33.836):Attempt" 
Debug[11:38:33]: log_breakpoint 
Debug[11:38:33]: 5 
Debug[11:38:34]: signal in logmode 
Debug[11:38:34]: "INF(11:38:34.279):Attempt" 
Debug[11:38:34]: log_breakpoint 
Debug[11:38:34]: 5 
Debug[11:38:34]: signal in logmode 
Debug[11:38:34]: "INF(11:38:34.721):Mode is OK" 
Debug[11:38:34]: log_breakpoint 
Debug[11:38:34]: 5 
Debug[11:38:34]: signal in logmode 
Debug[11:38:34]: "INF(11:38:34.737):Attempt" 
Debug[11:38:34]: log_breakpoint 
Debug[11:38:34]: 5 
Debug[11:38:35]: signal in logmode 
Debug[11:38:35]: "INF(11:38:35.177):Attempt" 
Debug[11:38:35]: log_breakpoint 
Debug[11:38:35]: 5 
Debug[11:38:35]: signal in logmode 
Debug[11:38:35]: "INF(11:38:35.615):Attempt" 
Debug[11:38:35]: log_breakpoint 
Debug[11:38:35]: 5 
Debug[11:38:36]: signal in logmode 
Debug[11:38:36]: "INF(11:38:36.056):Mode is OK" 
Debug[11:38:36]: log_breakpoint 
Debug[11:38:36]: 5 
Debug[11:38:36]: signal in logmode 
Debug[11:38:36]: "INF(11:38:36.064):Attempt" 
Debug[11:38:36]: log_breakpoint 
Debug[11:38:36]: 5 
Debug[11:38:36]: signal in logmode 
Debug[11:38:36]: "INF(11:38:36.497):Attempt" 
Debug[11:38:36]: log_breakpoint 
Debug[11:38:36]: 5 
Debug[11:38:36]: signal in logmode 
Debug[11:38:36]: "INF(11:38:36.934):Attempt" 
Debug[11:38:36]: log_breakpoint 
Debug[11:38:36]: 5 
Debug[11:38:37]: signal in logmode 
Debug[11:38:37]: "INF(11:38:37.375):Mode is OK" 
Debug[11:38:37]: log_breakpoint 
Debug[11:38:37]: 5 
Debug[11:38:37]: signal in logmode 
Debug[11:38:37]: "INF(11:38:37.401):Attempt" 
Debug[11:38:37]: log_breakpoint 
Debug[11:38:37]: 5 
Debug[11:38:37]: signal in logmode 
Debug[11:38:37]: "INF(11:38:37.844):Attempt" 
Debug[11:38:37]: log_breakpoint 
Debug[11:38:37]: 5 
Debug[11:38:38]: signal in logmode 
Debug[11:38:38]: "INF(11:38:38.279):Attempt" 
Debug[11:38:38]: log_breakpoint 
Debug[11:38:38]: 5 
Debug[11:38:38]: signal in logmode 
Debug[11:38:38]: "INF(11:38:38.719):Mode is OK" 
Debug[11:38:38]: log_breakpoint 
Debug[11:38:38]: 5 
Debug[11:38:38]: signal in logmode 
Debug[11:38:38]: "INF(11:38:38.744):Attempt" 
Debug[11:38:38]: log_breakpoint 
Debug[11:38:38]: 5 
Debug[11:38:39]: signal in logmode 
Debug[11:38:39]: "INF(11:38:39.193):Attempt" 
Debug[11:38:39]: log_breakpoint 
Debug[11:38:39]: 5 
Debug[11:38:39]: signal in logmode 
Debug[11:38:39]: "INF(11:38:39.622):Attempt" 
Debug[11:38:39]: log_breakpoint 
Debug[11:38:39]: 5 
Debug[11:38:40]: signal in logmode 
Debug[11:38:40]: "INF(11:38:40.064):Mode is OK" 
Debug[11:38:40]: log_breakpoint 
Debug[11:38:40]: 5 
Debug[11:38:40]: signal in logmode 
Debug[11:38:40]: "INF(11:38:40.078):Attempt" 
Debug[11:38:40]: log_breakpoint 
Debug[11:38:40]: 5 
Debug[11:38:40]: signal in logmode 
Debug[11:38:40]: "INF(11:38:40.407):Attempt" 
Debug[11:38:40]: log_breakpoint 
Debug[11:38:40]: 5 
Debug[11:38:40]: signal in logmode 
Debug[11:38:40]: "INF(11:38:40.722):Attempt" 
Debug[11:38:40]: log_breakpoint 
Debug[11:38:40]: 5 
Debug[11:38:41]: signal in logmode 
Debug[11:38:41]: "INF(11:38:41.065):Mode is OK" 
Debug[11:38:41]: log_breakpoint 
Debug[11:38:41]: 5 
Debug[11:38:41]: signal in logmode 
Debug[11:38:41]: "INF(11:38:41.076):Attempt" 
Debug[11:38:41]: log_breakpoint 
Debug[11:38:41]: 5 
Debug[11:38:41]: signal in logmode 
Debug[11:38:41]: "INF(11:38:41.408):Attempt" 
Debug[11:38:41]: log_breakpoint 
Debug[11:38:41]: 5 
Debug[11:38:41]: signal in logmode 
Debug[11:38:41]: "INF(11:38:41.754):Attempt" 
Debug[11:38:41]: log_breakpoint 
Debug[11:38:41]: 5 
Debug[11:38:42]: signal in logmode 
Debug[11:38:42]: "INF(11:38:42.100):Mode is OK" 
Debug[11:38:42]: log_breakpoint 
Debug[11:38:42]: 5 
Debug[11:38:42]: signal in logmode 
Debug[11:38:42]: "INF(11:38:42.123):Attempt" 
Debug[11:38:42]: log_breakpoint 
Debug[11:38:42]: 5 
Debug[11:38:42]: signal in logmode 
Debug[11:38:42]: "INF(11:38:42.474):Attempt" 
Debug[11:38:42]: log_breakpoint 
Debug[11:38:42]: 5 
Debug[11:38:42]: signal in logmode 
Debug[11:38:42]: "INF(11:38:42.805):Attempt" 
Debug[11:38:42]: log_breakpoint 
Debug[11:38:42]: 5 
Debug[11:38:43]: signal in logmode 
Debug[11:38:43]: "INF(11:38:43.145):Mode is OK" 
Debug[11:38:43]: log_breakpoint 
Debug[11:38:43]: 5 
Debug[11:38:43]: signal in logmode 
Debug[11:38:43]: "INF(11:38:43.157):Attempt" 
Debug[11:38:43]: log_breakpoint 
Debug[11:38:43]: 5 
Debug[11:38:43]: signal in logmode 
Debug[11:38:43]: "INF(11:38:43.490):Attempt" 
Debug[11:38:43]: log_breakpoint 
Debug[11:38:43]: 5 
Debug[11:38:43]: signal in logmode 
Debug[11:38:43]: "INF(11:38:43.833):Attempt" 
Debug[11:38:43]: log_breakpoint 
Debug[11:38:43]: 5 
Debug[11:38:44]: signal in logmode 
Debug[11:38:44]: "INF(11:38:44.175):Mode is OK" 
Debug[11:38:44]: log_breakpoint 
Debug[11:38:44]: 5 
Debug[11:38:44]: signal in logmode 
Debug[11:38:44]: "INF(11:38:44.186):Closed or Bytesavailable" 
Debug[11:38:44]: log_breakpoint 
Debug[11:38:44]: 5 
Debug[11:38:44]: signal in logmode 
Debug[11:38:44]: "INF(11:38:44.198):Mode is OK" 
Debug[11:38:44]: log_breakpoint 
Debug[11:38:44]: 5 
Debug[11:38:44]: signal in logmode 
Debug[11:38:44]: "INF(11:38:44.204):Closed or Bytesavailable" 
Debug[11:38:44]: log_breakpoint 
Debug[11:38:44]: 5 
Debug[11:38:44]: signal in logmode 
Debug[11:38:44]: "INF(11:38:44.211):Mode is OK" 
Debug[11:38:44]: log_breakpoint 
Debug[11:38:44]: 5 
Debug[11:38:44]: signal in logmode 
Debug[11:38:44]: "INF(11:38:44.217):Closed or Bytesavailable" 
Debug[11:38:44]: log_breakpoint 
Debug[11:38:44]: 5 
Debug[11:38:44]: signal in logmode 
Debug[11:38:44]: "INF(11:38:44.222):Mode is OK" 
Debug[11:38:44]: log_breakpoint 
Debug[11:38:44]: 5 
Debug[11:38:44]: signal in logmode 
Debug[11:38:44]: "INF(11:38:44.232):Closed or Bytesavailable" 
Debug[11:38:44]: log_breakpoint 
Debug[11:38:44]: 5 
Debug[11:38:59]: signal in logmode 
Debug[11:38:59]: "INF(11:38:59.489):Disconnect by user" 
Debug[11:38:59]: log_breakpoint 
Debug[11:38:59]: 5 
Debug[11:38:59]: signal in logmode 
Debug[11:38:59]: "INF(11:38:59.554):Disconnect by user" 
Debug[11:38:59]: log_breakpoint 
Debug[11:38:59]: 5 
