Warning[11:44:17]: QObject::connect: Cannot connect LocalServer::log(int,QString) to (null)::slot_addLog(int,QString)
Debug[11:44:17]: LocalServer:new "\\.\pipe\DSI3PAS" 
Debug[11:44:18]: Register specific 
Debug[11:44:18]: DynScaleCaclulate 
Debug[11:44:18]: "init 2 UartUartController" 
Debug[11:44:18]: Ok 
Debug[11:44:18]: "init 3 UartSpiController" 
Debug[11:44:18]: Ok 
Debug[11:44:18]: "init 4 UartSsiController" 
Debug[11:44:18]: Ok 
Debug[11:44:18]: "init 5 DSI3Master" 
Debug[11:44:18]: Ok 
Debug[11:44:18]: "init 6 ASICMaster" 
Debug[11:44:18]: Ok 
Debug[11:44:18]: "init 7 RDUMMaster" 
Debug[11:44:18]: Ok 
Debug[11:44:18]: "init 8 DSI3Slave" 
Debug[11:44:19]: Ok 
Debug[11:44:19]: "init 9 Measurement" 
Debug[11:44:19]: Ok 
Debug[11:44:19]: "init 10 CFARsim" 
Debug[11:44:19]: Ok 
Debug[11:44:19]: MainApp Starting... 
Debug[11:44:20]: Add applets to MainWindow...
 
Debug[11:44:20]: Initialize Connection... 
Warning[11:44:20]: QFileSystemWatcher: failed to add paths: C:/REPO/DSI3PAS2_workingdir/DSI3PAS2/Software/bin/ULSEverification_configfiles, C:/REPO/DSI3PAS2_workingdir/DSI3PAS2/Software/bin/ConfigFiles_29_1_2021_Jiri_MOBIS, C:/Users/fg6cnq/Desktop/DSI3PAS2_UART_QtSW_20210129_1511, C:/Users/zbdn9w/Desktop/Temp/CFAR QT uprava ToF, C:/Users/zbdn9w/Desktop/Temp/CFAR QT Komprimace do CSV, U:/Dokumenty/MOBIS/Crosstalk 11-2021
Debug[11:44:24]: signal in logmode 
Debug[11:44:24]: "INF(11:44:24.183):Connected to no_board" 
Debug[11:44:24]: log_breakpoint 
Debug[11:44:24]: 5 
Warning[11:44:24]: Could not parse stylesheet of widget 0x2e27508
Debug[11:44:24]: "Resume:Logs" 
Debug[11:44:24]: "Resume:Settings" 
Debug[11:44:24]: "Resume:UartUartController" 
Debug[11:44:24]: "Resume:UartSpiController" 
Debug[11:44:24]: "Resume:UartSsiController" 
Debug[11:44:24]: "Resume:DSI3Master" 
Debug[11:44:24]: "Resume:ASICMaster" 
Debug[11:44:24]: "Resume:RDUMMaster" 
Debug[11:44:24]: "Resume:DSI3Slave" 
Debug[11:44:24]: "Resume:Measurement" 
Debug[11:44:24]: "Resume:CFARsim" 
Debug[13:02:35]: "Suspend:Settings" 
Debug[13:02:35]: "Suspend:UartUartController" 
Debug[13:02:35]: "Suspend:UartSpiController" 
Debug[13:02:35]: "Suspend:UartSsiController" 
Debug[13:02:35]: "Suspend:DSI3Master" 
Debug[13:02:35]: "Suspend:ASICMaster" 
Debug[13:02:35]: "Suspend:RDUMMaster" 
Debug[13:02:35]: "Suspend:DSI3Slave" 
Debug[13:02:35]: "Suspend:Measurement" 
Debug[13:02:35]: "Suspend:CFARsim" 
Debug[13:02:35]: signal in logmode 
Debug[13:02:35]: "INF(13:02:35.200):Disconnect by user" 
Debug[13:02:35]: log_breakpoint 
Debug[13:02:35]: 5 
Debug[13:02:35]: signal in logmode 
Debug[13:02:35]: "INF(13:02:35.219):Disconnect by user" 
Debug[13:02:35]: log_breakpoint 
Debug[13:02:35]: 5 
Warning[13:02:55]: QObject::connect: Cannot connect LocalServer::log(int,QString) to (null)::slot_addLog(int,QString)
Debug[13:02:55]: LocalServer:new "\\.\pipe\DSI3PASd" 
Debug[13:02:55]: Register specific 
Debug[13:02:56]: DynScaleCaclulate 
Debug[13:02:57]: "init 2 UartUartController" 
Debug[13:02:57]: Ok 
Debug[13:02:57]: "init 3 UartSpiController" 
Debug[13:02:57]: Ok 
Debug[13:02:57]: "init 4 UartSsiController" 
Debug[13:02:57]: Ok 
Debug[13:02:57]: "init 5 DSI3Master" 
Debug[13:02:57]: Ok 
Debug[13:02:57]: "init 6 ASICMaster" 
Debug[13:02:57]: Ok 
Debug[13:02:57]: "init 7 RDUMMaster" 
Debug[13:02:57]: Ok 
Debug[13:02:57]: "init 8 DSI3Slave" 
Debug[13:02:58]: Ok 
Debug[13:02:58]: "init 9 Measurement" 
Debug[13:03:00]: Ok 
Debug[13:03:00]: "init 10 CFARsim" 
Debug[13:03:00]: Ok 
Debug[13:03:00]: Using SERPORT
Debug[13:03:00]: MainApp Starting... 
Debug[13:03:02]: Add applets to MainWindow...
 
Debug[13:03:02]: Initialize Connection... 
Debug[13:03:09]: signal in logmode 
Debug[13:03:09]: "INF(13:03:09.400):Connected to no_board" 
Debug[13:03:09]: log_breakpoint 
Debug[13:03:09]: 5 
Warning[13:03:09]: Could not parse stylesheet of widget 0x3a09d88
Debug[13:03:09]: "Resume:Logs" 
Debug[13:03:09]: "Resume:Settings" 
Debug[13:03:09]: "Resume:UartUartController" 
Debug[13:03:09]: "Resume:UartSpiController" 
Debug[13:03:09]: "Resume:UartSsiController" 
Debug[13:03:09]: "Resume:DSI3Master" 
Debug[13:03:09]: "Resume:ASICMaster" 
Debug[13:03:09]: "Resume:RDUMMaster" 
Debug[13:03:09]: "Resume:DSI3Slave" 
Debug[13:03:09]: "Resume:Measurement" 
Debug[13:03:09]: "Resume:CFARsim" 
Debug[13:03:25]: "Suspend:Settings" 
Debug[13:03:25]: "Suspend:UartUartController" 
Debug[13:03:25]: "Suspend:UartSpiController" 
Debug[13:03:25]: "Suspend:UartSsiController" 
Debug[13:03:25]: "Suspend:DSI3Master" 
Debug[13:03:25]: "Suspend:ASICMaster" 
Debug[13:03:25]: "Suspend:RDUMMaster" 
Debug[13:03:25]: "Suspend:DSI3Slave" 
Debug[13:03:25]: "Suspend:Measurement" 
Debug[13:03:25]: "Suspend:CFARsim" 
Debug[13:03:25]: signal in logmode 
Debug[13:03:25]: "INF(13:03:25.082):Disconnect by user" 
Debug[13:03:25]: log_breakpoint 
Debug[13:03:25]: 5 
Debug[13:03:25]: signal in logmode 
Debug[13:03:25]: "INF(13:03:25.108):Disconnect by user" 
Debug[13:03:25]: log_breakpoint 
Debug[13:03:25]: 5 
Warning[13:10:03]: QObject::connect: Cannot connect LocalServer::log(int,QString) to (null)::slot_addLog(int,QString)
Debug[13:10:03]: LocalServer:new "\\.\pipe\DSI3PASd" 
Debug[13:10:03]: Register specific 
Debug[13:10:04]: DynScaleCaclulate 
Debug[13:10:05]: "init 2 UartUartController" 
Debug[13:10:05]: Ok 
Debug[13:10:05]: "init 3 UartSpiController" 
Debug[13:10:05]: Ok 
Debug[13:10:05]: "init 4 UartSsiController" 
Debug[13:10:05]: Ok 
Debug[13:10:05]: "init 5 DSI3Master" 
Debug[13:10:05]: Ok 
Debug[13:10:05]: "init 6 ASICMaster" 
Debug[13:10:05]: Ok 
Debug[13:10:05]: "init 7 RDUMMaster" 
Debug[13:10:05]: Ok 
Debug[13:10:05]: "init 8 DSI3Slave" 
Debug[13:10:07]: Ok 
Debug[13:10:07]: "init 9 Measurement" 
Debug[13:10:08]: Ok 
Debug[13:10:08]: "init 10 CFARsim" 
Debug[13:10:08]: Ok 
Debug[13:10:08]: Using SERPORT
Debug[13:10:08]: MainApp Starting... 
Debug[13:10:10]: Add applets to MainWindow...
 
Debug[13:10:10]: Initialize Connection... 
Debug[13:11:38]: signal in logmode 
Debug[13:11:38]: "INF(13:11:38.596):Connected to no_board" 
Debug[13:11:38]: log_breakpoint 
Debug[13:11:38]: 5 
Warning[13:11:38]: Could not parse stylesheet of widget 0x3dba588
Debug[13:11:38]: "Resume:Logs" 
Debug[13:11:38]: "Resume:Settings" 
Debug[13:11:38]: "Resume:UartUartController" 
Debug[13:11:38]: "Resume:UartSpiController" 
Debug[13:11:38]: "Resume:UartSsiController" 
Debug[13:11:38]: "Resume:DSI3Master" 
Debug[13:11:38]: "Resume:ASICMaster" 
Debug[13:11:38]: "Resume:RDUMMaster" 
Debug[13:11:38]: "Resume:DSI3Slave" 
Debug[13:11:38]: "Resume:Measurement" 
Debug[13:11:38]: "Resume:CFARsim" 
Debug[13:14:32]: "Suspend:Settings" 
Debug[13:14:32]: "Suspend:UartUartController" 
Debug[13:14:32]: "Suspend:UartSpiController" 
Debug[13:14:32]: "Suspend:UartSsiController" 
Debug[13:14:32]: "Suspend:DSI3Master" 
Debug[13:14:32]: "Suspend:ASICMaster" 
Debug[13:14:32]: "Suspend:RDUMMaster" 
Debug[13:14:32]: "Suspend:DSI3Slave" 
Debug[13:14:32]: "Suspend:Measurement" 
Debug[13:14:32]: "Suspend:CFARsim" 
Debug[13:14:32]: signal in logmode 
Debug[13:14:32]: "INF(13:14:32.328):Disconnect by user" 
Debug[13:14:32]: log_breakpoint 
Debug[13:14:32]: 5 
Debug[13:14:32]: signal in logmode 
Debug[13:14:32]: "INF(13:14:32.353):Disconnect by user" 
Debug[13:14:32]: log_breakpoint 
Debug[13:14:32]: 5 
Warning[13:15:28]: QObject::connect: Cannot connect LocalServer::log(int,QString) to (null)::slot_addLog(int,QString)
Debug[13:15:28]: LocalServer:new "\\.\pipe\DSI3PASd" 
Debug[13:15:28]: Register specific 
Debug[13:15:29]: DynScaleCaclulate 
Debug[13:15:29]: "init 2 UartUartController" 
Debug[13:15:29]: Ok 
Debug[13:15:29]: "init 3 UartSpiController" 
Debug[13:15:29]: Ok 
Debug[13:15:29]: "init 4 UartSsiController" 
Debug[13:15:29]: Ok 
Debug[13:15:29]: "init 5 DSI3Master" 
Debug[13:15:29]: Ok 
Debug[13:15:29]: "init 6 ASICMaster" 
Debug[13:15:29]: Ok 
Debug[13:15:29]: "init 7 RDUMMaster" 
Debug[13:15:29]: Ok 
Debug[13:15:29]: "init 8 DSI3Slave" 
Debug[13:15:31]: Ok 
Debug[13:15:31]: "init 9 Measurement" 
Debug[13:15:32]: Ok 
Debug[13:15:32]: "init 10 CFARsim" 
Debug[13:15:32]: Ok 
Debug[13:15:32]: Using SERPORT
Debug[13:15:32]: MainApp Starting... 
Debug[13:15:34]: Add applets to MainWindow...
 
Debug[13:15:34]: Initialize Connection... 
Debug[13:15:35]: signal in logmode 
Debug[13:15:35]: "INF(13:15:35.033):Mode is OK" 
Debug[13:15:35]: log_breakpoint 
Debug[13:15:35]: 5 
Debug[13:15:35]: signal in logmode 
Debug[13:15:35]: "INF(13:15:35.035):Attempt" 
Debug[13:15:35]: log_breakpoint 
Debug[13:15:35]: 5 
Debug[13:15:35]: signal in logmode 
Debug[13:15:35]: "INF(13:15:35.190):Mode is OK" 
Debug[13:15:35]: log_breakpoint 
Debug[13:15:35]: 5 
Debug[13:15:35]: signal in logmode 
Debug[13:15:35]: "INF(13:15:35.195):Attempt" 
Debug[13:15:35]: log_breakpoint 
Debug[13:15:35]: 5 
Debug[13:15:35]: signal in logmode 
Debug[13:15:35]: "INF(13:15:35.517):Attempt" 
Debug[13:15:35]: log_breakpoint 
Debug[13:15:35]: 5 
Debug[13:15:35]: signal in logmode 
Debug[13:15:35]: "INF(13:15:35.828):Attempt" 
Debug[13:15:35]: log_breakpoint 
Debug[13:15:35]: 5 
Debug[13:15:36]: signal in logmode 
Debug[13:15:36]: "INF(13:15:36.142):Mode is OK" 
Debug[13:15:36]: log_breakpoint 
Debug[13:15:36]: 5 
Debug[13:15:36]: signal in logmode 
Debug[13:15:36]: "INF(13:15:36.151):Attempt" 
Debug[13:15:36]: log_breakpoint 
Debug[13:15:36]: 5 
Debug[13:15:36]: signal in logmode 
Debug[13:15:36]: "INF(13:15:36.463):Attempt" 
Debug[13:15:36]: log_breakpoint 
Debug[13:15:36]: 5 
Debug[13:15:36]: signal in logmode 
Debug[13:15:36]: "INF(13:15:36.777):Attempt" 
Debug[13:15:36]: log_breakpoint 
Debug[13:15:36]: 5 
Debug[13:15:37]: signal in logmode 
Debug[13:15:37]: "INF(13:15:37.089):Mode is OK" 
Debug[13:15:37]: log_breakpoint 
Debug[13:15:37]: 5 
Debug[13:15:37]: signal in logmode 
Debug[13:15:37]: "INF(13:15:37.092):Attempt" 
Debug[13:15:37]: log_breakpoint 
Debug[13:15:37]: 5 
Debug[13:15:37]: signal in logmode 
Debug[13:15:37]: "INF(13:15:37.403):Attempt" 
Debug[13:15:37]: log_breakpoint 
Debug[13:15:37]: 5 
Debug[13:15:37]: signal in logmode 
Debug[13:15:37]: "INF(13:15:37.712):Attempt" 
Debug[13:15:37]: log_breakpoint 
Debug[13:15:37]: 5 
Debug[13:15:41]: signal in logmode 
Debug[13:15:41]: "INF(13:15:41.242):Mode is OK" 
Debug[13:15:41]: log_breakpoint 
Debug[13:15:41]: 5 
Debug[13:15:41]: signal in logmode 
Debug[13:15:41]: "INF(13:15:41.245):Attempt" 
Debug[13:15:41]: log_breakpoint 
Debug[13:15:41]: 5 
Debug[13:15:41]: signal in logmode 
Debug[13:15:41]: "INF(13:15:41.255):ASIC master connected" 
Debug[13:15:41]: log_breakpoint 
Debug[13:15:41]: 5 
Debug[13:15:41]: signal in logmode 
Debug[13:15:41]: "INF(13:15:41.257):Connected to \\.\COM56" 
Debug[13:15:41]: log_breakpoint 
Debug[13:15:41]: 5 
Warning[13:15:41]: Could not parse stylesheet of widget 0x3d19a48
Debug[13:15:41]: "Resume:Logs" 
Debug[13:15:41]: "Resume:Settings" 
Debug[13:15:41]: "Resume:UartUartController" 
Debug[13:15:41]: "Resume:UartSpiController" 
Debug[13:15:41]: "Resume:UartSsiController" 
Debug[13:15:41]: "Resume:DSI3Master" 
Debug[13:15:41]: "Resume:ASICMaster" 
Debug[13:15:41]: "Resume:RDUMMaster" 
Debug[13:15:41]: "Resume:DSI3Slave" 
Debug[13:15:41]: "Resume:Measurement" 
Debug[13:15:41]: "Resume:CFARsim" 
Debug[13:19:47]: "Suspend:Settings" 
Debug[13:19:47]: "Suspend:UartUartController" 
Debug[13:19:47]: "Suspend:UartSpiController" 
Debug[13:19:47]: "Suspend:UartSsiController" 
Debug[13:19:47]: "Suspend:DSI3Master" 
Debug[13:19:47]: "Suspend:ASICMaster" 
Debug[13:19:47]: "Suspend:RDUMMaster" 
Debug[13:19:47]: "Suspend:DSI3Slave" 
Debug[13:19:47]: "Suspend:Measurement" 
Debug[13:19:47]: "Suspend:CFARsim" 
Debug[13:19:47]: signal in logmode 
Debug[13:19:47]: "INF(13:19:47.554):Disconnect by user" 
Debug[13:19:47]: log_breakpoint 
Debug[13:19:47]: 5 
Debug[13:19:47]: signal in logmode 
Debug[13:19:47]: "INF(13:19:47.679):Reconnect" 
Debug[13:19:47]: log_breakpoint 
Debug[13:19:47]: 5 
Debug[13:19:47]: signal in logmode 
Debug[13:19:47]: "INF(13:19:47.685):Auto reconnecting..." 
Debug[13:19:47]: log_breakpoint 
Debug[13:19:47]: 5 
Debug[13:19:47]: signal in logmode 
Debug[13:19:47]: "INF(13:19:47.696):Disconnect by user" 
Debug[13:19:47]: log_breakpoint 
Debug[13:19:47]: 5 
Debug[13:19:47]: signal in logmode 
Debug[13:19:47]: "INF(13:19:47.708):Mode is OK" 
Debug[13:19:47]: log_breakpoint 
Debug[13:19:47]: 5 
Debug[13:19:47]: signal in logmode 
Debug[13:19:47]: "INF(13:19:47.712):Attempt" 
Debug[13:19:47]: log_breakpoint 
Debug[13:19:47]: 5 
Warning[13:19:57]: QObject::connect: Cannot connect LocalServer::log(int,QString) to (null)::slot_addLog(int,QString)
Debug[13:19:57]: LocalServer:new "\\.\pipe\DSI3PASd" 
Debug[13:19:57]: Register specific 
Debug[13:19:59]: DynScaleCaclulate 
Debug[13:19:59]: "init 2 UartUartController" 
Debug[13:19:59]: Ok 
Debug[13:19:59]: "init 3 UartSpiController" 
Debug[13:19:59]: Ok 
Debug[13:19:59]: "init 4 UartSsiController" 
Debug[13:19:59]: Ok 
Debug[13:19:59]: "init 5 DSI3Master" 
Debug[13:20:00]: Ok 
Debug[13:20:00]: "init 6 ASICMaster" 
Debug[13:20:00]: Ok 
Debug[13:20:00]: "init 7 RDUMMaster" 
Debug[13:20:00]: Ok 
Debug[13:20:00]: "init 8 DSI3Slave" 
Debug[13:20:02]: Ok 
Debug[13:20:02]: "init 9 Measurement" 
Debug[13:20:04]: Ok 
Debug[13:20:04]: "init 10 CFARsim" 
Debug[13:20:04]: Ok 
Debug[13:20:04]: Using SERPORT
Debug[13:20:04]: MainApp Starting... 
Debug[13:20:07]: Add applets to MainWindow...
 
Debug[13:20:07]: Initialize Connection... 
Debug[13:20:07]: signal in logmode 
Debug[13:20:07]: "INF(13:20:07.742):Mode is OK" 
Debug[13:20:07]: log_breakpoint 
Debug[13:20:07]: 5 
Debug[13:20:07]: signal in logmode 
Debug[13:20:07]: "INF(13:20:07.746):Attempt" 
Debug[13:20:07]: log_breakpoint 
Debug[13:20:07]: 5 
Debug[13:20:07]: signal in logmode 
Debug[13:20:07]: "INF(13:20:07.908):Mode is OK" 
Debug[13:20:07]: log_breakpoint 
Debug[13:20:07]: 5 
Debug[13:20:07]: signal in logmode 
Debug[13:20:07]: "INF(13:20:07.913):Attempt" 
Debug[13:20:07]: log_breakpoint 
Debug[13:20:07]: 5 
Debug[13:20:08]: signal in logmode 
Debug[13:20:08]: "INF(13:20:08.237):Attempt" 
Debug[13:20:08]: log_breakpoint 
Debug[13:20:08]: 5 
Debug[13:20:08]: signal in logmode 
Debug[13:20:08]: "INF(13:20:08.558):Attempt" 
Debug[13:20:08]: log_breakpoint 
Debug[13:20:08]: 5 
Debug[13:20:08]: signal in logmode 
Debug[13:20:08]: "INF(13:20:08.874):Mode is OK" 
Debug[13:20:08]: log_breakpoint 
Debug[13:20:08]: 5 
Debug[13:20:08]: signal in logmode 
Debug[13:20:08]: "INF(13:20:08.882):Attempt" 
Debug[13:20:08]: log_breakpoint 
Debug[13:20:08]: 5 
Debug[13:20:09]: signal in logmode 
Debug[13:20:09]: "INF(13:20:09.200):Attempt" 
Debug[13:20:09]: log_breakpoint 
Debug[13:20:09]: 5 
Debug[13:20:09]: signal in logmode 
Debug[13:20:09]: "INF(13:20:09.518):Attempt" 
Debug[13:20:09]: log_breakpoint 
Debug[13:20:09]: 5 
Debug[13:20:09]: signal in logmode 
Debug[13:20:09]: "INF(13:20:09.827):Mode is OK" 
Debug[13:20:09]: log_breakpoint 
Debug[13:20:09]: 5 
Debug[13:20:09]: signal in logmode 
Debug[13:20:09]: "INF(13:20:09.831):Attempt" 
Debug[13:20:09]: log_breakpoint 
Debug[13:20:09]: 5 
Debug[13:20:10]: signal in logmode 
Debug[13:20:10]: "INF(13:20:10.142):Attempt" 
Debug[13:20:10]: log_breakpoint 
Debug[13:20:10]: 5 
Debug[13:20:10]: signal in logmode 
Debug[13:20:10]: "INF(13:20:10.458):Attempt" 
Debug[13:20:10]: log_breakpoint 
Debug[13:20:10]: 5 
Debug[13:20:21]: signal in logmode 
Debug[13:20:21]: "INF(13:20:21.279):Mode is OK" 
Debug[13:20:21]: log_breakpoint 
Debug[13:20:21]: 5 
Debug[13:20:21]: signal in logmode 
Debug[13:20:21]: "INF(13:20:21.284):Attempt" 
Debug[13:20:21]: log_breakpoint 
Debug[13:20:21]: 5 
Debug[13:20:21]: signal in logmode 
Debug[13:20:21]: "INF(13:20:21.294):ASIC master connected" 
Debug[13:20:21]: log_breakpoint 
Debug[13:20:21]: 5 
Debug[13:20:21]: signal in logmode 
Debug[13:20:21]: "INF(13:20:21.297):Connected to \\.\COM56" 
Debug[13:20:21]: log_breakpoint 
Debug[13:20:21]: 5 
Warning[13:20:21]: Could not parse stylesheet of widget 0x449f5a8
Debug[13:20:21]: "Resume:Logs" 
Debug[13:20:21]: "Resume:Settings" 
Debug[13:20:21]: "Resume:UartUartController" 
Debug[13:20:21]: "Resume:UartSpiController" 
Debug[13:20:21]: "Resume:UartSsiController" 
Debug[13:20:21]: "Resume:DSI3Master" 
Debug[13:20:21]: "Resume:ASICMaster" 
Debug[13:20:21]: "Resume:RDUMMaster" 
Debug[13:20:21]: "Resume:DSI3Slave" 
Debug[13:20:21]: "Resume:Measurement" 
Debug[13:20:21]: "Resume:CFARsim" 
Warning[13:28:50]: QObject::connect: Cannot connect LocalServer::log(int,QString) to (null)::slot_addLog(int,QString)
Debug[13:28:50]: LocalServer:new "\\.\pipe\DSI3PASd" 
Debug[13:28:50]: Register specific 
Debug[13:28:51]: DynScaleCaclulate 
Debug[13:28:51]: "init 2 UartUartController" 
Debug[13:28:51]: Ok 
Debug[13:28:51]: "init 3 UartSpiController" 
Debug[13:28:51]: Ok 
Debug[13:28:51]: "init 4 UartSsiController" 
Debug[13:28:51]: Ok 
Debug[13:28:51]: "init 5 DSI3Master" 
Debug[13:28:51]: Ok 
Debug[13:28:51]: "init 6 ASICMaster" 
Debug[13:28:51]: Ok 
Debug[13:28:51]: "init 7 RDUMMaster" 
Debug[13:28:51]: Ok 
Debug[13:28:51]: "init 8 DSI3Slave" 
Debug[13:28:53]: Ok 
Debug[13:28:53]: "init 9 Measurement" 
Debug[13:28:55]: Ok 
Debug[13:28:55]: "init 10 CFARsim" 
Debug[13:28:55]: Ok 
Debug[13:28:55]: Using SERPORT
Debug[13:28:55]: MainApp Starting... 
Debug[13:28:57]: Add applets to MainWindow...
 
Debug[13:28:57]: Initialize Connection... 
Debug[13:28:57]: signal in logmode 
Debug[13:28:57]: "INF(13:28:57.428):Mode is OK" 
Debug[13:28:57]: log_breakpoint 
Debug[13:28:57]: 5 
Debug[13:28:57]: signal in logmode 
Debug[13:28:57]: "INF(13:28:57.431):Attempt" 
Debug[13:28:57]: log_breakpoint 
Debug[13:28:57]: 5 
Debug[13:28:57]: signal in logmode 
Debug[13:28:57]: "INF(13:28:57.581):Mode is OK" 
Debug[13:28:57]: log_breakpoint 
Debug[13:28:57]: 5 
Debug[13:28:57]: signal in logmode 
Debug[13:28:57]: "INF(13:28:57.584):Attempt" 
Debug[13:28:57]: log_breakpoint 
Debug[13:28:57]: 5 
Debug[13:28:57]: signal in logmode 
Debug[13:28:57]: "INF(13:28:57.890):Attempt" 
Debug[13:28:57]: log_breakpoint 
Debug[13:28:57]: 5 
Debug[13:28:58]: signal in logmode 
Debug[13:28:58]: "INF(13:28:58.199):Attempt" 
Debug[13:28:58]: log_breakpoint 
Debug[13:28:58]: 5 
Debug[13:28:58]: signal in logmode 
Debug[13:28:58]: "INF(13:28:58.513):Mode is OK" 
Debug[13:28:58]: log_breakpoint 
Debug[13:28:58]: 5 
Debug[13:28:58]: signal in logmode 
Debug[13:28:58]: "INF(13:28:58.517):Attempt" 
Debug[13:28:58]: log_breakpoint 
Debug[13:28:58]: 5 
Debug[13:28:58]: signal in logmode 
Debug[13:28:58]: "INF(13:28:58.826):Attempt" 
Debug[13:28:58]: log_breakpoint 
Debug[13:28:58]: 5 
Debug[13:28:59]: signal in logmode 
Debug[13:28:59]: "INF(13:28:59.141):Attempt" 
Debug[13:28:59]: log_breakpoint 
Debug[13:28:59]: 5 
Debug[13:28:59]: signal in logmode 
Debug[13:28:59]: "INF(13:28:59.454):Mode is OK" 
Debug[13:28:59]: log_breakpoint 
Debug[13:28:59]: 5 
Debug[13:28:59]: signal in logmode 
Debug[13:28:59]: "INF(13:28:59.460):Attempt" 
Debug[13:28:59]: log_breakpoint 
Debug[13:28:59]: 5 
Debug[13:28:59]: signal in logmode 
Debug[13:28:59]: "INF(13:28:59.779):Attempt" 
Debug[13:28:59]: log_breakpoint 
Debug[13:28:59]: 5 
Debug[13:29:00]: signal in logmode 
Debug[13:29:00]: "INF(13:29:00.090):Attempt" 
Debug[13:29:00]: log_breakpoint 
Debug[13:29:00]: 5 
Debug[13:29:03]: signal in logmode 
Debug[13:29:03]: "INF(13:29:03.650):Mode is OK" 
Debug[13:29:03]: log_breakpoint 
Debug[13:29:03]: 5 
Debug[13:29:03]: signal in logmode 
Debug[13:29:03]: "INF(13:29:03.655):Attempt" 
Debug[13:29:03]: log_breakpoint 
Debug[13:29:03]: 5 
Debug[13:29:03]: signal in logmode 
Debug[13:29:03]: "INF(13:29:03.663):ASIC master connected" 
Debug[13:29:03]: log_breakpoint 
Debug[13:29:03]: 5 
Debug[13:29:03]: signal in logmode 
Debug[13:29:03]: "INF(13:29:03.666):Connected to \\.\COM56" 
Debug[13:29:03]: log_breakpoint 
Debug[13:29:03]: 5 
Warning[13:29:03]: Could not parse stylesheet of widget 0x4138b88
Debug[13:29:03]: "Resume:Logs" 
Debug[13:29:03]: "Resume:Settings" 
Debug[13:29:03]: "Resume:UartUartController" 
Debug[13:29:03]: "Resume:UartSpiController" 
Debug[13:29:03]: "Resume:UartSsiController" 
Debug[13:29:03]: "Resume:DSI3Master" 
Debug[13:29:03]: "Resume:ASICMaster" 
Debug[13:29:03]: "Resume:RDUMMaster" 
Debug[13:29:03]: "Resume:DSI3Slave" 
Debug[13:29:03]: "Resume:Measurement" 
Debug[13:29:03]: "Resume:CFARsim" 
Debug[13:32:12]: "Suspend:Settings" 
Debug[13:32:12]: "Suspend:UartUartController" 
Debug[13:32:12]: "Suspend:UartSpiController" 
Debug[13:32:12]: "Suspend:UartSsiController" 
Debug[13:32:12]: "Suspend:DSI3Master" 
Debug[13:32:12]: "Suspend:ASICMaster" 
Debug[13:32:12]: "Suspend:RDUMMaster" 
Debug[13:32:12]: "Suspend:DSI3Slave" 
Debug[13:32:12]: "Suspend:Measurement" 
Debug[13:32:12]: "Suspend:CFARsim" 
Debug[13:32:12]: signal in logmode 
Debug[13:32:12]: "INF(13:32:12.514):Disconnect by user" 
Debug[13:32:12]: log_breakpoint 
Debug[13:32:12]: 5 
Debug[13:32:12]: signal in logmode 
Debug[13:32:12]: "INF(13:32:12.662):Disconnect by user" 
Debug[13:32:12]: log_breakpoint 
Debug[13:32:12]: 5 
Warning[13:32:16]: QObject::connect: Cannot connect LocalServer::log(int,QString) to (null)::slot_addLog(int,QString)
Debug[13:32:16]: LocalServer:new "\\.\pipe\DSI3PASd" 
Debug[13:32:16]: Register specific 
Debug[13:32:18]: DynScaleCaclulate 
Debug[13:32:18]: "init 2 UartUartController" 
Debug[13:32:18]: Ok 
Debug[13:32:18]: "init 3 UartSpiController" 
Debug[13:32:18]: Ok 
Debug[13:32:18]: "init 4 UartSsiController" 
Debug[13:32:18]: Ok 
Debug[13:32:18]: "init 5 DSI3Master" 
Debug[13:32:18]: Ok 
Debug[13:32:18]: "init 6 ASICMaster" 
Debug[13:32:18]: Ok 
Debug[13:32:18]: "init 7 RDUMMaster" 
Debug[13:32:18]: Ok 
Debug[13:32:18]: "init 8 DSI3Slave" 
Debug[13:32:21]: Ok 
Debug[13:32:21]: "init 9 Measurement" 
Debug[13:32:22]: Ok 
Debug[13:32:22]: "init 10 CFARsim" 
Debug[13:32:22]: Ok 
Debug[13:32:22]: Using SERPORT
Debug[13:32:22]: MainApp Starting... 
Debug[13:32:26]: Add applets to MainWindow...
 
Debug[13:32:26]: Initialize Connection... 
Debug[13:32:26]: signal in logmode 
Debug[13:32:26]: "INF(13:32:26.558):Mode is OK" 
Debug[13:32:26]: log_breakpoint 
Debug[13:32:26]: 5 
Debug[13:32:26]: signal in logmode 
Debug[13:32:26]: "INF(13:32:26.562):Attempt" 
Debug[13:32:26]: log_breakpoint 
Debug[13:32:26]: 5 
Debug[13:32:26]: signal in logmode 
Debug[13:32:26]: "INF(13:32:26.715):Mode is OK" 
Debug[13:32:26]: log_breakpoint 
Debug[13:32:26]: 5 
Debug[13:32:26]: signal in logmode 
Debug[13:32:26]: "INF(13:32:26.720):Attempt" 
Debug[13:32:26]: log_breakpoint 
Debug[13:32:26]: 5 
Debug[13:32:27]: signal in logmode 
Debug[13:32:27]: "INF(13:32:27.037):Attempt" 
Debug[13:32:27]: log_breakpoint 
Debug[13:32:27]: 5 
Debug[13:32:27]: signal in logmode 
Debug[13:32:27]: "INF(13:32:27.351):Attempt" 
Debug[13:32:27]: log_breakpoint 
Debug[13:32:27]: 5 
Debug[13:32:27]: signal in logmode 
Debug[13:32:27]: "INF(13:32:27.662):Mode is OK" 
Debug[13:32:27]: log_breakpoint 
Debug[13:32:27]: 5 
Debug[13:32:27]: signal in logmode 
Debug[13:32:27]: "INF(13:32:27.665):Attempt" 
Debug[13:32:27]: log_breakpoint 
Debug[13:32:27]: 5 
Debug[13:32:27]: signal in logmode 
Debug[13:32:27]: "INF(13:32:27.978):Attempt" 
Debug[13:32:27]: log_breakpoint 
Debug[13:32:27]: 5 
Debug[13:32:28]: signal in logmode 
Debug[13:32:28]: "INF(13:32:28.290):Attempt" 
Debug[13:32:28]: log_breakpoint 
Debug[13:32:28]: 5 
Debug[13:32:28]: signal in logmode 
Debug[13:32:28]: "INF(13:32:28.600):Mode is OK" 
Debug[13:32:28]: log_breakpoint 
Debug[13:32:28]: 5 
Debug[13:32:28]: signal in logmode 
Debug[13:32:28]: "INF(13:32:28.606):Attempt" 
Debug[13:32:28]: log_breakpoint 
Debug[13:32:28]: 5 
Debug[13:32:28]: signal in logmode 
Debug[13:32:28]: "INF(13:32:28.929):Attempt" 
Debug[13:32:28]: log_breakpoint 
Debug[13:32:28]: 5 
Debug[13:32:29]: signal in logmode 
Debug[13:32:29]: "INF(13:32:29.240):Attempt" 
Debug[13:32:29]: log_breakpoint 
Debug[13:32:29]: 5 
Debug[13:32:33]: signal in logmode 
Debug[13:32:33]: "INF(13:32:33.141):Mode is OK" 
Debug[13:32:33]: log_breakpoint 
Debug[13:32:33]: 5 
Debug[13:32:33]: signal in logmode 
Debug[13:32:33]: "INF(13:32:33.146):Attempt" 
Debug[13:32:33]: log_breakpoint 
Debug[13:32:33]: 5 
Debug[13:32:33]: signal in logmode 
Debug[13:32:33]: "INF(13:32:33.153):ASIC master connected" 
Debug[13:32:33]: log_breakpoint 
Debug[13:32:33]: 5 
Debug[13:32:33]: signal in logmode 
Debug[13:32:33]: "INF(13:32:33.158):Connected to \\.\COM56" 
Debug[13:32:33]: log_breakpoint 
Debug[13:32:33]: 5 
Warning[13:32:33]: Could not parse stylesheet of widget 0x388f678
Debug[13:32:33]: "Resume:Logs" 
Debug[13:32:33]: "Resume:Settings" 
Debug[13:32:33]: "Resume:UartUartController" 
Debug[13:32:33]: "Resume:UartSpiController" 
Debug[13:32:33]: "Resume:UartSsiController" 
Debug[13:32:33]: "Resume:DSI3Master" 
Debug[13:32:33]: "Resume:ASICMaster" 
Debug[13:32:33]: "Resume:RDUMMaster" 
Debug[13:32:33]: "Resume:DSI3Slave" 
Debug[13:32:33]: "Resume:Measurement" 
Debug[13:32:33]: "Resume:CFARsim" 
Warning[13:37:16]: QObject::connect: Cannot connect LocalServer::log(int,QString) to (null)::slot_addLog(int,QString)
Debug[13:37:16]: LocalServer:new "\\.\pipe\DSI3PASd" 
Debug[13:37:16]: Register specific 
Debug[13:37:18]: DynScaleCaclulate 
Debug[13:37:18]: "init 2 UartUartController" 
Debug[13:37:19]: Ok 
Debug[13:37:19]: "init 3 UartSpiController" 
Debug[13:37:19]: Ok 
Debug[13:37:19]: "init 4 UartSsiController" 
Debug[13:37:19]: Ok 
Debug[13:37:19]: "init 5 DSI3Master" 
Debug[13:37:19]: Ok 
Debug[13:37:19]: "init 6 ASICMaster" 
Debug[13:37:19]: Ok 
Debug[13:37:19]: "init 7 RDUMMaster" 
Debug[13:37:19]: Ok 
Debug[13:37:19]: "init 8 DSI3Slave" 
Debug[13:37:21]: Ok 
Debug[13:37:21]: "init 9 Measurement" 
Debug[13:37:23]: Ok 
Debug[13:37:23]: "init 10 CFARsim" 
Debug[13:37:23]: Ok 
Debug[13:37:23]: Using SERPORT
Debug[13:37:23]: MainApp Starting... 
Debug[13:37:26]: Add applets to MainWindow...
 
Debug[13:37:26]: Initialize Connection... 
Debug[13:37:26]: signal in logmode 
Debug[13:37:26]: "INF(13:37:26.756):Mode is OK" 
Debug[13:37:26]: log_breakpoint 
Debug[13:37:26]: 5 
Debug[13:37:26]: signal in logmode 
Debug[13:37:26]: "INF(13:37:26.762):Attempt" 
Debug[13:37:26]: log_breakpoint 
Debug[13:37:26]: 5 
Debug[13:37:26]: signal in logmode 
Debug[13:37:26]: "INF(13:37:26.897):Mode is OK" 
Debug[13:37:26]: log_breakpoint 
Debug[13:37:26]: 5 
Debug[13:37:26]: signal in logmode 
Debug[13:37:26]: "INF(13:37:26.904):Attempt" 
Debug[13:37:26]: log_breakpoint 
Debug[13:37:26]: 5 
Debug[13:37:27]: signal in logmode 
Debug[13:37:27]: "INF(13:37:27.216):Attempt" 
Debug[13:37:27]: log_breakpoint 
Debug[13:37:27]: 5 
Debug[13:37:27]: signal in logmode 
Debug[13:37:27]: "INF(13:37:27.540):Attempt" 
Debug[13:37:27]: log_breakpoint 
Debug[13:37:27]: 5 
Debug[13:37:27]: signal in logmode 
Debug[13:37:27]: "INF(13:37:27.868):Mode is OK" 
Debug[13:37:27]: log_breakpoint 
Debug[13:37:27]: 5 
Debug[13:37:27]: signal in logmode 
Debug[13:37:27]: "INF(13:37:27.876):Attempt" 
Debug[13:37:27]: log_breakpoint 
Debug[13:37:27]: 5 
Debug[13:37:28]: signal in logmode 
Debug[13:37:28]: "INF(13:37:28.197):Attempt" 
Debug[13:37:28]: log_breakpoint 
Debug[13:37:28]: 5 
Debug[13:37:28]: signal in logmode 
Debug[13:37:28]: "INF(13:37:28.511):Attempt" 
Debug[13:37:28]: log_breakpoint 
Debug[13:37:28]: 5 
Debug[13:37:28]: signal in logmode 
Debug[13:37:28]: "INF(13:37:28.834):Mode is OK" 
Debug[13:37:28]: log_breakpoint 
Debug[13:37:28]: 5 
Debug[13:37:28]: signal in logmode 
Debug[13:37:28]: "INF(13:37:28.838):Attempt" 
Debug[13:37:28]: log_breakpoint 
Debug[13:37:28]: 5 
Debug[13:37:29]: signal in logmode 
Debug[13:37:29]: "INF(13:37:29.149):Attempt" 
Debug[13:37:29]: log_breakpoint 
Debug[13:37:29]: 5 
Debug[13:37:29]: signal in logmode 
Debug[13:37:29]: "INF(13:37:29.473):Attempt" 
Debug[13:37:29]: log_breakpoint 
Debug[13:37:29]: 5 
Debug[13:37:33]: signal in logmode 
Debug[13:37:33]: "INF(13:37:33.645):Mode is OK" 
Debug[13:37:33]: log_breakpoint 
Debug[13:37:33]: 5 
Debug[13:37:33]: signal in logmode 
Debug[13:37:33]: "INF(13:37:33.651):Attempt" 
Debug[13:37:33]: log_breakpoint 
Debug[13:37:33]: 5 
Debug[13:37:33]: signal in logmode 
Debug[13:37:33]: "INF(13:37:33.657):ASIC master connected" 
Debug[13:37:33]: log_breakpoint 
Debug[13:37:33]: 5 
Debug[13:37:33]: signal in logmode 
Debug[13:37:33]: "INF(13:37:33.661):Connected to \\.\COM56" 
Debug[13:37:33]: log_breakpoint 
Debug[13:37:33]: 5 
Warning[13:37:33]: Could not parse stylesheet of widget 0x3cbf690
Debug[13:37:33]: "Resume:Logs" 
Debug[13:37:33]: "Resume:Settings" 
Debug[13:37:33]: "Resume:UartUartController" 
Debug[13:37:33]: "Resume:UartSpiController" 
Debug[13:37:33]: "Resume:UartSsiController" 
Debug[13:37:33]: "Resume:DSI3Master" 
Debug[13:37:33]: "Resume:ASICMaster" 
Debug[13:37:33]: "Resume:RDUMMaster" 
Debug[13:37:33]: "Resume:DSI3Slave" 
Debug[13:37:33]: "Resume:Measurement" 
Debug[13:37:33]: "Resume:CFARsim" 
Debug[14:00:10]: "Suspend:Settings" 
Debug[14:00:10]: "Suspend:UartUartController" 
Debug[14:00:10]: "Suspend:UartSpiController" 
Debug[14:00:10]: "Suspend:UartSsiController" 
Debug[14:00:10]: "Suspend:DSI3Master" 
Debug[14:00:10]: "Suspend:ASICMaster" 
Debug[14:00:10]: "Suspend:RDUMMaster" 
Debug[14:00:10]: "Suspend:DSI3Slave" 
Debug[14:00:10]: "Suspend:Measurement" 
Debug[14:00:10]: "Suspend:CFARsim" 
Debug[14:00:10]: signal in logmode 
Debug[14:00:10]: "INF(14:00:10.230):Disconnect by user" 
Debug[14:00:10]: log_breakpoint 
Debug[14:00:10]: 5 
Debug[14:00:10]: signal in logmode 
Debug[14:00:10]: "INF(14:00:10.251):Disconnect by user" 
Debug[14:00:10]: log_breakpoint 
Debug[14:00:10]: 5 
Warning[14:00:25]: QObject::connect: Cannot connect LocalServer::log(int,QString) to (null)::slot_addLog(int,QString)
Debug[14:00:25]: LocalServer:new "\\.\pipe\DSI3PASd" 
Debug[14:00:25]: Register specific 
Debug[14:00:26]: DynScaleCaclulate 
Debug[14:00:27]: "init 2 UartUartController" 
Debug[14:00:27]: Ok 
Debug[14:00:27]: "init 3 UartSpiController" 
Debug[14:00:27]: Ok 
Debug[14:00:27]: "init 4 UartSsiController" 
Debug[14:00:27]: Ok 
Debug[14:00:27]: "init 5 DSI3Master" 
Debug[14:00:27]: Ok 
Debug[14:00:27]: "init 6 ASICMaster" 
Debug[14:00:27]: Ok 
Debug[14:00:27]: "init 7 RDUMMaster" 
Debug[14:00:27]: Ok 
Debug[14:00:27]: "init 8 DSI3Slave" 
Debug[14:00:29]: Ok 
Debug[14:00:29]: "init 9 Measurement" 
Debug[14:00:30]: Ok 
Debug[14:00:30]: "init 10 CFARsim" 
Debug[14:00:30]: Ok 
Debug[14:00:30]: Using SERPORT
Debug[14:00:30]: MainApp Starting... 
Debug[14:00:32]: Add applets to MainWindow...
 
Debug[14:00:32]: Initialize Connection... 
Debug[14:00:32]: signal in logmode 
Debug[14:00:32]: "INF(14:00:32.431):Mode is OK" 
Debug[14:00:32]: log_breakpoint 
Debug[14:00:32]: 5 
Debug[14:00:32]: signal in logmode 
Debug[14:00:32]: "INF(14:00:32.435):Attempt" 
Debug[14:00:32]: log_breakpoint 
Debug[14:00:32]: 5 
Debug[14:00:32]: signal in logmode 
Debug[14:00:32]: "INF(14:00:32.585):Mode is OK" 
Debug[14:00:32]: log_breakpoint 
Debug[14:00:32]: 5 
Debug[14:00:32]: signal in logmode 
Debug[14:00:32]: "INF(14:00:32.588):Attempt" 
Debug[14:00:32]: log_breakpoint 
Debug[14:00:32]: 5 
Debug[14:00:32]: signal in logmode 
Debug[14:00:32]: "INF(14:00:32.895):Attempt" 
Debug[14:00:32]: log_breakpoint 
Debug[14:00:32]: 5 
Debug[14:00:33]: signal in logmode 
Debug[14:00:33]: "INF(14:00:33.206):Attempt" 
Debug[14:00:33]: log_breakpoint 
Debug[14:00:33]: 5 
Debug[14:00:33]: signal in logmode 
Debug[14:00:33]: "INF(14:00:33.515):Mode is OK" 
Debug[14:00:33]: log_breakpoint 
Debug[14:00:33]: 5 
Debug[14:00:33]: signal in logmode 
Debug[14:00:33]: "INF(14:00:33.518):Attempt" 
Debug[14:00:33]: log_breakpoint 
Debug[14:00:33]: 5 
Debug[14:00:33]: signal in logmode 
Debug[14:00:33]: "INF(14:00:33.825):Attempt" 
Debug[14:00:33]: log_breakpoint 
Debug[14:00:33]: 5 
Debug[14:00:34]: signal in logmode 
Debug[14:00:34]: "INF(14:00:34.136):Attempt" 
Debug[14:00:34]: log_breakpoint 
Debug[14:00:34]: 5 
Debug[14:00:34]: signal in logmode 
Debug[14:00:34]: "INF(14:00:34.446):Mode is OK" 
Debug[14:00:34]: log_breakpoint 
Debug[14:00:34]: 5 
Debug[14:00:34]: signal in logmode 
Debug[14:00:34]: "INF(14:00:34.452):Attempt" 
Debug[14:00:34]: log_breakpoint 
Debug[14:00:34]: 5 
Debug[14:00:34]: signal in logmode 
Debug[14:00:34]: "INF(14:00:34.759):Attempt" 
Debug[14:00:34]: log_breakpoint 
Debug[14:00:34]: 5 
Debug[14:00:35]: signal in logmode 
Debug[14:00:35]: "INF(14:00:35.074):Attempt" 
Debug[14:00:35]: log_breakpoint 
Debug[14:00:35]: 5 
Debug[14:00:40]: signal in logmode 
Debug[14:00:40]: "INF(14:00:40.647):Mode is OK" 
Debug[14:00:40]: log_breakpoint 
Debug[14:00:40]: 5 
Debug[14:00:40]: signal in logmode 
Debug[14:00:40]: "INF(14:00:40.651):Attempt" 
Debug[14:00:40]: log_breakpoint 
Debug[14:00:40]: 5 
Debug[14:00:40]: signal in logmode 
Debug[14:00:40]: "INF(14:00:40.660):ASIC master connected" 
Debug[14:00:40]: log_breakpoint 
Debug[14:00:40]: 5 
Debug[14:00:40]: signal in logmode 
Debug[14:00:40]: "INF(14:00:40.663):Connected to \\.\COM56" 
Debug[14:00:40]: log_breakpoint 
Debug[14:00:40]: 5 
Warning[14:00:40]: Could not parse stylesheet of widget 0x4228bc8
Debug[14:00:40]: "Resume:Logs" 
Debug[14:00:40]: "Resume:Settings" 
Debug[14:00:40]: "Resume:UartUartController" 
Debug[14:00:40]: "Resume:UartSpiController" 
Debug[14:00:40]: "Resume:UartSsiController" 
Debug[14:00:40]: "Resume:DSI3Master" 
Debug[14:00:40]: "Resume:ASICMaster" 
Debug[14:00:40]: "Resume:RDUMMaster" 
Debug[14:00:40]: "Resume:DSI3Slave" 
Debug[14:00:40]: "Resume:Measurement" 
Debug[14:00:40]: "Resume:CFARsim" 
Debug[17:08:53]: "Suspend:Settings" 
Debug[17:08:53]: "Suspend:UartUartController" 
Debug[17:08:53]: "Suspend:UartSpiController" 
Debug[17:08:53]: "Suspend:UartSsiController" 
Debug[17:08:53]: "Suspend:DSI3Master" 
Debug[17:08:53]: "Suspend:ASICMaster" 
Debug[17:08:53]: "Suspend:RDUMMaster" 
Debug[17:08:53]: "Suspend:DSI3Slave" 
Debug[17:08:53]: "Suspend:Measurement" 
Debug[17:08:53]: "Suspend:CFARsim" 
Debug[17:08:53]: signal in logmode 
Debug[17:08:53]: "INF(17:08:53.510):Disconnect by user" 
Debug[17:08:53]: log_breakpoint 
Debug[17:08:53]: 5 
Debug[17:08:53]: signal in logmode 
Debug[17:08:53]: "INF(17:08:53.555):Disconnect by user" 
Debug[17:08:53]: log_breakpoint 
Debug[17:08:53]: 5 
