Warning[08:33:30]: QObject::connect: Cannot connect LocalServer::log(int,QString) to (null)::slot_addLog(int,QString)
Debug[08:33:30]: LocalServer:new "\\.\pipe\DSI3PAS" 
Debug[08:33:30]: Register specific 
Debug[08:33:31]: DynScaleCaclulate 
Debug[08:33:31]: "init 2 UartUartController" 
Debug[08:33:31]: Ok 
Debug[08:33:31]: "init 3 UartSpiController" 
Debug[08:33:31]: Ok 
Debug[08:33:31]: "init 4 UartSsiController" 
Debug[08:33:31]: Ok 
Debug[08:33:31]: "init 5 DSI3Master" 
Debug[08:33:31]: Ok 
Debug[08:33:31]: "init 6 ASICMaster" 
Debug[08:33:31]: Ok 
Debug[08:33:31]: "init 7 RDUMMaster" 
Debug[08:33:31]: Ok 
Debug[08:33:31]: "init 8 DSI3Slave" 
Debug[08:33:32]: Ok 
Debug[08:33:32]: "init 9 Measurement" 
Debug[08:33:32]: Ok 
Debug[08:33:32]: "init 10 CFARsim" 
Debug[08:33:32]: Ok 
Debug[08:33:32]: MainApp Starting... 
Debug[08:33:33]: Add applets to MainWindow...
 
Debug[08:33:33]: Initialize Connection... 
Debug[08:33:34]: signal in logmode 
Debug[08:33:34]: "INF(08:33:34.021):Mode is OK" 
Debug[08:33:34]: log_breakpoint 
Debug[08:33:34]: 5 
Debug[08:33:34]: signal in logmode 
Debug[08:33:34]: "INF(08:33:34.023):Attempt" 
Debug[08:33:34]: log_breakpoint 
Debug[08:33:34]: 5 
Debug[08:33:34]: signal in logmode 
Debug[08:33:34]: "INF(08:33:34.328):Attempt" 
Debug[08:33:34]: log_breakpoint 
Debug[08:33:34]: 5 
Debug[08:33:34]: signal in logmode 
Debug[08:33:34]: "INF(08:33:34.641):Attempt" 
Debug[08:33:34]: log_breakpoint 
Debug[08:33:34]: 5 
Debug[08:33:34]: signal in logmode 
Debug[08:33:34]: "INF(08:33:34.954):Mode is OK" 
Debug[08:33:34]: log_breakpoint 
Debug[08:33:34]: 5 
Debug[08:33:34]: signal in logmode 
Debug[08:33:34]: "INF(08:33:34.955):Attempt" 
Debug[08:33:34]: log_breakpoint 
Debug[08:33:34]: 5 
Debug[08:33:35]: signal in logmode 
Debug[08:33:35]: "INF(08:33:35.268):Attempt" 
Debug[08:33:35]: log_breakpoint 
Debug[08:33:35]: 5 
Debug[08:33:35]: signal in logmode 
Debug[08:33:35]: "INF(08:33:35.579):Attempt" 
Debug[08:33:35]: log_breakpoint 
Debug[08:33:35]: 5 
Debug[08:33:35]: signal in logmode 
Debug[08:33:35]: "INF(08:33:35.888):Mode is OK" 
Debug[08:33:35]: log_breakpoint 
Debug[08:33:35]: 5 
Debug[08:33:35]: signal in logmode 
Debug[08:33:35]: "INF(08:33:35.890):Attempt" 
Debug[08:33:35]: log_breakpoint 
Debug[08:33:35]: 5 
Debug[08:33:36]: signal in logmode 
Debug[08:33:36]: "INF(08:33:36.046):Mode is OK" 
Debug[08:33:36]: log_breakpoint 
Debug[08:33:36]: 5 
Debug[08:33:36]: signal in logmode 
Debug[08:33:36]: "INF(08:33:36.051):Attempt" 
Debug[08:33:36]: log_breakpoint 
Debug[08:33:36]: 5 
Debug[08:33:36]: signal in logmode 
Debug[08:33:36]: "INF(08:33:36.356):Attempt" 
Debug[08:33:36]: log_breakpoint 
Debug[08:33:36]: 5 
Debug[08:33:36]: signal in logmode 
Debug[08:33:36]: "INF(08:33:36.669):Attempt" 
Debug[08:33:36]: log_breakpoint 
Debug[08:33:36]: 5 
Debug[08:33:36]: signal in logmode 
Debug[08:33:36]: "INF(08:33:36.982):Mode is OK" 
Debug[08:33:36]: log_breakpoint 
Debug[08:33:36]: 5 
Debug[08:33:36]: signal in logmode 
Debug[08:33:36]: "INF(08:33:36.984):Attempt" 
Debug[08:33:36]: log_breakpoint 
Debug[08:33:36]: 5 
Debug[08:33:37]: signal in logmode 
Debug[08:33:37]: "INF(08:33:37.297):Attempt" 
Debug[08:33:37]: log_breakpoint 
Debug[08:33:37]: 5 
Debug[08:33:37]: signal in logmode 
Debug[08:33:37]: "INF(08:33:37.610):Attempt" 
Debug[08:33:37]: log_breakpoint 
Debug[08:33:37]: 5 
Debug[08:33:37]: signal in logmode 
Debug[08:33:37]: "INF(08:33:37.921):Mode is OK" 
Debug[08:33:37]: log_breakpoint 
Debug[08:33:37]: 5 
Debug[08:33:37]: signal in logmode 
Debug[08:33:37]: "INF(08:33:37.924):Attempt" 
Debug[08:33:37]: log_breakpoint 
Debug[08:33:37]: 5 
Debug[08:33:38]: signal in logmode 
Debug[08:33:38]: "INF(08:33:38.234):Attempt" 
Debug[08:33:38]: log_breakpoint 
Debug[08:33:38]: 5 
Debug[08:33:38]: signal in logmode 
Debug[08:33:38]: "INF(08:33:38.545):Attempt" 
Debug[08:33:38]: log_breakpoint 
Debug[08:33:38]: 5 
Debug[08:33:38]: signal in logmode 
Debug[08:33:38]: "INF(08:33:38.858):Mode is OK" 
Debug[08:33:38]: log_breakpoint 
Debug[08:33:38]: 5 
Debug[08:33:38]: signal in logmode 
Debug[08:33:38]: "INF(08:33:38.860):Attempt" 
Debug[08:33:38]: log_breakpoint 
Debug[08:33:38]: 5 
Debug[08:33:39]: signal in logmode 
Debug[08:33:39]: "INF(08:33:39.170):Attempt" 
Debug[08:33:39]: log_breakpoint 
Debug[08:33:39]: 5 
Debug[08:33:39]: signal in logmode 
Debug[08:33:39]: "INF(08:33:39.482):Attempt" 
Debug[08:33:39]: log_breakpoint 
Debug[08:33:39]: 5 
Debug[08:33:43]: signal in logmode 
Debug[08:33:43]: "INF(08:33:43.475):Mode is OK" 
Debug[08:33:43]: log_breakpoint 
Debug[08:33:43]: 5 
Debug[08:33:43]: signal in logmode 
Debug[08:33:43]: "INF(08:33:43.477):Attempt" 
Debug[08:33:43]: log_breakpoint 
Debug[08:33:43]: 5 
Debug[08:33:43]: signal in logmode 
Debug[08:33:43]: "INF(08:33:43.786):Attempt" 
Debug[08:33:43]: log_breakpoint 
Debug[08:33:43]: 5 
Debug[08:33:44]: signal in logmode 
Debug[08:33:44]: "INF(08:33:44.097):Attempt" 
Debug[08:33:44]: log_breakpoint 
Debug[08:33:44]: 5 
Debug[08:33:44]: signal in logmode 
Debug[08:33:44]: "INF(08:33:44.409):Mode is OK" 
Debug[08:33:44]: log_breakpoint 
Debug[08:33:44]: 5 
Debug[08:33:44]: signal in logmode 
Debug[08:33:44]: "INF(08:33:44.413):Attempt" 
Debug[08:33:44]: log_breakpoint 
Debug[08:33:44]: 5 
Debug[08:33:44]: signal in logmode 
Debug[08:33:44]: "INF(08:33:44.721):Attempt" 
Debug[08:33:44]: log_breakpoint 
Debug[08:33:44]: 5 
Debug[08:33:45]: signal in logmode 
Debug[08:33:45]: "INF(08:33:45.033):Attempt" 
Debug[08:33:45]: log_breakpoint 
Debug[08:33:45]: 5 
Debug[08:33:45]: signal in logmode 
Debug[08:33:45]: "INF(08:33:45.350):Mode is OK" 
Debug[08:33:45]: log_breakpoint 
Debug[08:33:45]: 5 
Debug[08:33:45]: signal in logmode 
Debug[08:33:45]: "INF(08:33:45.353):Attempt" 
Debug[08:33:45]: log_breakpoint 
Debug[08:33:45]: 5 
Debug[08:33:45]: signal in logmode 
Debug[08:33:45]: "INF(08:33:45.362):RDUM master connected" 
Debug[08:33:45]: log_breakpoint 
Debug[08:33:45]: 5 
Debug[08:33:45]: signal in logmode 
Debug[08:33:45]: "INF(08:33:45.364):Connected to \\.\COM110" 
Debug[08:33:45]: log_breakpoint 
Debug[08:33:45]: 5 
Warning[08:33:45]: Could not parse stylesheet of widget 0x3727748
Debug[08:33:45]: "Resume:Logs" 
Debug[08:33:45]: "Resume:Settings" 
Debug[08:33:45]: "Resume:UartUartController" 
Debug[08:33:45]: "Resume:UartSpiController" 
Debug[08:33:45]: "Resume:UartSsiController" 
Debug[08:33:45]: "Resume:DSI3Master" 
Debug[08:33:45]: "Resume:ASICMaster" 
Debug[08:33:45]: "Resume:RDUMMaster" 
Debug[08:33:45]: "Resume:DSI3Slave" 
Debug[08:33:45]: "Resume:Measurement" 
Debug[08:33:45]: "Resume:CFARsim" 
Debug[08:56:48]: "Suspend:Settings" 
Debug[08:56:48]: "Suspend:UartUartController" 
Debug[08:56:48]: "Suspend:UartSpiController" 
Debug[08:56:48]: "Suspend:UartSsiController" 
Debug[08:56:48]: "Suspend:DSI3Master" 
Debug[08:56:48]: "Suspend:ASICMaster" 
Debug[08:56:48]: "Suspend:RDUMMaster" 
Debug[08:56:48]: "Suspend:DSI3Slave" 
Debug[08:56:48]: "Suspend:Measurement" 
Debug[08:56:48]: "Suspend:CFARsim" 
Debug[08:56:48]: signal in logmode 
Debug[08:56:48]: "INF(08:56:48.383):Disconnect by user" 
Debug[08:56:48]: log_breakpoint 
Debug[08:56:48]: 5 
Debug[08:56:48]: signal in logmode 
Debug[08:56:48]: "INF(08:56:48.402):Disconnect by user" 
Debug[08:56:48]: log_breakpoint 
Debug[08:56:48]: 5 
Warning[08:56:50]: QObject::connect: Cannot connect LocalServer::log(int,QString) to (null)::slot_addLog(int,QString)
Debug[08:56:50]: LocalServer:new "\\.\pipe\DSI3PAS" 
Debug[08:56:50]: Register specific 
Debug[08:56:51]: DynScaleCaclulate 
Debug[08:56:51]: "init 2 UartUartController" 
Debug[08:56:51]: Ok 
Debug[08:56:51]: "init 3 UartSpiController" 
Debug[08:56:51]: Ok 
Debug[08:56:51]: "init 4 UartSsiController" 
Debug[08:56:51]: Ok 
Debug[08:56:51]: "init 5 DSI3Master" 
Debug[08:56:51]: Ok 
Debug[08:56:51]: "init 6 ASICMaster" 
Debug[08:56:51]: Ok 
Debug[08:56:51]: "init 7 RDUMMaster" 
Debug[08:56:51]: Ok 
Debug[08:56:51]: "init 8 DSI3Slave" 
Debug[08:56:51]: Ok 
Debug[08:56:51]: "init 9 Measurement" 
Debug[08:56:52]: Ok 
Debug[08:56:52]: "init 10 CFARsim" 
Debug[08:56:52]: Ok 
Debug[08:56:52]: MainApp Starting... 
Debug[08:56:53]: Add applets to MainWindow...
 
Debug[08:56:53]: Initialize Connection... 
Debug[08:56:53]: signal in logmode 
Debug[08:56:53]: "INF(08:56:53.704):Mode is OK" 
Debug[08:56:53]: log_breakpoint 
Debug[08:56:53]: 5 
Debug[08:56:53]: signal in logmode 
Debug[08:56:53]: "INF(08:56:53.707):Attempt" 
Debug[08:56:53]: log_breakpoint 
Debug[08:56:53]: 5 
Debug[08:56:54]: signal in logmode 
Debug[08:56:54]: "INF(08:56:54.029):Attempt" 
Debug[08:56:54]: log_breakpoint 
Debug[08:56:54]: 5 
Debug[08:56:54]: signal in logmode 
Debug[08:56:54]: "INF(08:56:54.340):Attempt" 
Debug[08:56:54]: log_breakpoint 
Debug[08:56:54]: 5 
Debug[08:56:54]: signal in logmode 
Debug[08:56:54]: "INF(08:56:54.653):Mode is OK" 
Debug[08:56:54]: log_breakpoint 
Debug[08:56:54]: 5 
Debug[08:56:54]: signal in logmode 
Debug[08:56:54]: "INF(08:56:54.656):Attempt" 
Debug[08:56:54]: log_breakpoint 
Debug[08:56:54]: 5 
Debug[08:56:54]: signal in logmode 
Debug[08:56:54]: "INF(08:56:54.965):Attempt" 
Debug[08:56:54]: log_breakpoint 
Debug[08:56:54]: 5 
Debug[08:56:55]: signal in logmode 
Debug[08:56:55]: "INF(08:56:55.278):Attempt" 
Debug[08:56:55]: log_breakpoint 
Debug[08:56:55]: 5 
Debug[08:56:55]: signal in logmode 
Debug[08:56:55]: "INF(08:56:55.594):Mode is OK" 
Debug[08:56:55]: log_breakpoint 
Debug[08:56:55]: 5 
Debug[08:56:55]: signal in logmode 
Debug[08:56:55]: "INF(08:56:55.597):Attempt" 
Debug[08:56:55]: log_breakpoint 
Debug[08:56:55]: 5 
Debug[08:56:55]: signal in logmode 
Debug[08:56:55]: "INF(08:56:55.757):Mode is OK" 
Debug[08:56:55]: log_breakpoint 
Debug[08:56:55]: 5 
Debug[08:56:55]: signal in logmode 
Debug[08:56:55]: "INF(08:56:55.760):Attempt" 
Debug[08:56:55]: log_breakpoint 
Debug[08:56:55]: 5 
Debug[08:56:56]: signal in logmode 
Debug[08:56:56]: "INF(08:56:56.078):Attempt" 
Debug[08:56:56]: log_breakpoint 
Debug[08:56:56]: 5 
Debug[08:56:56]: signal in logmode 
Debug[08:56:56]: "INF(08:56:56.391):Attempt" 
Debug[08:56:56]: log_breakpoint 
Debug[08:56:56]: 5 
Debug[08:56:56]: signal in logmode 
Debug[08:56:56]: "INF(08:56:56.703):Mode is OK" 
Debug[08:56:56]: log_breakpoint 
Debug[08:56:56]: 5 
Debug[08:56:56]: signal in logmode 
Debug[08:56:56]: "INF(08:56:56.704):Attempt" 
Debug[08:56:56]: log_breakpoint 
Debug[08:56:56]: 5 
Debug[08:56:57]: signal in logmode 
Debug[08:56:57]: "INF(08:56:57.014):Attempt" 
Debug[08:56:57]: log_breakpoint 
Debug[08:56:57]: 5 
Debug[08:56:57]: signal in logmode 
Debug[08:56:57]: "INF(08:56:57.327):Attempt" 
Debug[08:56:57]: log_breakpoint 
Debug[08:56:57]: 5 
Debug[08:56:57]: signal in logmode 
Debug[08:56:57]: "INF(08:56:57.640):Mode is OK" 
Debug[08:56:57]: log_breakpoint 
Debug[08:56:57]: 5 
Debug[08:56:57]: signal in logmode 
Debug[08:56:57]: "INF(08:56:57.643):Attempt" 
Debug[08:56:57]: log_breakpoint 
Debug[08:56:57]: 5 
Debug[08:56:57]: signal in logmode 
Debug[08:56:57]: "INF(08:56:57.951):Attempt" 
Debug[08:56:57]: log_breakpoint 
Debug[08:56:57]: 5 
Debug[08:56:58]: signal in logmode 
Debug[08:56:58]: "INF(08:56:58.265):Attempt" 
Debug[08:56:58]: log_breakpoint 
Debug[08:56:58]: 5 
Debug[08:56:58]: signal in logmode 
Debug[08:56:58]: "INF(08:56:58.577):Mode is OK" 
Debug[08:56:58]: log_breakpoint 
Debug[08:56:58]: 5 
Debug[08:56:58]: signal in logmode 
Debug[08:56:58]: "INF(08:56:58.580):Attempt" 
Debug[08:56:58]: log_breakpoint 
Debug[08:56:58]: 5 
Debug[08:56:58]: signal in logmode 
Debug[08:56:58]: "INF(08:56:58.889):Attempt" 
Debug[08:56:58]: log_breakpoint 
Debug[08:56:58]: 5 
Debug[08:56:59]: signal in logmode 
Debug[08:56:59]: "INF(08:56:59.200):Attempt" 
Debug[08:56:59]: log_breakpoint 
Debug[08:56:59]: 5 
Debug[08:57:02]: signal in logmode 
Debug[08:57:02]: "INF(08:57:02.233):Mode is OK" 
Debug[08:57:02]: log_breakpoint 
Debug[08:57:02]: 5 
Debug[08:57:02]: signal in logmode 
Debug[08:57:02]: "INF(08:57:02.234):Attempt" 
Debug[08:57:02]: log_breakpoint 
Debug[08:57:02]: 5 
Debug[08:57:02]: signal in logmode 
Debug[08:57:02]: "INF(08:57:02.545):Attempt" 
Debug[08:57:02]: log_breakpoint 
Debug[08:57:02]: 5 
Debug[08:57:02]: signal in logmode 
Debug[08:57:02]: "INF(08:57:02.857):Attempt" 
Debug[08:57:02]: log_breakpoint 
Debug[08:57:02]: 5 
Debug[08:57:03]: signal in logmode 
Debug[08:57:03]: "INF(08:57:03.169):Mode is OK" 
Debug[08:57:03]: log_breakpoint 
Debug[08:57:03]: 5 
Debug[08:57:03]: signal in logmode 
Debug[08:57:03]: "INF(08:57:03.174):Attempt" 
Debug[08:57:03]: log_breakpoint 
Debug[08:57:03]: 5 
Debug[08:57:03]: signal in logmode 
Debug[08:57:03]: "INF(08:57:03.480):Attempt" 
Debug[08:57:03]: log_breakpoint 
Debug[08:57:03]: 5 
Debug[08:57:03]: signal in logmode 
Debug[08:57:03]: "INF(08:57:03.790):Attempt" 
Debug[08:57:03]: log_breakpoint 
Debug[08:57:03]: 5 
Debug[08:57:04]: signal in logmode 
Debug[08:57:04]: "INF(08:57:04.102):Mode is OK" 
Debug[08:57:04]: log_breakpoint 
Debug[08:57:04]: 5 
Debug[08:57:04]: signal in logmode 
Debug[08:57:04]: "INF(08:57:04.106):Attempt" 
Debug[08:57:04]: log_breakpoint 
Debug[08:57:04]: 5 
Debug[08:57:04]: signal in logmode 
Debug[08:57:04]: "INF(08:57:04.133):RDUM master connected" 
Debug[08:57:04]: log_breakpoint 
Debug[08:57:04]: 5 
Debug[08:57:04]: signal in logmode 
Debug[08:57:04]: "INF(08:57:04.139):Connected to \\.\COM110" 
Debug[08:57:04]: log_breakpoint 
Debug[08:57:04]: 5 
Warning[08:57:04]: Could not parse stylesheet of widget 0x3627028
Debug[08:57:04]: "Resume:Logs" 
Debug[08:57:04]: "Resume:Settings" 
Debug[08:57:04]: "Resume:UartUartController" 
Debug[08:57:04]: "Resume:UartSpiController" 
Debug[08:57:04]: "Resume:UartSsiController" 
Debug[08:57:04]: "Resume:DSI3Master" 
Debug[08:57:04]: "Resume:ASICMaster" 
Debug[08:57:04]: "Resume:RDUMMaster" 
Debug[08:57:04]: "Resume:DSI3Slave" 
Debug[08:57:04]: "Resume:Measurement" 
Debug[08:57:04]: "Resume:CFARsim" 
Debug[09:03:35]: "Suspend:Settings" 
Debug[09:03:35]: "Suspend:UartUartController" 
Debug[09:03:35]: "Suspend:UartSpiController" 
Debug[09:03:35]: "Suspend:UartSsiController" 
Debug[09:03:35]: "Suspend:DSI3Master" 
Debug[09:03:35]: "Suspend:ASICMaster" 
Debug[09:03:35]: "Suspend:RDUMMaster" 
Debug[09:03:35]: "Suspend:DSI3Slave" 
Debug[09:03:35]: "Suspend:Measurement" 
Debug[09:03:35]: "Suspend:CFARsim" 
Debug[09:03:35]: signal in logmode 
Debug[09:03:35]: "INF(09:03:35.567):Disconnect by user" 
Debug[09:03:35]: log_breakpoint 
Debug[09:03:35]: 5 
Debug[09:03:35]: signal in logmode 
Debug[09:03:35]: "INF(09:03:35.589):Disconnect by user" 
Debug[09:03:35]: log_breakpoint 
Debug[09:03:35]: 5 
Warning[09:03:41]: QObject::connect: Cannot connect LocalServer::log(int,QString) to (null)::slot_addLog(int,QString)
Debug[09:03:41]: LocalServer:new "\\.\pipe\DSI3PAS" 
Debug[09:03:41]: Register specific 
Debug[09:03:42]: DynScaleCaclulate 
Debug[09:03:42]: "init 2 UartUartController" 
Debug[09:03:42]: Ok 
Debug[09:03:42]: "init 3 UartSpiController" 
Debug[09:03:42]: Ok 
Debug[09:03:42]: "init 4 UartSsiController" 
Debug[09:03:42]: Ok 
Debug[09:03:42]: "init 5 DSI3Master" 
Debug[09:03:42]: Ok 
Debug[09:03:42]: "init 6 ASICMaster" 
Debug[09:03:42]: Ok 
Debug[09:03:42]: "init 7 RDUMMaster" 
Debug[09:03:42]: Ok 
Debug[09:03:42]: "init 8 DSI3Slave" 
Debug[09:03:42]: Ok 
Debug[09:03:42]: "init 9 Measurement" 
Debug[09:03:43]: Ok 
Debug[09:03:43]: "init 10 CFARsim" 
Debug[09:03:43]: Ok 
Debug[09:03:43]: MainApp Starting... 
Debug[09:03:44]: Add applets to MainWindow...
 
Debug[09:03:44]: Initialize Connection... 
Debug[09:03:44]: signal in logmode 
Debug[09:03:44]: "INF(09:03:44.582):Mode is OK" 
Debug[09:03:44]: log_breakpoint 
Debug[09:03:44]: 5 
Debug[09:03:44]: signal in logmode 
Debug[09:03:44]: "INF(09:03:44.584):Attempt" 
Debug[09:03:44]: log_breakpoint 
Debug[09:03:44]: 5 
Debug[09:03:44]: signal in logmode 
Debug[09:03:44]: "INF(09:03:44.892):Attempt" 
Debug[09:03:44]: log_breakpoint 
Debug[09:03:44]: 5 
Debug[09:03:45]: signal in logmode 
Debug[09:03:45]: "INF(09:03:45.206):Attempt" 
Debug[09:03:45]: log_breakpoint 
Debug[09:03:45]: 5 
Debug[09:03:45]: signal in logmode 
Debug[09:03:45]: "INF(09:03:45.519):Mode is OK" 
Debug[09:03:45]: log_breakpoint 
Debug[09:03:45]: 5 
Debug[09:03:45]: signal in logmode 
Debug[09:03:45]: "INF(09:03:45.524):Attempt" 
Debug[09:03:45]: log_breakpoint 
Debug[09:03:45]: 5 
Debug[09:03:45]: signal in logmode 
Debug[09:03:45]: "INF(09:03:45.846):Attempt" 
Debug[09:03:45]: log_breakpoint 
Debug[09:03:45]: 5 
Debug[09:03:46]: signal in logmode 
Debug[09:03:46]: "INF(09:03:46.158):Attempt" 
Debug[09:03:46]: log_breakpoint 
Debug[09:03:46]: 5 
Debug[09:03:46]: signal in logmode 
Debug[09:03:46]: "INF(09:03:46.470):Mode is OK" 
Debug[09:03:46]: log_breakpoint 
Debug[09:03:46]: 5 
Debug[09:03:46]: signal in logmode 
Debug[09:03:46]: "INF(09:03:46.474):Attempt" 
Debug[09:03:46]: log_breakpoint 
Debug[09:03:46]: 5 
Debug[09:03:46]: signal in logmode 
Debug[09:03:46]: "INF(09:03:46.632):Mode is OK" 
Debug[09:03:46]: log_breakpoint 
Debug[09:03:46]: 5 
Debug[09:03:46]: signal in logmode 
Debug[09:03:46]: "INF(09:03:46.635):Attempt" 
Debug[09:03:46]: log_breakpoint 
Debug[09:03:46]: 5 
Debug[09:03:46]: signal in logmode 
Debug[09:03:46]: "INF(09:03:46.955):Attempt" 
Debug[09:03:46]: log_breakpoint 
Debug[09:03:46]: 5 
Debug[09:03:47]: signal in logmode 
Debug[09:03:47]: "INF(09:03:47.267):Attempt" 
Debug[09:03:47]: log_breakpoint 
Debug[09:03:47]: 5 
Debug[09:03:47]: signal in logmode 
Debug[09:03:47]: "INF(09:03:47.577):Mode is OK" 
Debug[09:03:47]: log_breakpoint 
Debug[09:03:47]: 5 
Debug[09:03:47]: signal in logmode 
Debug[09:03:47]: "INF(09:03:47.579):Attempt" 
Debug[09:03:47]: log_breakpoint 
Debug[09:03:47]: 5 
Debug[09:03:47]: signal in logmode 
Debug[09:03:47]: "INF(09:03:47.890):Attempt" 
Debug[09:03:47]: log_breakpoint 
Debug[09:03:47]: 5 
Debug[09:03:48]: signal in logmode 
Debug[09:03:48]: "INF(09:03:48.201):Attempt" 
Debug[09:03:48]: log_breakpoint 
Debug[09:03:48]: 5 
Debug[09:03:48]: signal in logmode 
Debug[09:03:48]: "INF(09:03:48.514):Mode is OK" 
Debug[09:03:48]: log_breakpoint 
Debug[09:03:48]: 5 
Debug[09:03:48]: signal in logmode 
Debug[09:03:48]: "INF(09:03:48.518):Attempt" 
Debug[09:03:48]: log_breakpoint 
Debug[09:03:48]: 5 
Debug[09:03:48]: signal in logmode 
Debug[09:03:48]: "INF(09:03:48.825):Attempt" 
Debug[09:03:48]: log_breakpoint 
Debug[09:03:48]: 5 
Debug[09:03:49]: signal in logmode 
Debug[09:03:49]: "INF(09:03:49.134):Attempt" 
Debug[09:03:49]: log_breakpoint 
Debug[09:03:49]: 5 
Debug[09:03:49]: signal in logmode 
Debug[09:03:49]: "INF(09:03:49.448):Mode is OK" 
Debug[09:03:49]: log_breakpoint 
Debug[09:03:49]: 5 
Debug[09:03:49]: signal in logmode 
Debug[09:03:49]: "INF(09:03:49.453):Attempt" 
Debug[09:03:49]: log_breakpoint 
Debug[09:03:49]: 5 
Debug[09:03:49]: signal in logmode 
Debug[09:03:49]: "INF(09:03:49.759):Attempt" 
Debug[09:03:49]: log_breakpoint 
Debug[09:03:49]: 5 
Debug[09:03:50]: signal in logmode 
Debug[09:03:50]: "INF(09:03:50.069):Attempt" 
Debug[09:03:50]: log_breakpoint 
Debug[09:03:50]: 5 
Debug[09:03:53]: signal in logmode 
Debug[09:03:53]: "INF(09:03:53.071):Mode is OK" 
Debug[09:03:53]: log_breakpoint 
Debug[09:03:53]: 5 
Debug[09:03:53]: signal in logmode 
Debug[09:03:53]: "INF(09:03:53.073):Attempt" 
Debug[09:03:53]: log_breakpoint 
Debug[09:03:53]: 5 
Debug[09:03:53]: signal in logmode 
Debug[09:03:53]: "INF(09:03:53.382):Attempt" 
Debug[09:03:53]: log_breakpoint 
Debug[09:03:53]: 5 
Debug[09:03:53]: signal in logmode 
Debug[09:03:53]: "INF(09:03:53.692):Attempt" 
Debug[09:03:53]: log_breakpoint 
Debug[09:03:53]: 5 
Debug[09:03:54]: signal in logmode 
Debug[09:03:54]: "INF(09:03:54.004):Mode is OK" 
Debug[09:03:54]: log_breakpoint 
Debug[09:03:54]: 5 
Debug[09:03:54]: signal in logmode 
Debug[09:03:54]: "INF(09:03:54.007):Attempt" 
Debug[09:03:54]: log_breakpoint 
Debug[09:03:54]: 5 
Debug[09:03:54]: signal in logmode 
Debug[09:03:54]: "INF(09:03:54.315):Attempt" 
Debug[09:03:54]: log_breakpoint 
Debug[09:03:54]: 5 
Debug[09:03:54]: signal in logmode 
Debug[09:03:54]: "INF(09:03:54.626):Attempt" 
Debug[09:03:54]: log_breakpoint 
Debug[09:03:54]: 5 
Debug[09:03:54]: signal in logmode 
Debug[09:03:54]: "INF(09:03:54.939):Mode is OK" 
Debug[09:03:54]: log_breakpoint 
Debug[09:03:54]: 5 
Debug[09:03:54]: signal in logmode 
Debug[09:03:54]: "INF(09:03:54.940):Attempt" 
Debug[09:03:54]: log_breakpoint 
Debug[09:03:54]: 5 
Debug[09:03:54]: signal in logmode 
Debug[09:03:54]: "INF(09:03:54.970):RDUM master connected" 
Debug[09:03:54]: log_breakpoint 
Debug[09:03:54]: 5 
Debug[09:03:54]: signal in logmode 
Debug[09:03:54]: "INF(09:03:54.972):Connected to \\.\COM108" 
Debug[09:03:54]: log_breakpoint 
Debug[09:03:54]: 5 
Warning[09:03:54]: Could not parse stylesheet of widget 0x32a7788
Debug[09:03:54]: "Resume:Logs" 
Debug[09:03:54]: "Resume:Settings" 
Debug[09:03:54]: "Resume:UartUartController" 
Debug[09:03:54]: "Resume:UartSpiController" 
Debug[09:03:54]: "Resume:UartSsiController" 
Debug[09:03:54]: "Resume:DSI3Master" 
Debug[09:03:54]: "Resume:ASICMaster" 
Debug[09:03:54]: "Resume:RDUMMaster" 
Debug[09:03:54]: "Resume:DSI3Slave" 
Debug[09:03:54]: "Resume:Measurement" 
Debug[09:03:54]: "Resume:CFARsim" 
Debug[09:23:02]: "Suspend:Settings" 
Debug[09:23:02]: "Suspend:UartUartController" 
Debug[09:23:02]: "Suspend:UartSpiController" 
Debug[09:23:02]: "Suspend:UartSsiController" 
Debug[09:23:02]: "Suspend:DSI3Master" 
Debug[09:23:02]: "Suspend:ASICMaster" 
Debug[09:23:02]: "Suspend:RDUMMaster" 
Debug[09:23:02]: "Suspend:DSI3Slave" 
Debug[09:23:02]: "Suspend:Measurement" 
Debug[09:23:02]: "Suspend:CFARsim" 
Debug[09:23:02]: signal in logmode 
Debug[09:23:02]: "INF(09:23:02.092):Disconnect by user" 
Debug[09:23:02]: log_breakpoint 
Debug[09:23:02]: 5 
Debug[09:23:02]: signal in logmode 
Debug[09:23:02]: "INF(09:23:02.097):Reconnect" 
Debug[09:23:02]: log_breakpoint 
Debug[09:23:02]: 5 
Debug[09:23:02]: signal in logmode 
Debug[09:23:02]: "INF(09:23:02.100):Auto reconnecting..." 
Debug[09:23:02]: log_breakpoint 
Debug[09:23:02]: 5 
Debug[09:23:02]: signal in logmode 
Debug[09:23:02]: "INF(09:23:02.145):Disconnect by user" 
Debug[09:23:02]: log_breakpoint 
Debug[09:23:02]: 5 
Warning[09:23:11]: QObject::connect: Cannot connect LocalServer::log(int,QString) to (null)::slot_addLog(int,QString)
Debug[09:23:11]: LocalServer:new "\\.\pipe\DSI3PAS" 
Debug[09:23:11]: Register specific 
Debug[09:23:12]: DynScaleCaclulate 
Debug[09:23:12]: "init 2 UartUartController" 
Debug[09:23:12]: Ok 
Debug[09:23:12]: "init 3 UartSpiController" 
Debug[09:23:12]: Ok 
Debug[09:23:12]: "init 4 UartSsiController" 
Debug[09:23:12]: Ok 
Debug[09:23:12]: "init 5 DSI3Master" 
Debug[09:23:12]: Ok 
Debug[09:23:12]: "init 6 ASICMaster" 
Debug[09:23:12]: Ok 
Debug[09:23:12]: "init 7 RDUMMaster" 
Debug[09:23:12]: Ok 
Debug[09:23:12]: "init 8 DSI3Slave" 
Debug[09:23:12]: Ok 
Debug[09:23:12]: "init 9 Measurement" 
Debug[09:23:13]: Ok 
Debug[09:23:13]: "init 10 CFARsim" 
Debug[09:23:13]: Ok 
Debug[09:23:13]: MainApp Starting... 
Debug[09:23:14]: Add applets to MainWindow...
 
Debug[09:23:14]: Initialize Connection... 
Debug[09:23:14]: signal in logmode 
Debug[09:23:14]: "INF(09:23:14.962):Mode is OK" 
Debug[09:23:14]: log_breakpoint 
Debug[09:23:14]: 5 
Debug[09:23:14]: signal in logmode 
Debug[09:23:14]: "INF(09:23:14.964):Attempt" 
Debug[09:23:14]: log_breakpoint 
Debug[09:23:14]: 5 
Debug[09:23:15]: signal in logmode 
Debug[09:23:15]: "INF(09:23:15.274):Attempt" 
Debug[09:23:15]: log_breakpoint 
Debug[09:23:15]: 5 
Debug[09:23:15]: signal in logmode 
Debug[09:23:15]: "INF(09:23:15.585):Attempt" 
Debug[09:23:15]: log_breakpoint 
Debug[09:23:15]: 5 
Debug[09:23:15]: signal in logmode 
Debug[09:23:15]: "INF(09:23:15.902):Mode is OK" 
Debug[09:23:15]: log_breakpoint 
Debug[09:23:15]: 5 
Debug[09:23:15]: signal in logmode 
Debug[09:23:15]: "INF(09:23:15.903):Attempt" 
Debug[09:23:15]: log_breakpoint 
Debug[09:23:15]: 5 
Debug[09:23:16]: signal in logmode 
Debug[09:23:16]: "INF(09:23:16.215):Attempt" 
Debug[09:23:16]: log_breakpoint 
Debug[09:23:16]: 5 
Debug[09:23:16]: signal in logmode 
Debug[09:23:16]: "INF(09:23:16.527):Attempt" 
Debug[09:23:16]: log_breakpoint 
Debug[09:23:16]: 5 
Debug[09:23:16]: signal in logmode 
Debug[09:23:16]: "INF(09:23:16.838):Mode is OK" 
Debug[09:23:16]: log_breakpoint 
Debug[09:23:16]: 5 
Debug[09:23:16]: signal in logmode 
Debug[09:23:16]: "INF(09:23:16.842):Attempt" 
Debug[09:23:16]: log_breakpoint 
Debug[09:23:16]: 5 
Debug[09:23:16]: signal in logmode 
Debug[09:23:16]: "INF(09:23:16.983):Mode is OK" 
Debug[09:23:16]: log_breakpoint 
Debug[09:23:16]: 5 
Debug[09:23:16]: signal in logmode 
Debug[09:23:16]: "INF(09:23:16.985):Attempt" 
Debug[09:23:16]: log_breakpoint 
Debug[09:23:16]: 5 
Debug[09:23:17]: signal in logmode 
Debug[09:23:17]: "INF(09:23:17.292):Attempt" 
Debug[09:23:17]: log_breakpoint 
Debug[09:23:17]: 5 
Debug[09:23:17]: signal in logmode 
Debug[09:23:17]: "INF(09:23:17.606):Attempt" 
Debug[09:23:17]: log_breakpoint 
Debug[09:23:17]: 5 
Debug[09:23:17]: signal in logmode 
Debug[09:23:17]: "INF(09:23:17.920):Mode is OK" 
Debug[09:23:17]: log_breakpoint 
Debug[09:23:17]: 5 
Debug[09:23:17]: signal in logmode 
Debug[09:23:17]: "INF(09:23:17.922):Attempt" 
Debug[09:23:17]: log_breakpoint 
Debug[09:23:17]: 5 
Debug[09:23:18]: signal in logmode 
Debug[09:23:18]: "INF(09:23:18.230):Attempt" 
Debug[09:23:18]: log_breakpoint 
Debug[09:23:18]: 5 
Debug[09:23:18]: signal in logmode 
Debug[09:23:18]: "INF(09:23:18.544):Attempt" 
Debug[09:23:18]: log_breakpoint 
Debug[09:23:18]: 5 
Debug[09:23:18]: signal in logmode 
Debug[09:23:18]: "INF(09:23:18.856):Mode is OK" 
Debug[09:23:18]: log_breakpoint 
Debug[09:23:18]: 5 
Debug[09:23:18]: signal in logmode 
Debug[09:23:18]: "INF(09:23:18.857):Attempt" 
Debug[09:23:18]: log_breakpoint 
Debug[09:23:18]: 5 
Debug[09:23:19]: signal in logmode 
Debug[09:23:19]: "INF(09:23:19.168):Attempt" 
Debug[09:23:19]: log_breakpoint 
Debug[09:23:19]: 5 
Debug[09:23:19]: signal in logmode 
Debug[09:23:19]: "INF(09:23:19.477):Attempt" 
Debug[09:23:19]: log_breakpoint 
Debug[09:23:19]: 5 
Debug[09:23:19]: signal in logmode 
Debug[09:23:19]: "INF(09:23:19.793):Mode is OK" 
Debug[09:23:19]: log_breakpoint 
Debug[09:23:19]: 5 
Debug[09:23:19]: signal in logmode 
Debug[09:23:19]: "INF(09:23:19.795):Attempt" 
Debug[09:23:19]: log_breakpoint 
Debug[09:23:19]: 5 
Debug[09:23:20]: signal in logmode 
Debug[09:23:20]: "INF(09:23:20.105):Attempt" 
Debug[09:23:20]: log_breakpoint 
Debug[09:23:20]: 5 
Debug[09:23:20]: signal in logmode 
Debug[09:23:20]: "INF(09:23:20.417):Attempt" 
Debug[09:23:20]: log_breakpoint 
Debug[09:23:20]: 5 
Debug[09:23:23]: signal in logmode 
Debug[09:23:23]: "INF(09:23:23.986):Mode is OK" 
Debug[09:23:23]: log_breakpoint 
Debug[09:23:23]: 5 
Debug[09:23:23]: signal in logmode 
Debug[09:23:23]: "INF(09:23:23.987):Attempt" 
Debug[09:23:23]: log_breakpoint 
Debug[09:23:23]: 5 
Debug[09:23:24]: signal in logmode 
Debug[09:23:24]: "INF(09:23:24.290):Attempt" 
Debug[09:23:24]: log_breakpoint 
Debug[09:23:24]: 5 
Debug[09:23:24]: signal in logmode 
Debug[09:23:24]: "INF(09:23:24.606):Attempt" 
Debug[09:23:24]: log_breakpoint 
Debug[09:23:24]: 5 
Debug[09:23:24]: signal in logmode 
Debug[09:23:24]: "INF(09:23:24.912):Mode is OK" 
Debug[09:23:24]: log_breakpoint 
Debug[09:23:24]: 5 
Debug[09:23:24]: signal in logmode 
Debug[09:23:24]: "INF(09:23:24.914):Attempt" 
Debug[09:23:24]: log_breakpoint 
Debug[09:23:24]: 5 
Debug[09:23:25]: signal in logmode 
Debug[09:23:25]: "INF(09:23:25.225):Attempt" 
Debug[09:23:25]: log_breakpoint 
Debug[09:23:25]: 5 
Debug[09:23:25]: signal in logmode 
Debug[09:23:25]: "INF(09:23:25.537):Attempt" 
Debug[09:23:25]: log_breakpoint 
Debug[09:23:25]: 5 
Debug[09:23:25]: signal in logmode 
Debug[09:23:25]: "INF(09:23:25.849):Mode is OK" 
Debug[09:23:25]: log_breakpoint 
Debug[09:23:25]: 5 
Debug[09:23:25]: signal in logmode 
Debug[09:23:25]: "INF(09:23:25.852):Attempt" 
Debug[09:23:25]: log_breakpoint 
Debug[09:23:25]: 5 
Debug[09:23:25]: signal in logmode 
Debug[09:23:25]: "INF(09:23:25.855):RDUM master connected" 
Debug[09:23:25]: log_breakpoint 
Debug[09:23:25]: 5 
Debug[09:23:25]: signal in logmode 
Debug[09:23:25]: "INF(09:23:25.857):Connected to \\.\COM108" 
Debug[09:23:25]: log_breakpoint 
Debug[09:23:25]: 5 
Warning[09:23:25]: Could not parse stylesheet of widget 0x37077e8
Debug[09:23:25]: "Resume:Logs" 
Debug[09:23:25]: "Resume:Settings" 
Debug[09:23:25]: "Resume:UartUartController" 
Debug[09:23:25]: "Resume:UartSpiController" 
Debug[09:23:25]: "Resume:UartSsiController" 
Debug[09:23:25]: "Resume:DSI3Master" 
Debug[09:23:25]: "Resume:ASICMaster" 
Debug[09:23:25]: "Resume:RDUMMaster" 
Debug[09:23:25]: "Resume:DSI3Slave" 
Debug[09:23:25]: "Resume:Measurement" 
Debug[09:23:25]: "Resume:CFARsim" 
Debug[09:33:33]: "Suspend:Settings" 
Debug[09:33:33]: "Suspend:UartUartController" 
Debug[09:33:33]: "Suspend:UartSpiController" 
Debug[09:33:33]: "Suspend:UartSsiController" 
Debug[09:33:33]: "Suspend:DSI3Master" 
Debug[09:33:33]: "Suspend:ASICMaster" 
Debug[09:33:33]: "Suspend:RDUMMaster" 
Debug[09:33:33]: "Suspend:DSI3Slave" 
Debug[09:33:33]: "Suspend:Measurement" 
Debug[09:33:33]: "Suspend:CFARsim" 
Debug[09:33:33]: signal in logmode 
Debug[09:33:33]: "INF(09:33:33.518):Disconnect by user" 
Debug[09:33:33]: log_breakpoint 
Debug[09:33:33]: 5 
Debug[09:33:33]: signal in logmode 
Debug[09:33:33]: "INF(09:33:33.536):Disconnect by user" 
Debug[09:33:33]: log_breakpoint 
Debug[09:33:33]: 5 
Warning[09:33:35]: QObject::connect: Cannot connect LocalServer::log(int,QString) to (null)::slot_addLog(int,QString)
Debug[09:33:35]: LocalServer:new "\\.\pipe\DSI3PAS" 
Debug[09:33:35]: Register specific 
Debug[09:33:36]: DynScaleCaclulate 
Debug[09:33:36]: "init 2 UartUartController" 
Debug[09:33:36]: Ok 
Debug[09:33:36]: "init 3 UartSpiController" 
Debug[09:33:36]: Ok 
Debug[09:33:36]: "init 4 UartSsiController" 
Debug[09:33:36]: Ok 
Debug[09:33:36]: "init 5 DSI3Master" 
Debug[09:33:36]: Ok 
Debug[09:33:36]: "init 6 ASICMaster" 
Debug[09:33:36]: Ok 
Debug[09:33:36]: "init 7 RDUMMaster" 
Debug[09:33:36]: Ok 
Debug[09:33:36]: "init 8 DSI3Slave" 
Debug[09:33:37]: Ok 
Debug[09:33:37]: "init 9 Measurement" 
Debug[09:33:38]: Ok 
Debug[09:33:38]: "init 10 CFARsim" 
Debug[09:33:38]: Ok 
Debug[09:33:38]: MainApp Starting... 
Debug[09:33:39]: Add applets to MainWindow...
 
Debug[09:33:39]: Initialize Connection... 
Debug[09:33:39]: signal in logmode 
Debug[09:33:39]: "INF(09:33:39.317):Mode is OK" 
Debug[09:33:39]: log_breakpoint 
Debug[09:33:39]: 5 
Debug[09:33:39]: signal in logmode 
Debug[09:33:39]: "INF(09:33:39.319):Attempt" 
Debug[09:33:39]: log_breakpoint 
Debug[09:33:39]: 5 
Debug[09:33:39]: signal in logmode 
Debug[09:33:39]: "INF(09:33:39.622):Attempt" 
Debug[09:33:39]: log_breakpoint 
Debug[09:33:39]: 5 
Debug[09:33:39]: signal in logmode 
Debug[09:33:39]: "INF(09:33:39.936):Attempt" 
Debug[09:33:39]: log_breakpoint 
Debug[09:33:39]: 5 
Debug[09:33:40]: signal in logmode 
Debug[09:33:40]: "INF(09:33:40.247):Mode is OK" 
Debug[09:33:40]: log_breakpoint 
Debug[09:33:40]: 5 
Debug[09:33:40]: signal in logmode 
Debug[09:33:40]: "INF(09:33:40.248):Attempt" 
Debug[09:33:40]: log_breakpoint 
Debug[09:33:40]: 5 
Debug[09:33:40]: signal in logmode 
Debug[09:33:40]: "INF(09:33:40.558):Attempt" 
Debug[09:33:40]: log_breakpoint 
Debug[09:33:40]: 5 
Debug[09:33:40]: signal in logmode 
Debug[09:33:40]: "INF(09:33:40.871):Attempt" 
Debug[09:33:40]: log_breakpoint 
Debug[09:33:40]: 5 
Debug[09:33:41]: signal in logmode 
Debug[09:33:41]: "INF(09:33:41.184):Mode is OK" 
Debug[09:33:41]: log_breakpoint 
Debug[09:33:41]: 5 
Debug[09:33:41]: signal in logmode 
Debug[09:33:41]: "INF(09:33:41.188):Attempt" 
Debug[09:33:41]: log_breakpoint 
Debug[09:33:41]: 5 
Debug[09:33:41]: signal in logmode 
Debug[09:33:41]: "INF(09:33:41.341):Mode is OK" 
Debug[09:33:41]: log_breakpoint 
Debug[09:33:41]: 5 
Debug[09:33:41]: signal in logmode 
Debug[09:33:41]: "INF(09:33:41.343):Attempt" 
Debug[09:33:41]: log_breakpoint 
Debug[09:33:41]: 5 
Debug[09:33:41]: signal in logmode 
Debug[09:33:41]: "INF(09:33:41.651):Attempt" 
Debug[09:33:41]: log_breakpoint 
Debug[09:33:41]: 5 
Debug[09:33:41]: signal in logmode 
Debug[09:33:41]: "INF(09:33:41.961):Attempt" 
Debug[09:33:41]: log_breakpoint 
Debug[09:33:41]: 5 
Debug[09:33:42]: signal in logmode 
Debug[09:33:42]: "INF(09:33:42.272):Mode is OK" 
Debug[09:33:42]: log_breakpoint 
Debug[09:33:42]: 5 
Debug[09:33:42]: signal in logmode 
Debug[09:33:42]: "INF(09:33:42.275):Attempt" 
Debug[09:33:42]: log_breakpoint 
Debug[09:33:42]: 5 
Debug[09:33:42]: signal in logmode 
Debug[09:33:42]: "INF(09:33:42.586):Attempt" 
Debug[09:33:42]: log_breakpoint 
Debug[09:33:42]: 5 
Debug[09:33:42]: signal in logmode 
Debug[09:33:42]: "INF(09:33:42.898):Attempt" 
Debug[09:33:42]: log_breakpoint 
Debug[09:33:42]: 5 
Debug[09:33:43]: signal in logmode 
Debug[09:33:43]: "INF(09:33:43.209):Mode is OK" 
Debug[09:33:43]: log_breakpoint 
Debug[09:33:43]: 5 
Debug[09:33:43]: signal in logmode 
Debug[09:33:43]: "INF(09:33:43.212):Attempt" 
Debug[09:33:43]: log_breakpoint 
Debug[09:33:43]: 5 
Debug[09:33:43]: signal in logmode 
Debug[09:33:43]: "INF(09:33:43.522):Attempt" 
Debug[09:33:43]: log_breakpoint 
Debug[09:33:43]: 5 
Debug[09:33:43]: signal in logmode 
Debug[09:33:43]: "INF(09:33:43.833):Attempt" 
Debug[09:33:43]: log_breakpoint 
Debug[09:33:43]: 5 
Debug[09:33:44]: signal in logmode 
Debug[09:33:44]: "INF(09:33:44.145):Mode is OK" 
Debug[09:33:44]: log_breakpoint 
Debug[09:33:44]: 5 
Debug[09:33:44]: signal in logmode 
Debug[09:33:44]: "INF(09:33:44.150):Attempt" 
Debug[09:33:44]: log_breakpoint 
Debug[09:33:44]: 5 
Debug[09:33:44]: signal in logmode 
Debug[09:33:44]: "INF(09:33:44.456):Attempt" 
Debug[09:33:44]: log_breakpoint 
Debug[09:33:44]: 5 
Debug[09:33:44]: signal in logmode 
Debug[09:33:44]: "INF(09:33:44.770):Attempt" 
Debug[09:33:44]: log_breakpoint 
Debug[09:33:44]: 5 
Debug[09:33:48]: signal in logmode 
Debug[09:33:48]: "INF(09:33:48.128):Mode is OK" 
Debug[09:33:48]: log_breakpoint 
Debug[09:33:48]: 5 
Debug[09:33:48]: signal in logmode 
Debug[09:33:48]: "INF(09:33:48.130):Attempt" 
Debug[09:33:48]: log_breakpoint 
Debug[09:33:48]: 5 
Debug[09:33:48]: signal in logmode 
Debug[09:33:48]: "INF(09:33:48.450):Attempt" 
Debug[09:33:48]: log_breakpoint 
Debug[09:33:48]: 5 
Debug[09:33:48]: signal in logmode 
Debug[09:33:48]: "INF(09:33:48.762):Attempt" 
Debug[09:33:48]: log_breakpoint 
Debug[09:33:48]: 5 
Debug[09:33:49]: signal in logmode 
Debug[09:33:49]: "INF(09:33:49.074):Mode is OK" 
Debug[09:33:49]: log_breakpoint 
Debug[09:33:49]: 5 
Debug[09:33:49]: signal in logmode 
Debug[09:33:49]: "INF(09:33:49.077):Attempt" 
Debug[09:33:49]: log_breakpoint 
Debug[09:33:49]: 5 
Debug[09:33:49]: signal in logmode 
Debug[09:33:49]: "INF(09:33:49.389):Attempt" 
Debug[09:33:49]: log_breakpoint 
Debug[09:33:49]: 5 
Debug[09:33:49]: signal in logmode 
Debug[09:33:49]: "INF(09:33:49.701):Attempt" 
Debug[09:33:49]: log_breakpoint 
Debug[09:33:49]: 5 
Debug[09:33:50]: signal in logmode 
Debug[09:33:50]: "INF(09:33:50.013):Mode is OK" 
Debug[09:33:50]: log_breakpoint 
Debug[09:33:50]: 5 
Debug[09:33:50]: signal in logmode 
Debug[09:33:50]: "INF(09:33:50.016):Attempt" 
Debug[09:33:50]: log_breakpoint 
Debug[09:33:50]: 5 
Debug[09:33:50]: signal in logmode 
Debug[09:33:50]: "INF(09:33:50.043):RDUM master connected" 
Debug[09:33:50]: log_breakpoint 
Debug[09:33:50]: 5 
Debug[09:33:50]: signal in logmode 
Debug[09:33:50]: "INF(09:33:50.046):Connected to \\.\COM108" 
Debug[09:33:50]: log_breakpoint 
Debug[09:33:50]: 5 
Warning[09:33:50]: Could not parse stylesheet of widget 0x2cf76c8
Debug[09:33:50]: "Resume:Logs" 
Debug[09:33:50]: "Resume:Settings" 
Debug[09:33:50]: "Resume:UartUartController" 
Debug[09:33:50]: "Resume:UartSpiController" 
Debug[09:33:50]: "Resume:UartSsiController" 
Debug[09:33:50]: "Resume:DSI3Master" 
Debug[09:33:50]: "Resume:ASICMaster" 
Debug[09:33:50]: "Resume:RDUMMaster" 
Debug[09:33:50]: "Resume:DSI3Slave" 
Debug[09:33:50]: "Resume:Measurement" 
Debug[09:33:50]: "Resume:CFARsim" 
Debug[09:34:34]: "Suspend:Settings" 
Debug[09:34:34]: "Suspend:UartUartController" 
Debug[09:34:34]: "Suspend:UartSpiController" 
Debug[09:34:34]: "Suspend:UartSsiController" 
Debug[09:34:34]: "Suspend:DSI3Master" 
Debug[09:34:34]: "Suspend:ASICMaster" 
Debug[09:34:34]: "Suspend:RDUMMaster" 
Debug[09:34:34]: "Suspend:DSI3Slave" 
Debug[09:34:34]: "Suspend:Measurement" 
Debug[09:34:34]: "Suspend:CFARsim" 
Debug[09:34:34]: signal in logmode 
Debug[09:34:34]: "INF(09:34:34.503):Disconnect by user" 
Debug[09:34:34]: log_breakpoint 
Debug[09:34:34]: 5 
Debug[09:34:34]: signal in logmode 
Debug[09:34:34]: "INF(09:34:34.674):Disconnect by user" 
Debug[09:34:34]: log_breakpoint 
Debug[09:34:34]: 5 
Warning[09:34:49]: QObject::connect: Cannot connect LocalServer::log(int,QString) to (null)::slot_addLog(int,QString)
Debug[09:34:49]: LocalServer:new "\\.\pipe\DSI3PAS" 
Debug[09:34:49]: Register specific 
Debug[09:34:49]: DynScaleCaclulate 
Debug[09:34:49]: "init 2 UartUartController" 
Debug[09:34:49]: Ok 
Debug[09:34:49]: "init 3 UartSpiController" 
Debug[09:34:49]: Ok 
Debug[09:34:49]: "init 4 UartSsiController" 
Debug[09:34:49]: Ok 
Debug[09:34:49]: "init 5 DSI3Master" 
Debug[09:34:49]: Ok 
Debug[09:34:49]: "init 6 ASICMaster" 
Debug[09:34:49]: Ok 
Debug[09:34:49]: "init 7 RDUMMaster" 
Debug[09:34:49]: Ok 
Debug[09:34:49]: "init 8 DSI3Slave" 
Debug[09:34:50]: Ok 
Debug[09:34:50]: "init 9 Measurement" 
Debug[09:34:51]: Ok 
Debug[09:34:51]: "init 10 CFARsim" 
Debug[09:34:51]: Ok 
Debug[09:34:51]: MainApp Starting... 
Debug[09:34:51]: Add applets to MainWindow...
 
Debug[09:34:51]: Initialize Connection... 
Debug[09:34:52]: signal in logmode 
Debug[09:34:52]: "INF(09:34:52.208):Mode is OK" 
Debug[09:34:52]: log_breakpoint 
Debug[09:34:52]: 5 
Debug[09:34:52]: signal in logmode 
Debug[09:34:52]: "INF(09:34:52.212):Attempt" 
Debug[09:34:52]: log_breakpoint 
Debug[09:34:52]: 5 
Debug[09:34:52]: signal in logmode 
Debug[09:34:52]: "INF(09:34:52.517):Attempt" 
Debug[09:34:52]: log_breakpoint 
Debug[09:34:52]: 5 
Debug[09:34:52]: signal in logmode 
Debug[09:34:52]: "INF(09:34:52.831):Attempt" 
Debug[09:34:52]: log_breakpoint 
Debug[09:34:52]: 5 
Debug[09:34:53]: signal in logmode 
Debug[09:34:53]: "INF(09:34:53.142):Mode is OK" 
Debug[09:34:53]: log_breakpoint 
Debug[09:34:53]: 5 
Debug[09:34:53]: signal in logmode 
Debug[09:34:53]: "INF(09:34:53.145):Attempt" 
Debug[09:34:53]: log_breakpoint 
Debug[09:34:53]: 5 
Debug[09:34:53]: signal in logmode 
Debug[09:34:53]: "INF(09:34:53.452):Attempt" 
Debug[09:34:53]: log_breakpoint 
Debug[09:34:53]: 5 
Debug[09:34:53]: signal in logmode 
Debug[09:34:53]: "INF(09:34:53.762):Attempt" 
Debug[09:34:53]: log_breakpoint 
Debug[09:34:53]: 5 
Debug[09:34:54]: signal in logmode 
Debug[09:34:54]: "INF(09:34:54.075):Mode is OK" 
Debug[09:34:54]: log_breakpoint 
Debug[09:34:54]: 5 
Debug[09:34:54]: signal in logmode 
Debug[09:34:54]: "INF(09:34:54.080):Attempt" 
Debug[09:34:54]: log_breakpoint 
Debug[09:34:54]: 5 
Debug[09:34:54]: signal in logmode 
Debug[09:34:54]: "INF(09:34:54.237):Mode is OK" 
Debug[09:34:54]: log_breakpoint 
Debug[09:34:54]: 5 
Debug[09:34:54]: signal in logmode 
Debug[09:34:54]: "INF(09:34:54.239):Attempt" 
Debug[09:34:54]: log_breakpoint 
Debug[09:34:54]: 5 
Debug[09:34:54]: signal in logmode 
Debug[09:34:54]: "INF(09:34:54.543):Attempt" 
Debug[09:34:54]: log_breakpoint 
Debug[09:34:54]: 5 
Debug[09:34:54]: signal in logmode 
Debug[09:34:54]: "INF(09:34:54.855):Attempt" 
Debug[09:34:54]: log_breakpoint 
Debug[09:34:54]: 5 
Debug[09:34:55]: signal in logmode 
Debug[09:34:55]: "INF(09:34:55.167):Mode is OK" 
Debug[09:34:55]: log_breakpoint 
Debug[09:34:55]: 5 
Debug[09:34:55]: signal in logmode 
Debug[09:34:55]: "INF(09:34:55.170):Attempt" 
Debug[09:34:55]: log_breakpoint 
Debug[09:34:55]: 5 
Debug[09:34:55]: signal in logmode 
Debug[09:34:55]: "INF(09:34:55.477):Attempt" 
Debug[09:34:55]: log_breakpoint 
Debug[09:34:55]: 5 
Debug[09:34:55]: signal in logmode 
Debug[09:34:55]: "INF(09:34:55.789):Attempt" 
Debug[09:34:55]: log_breakpoint 
Debug[09:34:55]: 5 
Debug[09:34:56]: signal in logmode 
Debug[09:34:56]: "INF(09:34:56.101):Mode is OK" 
Debug[09:34:56]: log_breakpoint 
Debug[09:34:56]: 5 
Debug[09:34:56]: signal in logmode 
Debug[09:34:56]: "INF(09:34:56.104):Attempt" 
Debug[09:34:56]: log_breakpoint 
Debug[09:34:56]: 5 
Debug[09:34:56]: signal in logmode 
Debug[09:34:56]: "INF(09:34:56.413):Attempt" 
Debug[09:34:56]: log_breakpoint 
Debug[09:34:56]: 5 
Debug[09:34:56]: signal in logmode 
Debug[09:34:56]: "INF(09:34:56.724):Attempt" 
Debug[09:34:56]: log_breakpoint 
Debug[09:34:56]: 5 
Debug[09:34:57]: signal in logmode 
Debug[09:34:57]: "INF(09:34:57.039):Mode is OK" 
Debug[09:34:57]: log_breakpoint 
Debug[09:34:57]: 5 
Debug[09:34:57]: signal in logmode 
Debug[09:34:57]: "INF(09:34:57.043):Attempt" 
Debug[09:34:57]: log_breakpoint 
Debug[09:34:57]: 5 
Debug[09:34:57]: signal in logmode 
Debug[09:34:57]: "INF(09:34:57.354):Attempt" 
Debug[09:34:57]: log_breakpoint 
Debug[09:34:57]: 5 
Debug[09:34:57]: signal in logmode 
Debug[09:34:57]: "INF(09:34:57.669):Attempt" 
Debug[09:34:57]: log_breakpoint 
Debug[09:34:57]: 5 
Debug[09:35:01]: signal in logmode 
Debug[09:35:01]: "INF(09:35:01.592):Mode is OK" 
Debug[09:35:01]: log_breakpoint 
Debug[09:35:01]: 5 
Debug[09:35:01]: signal in logmode 
Debug[09:35:01]: "INF(09:35:01.594):Attempt" 
Debug[09:35:01]: log_breakpoint 
Debug[09:35:01]: 5 
Debug[09:35:01]: signal in logmode 
Debug[09:35:01]: "INF(09:35:01.900):Attempt" 
Debug[09:35:01]: log_breakpoint 
Debug[09:35:01]: 5 
Debug[09:35:02]: signal in logmode 
Debug[09:35:02]: "INF(09:35:02.213):Attempt" 
Debug[09:35:02]: log_breakpoint 
Debug[09:35:02]: 5 
Debug[09:35:02]: signal in logmode 
Debug[09:35:02]: "INF(09:35:02.526):Mode is OK" 
Debug[09:35:02]: log_breakpoint 
Debug[09:35:02]: 5 
Debug[09:35:02]: signal in logmode 
Debug[09:35:02]: "INF(09:35:02.530):Attempt" 
Debug[09:35:02]: log_breakpoint 
Debug[09:35:02]: 5 
Debug[09:35:02]: signal in logmode 
Debug[09:35:02]: "INF(09:35:02.837):Attempt" 
Debug[09:35:02]: log_breakpoint 
Debug[09:35:02]: 5 
Debug[09:35:03]: signal in logmode 
Debug[09:35:03]: "INF(09:35:03.151):Attempt" 
Debug[09:35:03]: log_breakpoint 
Debug[09:35:03]: 5 
Debug[09:35:03]: signal in logmode 
Debug[09:35:03]: "INF(09:35:03.460):Mode is OK" 
Debug[09:35:03]: log_breakpoint 
Debug[09:35:03]: 5 
Debug[09:35:03]: signal in logmode 
Debug[09:35:03]: "INF(09:35:03.464):Attempt" 
Debug[09:35:03]: log_breakpoint 
Debug[09:35:03]: 5 
Debug[09:35:03]: signal in logmode 
Debug[09:35:03]: "INF(09:35:03.490):RDUM master connected" 
Debug[09:35:03]: log_breakpoint 
Debug[09:35:03]: 5 
Debug[09:35:03]: signal in logmode 
Debug[09:35:03]: "INF(09:35:03.494):Connected to \\.\COM108" 
Debug[09:35:03]: log_breakpoint 
Debug[09:35:03]: 5 
Warning[09:35:03]: Could not parse stylesheet of widget 0x2df6e68
Debug[09:35:03]: "Resume:Logs" 
Debug[09:35:03]: "Resume:Settings" 
Debug[09:35:03]: "Resume:UartUartController" 
Debug[09:35:03]: "Resume:UartSpiController" 
Debug[09:35:03]: "Resume:UartSsiController" 
Debug[09:35:03]: "Resume:DSI3Master" 
Debug[09:35:03]: "Resume:ASICMaster" 
Debug[09:35:03]: "Resume:RDUMMaster" 
Debug[09:35:03]: "Resume:DSI3Slave" 
Debug[09:35:03]: "Resume:Measurement" 
Debug[09:35:03]: "Resume:CFARsim" 
Debug[09:35:49]: "Suspend:Settings" 
Debug[09:35:49]: "Suspend:UartUartController" 
Debug[09:35:49]: "Suspend:UartSpiController" 
Debug[09:35:49]: "Suspend:UartSsiController" 
Debug[09:35:49]: "Suspend:DSI3Master" 
Debug[09:35:49]: "Suspend:ASICMaster" 
Debug[09:35:49]: "Suspend:RDUMMaster" 
Debug[09:35:49]: "Suspend:DSI3Slave" 
Debug[09:35:49]: "Suspend:Measurement" 
Debug[09:35:49]: "Suspend:CFARsim" 
Debug[09:35:49]: signal in logmode 
Debug[09:35:49]: "INF(09:35:49.550):Disconnect by user" 
Debug[09:35:49]: log_breakpoint 
Debug[09:35:49]: 5 
Debug[09:35:49]: signal in logmode 
Debug[09:35:49]: "INF(09:35:49.697):Disconnect by user" 
Debug[09:35:49]: log_breakpoint 
Debug[09:35:49]: 5 
Warning[09:39:13]: QObject::connect: Cannot connect LocalServer::log(int,QString) to (null)::slot_addLog(int,QString)
Debug[09:39:13]: LocalServer:new "\\.\pipe\DSI3PAS" 
Debug[09:39:13]: Register specific 
Debug[09:39:14]: DynScaleCaclulate 
Debug[09:39:14]: "init 2 UartUartController" 
Debug[09:39:14]: Ok 
Debug[09:39:14]: "init 3 UartSpiController" 
Debug[09:39:14]: Ok 
Debug[09:39:14]: "init 4 UartSsiController" 
Debug[09:39:14]: Ok 
Debug[09:39:14]: "init 5 DSI3Master" 
Debug[09:39:14]: Ok 
Debug[09:39:14]: "init 6 ASICMaster" 
Debug[09:39:14]: Ok 
Debug[09:39:14]: "init 7 RDUMMaster" 
Debug[09:39:14]: Ok 
Debug[09:39:14]: "init 8 DSI3Slave" 
Debug[09:39:15]: Ok 
Debug[09:39:15]: "init 9 Measurement" 
Debug[09:39:15]: Ok 
Debug[09:39:15]: "init 10 CFARsim" 
Debug[09:39:15]: Ok 
Debug[09:39:15]: MainApp Starting... 
Debug[09:39:16]: Add applets to MainWindow...
 
Debug[09:39:16]: Initialize Connection... 
Debug[09:39:16]: signal in logmode 
Debug[09:39:16]: "INF(09:39:16.741):Mode is OK" 
Debug[09:39:16]: log_breakpoint 
Debug[09:39:16]: 5 
Debug[09:39:16]: signal in logmode 
Debug[09:39:16]: "INF(09:39:16.744):Attempt" 
Debug[09:39:16]: log_breakpoint 
Debug[09:39:16]: 5 
Debug[09:39:17]: signal in logmode 
Debug[09:39:17]: "INF(09:39:17.063):Attempt" 
Debug[09:39:17]: log_breakpoint 
Debug[09:39:17]: 5 
Debug[09:39:17]: signal in logmode 
Debug[09:39:17]: "INF(09:39:17.373):Attempt" 
Debug[09:39:17]: log_breakpoint 
Debug[09:39:17]: 5 
Debug[09:39:17]: signal in logmode 
Debug[09:39:17]: "INF(09:39:17.684):Mode is OK" 
Debug[09:39:17]: log_breakpoint 
Debug[09:39:17]: 5 
Debug[09:39:17]: signal in logmode 
Debug[09:39:17]: "INF(09:39:17.686):Attempt" 
Debug[09:39:17]: log_breakpoint 
Debug[09:39:17]: 5 
Debug[09:39:17]: signal in logmode 
Debug[09:39:17]: "INF(09:39:17.993):Attempt" 
Debug[09:39:17]: log_breakpoint 
Debug[09:39:17]: 5 
Debug[09:39:18]: signal in logmode 
Debug[09:39:18]: "INF(09:39:18.306):Attempt" 
Debug[09:39:18]: log_breakpoint 
Debug[09:39:18]: 5 
Debug[09:39:18]: signal in logmode 
Debug[09:39:18]: "INF(09:39:18.619):Mode is OK" 
Debug[09:39:18]: log_breakpoint 
Debug[09:39:18]: 5 
Debug[09:39:18]: signal in logmode 
Debug[09:39:18]: "INF(09:39:18.621):Attempt" 
Debug[09:39:18]: log_breakpoint 
Debug[09:39:18]: 5 
Debug[09:39:18]: signal in logmode 
Debug[09:39:18]: "INF(09:39:18.764):Mode is OK" 
Debug[09:39:18]: log_breakpoint 
Debug[09:39:18]: 5 
Debug[09:39:18]: signal in logmode 
Debug[09:39:18]: "INF(09:39:18.767):Attempt" 
Debug[09:39:18]: log_breakpoint 
Debug[09:39:18]: 5 
Debug[09:39:19]: signal in logmode 
Debug[09:39:19]: "INF(09:39:19.085):Attempt" 
Debug[09:39:19]: log_breakpoint 
Debug[09:39:19]: 5 
Debug[09:39:19]: signal in logmode 
Debug[09:39:19]: "INF(09:39:19.396):Attempt" 
Debug[09:39:19]: log_breakpoint 
Debug[09:39:19]: 5 
Debug[09:39:19]: signal in logmode 
Debug[09:39:19]: "INF(09:39:19.711):Mode is OK" 
Debug[09:39:19]: log_breakpoint 
Debug[09:39:19]: 5 
Debug[09:39:19]: signal in logmode 
Debug[09:39:19]: "INF(09:39:19.713):Attempt" 
Debug[09:39:19]: log_breakpoint 
Debug[09:39:19]: 5 
Debug[09:39:20]: signal in logmode 
Debug[09:39:20]: "INF(09:39:20.024):Attempt" 
Debug[09:39:20]: log_breakpoint 
Debug[09:39:20]: 5 
Debug[09:39:20]: signal in logmode 
Debug[09:39:20]: "INF(09:39:20.336):Attempt" 
Debug[09:39:20]: log_breakpoint 
Debug[09:39:20]: 5 
Debug[09:39:20]: signal in logmode 
Debug[09:39:20]: "INF(09:39:20.645):Mode is OK" 
Debug[09:39:20]: log_breakpoint 
Debug[09:39:20]: 5 
Debug[09:39:20]: signal in logmode 
Debug[09:39:20]: "INF(09:39:20.648):Attempt" 
Debug[09:39:20]: log_breakpoint 
Debug[09:39:20]: 5 
Debug[09:39:20]: signal in logmode 
Debug[09:39:20]: "INF(09:39:20.959):Attempt" 
Debug[09:39:20]: log_breakpoint 
Debug[09:39:20]: 5 
Debug[09:39:21]: signal in logmode 
Debug[09:39:21]: "INF(09:39:21.272):Attempt" 
Debug[09:39:21]: log_breakpoint 
Debug[09:39:21]: 5 
Debug[09:39:21]: signal in logmode 
Debug[09:39:21]: "INF(09:39:21.584):Mode is OK" 
Debug[09:39:21]: log_breakpoint 
Debug[09:39:21]: 5 
Debug[09:39:21]: signal in logmode 
Debug[09:39:21]: "INF(09:39:21.588):Attempt" 
Debug[09:39:21]: log_breakpoint 
Debug[09:39:21]: 5 
Debug[09:39:21]: signal in logmode 
Debug[09:39:21]: "INF(09:39:21.900):Attempt" 
Debug[09:39:21]: log_breakpoint 
Debug[09:39:21]: 5 
Debug[09:39:22]: signal in logmode 
Debug[09:39:22]: "INF(09:39:22.213):Attempt" 
Debug[09:39:22]: log_breakpoint 
Debug[09:39:22]: 5 
Debug[09:39:26]: signal in logmode 
Debug[09:39:26]: "INF(09:39:26.406):Mode is OK" 
Debug[09:39:26]: log_breakpoint 
Debug[09:39:26]: 5 
Debug[09:39:26]: signal in logmode 
Debug[09:39:26]: "INF(09:39:26.408):Attempt" 
Debug[09:39:26]: log_breakpoint 
Debug[09:39:26]: 5 
Debug[09:39:26]: signal in logmode 
Debug[09:39:26]: "INF(09:39:26.718):Attempt" 
Debug[09:39:26]: log_breakpoint 
Debug[09:39:26]: 5 
Debug[09:39:27]: signal in logmode 
Debug[09:39:27]: "INF(09:39:27.028):Attempt" 
Debug[09:39:27]: log_breakpoint 
Debug[09:39:27]: 5 
Debug[09:39:27]: signal in logmode 
Debug[09:39:27]: "INF(09:39:27.344):Mode is OK" 
Debug[09:39:27]: log_breakpoint 
Debug[09:39:27]: 5 
Debug[09:39:27]: signal in logmode 
Debug[09:39:27]: "INF(09:39:27.349):Attempt" 
Debug[09:39:27]: log_breakpoint 
Debug[09:39:27]: 5 
Debug[09:39:27]: signal in logmode 
Debug[09:39:27]: "INF(09:39:27.652):Attempt" 
Debug[09:39:27]: log_breakpoint 
Debug[09:39:27]: 5 
Debug[09:39:27]: signal in logmode 
Debug[09:39:27]: "INF(09:39:27.967):Attempt" 
Debug[09:39:27]: log_breakpoint 
Debug[09:39:27]: 5 
Debug[09:39:28]: signal in logmode 
Debug[09:39:28]: "INF(09:39:28.279):Mode is OK" 
Debug[09:39:28]: log_breakpoint 
Debug[09:39:28]: 5 
Debug[09:39:28]: signal in logmode 
Debug[09:39:28]: "INF(09:39:28.283):Attempt" 
Debug[09:39:28]: log_breakpoint 
Debug[09:39:28]: 5 
Debug[09:39:28]: signal in logmode 
Debug[09:39:28]: "INF(09:39:28.291):RDUM master connected" 
Debug[09:39:28]: log_breakpoint 
Debug[09:39:28]: 5 
Debug[09:39:28]: signal in logmode 
Debug[09:39:28]: "INF(09:39:28.293):Connected to \\.\COM110" 
Debug[09:39:28]: log_breakpoint 
Debug[09:39:28]: 5 
Warning[09:39:28]: Could not parse stylesheet of widget 0x34278c8
Debug[09:39:28]: "Resume:Logs" 
Debug[09:39:28]: "Resume:Settings" 
Debug[09:39:28]: "Resume:UartUartController" 
Debug[09:39:28]: "Resume:UartSpiController" 
Debug[09:39:28]: "Resume:UartSsiController" 
Debug[09:39:28]: "Resume:DSI3Master" 
Debug[09:39:28]: "Resume:ASICMaster" 
Debug[09:39:28]: "Resume:RDUMMaster" 
Debug[09:39:28]: "Resume:DSI3Slave" 
Debug[09:39:28]: "Resume:Measurement" 
Debug[09:39:28]: "Resume:CFARsim" 
Debug[09:40:00]: "Suspend:Settings" 
Debug[09:40:00]: "Suspend:UartUartController" 
Debug[09:40:00]: "Suspend:UartSpiController" 
Debug[09:40:00]: "Suspend:UartSsiController" 
Debug[09:40:00]: "Suspend:DSI3Master" 
Debug[09:40:00]: "Suspend:ASICMaster" 
Debug[09:40:00]: "Suspend:RDUMMaster" 
Debug[09:40:00]: "Suspend:DSI3Slave" 
Debug[09:40:00]: "Suspend:Measurement" 
Debug[09:40:00]: "Suspend:CFARsim" 
Debug[09:40:00]: signal in logmode 
Debug[09:40:00]: "INF(09:40:00.275):Disconnect by user" 
Debug[09:40:00]: log_breakpoint 
Debug[09:40:00]: 5 
Debug[09:40:00]: signal in logmode 
Debug[09:40:00]: "INF(09:40:00.422):Disconnect by user" 
Debug[09:40:00]: log_breakpoint 
Debug[09:40:00]: 5 
Warning[09:40:11]: QObject::connect: Cannot connect LocalServer::log(int,QString) to (null)::slot_addLog(int,QString)
Debug[09:40:11]: LocalServer:new "\\.\pipe\DSI3PAS" 
Debug[09:40:11]: Register specific 
Debug[09:40:11]: DynScaleCaclulate 
Debug[09:40:11]: "init 2 UartUartController" 
Debug[09:40:11]: Ok 
Debug[09:40:11]: "init 3 UartSpiController" 
Debug[09:40:11]: Ok 
Debug[09:40:11]: "init 4 UartSsiController" 
Debug[09:40:11]: Ok 
Debug[09:40:11]: "init 5 DSI3Master" 
Debug[09:40:11]: Ok 
Debug[09:40:11]: "init 6 ASICMaster" 
Debug[09:40:11]: Ok 
Debug[09:40:11]: "init 7 RDUMMaster" 
Debug[09:40:11]: Ok 
Debug[09:40:11]: "init 8 DSI3Slave" 
Debug[09:40:12]: Ok 
Debug[09:40:12]: "init 9 Measurement" 
Debug[09:40:13]: Ok 
Debug[09:40:13]: "init 10 CFARsim" 
Debug[09:40:13]: Ok 
Debug[09:40:13]: MainApp Starting... 
Debug[09:40:14]: Add applets to MainWindow...
 
Debug[09:40:14]: Initialize Connection... 
Debug[09:40:14]: signal in logmode 
Debug[09:40:14]: "INF(09:40:14.350):Mode is OK" 
Debug[09:40:14]: log_breakpoint 
Debug[09:40:14]: 5 
Debug[09:40:14]: signal in logmode 
Debug[09:40:14]: "INF(09:40:14.353):Attempt" 
Debug[09:40:14]: log_breakpoint 
Debug[09:40:14]: 5 
Debug[09:40:14]: signal in logmode 
Debug[09:40:14]: "INF(09:40:14.660):Attempt" 
Debug[09:40:14]: log_breakpoint 
Debug[09:40:14]: 5 
Debug[09:40:14]: signal in logmode 
Debug[09:40:14]: "INF(09:40:14.974):Attempt" 
Debug[09:40:14]: log_breakpoint 
Debug[09:40:14]: 5 
Debug[09:40:15]: signal in logmode 
Debug[09:40:15]: "INF(09:40:15.285):Mode is OK" 
Debug[09:40:15]: log_breakpoint 
Debug[09:40:15]: 5 
Debug[09:40:15]: signal in logmode 
Debug[09:40:15]: "INF(09:40:15.288):Attempt" 
Debug[09:40:15]: log_breakpoint 
Debug[09:40:15]: 5 
Debug[09:40:15]: signal in logmode 
Debug[09:40:15]: "INF(09:40:15.597):Attempt" 
Debug[09:40:15]: log_breakpoint 
Debug[09:40:15]: 5 
Debug[09:40:15]: signal in logmode 
Debug[09:40:15]: "INF(09:40:15.908):Attempt" 
Debug[09:40:15]: log_breakpoint 
Debug[09:40:15]: 5 
Debug[09:40:16]: signal in logmode 
Debug[09:40:16]: "INF(09:40:16.221):Mode is OK" 
Debug[09:40:16]: log_breakpoint 
Debug[09:40:16]: 5 
Debug[09:40:16]: signal in logmode 
Debug[09:40:16]: "INF(09:40:16.222):Attempt" 
Debug[09:40:16]: log_breakpoint 
Debug[09:40:16]: 5 
Debug[09:40:16]: signal in logmode 
Debug[09:40:16]: "INF(09:40:16.380):Mode is OK" 
Debug[09:40:16]: log_breakpoint 
Debug[09:40:16]: 5 
Debug[09:40:16]: signal in logmode 
Debug[09:40:16]: "INF(09:40:16.382):Attempt" 
Debug[09:40:16]: log_breakpoint 
Debug[09:40:16]: 5 
Debug[09:40:16]: signal in logmode 
Debug[09:40:16]: "INF(09:40:16.688):Attempt" 
Debug[09:40:16]: log_breakpoint 
Debug[09:40:16]: 5 
Debug[09:40:17]: signal in logmode 
Debug[09:40:17]: "INF(09:40:17.003):Attempt" 
Debug[09:40:17]: log_breakpoint 
Debug[09:40:17]: 5 
Debug[09:40:17]: signal in logmode 
Debug[09:40:17]: "INF(09:40:17.317):Mode is OK" 
Debug[09:40:17]: log_breakpoint 
Debug[09:40:17]: 5 
Debug[09:40:17]: signal in logmode 
Debug[09:40:17]: "INF(09:40:17.320):Attempt" 
Debug[09:40:17]: log_breakpoint 
Debug[09:40:17]: 5 
Debug[09:40:17]: signal in logmode 
Debug[09:40:17]: "INF(09:40:17.627):Attempt" 
Debug[09:40:17]: log_breakpoint 
Debug[09:40:17]: 5 
Debug[09:40:17]: signal in logmode 
Debug[09:40:17]: "INF(09:40:17.940):Attempt" 
Debug[09:40:17]: log_breakpoint 
Debug[09:40:17]: 5 
Debug[09:40:18]: signal in logmode 
Debug[09:40:18]: "INF(09:40:18.251):Mode is OK" 
Debug[09:40:18]: log_breakpoint 
Debug[09:40:18]: 5 
Debug[09:40:18]: signal in logmode 
Debug[09:40:18]: "INF(09:40:18.254):Attempt" 
Debug[09:40:18]: log_breakpoint 
Debug[09:40:18]: 5 
Debug[09:40:18]: signal in logmode 
Debug[09:40:18]: "INF(09:40:18.560):Attempt" 
Debug[09:40:18]: log_breakpoint 
Debug[09:40:18]: 5 
Debug[09:40:18]: signal in logmode 
Debug[09:40:18]: "INF(09:40:18.874):Attempt" 
Debug[09:40:18]: log_breakpoint 
Debug[09:40:18]: 5 
Debug[09:40:19]: signal in logmode 
Debug[09:40:19]: "INF(09:40:19.187):Mode is OK" 
Debug[09:40:19]: log_breakpoint 
Debug[09:40:19]: 5 
Debug[09:40:19]: signal in logmode 
Debug[09:40:19]: "INF(09:40:19.191):Attempt" 
Debug[09:40:19]: log_breakpoint 
Debug[09:40:19]: 5 
Debug[09:40:19]: signal in logmode 
Debug[09:40:19]: "INF(09:40:19.497):Attempt" 
Debug[09:40:19]: log_breakpoint 
Debug[09:40:19]: 5 
Debug[09:40:19]: signal in logmode 
Debug[09:40:19]: "INF(09:40:19.808):Attempt" 
Debug[09:40:19]: log_breakpoint 
Debug[09:40:19]: 5 
Debug[09:40:23]: signal in logmode 
Debug[09:40:23]: "INF(09:40:23.457):Mode is OK" 
Debug[09:40:23]: log_breakpoint 
Debug[09:40:23]: 5 
Debug[09:40:23]: signal in logmode 
Debug[09:40:23]: "INF(09:40:23.459):Attempt" 
Debug[09:40:23]: log_breakpoint 
Debug[09:40:23]: 5 
Debug[09:40:23]: signal in logmode 
Debug[09:40:23]: "INF(09:40:23.770):Attempt" 
Debug[09:40:23]: log_breakpoint 
Debug[09:40:23]: 5 
Debug[09:40:24]: signal in logmode 
Debug[09:40:24]: "INF(09:40:24.081):Attempt" 
Debug[09:40:24]: log_breakpoint 
Debug[09:40:24]: 5 
Debug[09:40:24]: signal in logmode 
Debug[09:40:24]: "INF(09:40:24.391):Mode is OK" 
Debug[09:40:24]: log_breakpoint 
Debug[09:40:24]: 5 
Debug[09:40:24]: signal in logmode 
Debug[09:40:24]: "INF(09:40:24.393):Attempt" 
Debug[09:40:24]: log_breakpoint 
Debug[09:40:24]: 5 
Debug[09:40:24]: signal in logmode 
Debug[09:40:24]: "INF(09:40:24.704):Attempt" 
Debug[09:40:24]: log_breakpoint 
Debug[09:40:24]: 5 
Debug[09:40:25]: signal in logmode 
Debug[09:40:25]: "INF(09:40:25.017):Attempt" 
Debug[09:40:25]: log_breakpoint 
Debug[09:40:25]: 5 
Debug[09:40:25]: signal in logmode 
Debug[09:40:25]: "INF(09:40:25.327):Mode is OK" 
Debug[09:40:25]: log_breakpoint 
Debug[09:40:25]: 5 
Debug[09:40:25]: signal in logmode 
Debug[09:40:25]: "INF(09:40:25.330):Attempt" 
Debug[09:40:25]: log_breakpoint 
Debug[09:40:25]: 5 
Debug[09:40:25]: signal in logmode 
Debug[09:40:25]: "INF(09:40:25.344):RDUM master connected" 
Debug[09:40:25]: log_breakpoint 
Debug[09:40:25]: 5 
Debug[09:40:25]: signal in logmode 
Debug[09:40:25]: "INF(09:40:25.346):Connected to \\.\COM110" 
Debug[09:40:25]: log_breakpoint 
Debug[09:40:25]: 5 
Warning[09:40:25]: Could not parse stylesheet of widget 0x3336e08
Debug[09:40:25]: "Resume:Logs" 
Debug[09:40:25]: "Resume:Settings" 
Debug[09:40:25]: "Resume:UartUartController" 
Debug[09:40:25]: "Resume:UartSpiController" 
Debug[09:40:25]: "Resume:UartSsiController" 
Debug[09:40:25]: "Resume:DSI3Master" 
Debug[09:40:25]: "Resume:ASICMaster" 
Debug[09:40:25]: "Resume:RDUMMaster" 
Debug[09:40:25]: "Resume:DSI3Slave" 
Debug[09:40:25]: "Resume:Measurement" 
Debug[09:40:25]: "Resume:CFARsim" 
Debug[09:41:08]: "Suspend:Settings" 
Debug[09:41:08]: "Suspend:UartUartController" 
Debug[09:41:08]: "Suspend:UartSpiController" 
Debug[09:41:08]: "Suspend:UartSsiController" 
Debug[09:41:08]: "Suspend:DSI3Master" 
Debug[09:41:08]: "Suspend:ASICMaster" 
Debug[09:41:08]: "Suspend:RDUMMaster" 
Debug[09:41:08]: "Suspend:DSI3Slave" 
Debug[09:41:08]: "Suspend:Measurement" 
Debug[09:41:08]: "Suspend:CFARsim" 
Debug[09:41:08]: signal in logmode 
Debug[09:41:08]: "INF(09:41:08.259):Disconnect by user" 
Debug[09:41:08]: log_breakpoint 
Debug[09:41:08]: 5 
Debug[09:41:08]: signal in logmode 
Debug[09:41:08]: "INF(09:41:08.432):Disconnect by user" 
Debug[09:41:08]: log_breakpoint 
Debug[09:41:08]: 5 
Warning[09:41:40]: QObject::connect: Cannot connect LocalServer::log(int,QString) to (null)::slot_addLog(int,QString)
Debug[09:41:40]: LocalServer:new "\\.\pipe\DSI3PAS" 
Debug[09:41:40]: Register specific 
Debug[09:41:40]: DynScaleCaclulate 
Debug[09:41:40]: "init 2 UartUartController" 
Debug[09:41:40]: Ok 
Debug[09:41:40]: "init 3 UartSpiController" 
Debug[09:41:40]: Ok 
Debug[09:41:40]: "init 4 UartSsiController" 
Debug[09:41:40]: Ok 
Debug[09:41:40]: "init 5 DSI3Master" 
Debug[09:41:40]: Ok 
Debug[09:41:40]: "init 6 ASICMaster" 
Debug[09:41:40]: Ok 
Debug[09:41:40]: "init 7 RDUMMaster" 
Debug[09:41:40]: Ok 
Debug[09:41:40]: "init 8 DSI3Slave" 
Debug[09:41:41]: Ok 
Debug[09:41:41]: "init 9 Measurement" 
Debug[09:41:42]: Ok 
Debug[09:41:42]: "init 10 CFARsim" 
Debug[09:41:42]: Ok 
Debug[09:41:42]: MainApp Starting... 
Debug[09:41:43]: Add applets to MainWindow...
 
Debug[09:41:43]: Initialize Connection... 
Debug[09:41:43]: signal in logmode 
Debug[09:41:43]: "INF(09:41:43.390):Mode is OK" 
Debug[09:41:43]: log_breakpoint 
Debug[09:41:43]: 5 
Debug[09:41:43]: signal in logmode 
Debug[09:41:43]: "INF(09:41:43.391):Attempt" 
Debug[09:41:43]: log_breakpoint 
Debug[09:41:43]: 5 
Debug[09:41:43]: signal in logmode 
Debug[09:41:43]: "INF(09:41:43.696):Attempt" 
Debug[09:41:43]: log_breakpoint 
Debug[09:41:43]: 5 
Debug[09:41:44]: signal in logmode 
Debug[09:41:44]: "INF(09:41:44.007):Attempt" 
Debug[09:41:44]: log_breakpoint 
Debug[09:41:44]: 5 
Debug[09:41:44]: signal in logmode 
Debug[09:41:44]: "INF(09:41:44.319):Mode is OK" 
Debug[09:41:44]: log_breakpoint 
Debug[09:41:44]: 5 
Debug[09:41:44]: signal in logmode 
Debug[09:41:44]: "INF(09:41:44.321):Attempt" 
Debug[09:41:44]: log_breakpoint 
Debug[09:41:44]: 5 
Debug[09:41:44]: signal in logmode 
Debug[09:41:44]: "INF(09:41:44.634):Attempt" 
Debug[09:41:44]: log_breakpoint 
Debug[09:41:44]: 5 
Debug[09:41:44]: signal in logmode 
Debug[09:41:44]: "INF(09:41:44.948):Attempt" 
Debug[09:41:44]: log_breakpoint 
Debug[09:41:44]: 5 
Debug[09:41:45]: signal in logmode 
Debug[09:41:45]: "INF(09:41:45.261):Mode is OK" 
Debug[09:41:45]: log_breakpoint 
Debug[09:41:45]: 5 
Debug[09:41:45]: signal in logmode 
Debug[09:41:45]: "INF(09:41:45.265):Attempt" 
Debug[09:41:45]: log_breakpoint 
Debug[09:41:45]: 5 
Debug[09:41:45]: signal in logmode 
Debug[09:41:45]: "INF(09:41:45.421):Mode is OK" 
Debug[09:41:45]: log_breakpoint 
Debug[09:41:45]: 5 
Debug[09:41:45]: signal in logmode 
Debug[09:41:45]: "INF(09:41:45.423):Attempt" 
Debug[09:41:45]: log_breakpoint 
Debug[09:41:45]: 5 
Debug[09:41:45]: signal in logmode 
Debug[09:41:45]: "INF(09:41:45.733):Attempt" 
Debug[09:41:45]: log_breakpoint 
Debug[09:41:45]: 5 
Debug[09:41:46]: signal in logmode 
Debug[09:41:46]: "INF(09:41:46.042):Attempt" 
Debug[09:41:46]: log_breakpoint 
Debug[09:41:46]: 5 
Debug[09:41:46]: signal in logmode 
Debug[09:41:46]: "INF(09:41:46.356):Mode is OK" 
Debug[09:41:46]: log_breakpoint 
Debug[09:41:46]: 5 
Debug[09:41:46]: signal in logmode 
Debug[09:41:46]: "INF(09:41:46.359):Attempt" 
Debug[09:41:46]: log_breakpoint 
Debug[09:41:46]: 5 
Debug[09:41:46]: signal in logmode 
Debug[09:41:46]: "INF(09:41:46.668):Attempt" 
Debug[09:41:46]: log_breakpoint 
Debug[09:41:46]: 5 
Debug[09:41:46]: signal in logmode 
Debug[09:41:46]: "INF(09:41:46.980):Attempt" 
Debug[09:41:46]: log_breakpoint 
Debug[09:41:46]: 5 
Debug[09:41:47]: signal in logmode 
Debug[09:41:47]: "INF(09:41:47.294):Mode is OK" 
Debug[09:41:47]: log_breakpoint 
Debug[09:41:47]: 5 
Debug[09:41:47]: signal in logmode 
Debug[09:41:47]: "INF(09:41:47.298):Attempt" 
Debug[09:41:47]: log_breakpoint 
Debug[09:41:47]: 5 
Debug[09:41:47]: signal in logmode 
Debug[09:41:47]: "INF(09:41:47.608):Attempt" 
Debug[09:41:47]: log_breakpoint 
Debug[09:41:47]: 5 
Debug[09:41:47]: signal in logmode 
Debug[09:41:47]: "INF(09:41:47.919):Attempt" 
Debug[09:41:47]: log_breakpoint 
Debug[09:41:47]: 5 
Debug[09:41:48]: signal in logmode 
Debug[09:41:48]: "INF(09:41:48.229):Mode is OK" 
Debug[09:41:48]: log_breakpoint 
Debug[09:41:48]: 5 
Debug[09:41:48]: signal in logmode 
Debug[09:41:48]: "INF(09:41:48.231):Attempt" 
Debug[09:41:48]: log_breakpoint 
Debug[09:41:48]: 5 
Debug[09:41:48]: signal in logmode 
Debug[09:41:48]: "INF(09:41:48.539):Attempt" 
Debug[09:41:48]: log_breakpoint 
Debug[09:41:48]: 5 
Debug[09:41:48]: signal in logmode 
Debug[09:41:48]: "INF(09:41:48.853):Attempt" 
Debug[09:41:48]: log_breakpoint 
Debug[09:41:48]: 5 
Debug[09:41:52]: signal in logmode 
Debug[09:41:52]: "INF(09:41:52.626):Mode is OK" 
Debug[09:41:52]: log_breakpoint 
Debug[09:41:52]: 5 
Debug[09:41:52]: signal in logmode 
Debug[09:41:52]: "INF(09:41:52.630):Attempt" 
Debug[09:41:52]: log_breakpoint 
Debug[09:41:52]: 5 
Debug[09:41:52]: signal in logmode 
Debug[09:41:52]: "INF(09:41:52.949):Attempt" 
Debug[09:41:52]: log_breakpoint 
Debug[09:41:52]: 5 
Debug[09:41:53]: signal in logmode 
Debug[09:41:53]: "INF(09:41:53.261):Attempt" 
Debug[09:41:53]: log_breakpoint 
Debug[09:41:53]: 5 
Debug[09:41:53]: signal in logmode 
Debug[09:41:53]: "INF(09:41:53.574):Mode is OK" 
Debug[09:41:53]: log_breakpoint 
Debug[09:41:53]: 5 
Debug[09:41:53]: signal in logmode 
Debug[09:41:53]: "INF(09:41:53.576):Attempt" 
Debug[09:41:53]: log_breakpoint 
Debug[09:41:53]: 5 
Debug[09:41:53]: signal in logmode 
Debug[09:41:53]: "INF(09:41:53.886):Attempt" 
Debug[09:41:53]: log_breakpoint 
Debug[09:41:53]: 5 
Debug[09:41:54]: signal in logmode 
Debug[09:41:54]: "INF(09:41:54.196):Attempt" 
Debug[09:41:54]: log_breakpoint 
Debug[09:41:54]: 5 
Debug[09:41:54]: signal in logmode 
Debug[09:41:54]: "INF(09:41:54.507):Mode is OK" 
Debug[09:41:54]: log_breakpoint 
Debug[09:41:54]: 5 
Debug[09:41:54]: signal in logmode 
Debug[09:41:54]: "INF(09:41:54.512):Attempt" 
Debug[09:41:54]: log_breakpoint 
Debug[09:41:54]: 5 
Debug[09:41:54]: signal in logmode 
Debug[09:41:54]: "INF(09:41:54.538):RDUM master connected" 
Debug[09:41:54]: log_breakpoint 
Debug[09:41:54]: 5 
Debug[09:41:54]: signal in logmode 
Debug[09:41:54]: "INF(09:41:54.540):Connected to \\.\COM110" 
Debug[09:41:54]: log_breakpoint 
Debug[09:41:54]: 5 
Warning[09:41:54]: Could not parse stylesheet of widget 0x36d6e08
Debug[09:41:54]: "Resume:Logs" 
Debug[09:41:54]: "Resume:Settings" 
Debug[09:41:54]: "Resume:UartUartController" 
Debug[09:41:54]: "Resume:UartSpiController" 
Debug[09:41:54]: "Resume:UartSsiController" 
Debug[09:41:54]: "Resume:DSI3Master" 
Debug[09:41:54]: "Resume:ASICMaster" 
Debug[09:41:54]: "Resume:RDUMMaster" 
Debug[09:41:54]: "Resume:DSI3Slave" 
Debug[09:41:54]: "Resume:Measurement" 
Debug[09:41:54]: "Resume:CFARsim" 
Debug[09:42:36]: "Suspend:Settings" 
Debug[09:42:36]: "Suspend:UartUartController" 
Debug[09:42:36]: "Suspend:UartSpiController" 
Debug[09:42:36]: "Suspend:UartSsiController" 
Debug[09:42:36]: "Suspend:DSI3Master" 
Debug[09:42:36]: "Suspend:ASICMaster" 
Debug[09:42:36]: "Suspend:RDUMMaster" 
Debug[09:42:36]: "Suspend:DSI3Slave" 
Debug[09:42:36]: "Suspend:Measurement" 
Debug[09:42:36]: "Suspend:CFARsim" 
Debug[09:42:36]: signal in logmode 
Debug[09:42:36]: "INF(09:42:36.773):Disconnect by user" 
Debug[09:42:36]: log_breakpoint 
Debug[09:42:36]: 5 
Debug[09:42:36]: signal in logmode 
Debug[09:42:36]: "INF(09:42:36.931):Disconnect by user" 
Debug[09:42:36]: log_breakpoint 
Debug[09:42:36]: 5 
Warning[09:43:35]: QObject::connect: Cannot connect LocalServer::log(int,QString) to (null)::slot_addLog(int,QString)
Debug[09:43:35]: LocalServer:new "\\.\pipe\DSI3PAS" 
Debug[09:43:35]: Register specific 
Debug[09:43:36]: DynScaleCaclulate 
Debug[09:43:36]: "init 2 UartUartController" 
Debug[09:43:36]: Ok 
Debug[09:43:36]: "init 3 UartSpiController" 
Debug[09:43:36]: Ok 
Debug[09:43:36]: "init 4 UartSsiController" 
Debug[09:43:36]: Ok 
Debug[09:43:36]: "init 5 DSI3Master" 
Debug[09:43:36]: Ok 
Debug[09:43:36]: "init 6 ASICMaster" 
Debug[09:43:36]: Ok 
Debug[09:43:36]: "init 7 RDUMMaster" 
Debug[09:43:36]: Ok 
Debug[09:43:36]: "init 8 DSI3Slave" 
Debug[09:43:37]: Ok 
Debug[09:43:37]: "init 9 Measurement" 
Debug[09:43:38]: Ok 
Debug[09:43:38]: "init 10 CFARsim" 
Debug[09:43:38]: Ok 
Debug[09:43:38]: MainApp Starting... 
Debug[09:43:38]: Add applets to MainWindow...
 
Debug[09:43:38]: Initialize Connection... 
Debug[09:43:39]: signal in logmode 
Debug[09:43:39]: "INF(09:43:39.277):Mode is OK" 
Debug[09:43:39]: log_breakpoint 
Debug[09:43:39]: 5 
Debug[09:43:39]: signal in logmode 
Debug[09:43:39]: "INF(09:43:39.285):Attempt" 
Debug[09:43:39]: log_breakpoint 
Debug[09:43:39]: 5 
Debug[09:43:39]: signal in logmode 
Debug[09:43:39]: "INF(09:43:39.596):Attempt" 
Debug[09:43:39]: log_breakpoint 
Debug[09:43:39]: 5 
Debug[09:43:39]: signal in logmode 
Debug[09:43:39]: "INF(09:43:39.906):Attempt" 
Debug[09:43:39]: log_breakpoint 
Debug[09:43:39]: 5 
Debug[09:43:40]: signal in logmode 
Debug[09:43:40]: "INF(09:43:40.218):Mode is OK" 
Debug[09:43:40]: log_breakpoint 
Debug[09:43:40]: 5 
Debug[09:43:40]: signal in logmode 
Debug[09:43:40]: "INF(09:43:40.220):Attempt" 
Debug[09:43:40]: log_breakpoint 
Debug[09:43:40]: 5 
Debug[09:43:40]: signal in logmode 
Debug[09:43:40]: "INF(09:43:40.529):Attempt" 
Debug[09:43:40]: log_breakpoint 
Debug[09:43:40]: 5 
Debug[09:43:40]: signal in logmode 
Debug[09:43:40]: "INF(09:43:40.841):Attempt" 
Debug[09:43:40]: log_breakpoint 
Debug[09:43:40]: 5 
Debug[09:43:41]: signal in logmode 
Debug[09:43:41]: "INF(09:43:41.151):Mode is OK" 
Debug[09:43:41]: log_breakpoint 
Debug[09:43:41]: 5 
Debug[09:43:41]: signal in logmode 
Debug[09:43:41]: "INF(09:43:41.156):Attempt" 
Debug[09:43:41]: log_breakpoint 
Debug[09:43:41]: 5 
Debug[09:43:41]: signal in logmode 
Debug[09:43:41]: "INF(09:43:41.309):Mode is OK" 
Debug[09:43:41]: log_breakpoint 
Debug[09:43:41]: 5 
Debug[09:43:41]: signal in logmode 
Debug[09:43:41]: "INF(09:43:41.313):Attempt" 
Debug[09:43:41]: log_breakpoint 
Debug[09:43:41]: 5 
Debug[09:43:41]: signal in logmode 
Debug[09:43:41]: "INF(09:43:41.635):Attempt" 
Debug[09:43:41]: log_breakpoint 
Debug[09:43:41]: 5 
Debug[09:43:41]: signal in logmode 
Debug[09:43:41]: "INF(09:43:41.946):Attempt" 
Debug[09:43:41]: log_breakpoint 
Debug[09:43:41]: 5 
Debug[09:43:42]: signal in logmode 
Debug[09:43:42]: "INF(09:43:42.258):Mode is OK" 
Debug[09:43:42]: log_breakpoint 
Debug[09:43:42]: 5 
Debug[09:43:42]: signal in logmode 
Debug[09:43:42]: "INF(09:43:42.261):Attempt" 
Debug[09:43:42]: log_breakpoint 
Debug[09:43:42]: 5 
Debug[09:43:42]: signal in logmode 
Debug[09:43:42]: "INF(09:43:42.570):Attempt" 
Debug[09:43:42]: log_breakpoint 
Debug[09:43:42]: 5 
Debug[09:43:42]: signal in logmode 
Debug[09:43:42]: "INF(09:43:42.883):Attempt" 
Debug[09:43:42]: log_breakpoint 
Debug[09:43:42]: 5 
Debug[09:43:43]: signal in logmode 
Debug[09:43:43]: "INF(09:43:43.194):Mode is OK" 
Debug[09:43:43]: log_breakpoint 
Debug[09:43:43]: 5 
Debug[09:43:43]: signal in logmode 
Debug[09:43:43]: "INF(09:43:43.197):Attempt" 
Debug[09:43:43]: log_breakpoint 
Debug[09:43:43]: 5 
Debug[09:43:43]: signal in logmode 
Debug[09:43:43]: "INF(09:43:43.505):Attempt" 
Debug[09:43:43]: log_breakpoint 
Debug[09:43:43]: 5 
Debug[09:43:43]: signal in logmode 
Debug[09:43:43]: "INF(09:43:43.815):Attempt" 
Debug[09:43:43]: log_breakpoint 
Debug[09:43:43]: 5 
Debug[09:43:44]: signal in logmode 
Debug[09:43:44]: "INF(09:43:44.130):Mode is OK" 
Debug[09:43:44]: log_breakpoint 
Debug[09:43:44]: 5 
Debug[09:43:44]: signal in logmode 
Debug[09:43:44]: "INF(09:43:44.134):Attempt" 
Debug[09:43:44]: log_breakpoint 
Debug[09:43:44]: 5 
Debug[09:43:44]: signal in logmode 
Debug[09:43:44]: "INF(09:43:44.443):Attempt" 
Debug[09:43:44]: log_breakpoint 
Debug[09:43:44]: 5 
Debug[09:43:44]: signal in logmode 
Debug[09:43:44]: "INF(09:43:44.751):Attempt" 
Debug[09:43:44]: log_breakpoint 
Debug[09:43:44]: 5 
Debug[09:43:48]: signal in logmode 
Debug[09:43:48]: "INF(09:43:48.312):Mode is OK" 
Debug[09:43:48]: log_breakpoint 
Debug[09:43:48]: 5 
Debug[09:43:48]: signal in logmode 
Debug[09:43:48]: "INF(09:43:48.315):Attempt" 
Debug[09:43:48]: log_breakpoint 
Debug[09:43:48]: 5 
Debug[09:43:48]: signal in logmode 
Debug[09:43:48]: "INF(09:43:48.624):Attempt" 
Debug[09:43:48]: log_breakpoint 
Debug[09:43:48]: 5 
Debug[09:43:48]: signal in logmode 
Debug[09:43:48]: "INF(09:43:48.937):Attempt" 
Debug[09:43:48]: log_breakpoint 
Debug[09:43:48]: 5 
Debug[09:43:49]: signal in logmode 
Debug[09:43:49]: "INF(09:43:49.249):Mode is OK" 
Debug[09:43:49]: log_breakpoint 
Debug[09:43:49]: 5 
Debug[09:43:49]: signal in logmode 
Debug[09:43:49]: "INF(09:43:49.251):Attempt" 
Debug[09:43:49]: log_breakpoint 
Debug[09:43:49]: 5 
Debug[09:43:49]: signal in logmode 
Debug[09:43:49]: "INF(09:43:49.560):Attempt" 
Debug[09:43:49]: log_breakpoint 
Debug[09:43:49]: 5 
Debug[09:43:49]: signal in logmode 
Debug[09:43:49]: "INF(09:43:49.874):Attempt" 
Debug[09:43:49]: log_breakpoint 
Debug[09:43:49]: 5 
Debug[09:43:50]: signal in logmode 
Debug[09:43:50]: "INF(09:43:50.184):Mode is OK" 
Debug[09:43:50]: log_breakpoint 
Debug[09:43:50]: 5 
Debug[09:43:50]: signal in logmode 
Debug[09:43:50]: "INF(09:43:50.188):Attempt" 
Debug[09:43:50]: log_breakpoint 
Debug[09:43:50]: 5 
Debug[09:43:50]: signal in logmode 
Debug[09:43:50]: "INF(09:43:50.196):RDUM master connected" 
Debug[09:43:50]: log_breakpoint 
Debug[09:43:50]: 5 
Debug[09:43:50]: signal in logmode 
Debug[09:43:50]: "INF(09:43:50.198):Connected to \\.\COM110" 
Debug[09:43:50]: log_breakpoint 
Debug[09:43:50]: 5 
Warning[09:43:50]: Could not parse stylesheet of widget 0x2b076a8
Debug[09:43:50]: "Resume:Logs" 
Debug[09:43:50]: "Resume:Settings" 
Debug[09:43:50]: "Resume:UartUartController" 
Debug[09:43:50]: "Resume:UartSpiController" 
Debug[09:43:50]: "Resume:UartSsiController" 
Debug[09:43:50]: "Resume:DSI3Master" 
Debug[09:43:50]: "Resume:ASICMaster" 
Debug[09:43:50]: "Resume:RDUMMaster" 
Debug[09:43:50]: "Resume:DSI3Slave" 
Debug[09:43:50]: "Resume:Measurement" 
Debug[09:43:50]: "Resume:CFARsim" 
Debug[09:44:30]: "Suspend:Settings" 
Debug[09:44:30]: "Suspend:UartUartController" 
Debug[09:44:30]: "Suspend:UartSpiController" 
Debug[09:44:30]: "Suspend:UartSsiController" 
Debug[09:44:30]: "Suspend:DSI3Master" 
Debug[09:44:30]: "Suspend:ASICMaster" 
Debug[09:44:30]: "Suspend:RDUMMaster" 
Debug[09:44:30]: "Suspend:DSI3Slave" 
Debug[09:44:30]: "Suspend:Measurement" 
Debug[09:44:30]: "Suspend:CFARsim" 
Debug[09:44:30]: signal in logmode 
Debug[09:44:30]: "INF(09:44:30.284):Disconnect by user" 
Debug[09:44:30]: log_breakpoint 
Debug[09:44:30]: 5 
Debug[09:44:30]: signal in logmode 
Debug[09:44:30]: "INF(09:44:30.438):Disconnect by user" 
Debug[09:44:30]: log_breakpoint 
Debug[09:44:30]: 5 
Warning[14:01:26]: QObject::connect: Cannot connect LocalServer::log(int,QString) to (null)::slot_addLog(int,QString)
Debug[14:01:26]: LocalServer:new "\\.\pipe\DSI3PAS" 
Debug[14:01:26]: Register specific 
Debug[14:01:26]: DynScaleCaclulate 
Debug[14:01:26]: "init 2 UartUartController" 
Debug[14:01:26]: Ok 
Debug[14:01:26]: "init 3 UartSpiController" 
Debug[14:01:26]: Ok 
Debug[14:01:26]: "init 4 UartSsiController" 
Debug[14:01:26]: Ok 
Debug[14:01:26]: "init 5 DSI3Master" 
Debug[14:01:26]: Ok 
Debug[14:01:26]: "init 6 ASICMaster" 
Debug[14:01:26]: Ok 
Debug[14:01:26]: "init 7 RDUMMaster" 
Debug[14:01:26]: Ok 
Debug[14:01:26]: "init 8 DSI3Slave" 
Debug[14:01:27]: Ok 
Debug[14:01:27]: "init 9 Measurement" 
Debug[14:01:28]: Ok 
Debug[14:01:28]: "init 10 CFARsim" 
Debug[14:01:28]: Ok 
Debug[14:01:28]: MainApp Starting... 
Debug[14:01:29]: Add applets to MainWindow...
 
Debug[14:01:29]: Initialize Connection... 
Debug[14:01:31]: signal in logmode 
Debug[14:01:31]: "INF(14:01:31.912):Connected to no_board" 
Debug[14:01:31]: log_breakpoint 
Debug[14:01:31]: 5 
Warning[14:01:31]: Could not parse stylesheet of widget 0x30472e8
Debug[14:01:31]: "Resume:Logs" 
Debug[14:01:31]: "Resume:Settings" 
Debug[14:01:31]: "Resume:UartUartController" 
Debug[14:01:31]: "Resume:UartSpiController" 
Debug[14:01:31]: "Resume:UartSsiController" 
Debug[14:01:31]: "Resume:DSI3Master" 
Debug[14:01:31]: "Resume:ASICMaster" 
Debug[14:01:31]: "Resume:RDUMMaster" 
Debug[14:01:31]: "Resume:DSI3Slave" 
Debug[14:01:31]: "Resume:Measurement" 
Debug[14:01:31]: "Resume:CFARsim" 
Debug[14:02:11]: "Suspend:Settings" 
Debug[14:02:11]: "Suspend:UartUartController" 
Debug[14:02:11]: "Suspend:UartSpiController" 
Debug[14:02:11]: "Suspend:UartSsiController" 
Debug[14:02:11]: "Suspend:DSI3Master" 
Debug[14:02:11]: "Suspend:ASICMaster" 
Debug[14:02:11]: "Suspend:RDUMMaster" 
Debug[14:02:11]: "Suspend:DSI3Slave" 
Debug[14:02:11]: "Suspend:Measurement" 
Debug[14:02:11]: "Suspend:CFARsim" 
Debug[14:02:11]: signal in logmode 
Debug[14:02:11]: "INF(14:02:11.057):Disconnect by user" 
Debug[14:02:11]: log_breakpoint 
Debug[14:02:11]: 5 
Debug[14:02:11]: signal in logmode 
Debug[14:02:11]: "INF(14:02:11.088):Disconnect by user" 
Debug[14:02:11]: log_breakpoint 
Debug[14:02:11]: 5 
Warning[14:02:13]: QObject::connect: Cannot connect LocalServer::log(int,QString) to (null)::slot_addLog(int,QString)
Debug[14:02:13]: LocalServer:new "\\.\pipe\DSI3PAS" 
Debug[14:02:13]: Register specific 
Debug[14:02:13]: DynScaleCaclulate 
Debug[14:02:13]: "init 2 UartUartController" 
Debug[14:02:13]: Ok 
Debug[14:02:13]: "init 3 UartSpiController" 
Debug[14:02:13]: Ok 
Debug[14:02:13]: "init 4 UartSsiController" 
Debug[14:02:13]: Ok 
Debug[14:02:13]: "init 5 DSI3Master" 
Debug[14:02:13]: Ok 
Debug[14:02:13]: "init 6 ASICMaster" 
Debug[14:02:13]: Ok 
Debug[14:02:13]: "init 7 RDUMMaster" 
Debug[14:02:13]: Ok 
Debug[14:02:13]: "init 8 DSI3Slave" 
Debug[14:02:14]: Ok 
Debug[14:02:14]: "init 9 Measurement" 
Debug[14:02:15]: Ok 
Debug[14:02:15]: "init 10 CFARsim" 
Debug[14:02:15]: Ok 
Debug[14:02:15]: MainApp Starting... 
Debug[14:02:16]: Add applets to MainWindow...
 
Debug[14:02:16]: Initialize Connection... 
Debug[14:02:19]: signal in logmode 
Debug[14:02:19]: "INF(14:02:19.735):Connected to no_board" 
Debug[14:02:19]: log_breakpoint 
Debug[14:02:19]: 5 
Warning[14:02:19]: Could not parse stylesheet of widget 0x2da70e8
Debug[14:02:19]: "Resume:Logs" 
Debug[14:02:19]: "Resume:Settings" 
Debug[14:02:19]: "Resume:UartUartController" 
Debug[14:02:19]: "Resume:UartSpiController" 
Debug[14:02:19]: "Resume:UartSsiController" 
Debug[14:02:19]: "Resume:DSI3Master" 
Debug[14:02:19]: "Resume:ASICMaster" 
Debug[14:02:19]: "Resume:RDUMMaster" 
Debug[14:02:19]: "Resume:DSI3Slave" 
Debug[14:02:19]: "Resume:Measurement" 
Debug[14:02:19]: "Resume:CFARsim" 
Debug[14:02:42]: "Suspend:Settings" 
Debug[14:02:42]: "Suspend:UartUartController" 
Debug[14:02:42]: "Suspend:UartSpiController" 
Debug[14:02:42]: "Suspend:UartSsiController" 
Debug[14:02:42]: "Suspend:DSI3Master" 
Debug[14:02:42]: "Suspend:ASICMaster" 
Debug[14:02:42]: "Suspend:RDUMMaster" 
Debug[14:02:42]: "Suspend:DSI3Slave" 
Debug[14:02:42]: "Suspend:Measurement" 
Debug[14:02:42]: "Suspend:CFARsim" 
Debug[14:02:42]: signal in logmode 
Debug[14:02:42]: "INF(14:02:42.384):Disconnect by user" 
Debug[14:02:42]: log_breakpoint 
Debug[14:02:42]: 5 
Debug[14:02:42]: signal in logmode 
Debug[14:02:42]: "INF(14:02:42.412):Disconnect by user" 
Debug[14:02:42]: log_breakpoint 
Debug[14:02:42]: 5 
Warning[14:04:45]: QObject::connect: Cannot connect LocalServer::log(int,QString) to (null)::slot_addLog(int,QString)
Debug[14:04:45]: LocalServer:new "\\.\pipe\DSI3PASd" 
Debug[14:04:45]: Register specific 
Debug[14:04:47]: DynScaleCaclulate 
Debug[14:04:47]: "init 2 UartUartController" 
Debug[14:04:47]: Ok 
Debug[14:04:47]: "init 3 UartSpiController" 
Debug[14:04:47]: Ok 
Debug[14:04:47]: "init 4 UartSsiController" 
Debug[14:04:47]: Ok 
Debug[14:04:47]: "init 5 DSI3Master" 
Debug[14:04:47]: Ok 
Debug[14:04:47]: "init 6 ASICMaster" 
Debug[14:04:47]: Ok 
Debug[14:04:47]: "init 7 RDUMMaster" 
Debug[14:04:47]: Ok 
Debug[14:04:47]: "init 8 DSI3Slave" 
Debug[14:04:49]: Ok 
Debug[14:04:49]: "init 9 Measurement" 
Debug[14:04:51]: Ok 
Debug[14:04:51]: "init 10 CFARsim" 
Debug[14:04:51]: Ok 
Debug[14:04:51]: Using SERPORT
Debug[14:04:51]: MainApp Starting... 
Debug[14:04:53]: Add applets to MainWindow...
 
Debug[14:04:53]: Initialize Connection... 
Debug[14:05:21]: signal in logmode 
Debug[14:05:21]: "INF(14:05:21.822):Connected to no_board" 
Debug[14:05:21]: log_breakpoint 
Debug[14:05:21]: 5 
Warning[14:05:21]: Could not parse stylesheet of widget 0x44fa200
Debug[14:05:21]: "Resume:Logs" 
Debug[14:05:21]: "Resume:Settings" 
Debug[14:05:21]: "Resume:UartUartController" 
Debug[14:05:21]: "Resume:UartSpiController" 
Debug[14:05:21]: "Resume:UartSsiController" 
Debug[14:05:21]: "Resume:DSI3Master" 
Debug[14:05:21]: "Resume:ASICMaster" 
Debug[14:05:21]: "Resume:RDUMMaster" 
Debug[14:05:21]: "Resume:DSI3Slave" 
Debug[14:05:21]: "Resume:Measurement" 
Debug[14:05:21]: "Resume:CFARsim" 
Debug[14:06:26]: "Suspend:Settings" 
Debug[14:06:26]: "Suspend:UartUartController" 
Debug[14:06:26]: "Suspend:UartSpiController" 
Debug[14:06:26]: "Suspend:UartSsiController" 
Debug[14:06:26]: "Suspend:DSI3Master" 
Debug[14:06:26]: "Suspend:ASICMaster" 
Debug[14:06:26]: "Suspend:RDUMMaster" 
Debug[14:06:26]: "Suspend:DSI3Slave" 
Debug[14:06:26]: "Suspend:Measurement" 
Debug[14:06:26]: "Suspend:CFARsim" 
Debug[14:06:26]: signal in logmode 
Debug[14:06:26]: "INF(14:06:26.675):Disconnect by user" 
Debug[14:06:26]: log_breakpoint 
Debug[14:06:26]: 5 
Debug[14:06:26]: signal in logmode 
Debug[14:06:26]: "INF(14:06:26.703):Disconnect by user" 
Debug[14:06:26]: log_breakpoint 
Debug[14:06:26]: 5 
Warning[14:08:05]: QObject::connect: Cannot connect LocalServer::log(int,QString) to (null)::slot_addLog(int,QString)
Debug[14:08:05]: LocalServer:new "\\.\pipe\DSI3PASd" 
Debug[14:08:05]: Register specific 
Debug[14:08:06]: DynScaleCaclulate 
Debug[14:08:07]: "init 2 UartUartController" 
Debug[14:08:07]: Ok 
Debug[14:08:07]: "init 3 UartSpiController" 
Debug[14:08:07]: Ok 
Debug[14:08:07]: "init 4 UartSsiController" 
Debug[14:08:07]: Ok 
Debug[14:08:07]: "init 5 DSI3Master" 
Debug[14:08:07]: Ok 
Debug[14:08:07]: "init 6 ASICMaster" 
Debug[14:08:07]: Ok 
Debug[14:08:07]: "init 7 RDUMMaster" 
Debug[14:08:07]: Ok 
Debug[14:08:07]: "init 8 DSI3Slave" 
Debug[14:08:09]: Ok 
Debug[14:08:09]: "init 9 Measurement" 
Debug[14:08:10]: Ok 
Debug[14:08:10]: "init 10 CFARsim" 
Debug[14:08:10]: Ok 
Debug[14:08:10]: Using SERPORT
Debug[14:08:10]: MainApp Starting... 
Debug[14:08:12]: Add applets to MainWindow...
 
Debug[14:08:12]: Initialize Connection... 
Debug[14:08:17]: signal in logmode 
Debug[14:08:17]: "INF(14:08:17.775):Connected to no_board" 
Debug[14:08:17]: log_breakpoint 
Debug[14:08:17]: 5 
Warning[14:08:17]: Could not parse stylesheet of widget 0x4f9ae08
Debug[14:08:17]: "Resume:Logs" 
Debug[14:08:17]: "Resume:Settings" 
Debug[14:08:17]: "Resume:UartUartController" 
Debug[14:08:17]: "Resume:UartSpiController" 
Debug[14:08:17]: "Resume:UartSsiController" 
Debug[14:08:17]: "Resume:DSI3Master" 
Debug[14:08:17]: "Resume:ASICMaster" 
Debug[14:08:17]: "Resume:RDUMMaster" 
Debug[14:08:17]: "Resume:DSI3Slave" 
Debug[14:08:17]: "Resume:Measurement" 
Debug[14:08:17]: "Resume:CFARsim" 
Debug[14:08:41]: "Suspend:Settings" 
Debug[14:08:41]: "Suspend:UartUartController" 
Debug[14:08:41]: "Suspend:UartSpiController" 
Debug[14:08:41]: "Suspend:UartSsiController" 
Debug[14:08:41]: "Suspend:DSI3Master" 
Debug[14:08:41]: "Suspend:ASICMaster" 
Debug[14:08:41]: "Suspend:RDUMMaster" 
Debug[14:08:41]: "Suspend:DSI3Slave" 
Debug[14:08:41]: "Suspend:Measurement" 
Debug[14:08:41]: "Suspend:CFARsim" 
Debug[14:08:41]: signal in logmode 
Debug[14:08:41]: "INF(14:08:41.879):Disconnect by user" 
Debug[14:08:41]: log_breakpoint 
Debug[14:08:41]: 5 
Debug[14:08:41]: signal in logmode 
Debug[14:08:41]: "INF(14:08:41.900):Disconnect by user" 
Debug[14:08:41]: log_breakpoint 
Debug[14:08:41]: 5 
Warning[14:09:55]: QObject::connect: Cannot connect LocalServer::log(int,QString) to (null)::slot_addLog(int,QString)
Debug[14:09:55]: LocalServer:new "\\.\pipe\DSI3PASd" 
Debug[14:09:55]: Register specific 
Debug[14:09:56]: DynScaleCaclulate 
Debug[14:09:57]: "init 2 UartUartController" 
Debug[14:09:57]: Ok 
Debug[14:09:57]: "init 3 UartSpiController" 
Debug[14:09:57]: Ok 
Debug[14:09:57]: "init 4 UartSsiController" 
Debug[14:09:57]: Ok 
Debug[14:09:57]: "init 5 DSI3Master" 
Debug[14:09:57]: Ok 
Debug[14:09:57]: "init 6 ASICMaster" 
Debug[14:09:57]: Ok 
Debug[14:09:57]: "init 7 RDUMMaster" 
Debug[14:09:57]: Ok 
Debug[14:09:57]: "init 8 DSI3Slave" 
Debug[14:09:59]: Ok 
Debug[14:09:59]: "init 9 Measurement" 
Debug[14:10:00]: Ok 
Debug[14:10:00]: "init 10 CFARsim" 
Debug[14:10:00]: Ok 
Debug[14:10:00]: Using SERPORT
Debug[14:10:00]: MainApp Starting... 
Debug[14:10:03]: Add applets to MainWindow...
 
Debug[14:10:03]: Initialize Connection... 
Debug[14:10:15]: signal in logmode 
Debug[14:10:15]: "INF(14:10:15.733):Connected to no_board" 
Debug[14:10:15]: log_breakpoint 
Debug[14:10:15]: 5 
Warning[14:10:15]: Could not parse stylesheet of widget 0x4c294f0
Debug[14:10:15]: "Resume:Logs" 
Debug[14:10:15]: "Resume:Settings" 
Debug[14:10:15]: "Resume:UartUartController" 
Debug[14:10:15]: "Resume:UartSpiController" 
Debug[14:10:15]: "Resume:UartSsiController" 
Debug[14:10:15]: "Resume:DSI3Master" 
Debug[14:10:15]: "Resume:ASICMaster" 
Debug[14:10:15]: "Resume:RDUMMaster" 
Debug[14:10:15]: "Resume:DSI3Slave" 
Debug[14:10:15]: "Resume:Measurement" 
Debug[14:10:15]: "Resume:CFARsim" 
Debug[14:12:26]: "Suspend:Settings" 
Debug[14:12:26]: "Suspend:UartUartController" 
Debug[14:12:26]: "Suspend:UartSpiController" 
Debug[14:12:26]: "Suspend:UartSsiController" 
Debug[14:12:26]: "Suspend:DSI3Master" 
Debug[14:12:26]: "Suspend:ASICMaster" 
Debug[14:12:26]: "Suspend:RDUMMaster" 
Debug[14:12:26]: "Suspend:DSI3Slave" 
Debug[14:12:26]: "Suspend:Measurement" 
Debug[14:12:26]: "Suspend:CFARsim" 
Debug[14:12:26]: signal in logmode 
Debug[14:12:27]: "INF(14:12:27.000):Disconnect by user" 
Debug[14:12:27]: log_breakpoint 
Debug[14:12:27]: 5 
Debug[14:12:27]: signal in logmode 
Debug[14:12:27]: "INF(14:12:27.031):Disconnect by user" 
Debug[14:12:27]: log_breakpoint 
Debug[14:12:27]: 5 
Warning[14:47:00]: QObject::connect: Cannot connect LocalServer::log(int,QString) to (null)::slot_addLog(int,QString)
Debug[14:47:00]: LocalServer:new "\\.\pipe\DSI3PASd" 
Debug[14:47:00]: Register specific 
Debug[14:47:01]: DynScaleCaclulate 
Debug[14:47:02]: "init 2 UartUartController" 
Debug[14:47:02]: Ok 
Debug[14:47:02]: "init 3 UartSpiController" 
Debug[14:47:02]: Ok 
Debug[14:47:02]: "init 4 UartSsiController" 
Debug[14:47:02]: Ok 
Debug[14:47:02]: "init 5 DSI3Master" 
Debug[14:47:02]: Ok 
Debug[14:47:02]: "init 6 ASICMaster" 
Debug[14:47:02]: Ok 
Debug[14:47:02]: "init 7 RDUMMaster" 
Debug[14:47:02]: Ok 
Debug[14:47:02]: "init 8 DSI3Slave" 
Debug[14:47:05]: Ok 
Debug[14:47:05]: "init 9 Measurement" 
Debug[14:47:06]: Ok 
Debug[14:47:06]: "init 10 CFARsim" 
Debug[14:47:06]: Ok 
Debug[14:47:06]: Using SERPORT
Debug[14:47:06]: MainApp Starting... 
Debug[14:47:08]: Add applets to MainWindow...
 
Debug[14:47:08]: Initialize Connection... 
Debug[14:47:11]: signal in logmode 
Debug[14:47:11]: "INF(14:47:11.724):Connected to no_board" 
Debug[14:47:11]: log_breakpoint 
Debug[14:47:11]: 5 
Warning[14:47:11]: Could not parse stylesheet of widget 0x44397c8
Debug[14:47:11]: "Resume:Logs" 
Debug[14:47:11]: "Resume:Settings" 
Debug[14:47:11]: "Resume:UartUartController" 
Debug[14:47:11]: "Resume:UartSpiController" 
Debug[14:47:11]: "Resume:UartSsiController" 
Debug[14:47:11]: "Resume:DSI3Master" 
Debug[14:47:11]: "Resume:ASICMaster" 
Debug[14:47:11]: "Resume:RDUMMaster" 
Debug[14:47:11]: "Resume:DSI3Slave" 
Debug[14:47:11]: "Resume:Measurement" 
Debug[14:47:11]: "Resume:CFARsim" 
Debug[14:50:32]: "Suspend:Settings" 
Debug[14:50:32]: "Suspend:UartUartController" 
Debug[14:50:32]: "Suspend:UartSpiController" 
Debug[14:50:32]: "Suspend:UartSsiController" 
Debug[14:50:32]: "Suspend:DSI3Master" 
Debug[14:50:32]: "Suspend:ASICMaster" 
Debug[14:50:32]: "Suspend:RDUMMaster" 
Debug[14:50:32]: "Suspend:DSI3Slave" 
Debug[14:50:32]: "Suspend:Measurement" 
Debug[14:50:32]: "Suspend:CFARsim" 
Debug[14:50:32]: signal in logmode 
Debug[14:50:32]: "INF(14:50:32.124):Disconnect by user" 
Debug[14:50:32]: log_breakpoint 
Debug[14:50:32]: 5 
Debug[14:50:32]: signal in logmode 
Debug[14:50:32]: "INF(14:50:32.136):Disconnect by user" 
Debug[14:50:32]: log_breakpoint 
Debug[14:50:32]: 5 
Warning[14:50:46]: QObject::connect: Cannot connect LocalServer::log(int,QString) to (null)::slot_addLog(int,QString)
Debug[14:50:46]: LocalServer:new "\\.\pipe\DSI3PASd" 
Debug[14:50:46]: Register specific 
Debug[14:50:47]: DynScaleCaclulate 
Debug[14:50:47]: "init 2 UartUartController" 
Debug[14:50:47]: Ok 
Debug[14:50:47]: "init 3 UartSpiController" 
Debug[14:50:47]: Ok 
Debug[14:50:47]: "init 4 UartSsiController" 
Debug[14:50:47]: Ok 
Debug[14:50:47]: "init 5 DSI3Master" 
Debug[14:50:47]: Ok 
Debug[14:50:47]: "init 6 ASICMaster" 
Debug[14:50:47]: Ok 
Debug[14:50:47]: "init 7 RDUMMaster" 
Debug[14:50:47]: Ok 
Debug[14:50:47]: "init 8 DSI3Slave" 
Debug[14:50:49]: Ok 
Debug[14:50:49]: "init 9 Measurement" 
Debug[14:50:51]: Ok 
Debug[14:50:51]: "init 10 CFARsim" 
Debug[14:50:51]: Ok 
Debug[14:50:51]: Using SERPORT
Debug[14:50:51]: MainApp Starting... 
Debug[14:50:53]: Add applets to MainWindow...
 
Debug[14:50:53]: Initialize Connection... 
Debug[14:50:57]: signal in logmode 
Debug[14:50:57]: "INF(14:50:57.553):Connected to no_board" 
Debug[14:50:57]: log_breakpoint 
Debug[14:50:57]: 5 
Warning[14:50:57]: Could not parse stylesheet of widget 0x46c99c8
Debug[14:50:57]: "Resume:Logs" 
Debug[14:50:57]: "Resume:Settings" 
Debug[14:50:57]: "Resume:UartUartController" 
Debug[14:50:57]: "Resume:UartSpiController" 
Debug[14:50:57]: "Resume:UartSsiController" 
Debug[14:50:57]: "Resume:DSI3Master" 
Debug[14:50:57]: "Resume:ASICMaster" 
Debug[14:50:57]: "Resume:RDUMMaster" 
Debug[14:50:57]: "Resume:DSI3Slave" 
Debug[14:50:57]: "Resume:Measurement" 
Debug[14:50:57]: "Resume:CFARsim" 
Debug[14:51:12]: "Suspend:Settings" 
Debug[14:51:12]: "Suspend:UartUartController" 
Debug[14:51:12]: "Suspend:UartSpiController" 
Debug[14:51:12]: "Suspend:UartSsiController" 
Debug[14:51:12]: "Suspend:DSI3Master" 
Debug[14:51:12]: "Suspend:ASICMaster" 
Debug[14:51:12]: "Suspend:RDUMMaster" 
Debug[14:51:12]: "Suspend:DSI3Slave" 
Debug[14:51:12]: "Suspend:Measurement" 
Debug[14:51:12]: "Suspend:CFARsim" 
Debug[14:51:12]: signal in logmode 
Debug[14:51:12]: "INF(14:51:12.337):Disconnect by user" 
Debug[14:51:12]: log_breakpoint 
Debug[14:51:12]: 5 
Debug[14:51:12]: signal in logmode 
Debug[14:51:12]: "INF(14:51:12.356):Disconnect by user" 
Debug[14:51:12]: log_breakpoint 
Debug[14:51:12]: 5 
Warning[14:51:29]: QObject::connect: Cannot connect LocalServer::log(int,QString) to (null)::slot_addLog(int,QString)
Debug[14:51:29]: LocalServer:new "\\.\pipe\DSI3PASd" 
Debug[14:51:29]: Register specific 
Debug[14:51:31]: DynScaleCaclulate 
Debug[14:51:31]: "init 2 UartUartController" 
Debug[14:51:31]: Ok 
Debug[14:51:31]: "init 3 UartSpiController" 
Debug[14:51:31]: Ok 
Debug[14:51:31]: "init 4 UartSsiController" 
Debug[14:51:31]: Ok 
Debug[14:51:31]: "init 5 DSI3Master" 
Debug[14:51:31]: Ok 
Debug[14:51:31]: "init 6 ASICMaster" 
Debug[14:51:31]: Ok 
Debug[14:51:31]: "init 7 RDUMMaster" 
Debug[14:51:32]: Ok 
Debug[14:51:32]: "init 8 DSI3Slave" 
Debug[14:51:34]: Ok 
Debug[14:51:34]: "init 9 Measurement" 
Debug[14:51:36]: Ok 
Debug[14:51:36]: "init 10 CFARsim" 
Debug[14:51:36]: Ok 
Debug[14:51:36]: Using SERPORT
Debug[14:51:36]: MainApp Starting... 
Debug[14:51:39]: Add applets to MainWindow...
 
Debug[14:51:39]: Initialize Connection... 
Debug[14:51:43]: signal in logmode 
Debug[14:51:43]: "INF(14:51:43.223):Connected to no_board" 
Debug[14:51:43]: log_breakpoint 
Debug[14:51:43]: 5 
Warning[14:51:43]: Could not parse stylesheet of widget 0x45e61d0
Debug[14:51:43]: "Resume:Logs" 
Debug[14:51:43]: "Resume:Settings" 
Debug[14:51:43]: "Resume:UartUartController" 
Debug[14:51:43]: "Resume:UartSpiController" 
Debug[14:51:43]: "Resume:UartSsiController" 
Debug[14:51:43]: "Resume:DSI3Master" 
Debug[14:51:43]: "Resume:ASICMaster" 
Debug[14:51:43]: "Resume:RDUMMaster" 
Debug[14:51:43]: "Resume:DSI3Slave" 
Debug[14:51:43]: "Resume:Measurement" 
Debug[14:51:43]: "Resume:CFARsim" 
Debug[14:51:46]: "Suspend:Settings" 
Debug[14:51:46]: "Suspend:UartUartController" 
Debug[14:51:46]: "Suspend:UartSpiController" 
Debug[14:51:46]: "Suspend:UartSsiController" 
Debug[14:51:46]: "Suspend:DSI3Master" 
Debug[14:51:46]: "Suspend:ASICMaster" 
Debug[14:51:46]: "Suspend:RDUMMaster" 
Debug[14:51:46]: "Suspend:DSI3Slave" 
Debug[14:51:46]: "Suspend:Measurement" 
Debug[14:51:46]: "Suspend:CFARsim" 
Debug[14:51:46]: signal in logmode 
Debug[14:51:46]: "INF(14:51:46.263):Disconnect by user" 
Debug[14:51:46]: log_breakpoint 
Debug[14:51:46]: 5 
Debug[14:51:46]: signal in logmode 
Debug[14:51:46]: "INF(14:51:46.311):Disconnect by user" 
Debug[14:51:46]: log_breakpoint 
Debug[14:51:46]: 5 
Warning[14:52:30]: QObject::connect: Cannot connect LocalServer::log(int,QString) to (null)::slot_addLog(int,QString)
Debug[14:52:30]: LocalServer:new "\\.\pipe\DSI3PASd" 
Debug[14:52:30]: Register specific 
Debug[14:52:31]: DynScaleCaclulate 
Debug[14:52:32]: "init 2 UartUartController" 
Debug[14:52:32]: Ok 
Debug[14:52:32]: "init 3 UartSpiController" 
Debug[14:52:32]: Ok 
Debug[14:52:32]: "init 4 UartSsiController" 
Debug[14:52:32]: Ok 
Debug[14:52:32]: "init 5 DSI3Master" 
Debug[14:52:32]: Ok 
Debug[14:52:32]: "init 6 ASICMaster" 
Debug[14:52:32]: Ok 
Debug[14:52:32]: "init 7 RDUMMaster" 
Debug[14:52:32]: Ok 
Debug[14:52:32]: "init 8 DSI3Slave" 
Debug[14:52:34]: Ok 
Debug[14:52:34]: "init 9 Measurement" 
Debug[14:52:35]: Ok 
Debug[14:52:35]: "init 10 CFARsim" 
Debug[14:52:35]: Ok 
Debug[14:52:35]: Using SERPORT
Debug[14:52:35]: MainApp Starting... 
Debug[14:52:38]: Add applets to MainWindow...
 
Debug[14:52:38]: Initialize Connection... 
Debug[14:52:41]: signal in logmode 
Debug[14:52:41]: "INF(14:52:41.028):Connected to no_board" 
Debug[14:52:41]: log_breakpoint 
Debug[14:52:41]: 5 
Warning[14:52:41]: Could not parse stylesheet of widget 0x464a640
Debug[14:52:41]: "Resume:Logs" 
Debug[14:52:41]: "Resume:Settings" 
Debug[14:52:41]: "Resume:UartUartController" 
Debug[14:52:41]: "Resume:UartSpiController" 
Debug[14:52:41]: "Resume:UartSsiController" 
Debug[14:52:41]: "Resume:DSI3Master" 
Debug[14:52:41]: "Resume:ASICMaster" 
Debug[14:52:41]: "Resume:RDUMMaster" 
Debug[14:52:41]: "Resume:DSI3Slave" 
Debug[14:52:41]: "Resume:Measurement" 
Debug[14:52:41]: "Resume:CFARsim" 
Debug[14:52:50]: "Suspend:Settings" 
Debug[14:52:50]: "Suspend:UartUartController" 
Debug[14:52:50]: "Suspend:UartSpiController" 
Debug[14:52:50]: "Suspend:UartSsiController" 
Debug[14:52:50]: "Suspend:DSI3Master" 
Debug[14:52:50]: "Suspend:ASICMaster" 
Debug[14:52:50]: "Suspend:RDUMMaster" 
Debug[14:52:50]: "Suspend:DSI3Slave" 
Debug[14:52:50]: "Suspend:Measurement" 
Debug[14:52:50]: "Suspend:CFARsim" 
Debug[14:52:50]: signal in logmode 
Debug[14:52:50]: "INF(14:52:50.693):Disconnect by user" 
Debug[14:52:50]: log_breakpoint 
Debug[14:52:50]: 5 
Debug[14:52:50]: signal in logmode 
Debug[14:52:50]: "INF(14:52:50.721):Disconnect by user" 
Debug[14:52:50]: log_breakpoint 
Debug[14:52:50]: 5 
Warning[14:53:09]: QObject::connect: Cannot connect LocalServer::log(int,QString) to (null)::slot_addLog(int,QString)
Debug[14:53:09]: LocalServer:new "\\.\pipe\DSI3PASd" 
Debug[14:53:09]: Register specific 
Debug[14:53:10]: DynScaleCaclulate 
Debug[14:53:10]: "init 2 UartUartController" 
Debug[14:53:10]: Ok 
Debug[14:53:10]: "init 3 UartSpiController" 
Debug[14:53:10]: Ok 
Debug[14:53:10]: "init 4 UartSsiController" 
Debug[14:53:10]: Ok 
Debug[14:53:10]: "init 5 DSI3Master" 
Debug[14:53:10]: Ok 
Debug[14:53:10]: "init 6 ASICMaster" 
Debug[14:53:11]: Ok 
Debug[14:53:11]: "init 7 RDUMMaster" 
Debug[14:53:11]: Ok 
Debug[14:53:11]: "init 8 DSI3Slave" 
Debug[14:53:12]: Ok 
Debug[14:53:12]: "init 9 Measurement" 
Debug[14:53:14]: Ok 
Debug[14:53:14]: "init 10 CFARsim" 
Debug[14:53:14]: Ok 
Debug[14:53:14]: Using SERPORT
Debug[14:53:14]: MainApp Starting... 
Debug[14:53:16]: Add applets to MainWindow...
 
Debug[14:53:16]: Initialize Connection... 
Debug[14:53:19]: signal in logmode 
Debug[14:53:19]: "INF(14:53:19.588):Connected to no_board" 
Debug[14:53:19]: log_breakpoint 
Debug[14:53:19]: 5 
Warning[14:53:19]: Could not parse stylesheet of widget 0x473a380
Debug[14:53:19]: "Resume:Logs" 
Debug[14:53:19]: "Resume:Settings" 
Debug[14:53:19]: "Resume:UartUartController" 
Debug[14:53:19]: "Resume:UartSpiController" 
Debug[14:53:19]: "Resume:UartSsiController" 
Debug[14:53:19]: "Resume:DSI3Master" 
Debug[14:53:19]: "Resume:ASICMaster" 
Debug[14:53:19]: "Resume:RDUMMaster" 
Debug[14:53:19]: "Resume:DSI3Slave" 
Debug[14:53:19]: "Resume:Measurement" 
Debug[14:53:19]: "Resume:CFARsim" 
Debug[14:53:23]: "Suspend:Settings" 
Debug[14:53:23]: "Suspend:UartUartController" 
Debug[14:53:23]: "Suspend:UartSpiController" 
Debug[14:53:23]: "Suspend:UartSsiController" 
Debug[14:53:23]: "Suspend:DSI3Master" 
Debug[14:53:23]: "Suspend:ASICMaster" 
Debug[14:53:23]: "Suspend:RDUMMaster" 
Debug[14:53:23]: "Suspend:DSI3Slave" 
Debug[14:53:23]: "Suspend:Measurement" 
Debug[14:53:23]: "Suspend:CFARsim" 
Debug[14:53:23]: signal in logmode 
Debug[14:53:23]: "INF(14:53:23.452):Disconnect by user" 
Debug[14:53:23]: log_breakpoint 
Debug[14:53:23]: 5 
Debug[14:53:23]: signal in logmode 
Debug[14:53:23]: "INF(14:53:23.482):Disconnect by user" 
Debug[14:53:23]: log_breakpoint 
Debug[14:53:23]: 5 
