Warning[13:42:50]: QObject::connect: Cannot connect LocalServer::log(int,QString) to (null)::slot_addLog(int,QString)
Debug[13:42:50]: LocalServer:new "\\.\pipe\DSI3PAS" 
Debug[13:42:50]: Register specific 
Debug[13:42:50]: DynScaleCaclulate 
Debug[13:42:50]: "init 2 UartUartController" 
Debug[13:42:51]: Ok 
Debug[13:42:51]: "init 3 UartSpiController" 
Debug[13:42:51]: Ok 
Debug[13:42:51]: "init 4 UartSsiController" 
Debug[13:42:51]: Ok 
Debug[13:42:51]: "init 5 DSI3Master" 
Debug[13:42:51]: Ok 
Debug[13:42:51]: "init 6 ASICMaster" 
Debug[13:42:51]: Ok 
Debug[13:42:51]: "init 7 RDUMMaster" 
Debug[13:42:51]: Ok 
Debug[13:42:51]: "init 8 DSI3Slave" 
Debug[13:42:51]: Ok 
Debug[13:42:51]: "init 9 Measurement" 
Debug[13:42:52]: Ok 
Debug[13:42:52]: "init 10 CFARsim" 
Debug[13:42:52]: Ok 
Debug[13:42:52]: MainApp Starting... 
Debug[13:42:53]: Add applets to MainWindow...
 
Debug[13:42:53]: Initialize Connection... 
Debug[13:42:53]: signal in logmode 
Debug[13:42:53]: "INF(13:42:53.822):Mode is OK" 
Debug[13:42:53]: log_breakpoint 
Debug[13:42:53]: 5 
Debug[13:42:53]: signal in logmode 
Debug[13:42:53]: "INF(13:42:53.824):Attempt" 
Debug[13:42:53]: log_breakpoint 
Debug[13:42:53]: 5 
Debug[13:42:54]: signal in logmode 
Debug[13:42:54]: "INF(13:42:54.144):Attempt" 
Debug[13:42:54]: log_breakpoint 
Debug[13:42:54]: 5 
Debug[13:42:54]: signal in logmode 
Debug[13:42:54]: "INF(13:42:54.457):Attempt" 
Debug[13:42:54]: log_breakpoint 
Debug[13:42:54]: 5 
Debug[13:42:54]: signal in logmode 
Debug[13:42:54]: "INF(13:42:54.773):Mode is OK" 
Debug[13:42:54]: log_breakpoint 
Debug[13:42:54]: 5 
Debug[13:42:54]: signal in logmode 
Debug[13:42:54]: "INF(13:42:54.774):Attempt" 
Debug[13:42:54]: log_breakpoint 
Debug[13:42:54]: 5 
Debug[13:42:55]: signal in logmode 
Debug[13:42:55]: "INF(13:42:55.089):Attempt" 
Debug[13:42:55]: log_breakpoint 
Debug[13:42:55]: 5 
Debug[13:42:55]: signal in logmode 
Debug[13:42:55]: "INF(13:42:55.401):Attempt" 
Debug[13:42:55]: log_breakpoint 
Debug[13:42:55]: 5 
Debug[13:42:55]: signal in logmode 
Debug[13:42:55]: "INF(13:42:55.715):Mode is OK" 
Debug[13:42:55]: log_breakpoint 
Debug[13:42:55]: 5 
Debug[13:42:55]: signal in logmode 
Debug[13:42:55]: "INF(13:42:55.717):Attempt" 
Debug[13:42:55]: log_breakpoint 
Debug[13:42:55]: 5 
Debug[13:42:55]: signal in logmode 
Debug[13:42:55]: "INF(13:42:55.860):Mode is OK" 
Debug[13:42:55]: log_breakpoint 
Debug[13:42:55]: 5 
Debug[13:42:55]: signal in logmode 
Debug[13:42:55]: "INF(13:42:55.865):Attempt" 
Debug[13:42:55]: log_breakpoint 
Debug[13:42:55]: 5 
Debug[13:42:56]: signal in logmode 
Debug[13:42:56]: "INF(13:42:56.185):Attempt" 
Debug[13:42:56]: log_breakpoint 
Debug[13:42:56]: 5 
Debug[13:42:56]: signal in logmode 
Debug[13:42:56]: "INF(13:42:56.502):Attempt" 
Debug[13:42:56]: log_breakpoint 
Debug[13:42:56]: 5 
Debug[13:42:56]: signal in logmode 
Debug[13:42:56]: "INF(13:42:56.817):Mode is OK" 
Debug[13:42:56]: log_breakpoint 
Debug[13:42:56]: 5 
Debug[13:42:56]: signal in logmode 
Debug[13:42:56]: "INF(13:42:56.824):Attempt" 
Debug[13:42:56]: log_breakpoint 
Debug[13:42:56]: 5 
Debug[13:42:57]: signal in logmode 
Debug[13:42:57]: "INF(13:42:57.148):Attempt" 
Debug[13:42:57]: log_breakpoint 
Debug[13:42:57]: 5 
Debug[13:42:57]: signal in logmode 
Debug[13:42:57]: "INF(13:42:57.461):Attempt" 
Debug[13:42:57]: log_breakpoint 
Debug[13:42:57]: 5 
Debug[13:42:57]: signal in logmode 
Debug[13:42:57]: "INF(13:42:57.776):Mode is OK" 
Debug[13:42:57]: log_breakpoint 
Debug[13:42:57]: 5 
Debug[13:42:57]: signal in logmode 
Debug[13:42:57]: "INF(13:42:57.779):Attempt" 
Debug[13:42:57]: log_breakpoint 
Debug[13:42:57]: 5 
Debug[13:42:58]: signal in logmode 
Debug[13:42:58]: "INF(13:42:58.091):Attempt" 
Debug[13:42:58]: log_breakpoint 
Debug[13:42:58]: 5 
Debug[13:42:58]: signal in logmode 
Debug[13:42:58]: "INF(13:42:58.407):Attempt" 
Debug[13:42:58]: log_breakpoint 
Debug[13:42:58]: 5 
Warning[13:42:58]: QFileSystemWatcher: failed to add paths: C:/REPO/DSI3PAS2_workingdir/DSI3PAS2/Software/bin/ULSEverification_configfiles, C:/REPO/DSI3PAS2_workingdir/DSI3PAS2/Software/bin/ConfigFiles_29_1_2021_Jiri_MOBIS, C:/Users/fg6cnq/Desktop/DSI3PAS2_UART_QtSW_20210129_1511, C:/Users/zbdn9w/Desktop/Temp/CFAR QT uprava ToF, C:/Users/zbdn9w/Desktop/Temp/CFAR QT Komprimace do CSV, U:/Dokumenty/MOBIS/Crosstalk 11-2021
Debug[13:42:58]: QWindowsFileSystemWatcherEngine: unknown message '
Debug[13:43:00]: signal in logmode 
Debug[13:43:00]: "INF(13:43:00.984):Mode is OK" 
Debug[13:43:00]: log_breakpoint 
Debug[13:43:00]: 5 
Debug[13:43:00]: signal in logmode 
Debug[13:43:00]: "INF(13:43:00.987):Attempt" 
Debug[13:43:00]: log_breakpoint 
Debug[13:43:00]: 5 
Debug[13:43:01]: signal in logmode 
Debug[13:43:01]: "INF(13:43:01.309):Attempt" 
Debug[13:43:01]: log_breakpoint 
Debug[13:43:01]: 5 
Debug[13:43:01]: signal in logmode 
Debug[13:43:01]: "INF(13:43:01.621):Attempt" 
Debug[13:43:01]: log_breakpoint 
Debug[13:43:01]: 5 
Debug[13:43:01]: signal in logmode 
Debug[13:43:01]: "INF(13:43:01.933):Mode is OK" 
Debug[13:43:01]: log_breakpoint 
Debug[13:43:01]: 5 
Debug[13:43:01]: signal in logmode 
Debug[13:43:01]: "INF(13:43:01.938):Attempt" 
Debug[13:43:01]: log_breakpoint 
Debug[13:43:01]: 5 
Debug[13:43:02]: signal in logmode 
Debug[13:43:02]: "INF(13:43:02.244):Attempt" 
Debug[13:43:02]: log_breakpoint 
Debug[13:43:02]: 5 
Debug[13:43:02]: signal in logmode 
Debug[13:43:02]: "INF(13:43:02.557):Attempt" 
Debug[13:43:02]: log_breakpoint 
Debug[13:43:02]: 5 
Debug[13:43:02]: signal in logmode 
Debug[13:43:02]: "INF(13:43:02.870):Mode is OK" 
Debug[13:43:02]: log_breakpoint 
Debug[13:43:02]: 5 
Debug[13:43:02]: signal in logmode 
Debug[13:43:02]: "INF(13:43:02.873):Attempt" 
Debug[13:43:02]: log_breakpoint 
Debug[13:43:02]: 5 
Debug[13:43:02]: signal in logmode 
Debug[13:43:02]: "INF(13:43:02.885):RDUM master connected" 
Debug[13:43:02]: log_breakpoint 
Debug[13:43:02]: 5 
Debug[13:43:02]: signal in logmode 
Debug[13:43:02]: "INF(13:43:02.886):Connected to \\.\COM16" 
Debug[13:43:02]: log_breakpoint 
Debug[13:43:02]: 5 
Warning[13:43:02]: Could not parse stylesheet of widget 0x34568f0
Debug[13:43:02]: "Resume:Logs" 
Debug[13:43:02]: "Resume:Settings" 
Debug[13:43:02]: "Resume:UartUartController" 
Debug[13:43:02]: "Resume:UartSpiController" 
Debug[13:43:02]: "Resume:UartSsiController" 
Debug[13:43:02]: "Resume:DSI3Master" 
Debug[13:43:02]: "Resume:ASICMaster" 
Debug[13:43:02]: "Resume:RDUMMaster" 
Debug[13:43:02]: "Resume:DSI3Slave" 
Debug[13:43:02]: "Resume:Measurement" 
Debug[13:43:02]: "Resume:CFARsim" 
Debug[15:53:00]: "Suspend:Settings" 
Debug[15:53:00]: "Suspend:UartUartController" 
Debug[15:53:00]: "Suspend:UartSpiController" 
Debug[15:53:00]: "Suspend:UartSsiController" 
Debug[15:53:00]: "Suspend:DSI3Master" 
Debug[15:53:00]: "Suspend:ASICMaster" 
Debug[15:53:00]: "Suspend:RDUMMaster" 
Debug[15:53:00]: "Suspend:DSI3Slave" 
Debug[15:53:00]: "Suspend:Measurement" 
Debug[15:53:00]: "Suspend:CFARsim" 
Debug[15:53:00]: signal in logmode 
Debug[15:53:00]: "INF(15:53:00.363):Disconnect by user" 
Debug[15:53:00]: log_breakpoint 
Debug[15:53:00]: 5 
Debug[15:53:00]: signal in logmode 
Debug[15:53:00]: "INF(15:53:00.383):Disconnect by user" 
Debug[15:53:00]: log_breakpoint 
Debug[15:53:00]: 5 
